[2023-03-15T16:01:37.475+0000] {processor.py:154} INFO - Started process (PID=40) to work on /home/airflow/.local/lib/python3.7/site-packages/airflow/example_dags/example_datasets.py
[2023-03-15T16:01:37.477+0000] {processor.py:756} INFO - Processing file /home/airflow/.local/lib/python3.7/site-packages/airflow/example_dags/example_datasets.py for tasks to queue
[2023-03-15T16:01:37.478+0000] {logging_mixin.py:120} INFO - [2023-03-15T16:01:37.478+0000] {dagbag.py:537} INFO - Filling up the DagBag from /home/airflow/.local/lib/python3.7/site-packages/airflow/example_dags/example_datasets.py
[2023-03-15T16:01:37.494+0000] {processor.py:766} INFO - DAG(s) dict_keys(['dataset_produces_1', 'dataset_consumes_1_and_2', 'dataset_consumes_1_never_scheduled', 'dataset_consumes_1', 'dataset_produces_2', 'dataset_consumes_unknown_never_scheduled']) retrieved from /home/airflow/.local/lib/python3.7/site-packages/airflow/example_dags/example_datasets.py
[2023-03-15T16:01:37.721+0000] {logging_mixin.py:120} INFO - [2023-03-15T16:01:37.721+0000] {manager.py:507} INFO - Created Permission View: can read on DAG:dataset_produces_1
[2023-03-15T16:01:37.746+0000] {logging_mixin.py:120} INFO - [2023-03-15T16:01:37.746+0000] {manager.py:507} INFO - Created Permission View: can delete on DAG:dataset_produces_1
[2023-03-15T16:01:37.760+0000] {logging_mixin.py:120} INFO - [2023-03-15T16:01:37.760+0000] {manager.py:507} INFO - Created Permission View: can edit on DAG:dataset_produces_1
[2023-03-15T16:01:37.770+0000] {logging_mixin.py:120} INFO - [2023-03-15T16:01:37.770+0000] {manager.py:507} INFO - Created Permission View: can read on DAG:dataset_consumes_1_and_2
[2023-03-15T16:01:37.777+0000] {logging_mixin.py:120} INFO - [2023-03-15T16:01:37.777+0000] {manager.py:507} INFO - Created Permission View: can delete on DAG:dataset_consumes_1_and_2
[2023-03-15T16:01:37.782+0000] {logging_mixin.py:120} INFO - [2023-03-15T16:01:37.782+0000] {manager.py:507} INFO - Created Permission View: can edit on DAG:dataset_consumes_1_and_2
[2023-03-15T16:01:37.791+0000] {logging_mixin.py:120} INFO - [2023-03-15T16:01:37.791+0000] {manager.py:507} INFO - Created Permission View: can read on DAG:dataset_consumes_1_never_scheduled
[2023-03-15T16:01:37.795+0000] {logging_mixin.py:120} INFO - [2023-03-15T16:01:37.795+0000] {manager.py:507} INFO - Created Permission View: can delete on DAG:dataset_consumes_1_never_scheduled
[2023-03-15T16:01:37.800+0000] {logging_mixin.py:120} INFO - [2023-03-15T16:01:37.800+0000] {manager.py:507} INFO - Created Permission View: can edit on DAG:dataset_consumes_1_never_scheduled
[2023-03-15T16:01:37.816+0000] {logging_mixin.py:120} INFO - [2023-03-15T16:01:37.816+0000] {manager.py:507} INFO - Created Permission View: can read on DAG:dataset_consumes_1
[2023-03-15T16:01:37.824+0000] {logging_mixin.py:120} INFO - [2023-03-15T16:01:37.824+0000] {manager.py:507} INFO - Created Permission View: can delete on DAG:dataset_consumes_1
[2023-03-15T16:01:37.830+0000] {logging_mixin.py:120} INFO - [2023-03-15T16:01:37.830+0000] {manager.py:507} INFO - Created Permission View: can edit on DAG:dataset_consumes_1
[2023-03-15T16:01:37.839+0000] {logging_mixin.py:120} INFO - [2023-03-15T16:01:37.839+0000] {manager.py:507} INFO - Created Permission View: can read on DAG:dataset_produces_2
[2023-03-15T16:01:37.845+0000] {logging_mixin.py:120} INFO - [2023-03-15T16:01:37.845+0000] {manager.py:507} INFO - Created Permission View: can delete on DAG:dataset_produces_2
[2023-03-15T16:01:37.852+0000] {logging_mixin.py:120} INFO - [2023-03-15T16:01:37.852+0000] {manager.py:507} INFO - Created Permission View: can edit on DAG:dataset_produces_2
[2023-03-15T16:01:37.875+0000] {logging_mixin.py:120} INFO - [2023-03-15T16:01:37.875+0000] {manager.py:507} INFO - Created Permission View: can read on DAG:dataset_consumes_unknown_never_scheduled
[2023-03-15T16:01:37.882+0000] {logging_mixin.py:120} INFO - [2023-03-15T16:01:37.882+0000] {manager.py:507} INFO - Created Permission View: can delete on DAG:dataset_consumes_unknown_never_scheduled
[2023-03-15T16:01:37.887+0000] {logging_mixin.py:120} INFO - [2023-03-15T16:01:37.887+0000] {manager.py:507} INFO - Created Permission View: can edit on DAG:dataset_consumes_unknown_never_scheduled
[2023-03-15T16:01:37.891+0000] {logging_mixin.py:120} INFO - [2023-03-15T16:01:37.891+0000] {dag.py:2585} INFO - Sync 6 DAGs
[2023-03-15T16:01:37.911+0000] {logging_mixin.py:120} INFO - [2023-03-15T16:01:37.911+0000] {dag.py:2606} INFO - Creating ORM DAG for dataset_consumes_1_never_scheduled
[2023-03-15T16:01:37.913+0000] {logging_mixin.py:120} INFO - [2023-03-15T16:01:37.913+0000] {dag.py:2606} INFO - Creating ORM DAG for dataset_consumes_unknown_never_scheduled
[2023-03-15T16:01:37.915+0000] {logging_mixin.py:120} INFO - [2023-03-15T16:01:37.915+0000] {dag.py:2606} INFO - Creating ORM DAG for dataset_consumes_1_and_2
[2023-03-15T16:01:37.920+0000] {logging_mixin.py:120} INFO - [2023-03-15T16:01:37.920+0000] {dag.py:2606} INFO - Creating ORM DAG for dataset_consumes_1
[2023-03-15T16:01:37.922+0000] {logging_mixin.py:120} INFO - [2023-03-15T16:01:37.922+0000] {dag.py:2606} INFO - Creating ORM DAG for dataset_produces_1
[2023-03-15T16:01:37.925+0000] {logging_mixin.py:120} INFO - [2023-03-15T16:01:37.925+0000] {dag.py:2606} INFO - Creating ORM DAG for dataset_produces_2
[2023-03-15T16:01:37.938+0000] {logging_mixin.py:120} INFO - [2023-03-15T16:01:37.938+0000] {dag.py:3340} INFO - Setting next_dagrun for dataset_consumes_1 to None, run_after=None
[2023-03-15T16:01:37.941+0000] {logging_mixin.py:120} INFO - [2023-03-15T16:01:37.940+0000] {dag.py:3340} INFO - Setting next_dagrun for dataset_consumes_1_and_2 to None, run_after=None
[2023-03-15T16:01:37.948+0000] {logging_mixin.py:120} INFO - [2023-03-15T16:01:37.948+0000] {dag.py:3340} INFO - Setting next_dagrun for dataset_consumes_1_never_scheduled to None, run_after=None
[2023-03-15T16:01:37.952+0000] {logging_mixin.py:120} INFO - [2023-03-15T16:01:37.952+0000] {dag.py:3340} INFO - Setting next_dagrun for dataset_consumes_unknown_never_scheduled to None, run_after=None
[2023-03-15T16:01:37.956+0000] {logging_mixin.py:120} INFO - [2023-03-15T16:01:37.955+0000] {dag.py:3340} INFO - Setting next_dagrun for dataset_produces_1 to 2023-03-14T00:00:00+00:00, run_after=2023-03-15T00:00:00+00:00
[2023-03-15T16:01:37.958+0000] {logging_mixin.py:120} INFO - [2023-03-15T16:01:37.958+0000] {dag.py:3340} INFO - Setting next_dagrun for dataset_produces_2 to None, run_after=None
[2023-03-15T16:01:38.002+0000] {processor.py:176} INFO - Processing /home/airflow/.local/lib/python3.7/site-packages/airflow/example_dags/example_datasets.py took 0.531 seconds
[2023-03-15T16:02:08.302+0000] {processor.py:154} INFO - Started process (PID=102) to work on /home/airflow/.local/lib/python3.7/site-packages/airflow/example_dags/example_datasets.py
[2023-03-15T16:02:08.304+0000] {processor.py:756} INFO - Processing file /home/airflow/.local/lib/python3.7/site-packages/airflow/example_dags/example_datasets.py for tasks to queue
[2023-03-15T16:02:08.305+0000] {logging_mixin.py:120} INFO - [2023-03-15T16:02:08.305+0000] {dagbag.py:537} INFO - Filling up the DagBag from /home/airflow/.local/lib/python3.7/site-packages/airflow/example_dags/example_datasets.py
[2023-03-15T16:02:08.319+0000] {processor.py:766} INFO - DAG(s) dict_keys(['dataset_produces_2', 'dataset_consumes_1_and_2', 'dataset_produces_1', 'dataset_consumes_1', 'dataset_consumes_1_never_scheduled', 'dataset_consumes_unknown_never_scheduled']) retrieved from /home/airflow/.local/lib/python3.7/site-packages/airflow/example_dags/example_datasets.py
[2023-03-15T16:02:08.364+0000] {logging_mixin.py:120} INFO - [2023-03-15T16:02:08.364+0000] {dag.py:2585} INFO - Sync 6 DAGs
[2023-03-15T16:02:08.381+0000] {logging_mixin.py:120} INFO - [2023-03-15T16:02:08.381+0000] {dag.py:3340} INFO - Setting next_dagrun for dataset_consumes_1 to None, run_after=None
[2023-03-15T16:02:08.384+0000] {logging_mixin.py:120} INFO - [2023-03-15T16:02:08.383+0000] {dag.py:3340} INFO - Setting next_dagrun for dataset_consumes_1_and_2 to None, run_after=None
[2023-03-15T16:02:08.385+0000] {logging_mixin.py:120} INFO - [2023-03-15T16:02:08.385+0000] {dag.py:3340} INFO - Setting next_dagrun for dataset_consumes_1_never_scheduled to None, run_after=None
[2023-03-15T16:02:08.390+0000] {logging_mixin.py:120} INFO - [2023-03-15T16:02:08.389+0000] {dag.py:3340} INFO - Setting next_dagrun for dataset_consumes_unknown_never_scheduled to None, run_after=None
[2023-03-15T16:02:08.393+0000] {logging_mixin.py:120} INFO - [2023-03-15T16:02:08.392+0000] {dag.py:3340} INFO - Setting next_dagrun for dataset_produces_1 to 2023-03-14T00:00:00+00:00, run_after=2023-03-15T00:00:00+00:00
[2023-03-15T16:02:08.394+0000] {logging_mixin.py:120} INFO - [2023-03-15T16:02:08.394+0000] {dag.py:3340} INFO - Setting next_dagrun for dataset_produces_2 to None, run_after=None
[2023-03-15T16:02:08.417+0000] {processor.py:176} INFO - Processing /home/airflow/.local/lib/python3.7/site-packages/airflow/example_dags/example_datasets.py took 0.117 seconds
[2023-03-15T16:02:39.692+0000] {processor.py:154} INFO - Started process (PID=164) to work on /home/airflow/.local/lib/python3.7/site-packages/airflow/example_dags/example_datasets.py
[2023-03-15T16:02:39.694+0000] {processor.py:756} INFO - Processing file /home/airflow/.local/lib/python3.7/site-packages/airflow/example_dags/example_datasets.py for tasks to queue
[2023-03-15T16:02:39.697+0000] {logging_mixin.py:120} INFO - [2023-03-15T16:02:39.697+0000] {dagbag.py:537} INFO - Filling up the DagBag from /home/airflow/.local/lib/python3.7/site-packages/airflow/example_dags/example_datasets.py
[2023-03-15T16:02:39.713+0000] {processor.py:766} INFO - DAG(s) dict_keys(['dataset_produces_1', 'dataset_consumes_1', 'dataset_consumes_1_never_scheduled', 'dataset_consumes_unknown_never_scheduled', 'dataset_produces_2', 'dataset_consumes_1_and_2']) retrieved from /home/airflow/.local/lib/python3.7/site-packages/airflow/example_dags/example_datasets.py
[2023-03-15T16:02:39.763+0000] {logging_mixin.py:120} INFO - [2023-03-15T16:02:39.763+0000] {dag.py:2585} INFO - Sync 6 DAGs
[2023-03-15T16:02:39.782+0000] {logging_mixin.py:120} INFO - [2023-03-15T16:02:39.782+0000] {dag.py:3340} INFO - Setting next_dagrun for dataset_consumes_1 to None, run_after=None
[2023-03-15T16:02:39.785+0000] {logging_mixin.py:120} INFO - [2023-03-15T16:02:39.785+0000] {dag.py:3340} INFO - Setting next_dagrun for dataset_consumes_1_and_2 to None, run_after=None
[2023-03-15T16:02:39.786+0000] {logging_mixin.py:120} INFO - [2023-03-15T16:02:39.786+0000] {dag.py:3340} INFO - Setting next_dagrun for dataset_consumes_1_never_scheduled to None, run_after=None
[2023-03-15T16:02:39.789+0000] {logging_mixin.py:120} INFO - [2023-03-15T16:02:39.789+0000] {dag.py:3340} INFO - Setting next_dagrun for dataset_consumes_unknown_never_scheduled to None, run_after=None
[2023-03-15T16:02:39.791+0000] {logging_mixin.py:120} INFO - [2023-03-15T16:02:39.791+0000] {dag.py:3340} INFO - Setting next_dagrun for dataset_produces_1 to 2023-03-14T00:00:00+00:00, run_after=2023-03-15T00:00:00+00:00
[2023-03-15T16:02:39.793+0000] {logging_mixin.py:120} INFO - [2023-03-15T16:02:39.793+0000] {dag.py:3340} INFO - Setting next_dagrun for dataset_produces_2 to None, run_after=None
[2023-03-15T16:02:39.812+0000] {processor.py:176} INFO - Processing /home/airflow/.local/lib/python3.7/site-packages/airflow/example_dags/example_datasets.py took 0.123 seconds
[2023-03-15T16:03:10.126+0000] {processor.py:154} INFO - Started process (PID=228) to work on /home/airflow/.local/lib/python3.7/site-packages/airflow/example_dags/example_datasets.py
[2023-03-15T16:03:10.128+0000] {processor.py:756} INFO - Processing file /home/airflow/.local/lib/python3.7/site-packages/airflow/example_dags/example_datasets.py for tasks to queue
[2023-03-15T16:03:10.129+0000] {logging_mixin.py:120} INFO - [2023-03-15T16:03:10.129+0000] {dagbag.py:537} INFO - Filling up the DagBag from /home/airflow/.local/lib/python3.7/site-packages/airflow/example_dags/example_datasets.py
[2023-03-15T16:03:10.142+0000] {processor.py:766} INFO - DAG(s) dict_keys(['dataset_consumes_1', 'dataset_consumes_unknown_never_scheduled', 'dataset_consumes_1_never_scheduled', 'dataset_produces_1', 'dataset_consumes_1_and_2', 'dataset_produces_2']) retrieved from /home/airflow/.local/lib/python3.7/site-packages/airflow/example_dags/example_datasets.py
[2023-03-15T16:03:10.219+0000] {logging_mixin.py:120} INFO - [2023-03-15T16:03:10.218+0000] {dag.py:2585} INFO - Sync 6 DAGs
[2023-03-15T16:03:10.243+0000] {logging_mixin.py:120} INFO - [2023-03-15T16:03:10.243+0000] {dag.py:3340} INFO - Setting next_dagrun for dataset_consumes_1 to None, run_after=None
[2023-03-15T16:03:10.247+0000] {logging_mixin.py:120} INFO - [2023-03-15T16:03:10.247+0000] {dag.py:3340} INFO - Setting next_dagrun for dataset_consumes_1_and_2 to None, run_after=None
[2023-03-15T16:03:10.253+0000] {logging_mixin.py:120} INFO - [2023-03-15T16:03:10.253+0000] {dag.py:3340} INFO - Setting next_dagrun for dataset_consumes_1_never_scheduled to None, run_after=None
[2023-03-15T16:03:10.255+0000] {logging_mixin.py:120} INFO - [2023-03-15T16:03:10.255+0000] {dag.py:3340} INFO - Setting next_dagrun for dataset_consumes_unknown_never_scheduled to None, run_after=None
[2023-03-15T16:03:10.258+0000] {logging_mixin.py:120} INFO - [2023-03-15T16:03:10.258+0000] {dag.py:3340} INFO - Setting next_dagrun for dataset_produces_1 to 2023-03-14T00:00:00+00:00, run_after=2023-03-15T00:00:00+00:00
[2023-03-15T16:03:10.261+0000] {logging_mixin.py:120} INFO - [2023-03-15T16:03:10.261+0000] {dag.py:3340} INFO - Setting next_dagrun for dataset_produces_2 to None, run_after=None
[2023-03-15T16:03:10.310+0000] {processor.py:176} INFO - Processing /home/airflow/.local/lib/python3.7/site-packages/airflow/example_dags/example_datasets.py took 0.188 seconds
[2023-03-15T16:03:40.503+0000] {processor.py:154} INFO - Started process (PID=283) to work on /home/airflow/.local/lib/python3.7/site-packages/airflow/example_dags/example_datasets.py
[2023-03-15T16:03:40.505+0000] {processor.py:756} INFO - Processing file /home/airflow/.local/lib/python3.7/site-packages/airflow/example_dags/example_datasets.py for tasks to queue
[2023-03-15T16:03:40.508+0000] {logging_mixin.py:120} INFO - [2023-03-15T16:03:40.508+0000] {dagbag.py:537} INFO - Filling up the DagBag from /home/airflow/.local/lib/python3.7/site-packages/airflow/example_dags/example_datasets.py
[2023-03-15T16:03:40.522+0000] {processor.py:766} INFO - DAG(s) dict_keys(['dataset_produces_2', 'dataset_produces_1', 'dataset_consumes_1_never_scheduled', 'dataset_consumes_unknown_never_scheduled', 'dataset_consumes_1_and_2', 'dataset_consumes_1']) retrieved from /home/airflow/.local/lib/python3.7/site-packages/airflow/example_dags/example_datasets.py
[2023-03-15T16:03:40.562+0000] {logging_mixin.py:120} INFO - [2023-03-15T16:03:40.561+0000] {dag.py:2585} INFO - Sync 6 DAGs
[2023-03-15T16:03:40.579+0000] {logging_mixin.py:120} INFO - [2023-03-15T16:03:40.578+0000] {dag.py:3340} INFO - Setting next_dagrun for dataset_consumes_1 to None, run_after=None
[2023-03-15T16:03:40.581+0000] {logging_mixin.py:120} INFO - [2023-03-15T16:03:40.581+0000] {dag.py:3340} INFO - Setting next_dagrun for dataset_consumes_1_and_2 to None, run_after=None
[2023-03-15T16:03:40.583+0000] {logging_mixin.py:120} INFO - [2023-03-15T16:03:40.583+0000] {dag.py:3340} INFO - Setting next_dagrun for dataset_consumes_1_never_scheduled to None, run_after=None
[2023-03-15T16:03:40.584+0000] {logging_mixin.py:120} INFO - [2023-03-15T16:03:40.584+0000] {dag.py:3340} INFO - Setting next_dagrun for dataset_consumes_unknown_never_scheduled to None, run_after=None
[2023-03-15T16:03:40.586+0000] {logging_mixin.py:120} INFO - [2023-03-15T16:03:40.586+0000] {dag.py:3340} INFO - Setting next_dagrun for dataset_produces_1 to 2023-03-14T00:00:00+00:00, run_after=2023-03-15T00:00:00+00:00
[2023-03-15T16:03:40.587+0000] {logging_mixin.py:120} INFO - [2023-03-15T16:03:40.587+0000] {dag.py:3340} INFO - Setting next_dagrun for dataset_produces_2 to None, run_after=None
[2023-03-15T16:03:40.606+0000] {processor.py:176} INFO - Processing /home/airflow/.local/lib/python3.7/site-packages/airflow/example_dags/example_datasets.py took 0.105 seconds
[2023-03-15T16:04:10.832+0000] {processor.py:154} INFO - Started process (PID=346) to work on /home/airflow/.local/lib/python3.7/site-packages/airflow/example_dags/example_datasets.py
[2023-03-15T16:04:10.833+0000] {processor.py:756} INFO - Processing file /home/airflow/.local/lib/python3.7/site-packages/airflow/example_dags/example_datasets.py for tasks to queue
[2023-03-15T16:04:10.834+0000] {logging_mixin.py:120} INFO - [2023-03-15T16:04:10.834+0000] {dagbag.py:537} INFO - Filling up the DagBag from /home/airflow/.local/lib/python3.7/site-packages/airflow/example_dags/example_datasets.py
[2023-03-15T16:04:10.847+0000] {processor.py:766} INFO - DAG(s) dict_keys(['dataset_consumes_1_and_2', 'dataset_consumes_unknown_never_scheduled', 'dataset_consumes_1_never_scheduled', 'dataset_produces_2', 'dataset_consumes_1', 'dataset_produces_1']) retrieved from /home/airflow/.local/lib/python3.7/site-packages/airflow/example_dags/example_datasets.py
[2023-03-15T16:04:10.887+0000] {logging_mixin.py:120} INFO - [2023-03-15T16:04:10.887+0000] {dag.py:2585} INFO - Sync 6 DAGs
[2023-03-15T16:04:10.903+0000] {logging_mixin.py:120} INFO - [2023-03-15T16:04:10.903+0000] {dag.py:3340} INFO - Setting next_dagrun for dataset_consumes_1 to None, run_after=None
[2023-03-15T16:04:10.907+0000] {logging_mixin.py:120} INFO - [2023-03-15T16:04:10.907+0000] {dag.py:3340} INFO - Setting next_dagrun for dataset_consumes_1_and_2 to None, run_after=None
[2023-03-15T16:04:10.908+0000] {logging_mixin.py:120} INFO - [2023-03-15T16:04:10.908+0000] {dag.py:3340} INFO - Setting next_dagrun for dataset_consumes_1_never_scheduled to None, run_after=None
[2023-03-15T16:04:10.909+0000] {logging_mixin.py:120} INFO - [2023-03-15T16:04:10.909+0000] {dag.py:3340} INFO - Setting next_dagrun for dataset_consumes_unknown_never_scheduled to None, run_after=None
[2023-03-15T16:04:10.911+0000] {logging_mixin.py:120} INFO - [2023-03-15T16:04:10.911+0000] {dag.py:3340} INFO - Setting next_dagrun for dataset_produces_1 to 2023-03-14T00:00:00+00:00, run_after=2023-03-15T00:00:00+00:00
[2023-03-15T16:04:10.914+0000] {logging_mixin.py:120} INFO - [2023-03-15T16:04:10.913+0000] {dag.py:3340} INFO - Setting next_dagrun for dataset_produces_2 to None, run_after=None
[2023-03-15T16:04:10.930+0000] {processor.py:176} INFO - Processing /home/airflow/.local/lib/python3.7/site-packages/airflow/example_dags/example_datasets.py took 0.101 seconds
[2023-03-15T16:04:41.076+0000] {processor.py:154} INFO - Started process (PID=411) to work on /home/airflow/.local/lib/python3.7/site-packages/airflow/example_dags/example_datasets.py
[2023-03-15T16:04:41.077+0000] {processor.py:756} INFO - Processing file /home/airflow/.local/lib/python3.7/site-packages/airflow/example_dags/example_datasets.py for tasks to queue
[2023-03-15T16:04:41.078+0000] {logging_mixin.py:120} INFO - [2023-03-15T16:04:41.078+0000] {dagbag.py:537} INFO - Filling up the DagBag from /home/airflow/.local/lib/python3.7/site-packages/airflow/example_dags/example_datasets.py
[2023-03-15T16:04:41.091+0000] {processor.py:766} INFO - DAG(s) dict_keys(['dataset_consumes_unknown_never_scheduled', 'dataset_consumes_1_never_scheduled', 'dataset_produces_2', 'dataset_produces_1', 'dataset_consumes_1', 'dataset_consumes_1_and_2']) retrieved from /home/airflow/.local/lib/python3.7/site-packages/airflow/example_dags/example_datasets.py
[2023-03-15T16:04:41.131+0000] {logging_mixin.py:120} INFO - [2023-03-15T16:04:41.131+0000] {dag.py:2585} INFO - Sync 6 DAGs
[2023-03-15T16:04:41.156+0000] {logging_mixin.py:120} INFO - [2023-03-15T16:04:41.156+0000] {dag.py:3340} INFO - Setting next_dagrun for dataset_consumes_1 to None, run_after=None
[2023-03-15T16:04:41.163+0000] {logging_mixin.py:120} INFO - [2023-03-15T16:04:41.163+0000] {dag.py:3340} INFO - Setting next_dagrun for dataset_consumes_1_and_2 to None, run_after=None
[2023-03-15T16:04:41.166+0000] {logging_mixin.py:120} INFO - [2023-03-15T16:04:41.166+0000] {dag.py:3340} INFO - Setting next_dagrun for dataset_consumes_1_never_scheduled to None, run_after=None
[2023-03-15T16:04:41.168+0000] {logging_mixin.py:120} INFO - [2023-03-15T16:04:41.168+0000] {dag.py:3340} INFO - Setting next_dagrun for dataset_consumes_unknown_never_scheduled to None, run_after=None
[2023-03-15T16:04:41.176+0000] {logging_mixin.py:120} INFO - [2023-03-15T16:04:41.176+0000] {dag.py:3340} INFO - Setting next_dagrun for dataset_produces_1 to 2023-03-14T00:00:00+00:00, run_after=2023-03-15T00:00:00+00:00
[2023-03-15T16:04:41.183+0000] {logging_mixin.py:120} INFO - [2023-03-15T16:04:41.183+0000] {dag.py:3340} INFO - Setting next_dagrun for dataset_produces_2 to None, run_after=None
[2023-03-15T16:04:41.212+0000] {processor.py:176} INFO - Processing /home/airflow/.local/lib/python3.7/site-packages/airflow/example_dags/example_datasets.py took 0.139 seconds
[2023-03-15T16:05:11.309+0000] {processor.py:154} INFO - Started process (PID=475) to work on /home/airflow/.local/lib/python3.7/site-packages/airflow/example_dags/example_datasets.py
[2023-03-15T16:05:11.310+0000] {processor.py:756} INFO - Processing file /home/airflow/.local/lib/python3.7/site-packages/airflow/example_dags/example_datasets.py for tasks to queue
[2023-03-15T16:05:11.311+0000] {logging_mixin.py:120} INFO - [2023-03-15T16:05:11.311+0000] {dagbag.py:537} INFO - Filling up the DagBag from /home/airflow/.local/lib/python3.7/site-packages/airflow/example_dags/example_datasets.py
[2023-03-15T16:05:11.332+0000] {processor.py:766} INFO - DAG(s) dict_keys(['dataset_consumes_unknown_never_scheduled', 'dataset_produces_2', 'dataset_produces_1', 'dataset_consumes_1', 'dataset_consumes_1_and_2', 'dataset_consumes_1_never_scheduled']) retrieved from /home/airflow/.local/lib/python3.7/site-packages/airflow/example_dags/example_datasets.py
[2023-03-15T16:05:11.408+0000] {logging_mixin.py:120} INFO - [2023-03-15T16:05:11.408+0000] {dag.py:2585} INFO - Sync 6 DAGs
[2023-03-15T16:05:11.427+0000] {logging_mixin.py:120} INFO - [2023-03-15T16:05:11.427+0000] {dag.py:3340} INFO - Setting next_dagrun for dataset_consumes_1 to None, run_after=None
[2023-03-15T16:05:11.431+0000] {logging_mixin.py:120} INFO - [2023-03-15T16:05:11.431+0000] {dag.py:3340} INFO - Setting next_dagrun for dataset_consumes_1_and_2 to None, run_after=None
[2023-03-15T16:05:11.432+0000] {logging_mixin.py:120} INFO - [2023-03-15T16:05:11.432+0000] {dag.py:3340} INFO - Setting next_dagrun for dataset_consumes_1_never_scheduled to None, run_after=None
[2023-03-15T16:05:11.434+0000] {logging_mixin.py:120} INFO - [2023-03-15T16:05:11.433+0000] {dag.py:3340} INFO - Setting next_dagrun for dataset_consumes_unknown_never_scheduled to None, run_after=None
[2023-03-15T16:05:11.436+0000] {logging_mixin.py:120} INFO - [2023-03-15T16:05:11.436+0000] {dag.py:3340} INFO - Setting next_dagrun for dataset_produces_1 to 2023-03-14T00:00:00+00:00, run_after=2023-03-15T00:00:00+00:00
[2023-03-15T16:05:11.437+0000] {logging_mixin.py:120} INFO - [2023-03-15T16:05:11.437+0000] {dag.py:3340} INFO - Setting next_dagrun for dataset_produces_2 to None, run_after=None
[2023-03-15T16:05:11.462+0000] {processor.py:176} INFO - Processing /home/airflow/.local/lib/python3.7/site-packages/airflow/example_dags/example_datasets.py took 0.157 seconds
[2023-03-15T16:05:42.002+0000] {processor.py:154} INFO - Started process (PID=537) to work on /home/airflow/.local/lib/python3.7/site-packages/airflow/example_dags/example_datasets.py
[2023-03-15T16:05:42.003+0000] {processor.py:756} INFO - Processing file /home/airflow/.local/lib/python3.7/site-packages/airflow/example_dags/example_datasets.py for tasks to queue
[2023-03-15T16:05:42.004+0000] {logging_mixin.py:120} INFO - [2023-03-15T16:05:42.004+0000] {dagbag.py:537} INFO - Filling up the DagBag from /home/airflow/.local/lib/python3.7/site-packages/airflow/example_dags/example_datasets.py
[2023-03-15T16:05:42.016+0000] {processor.py:766} INFO - DAG(s) dict_keys(['dataset_produces_2', 'dataset_produces_1', 'dataset_consumes_unknown_never_scheduled', 'dataset_consumes_1', 'dataset_consumes_1_never_scheduled', 'dataset_consumes_1_and_2']) retrieved from /home/airflow/.local/lib/python3.7/site-packages/airflow/example_dags/example_datasets.py
[2023-03-15T16:05:42.041+0000] {logging_mixin.py:120} INFO - [2023-03-15T16:05:42.041+0000] {dag.py:2585} INFO - Sync 6 DAGs
[2023-03-15T16:05:42.060+0000] {logging_mixin.py:120} INFO - [2023-03-15T16:05:42.060+0000] {dag.py:3340} INFO - Setting next_dagrun for dataset_consumes_1 to None, run_after=None
[2023-03-15T16:05:42.063+0000] {logging_mixin.py:120} INFO - [2023-03-15T16:05:42.063+0000] {dag.py:3340} INFO - Setting next_dagrun for dataset_consumes_1_and_2 to None, run_after=None
[2023-03-15T16:05:42.064+0000] {logging_mixin.py:120} INFO - [2023-03-15T16:05:42.064+0000] {dag.py:3340} INFO - Setting next_dagrun for dataset_consumes_1_never_scheduled to None, run_after=None
[2023-03-15T16:05:42.065+0000] {logging_mixin.py:120} INFO - [2023-03-15T16:05:42.065+0000] {dag.py:3340} INFO - Setting next_dagrun for dataset_consumes_unknown_never_scheduled to None, run_after=None
[2023-03-15T16:05:42.068+0000] {logging_mixin.py:120} INFO - [2023-03-15T16:05:42.068+0000] {dag.py:3340} INFO - Setting next_dagrun for dataset_produces_1 to 2023-03-14T00:00:00+00:00, run_after=2023-03-15T00:00:00+00:00
[2023-03-15T16:05:42.069+0000] {logging_mixin.py:120} INFO - [2023-03-15T16:05:42.069+0000] {dag.py:3340} INFO - Setting next_dagrun for dataset_produces_2 to None, run_after=None
[2023-03-15T16:05:42.087+0000] {processor.py:176} INFO - Processing /home/airflow/.local/lib/python3.7/site-packages/airflow/example_dags/example_datasets.py took 0.088 seconds
[2023-03-15T16:06:12.372+0000] {processor.py:154} INFO - Started process (PID=591) to work on /home/airflow/.local/lib/python3.7/site-packages/airflow/example_dags/example_datasets.py
[2023-03-15T16:06:12.374+0000] {processor.py:756} INFO - Processing file /home/airflow/.local/lib/python3.7/site-packages/airflow/example_dags/example_datasets.py for tasks to queue
[2023-03-15T16:06:12.374+0000] {logging_mixin.py:120} INFO - [2023-03-15T16:06:12.374+0000] {dagbag.py:537} INFO - Filling up the DagBag from /home/airflow/.local/lib/python3.7/site-packages/airflow/example_dags/example_datasets.py
[2023-03-15T16:06:12.386+0000] {processor.py:766} INFO - DAG(s) dict_keys(['dataset_consumes_unknown_never_scheduled', 'dataset_consumes_1', 'dataset_produces_2', 'dataset_produces_1', 'dataset_consumes_1_and_2', 'dataset_consumes_1_never_scheduled']) retrieved from /home/airflow/.local/lib/python3.7/site-packages/airflow/example_dags/example_datasets.py
[2023-03-15T16:06:12.456+0000] {logging_mixin.py:120} INFO - [2023-03-15T16:06:12.456+0000] {dag.py:2585} INFO - Sync 6 DAGs
[2023-03-15T16:06:12.473+0000] {logging_mixin.py:120} INFO - [2023-03-15T16:06:12.473+0000] {dag.py:3340} INFO - Setting next_dagrun for dataset_consumes_1 to None, run_after=None
[2023-03-15T16:06:12.476+0000] {logging_mixin.py:120} INFO - [2023-03-15T16:06:12.475+0000] {dag.py:3340} INFO - Setting next_dagrun for dataset_consumes_1_and_2 to None, run_after=None
[2023-03-15T16:06:12.477+0000] {logging_mixin.py:120} INFO - [2023-03-15T16:06:12.477+0000] {dag.py:3340} INFO - Setting next_dagrun for dataset_consumes_1_never_scheduled to None, run_after=None
[2023-03-15T16:06:12.478+0000] {logging_mixin.py:120} INFO - [2023-03-15T16:06:12.478+0000] {dag.py:3340} INFO - Setting next_dagrun for dataset_consumes_unknown_never_scheduled to None, run_after=None
[2023-03-15T16:06:12.480+0000] {logging_mixin.py:120} INFO - [2023-03-15T16:06:12.480+0000] {dag.py:3340} INFO - Setting next_dagrun for dataset_produces_1 to 2023-03-14T00:00:00+00:00, run_after=2023-03-15T00:00:00+00:00
[2023-03-15T16:06:12.481+0000] {logging_mixin.py:120} INFO - [2023-03-15T16:06:12.481+0000] {dag.py:3340} INFO - Setting next_dagrun for dataset_produces_2 to None, run_after=None
[2023-03-15T16:06:12.501+0000] {processor.py:176} INFO - Processing /home/airflow/.local/lib/python3.7/site-packages/airflow/example_dags/example_datasets.py took 0.131 seconds
[2023-03-15T16:06:42.552+0000] {processor.py:154} INFO - Started process (PID=656) to work on /home/airflow/.local/lib/python3.7/site-packages/airflow/example_dags/example_datasets.py
[2023-03-15T16:06:42.554+0000] {processor.py:756} INFO - Processing file /home/airflow/.local/lib/python3.7/site-packages/airflow/example_dags/example_datasets.py for tasks to queue
[2023-03-15T16:06:42.555+0000] {logging_mixin.py:120} INFO - [2023-03-15T16:06:42.555+0000] {dagbag.py:537} INFO - Filling up the DagBag from /home/airflow/.local/lib/python3.7/site-packages/airflow/example_dags/example_datasets.py
[2023-03-15T16:06:42.567+0000] {processor.py:766} INFO - DAG(s) dict_keys(['dataset_consumes_1', 'dataset_consumes_1_and_2', 'dataset_consumes_unknown_never_scheduled', 'dataset_produces_2', 'dataset_consumes_1_never_scheduled', 'dataset_produces_1']) retrieved from /home/airflow/.local/lib/python3.7/site-packages/airflow/example_dags/example_datasets.py
[2023-03-15T16:06:42.603+0000] {logging_mixin.py:120} INFO - [2023-03-15T16:06:42.603+0000] {dag.py:2585} INFO - Sync 6 DAGs
[2023-03-15T16:06:42.620+0000] {logging_mixin.py:120} INFO - [2023-03-15T16:06:42.620+0000] {dag.py:3340} INFO - Setting next_dagrun for dataset_consumes_1 to None, run_after=None
[2023-03-15T16:06:42.623+0000] {logging_mixin.py:120} INFO - [2023-03-15T16:06:42.623+0000] {dag.py:3340} INFO - Setting next_dagrun for dataset_consumes_1_and_2 to None, run_after=None
[2023-03-15T16:06:42.624+0000] {logging_mixin.py:120} INFO - [2023-03-15T16:06:42.624+0000] {dag.py:3340} INFO - Setting next_dagrun for dataset_consumes_1_never_scheduled to None, run_after=None
[2023-03-15T16:06:42.625+0000] {logging_mixin.py:120} INFO - [2023-03-15T16:06:42.625+0000] {dag.py:3340} INFO - Setting next_dagrun for dataset_consumes_unknown_never_scheduled to None, run_after=None
[2023-03-15T16:06:42.628+0000] {logging_mixin.py:120} INFO - [2023-03-15T16:06:42.627+0000] {dag.py:3340} INFO - Setting next_dagrun for dataset_produces_1 to 2023-03-14T00:00:00+00:00, run_after=2023-03-15T00:00:00+00:00
[2023-03-15T16:06:42.629+0000] {logging_mixin.py:120} INFO - [2023-03-15T16:06:42.629+0000] {dag.py:3340} INFO - Setting next_dagrun for dataset_produces_2 to None, run_after=None
[2023-03-15T16:06:42.647+0000] {processor.py:176} INFO - Processing /home/airflow/.local/lib/python3.7/site-packages/airflow/example_dags/example_datasets.py took 0.098 seconds
[2023-03-15T16:07:13.034+0000] {processor.py:154} INFO - Started process (PID=722) to work on /home/airflow/.local/lib/python3.7/site-packages/airflow/example_dags/example_datasets.py
[2023-03-15T16:07:13.035+0000] {processor.py:756} INFO - Processing file /home/airflow/.local/lib/python3.7/site-packages/airflow/example_dags/example_datasets.py for tasks to queue
[2023-03-15T16:07:13.036+0000] {logging_mixin.py:120} INFO - [2023-03-15T16:07:13.036+0000] {dagbag.py:537} INFO - Filling up the DagBag from /home/airflow/.local/lib/python3.7/site-packages/airflow/example_dags/example_datasets.py
[2023-03-15T16:07:13.047+0000] {processor.py:766} INFO - DAG(s) dict_keys(['dataset_produces_2', 'dataset_consumes_1', 'dataset_consumes_unknown_never_scheduled', 'dataset_produces_1', 'dataset_consumes_1_never_scheduled', 'dataset_consumes_1_and_2']) retrieved from /home/airflow/.local/lib/python3.7/site-packages/airflow/example_dags/example_datasets.py
[2023-03-15T16:07:13.085+0000] {logging_mixin.py:120} INFO - [2023-03-15T16:07:13.084+0000] {dag.py:2585} INFO - Sync 6 DAGs
[2023-03-15T16:07:13.101+0000] {logging_mixin.py:120} INFO - [2023-03-15T16:07:13.101+0000] {dag.py:3340} INFO - Setting next_dagrun for dataset_consumes_1 to None, run_after=None
[2023-03-15T16:07:13.103+0000] {logging_mixin.py:120} INFO - [2023-03-15T16:07:13.103+0000] {dag.py:3340} INFO - Setting next_dagrun for dataset_consumes_1_and_2 to None, run_after=None
[2023-03-15T16:07:13.105+0000] {logging_mixin.py:120} INFO - [2023-03-15T16:07:13.105+0000] {dag.py:3340} INFO - Setting next_dagrun for dataset_consumes_1_never_scheduled to None, run_after=None
[2023-03-15T16:07:13.106+0000] {logging_mixin.py:120} INFO - [2023-03-15T16:07:13.106+0000] {dag.py:3340} INFO - Setting next_dagrun for dataset_consumes_unknown_never_scheduled to None, run_after=None
[2023-03-15T16:07:13.108+0000] {logging_mixin.py:120} INFO - [2023-03-15T16:07:13.108+0000] {dag.py:3340} INFO - Setting next_dagrun for dataset_produces_1 to 2023-03-14T00:00:00+00:00, run_after=2023-03-15T00:00:00+00:00
[2023-03-15T16:07:13.109+0000] {logging_mixin.py:120} INFO - [2023-03-15T16:07:13.109+0000] {dag.py:3340} INFO - Setting next_dagrun for dataset_produces_2 to None, run_after=None
[2023-03-15T16:07:13.127+0000] {processor.py:176} INFO - Processing /home/airflow/.local/lib/python3.7/site-packages/airflow/example_dags/example_datasets.py took 0.096 seconds
[2023-03-15T16:07:43.364+0000] {processor.py:154} INFO - Started process (PID=787) to work on /home/airflow/.local/lib/python3.7/site-packages/airflow/example_dags/example_datasets.py
[2023-03-15T16:07:43.366+0000] {processor.py:756} INFO - Processing file /home/airflow/.local/lib/python3.7/site-packages/airflow/example_dags/example_datasets.py for tasks to queue
[2023-03-15T16:07:43.367+0000] {logging_mixin.py:120} INFO - [2023-03-15T16:07:43.367+0000] {dagbag.py:537} INFO - Filling up the DagBag from /home/airflow/.local/lib/python3.7/site-packages/airflow/example_dags/example_datasets.py
[2023-03-15T16:07:43.381+0000] {processor.py:766} INFO - DAG(s) dict_keys(['dataset_produces_1', 'dataset_consumes_1_never_scheduled', 'dataset_produces_2', 'dataset_consumes_1_and_2', 'dataset_consumes_1', 'dataset_consumes_unknown_never_scheduled']) retrieved from /home/airflow/.local/lib/python3.7/site-packages/airflow/example_dags/example_datasets.py
[2023-03-15T16:07:43.432+0000] {logging_mixin.py:120} INFO - [2023-03-15T16:07:43.432+0000] {dag.py:2585} INFO - Sync 6 DAGs
[2023-03-15T16:07:43.453+0000] {logging_mixin.py:120} INFO - [2023-03-15T16:07:43.453+0000] {dag.py:3340} INFO - Setting next_dagrun for dataset_consumes_1 to None, run_after=None
[2023-03-15T16:07:43.457+0000] {logging_mixin.py:120} INFO - [2023-03-15T16:07:43.457+0000] {dag.py:3340} INFO - Setting next_dagrun for dataset_consumes_1_and_2 to None, run_after=None
[2023-03-15T16:07:43.459+0000] {logging_mixin.py:120} INFO - [2023-03-15T16:07:43.459+0000] {dag.py:3340} INFO - Setting next_dagrun for dataset_consumes_1_never_scheduled to None, run_after=None
[2023-03-15T16:07:43.460+0000] {logging_mixin.py:120} INFO - [2023-03-15T16:07:43.460+0000] {dag.py:3340} INFO - Setting next_dagrun for dataset_consumes_unknown_never_scheduled to None, run_after=None
[2023-03-15T16:07:43.462+0000] {logging_mixin.py:120} INFO - [2023-03-15T16:07:43.462+0000] {dag.py:3340} INFO - Setting next_dagrun for dataset_produces_1 to 2023-03-14T00:00:00+00:00, run_after=2023-03-15T00:00:00+00:00
[2023-03-15T16:07:43.466+0000] {logging_mixin.py:120} INFO - [2023-03-15T16:07:43.464+0000] {dag.py:3340} INFO - Setting next_dagrun for dataset_produces_2 to None, run_after=None
[2023-03-15T16:07:43.495+0000] {processor.py:176} INFO - Processing /home/airflow/.local/lib/python3.7/site-packages/airflow/example_dags/example_datasets.py took 0.134 seconds
[2023-03-15T16:08:14.001+0000] {processor.py:154} INFO - Started process (PID=851) to work on /home/airflow/.local/lib/python3.7/site-packages/airflow/example_dags/example_datasets.py
[2023-03-15T16:08:14.003+0000] {processor.py:756} INFO - Processing file /home/airflow/.local/lib/python3.7/site-packages/airflow/example_dags/example_datasets.py for tasks to queue
[2023-03-15T16:08:14.004+0000] {logging_mixin.py:120} INFO - [2023-03-15T16:08:14.004+0000] {dagbag.py:537} INFO - Filling up the DagBag from /home/airflow/.local/lib/python3.7/site-packages/airflow/example_dags/example_datasets.py
[2023-03-15T16:08:14.023+0000] {processor.py:766} INFO - DAG(s) dict_keys(['dataset_produces_1', 'dataset_consumes_1_never_scheduled', 'dataset_consumes_1_and_2', 'dataset_consumes_1', 'dataset_produces_2', 'dataset_consumes_unknown_never_scheduled']) retrieved from /home/airflow/.local/lib/python3.7/site-packages/airflow/example_dags/example_datasets.py
[2023-03-15T16:08:14.079+0000] {logging_mixin.py:120} INFO - [2023-03-15T16:08:14.079+0000] {dag.py:2585} INFO - Sync 6 DAGs
[2023-03-15T16:08:14.103+0000] {logging_mixin.py:120} INFO - [2023-03-15T16:08:14.103+0000] {dag.py:3340} INFO - Setting next_dagrun for dataset_consumes_1 to None, run_after=None
[2023-03-15T16:08:14.107+0000] {logging_mixin.py:120} INFO - [2023-03-15T16:08:14.107+0000] {dag.py:3340} INFO - Setting next_dagrun for dataset_consumes_1_and_2 to None, run_after=None
[2023-03-15T16:08:14.108+0000] {logging_mixin.py:120} INFO - [2023-03-15T16:08:14.108+0000] {dag.py:3340} INFO - Setting next_dagrun for dataset_consumes_1_never_scheduled to None, run_after=None
[2023-03-15T16:08:14.110+0000] {logging_mixin.py:120} INFO - [2023-03-15T16:08:14.110+0000] {dag.py:3340} INFO - Setting next_dagrun for dataset_consumes_unknown_never_scheduled to None, run_after=None
[2023-03-15T16:08:14.112+0000] {logging_mixin.py:120} INFO - [2023-03-15T16:08:14.112+0000] {dag.py:3340} INFO - Setting next_dagrun for dataset_produces_1 to 2023-03-14T00:00:00+00:00, run_after=2023-03-15T00:00:00+00:00
[2023-03-15T16:08:14.114+0000] {logging_mixin.py:120} INFO - [2023-03-15T16:08:14.114+0000] {dag.py:3340} INFO - Setting next_dagrun for dataset_produces_2 to None, run_after=None
[2023-03-15T16:08:14.136+0000] {processor.py:176} INFO - Processing /home/airflow/.local/lib/python3.7/site-packages/airflow/example_dags/example_datasets.py took 0.139 seconds
[2023-03-15T16:08:44.672+0000] {processor.py:154} INFO - Started process (PID=975) to work on /home/airflow/.local/lib/python3.7/site-packages/airflow/example_dags/example_datasets.py
[2023-03-15T16:08:44.675+0000] {processor.py:756} INFO - Processing file /home/airflow/.local/lib/python3.7/site-packages/airflow/example_dags/example_datasets.py for tasks to queue
[2023-03-15T16:08:44.676+0000] {logging_mixin.py:120} INFO - [2023-03-15T16:08:44.676+0000] {dagbag.py:537} INFO - Filling up the DagBag from /home/airflow/.local/lib/python3.7/site-packages/airflow/example_dags/example_datasets.py
[2023-03-15T16:08:44.698+0000] {processor.py:766} INFO - DAG(s) dict_keys(['dataset_consumes_1_and_2', 'dataset_produces_1', 'dataset_produces_2', 'dataset_consumes_1_never_scheduled', 'dataset_consumes_unknown_never_scheduled', 'dataset_consumes_1']) retrieved from /home/airflow/.local/lib/python3.7/site-packages/airflow/example_dags/example_datasets.py
[2023-03-15T16:08:44.813+0000] {logging_mixin.py:120} INFO - [2023-03-15T16:08:44.813+0000] {dag.py:2585} INFO - Sync 6 DAGs
[2023-03-15T16:08:44.861+0000] {logging_mixin.py:120} INFO - [2023-03-15T16:08:44.860+0000] {dag.py:3340} INFO - Setting next_dagrun for dataset_consumes_1 to None, run_after=None
[2023-03-15T16:08:44.865+0000] {logging_mixin.py:120} INFO - [2023-03-15T16:08:44.865+0000] {dag.py:3340} INFO - Setting next_dagrun for dataset_consumes_1_and_2 to None, run_after=None
[2023-03-15T16:08:44.867+0000] {logging_mixin.py:120} INFO - [2023-03-15T16:08:44.867+0000] {dag.py:3340} INFO - Setting next_dagrun for dataset_consumes_1_never_scheduled to None, run_after=None
[2023-03-15T16:08:44.871+0000] {logging_mixin.py:120} INFO - [2023-03-15T16:08:44.870+0000] {dag.py:3340} INFO - Setting next_dagrun for dataset_consumes_unknown_never_scheduled to None, run_after=None
[2023-03-15T16:08:44.874+0000] {logging_mixin.py:120} INFO - [2023-03-15T16:08:44.874+0000] {dag.py:3340} INFO - Setting next_dagrun for dataset_produces_1 to 2023-03-14T00:00:00+00:00, run_after=2023-03-15T00:00:00+00:00
[2023-03-15T16:08:44.875+0000] {logging_mixin.py:120} INFO - [2023-03-15T16:08:44.875+0000] {dag.py:3340} INFO - Setting next_dagrun for dataset_produces_2 to None, run_after=None
[2023-03-15T16:08:44.915+0000] {processor.py:176} INFO - Processing /home/airflow/.local/lib/python3.7/site-packages/airflow/example_dags/example_datasets.py took 0.246 seconds
[2023-03-15T16:09:15.679+0000] {processor.py:154} INFO - Started process (PID=1171) to work on /home/airflow/.local/lib/python3.7/site-packages/airflow/example_dags/example_datasets.py
[2023-03-15T16:09:15.681+0000] {processor.py:756} INFO - Processing file /home/airflow/.local/lib/python3.7/site-packages/airflow/example_dags/example_datasets.py for tasks to queue
[2023-03-15T16:09:15.683+0000] {logging_mixin.py:120} INFO - [2023-03-15T16:09:15.683+0000] {dagbag.py:537} INFO - Filling up the DagBag from /home/airflow/.local/lib/python3.7/site-packages/airflow/example_dags/example_datasets.py
[2023-03-15T16:09:15.702+0000] {processor.py:766} INFO - DAG(s) dict_keys(['dataset_produces_1', 'dataset_consumes_1', 'dataset_consumes_unknown_never_scheduled', 'dataset_consumes_1_and_2', 'dataset_produces_2', 'dataset_consumes_1_never_scheduled']) retrieved from /home/airflow/.local/lib/python3.7/site-packages/airflow/example_dags/example_datasets.py
[2023-03-15T16:09:15.799+0000] {logging_mixin.py:120} INFO - [2023-03-15T16:09:15.798+0000] {dag.py:2585} INFO - Sync 6 DAGs
[2023-03-15T16:09:15.826+0000] {logging_mixin.py:120} INFO - [2023-03-15T16:09:15.825+0000] {dag.py:3340} INFO - Setting next_dagrun for dataset_consumes_1 to None, run_after=None
[2023-03-15T16:09:15.832+0000] {logging_mixin.py:120} INFO - [2023-03-15T16:09:15.831+0000] {dag.py:3340} INFO - Setting next_dagrun for dataset_consumes_1_and_2 to None, run_after=None
[2023-03-15T16:09:15.834+0000] {logging_mixin.py:120} INFO - [2023-03-15T16:09:15.834+0000] {dag.py:3340} INFO - Setting next_dagrun for dataset_consumes_1_never_scheduled to None, run_after=None
[2023-03-15T16:09:15.835+0000] {logging_mixin.py:120} INFO - [2023-03-15T16:09:15.835+0000] {dag.py:3340} INFO - Setting next_dagrun for dataset_consumes_unknown_never_scheduled to None, run_after=None
[2023-03-15T16:09:15.836+0000] {logging_mixin.py:120} INFO - [2023-03-15T16:09:15.836+0000] {dag.py:3340} INFO - Setting next_dagrun for dataset_produces_1 to 2023-03-14T00:00:00+00:00, run_after=2023-03-15T00:00:00+00:00
[2023-03-15T16:09:15.837+0000] {logging_mixin.py:120} INFO - [2023-03-15T16:09:15.837+0000] {dag.py:3340} INFO - Setting next_dagrun for dataset_produces_2 to None, run_after=None
[2023-03-15T16:09:15.881+0000] {processor.py:176} INFO - Processing /home/airflow/.local/lib/python3.7/site-packages/airflow/example_dags/example_datasets.py took 0.206 seconds
[2023-03-15T16:09:46.018+0000] {processor.py:154} INFO - Started process (PID=1381) to work on /home/airflow/.local/lib/python3.7/site-packages/airflow/example_dags/example_datasets.py
[2023-03-15T16:09:46.021+0000] {processor.py:756} INFO - Processing file /home/airflow/.local/lib/python3.7/site-packages/airflow/example_dags/example_datasets.py for tasks to queue
[2023-03-15T16:09:46.022+0000] {logging_mixin.py:120} INFO - [2023-03-15T16:09:46.022+0000] {dagbag.py:537} INFO - Filling up the DagBag from /home/airflow/.local/lib/python3.7/site-packages/airflow/example_dags/example_datasets.py
[2023-03-15T16:09:46.042+0000] {processor.py:766} INFO - DAG(s) dict_keys(['dataset_produces_2', 'dataset_consumes_1_never_scheduled', 'dataset_consumes_1_and_2', 'dataset_consumes_unknown_never_scheduled', 'dataset_consumes_1', 'dataset_produces_1']) retrieved from /home/airflow/.local/lib/python3.7/site-packages/airflow/example_dags/example_datasets.py
[2023-03-15T16:09:46.141+0000] {logging_mixin.py:120} INFO - [2023-03-15T16:09:46.141+0000] {dag.py:2585} INFO - Sync 6 DAGs
[2023-03-15T16:09:46.169+0000] {logging_mixin.py:120} INFO - [2023-03-15T16:09:46.169+0000] {dag.py:3340} INFO - Setting next_dagrun for dataset_consumes_1 to None, run_after=None
[2023-03-15T16:09:46.172+0000] {logging_mixin.py:120} INFO - [2023-03-15T16:09:46.172+0000] {dag.py:3340} INFO - Setting next_dagrun for dataset_consumes_1_and_2 to None, run_after=None
[2023-03-15T16:09:46.173+0000] {logging_mixin.py:120} INFO - [2023-03-15T16:09:46.173+0000] {dag.py:3340} INFO - Setting next_dagrun for dataset_consumes_1_never_scheduled to None, run_after=None
[2023-03-15T16:09:46.174+0000] {logging_mixin.py:120} INFO - [2023-03-15T16:09:46.174+0000] {dag.py:3340} INFO - Setting next_dagrun for dataset_consumes_unknown_never_scheduled to None, run_after=None
[2023-03-15T16:09:46.176+0000] {logging_mixin.py:120} INFO - [2023-03-15T16:09:46.176+0000] {dag.py:3340} INFO - Setting next_dagrun for dataset_produces_1 to 2023-03-14T00:00:00+00:00, run_after=2023-03-15T00:00:00+00:00
[2023-03-15T16:09:46.177+0000] {logging_mixin.py:120} INFO - [2023-03-15T16:09:46.177+0000] {dag.py:3340} INFO - Setting next_dagrun for dataset_produces_2 to None, run_after=None
[2023-03-15T16:09:46.207+0000] {processor.py:176} INFO - Processing /home/airflow/.local/lib/python3.7/site-packages/airflow/example_dags/example_datasets.py took 0.192 seconds
[2023-03-15T16:10:16.420+0000] {processor.py:154} INFO - Started process (PID=1599) to work on /home/airflow/.local/lib/python3.7/site-packages/airflow/example_dags/example_datasets.py
[2023-03-15T16:10:16.424+0000] {processor.py:756} INFO - Processing file /home/airflow/.local/lib/python3.7/site-packages/airflow/example_dags/example_datasets.py for tasks to queue
[2023-03-15T16:10:16.425+0000] {logging_mixin.py:120} INFO - [2023-03-15T16:10:16.425+0000] {dagbag.py:537} INFO - Filling up the DagBag from /home/airflow/.local/lib/python3.7/site-packages/airflow/example_dags/example_datasets.py
[2023-03-15T16:10:16.457+0000] {processor.py:766} INFO - DAG(s) dict_keys(['dataset_consumes_1_and_2', 'dataset_consumes_1', 'dataset_consumes_1_never_scheduled', 'dataset_produces_2', 'dataset_produces_1', 'dataset_consumes_unknown_never_scheduled']) retrieved from /home/airflow/.local/lib/python3.7/site-packages/airflow/example_dags/example_datasets.py
[2023-03-15T16:10:16.535+0000] {logging_mixin.py:120} INFO - [2023-03-15T16:10:16.535+0000] {dag.py:2585} INFO - Sync 6 DAGs
[2023-03-15T16:10:16.557+0000] {logging_mixin.py:120} INFO - [2023-03-15T16:10:16.557+0000] {dag.py:3340} INFO - Setting next_dagrun for dataset_consumes_1 to None, run_after=None
[2023-03-15T16:10:16.560+0000] {logging_mixin.py:120} INFO - [2023-03-15T16:10:16.560+0000] {dag.py:3340} INFO - Setting next_dagrun for dataset_consumes_1_and_2 to None, run_after=None
[2023-03-15T16:10:16.566+0000] {logging_mixin.py:120} INFO - [2023-03-15T16:10:16.566+0000] {dag.py:3340} INFO - Setting next_dagrun for dataset_consumes_1_never_scheduled to None, run_after=None
[2023-03-15T16:10:16.571+0000] {logging_mixin.py:120} INFO - [2023-03-15T16:10:16.570+0000] {dag.py:3340} INFO - Setting next_dagrun for dataset_consumes_unknown_never_scheduled to None, run_after=None
[2023-03-15T16:10:16.573+0000] {logging_mixin.py:120} INFO - [2023-03-15T16:10:16.573+0000] {dag.py:3340} INFO - Setting next_dagrun for dataset_produces_1 to 2023-03-14T00:00:00+00:00, run_after=2023-03-15T00:00:00+00:00
[2023-03-15T16:10:16.575+0000] {logging_mixin.py:120} INFO - [2023-03-15T16:10:16.575+0000] {dag.py:3340} INFO - Setting next_dagrun for dataset_produces_2 to None, run_after=None
[2023-03-15T16:10:16.602+0000] {processor.py:176} INFO - Processing /home/airflow/.local/lib/python3.7/site-packages/airflow/example_dags/example_datasets.py took 0.185 seconds
[2023-03-15T16:10:46.890+0000] {processor.py:154} INFO - Started process (PID=1826) to work on /home/airflow/.local/lib/python3.7/site-packages/airflow/example_dags/example_datasets.py
[2023-03-15T16:10:46.891+0000] {processor.py:756} INFO - Processing file /home/airflow/.local/lib/python3.7/site-packages/airflow/example_dags/example_datasets.py for tasks to queue
[2023-03-15T16:10:46.892+0000] {logging_mixin.py:120} INFO - [2023-03-15T16:10:46.892+0000] {dagbag.py:537} INFO - Filling up the DagBag from /home/airflow/.local/lib/python3.7/site-packages/airflow/example_dags/example_datasets.py
[2023-03-15T16:10:46.908+0000] {processor.py:766} INFO - DAG(s) dict_keys(['dataset_produces_2', 'dataset_consumes_1', 'dataset_consumes_1_never_scheduled', 'dataset_consumes_1_and_2', 'dataset_produces_1', 'dataset_consumes_unknown_never_scheduled']) retrieved from /home/airflow/.local/lib/python3.7/site-packages/airflow/example_dags/example_datasets.py
[2023-03-15T16:10:46.954+0000] {logging_mixin.py:120} INFO - [2023-03-15T16:10:46.954+0000] {dag.py:2585} INFO - Sync 6 DAGs
[2023-03-15T16:10:46.973+0000] {logging_mixin.py:120} INFO - [2023-03-15T16:10:46.973+0000] {dag.py:3340} INFO - Setting next_dagrun for dataset_consumes_1 to None, run_after=None
[2023-03-15T16:10:46.980+0000] {logging_mixin.py:120} INFO - [2023-03-15T16:10:46.980+0000] {dag.py:3340} INFO - Setting next_dagrun for dataset_consumes_1_and_2 to None, run_after=None
[2023-03-15T16:10:46.982+0000] {logging_mixin.py:120} INFO - [2023-03-15T16:10:46.982+0000] {dag.py:3340} INFO - Setting next_dagrun for dataset_consumes_1_never_scheduled to None, run_after=None
[2023-03-15T16:10:46.984+0000] {logging_mixin.py:120} INFO - [2023-03-15T16:10:46.983+0000] {dag.py:3340} INFO - Setting next_dagrun for dataset_consumes_unknown_never_scheduled to None, run_after=None
[2023-03-15T16:10:46.986+0000] {logging_mixin.py:120} INFO - [2023-03-15T16:10:46.986+0000] {dag.py:3340} INFO - Setting next_dagrun for dataset_produces_1 to 2023-03-14T00:00:00+00:00, run_after=2023-03-15T00:00:00+00:00
[2023-03-15T16:10:46.987+0000] {logging_mixin.py:120} INFO - [2023-03-15T16:10:46.986+0000] {dag.py:3340} INFO - Setting next_dagrun for dataset_produces_2 to None, run_after=None
[2023-03-15T16:10:47.027+0000] {processor.py:176} INFO - Processing /home/airflow/.local/lib/python3.7/site-packages/airflow/example_dags/example_datasets.py took 0.143 seconds
[2023-03-15T16:11:17.092+0000] {processor.py:154} INFO - Started process (PID=2031) to work on /home/airflow/.local/lib/python3.7/site-packages/airflow/example_dags/example_datasets.py
[2023-03-15T16:11:17.094+0000] {processor.py:756} INFO - Processing file /home/airflow/.local/lib/python3.7/site-packages/airflow/example_dags/example_datasets.py for tasks to queue
[2023-03-15T16:11:17.095+0000] {logging_mixin.py:120} INFO - [2023-03-15T16:11:17.094+0000] {dagbag.py:537} INFO - Filling up the DagBag from /home/airflow/.local/lib/python3.7/site-packages/airflow/example_dags/example_datasets.py
[2023-03-15T16:11:17.107+0000] {processor.py:766} INFO - DAG(s) dict_keys(['dataset_produces_1', 'dataset_consumes_1', 'dataset_consumes_1_never_scheduled', 'dataset_consumes_1_and_2', 'dataset_consumes_unknown_never_scheduled', 'dataset_produces_2']) retrieved from /home/airflow/.local/lib/python3.7/site-packages/airflow/example_dags/example_datasets.py
[2023-03-15T16:11:17.158+0000] {logging_mixin.py:120} INFO - [2023-03-15T16:11:17.158+0000] {dag.py:2585} INFO - Sync 6 DAGs
[2023-03-15T16:11:17.178+0000] {logging_mixin.py:120} INFO - [2023-03-15T16:11:17.178+0000] {dag.py:3340} INFO - Setting next_dagrun for dataset_consumes_1 to None, run_after=None
[2023-03-15T16:11:17.181+0000] {logging_mixin.py:120} INFO - [2023-03-15T16:11:17.181+0000] {dag.py:3340} INFO - Setting next_dagrun for dataset_consumes_1_and_2 to None, run_after=None
[2023-03-15T16:11:17.182+0000] {logging_mixin.py:120} INFO - [2023-03-15T16:11:17.182+0000] {dag.py:3340} INFO - Setting next_dagrun for dataset_consumes_1_never_scheduled to None, run_after=None
[2023-03-15T16:11:17.183+0000] {logging_mixin.py:120} INFO - [2023-03-15T16:11:17.183+0000] {dag.py:3340} INFO - Setting next_dagrun for dataset_consumes_unknown_never_scheduled to None, run_after=None
[2023-03-15T16:11:17.185+0000] {logging_mixin.py:120} INFO - [2023-03-15T16:11:17.185+0000] {dag.py:3340} INFO - Setting next_dagrun for dataset_produces_1 to 2023-03-14T00:00:00+00:00, run_after=2023-03-15T00:00:00+00:00
[2023-03-15T16:11:17.187+0000] {logging_mixin.py:120} INFO - [2023-03-15T16:11:17.187+0000] {dag.py:3340} INFO - Setting next_dagrun for dataset_produces_2 to None, run_after=None
[2023-03-15T16:11:17.206+0000] {processor.py:176} INFO - Processing /home/airflow/.local/lib/python3.7/site-packages/airflow/example_dags/example_datasets.py took 0.118 seconds
[2023-03-15T16:11:47.581+0000] {processor.py:154} INFO - Started process (PID=2239) to work on /home/airflow/.local/lib/python3.7/site-packages/airflow/example_dags/example_datasets.py
[2023-03-15T16:11:47.585+0000] {processor.py:756} INFO - Processing file /home/airflow/.local/lib/python3.7/site-packages/airflow/example_dags/example_datasets.py for tasks to queue
[2023-03-15T16:11:47.586+0000] {logging_mixin.py:120} INFO - [2023-03-15T16:11:47.586+0000] {dagbag.py:537} INFO - Filling up the DagBag from /home/airflow/.local/lib/python3.7/site-packages/airflow/example_dags/example_datasets.py
[2023-03-15T16:11:47.603+0000] {processor.py:766} INFO - DAG(s) dict_keys(['dataset_produces_1', 'dataset_consumes_1_and_2', 'dataset_consumes_1_never_scheduled', 'dataset_consumes_unknown_never_scheduled', 'dataset_produces_2', 'dataset_consumes_1']) retrieved from /home/airflow/.local/lib/python3.7/site-packages/airflow/example_dags/example_datasets.py
[2023-03-15T16:11:47.670+0000] {logging_mixin.py:120} INFO - [2023-03-15T16:11:47.670+0000] {dag.py:2585} INFO - Sync 6 DAGs
[2023-03-15T16:11:47.711+0000] {logging_mixin.py:120} INFO - [2023-03-15T16:11:47.711+0000] {dag.py:3340} INFO - Setting next_dagrun for dataset_consumes_1 to None, run_after=None
[2023-03-15T16:11:47.719+0000] {logging_mixin.py:120} INFO - [2023-03-15T16:11:47.719+0000] {dag.py:3340} INFO - Setting next_dagrun for dataset_consumes_1_and_2 to None, run_after=None
[2023-03-15T16:11:47.720+0000] {logging_mixin.py:120} INFO - [2023-03-15T16:11:47.720+0000] {dag.py:3340} INFO - Setting next_dagrun for dataset_consumes_1_never_scheduled to None, run_after=None
[2023-03-15T16:11:47.722+0000] {logging_mixin.py:120} INFO - [2023-03-15T16:11:47.721+0000] {dag.py:3340} INFO - Setting next_dagrun for dataset_consumes_unknown_never_scheduled to None, run_after=None
[2023-03-15T16:11:47.723+0000] {logging_mixin.py:120} INFO - [2023-03-15T16:11:47.723+0000] {dag.py:3340} INFO - Setting next_dagrun for dataset_produces_1 to 2023-03-14T00:00:00+00:00, run_after=2023-03-15T00:00:00+00:00
[2023-03-15T16:11:47.725+0000] {logging_mixin.py:120} INFO - [2023-03-15T16:11:47.725+0000] {dag.py:3340} INFO - Setting next_dagrun for dataset_produces_2 to None, run_after=None
[2023-03-15T16:11:47.751+0000] {processor.py:176} INFO - Processing /home/airflow/.local/lib/python3.7/site-packages/airflow/example_dags/example_datasets.py took 0.183 seconds
[2023-03-15T16:12:18.560+0000] {processor.py:154} INFO - Started process (PID=2453) to work on /home/airflow/.local/lib/python3.7/site-packages/airflow/example_dags/example_datasets.py
[2023-03-15T16:12:18.561+0000] {processor.py:756} INFO - Processing file /home/airflow/.local/lib/python3.7/site-packages/airflow/example_dags/example_datasets.py for tasks to queue
[2023-03-15T16:12:18.562+0000] {logging_mixin.py:120} INFO - [2023-03-15T16:12:18.562+0000] {dagbag.py:537} INFO - Filling up the DagBag from /home/airflow/.local/lib/python3.7/site-packages/airflow/example_dags/example_datasets.py
[2023-03-15T16:12:18.584+0000] {processor.py:766} INFO - DAG(s) dict_keys(['dataset_consumes_1_and_2', 'dataset_produces_1', 'dataset_consumes_1_never_scheduled', 'dataset_consumes_1', 'dataset_produces_2', 'dataset_consumes_unknown_never_scheduled']) retrieved from /home/airflow/.local/lib/python3.7/site-packages/airflow/example_dags/example_datasets.py
[2023-03-15T16:12:18.697+0000] {logging_mixin.py:120} INFO - [2023-03-15T16:12:18.696+0000] {dag.py:2585} INFO - Sync 6 DAGs
[2023-03-15T16:12:18.728+0000] {logging_mixin.py:120} INFO - [2023-03-15T16:12:18.728+0000] {dag.py:3340} INFO - Setting next_dagrun for dataset_consumes_1 to None, run_after=None
[2023-03-15T16:12:18.732+0000] {logging_mixin.py:120} INFO - [2023-03-15T16:12:18.732+0000] {dag.py:3340} INFO - Setting next_dagrun for dataset_consumes_1_and_2 to None, run_after=None
[2023-03-15T16:12:18.734+0000] {logging_mixin.py:120} INFO - [2023-03-15T16:12:18.734+0000] {dag.py:3340} INFO - Setting next_dagrun for dataset_consumes_1_never_scheduled to None, run_after=None
[2023-03-15T16:12:18.737+0000] {logging_mixin.py:120} INFO - [2023-03-15T16:12:18.737+0000] {dag.py:3340} INFO - Setting next_dagrun for dataset_consumes_unknown_never_scheduled to None, run_after=None
[2023-03-15T16:12:18.745+0000] {logging_mixin.py:120} INFO - [2023-03-15T16:12:18.745+0000] {dag.py:3340} INFO - Setting next_dagrun for dataset_produces_1 to 2023-03-14T00:00:00+00:00, run_after=2023-03-15T00:00:00+00:00
[2023-03-15T16:12:18.747+0000] {logging_mixin.py:120} INFO - [2023-03-15T16:12:18.747+0000] {dag.py:3340} INFO - Setting next_dagrun for dataset_produces_2 to None, run_after=None
[2023-03-15T16:12:18.783+0000] {processor.py:176} INFO - Processing /home/airflow/.local/lib/python3.7/site-packages/airflow/example_dags/example_datasets.py took 0.228 seconds
[2023-03-15T16:12:49.514+0000] {processor.py:154} INFO - Started process (PID=2661) to work on /home/airflow/.local/lib/python3.7/site-packages/airflow/example_dags/example_datasets.py
[2023-03-15T16:12:49.516+0000] {processor.py:756} INFO - Processing file /home/airflow/.local/lib/python3.7/site-packages/airflow/example_dags/example_datasets.py for tasks to queue
[2023-03-15T16:12:49.518+0000] {logging_mixin.py:120} INFO - [2023-03-15T16:12:49.518+0000] {dagbag.py:537} INFO - Filling up the DagBag from /home/airflow/.local/lib/python3.7/site-packages/airflow/example_dags/example_datasets.py
[2023-03-15T16:12:49.534+0000] {processor.py:766} INFO - DAG(s) dict_keys(['dataset_consumes_unknown_never_scheduled', 'dataset_consumes_1', 'dataset_consumes_1_never_scheduled', 'dataset_consumes_1_and_2', 'dataset_produces_1', 'dataset_produces_2']) retrieved from /home/airflow/.local/lib/python3.7/site-packages/airflow/example_dags/example_datasets.py
[2023-03-15T16:12:49.577+0000] {logging_mixin.py:120} INFO - [2023-03-15T16:12:49.577+0000] {dag.py:2585} INFO - Sync 6 DAGs
[2023-03-15T16:12:49.598+0000] {logging_mixin.py:120} INFO - [2023-03-15T16:12:49.598+0000] {dag.py:3340} INFO - Setting next_dagrun for dataset_consumes_1 to None, run_after=None
[2023-03-15T16:12:49.602+0000] {logging_mixin.py:120} INFO - [2023-03-15T16:12:49.602+0000] {dag.py:3340} INFO - Setting next_dagrun for dataset_consumes_1_and_2 to None, run_after=None
[2023-03-15T16:12:49.603+0000] {logging_mixin.py:120} INFO - [2023-03-15T16:12:49.603+0000] {dag.py:3340} INFO - Setting next_dagrun for dataset_consumes_1_never_scheduled to None, run_after=None
[2023-03-15T16:12:49.604+0000] {logging_mixin.py:120} INFO - [2023-03-15T16:12:49.604+0000] {dag.py:3340} INFO - Setting next_dagrun for dataset_consumes_unknown_never_scheduled to None, run_after=None
[2023-03-15T16:12:49.607+0000] {logging_mixin.py:120} INFO - [2023-03-15T16:12:49.607+0000] {dag.py:3340} INFO - Setting next_dagrun for dataset_produces_1 to 2023-03-14T00:00:00+00:00, run_after=2023-03-15T00:00:00+00:00
[2023-03-15T16:12:49.609+0000] {logging_mixin.py:120} INFO - [2023-03-15T16:12:49.608+0000] {dag.py:3340} INFO - Setting next_dagrun for dataset_produces_2 to None, run_after=None
[2023-03-15T16:12:49.627+0000] {processor.py:176} INFO - Processing /home/airflow/.local/lib/python3.7/site-packages/airflow/example_dags/example_datasets.py took 0.117 seconds
[2023-03-15T16:13:20.203+0000] {processor.py:154} INFO - Started process (PID=2854) to work on /home/airflow/.local/lib/python3.7/site-packages/airflow/example_dags/example_datasets.py
[2023-03-15T16:13:20.205+0000] {processor.py:756} INFO - Processing file /home/airflow/.local/lib/python3.7/site-packages/airflow/example_dags/example_datasets.py for tasks to queue
[2023-03-15T16:13:20.206+0000] {logging_mixin.py:120} INFO - [2023-03-15T16:13:20.206+0000] {dagbag.py:537} INFO - Filling up the DagBag from /home/airflow/.local/lib/python3.7/site-packages/airflow/example_dags/example_datasets.py
[2023-03-15T16:13:20.218+0000] {processor.py:766} INFO - DAG(s) dict_keys(['dataset_consumes_1_never_scheduled', 'dataset_consumes_1_and_2', 'dataset_produces_2', 'dataset_produces_1', 'dataset_consumes_unknown_never_scheduled', 'dataset_consumes_1']) retrieved from /home/airflow/.local/lib/python3.7/site-packages/airflow/example_dags/example_datasets.py
[2023-03-15T16:13:20.259+0000] {logging_mixin.py:120} INFO - [2023-03-15T16:13:20.259+0000] {dag.py:2585} INFO - Sync 6 DAGs
[2023-03-15T16:13:20.275+0000] {logging_mixin.py:120} INFO - [2023-03-15T16:13:20.275+0000] {dag.py:3340} INFO - Setting next_dagrun for dataset_consumes_1 to None, run_after=None
[2023-03-15T16:13:20.277+0000] {logging_mixin.py:120} INFO - [2023-03-15T16:13:20.277+0000] {dag.py:3340} INFO - Setting next_dagrun for dataset_consumes_1_and_2 to None, run_after=None
[2023-03-15T16:13:20.279+0000] {logging_mixin.py:120} INFO - [2023-03-15T16:13:20.279+0000] {dag.py:3340} INFO - Setting next_dagrun for dataset_consumes_1_never_scheduled to None, run_after=None
[2023-03-15T16:13:20.280+0000] {logging_mixin.py:120} INFO - [2023-03-15T16:13:20.280+0000] {dag.py:3340} INFO - Setting next_dagrun for dataset_consumes_unknown_never_scheduled to None, run_after=None
[2023-03-15T16:13:20.281+0000] {logging_mixin.py:120} INFO - [2023-03-15T16:13:20.281+0000] {dag.py:3340} INFO - Setting next_dagrun for dataset_produces_1 to 2023-03-14T00:00:00+00:00, run_after=2023-03-15T00:00:00+00:00
[2023-03-15T16:13:20.283+0000] {logging_mixin.py:120} INFO - [2023-03-15T16:13:20.283+0000] {dag.py:3340} INFO - Setting next_dagrun for dataset_produces_2 to None, run_after=None
[2023-03-15T16:13:20.297+0000] {processor.py:176} INFO - Processing /home/airflow/.local/lib/python3.7/site-packages/airflow/example_dags/example_datasets.py took 0.097 seconds
[2023-03-15T16:29:47.190+0000] {processor.py:154} INFO - Started process (PID=2896) to work on /home/airflow/.local/lib/python3.7/site-packages/airflow/example_dags/example_datasets.py
[2023-03-15T16:29:47.191+0000] {processor.py:756} INFO - Processing file /home/airflow/.local/lib/python3.7/site-packages/airflow/example_dags/example_datasets.py for tasks to queue
[2023-03-15T16:29:47.192+0000] {logging_mixin.py:120} INFO - [2023-03-15T16:29:47.192+0000] {dagbag.py:537} INFO - Filling up the DagBag from /home/airflow/.local/lib/python3.7/site-packages/airflow/example_dags/example_datasets.py
[2023-03-15T16:29:47.204+0000] {processor.py:766} INFO - DAG(s) dict_keys(['dataset_consumes_1_and_2', 'dataset_consumes_1_never_scheduled', 'dataset_consumes_unknown_never_scheduled', 'dataset_produces_1', 'dataset_consumes_1', 'dataset_produces_2']) retrieved from /home/airflow/.local/lib/python3.7/site-packages/airflow/example_dags/example_datasets.py
[2023-03-15T16:29:47.272+0000] {logging_mixin.py:120} INFO - [2023-03-15T16:29:47.272+0000] {dag.py:2585} INFO - Sync 6 DAGs
[2023-03-15T16:29:47.310+0000] {logging_mixin.py:120} INFO - [2023-03-15T16:29:47.309+0000] {dag.py:3340} INFO - Setting next_dagrun for dataset_consumes_1 to None, run_after=None
[2023-03-15T16:29:47.313+0000] {logging_mixin.py:120} INFO - [2023-03-15T16:29:47.313+0000] {dag.py:3340} INFO - Setting next_dagrun for dataset_consumes_1_and_2 to None, run_after=None
[2023-03-15T16:29:47.315+0000] {logging_mixin.py:120} INFO - [2023-03-15T16:29:47.315+0000] {dag.py:3340} INFO - Setting next_dagrun for dataset_consumes_1_never_scheduled to None, run_after=None
[2023-03-15T16:29:47.318+0000] {logging_mixin.py:120} INFO - [2023-03-15T16:29:47.318+0000] {dag.py:3340} INFO - Setting next_dagrun for dataset_consumes_unknown_never_scheduled to None, run_after=None
[2023-03-15T16:29:47.320+0000] {logging_mixin.py:120} INFO - [2023-03-15T16:29:47.320+0000] {dag.py:3340} INFO - Setting next_dagrun for dataset_produces_1 to 2023-03-14T00:00:00+00:00, run_after=2023-03-15T00:00:00+00:00
[2023-03-15T16:29:47.326+0000] {logging_mixin.py:120} INFO - [2023-03-15T16:29:47.325+0000] {dag.py:3340} INFO - Setting next_dagrun for dataset_produces_2 to None, run_after=None
[2023-03-15T16:29:47.374+0000] {processor.py:176} INFO - Processing /home/airflow/.local/lib/python3.7/site-packages/airflow/example_dags/example_datasets.py took 0.187 seconds
[2023-03-15T16:30:18.386+0000] {processor.py:154} INFO - Started process (PID=2959) to work on /home/airflow/.local/lib/python3.7/site-packages/airflow/example_dags/example_datasets.py
[2023-03-15T16:30:18.387+0000] {processor.py:756} INFO - Processing file /home/airflow/.local/lib/python3.7/site-packages/airflow/example_dags/example_datasets.py for tasks to queue
[2023-03-15T16:30:18.388+0000] {logging_mixin.py:120} INFO - [2023-03-15T16:30:18.388+0000] {dagbag.py:537} INFO - Filling up the DagBag from /home/airflow/.local/lib/python3.7/site-packages/airflow/example_dags/example_datasets.py
[2023-03-15T16:30:18.400+0000] {processor.py:766} INFO - DAG(s) dict_keys(['dataset_produces_1', 'dataset_consumes_1_never_scheduled', 'dataset_consumes_1', 'dataset_consumes_1_and_2', 'dataset_consumes_unknown_never_scheduled', 'dataset_produces_2']) retrieved from /home/airflow/.local/lib/python3.7/site-packages/airflow/example_dags/example_datasets.py
[2023-03-15T16:30:18.438+0000] {logging_mixin.py:120} INFO - [2023-03-15T16:30:18.438+0000] {dag.py:2585} INFO - Sync 6 DAGs
[2023-03-15T16:30:18.454+0000] {logging_mixin.py:120} INFO - [2023-03-15T16:30:18.454+0000] {dag.py:3340} INFO - Setting next_dagrun for dataset_consumes_1 to None, run_after=None
[2023-03-15T16:30:18.456+0000] {logging_mixin.py:120} INFO - [2023-03-15T16:30:18.456+0000] {dag.py:3340} INFO - Setting next_dagrun for dataset_consumes_1_and_2 to None, run_after=None
[2023-03-15T16:30:18.457+0000] {logging_mixin.py:120} INFO - [2023-03-15T16:30:18.457+0000] {dag.py:3340} INFO - Setting next_dagrun for dataset_consumes_1_never_scheduled to None, run_after=None
[2023-03-15T16:30:18.458+0000] {logging_mixin.py:120} INFO - [2023-03-15T16:30:18.458+0000] {dag.py:3340} INFO - Setting next_dagrun for dataset_consumes_unknown_never_scheduled to None, run_after=None
[2023-03-15T16:30:18.460+0000] {logging_mixin.py:120} INFO - [2023-03-15T16:30:18.460+0000] {dag.py:3340} INFO - Setting next_dagrun for dataset_produces_1 to 2023-03-14T00:00:00+00:00, run_after=2023-03-15T00:00:00+00:00
[2023-03-15T16:30:18.461+0000] {logging_mixin.py:120} INFO - [2023-03-15T16:30:18.461+0000] {dag.py:3340} INFO - Setting next_dagrun for dataset_produces_2 to None, run_after=None
[2023-03-15T16:30:18.478+0000] {processor.py:176} INFO - Processing /home/airflow/.local/lib/python3.7/site-packages/airflow/example_dags/example_datasets.py took 0.094 seconds
[2023-03-15T16:47:12.953+0000] {processor.py:154} INFO - Started process (PID=3017) to work on /home/airflow/.local/lib/python3.7/site-packages/airflow/example_dags/example_datasets.py
[2023-03-15T16:47:12.955+0000] {processor.py:756} INFO - Processing file /home/airflow/.local/lib/python3.7/site-packages/airflow/example_dags/example_datasets.py for tasks to queue
[2023-03-15T16:47:12.956+0000] {logging_mixin.py:120} INFO - [2023-03-15T16:47:12.956+0000] {dagbag.py:537} INFO - Filling up the DagBag from /home/airflow/.local/lib/python3.7/site-packages/airflow/example_dags/example_datasets.py
[2023-03-15T16:47:12.975+0000] {processor.py:766} INFO - DAG(s) dict_keys(['dataset_consumes_unknown_never_scheduled', 'dataset_consumes_1_never_scheduled', 'dataset_produces_2', 'dataset_produces_1', 'dataset_consumes_1_and_2', 'dataset_consumes_1']) retrieved from /home/airflow/.local/lib/python3.7/site-packages/airflow/example_dags/example_datasets.py
[2023-03-15T16:47:13.022+0000] {logging_mixin.py:120} INFO - [2023-03-15T16:47:13.022+0000] {dag.py:2585} INFO - Sync 6 DAGs
[2023-03-15T16:47:13.042+0000] {logging_mixin.py:120} INFO - [2023-03-15T16:47:13.042+0000] {dag.py:3340} INFO - Setting next_dagrun for dataset_consumes_1 to None, run_after=None
[2023-03-15T16:47:13.045+0000] {logging_mixin.py:120} INFO - [2023-03-15T16:47:13.045+0000] {dag.py:3340} INFO - Setting next_dagrun for dataset_consumes_1_and_2 to None, run_after=None
[2023-03-15T16:47:13.046+0000] {logging_mixin.py:120} INFO - [2023-03-15T16:47:13.046+0000] {dag.py:3340} INFO - Setting next_dagrun for dataset_consumes_1_never_scheduled to None, run_after=None
[2023-03-15T16:47:13.047+0000] {logging_mixin.py:120} INFO - [2023-03-15T16:47:13.047+0000] {dag.py:3340} INFO - Setting next_dagrun for dataset_consumes_unknown_never_scheduled to None, run_after=None
[2023-03-15T16:47:13.050+0000] {logging_mixin.py:120} INFO - [2023-03-15T16:47:13.050+0000] {dag.py:3340} INFO - Setting next_dagrun for dataset_produces_1 to 2023-03-14T00:00:00+00:00, run_after=2023-03-15T00:00:00+00:00
[2023-03-15T16:47:13.051+0000] {logging_mixin.py:120} INFO - [2023-03-15T16:47:13.051+0000] {dag.py:3340} INFO - Setting next_dagrun for dataset_produces_2 to None, run_after=None
[2023-03-15T16:47:13.066+0000] {processor.py:176} INFO - Processing /home/airflow/.local/lib/python3.7/site-packages/airflow/example_dags/example_datasets.py took 0.117 seconds
[2023-03-15T16:47:44.121+0000] {processor.py:154} INFO - Started process (PID=3082) to work on /home/airflow/.local/lib/python3.7/site-packages/airflow/example_dags/example_datasets.py
[2023-03-15T16:47:44.122+0000] {processor.py:756} INFO - Processing file /home/airflow/.local/lib/python3.7/site-packages/airflow/example_dags/example_datasets.py for tasks to queue
[2023-03-15T16:47:44.122+0000] {logging_mixin.py:120} INFO - [2023-03-15T16:47:44.122+0000] {dagbag.py:537} INFO - Filling up the DagBag from /home/airflow/.local/lib/python3.7/site-packages/airflow/example_dags/example_datasets.py
[2023-03-15T16:47:44.133+0000] {processor.py:766} INFO - DAG(s) dict_keys(['dataset_consumes_1', 'dataset_consumes_1_never_scheduled', 'dataset_produces_2', 'dataset_produces_1', 'dataset_consumes_1_and_2', 'dataset_consumes_unknown_never_scheduled']) retrieved from /home/airflow/.local/lib/python3.7/site-packages/airflow/example_dags/example_datasets.py
[2023-03-15T16:47:44.171+0000] {logging_mixin.py:120} INFO - [2023-03-15T16:47:44.171+0000] {dag.py:2585} INFO - Sync 6 DAGs
[2023-03-15T16:47:44.186+0000] {logging_mixin.py:120} INFO - [2023-03-15T16:47:44.186+0000] {dag.py:3340} INFO - Setting next_dagrun for dataset_consumes_1 to None, run_after=None
[2023-03-15T16:47:44.188+0000] {logging_mixin.py:120} INFO - [2023-03-15T16:47:44.188+0000] {dag.py:3340} INFO - Setting next_dagrun for dataset_consumes_1_and_2 to None, run_after=None
[2023-03-15T16:47:44.189+0000] {logging_mixin.py:120} INFO - [2023-03-15T16:47:44.189+0000] {dag.py:3340} INFO - Setting next_dagrun for dataset_consumes_1_never_scheduled to None, run_after=None
[2023-03-15T16:47:44.190+0000] {logging_mixin.py:120} INFO - [2023-03-15T16:47:44.190+0000] {dag.py:3340} INFO - Setting next_dagrun for dataset_consumes_unknown_never_scheduled to None, run_after=None
[2023-03-15T16:47:44.192+0000] {logging_mixin.py:120} INFO - [2023-03-15T16:47:44.192+0000] {dag.py:3340} INFO - Setting next_dagrun for dataset_produces_1 to 2023-03-14T00:00:00+00:00, run_after=2023-03-15T00:00:00+00:00
[2023-03-15T16:47:44.193+0000] {logging_mixin.py:120} INFO - [2023-03-15T16:47:44.193+0000] {dag.py:3340} INFO - Setting next_dagrun for dataset_produces_2 to None, run_after=None
[2023-03-15T16:47:44.207+0000] {processor.py:176} INFO - Processing /home/airflow/.local/lib/python3.7/site-packages/airflow/example_dags/example_datasets.py took 0.089 seconds
[2023-03-15T16:59:19.958+0000] {processor.py:154} INFO - Started process (PID=3147) to work on /home/airflow/.local/lib/python3.7/site-packages/airflow/example_dags/example_datasets.py
[2023-03-15T16:59:19.960+0000] {processor.py:756} INFO - Processing file /home/airflow/.local/lib/python3.7/site-packages/airflow/example_dags/example_datasets.py for tasks to queue
[2023-03-15T16:59:19.961+0000] {logging_mixin.py:120} INFO - [2023-03-15T16:59:19.961+0000] {dagbag.py:537} INFO - Filling up the DagBag from /home/airflow/.local/lib/python3.7/site-packages/airflow/example_dags/example_datasets.py
[2023-03-15T16:59:19.974+0000] {processor.py:766} INFO - DAG(s) dict_keys(['dataset_consumes_unknown_never_scheduled', 'dataset_consumes_1_and_2', 'dataset_consumes_1_never_scheduled', 'dataset_produces_1', 'dataset_consumes_1', 'dataset_produces_2']) retrieved from /home/airflow/.local/lib/python3.7/site-packages/airflow/example_dags/example_datasets.py
[2023-03-15T16:59:20.036+0000] {logging_mixin.py:120} INFO - [2023-03-15T16:59:20.036+0000] {dag.py:2585} INFO - Sync 6 DAGs
[2023-03-15T16:59:20.061+0000] {logging_mixin.py:120} INFO - [2023-03-15T16:59:20.061+0000] {dag.py:3340} INFO - Setting next_dagrun for dataset_consumes_1 to None, run_after=None
[2023-03-15T16:59:20.064+0000] {logging_mixin.py:120} INFO - [2023-03-15T16:59:20.064+0000] {dag.py:3340} INFO - Setting next_dagrun for dataset_consumes_1_and_2 to None, run_after=None
[2023-03-15T16:59:20.065+0000] {logging_mixin.py:120} INFO - [2023-03-15T16:59:20.065+0000] {dag.py:3340} INFO - Setting next_dagrun for dataset_consumes_1_never_scheduled to None, run_after=None
[2023-03-15T16:59:20.067+0000] {logging_mixin.py:120} INFO - [2023-03-15T16:59:20.067+0000] {dag.py:3340} INFO - Setting next_dagrun for dataset_consumes_unknown_never_scheduled to None, run_after=None
[2023-03-15T16:59:20.070+0000] {logging_mixin.py:120} INFO - [2023-03-15T16:59:20.070+0000] {dag.py:3340} INFO - Setting next_dagrun for dataset_produces_1 to 2023-03-14T00:00:00+00:00, run_after=2023-03-15T00:00:00+00:00
[2023-03-15T16:59:20.071+0000] {logging_mixin.py:120} INFO - [2023-03-15T16:59:20.071+0000] {dag.py:3340} INFO - Setting next_dagrun for dataset_produces_2 to None, run_after=None
[2023-03-15T16:59:20.097+0000] {processor.py:176} INFO - Processing /home/airflow/.local/lib/python3.7/site-packages/airflow/example_dags/example_datasets.py took 0.142 seconds
[2023-03-15T16:59:50.482+0000] {processor.py:154} INFO - Started process (PID=3212) to work on /home/airflow/.local/lib/python3.7/site-packages/airflow/example_dags/example_datasets.py
[2023-03-15T16:59:50.483+0000] {processor.py:756} INFO - Processing file /home/airflow/.local/lib/python3.7/site-packages/airflow/example_dags/example_datasets.py for tasks to queue
[2023-03-15T16:59:50.484+0000] {logging_mixin.py:120} INFO - [2023-03-15T16:59:50.484+0000] {dagbag.py:537} INFO - Filling up the DagBag from /home/airflow/.local/lib/python3.7/site-packages/airflow/example_dags/example_datasets.py
[2023-03-15T16:59:50.496+0000] {processor.py:766} INFO - DAG(s) dict_keys(['dataset_consumes_1_never_scheduled', 'dataset_consumes_unknown_never_scheduled', 'dataset_consumes_1', 'dataset_consumes_1_and_2', 'dataset_produces_1', 'dataset_produces_2']) retrieved from /home/airflow/.local/lib/python3.7/site-packages/airflow/example_dags/example_datasets.py
[2023-03-15T16:59:50.530+0000] {logging_mixin.py:120} INFO - [2023-03-15T16:59:50.530+0000] {dag.py:2585} INFO - Sync 6 DAGs
[2023-03-15T16:59:50.545+0000] {logging_mixin.py:120} INFO - [2023-03-15T16:59:50.545+0000] {dag.py:3340} INFO - Setting next_dagrun for dataset_consumes_1 to None, run_after=None
[2023-03-15T16:59:50.547+0000] {logging_mixin.py:120} INFO - [2023-03-15T16:59:50.547+0000] {dag.py:3340} INFO - Setting next_dagrun for dataset_consumes_1_and_2 to None, run_after=None
[2023-03-15T16:59:50.549+0000] {logging_mixin.py:120} INFO - [2023-03-15T16:59:50.549+0000] {dag.py:3340} INFO - Setting next_dagrun for dataset_consumes_1_never_scheduled to None, run_after=None
[2023-03-15T16:59:50.550+0000] {logging_mixin.py:120} INFO - [2023-03-15T16:59:50.550+0000] {dag.py:3340} INFO - Setting next_dagrun for dataset_consumes_unknown_never_scheduled to None, run_after=None
[2023-03-15T16:59:50.552+0000] {logging_mixin.py:120} INFO - [2023-03-15T16:59:50.552+0000] {dag.py:3340} INFO - Setting next_dagrun for dataset_produces_1 to 2023-03-14T00:00:00+00:00, run_after=2023-03-15T00:00:00+00:00
[2023-03-15T16:59:50.553+0000] {logging_mixin.py:120} INFO - [2023-03-15T16:59:50.553+0000] {dag.py:3340} INFO - Setting next_dagrun for dataset_produces_2 to None, run_after=None
[2023-03-15T16:59:50.569+0000] {processor.py:176} INFO - Processing /home/airflow/.local/lib/python3.7/site-packages/airflow/example_dags/example_datasets.py took 0.090 seconds
[2023-03-15T17:00:21.155+0000] {processor.py:154} INFO - Started process (PID=3274) to work on /home/airflow/.local/lib/python3.7/site-packages/airflow/example_dags/example_datasets.py
[2023-03-15T17:00:21.156+0000] {processor.py:756} INFO - Processing file /home/airflow/.local/lib/python3.7/site-packages/airflow/example_dags/example_datasets.py for tasks to queue
[2023-03-15T17:00:21.157+0000] {logging_mixin.py:120} INFO - [2023-03-15T17:00:21.157+0000] {dagbag.py:537} INFO - Filling up the DagBag from /home/airflow/.local/lib/python3.7/site-packages/airflow/example_dags/example_datasets.py
[2023-03-15T17:00:21.170+0000] {processor.py:766} INFO - DAG(s) dict_keys(['dataset_produces_1', 'dataset_consumes_1_and_2', 'dataset_consumes_1', 'dataset_consumes_unknown_never_scheduled', 'dataset_produces_2', 'dataset_consumes_1_never_scheduled']) retrieved from /home/airflow/.local/lib/python3.7/site-packages/airflow/example_dags/example_datasets.py
[2023-03-15T17:00:21.210+0000] {logging_mixin.py:120} INFO - [2023-03-15T17:00:21.210+0000] {dag.py:2585} INFO - Sync 6 DAGs
[2023-03-15T17:00:21.226+0000] {logging_mixin.py:120} INFO - [2023-03-15T17:00:21.226+0000] {dag.py:3340} INFO - Setting next_dagrun for dataset_consumes_1 to None, run_after=None
[2023-03-15T17:00:21.229+0000] {logging_mixin.py:120} INFO - [2023-03-15T17:00:21.229+0000] {dag.py:3340} INFO - Setting next_dagrun for dataset_consumes_1_and_2 to None, run_after=None
[2023-03-15T17:00:21.230+0000] {logging_mixin.py:120} INFO - [2023-03-15T17:00:21.230+0000] {dag.py:3340} INFO - Setting next_dagrun for dataset_consumes_1_never_scheduled to None, run_after=None
[2023-03-15T17:00:21.232+0000] {logging_mixin.py:120} INFO - [2023-03-15T17:00:21.232+0000] {dag.py:3340} INFO - Setting next_dagrun for dataset_consumes_unknown_never_scheduled to None, run_after=None
[2023-03-15T17:00:21.234+0000] {logging_mixin.py:120} INFO - [2023-03-15T17:00:21.234+0000] {dag.py:3340} INFO - Setting next_dagrun for dataset_produces_1 to 2023-03-14T00:00:00+00:00, run_after=2023-03-15T00:00:00+00:00
[2023-03-15T17:00:21.235+0000] {logging_mixin.py:120} INFO - [2023-03-15T17:00:21.235+0000] {dag.py:3340} INFO - Setting next_dagrun for dataset_produces_2 to None, run_after=None
[2023-03-15T17:00:21.253+0000] {processor.py:176} INFO - Processing /home/airflow/.local/lib/python3.7/site-packages/airflow/example_dags/example_datasets.py took 0.101 seconds
[2023-03-15T17:00:51.792+0000] {processor.py:154} INFO - Started process (PID=3332) to work on /home/airflow/.local/lib/python3.7/site-packages/airflow/example_dags/example_datasets.py
[2023-03-15T17:00:51.793+0000] {processor.py:756} INFO - Processing file /home/airflow/.local/lib/python3.7/site-packages/airflow/example_dags/example_datasets.py for tasks to queue
[2023-03-15T17:00:51.794+0000] {logging_mixin.py:120} INFO - [2023-03-15T17:00:51.793+0000] {dagbag.py:537} INFO - Filling up the DagBag from /home/airflow/.local/lib/python3.7/site-packages/airflow/example_dags/example_datasets.py
[2023-03-15T17:00:51.805+0000] {processor.py:766} INFO - DAG(s) dict_keys(['dataset_produces_2', 'dataset_produces_1', 'dataset_consumes_unknown_never_scheduled', 'dataset_consumes_1_and_2', 'dataset_consumes_1', 'dataset_consumes_1_never_scheduled']) retrieved from /home/airflow/.local/lib/python3.7/site-packages/airflow/example_dags/example_datasets.py
[2023-03-15T17:00:51.842+0000] {logging_mixin.py:120} INFO - [2023-03-15T17:00:51.842+0000] {dag.py:2585} INFO - Sync 6 DAGs
[2023-03-15T17:00:51.860+0000] {logging_mixin.py:120} INFO - [2023-03-15T17:00:51.860+0000] {dag.py:3340} INFO - Setting next_dagrun for dataset_consumes_1 to None, run_after=None
[2023-03-15T17:00:51.863+0000] {logging_mixin.py:120} INFO - [2023-03-15T17:00:51.863+0000] {dag.py:3340} INFO - Setting next_dagrun for dataset_consumes_1_and_2 to None, run_after=None
[2023-03-15T17:00:51.864+0000] {logging_mixin.py:120} INFO - [2023-03-15T17:00:51.864+0000] {dag.py:3340} INFO - Setting next_dagrun for dataset_consumes_1_never_scheduled to None, run_after=None
[2023-03-15T17:00:51.865+0000] {logging_mixin.py:120} INFO - [2023-03-15T17:00:51.865+0000] {dag.py:3340} INFO - Setting next_dagrun for dataset_consumes_unknown_never_scheduled to None, run_after=None
[2023-03-15T17:00:51.867+0000] {logging_mixin.py:120} INFO - [2023-03-15T17:00:51.867+0000] {dag.py:3340} INFO - Setting next_dagrun for dataset_produces_1 to 2023-03-14T00:00:00+00:00, run_after=2023-03-15T00:00:00+00:00
[2023-03-15T17:00:51.868+0000] {logging_mixin.py:120} INFO - [2023-03-15T17:00:51.868+0000] {dag.py:3340} INFO - Setting next_dagrun for dataset_produces_2 to None, run_after=None
[2023-03-15T17:00:51.884+0000] {processor.py:176} INFO - Processing /home/airflow/.local/lib/python3.7/site-packages/airflow/example_dags/example_datasets.py took 0.094 seconds
[2023-03-15T17:01:22.275+0000] {processor.py:154} INFO - Started process (PID=3397) to work on /home/airflow/.local/lib/python3.7/site-packages/airflow/example_dags/example_datasets.py
[2023-03-15T17:01:22.277+0000] {processor.py:756} INFO - Processing file /home/airflow/.local/lib/python3.7/site-packages/airflow/example_dags/example_datasets.py for tasks to queue
[2023-03-15T17:01:22.277+0000] {logging_mixin.py:120} INFO - [2023-03-15T17:01:22.277+0000] {dagbag.py:537} INFO - Filling up the DagBag from /home/airflow/.local/lib/python3.7/site-packages/airflow/example_dags/example_datasets.py
[2023-03-15T17:01:22.289+0000] {processor.py:766} INFO - DAG(s) dict_keys(['dataset_produces_1', 'dataset_consumes_unknown_never_scheduled', 'dataset_consumes_1_never_scheduled', 'dataset_produces_2', 'dataset_consumes_1', 'dataset_consumes_1_and_2']) retrieved from /home/airflow/.local/lib/python3.7/site-packages/airflow/example_dags/example_datasets.py
[2023-03-15T17:01:22.327+0000] {logging_mixin.py:120} INFO - [2023-03-15T17:01:22.327+0000] {dag.py:2585} INFO - Sync 6 DAGs
[2023-03-15T17:01:22.345+0000] {logging_mixin.py:120} INFO - [2023-03-15T17:01:22.345+0000] {dag.py:3340} INFO - Setting next_dagrun for dataset_consumes_1 to None, run_after=None
[2023-03-15T17:01:22.347+0000] {logging_mixin.py:120} INFO - [2023-03-15T17:01:22.347+0000] {dag.py:3340} INFO - Setting next_dagrun for dataset_consumes_1_and_2 to None, run_after=None
[2023-03-15T17:01:22.348+0000] {logging_mixin.py:120} INFO - [2023-03-15T17:01:22.348+0000] {dag.py:3340} INFO - Setting next_dagrun for dataset_consumes_1_never_scheduled to None, run_after=None
[2023-03-15T17:01:22.349+0000] {logging_mixin.py:120} INFO - [2023-03-15T17:01:22.349+0000] {dag.py:3340} INFO - Setting next_dagrun for dataset_consumes_unknown_never_scheduled to None, run_after=None
[2023-03-15T17:01:22.351+0000] {logging_mixin.py:120} INFO - [2023-03-15T17:01:22.351+0000] {dag.py:3340} INFO - Setting next_dagrun for dataset_produces_1 to 2023-03-14T00:00:00+00:00, run_after=2023-03-15T00:00:00+00:00
[2023-03-15T17:01:22.352+0000] {logging_mixin.py:120} INFO - [2023-03-15T17:01:22.352+0000] {dag.py:3340} INFO - Setting next_dagrun for dataset_produces_2 to None, run_after=None
[2023-03-15T17:01:22.369+0000] {processor.py:176} INFO - Processing /home/airflow/.local/lib/python3.7/site-packages/airflow/example_dags/example_datasets.py took 0.097 seconds
[2023-03-15T17:01:52.670+0000] {processor.py:154} INFO - Started process (PID=3462) to work on /home/airflow/.local/lib/python3.7/site-packages/airflow/example_dags/example_datasets.py
[2023-03-15T17:01:52.671+0000] {processor.py:756} INFO - Processing file /home/airflow/.local/lib/python3.7/site-packages/airflow/example_dags/example_datasets.py for tasks to queue
[2023-03-15T17:01:52.672+0000] {logging_mixin.py:120} INFO - [2023-03-15T17:01:52.672+0000] {dagbag.py:537} INFO - Filling up the DagBag from /home/airflow/.local/lib/python3.7/site-packages/airflow/example_dags/example_datasets.py
[2023-03-15T17:01:52.685+0000] {processor.py:766} INFO - DAG(s) dict_keys(['dataset_consumes_1', 'dataset_consumes_unknown_never_scheduled', 'dataset_produces_1', 'dataset_consumes_1_and_2', 'dataset_produces_2', 'dataset_consumes_1_never_scheduled']) retrieved from /home/airflow/.local/lib/python3.7/site-packages/airflow/example_dags/example_datasets.py
[2023-03-15T17:01:52.721+0000] {logging_mixin.py:120} INFO - [2023-03-15T17:01:52.721+0000] {dag.py:2585} INFO - Sync 6 DAGs
[2023-03-15T17:01:52.738+0000] {logging_mixin.py:120} INFO - [2023-03-15T17:01:52.737+0000] {dag.py:3340} INFO - Setting next_dagrun for dataset_consumes_1 to None, run_after=None
[2023-03-15T17:01:52.741+0000] {logging_mixin.py:120} INFO - [2023-03-15T17:01:52.741+0000] {dag.py:3340} INFO - Setting next_dagrun for dataset_consumes_1_and_2 to None, run_after=None
[2023-03-15T17:01:52.742+0000] {logging_mixin.py:120} INFO - [2023-03-15T17:01:52.742+0000] {dag.py:3340} INFO - Setting next_dagrun for dataset_consumes_1_never_scheduled to None, run_after=None
[2023-03-15T17:01:52.743+0000] {logging_mixin.py:120} INFO - [2023-03-15T17:01:52.743+0000] {dag.py:3340} INFO - Setting next_dagrun for dataset_consumes_unknown_never_scheduled to None, run_after=None
[2023-03-15T17:01:52.745+0000] {logging_mixin.py:120} INFO - [2023-03-15T17:01:52.745+0000] {dag.py:3340} INFO - Setting next_dagrun for dataset_produces_1 to 2023-03-14T00:00:00+00:00, run_after=2023-03-15T00:00:00+00:00
[2023-03-15T17:01:52.746+0000] {logging_mixin.py:120} INFO - [2023-03-15T17:01:52.746+0000] {dag.py:3340} INFO - Setting next_dagrun for dataset_produces_2 to None, run_after=None
[2023-03-15T17:01:52.764+0000] {processor.py:176} INFO - Processing /home/airflow/.local/lib/python3.7/site-packages/airflow/example_dags/example_datasets.py took 0.097 seconds
[2023-03-15T17:02:23.075+0000] {processor.py:154} INFO - Started process (PID=3527) to work on /home/airflow/.local/lib/python3.7/site-packages/airflow/example_dags/example_datasets.py
[2023-03-15T17:02:23.077+0000] {processor.py:756} INFO - Processing file /home/airflow/.local/lib/python3.7/site-packages/airflow/example_dags/example_datasets.py for tasks to queue
[2023-03-15T17:02:23.078+0000] {logging_mixin.py:120} INFO - [2023-03-15T17:02:23.077+0000] {dagbag.py:537} INFO - Filling up the DagBag from /home/airflow/.local/lib/python3.7/site-packages/airflow/example_dags/example_datasets.py
[2023-03-15T17:02:23.090+0000] {processor.py:766} INFO - DAG(s) dict_keys(['dataset_consumes_1_and_2', 'dataset_consumes_1_never_scheduled', 'dataset_produces_1', 'dataset_consumes_1', 'dataset_consumes_unknown_never_scheduled', 'dataset_produces_2']) retrieved from /home/airflow/.local/lib/python3.7/site-packages/airflow/example_dags/example_datasets.py
[2023-03-15T17:02:23.126+0000] {logging_mixin.py:120} INFO - [2023-03-15T17:02:23.126+0000] {dag.py:2585} INFO - Sync 6 DAGs
[2023-03-15T17:02:23.142+0000] {logging_mixin.py:120} INFO - [2023-03-15T17:02:23.142+0000] {dag.py:3340} INFO - Setting next_dagrun for dataset_consumes_1 to None, run_after=None
[2023-03-15T17:02:23.145+0000] {logging_mixin.py:120} INFO - [2023-03-15T17:02:23.144+0000] {dag.py:3340} INFO - Setting next_dagrun for dataset_consumes_1_and_2 to None, run_after=None
[2023-03-15T17:02:23.146+0000] {logging_mixin.py:120} INFO - [2023-03-15T17:02:23.146+0000] {dag.py:3340} INFO - Setting next_dagrun for dataset_consumes_1_never_scheduled to None, run_after=None
[2023-03-15T17:02:23.147+0000] {logging_mixin.py:120} INFO - [2023-03-15T17:02:23.147+0000] {dag.py:3340} INFO - Setting next_dagrun for dataset_consumes_unknown_never_scheduled to None, run_after=None
[2023-03-15T17:02:23.149+0000] {logging_mixin.py:120} INFO - [2023-03-15T17:02:23.149+0000] {dag.py:3340} INFO - Setting next_dagrun for dataset_produces_1 to 2023-03-14T00:00:00+00:00, run_after=2023-03-15T00:00:00+00:00
[2023-03-15T17:02:23.150+0000] {logging_mixin.py:120} INFO - [2023-03-15T17:02:23.150+0000] {dag.py:3340} INFO - Setting next_dagrun for dataset_produces_2 to None, run_after=None
[2023-03-15T17:02:23.165+0000] {processor.py:176} INFO - Processing /home/airflow/.local/lib/python3.7/site-packages/airflow/example_dags/example_datasets.py took 0.093 seconds
[2023-03-15T17:02:53.480+0000] {processor.py:154} INFO - Started process (PID=3592) to work on /home/airflow/.local/lib/python3.7/site-packages/airflow/example_dags/example_datasets.py
[2023-03-15T17:02:53.481+0000] {processor.py:756} INFO - Processing file /home/airflow/.local/lib/python3.7/site-packages/airflow/example_dags/example_datasets.py for tasks to queue
[2023-03-15T17:02:53.482+0000] {logging_mixin.py:120} INFO - [2023-03-15T17:02:53.482+0000] {dagbag.py:537} INFO - Filling up the DagBag from /home/airflow/.local/lib/python3.7/site-packages/airflow/example_dags/example_datasets.py
[2023-03-15T17:02:53.494+0000] {processor.py:766} INFO - DAG(s) dict_keys(['dataset_consumes_1_and_2', 'dataset_produces_2', 'dataset_consumes_unknown_never_scheduled', 'dataset_consumes_1_never_scheduled', 'dataset_produces_1', 'dataset_consumes_1']) retrieved from /home/airflow/.local/lib/python3.7/site-packages/airflow/example_dags/example_datasets.py
[2023-03-15T17:02:53.530+0000] {logging_mixin.py:120} INFO - [2023-03-15T17:02:53.530+0000] {dag.py:2585} INFO - Sync 6 DAGs
[2023-03-15T17:02:53.546+0000] {logging_mixin.py:120} INFO - [2023-03-15T17:02:53.545+0000] {dag.py:3340} INFO - Setting next_dagrun for dataset_consumes_1 to None, run_after=None
[2023-03-15T17:02:53.548+0000] {logging_mixin.py:120} INFO - [2023-03-15T17:02:53.548+0000] {dag.py:3340} INFO - Setting next_dagrun for dataset_consumes_1_and_2 to None, run_after=None
[2023-03-15T17:02:53.549+0000] {logging_mixin.py:120} INFO - [2023-03-15T17:02:53.549+0000] {dag.py:3340} INFO - Setting next_dagrun for dataset_consumes_1_never_scheduled to None, run_after=None
[2023-03-15T17:02:53.550+0000] {logging_mixin.py:120} INFO - [2023-03-15T17:02:53.550+0000] {dag.py:3340} INFO - Setting next_dagrun for dataset_consumes_unknown_never_scheduled to None, run_after=None
[2023-03-15T17:02:53.552+0000] {logging_mixin.py:120} INFO - [2023-03-15T17:02:53.552+0000] {dag.py:3340} INFO - Setting next_dagrun for dataset_produces_1 to 2023-03-14T00:00:00+00:00, run_after=2023-03-15T00:00:00+00:00
[2023-03-15T17:02:53.553+0000] {logging_mixin.py:120} INFO - [2023-03-15T17:02:53.553+0000] {dag.py:3340} INFO - Setting next_dagrun for dataset_produces_2 to None, run_after=None
[2023-03-15T17:02:53.568+0000] {processor.py:176} INFO - Processing /home/airflow/.local/lib/python3.7/site-packages/airflow/example_dags/example_datasets.py took 0.091 seconds
[2023-03-15T17:03:24.051+0000] {processor.py:154} INFO - Started process (PID=3657) to work on /home/airflow/.local/lib/python3.7/site-packages/airflow/example_dags/example_datasets.py
[2023-03-15T17:03:24.052+0000] {processor.py:756} INFO - Processing file /home/airflow/.local/lib/python3.7/site-packages/airflow/example_dags/example_datasets.py for tasks to queue
[2023-03-15T17:03:24.053+0000] {logging_mixin.py:120} INFO - [2023-03-15T17:03:24.053+0000] {dagbag.py:537} INFO - Filling up the DagBag from /home/airflow/.local/lib/python3.7/site-packages/airflow/example_dags/example_datasets.py
[2023-03-15T17:03:24.066+0000] {processor.py:766} INFO - DAG(s) dict_keys(['dataset_consumes_unknown_never_scheduled', 'dataset_produces_2', 'dataset_consumes_1', 'dataset_consumes_1_never_scheduled', 'dataset_consumes_1_and_2', 'dataset_produces_1']) retrieved from /home/airflow/.local/lib/python3.7/site-packages/airflow/example_dags/example_datasets.py
[2023-03-15T17:03:24.104+0000] {logging_mixin.py:120} INFO - [2023-03-15T17:03:24.104+0000] {dag.py:2585} INFO - Sync 6 DAGs
[2023-03-15T17:03:24.120+0000] {logging_mixin.py:120} INFO - [2023-03-15T17:03:24.120+0000] {dag.py:3340} INFO - Setting next_dagrun for dataset_consumes_1 to None, run_after=None
[2023-03-15T17:03:24.123+0000] {logging_mixin.py:120} INFO - [2023-03-15T17:03:24.123+0000] {dag.py:3340} INFO - Setting next_dagrun for dataset_consumes_1_and_2 to None, run_after=None
[2023-03-15T17:03:24.124+0000] {logging_mixin.py:120} INFO - [2023-03-15T17:03:24.124+0000] {dag.py:3340} INFO - Setting next_dagrun for dataset_consumes_1_never_scheduled to None, run_after=None
[2023-03-15T17:03:24.126+0000] {logging_mixin.py:120} INFO - [2023-03-15T17:03:24.126+0000] {dag.py:3340} INFO - Setting next_dagrun for dataset_consumes_unknown_never_scheduled to None, run_after=None
[2023-03-15T17:03:24.128+0000] {logging_mixin.py:120} INFO - [2023-03-15T17:03:24.127+0000] {dag.py:3340} INFO - Setting next_dagrun for dataset_produces_1 to 2023-03-14T00:00:00+00:00, run_after=2023-03-15T00:00:00+00:00
[2023-03-15T17:03:24.129+0000] {logging_mixin.py:120} INFO - [2023-03-15T17:03:24.129+0000] {dag.py:3340} INFO - Setting next_dagrun for dataset_produces_2 to None, run_after=None
[2023-03-15T17:03:24.145+0000] {processor.py:176} INFO - Processing /home/airflow/.local/lib/python3.7/site-packages/airflow/example_dags/example_datasets.py took 0.096 seconds
[2023-03-15T17:03:54.576+0000] {processor.py:154} INFO - Started process (PID=3713) to work on /home/airflow/.local/lib/python3.7/site-packages/airflow/example_dags/example_datasets.py
[2023-03-15T17:03:54.578+0000] {processor.py:756} INFO - Processing file /home/airflow/.local/lib/python3.7/site-packages/airflow/example_dags/example_datasets.py for tasks to queue
[2023-03-15T17:03:54.579+0000] {logging_mixin.py:120} INFO - [2023-03-15T17:03:54.579+0000] {dagbag.py:537} INFO - Filling up the DagBag from /home/airflow/.local/lib/python3.7/site-packages/airflow/example_dags/example_datasets.py
[2023-03-15T17:03:54.590+0000] {processor.py:766} INFO - DAG(s) dict_keys(['dataset_consumes_1_never_scheduled', 'dataset_produces_1', 'dataset_consumes_1_and_2', 'dataset_produces_2', 'dataset_consumes_1', 'dataset_consumes_unknown_never_scheduled']) retrieved from /home/airflow/.local/lib/python3.7/site-packages/airflow/example_dags/example_datasets.py
[2023-03-15T17:03:54.625+0000] {logging_mixin.py:120} INFO - [2023-03-15T17:03:54.625+0000] {dag.py:2585} INFO - Sync 6 DAGs
[2023-03-15T17:03:54.641+0000] {logging_mixin.py:120} INFO - [2023-03-15T17:03:54.641+0000] {dag.py:3340} INFO - Setting next_dagrun for dataset_consumes_1 to None, run_after=None
[2023-03-15T17:03:54.643+0000] {logging_mixin.py:120} INFO - [2023-03-15T17:03:54.643+0000] {dag.py:3340} INFO - Setting next_dagrun for dataset_consumes_1_and_2 to None, run_after=None
[2023-03-15T17:03:54.644+0000] {logging_mixin.py:120} INFO - [2023-03-15T17:03:54.644+0000] {dag.py:3340} INFO - Setting next_dagrun for dataset_consumes_1_never_scheduled to None, run_after=None
[2023-03-15T17:03:54.646+0000] {logging_mixin.py:120} INFO - [2023-03-15T17:03:54.646+0000] {dag.py:3340} INFO - Setting next_dagrun for dataset_consumes_unknown_never_scheduled to None, run_after=None
[2023-03-15T17:03:54.647+0000] {logging_mixin.py:120} INFO - [2023-03-15T17:03:54.647+0000] {dag.py:3340} INFO - Setting next_dagrun for dataset_produces_1 to 2023-03-14T00:00:00+00:00, run_after=2023-03-15T00:00:00+00:00
[2023-03-15T17:03:54.648+0000] {logging_mixin.py:120} INFO - [2023-03-15T17:03:54.648+0000] {dag.py:3340} INFO - Setting next_dagrun for dataset_produces_2 to None, run_after=None
[2023-03-15T17:03:54.664+0000] {processor.py:176} INFO - Processing /home/airflow/.local/lib/python3.7/site-packages/airflow/example_dags/example_datasets.py took 0.090 seconds
[2023-03-15T17:04:25.057+0000] {processor.py:154} INFO - Started process (PID=3777) to work on /home/airflow/.local/lib/python3.7/site-packages/airflow/example_dags/example_datasets.py
[2023-03-15T17:04:25.058+0000] {processor.py:756} INFO - Processing file /home/airflow/.local/lib/python3.7/site-packages/airflow/example_dags/example_datasets.py for tasks to queue
[2023-03-15T17:04:25.059+0000] {logging_mixin.py:120} INFO - [2023-03-15T17:04:25.059+0000] {dagbag.py:537} INFO - Filling up the DagBag from /home/airflow/.local/lib/python3.7/site-packages/airflow/example_dags/example_datasets.py
[2023-03-15T17:04:25.071+0000] {processor.py:766} INFO - DAG(s) dict_keys(['dataset_consumes_1_never_scheduled', 'dataset_produces_1', 'dataset_consumes_1', 'dataset_consumes_1_and_2', 'dataset_consumes_unknown_never_scheduled', 'dataset_produces_2']) retrieved from /home/airflow/.local/lib/python3.7/site-packages/airflow/example_dags/example_datasets.py
[2023-03-15T17:04:25.108+0000] {logging_mixin.py:120} INFO - [2023-03-15T17:04:25.108+0000] {dag.py:2585} INFO - Sync 6 DAGs
[2023-03-15T17:04:25.123+0000] {logging_mixin.py:120} INFO - [2023-03-15T17:04:25.123+0000] {dag.py:3340} INFO - Setting next_dagrun for dataset_consumes_1 to None, run_after=None
[2023-03-15T17:04:25.126+0000] {logging_mixin.py:120} INFO - [2023-03-15T17:04:25.126+0000] {dag.py:3340} INFO - Setting next_dagrun for dataset_consumes_1_and_2 to None, run_after=None
[2023-03-15T17:04:25.127+0000] {logging_mixin.py:120} INFO - [2023-03-15T17:04:25.127+0000] {dag.py:3340} INFO - Setting next_dagrun for dataset_consumes_1_never_scheduled to None, run_after=None
[2023-03-15T17:04:25.128+0000] {logging_mixin.py:120} INFO - [2023-03-15T17:04:25.128+0000] {dag.py:3340} INFO - Setting next_dagrun for dataset_consumes_unknown_never_scheduled to None, run_after=None
[2023-03-15T17:04:25.130+0000] {logging_mixin.py:120} INFO - [2023-03-15T17:04:25.130+0000] {dag.py:3340} INFO - Setting next_dagrun for dataset_produces_1 to 2023-03-14T00:00:00+00:00, run_after=2023-03-15T00:00:00+00:00
[2023-03-15T17:04:25.132+0000] {logging_mixin.py:120} INFO - [2023-03-15T17:04:25.132+0000] {dag.py:3340} INFO - Setting next_dagrun for dataset_produces_2 to None, run_after=None
[2023-03-15T17:04:25.148+0000] {processor.py:176} INFO - Processing /home/airflow/.local/lib/python3.7/site-packages/airflow/example_dags/example_datasets.py took 0.093 seconds
