[2023-03-15T16:01:39.185+0000] {processor.py:154} INFO - Started process (PID=47) to work on /home/airflow/.local/lib/python3.7/site-packages/airflow/example_dags/example_bash_operator.py
[2023-03-15T16:01:39.187+0000] {processor.py:756} INFO - Processing file /home/airflow/.local/lib/python3.7/site-packages/airflow/example_dags/example_bash_operator.py for tasks to queue
[2023-03-15T16:01:39.188+0000] {logging_mixin.py:120} INFO - [2023-03-15T16:01:39.188+0000] {dagbag.py:537} INFO - Filling up the DagBag from /home/airflow/.local/lib/python3.7/site-packages/airflow/example_dags/example_bash_operator.py
[2023-03-15T16:01:39.214+0000] {processor.py:766} INFO - DAG(s) dict_keys(['example_bash_operator']) retrieved from /home/airflow/.local/lib/python3.7/site-packages/airflow/example_dags/example_bash_operator.py
[2023-03-15T16:01:39.411+0000] {logging_mixin.py:120} INFO - [2023-03-15T16:01:39.411+0000] {manager.py:507} INFO - Created Permission View: can read on DAG:example_bash_operator
[2023-03-15T16:01:39.424+0000] {logging_mixin.py:120} INFO - [2023-03-15T16:01:39.424+0000] {manager.py:507} INFO - Created Permission View: can delete on DAG:example_bash_operator
[2023-03-15T16:01:39.430+0000] {logging_mixin.py:120} INFO - [2023-03-15T16:01:39.430+0000] {manager.py:507} INFO - Created Permission View: can edit on DAG:example_bash_operator
[2023-03-15T16:01:39.431+0000] {logging_mixin.py:120} INFO - [2023-03-15T16:01:39.431+0000] {dag.py:2585} INFO - Sync 1 DAGs
[2023-03-15T16:01:39.448+0000] {logging_mixin.py:120} INFO - [2023-03-15T16:01:39.448+0000] {dag.py:2606} INFO - Creating ORM DAG for example_bash_operator
[2023-03-15T16:01:39.461+0000] {logging_mixin.py:120} INFO - [2023-03-15T16:01:39.460+0000] {dag.py:3340} INFO - Setting next_dagrun for example_bash_operator to 2023-03-14T00:00:00+00:00, run_after=2023-03-15T00:00:00+00:00
[2023-03-15T16:01:39.478+0000] {processor.py:176} INFO - Processing /home/airflow/.local/lib/python3.7/site-packages/airflow/example_dags/example_bash_operator.py took 0.296 seconds
[2023-03-15T16:02:09.790+0000] {processor.py:154} INFO - Started process (PID=109) to work on /home/airflow/.local/lib/python3.7/site-packages/airflow/example_dags/example_bash_operator.py
[2023-03-15T16:02:09.791+0000] {processor.py:756} INFO - Processing file /home/airflow/.local/lib/python3.7/site-packages/airflow/example_dags/example_bash_operator.py for tasks to queue
[2023-03-15T16:02:09.792+0000] {logging_mixin.py:120} INFO - [2023-03-15T16:02:09.792+0000] {dagbag.py:537} INFO - Filling up the DagBag from /home/airflow/.local/lib/python3.7/site-packages/airflow/example_dags/example_bash_operator.py
[2023-03-15T16:02:09.809+0000] {processor.py:766} INFO - DAG(s) dict_keys(['example_bash_operator']) retrieved from /home/airflow/.local/lib/python3.7/site-packages/airflow/example_dags/example_bash_operator.py
[2023-03-15T16:02:09.842+0000] {logging_mixin.py:120} INFO - [2023-03-15T16:02:09.842+0000] {dag.py:2585} INFO - Sync 1 DAGs
[2023-03-15T16:02:09.859+0000] {logging_mixin.py:120} INFO - [2023-03-15T16:02:09.859+0000] {dag.py:3340} INFO - Setting next_dagrun for example_bash_operator to 2023-03-14T00:00:00+00:00, run_after=2023-03-15T00:00:00+00:00
[2023-03-15T16:02:09.870+0000] {processor.py:176} INFO - Processing /home/airflow/.local/lib/python3.7/site-packages/airflow/example_dags/example_bash_operator.py took 0.083 seconds
[2023-03-15T16:02:40.088+0000] {processor.py:154} INFO - Started process (PID=171) to work on /home/airflow/.local/lib/python3.7/site-packages/airflow/example_dags/example_bash_operator.py
[2023-03-15T16:02:40.091+0000] {processor.py:756} INFO - Processing file /home/airflow/.local/lib/python3.7/site-packages/airflow/example_dags/example_bash_operator.py for tasks to queue
[2023-03-15T16:02:40.093+0000] {logging_mixin.py:120} INFO - [2023-03-15T16:02:40.093+0000] {dagbag.py:537} INFO - Filling up the DagBag from /home/airflow/.local/lib/python3.7/site-packages/airflow/example_dags/example_bash_operator.py
[2023-03-15T16:02:40.142+0000] {processor.py:766} INFO - DAG(s) dict_keys(['example_bash_operator']) retrieved from /home/airflow/.local/lib/python3.7/site-packages/airflow/example_dags/example_bash_operator.py
[2023-03-15T16:02:40.218+0000] {logging_mixin.py:120} INFO - [2023-03-15T16:02:40.218+0000] {dag.py:2585} INFO - Sync 1 DAGs
[2023-03-15T16:02:40.246+0000] {logging_mixin.py:120} INFO - [2023-03-15T16:02:40.246+0000] {dag.py:3340} INFO - Setting next_dagrun for example_bash_operator to 2023-03-14T00:00:00+00:00, run_after=2023-03-15T00:00:00+00:00
[2023-03-15T16:02:40.264+0000] {processor.py:176} INFO - Processing /home/airflow/.local/lib/python3.7/site-packages/airflow/example_dags/example_bash_operator.py took 0.179 seconds
[2023-03-15T16:03:10.685+0000] {processor.py:154} INFO - Started process (PID=235) to work on /home/airflow/.local/lib/python3.7/site-packages/airflow/example_dags/example_bash_operator.py
[2023-03-15T16:03:10.686+0000] {processor.py:756} INFO - Processing file /home/airflow/.local/lib/python3.7/site-packages/airflow/example_dags/example_bash_operator.py for tasks to queue
[2023-03-15T16:03:10.687+0000] {logging_mixin.py:120} INFO - [2023-03-15T16:03:10.687+0000] {dagbag.py:537} INFO - Filling up the DagBag from /home/airflow/.local/lib/python3.7/site-packages/airflow/example_dags/example_bash_operator.py
[2023-03-15T16:03:10.703+0000] {processor.py:766} INFO - DAG(s) dict_keys(['example_bash_operator']) retrieved from /home/airflow/.local/lib/python3.7/site-packages/airflow/example_dags/example_bash_operator.py
[2023-03-15T16:03:10.735+0000] {logging_mixin.py:120} INFO - [2023-03-15T16:03:10.735+0000] {dag.py:2585} INFO - Sync 1 DAGs
[2023-03-15T16:03:10.752+0000] {logging_mixin.py:120} INFO - [2023-03-15T16:03:10.751+0000] {dag.py:3340} INFO - Setting next_dagrun for example_bash_operator to 2023-03-14T00:00:00+00:00, run_after=2023-03-15T00:00:00+00:00
[2023-03-15T16:03:10.762+0000] {processor.py:176} INFO - Processing /home/airflow/.local/lib/python3.7/site-packages/airflow/example_dags/example_bash_operator.py took 0.080 seconds
[2023-03-15T16:03:41.072+0000] {processor.py:154} INFO - Started process (PID=290) to work on /home/airflow/.local/lib/python3.7/site-packages/airflow/example_dags/example_bash_operator.py
[2023-03-15T16:03:41.074+0000] {processor.py:756} INFO - Processing file /home/airflow/.local/lib/python3.7/site-packages/airflow/example_dags/example_bash_operator.py for tasks to queue
[2023-03-15T16:03:41.075+0000] {logging_mixin.py:120} INFO - [2023-03-15T16:03:41.075+0000] {dagbag.py:537} INFO - Filling up the DagBag from /home/airflow/.local/lib/python3.7/site-packages/airflow/example_dags/example_bash_operator.py
[2023-03-15T16:03:41.092+0000] {processor.py:766} INFO - DAG(s) dict_keys(['example_bash_operator']) retrieved from /home/airflow/.local/lib/python3.7/site-packages/airflow/example_dags/example_bash_operator.py
[2023-03-15T16:03:41.127+0000] {logging_mixin.py:120} INFO - [2023-03-15T16:03:41.127+0000] {dag.py:2585} INFO - Sync 1 DAGs
[2023-03-15T16:03:41.144+0000] {logging_mixin.py:120} INFO - [2023-03-15T16:03:41.144+0000] {dag.py:3340} INFO - Setting next_dagrun for example_bash_operator to 2023-03-14T00:00:00+00:00, run_after=2023-03-15T00:00:00+00:00
[2023-03-15T16:03:41.157+0000] {processor.py:176} INFO - Processing /home/airflow/.local/lib/python3.7/site-packages/airflow/example_dags/example_bash_operator.py took 0.088 seconds
[2023-03-15T16:04:11.192+0000] {processor.py:154} INFO - Started process (PID=353) to work on /home/airflow/.local/lib/python3.7/site-packages/airflow/example_dags/example_bash_operator.py
[2023-03-15T16:04:11.194+0000] {processor.py:756} INFO - Processing file /home/airflow/.local/lib/python3.7/site-packages/airflow/example_dags/example_bash_operator.py for tasks to queue
[2023-03-15T16:04:11.194+0000] {logging_mixin.py:120} INFO - [2023-03-15T16:04:11.194+0000] {dagbag.py:537} INFO - Filling up the DagBag from /home/airflow/.local/lib/python3.7/site-packages/airflow/example_dags/example_bash_operator.py
[2023-03-15T16:04:11.210+0000] {processor.py:766} INFO - DAG(s) dict_keys(['example_bash_operator']) retrieved from /home/airflow/.local/lib/python3.7/site-packages/airflow/example_dags/example_bash_operator.py
[2023-03-15T16:04:11.243+0000] {logging_mixin.py:120} INFO - [2023-03-15T16:04:11.243+0000] {dag.py:2585} INFO - Sync 1 DAGs
[2023-03-15T16:04:11.260+0000] {logging_mixin.py:120} INFO - [2023-03-15T16:04:11.260+0000] {dag.py:3340} INFO - Setting next_dagrun for example_bash_operator to 2023-03-14T00:00:00+00:00, run_after=2023-03-15T00:00:00+00:00
[2023-03-15T16:04:11.271+0000] {processor.py:176} INFO - Processing /home/airflow/.local/lib/python3.7/site-packages/airflow/example_dags/example_bash_operator.py took 0.082 seconds
[2023-03-15T16:04:41.588+0000] {processor.py:154} INFO - Started process (PID=418) to work on /home/airflow/.local/lib/python3.7/site-packages/airflow/example_dags/example_bash_operator.py
[2023-03-15T16:04:41.589+0000] {processor.py:756} INFO - Processing file /home/airflow/.local/lib/python3.7/site-packages/airflow/example_dags/example_bash_operator.py for tasks to queue
[2023-03-15T16:04:41.590+0000] {logging_mixin.py:120} INFO - [2023-03-15T16:04:41.590+0000] {dagbag.py:537} INFO - Filling up the DagBag from /home/airflow/.local/lib/python3.7/site-packages/airflow/example_dags/example_bash_operator.py
[2023-03-15T16:04:41.605+0000] {processor.py:766} INFO - DAG(s) dict_keys(['example_bash_operator']) retrieved from /home/airflow/.local/lib/python3.7/site-packages/airflow/example_dags/example_bash_operator.py
[2023-03-15T16:04:41.637+0000] {logging_mixin.py:120} INFO - [2023-03-15T16:04:41.637+0000] {dag.py:2585} INFO - Sync 1 DAGs
[2023-03-15T16:04:41.655+0000] {logging_mixin.py:120} INFO - [2023-03-15T16:04:41.655+0000] {dag.py:3340} INFO - Setting next_dagrun for example_bash_operator to 2023-03-14T00:00:00+00:00, run_after=2023-03-15T00:00:00+00:00
[2023-03-15T16:04:41.666+0000] {processor.py:176} INFO - Processing /home/airflow/.local/lib/python3.7/site-packages/airflow/example_dags/example_bash_operator.py took 0.081 seconds
[2023-03-15T16:05:11.850+0000] {processor.py:154} INFO - Started process (PID=482) to work on /home/airflow/.local/lib/python3.7/site-packages/airflow/example_dags/example_bash_operator.py
[2023-03-15T16:05:11.852+0000] {processor.py:756} INFO - Processing file /home/airflow/.local/lib/python3.7/site-packages/airflow/example_dags/example_bash_operator.py for tasks to queue
[2023-03-15T16:05:11.853+0000] {logging_mixin.py:120} INFO - [2023-03-15T16:05:11.853+0000] {dagbag.py:537} INFO - Filling up the DagBag from /home/airflow/.local/lib/python3.7/site-packages/airflow/example_dags/example_bash_operator.py
[2023-03-15T16:05:11.869+0000] {processor.py:766} INFO - DAG(s) dict_keys(['example_bash_operator']) retrieved from /home/airflow/.local/lib/python3.7/site-packages/airflow/example_dags/example_bash_operator.py
[2023-03-15T16:05:11.904+0000] {logging_mixin.py:120} INFO - [2023-03-15T16:05:11.903+0000] {dag.py:2585} INFO - Sync 1 DAGs
[2023-03-15T16:05:11.922+0000] {logging_mixin.py:120} INFO - [2023-03-15T16:05:11.922+0000] {dag.py:3340} INFO - Setting next_dagrun for example_bash_operator to 2023-03-14T00:00:00+00:00, run_after=2023-03-15T00:00:00+00:00
[2023-03-15T16:05:11.935+0000] {processor.py:176} INFO - Processing /home/airflow/.local/lib/python3.7/site-packages/airflow/example_dags/example_bash_operator.py took 0.087 seconds
[2023-03-15T16:05:42.407+0000] {processor.py:154} INFO - Started process (PID=544) to work on /home/airflow/.local/lib/python3.7/site-packages/airflow/example_dags/example_bash_operator.py
[2023-03-15T16:05:42.409+0000] {processor.py:756} INFO - Processing file /home/airflow/.local/lib/python3.7/site-packages/airflow/example_dags/example_bash_operator.py for tasks to queue
[2023-03-15T16:05:42.410+0000] {logging_mixin.py:120} INFO - [2023-03-15T16:05:42.410+0000] {dagbag.py:537} INFO - Filling up the DagBag from /home/airflow/.local/lib/python3.7/site-packages/airflow/example_dags/example_bash_operator.py
[2023-03-15T16:05:42.431+0000] {processor.py:766} INFO - DAG(s) dict_keys(['example_bash_operator']) retrieved from /home/airflow/.local/lib/python3.7/site-packages/airflow/example_dags/example_bash_operator.py
[2023-03-15T16:05:42.454+0000] {logging_mixin.py:120} INFO - [2023-03-15T16:05:42.454+0000] {dag.py:2585} INFO - Sync 1 DAGs
[2023-03-15T16:05:42.471+0000] {logging_mixin.py:120} INFO - [2023-03-15T16:05:42.471+0000] {dag.py:3340} INFO - Setting next_dagrun for example_bash_operator to 2023-03-14T00:00:00+00:00, run_after=2023-03-15T00:00:00+00:00
[2023-03-15T16:05:42.483+0000] {processor.py:176} INFO - Processing /home/airflow/.local/lib/python3.7/site-packages/airflow/example_dags/example_bash_operator.py took 0.079 seconds
[2023-03-15T16:06:12.815+0000] {processor.py:154} INFO - Started process (PID=598) to work on /home/airflow/.local/lib/python3.7/site-packages/airflow/example_dags/example_bash_operator.py
[2023-03-15T16:06:12.816+0000] {processor.py:756} INFO - Processing file /home/airflow/.local/lib/python3.7/site-packages/airflow/example_dags/example_bash_operator.py for tasks to queue
[2023-03-15T16:06:12.818+0000] {logging_mixin.py:120} INFO - [2023-03-15T16:06:12.817+0000] {dagbag.py:537} INFO - Filling up the DagBag from /home/airflow/.local/lib/python3.7/site-packages/airflow/example_dags/example_bash_operator.py
[2023-03-15T16:06:12.833+0000] {processor.py:766} INFO - DAG(s) dict_keys(['example_bash_operator']) retrieved from /home/airflow/.local/lib/python3.7/site-packages/airflow/example_dags/example_bash_operator.py
[2023-03-15T16:06:12.869+0000] {logging_mixin.py:120} INFO - [2023-03-15T16:06:12.869+0000] {dag.py:2585} INFO - Sync 1 DAGs
[2023-03-15T16:06:12.884+0000] {logging_mixin.py:120} INFO - [2023-03-15T16:06:12.884+0000] {dag.py:3340} INFO - Setting next_dagrun for example_bash_operator to 2023-03-14T00:00:00+00:00, run_after=2023-03-15T00:00:00+00:00
[2023-03-15T16:06:12.898+0000] {processor.py:176} INFO - Processing /home/airflow/.local/lib/python3.7/site-packages/airflow/example_dags/example_bash_operator.py took 0.086 seconds
[2023-03-15T16:06:42.968+0000] {processor.py:154} INFO - Started process (PID=663) to work on /home/airflow/.local/lib/python3.7/site-packages/airflow/example_dags/example_bash_operator.py
[2023-03-15T16:06:42.969+0000] {processor.py:756} INFO - Processing file /home/airflow/.local/lib/python3.7/site-packages/airflow/example_dags/example_bash_operator.py for tasks to queue
[2023-03-15T16:06:42.970+0000] {logging_mixin.py:120} INFO - [2023-03-15T16:06:42.970+0000] {dagbag.py:537} INFO - Filling up the DagBag from /home/airflow/.local/lib/python3.7/site-packages/airflow/example_dags/example_bash_operator.py
[2023-03-15T16:06:42.986+0000] {processor.py:766} INFO - DAG(s) dict_keys(['example_bash_operator']) retrieved from /home/airflow/.local/lib/python3.7/site-packages/airflow/example_dags/example_bash_operator.py
[2023-03-15T16:06:43.016+0000] {logging_mixin.py:120} INFO - [2023-03-15T16:06:43.016+0000] {dag.py:2585} INFO - Sync 1 DAGs
[2023-03-15T16:06:43.034+0000] {logging_mixin.py:120} INFO - [2023-03-15T16:06:43.034+0000] {dag.py:3340} INFO - Setting next_dagrun for example_bash_operator to 2023-03-14T00:00:00+00:00, run_after=2023-03-15T00:00:00+00:00
[2023-03-15T16:06:43.048+0000] {processor.py:176} INFO - Processing /home/airflow/.local/lib/python3.7/site-packages/airflow/example_dags/example_bash_operator.py took 0.083 seconds
[2023-03-15T16:07:13.437+0000] {processor.py:154} INFO - Started process (PID=729) to work on /home/airflow/.local/lib/python3.7/site-packages/airflow/example_dags/example_bash_operator.py
[2023-03-15T16:07:13.438+0000] {processor.py:756} INFO - Processing file /home/airflow/.local/lib/python3.7/site-packages/airflow/example_dags/example_bash_operator.py for tasks to queue
[2023-03-15T16:07:13.439+0000] {logging_mixin.py:120} INFO - [2023-03-15T16:07:13.439+0000] {dagbag.py:537} INFO - Filling up the DagBag from /home/airflow/.local/lib/python3.7/site-packages/airflow/example_dags/example_bash_operator.py
[2023-03-15T16:07:13.455+0000] {processor.py:766} INFO - DAG(s) dict_keys(['example_bash_operator']) retrieved from /home/airflow/.local/lib/python3.7/site-packages/airflow/example_dags/example_bash_operator.py
[2023-03-15T16:07:13.486+0000] {logging_mixin.py:120} INFO - [2023-03-15T16:07:13.486+0000] {dag.py:2585} INFO - Sync 1 DAGs
[2023-03-15T16:07:13.503+0000] {logging_mixin.py:120} INFO - [2023-03-15T16:07:13.503+0000] {dag.py:3340} INFO - Setting next_dagrun for example_bash_operator to 2023-03-14T00:00:00+00:00, run_after=2023-03-15T00:00:00+00:00
[2023-03-15T16:07:13.514+0000] {processor.py:176} INFO - Processing /home/airflow/.local/lib/python3.7/site-packages/airflow/example_dags/example_bash_operator.py took 0.080 seconds
[2023-03-15T16:07:44.053+0000] {processor.py:154} INFO - Started process (PID=794) to work on /home/airflow/.local/lib/python3.7/site-packages/airflow/example_dags/example_bash_operator.py
[2023-03-15T16:07:44.054+0000] {processor.py:756} INFO - Processing file /home/airflow/.local/lib/python3.7/site-packages/airflow/example_dags/example_bash_operator.py for tasks to queue
[2023-03-15T16:07:44.055+0000] {logging_mixin.py:120} INFO - [2023-03-15T16:07:44.055+0000] {dagbag.py:537} INFO - Filling up the DagBag from /home/airflow/.local/lib/python3.7/site-packages/airflow/example_dags/example_bash_operator.py
[2023-03-15T16:07:44.077+0000] {processor.py:766} INFO - DAG(s) dict_keys(['example_bash_operator']) retrieved from /home/airflow/.local/lib/python3.7/site-packages/airflow/example_dags/example_bash_operator.py
[2023-03-15T16:07:44.118+0000] {logging_mixin.py:120} INFO - [2023-03-15T16:07:44.118+0000] {dag.py:2585} INFO - Sync 1 DAGs
[2023-03-15T16:07:44.136+0000] {logging_mixin.py:120} INFO - [2023-03-15T16:07:44.136+0000] {dag.py:3340} INFO - Setting next_dagrun for example_bash_operator to 2023-03-14T00:00:00+00:00, run_after=2023-03-15T00:00:00+00:00
[2023-03-15T16:07:44.150+0000] {processor.py:176} INFO - Processing /home/airflow/.local/lib/python3.7/site-packages/airflow/example_dags/example_bash_operator.py took 0.101 seconds
[2023-03-15T16:08:14.594+0000] {processor.py:154} INFO - Started process (PID=858) to work on /home/airflow/.local/lib/python3.7/site-packages/airflow/example_dags/example_bash_operator.py
[2023-03-15T16:08:14.598+0000] {processor.py:756} INFO - Processing file /home/airflow/.local/lib/python3.7/site-packages/airflow/example_dags/example_bash_operator.py for tasks to queue
[2023-03-15T16:08:14.600+0000] {logging_mixin.py:120} INFO - [2023-03-15T16:08:14.599+0000] {dagbag.py:537} INFO - Filling up the DagBag from /home/airflow/.local/lib/python3.7/site-packages/airflow/example_dags/example_bash_operator.py
[2023-03-15T16:08:14.617+0000] {processor.py:766} INFO - DAG(s) dict_keys(['example_bash_operator']) retrieved from /home/airflow/.local/lib/python3.7/site-packages/airflow/example_dags/example_bash_operator.py
[2023-03-15T16:08:14.656+0000] {logging_mixin.py:120} INFO - [2023-03-15T16:08:14.656+0000] {dag.py:2585} INFO - Sync 1 DAGs
[2023-03-15T16:08:14.675+0000] {logging_mixin.py:120} INFO - [2023-03-15T16:08:14.675+0000] {dag.py:3340} INFO - Setting next_dagrun for example_bash_operator to 2023-03-14T00:00:00+00:00, run_after=2023-03-15T00:00:00+00:00
[2023-03-15T16:08:14.693+0000] {processor.py:176} INFO - Processing /home/airflow/.local/lib/python3.7/site-packages/airflow/example_dags/example_bash_operator.py took 0.103 seconds
[2023-03-15T16:08:45.467+0000] {processor.py:154} INFO - Started process (PID=982) to work on /home/airflow/.local/lib/python3.7/site-packages/airflow/example_dags/example_bash_operator.py
[2023-03-15T16:08:45.470+0000] {processor.py:756} INFO - Processing file /home/airflow/.local/lib/python3.7/site-packages/airflow/example_dags/example_bash_operator.py for tasks to queue
[2023-03-15T16:08:45.471+0000] {logging_mixin.py:120} INFO - [2023-03-15T16:08:45.471+0000] {dagbag.py:537} INFO - Filling up the DagBag from /home/airflow/.local/lib/python3.7/site-packages/airflow/example_dags/example_bash_operator.py
[2023-03-15T16:08:45.500+0000] {processor.py:766} INFO - DAG(s) dict_keys(['example_bash_operator']) retrieved from /home/airflow/.local/lib/python3.7/site-packages/airflow/example_dags/example_bash_operator.py
[2023-03-15T16:08:45.557+0000] {logging_mixin.py:120} INFO - [2023-03-15T16:08:45.557+0000] {dag.py:2585} INFO - Sync 1 DAGs
[2023-03-15T16:08:45.585+0000] {logging_mixin.py:120} INFO - [2023-03-15T16:08:45.585+0000] {dag.py:3340} INFO - Setting next_dagrun for example_bash_operator to 2023-03-14T00:00:00+00:00, run_after=2023-03-15T00:00:00+00:00
[2023-03-15T16:08:45.604+0000] {processor.py:176} INFO - Processing /home/airflow/.local/lib/python3.7/site-packages/airflow/example_dags/example_bash_operator.py took 0.140 seconds
[2023-03-15T16:09:16.553+0000] {processor.py:154} INFO - Started process (PID=1183) to work on /home/airflow/.local/lib/python3.7/site-packages/airflow/example_dags/example_bash_operator.py
[2023-03-15T16:09:16.555+0000] {processor.py:756} INFO - Processing file /home/airflow/.local/lib/python3.7/site-packages/airflow/example_dags/example_bash_operator.py for tasks to queue
[2023-03-15T16:09:16.560+0000] {logging_mixin.py:120} INFO - [2023-03-15T16:09:16.560+0000] {dagbag.py:537} INFO - Filling up the DagBag from /home/airflow/.local/lib/python3.7/site-packages/airflow/example_dags/example_bash_operator.py
[2023-03-15T16:09:16.600+0000] {processor.py:766} INFO - DAG(s) dict_keys(['example_bash_operator']) retrieved from /home/airflow/.local/lib/python3.7/site-packages/airflow/example_dags/example_bash_operator.py
[2023-03-15T16:09:16.729+0000] {logging_mixin.py:120} INFO - [2023-03-15T16:09:16.728+0000] {dag.py:2585} INFO - Sync 1 DAGs
[2023-03-15T16:09:16.778+0000] {logging_mixin.py:120} INFO - [2023-03-15T16:09:16.778+0000] {dag.py:3340} INFO - Setting next_dagrun for example_bash_operator to 2023-03-14T00:00:00+00:00, run_after=2023-03-15T00:00:00+00:00
[2023-03-15T16:09:16.816+0000] {processor.py:176} INFO - Processing /home/airflow/.local/lib/python3.7/site-packages/airflow/example_dags/example_bash_operator.py took 0.269 seconds
[2023-03-15T16:09:46.910+0000] {processor.py:154} INFO - Started process (PID=1390) to work on /home/airflow/.local/lib/python3.7/site-packages/airflow/example_dags/example_bash_operator.py
[2023-03-15T16:09:46.912+0000] {processor.py:756} INFO - Processing file /home/airflow/.local/lib/python3.7/site-packages/airflow/example_dags/example_bash_operator.py for tasks to queue
[2023-03-15T16:09:46.913+0000] {logging_mixin.py:120} INFO - [2023-03-15T16:09:46.913+0000] {dagbag.py:537} INFO - Filling up the DagBag from /home/airflow/.local/lib/python3.7/site-packages/airflow/example_dags/example_bash_operator.py
[2023-03-15T16:09:46.936+0000] {processor.py:766} INFO - DAG(s) dict_keys(['example_bash_operator']) retrieved from /home/airflow/.local/lib/python3.7/site-packages/airflow/example_dags/example_bash_operator.py
[2023-03-15T16:09:46.979+0000] {logging_mixin.py:120} INFO - [2023-03-15T16:09:46.979+0000] {dag.py:2585} INFO - Sync 1 DAGs
[2023-03-15T16:09:47.007+0000] {logging_mixin.py:120} INFO - [2023-03-15T16:09:47.007+0000] {dag.py:3340} INFO - Setting next_dagrun for example_bash_operator to 2023-03-14T00:00:00+00:00, run_after=2023-03-15T00:00:00+00:00
[2023-03-15T16:09:47.027+0000] {processor.py:176} INFO - Processing /home/airflow/.local/lib/python3.7/site-packages/airflow/example_dags/example_bash_operator.py took 0.120 seconds
[2023-03-15T16:10:17.127+0000] {processor.py:154} INFO - Started process (PID=1606) to work on /home/airflow/.local/lib/python3.7/site-packages/airflow/example_dags/example_bash_operator.py
[2023-03-15T16:10:17.128+0000] {processor.py:756} INFO - Processing file /home/airflow/.local/lib/python3.7/site-packages/airflow/example_dags/example_bash_operator.py for tasks to queue
[2023-03-15T16:10:17.134+0000] {logging_mixin.py:120} INFO - [2023-03-15T16:10:17.133+0000] {dagbag.py:537} INFO - Filling up the DagBag from /home/airflow/.local/lib/python3.7/site-packages/airflow/example_dags/example_bash_operator.py
[2023-03-15T16:10:17.167+0000] {processor.py:766} INFO - DAG(s) dict_keys(['example_bash_operator']) retrieved from /home/airflow/.local/lib/python3.7/site-packages/airflow/example_dags/example_bash_operator.py
[2023-03-15T16:10:17.219+0000] {logging_mixin.py:120} INFO - [2023-03-15T16:10:17.219+0000] {dag.py:2585} INFO - Sync 1 DAGs
[2023-03-15T16:10:17.255+0000] {logging_mixin.py:120} INFO - [2023-03-15T16:10:17.255+0000] {dag.py:3340} INFO - Setting next_dagrun for example_bash_operator to 2023-03-14T00:00:00+00:00, run_after=2023-03-15T00:00:00+00:00
[2023-03-15T16:10:17.277+0000] {processor.py:176} INFO - Processing /home/airflow/.local/lib/python3.7/site-packages/airflow/example_dags/example_bash_operator.py took 0.155 seconds
[2023-03-15T16:10:47.506+0000] {processor.py:154} INFO - Started process (PID=1833) to work on /home/airflow/.local/lib/python3.7/site-packages/airflow/example_dags/example_bash_operator.py
[2023-03-15T16:10:47.507+0000] {processor.py:756} INFO - Processing file /home/airflow/.local/lib/python3.7/site-packages/airflow/example_dags/example_bash_operator.py for tasks to queue
[2023-03-15T16:10:47.510+0000] {logging_mixin.py:120} INFO - [2023-03-15T16:10:47.509+0000] {dagbag.py:537} INFO - Filling up the DagBag from /home/airflow/.local/lib/python3.7/site-packages/airflow/example_dags/example_bash_operator.py
[2023-03-15T16:10:47.527+0000] {processor.py:766} INFO - DAG(s) dict_keys(['example_bash_operator']) retrieved from /home/airflow/.local/lib/python3.7/site-packages/airflow/example_dags/example_bash_operator.py
[2023-03-15T16:10:47.564+0000] {logging_mixin.py:120} INFO - [2023-03-15T16:10:47.564+0000] {dag.py:2585} INFO - Sync 1 DAGs
[2023-03-15T16:10:47.582+0000] {logging_mixin.py:120} INFO - [2023-03-15T16:10:47.582+0000] {dag.py:3340} INFO - Setting next_dagrun for example_bash_operator to 2023-03-14T00:00:00+00:00, run_after=2023-03-15T00:00:00+00:00
[2023-03-15T16:10:47.593+0000] {processor.py:176} INFO - Processing /home/airflow/.local/lib/python3.7/site-packages/airflow/example_dags/example_bash_operator.py took 0.091 seconds
[2023-03-15T16:11:18.528+0000] {processor.py:154} INFO - Started process (PID=2051) to work on /home/airflow/.local/lib/python3.7/site-packages/airflow/example_dags/example_bash_operator.py
[2023-03-15T16:11:18.530+0000] {processor.py:756} INFO - Processing file /home/airflow/.local/lib/python3.7/site-packages/airflow/example_dags/example_bash_operator.py for tasks to queue
[2023-03-15T16:11:18.532+0000] {logging_mixin.py:120} INFO - [2023-03-15T16:11:18.532+0000] {dagbag.py:537} INFO - Filling up the DagBag from /home/airflow/.local/lib/python3.7/site-packages/airflow/example_dags/example_bash_operator.py
[2023-03-15T16:11:18.558+0000] {processor.py:766} INFO - DAG(s) dict_keys(['example_bash_operator']) retrieved from /home/airflow/.local/lib/python3.7/site-packages/airflow/example_dags/example_bash_operator.py
[2023-03-15T16:11:18.650+0000] {logging_mixin.py:120} INFO - [2023-03-15T16:11:18.650+0000] {dag.py:2585} INFO - Sync 1 DAGs
[2023-03-15T16:11:18.728+0000] {logging_mixin.py:120} INFO - [2023-03-15T16:11:18.728+0000] {dag.py:3340} INFO - Setting next_dagrun for example_bash_operator to 2023-03-14T00:00:00+00:00, run_after=2023-03-15T00:00:00+00:00
[2023-03-15T16:11:18.750+0000] {processor.py:176} INFO - Processing /home/airflow/.local/lib/python3.7/site-packages/airflow/example_dags/example_bash_operator.py took 0.225 seconds
[2023-03-15T16:11:49.378+0000] {processor.py:154} INFO - Started process (PID=2275) to work on /home/airflow/.local/lib/python3.7/site-packages/airflow/example_dags/example_bash_operator.py
[2023-03-15T16:11:49.380+0000] {processor.py:756} INFO - Processing file /home/airflow/.local/lib/python3.7/site-packages/airflow/example_dags/example_bash_operator.py for tasks to queue
[2023-03-15T16:11:49.383+0000] {logging_mixin.py:120} INFO - [2023-03-15T16:11:49.383+0000] {dagbag.py:537} INFO - Filling up the DagBag from /home/airflow/.local/lib/python3.7/site-packages/airflow/example_dags/example_bash_operator.py
[2023-03-15T16:11:49.408+0000] {processor.py:766} INFO - DAG(s) dict_keys(['example_bash_operator']) retrieved from /home/airflow/.local/lib/python3.7/site-packages/airflow/example_dags/example_bash_operator.py
[2023-03-15T16:11:49.464+0000] {logging_mixin.py:120} INFO - [2023-03-15T16:11:49.464+0000] {dag.py:2585} INFO - Sync 1 DAGs
[2023-03-15T16:11:49.497+0000] {logging_mixin.py:120} INFO - [2023-03-15T16:11:49.497+0000] {dag.py:3340} INFO - Setting next_dagrun for example_bash_operator to 2023-03-14T00:00:00+00:00, run_after=2023-03-15T00:00:00+00:00
[2023-03-15T16:11:49.530+0000] {processor.py:176} INFO - Processing /home/airflow/.local/lib/python3.7/site-packages/airflow/example_dags/example_bash_operator.py took 0.156 seconds
[2023-03-15T16:12:20.191+0000] {processor.py:154} INFO - Started process (PID=2469) to work on /home/airflow/.local/lib/python3.7/site-packages/airflow/example_dags/example_bash_operator.py
[2023-03-15T16:12:20.193+0000] {processor.py:756} INFO - Processing file /home/airflow/.local/lib/python3.7/site-packages/airflow/example_dags/example_bash_operator.py for tasks to queue
[2023-03-15T16:12:20.194+0000] {logging_mixin.py:120} INFO - [2023-03-15T16:12:20.194+0000] {dagbag.py:537} INFO - Filling up the DagBag from /home/airflow/.local/lib/python3.7/site-packages/airflow/example_dags/example_bash_operator.py
[2023-03-15T16:12:20.222+0000] {processor.py:766} INFO - DAG(s) dict_keys(['example_bash_operator']) retrieved from /home/airflow/.local/lib/python3.7/site-packages/airflow/example_dags/example_bash_operator.py
[2023-03-15T16:12:20.266+0000] {logging_mixin.py:120} INFO - [2023-03-15T16:12:20.265+0000] {dag.py:2585} INFO - Sync 1 DAGs
[2023-03-15T16:12:20.282+0000] {logging_mixin.py:120} INFO - [2023-03-15T16:12:20.282+0000] {dag.py:3340} INFO - Setting next_dagrun for example_bash_operator to 2023-03-14T00:00:00+00:00, run_after=2023-03-15T00:00:00+00:00
[2023-03-15T16:12:20.297+0000] {processor.py:176} INFO - Processing /home/airflow/.local/lib/python3.7/site-packages/airflow/example_dags/example_bash_operator.py took 0.110 seconds
[2023-03-15T16:12:51.270+0000] {processor.py:154} INFO - Started process (PID=2690) to work on /home/airflow/.local/lib/python3.7/site-packages/airflow/example_dags/example_bash_operator.py
[2023-03-15T16:12:51.272+0000] {processor.py:756} INFO - Processing file /home/airflow/.local/lib/python3.7/site-packages/airflow/example_dags/example_bash_operator.py for tasks to queue
[2023-03-15T16:12:51.273+0000] {logging_mixin.py:120} INFO - [2023-03-15T16:12:51.272+0000] {dagbag.py:537} INFO - Filling up the DagBag from /home/airflow/.local/lib/python3.7/site-packages/airflow/example_dags/example_bash_operator.py
[2023-03-15T16:12:51.299+0000] {processor.py:766} INFO - DAG(s) dict_keys(['example_bash_operator']) retrieved from /home/airflow/.local/lib/python3.7/site-packages/airflow/example_dags/example_bash_operator.py
[2023-03-15T16:12:51.356+0000] {logging_mixin.py:120} INFO - [2023-03-15T16:12:51.356+0000] {dag.py:2585} INFO - Sync 1 DAGs
[2023-03-15T16:12:51.385+0000] {logging_mixin.py:120} INFO - [2023-03-15T16:12:51.384+0000] {dag.py:3340} INFO - Setting next_dagrun for example_bash_operator to 2023-03-14T00:00:00+00:00, run_after=2023-03-15T00:00:00+00:00
[2023-03-15T16:12:51.411+0000] {processor.py:176} INFO - Processing /home/airflow/.local/lib/python3.7/site-packages/airflow/example_dags/example_bash_operator.py took 0.144 seconds
[2023-03-15T16:13:21.594+0000] {processor.py:154} INFO - Started process (PID=2861) to work on /home/airflow/.local/lib/python3.7/site-packages/airflow/example_dags/example_bash_operator.py
[2023-03-15T16:13:21.596+0000] {processor.py:756} INFO - Processing file /home/airflow/.local/lib/python3.7/site-packages/airflow/example_dags/example_bash_operator.py for tasks to queue
[2023-03-15T16:13:21.597+0000] {logging_mixin.py:120} INFO - [2023-03-15T16:13:21.597+0000] {dagbag.py:537} INFO - Filling up the DagBag from /home/airflow/.local/lib/python3.7/site-packages/airflow/example_dags/example_bash_operator.py
[2023-03-15T16:13:21.626+0000] {processor.py:766} INFO - DAG(s) dict_keys(['example_bash_operator']) retrieved from /home/airflow/.local/lib/python3.7/site-packages/airflow/example_dags/example_bash_operator.py
[2023-03-15T16:13:21.667+0000] {logging_mixin.py:120} INFO - [2023-03-15T16:13:21.667+0000] {dag.py:2585} INFO - Sync 1 DAGs
[2023-03-15T16:13:21.688+0000] {logging_mixin.py:120} INFO - [2023-03-15T16:13:21.688+0000] {dag.py:3340} INFO - Setting next_dagrun for example_bash_operator to 2023-03-14T00:00:00+00:00, run_after=2023-03-15T00:00:00+00:00
[2023-03-15T16:13:21.707+0000] {processor.py:176} INFO - Processing /home/airflow/.local/lib/python3.7/site-packages/airflow/example_dags/example_bash_operator.py took 0.117 seconds
[2023-03-15T16:29:47.775+0000] {processor.py:154} INFO - Started process (PID=2903) to work on /home/airflow/.local/lib/python3.7/site-packages/airflow/example_dags/example_bash_operator.py
[2023-03-15T16:29:47.778+0000] {processor.py:756} INFO - Processing file /home/airflow/.local/lib/python3.7/site-packages/airflow/example_dags/example_bash_operator.py for tasks to queue
[2023-03-15T16:29:47.779+0000] {logging_mixin.py:120} INFO - [2023-03-15T16:29:47.779+0000] {dagbag.py:537} INFO - Filling up the DagBag from /home/airflow/.local/lib/python3.7/site-packages/airflow/example_dags/example_bash_operator.py
[2023-03-15T16:29:47.807+0000] {processor.py:766} INFO - DAG(s) dict_keys(['example_bash_operator']) retrieved from /home/airflow/.local/lib/python3.7/site-packages/airflow/example_dags/example_bash_operator.py
[2023-03-15T16:29:47.862+0000] {logging_mixin.py:120} INFO - [2023-03-15T16:29:47.862+0000] {dag.py:2585} INFO - Sync 1 DAGs
[2023-03-15T16:29:47.892+0000] {logging_mixin.py:120} INFO - [2023-03-15T16:29:47.892+0000] {dag.py:3340} INFO - Setting next_dagrun for example_bash_operator to 2023-03-14T00:00:00+00:00, run_after=2023-03-15T00:00:00+00:00
[2023-03-15T16:29:47.907+0000] {processor.py:176} INFO - Processing /home/airflow/.local/lib/python3.7/site-packages/airflow/example_dags/example_bash_operator.py took 0.135 seconds
[2023-03-15T16:30:18.710+0000] {processor.py:154} INFO - Started process (PID=2968) to work on /home/airflow/.local/lib/python3.7/site-packages/airflow/example_dags/example_bash_operator.py
[2023-03-15T16:30:18.711+0000] {processor.py:756} INFO - Processing file /home/airflow/.local/lib/python3.7/site-packages/airflow/example_dags/example_bash_operator.py for tasks to queue
[2023-03-15T16:30:18.712+0000] {logging_mixin.py:120} INFO - [2023-03-15T16:30:18.712+0000] {dagbag.py:537} INFO - Filling up the DagBag from /home/airflow/.local/lib/python3.7/site-packages/airflow/example_dags/example_bash_operator.py
[2023-03-15T16:30:18.727+0000] {processor.py:766} INFO - DAG(s) dict_keys(['example_bash_operator']) retrieved from /home/airflow/.local/lib/python3.7/site-packages/airflow/example_dags/example_bash_operator.py
[2023-03-15T16:30:18.758+0000] {logging_mixin.py:120} INFO - [2023-03-15T16:30:18.758+0000] {dag.py:2585} INFO - Sync 1 DAGs
[2023-03-15T16:30:18.773+0000] {logging_mixin.py:120} INFO - [2023-03-15T16:30:18.773+0000] {dag.py:3340} INFO - Setting next_dagrun for example_bash_operator to 2023-03-14T00:00:00+00:00, run_after=2023-03-15T00:00:00+00:00
[2023-03-15T16:30:18.785+0000] {processor.py:176} INFO - Processing /home/airflow/.local/lib/python3.7/site-packages/airflow/example_dags/example_bash_operator.py took 0.077 seconds
[2023-03-15T16:47:13.538+0000] {processor.py:154} INFO - Started process (PID=3024) to work on /home/airflow/.local/lib/python3.7/site-packages/airflow/example_dags/example_bash_operator.py
[2023-03-15T16:47:13.541+0000] {processor.py:756} INFO - Processing file /home/airflow/.local/lib/python3.7/site-packages/airflow/example_dags/example_bash_operator.py for tasks to queue
[2023-03-15T16:47:13.542+0000] {logging_mixin.py:120} INFO - [2023-03-15T16:47:13.542+0000] {dagbag.py:537} INFO - Filling up the DagBag from /home/airflow/.local/lib/python3.7/site-packages/airflow/example_dags/example_bash_operator.py
[2023-03-15T16:47:13.566+0000] {processor.py:766} INFO - DAG(s) dict_keys(['example_bash_operator']) retrieved from /home/airflow/.local/lib/python3.7/site-packages/airflow/example_dags/example_bash_operator.py
[2023-03-15T16:47:13.638+0000] {logging_mixin.py:120} INFO - [2023-03-15T16:47:13.638+0000] {dag.py:2585} INFO - Sync 1 DAGs
[2023-03-15T16:47:13.662+0000] {logging_mixin.py:120} INFO - [2023-03-15T16:47:13.662+0000] {dag.py:3340} INFO - Setting next_dagrun for example_bash_operator to 2023-03-14T00:00:00+00:00, run_after=2023-03-15T00:00:00+00:00
[2023-03-15T16:47:13.679+0000] {processor.py:176} INFO - Processing /home/airflow/.local/lib/python3.7/site-packages/airflow/example_dags/example_bash_operator.py took 0.143 seconds
[2023-03-15T16:47:44.520+0000] {processor.py:154} INFO - Started process (PID=3089) to work on /home/airflow/.local/lib/python3.7/site-packages/airflow/example_dags/example_bash_operator.py
[2023-03-15T16:47:44.521+0000] {processor.py:756} INFO - Processing file /home/airflow/.local/lib/python3.7/site-packages/airflow/example_dags/example_bash_operator.py for tasks to queue
[2023-03-15T16:47:44.522+0000] {logging_mixin.py:120} INFO - [2023-03-15T16:47:44.522+0000] {dagbag.py:537} INFO - Filling up the DagBag from /home/airflow/.local/lib/python3.7/site-packages/airflow/example_dags/example_bash_operator.py
[2023-03-15T16:47:44.538+0000] {processor.py:766} INFO - DAG(s) dict_keys(['example_bash_operator']) retrieved from /home/airflow/.local/lib/python3.7/site-packages/airflow/example_dags/example_bash_operator.py
[2023-03-15T16:47:44.569+0000] {logging_mixin.py:120} INFO - [2023-03-15T16:47:44.569+0000] {dag.py:2585} INFO - Sync 1 DAGs
[2023-03-15T16:47:44.583+0000] {logging_mixin.py:120} INFO - [2023-03-15T16:47:44.583+0000] {dag.py:3340} INFO - Setting next_dagrun for example_bash_operator to 2023-03-14T00:00:00+00:00, run_after=2023-03-15T00:00:00+00:00
[2023-03-15T16:47:44.594+0000] {processor.py:176} INFO - Processing /home/airflow/.local/lib/python3.7/site-packages/airflow/example_dags/example_bash_operator.py took 0.076 seconds
[2023-03-15T16:59:20.531+0000] {processor.py:154} INFO - Started process (PID=3154) to work on /home/airflow/.local/lib/python3.7/site-packages/airflow/example_dags/example_bash_operator.py
[2023-03-15T16:59:20.532+0000] {processor.py:756} INFO - Processing file /home/airflow/.local/lib/python3.7/site-packages/airflow/example_dags/example_bash_operator.py for tasks to queue
[2023-03-15T16:59:20.533+0000] {logging_mixin.py:120} INFO - [2023-03-15T16:59:20.533+0000] {dagbag.py:537} INFO - Filling up the DagBag from /home/airflow/.local/lib/python3.7/site-packages/airflow/example_dags/example_bash_operator.py
[2023-03-15T16:59:20.557+0000] {processor.py:766} INFO - DAG(s) dict_keys(['example_bash_operator']) retrieved from /home/airflow/.local/lib/python3.7/site-packages/airflow/example_dags/example_bash_operator.py
[2023-03-15T16:59:20.617+0000] {logging_mixin.py:120} INFO - [2023-03-15T16:59:20.617+0000] {dag.py:2585} INFO - Sync 1 DAGs
[2023-03-15T16:59:20.644+0000] {logging_mixin.py:120} INFO - [2023-03-15T16:59:20.644+0000] {dag.py:3340} INFO - Setting next_dagrun for example_bash_operator to 2023-03-14T00:00:00+00:00, run_after=2023-03-15T00:00:00+00:00
[2023-03-15T16:59:20.674+0000] {processor.py:176} INFO - Processing /home/airflow/.local/lib/python3.7/site-packages/airflow/example_dags/example_bash_operator.py took 0.146 seconds
[2023-03-15T16:59:50.870+0000] {processor.py:154} INFO - Started process (PID=3219) to work on /home/airflow/.local/lib/python3.7/site-packages/airflow/example_dags/example_bash_operator.py
[2023-03-15T16:59:50.871+0000] {processor.py:756} INFO - Processing file /home/airflow/.local/lib/python3.7/site-packages/airflow/example_dags/example_bash_operator.py for tasks to queue
[2023-03-15T16:59:50.872+0000] {logging_mixin.py:120} INFO - [2023-03-15T16:59:50.872+0000] {dagbag.py:537} INFO - Filling up the DagBag from /home/airflow/.local/lib/python3.7/site-packages/airflow/example_dags/example_bash_operator.py
[2023-03-15T16:59:50.888+0000] {processor.py:766} INFO - DAG(s) dict_keys(['example_bash_operator']) retrieved from /home/airflow/.local/lib/python3.7/site-packages/airflow/example_dags/example_bash_operator.py
[2023-03-15T16:59:50.918+0000] {logging_mixin.py:120} INFO - [2023-03-15T16:59:50.918+0000] {dag.py:2585} INFO - Sync 1 DAGs
[2023-03-15T16:59:50.935+0000] {logging_mixin.py:120} INFO - [2023-03-15T16:59:50.935+0000] {dag.py:3340} INFO - Setting next_dagrun for example_bash_operator to 2023-03-14T00:00:00+00:00, run_after=2023-03-15T00:00:00+00:00
[2023-03-15T16:59:50.946+0000] {processor.py:176} INFO - Processing /home/airflow/.local/lib/python3.7/site-packages/airflow/example_dags/example_bash_operator.py took 0.078 seconds
[2023-03-15T17:00:21.586+0000] {processor.py:154} INFO - Started process (PID=3283) to work on /home/airflow/.local/lib/python3.7/site-packages/airflow/example_dags/example_bash_operator.py
[2023-03-15T17:00:21.587+0000] {processor.py:756} INFO - Processing file /home/airflow/.local/lib/python3.7/site-packages/airflow/example_dags/example_bash_operator.py for tasks to queue
[2023-03-15T17:00:21.588+0000] {logging_mixin.py:120} INFO - [2023-03-15T17:00:21.588+0000] {dagbag.py:537} INFO - Filling up the DagBag from /home/airflow/.local/lib/python3.7/site-packages/airflow/example_dags/example_bash_operator.py
[2023-03-15T17:00:21.602+0000] {processor.py:766} INFO - DAG(s) dict_keys(['example_bash_operator']) retrieved from /home/airflow/.local/lib/python3.7/site-packages/airflow/example_dags/example_bash_operator.py
[2023-03-15T17:00:21.633+0000] {logging_mixin.py:120} INFO - [2023-03-15T17:00:21.633+0000] {dag.py:2585} INFO - Sync 1 DAGs
[2023-03-15T17:00:21.649+0000] {logging_mixin.py:120} INFO - [2023-03-15T17:00:21.648+0000] {dag.py:3340} INFO - Setting next_dagrun for example_bash_operator to 2023-03-14T00:00:00+00:00, run_after=2023-03-15T00:00:00+00:00
[2023-03-15T17:00:21.661+0000] {processor.py:176} INFO - Processing /home/airflow/.local/lib/python3.7/site-packages/airflow/example_dags/example_bash_operator.py took 0.077 seconds
[2023-03-15T17:00:52.205+0000] {processor.py:154} INFO - Started process (PID=3339) to work on /home/airflow/.local/lib/python3.7/site-packages/airflow/example_dags/example_bash_operator.py
[2023-03-15T17:00:52.206+0000] {processor.py:756} INFO - Processing file /home/airflow/.local/lib/python3.7/site-packages/airflow/example_dags/example_bash_operator.py for tasks to queue
[2023-03-15T17:00:52.207+0000] {logging_mixin.py:120} INFO - [2023-03-15T17:00:52.207+0000] {dagbag.py:537} INFO - Filling up the DagBag from /home/airflow/.local/lib/python3.7/site-packages/airflow/example_dags/example_bash_operator.py
[2023-03-15T17:00:52.222+0000] {processor.py:766} INFO - DAG(s) dict_keys(['example_bash_operator']) retrieved from /home/airflow/.local/lib/python3.7/site-packages/airflow/example_dags/example_bash_operator.py
[2023-03-15T17:00:52.254+0000] {logging_mixin.py:120} INFO - [2023-03-15T17:00:52.254+0000] {dag.py:2585} INFO - Sync 1 DAGs
[2023-03-15T17:00:52.269+0000] {logging_mixin.py:120} INFO - [2023-03-15T17:00:52.269+0000] {dag.py:3340} INFO - Setting next_dagrun for example_bash_operator to 2023-03-14T00:00:00+00:00, run_after=2023-03-15T00:00:00+00:00
[2023-03-15T17:00:52.280+0000] {processor.py:176} INFO - Processing /home/airflow/.local/lib/python3.7/site-packages/airflow/example_dags/example_bash_operator.py took 0.077 seconds
[2023-03-15T17:01:22.597+0000] {processor.py:154} INFO - Started process (PID=3404) to work on /home/airflow/.local/lib/python3.7/site-packages/airflow/example_dags/example_bash_operator.py
[2023-03-15T17:01:22.598+0000] {processor.py:756} INFO - Processing file /home/airflow/.local/lib/python3.7/site-packages/airflow/example_dags/example_bash_operator.py for tasks to queue
[2023-03-15T17:01:22.599+0000] {logging_mixin.py:120} INFO - [2023-03-15T17:01:22.599+0000] {dagbag.py:537} INFO - Filling up the DagBag from /home/airflow/.local/lib/python3.7/site-packages/airflow/example_dags/example_bash_operator.py
[2023-03-15T17:01:22.614+0000] {processor.py:766} INFO - DAG(s) dict_keys(['example_bash_operator']) retrieved from /home/airflow/.local/lib/python3.7/site-packages/airflow/example_dags/example_bash_operator.py
[2023-03-15T17:01:22.645+0000] {logging_mixin.py:120} INFO - [2023-03-15T17:01:22.645+0000] {dag.py:2585} INFO - Sync 1 DAGs
[2023-03-15T17:01:22.662+0000] {logging_mixin.py:120} INFO - [2023-03-15T17:01:22.662+0000] {dag.py:3340} INFO - Setting next_dagrun for example_bash_operator to 2023-03-14T00:00:00+00:00, run_after=2023-03-15T00:00:00+00:00
[2023-03-15T17:01:22.674+0000] {processor.py:176} INFO - Processing /home/airflow/.local/lib/python3.7/site-packages/airflow/example_dags/example_bash_operator.py took 0.080 seconds
[2023-03-15T17:01:53.083+0000] {processor.py:154} INFO - Started process (PID=3469) to work on /home/airflow/.local/lib/python3.7/site-packages/airflow/example_dags/example_bash_operator.py
[2023-03-15T17:01:53.085+0000] {processor.py:756} INFO - Processing file /home/airflow/.local/lib/python3.7/site-packages/airflow/example_dags/example_bash_operator.py for tasks to queue
[2023-03-15T17:01:53.086+0000] {logging_mixin.py:120} INFO - [2023-03-15T17:01:53.086+0000] {dagbag.py:537} INFO - Filling up the DagBag from /home/airflow/.local/lib/python3.7/site-packages/airflow/example_dags/example_bash_operator.py
[2023-03-15T17:01:53.101+0000] {processor.py:766} INFO - DAG(s) dict_keys(['example_bash_operator']) retrieved from /home/airflow/.local/lib/python3.7/site-packages/airflow/example_dags/example_bash_operator.py
[2023-03-15T17:01:53.131+0000] {logging_mixin.py:120} INFO - [2023-03-15T17:01:53.131+0000] {dag.py:2585} INFO - Sync 1 DAGs
[2023-03-15T17:01:53.146+0000] {logging_mixin.py:120} INFO - [2023-03-15T17:01:53.146+0000] {dag.py:3340} INFO - Setting next_dagrun for example_bash_operator to 2023-03-14T00:00:00+00:00, run_after=2023-03-15T00:00:00+00:00
[2023-03-15T17:01:53.157+0000] {processor.py:176} INFO - Processing /home/airflow/.local/lib/python3.7/site-packages/airflow/example_dags/example_bash_operator.py took 0.076 seconds
[2023-03-15T17:02:23.404+0000] {processor.py:154} INFO - Started process (PID=3534) to work on /home/airflow/.local/lib/python3.7/site-packages/airflow/example_dags/example_bash_operator.py
[2023-03-15T17:02:23.406+0000] {processor.py:756} INFO - Processing file /home/airflow/.local/lib/python3.7/site-packages/airflow/example_dags/example_bash_operator.py for tasks to queue
[2023-03-15T17:02:23.407+0000] {logging_mixin.py:120} INFO - [2023-03-15T17:02:23.407+0000] {dagbag.py:537} INFO - Filling up the DagBag from /home/airflow/.local/lib/python3.7/site-packages/airflow/example_dags/example_bash_operator.py
[2023-03-15T17:02:23.421+0000] {processor.py:766} INFO - DAG(s) dict_keys(['example_bash_operator']) retrieved from /home/airflow/.local/lib/python3.7/site-packages/airflow/example_dags/example_bash_operator.py
[2023-03-15T17:02:23.459+0000] {logging_mixin.py:120} INFO - [2023-03-15T17:02:23.459+0000] {dag.py:2585} INFO - Sync 1 DAGs
[2023-03-15T17:02:23.478+0000] {logging_mixin.py:120} INFO - [2023-03-15T17:02:23.477+0000] {dag.py:3340} INFO - Setting next_dagrun for example_bash_operator to 2023-03-14T00:00:00+00:00, run_after=2023-03-15T00:00:00+00:00
[2023-03-15T17:02:23.493+0000] {processor.py:176} INFO - Processing /home/airflow/.local/lib/python3.7/site-packages/airflow/example_dags/example_bash_operator.py took 0.092 seconds
[2023-03-15T17:02:53.884+0000] {processor.py:154} INFO - Started process (PID=3599) to work on /home/airflow/.local/lib/python3.7/site-packages/airflow/example_dags/example_bash_operator.py
[2023-03-15T17:02:53.886+0000] {processor.py:756} INFO - Processing file /home/airflow/.local/lib/python3.7/site-packages/airflow/example_dags/example_bash_operator.py for tasks to queue
[2023-03-15T17:02:53.886+0000] {logging_mixin.py:120} INFO - [2023-03-15T17:02:53.886+0000] {dagbag.py:537} INFO - Filling up the DagBag from /home/airflow/.local/lib/python3.7/site-packages/airflow/example_dags/example_bash_operator.py
[2023-03-15T17:02:53.902+0000] {processor.py:766} INFO - DAG(s) dict_keys(['example_bash_operator']) retrieved from /home/airflow/.local/lib/python3.7/site-packages/airflow/example_dags/example_bash_operator.py
[2023-03-15T17:02:53.934+0000] {logging_mixin.py:120} INFO - [2023-03-15T17:02:53.934+0000] {dag.py:2585} INFO - Sync 1 DAGs
[2023-03-15T17:02:53.950+0000] {logging_mixin.py:120} INFO - [2023-03-15T17:02:53.950+0000] {dag.py:3340} INFO - Setting next_dagrun for example_bash_operator to 2023-03-14T00:00:00+00:00, run_after=2023-03-15T00:00:00+00:00
[2023-03-15T17:02:53.961+0000] {processor.py:176} INFO - Processing /home/airflow/.local/lib/python3.7/site-packages/airflow/example_dags/example_bash_operator.py took 0.079 seconds
[2023-03-15T17:03:24.475+0000] {processor.py:154} INFO - Started process (PID=3664) to work on /home/airflow/.local/lib/python3.7/site-packages/airflow/example_dags/example_bash_operator.py
[2023-03-15T17:03:24.476+0000] {processor.py:756} INFO - Processing file /home/airflow/.local/lib/python3.7/site-packages/airflow/example_dags/example_bash_operator.py for tasks to queue
[2023-03-15T17:03:24.477+0000] {logging_mixin.py:120} INFO - [2023-03-15T17:03:24.477+0000] {dagbag.py:537} INFO - Filling up the DagBag from /home/airflow/.local/lib/python3.7/site-packages/airflow/example_dags/example_bash_operator.py
[2023-03-15T17:03:24.493+0000] {processor.py:766} INFO - DAG(s) dict_keys(['example_bash_operator']) retrieved from /home/airflow/.local/lib/python3.7/site-packages/airflow/example_dags/example_bash_operator.py
[2023-03-15T17:03:24.524+0000] {logging_mixin.py:120} INFO - [2023-03-15T17:03:24.524+0000] {dag.py:2585} INFO - Sync 1 DAGs
[2023-03-15T17:03:24.539+0000] {logging_mixin.py:120} INFO - [2023-03-15T17:03:24.539+0000] {dag.py:3340} INFO - Setting next_dagrun for example_bash_operator to 2023-03-14T00:00:00+00:00, run_after=2023-03-15T00:00:00+00:00
[2023-03-15T17:03:24.551+0000] {processor.py:176} INFO - Processing /home/airflow/.local/lib/python3.7/site-packages/airflow/example_dags/example_bash_operator.py took 0.079 seconds
[2023-03-15T17:03:54.896+0000] {processor.py:154} INFO - Started process (PID=3720) to work on /home/airflow/.local/lib/python3.7/site-packages/airflow/example_dags/example_bash_operator.py
[2023-03-15T17:03:54.897+0000] {processor.py:756} INFO - Processing file /home/airflow/.local/lib/python3.7/site-packages/airflow/example_dags/example_bash_operator.py for tasks to queue
[2023-03-15T17:03:54.898+0000] {logging_mixin.py:120} INFO - [2023-03-15T17:03:54.897+0000] {dagbag.py:537} INFO - Filling up the DagBag from /home/airflow/.local/lib/python3.7/site-packages/airflow/example_dags/example_bash_operator.py
[2023-03-15T17:03:54.912+0000] {processor.py:766} INFO - DAG(s) dict_keys(['example_bash_operator']) retrieved from /home/airflow/.local/lib/python3.7/site-packages/airflow/example_dags/example_bash_operator.py
[2023-03-15T17:03:54.943+0000] {logging_mixin.py:120} INFO - [2023-03-15T17:03:54.943+0000] {dag.py:2585} INFO - Sync 1 DAGs
[2023-03-15T17:03:54.960+0000] {logging_mixin.py:120} INFO - [2023-03-15T17:03:54.960+0000] {dag.py:3340} INFO - Setting next_dagrun for example_bash_operator to 2023-03-14T00:00:00+00:00, run_after=2023-03-15T00:00:00+00:00
[2023-03-15T17:03:54.972+0000] {processor.py:176} INFO - Processing /home/airflow/.local/lib/python3.7/site-packages/airflow/example_dags/example_bash_operator.py took 0.079 seconds
[2023-03-15T17:04:25.379+0000] {processor.py:154} INFO - Started process (PID=3784) to work on /home/airflow/.local/lib/python3.7/site-packages/airflow/example_dags/example_bash_operator.py
[2023-03-15T17:04:25.380+0000] {processor.py:756} INFO - Processing file /home/airflow/.local/lib/python3.7/site-packages/airflow/example_dags/example_bash_operator.py for tasks to queue
[2023-03-15T17:04:25.380+0000] {logging_mixin.py:120} INFO - [2023-03-15T17:04:25.380+0000] {dagbag.py:537} INFO - Filling up the DagBag from /home/airflow/.local/lib/python3.7/site-packages/airflow/example_dags/example_bash_operator.py
[2023-03-15T17:04:25.396+0000] {processor.py:766} INFO - DAG(s) dict_keys(['example_bash_operator']) retrieved from /home/airflow/.local/lib/python3.7/site-packages/airflow/example_dags/example_bash_operator.py
[2023-03-15T17:04:25.429+0000] {logging_mixin.py:120} INFO - [2023-03-15T17:04:25.429+0000] {dag.py:2585} INFO - Sync 1 DAGs
[2023-03-15T17:04:25.446+0000] {logging_mixin.py:120} INFO - [2023-03-15T17:04:25.446+0000] {dag.py:3340} INFO - Setting next_dagrun for example_bash_operator to 2023-03-14T00:00:00+00:00, run_after=2023-03-15T00:00:00+00:00
[2023-03-15T17:04:25.460+0000] {processor.py:176} INFO - Processing /home/airflow/.local/lib/python3.7/site-packages/airflow/example_dags/example_bash_operator.py took 0.085 seconds
