[2023-03-15T16:01:41.494+0000] {processor.py:154} INFO - Started process (PID=63) to work on /home/airflow/.local/lib/python3.7/site-packages/airflow/example_dags/example_subdag_operator.py
[2023-03-15T16:01:41.506+0000] {processor.py:756} INFO - Processing file /home/airflow/.local/lib/python3.7/site-packages/airflow/example_dags/example_subdag_operator.py for tasks to queue
[2023-03-15T16:01:41.507+0000] {logging_mixin.py:120} INFO - [2023-03-15T16:01:41.507+0000] {dagbag.py:537} INFO - Filling up the DagBag from /home/airflow/.local/lib/python3.7/site-packages/airflow/example_dags/example_subdag_operator.py
[2023-03-15T16:01:41.600+0000] {processor.py:766} INFO - DAG(s) dict_keys(['example_subdag_operator.section-1', 'example_subdag_operator.section-2', 'example_subdag_operator']) retrieved from /home/airflow/.local/lib/python3.7/site-packages/airflow/example_dags/example_subdag_operator.py
[2023-03-15T16:01:41.864+0000] {logging_mixin.py:120} INFO - [2023-03-15T16:01:41.864+0000] {manager.py:507} INFO - Created Permission View: can read on DAG:example_subdag_operator
[2023-03-15T16:01:41.872+0000] {logging_mixin.py:120} INFO - [2023-03-15T16:01:41.872+0000] {manager.py:507} INFO - Created Permission View: can delete on DAG:example_subdag_operator
[2023-03-15T16:01:41.876+0000] {logging_mixin.py:120} INFO - [2023-03-15T16:01:41.876+0000] {manager.py:507} INFO - Created Permission View: can edit on DAG:example_subdag_operator
[2023-03-15T16:01:41.876+0000] {logging_mixin.py:120} INFO - [2023-03-15T16:01:41.876+0000] {dag.py:2585} INFO - Sync 3 DAGs
[2023-03-15T16:01:41.896+0000] {logging_mixin.py:120} INFO - [2023-03-15T16:01:41.896+0000] {dag.py:2606} INFO - Creating ORM DAG for example_subdag_operator.section-1
[2023-03-15T16:01:41.897+0000] {logging_mixin.py:120} INFO - [2023-03-15T16:01:41.897+0000] {dag.py:2606} INFO - Creating ORM DAG for example_subdag_operator.section-2
[2023-03-15T16:01:41.898+0000] {logging_mixin.py:120} INFO - [2023-03-15T16:01:41.898+0000] {dag.py:2606} INFO - Creating ORM DAG for example_subdag_operator
[2023-03-15T16:01:41.917+0000] {logging_mixin.py:120} INFO - [2023-03-15T16:01:41.917+0000] {dag.py:3340} INFO - Setting next_dagrun for example_subdag_operator to 2022-01-01T00:00:00+00:00, run_after=2022-01-01T00:00:00+00:00
[2023-03-15T16:01:41.921+0000] {logging_mixin.py:120} INFO - [2023-03-15T16:01:41.921+0000] {dag.py:3340} INFO - Setting next_dagrun for example_subdag_operator.section-1 to None, run_after=None
[2023-03-15T16:01:41.924+0000] {logging_mixin.py:120} INFO - [2023-03-15T16:01:41.924+0000] {dag.py:3340} INFO - Setting next_dagrun for example_subdag_operator.section-2 to None, run_after=None
[2023-03-15T16:01:41.935+0000] {logging_mixin.py:120} INFO - [2023-03-15T16:01:41.935+0000] {dag.py:2585} INFO - Sync 2 DAGs
[2023-03-15T16:01:41.940+0000] {logging_mixin.py:120} INFO - [2023-03-15T16:01:41.940+0000] {dag.py:3340} INFO - Setting next_dagrun for example_subdag_operator.section-1 to None, run_after=None
[2023-03-15T16:01:41.943+0000] {logging_mixin.py:120} INFO - [2023-03-15T16:01:41.943+0000] {dag.py:3340} INFO - Setting next_dagrun for example_subdag_operator.section-2 to None, run_after=None
[2023-03-15T16:01:41.961+0000] {processor.py:176} INFO - Processing /home/airflow/.local/lib/python3.7/site-packages/airflow/example_dags/example_subdag_operator.py took 0.470 seconds
[2023-03-15T16:02:12.353+0000] {processor.py:154} INFO - Started process (PID=117) to work on /home/airflow/.local/lib/python3.7/site-packages/airflow/example_dags/example_subdag_operator.py
[2023-03-15T16:02:12.354+0000] {processor.py:756} INFO - Processing file /home/airflow/.local/lib/python3.7/site-packages/airflow/example_dags/example_subdag_operator.py for tasks to queue
[2023-03-15T16:02:12.355+0000] {logging_mixin.py:120} INFO - [2023-03-15T16:02:12.355+0000] {dagbag.py:537} INFO - Filling up the DagBag from /home/airflow/.local/lib/python3.7/site-packages/airflow/example_dags/example_subdag_operator.py
[2023-03-15T16:02:12.382+0000] {processor.py:766} INFO - DAG(s) dict_keys(['example_subdag_operator.section-1', 'example_subdag_operator.section-2', 'example_subdag_operator']) retrieved from /home/airflow/.local/lib/python3.7/site-packages/airflow/example_dags/example_subdag_operator.py
[2023-03-15T16:02:12.479+0000] {logging_mixin.py:120} INFO - [2023-03-15T16:02:12.479+0000] {dag.py:2585} INFO - Sync 3 DAGs
[2023-03-15T16:02:12.495+0000] {logging_mixin.py:120} INFO - [2023-03-15T16:02:12.495+0000] {dag.py:3340} INFO - Setting next_dagrun for example_subdag_operator to 2022-01-01T00:00:00+00:00, run_after=2022-01-01T00:00:00+00:00
[2023-03-15T16:02:12.498+0000] {logging_mixin.py:120} INFO - [2023-03-15T16:02:12.498+0000] {dag.py:3340} INFO - Setting next_dagrun for example_subdag_operator.section-1 to None, run_after=None
[2023-03-15T16:02:12.499+0000] {logging_mixin.py:120} INFO - [2023-03-15T16:02:12.499+0000] {dag.py:3340} INFO - Setting next_dagrun for example_subdag_operator.section-2 to None, run_after=None
[2023-03-15T16:02:12.504+0000] {logging_mixin.py:120} INFO - [2023-03-15T16:02:12.504+0000] {dag.py:2585} INFO - Sync 2 DAGs
[2023-03-15T16:02:12.508+0000] {logging_mixin.py:120} INFO - [2023-03-15T16:02:12.508+0000] {dag.py:3340} INFO - Setting next_dagrun for example_subdag_operator.section-1 to None, run_after=None
[2023-03-15T16:02:12.509+0000] {logging_mixin.py:120} INFO - [2023-03-15T16:02:12.509+0000] {dag.py:3340} INFO - Setting next_dagrun for example_subdag_operator.section-2 to None, run_after=None
[2023-03-15T16:02:12.517+0000] {processor.py:176} INFO - Processing /home/airflow/.local/lib/python3.7/site-packages/airflow/example_dags/example_subdag_operator.py took 0.167 seconds
[2023-03-15T16:02:42.671+0000] {processor.py:154} INFO - Started process (PID=179) to work on /home/airflow/.local/lib/python3.7/site-packages/airflow/example_dags/example_subdag_operator.py
[2023-03-15T16:02:42.673+0000] {processor.py:756} INFO - Processing file /home/airflow/.local/lib/python3.7/site-packages/airflow/example_dags/example_subdag_operator.py for tasks to queue
[2023-03-15T16:02:42.674+0000] {logging_mixin.py:120} INFO - [2023-03-15T16:02:42.674+0000] {dagbag.py:537} INFO - Filling up the DagBag from /home/airflow/.local/lib/python3.7/site-packages/airflow/example_dags/example_subdag_operator.py
[2023-03-15T16:02:42.701+0000] {processor.py:766} INFO - DAG(s) dict_keys(['example_subdag_operator.section-1', 'example_subdag_operator.section-2', 'example_subdag_operator']) retrieved from /home/airflow/.local/lib/python3.7/site-packages/airflow/example_dags/example_subdag_operator.py
[2023-03-15T16:02:42.811+0000] {logging_mixin.py:120} INFO - [2023-03-15T16:02:42.810+0000] {dag.py:2585} INFO - Sync 3 DAGs
[2023-03-15T16:02:42.826+0000] {logging_mixin.py:120} INFO - [2023-03-15T16:02:42.826+0000] {dag.py:3340} INFO - Setting next_dagrun for example_subdag_operator to 2022-01-01T00:00:00+00:00, run_after=2022-01-01T00:00:00+00:00
[2023-03-15T16:02:42.829+0000] {logging_mixin.py:120} INFO - [2023-03-15T16:02:42.829+0000] {dag.py:3340} INFO - Setting next_dagrun for example_subdag_operator.section-1 to None, run_after=None
[2023-03-15T16:02:42.830+0000] {logging_mixin.py:120} INFO - [2023-03-15T16:02:42.830+0000] {dag.py:3340} INFO - Setting next_dagrun for example_subdag_operator.section-2 to None, run_after=None
[2023-03-15T16:02:42.834+0000] {logging_mixin.py:120} INFO - [2023-03-15T16:02:42.834+0000] {dag.py:2585} INFO - Sync 2 DAGs
[2023-03-15T16:02:42.837+0000] {logging_mixin.py:120} INFO - [2023-03-15T16:02:42.837+0000] {dag.py:3340} INFO - Setting next_dagrun for example_subdag_operator.section-1 to None, run_after=None
[2023-03-15T16:02:42.838+0000] {logging_mixin.py:120} INFO - [2023-03-15T16:02:42.838+0000] {dag.py:3340} INFO - Setting next_dagrun for example_subdag_operator.section-2 to None, run_after=None
[2023-03-15T16:02:42.845+0000] {processor.py:176} INFO - Processing /home/airflow/.local/lib/python3.7/site-packages/airflow/example_dags/example_subdag_operator.py took 0.180 seconds
[2023-03-15T16:03:13.154+0000] {processor.py:154} INFO - Started process (PID=243) to work on /home/airflow/.local/lib/python3.7/site-packages/airflow/example_dags/example_subdag_operator.py
[2023-03-15T16:03:13.156+0000] {processor.py:756} INFO - Processing file /home/airflow/.local/lib/python3.7/site-packages/airflow/example_dags/example_subdag_operator.py for tasks to queue
[2023-03-15T16:03:13.157+0000] {logging_mixin.py:120} INFO - [2023-03-15T16:03:13.157+0000] {dagbag.py:537} INFO - Filling up the DagBag from /home/airflow/.local/lib/python3.7/site-packages/airflow/example_dags/example_subdag_operator.py
[2023-03-15T16:03:13.186+0000] {processor.py:766} INFO - DAG(s) dict_keys(['example_subdag_operator.section-1', 'example_subdag_operator.section-2', 'example_subdag_operator']) retrieved from /home/airflow/.local/lib/python3.7/site-packages/airflow/example_dags/example_subdag_operator.py
[2023-03-15T16:03:13.288+0000] {logging_mixin.py:120} INFO - [2023-03-15T16:03:13.288+0000] {dag.py:2585} INFO - Sync 3 DAGs
[2023-03-15T16:03:13.305+0000] {logging_mixin.py:120} INFO - [2023-03-15T16:03:13.305+0000] {dag.py:3340} INFO - Setting next_dagrun for example_subdag_operator to 2022-01-01T00:00:00+00:00, run_after=2022-01-01T00:00:00+00:00
[2023-03-15T16:03:13.308+0000] {logging_mixin.py:120} INFO - [2023-03-15T16:03:13.308+0000] {dag.py:3340} INFO - Setting next_dagrun for example_subdag_operator.section-1 to None, run_after=None
[2023-03-15T16:03:13.309+0000] {logging_mixin.py:120} INFO - [2023-03-15T16:03:13.309+0000] {dag.py:3340} INFO - Setting next_dagrun for example_subdag_operator.section-2 to None, run_after=None
[2023-03-15T16:03:13.314+0000] {logging_mixin.py:120} INFO - [2023-03-15T16:03:13.314+0000] {dag.py:2585} INFO - Sync 2 DAGs
[2023-03-15T16:03:13.318+0000] {logging_mixin.py:120} INFO - [2023-03-15T16:03:13.318+0000] {dag.py:3340} INFO - Setting next_dagrun for example_subdag_operator.section-1 to None, run_after=None
[2023-03-15T16:03:13.319+0000] {logging_mixin.py:120} INFO - [2023-03-15T16:03:13.319+0000] {dag.py:3340} INFO - Setting next_dagrun for example_subdag_operator.section-2 to None, run_after=None
[2023-03-15T16:03:13.328+0000] {processor.py:176} INFO - Processing /home/airflow/.local/lib/python3.7/site-packages/airflow/example_dags/example_subdag_operator.py took 0.177 seconds
[2023-03-15T16:03:43.442+0000] {processor.py:154} INFO - Started process (PID=306) to work on /home/airflow/.local/lib/python3.7/site-packages/airflow/example_dags/example_subdag_operator.py
[2023-03-15T16:03:43.444+0000] {processor.py:756} INFO - Processing file /home/airflow/.local/lib/python3.7/site-packages/airflow/example_dags/example_subdag_operator.py for tasks to queue
[2023-03-15T16:03:43.445+0000] {logging_mixin.py:120} INFO - [2023-03-15T16:03:43.445+0000] {dagbag.py:537} INFO - Filling up the DagBag from /home/airflow/.local/lib/python3.7/site-packages/airflow/example_dags/example_subdag_operator.py
[2023-03-15T16:03:43.472+0000] {processor.py:766} INFO - DAG(s) dict_keys(['example_subdag_operator.section-1', 'example_subdag_operator.section-2', 'example_subdag_operator']) retrieved from /home/airflow/.local/lib/python3.7/site-packages/airflow/example_dags/example_subdag_operator.py
[2023-03-15T16:03:43.567+0000] {logging_mixin.py:120} INFO - [2023-03-15T16:03:43.567+0000] {dag.py:2585} INFO - Sync 3 DAGs
[2023-03-15T16:03:43.583+0000] {logging_mixin.py:120} INFO - [2023-03-15T16:03:43.583+0000] {dag.py:3340} INFO - Setting next_dagrun for example_subdag_operator to 2022-01-01T00:00:00+00:00, run_after=2022-01-01T00:00:00+00:00
[2023-03-15T16:03:43.590+0000] {logging_mixin.py:120} INFO - [2023-03-15T16:03:43.590+0000] {dag.py:3340} INFO - Setting next_dagrun for example_subdag_operator.section-1 to None, run_after=None
[2023-03-15T16:03:43.593+0000] {logging_mixin.py:120} INFO - [2023-03-15T16:03:43.592+0000] {dag.py:3340} INFO - Setting next_dagrun for example_subdag_operator.section-2 to None, run_after=None
[2023-03-15T16:03:43.602+0000] {logging_mixin.py:120} INFO - [2023-03-15T16:03:43.602+0000] {dag.py:2585} INFO - Sync 2 DAGs
[2023-03-15T16:03:43.606+0000] {logging_mixin.py:120} INFO - [2023-03-15T16:03:43.606+0000] {dag.py:3340} INFO - Setting next_dagrun for example_subdag_operator.section-1 to None, run_after=None
[2023-03-15T16:03:43.608+0000] {logging_mixin.py:120} INFO - [2023-03-15T16:03:43.608+0000] {dag.py:3340} INFO - Setting next_dagrun for example_subdag_operator.section-2 to None, run_after=None
[2023-03-15T16:03:43.615+0000] {processor.py:176} INFO - Processing /home/airflow/.local/lib/python3.7/site-packages/airflow/example_dags/example_subdag_operator.py took 0.176 seconds
[2023-03-15T16:04:13.719+0000] {processor.py:154} INFO - Started process (PID=361) to work on /home/airflow/.local/lib/python3.7/site-packages/airflow/example_dags/example_subdag_operator.py
[2023-03-15T16:04:13.721+0000] {processor.py:756} INFO - Processing file /home/airflow/.local/lib/python3.7/site-packages/airflow/example_dags/example_subdag_operator.py for tasks to queue
[2023-03-15T16:04:13.722+0000] {logging_mixin.py:120} INFO - [2023-03-15T16:04:13.722+0000] {dagbag.py:537} INFO - Filling up the DagBag from /home/airflow/.local/lib/python3.7/site-packages/airflow/example_dags/example_subdag_operator.py
[2023-03-15T16:04:13.754+0000] {processor.py:766} INFO - DAG(s) dict_keys(['example_subdag_operator.section-1', 'example_subdag_operator.section-2', 'example_subdag_operator']) retrieved from /home/airflow/.local/lib/python3.7/site-packages/airflow/example_dags/example_subdag_operator.py
[2023-03-15T16:04:13.848+0000] {logging_mixin.py:120} INFO - [2023-03-15T16:04:13.848+0000] {dag.py:2585} INFO - Sync 3 DAGs
[2023-03-15T16:04:13.864+0000] {logging_mixin.py:120} INFO - [2023-03-15T16:04:13.864+0000] {dag.py:3340} INFO - Setting next_dagrun for example_subdag_operator to 2022-01-01T00:00:00+00:00, run_after=2022-01-01T00:00:00+00:00
[2023-03-15T16:04:13.867+0000] {logging_mixin.py:120} INFO - [2023-03-15T16:04:13.867+0000] {dag.py:3340} INFO - Setting next_dagrun for example_subdag_operator.section-1 to None, run_after=None
[2023-03-15T16:04:13.868+0000] {logging_mixin.py:120} INFO - [2023-03-15T16:04:13.868+0000] {dag.py:3340} INFO - Setting next_dagrun for example_subdag_operator.section-2 to None, run_after=None
[2023-03-15T16:04:13.874+0000] {logging_mixin.py:120} INFO - [2023-03-15T16:04:13.874+0000] {dag.py:2585} INFO - Sync 2 DAGs
[2023-03-15T16:04:13.878+0000] {logging_mixin.py:120} INFO - [2023-03-15T16:04:13.878+0000] {dag.py:3340} INFO - Setting next_dagrun for example_subdag_operator.section-1 to None, run_after=None
[2023-03-15T16:04:13.878+0000] {logging_mixin.py:120} INFO - [2023-03-15T16:04:13.878+0000] {dag.py:3340} INFO - Setting next_dagrun for example_subdag_operator.section-2 to None, run_after=None
[2023-03-15T16:04:13.885+0000] {processor.py:176} INFO - Processing /home/airflow/.local/lib/python3.7/site-packages/airflow/example_dags/example_subdag_operator.py took 0.168 seconds
[2023-03-15T16:04:44.303+0000] {processor.py:154} INFO - Started process (PID=426) to work on /home/airflow/.local/lib/python3.7/site-packages/airflow/example_dags/example_subdag_operator.py
[2023-03-15T16:04:44.305+0000] {processor.py:756} INFO - Processing file /home/airflow/.local/lib/python3.7/site-packages/airflow/example_dags/example_subdag_operator.py for tasks to queue
[2023-03-15T16:04:44.306+0000] {logging_mixin.py:120} INFO - [2023-03-15T16:04:44.306+0000] {dagbag.py:537} INFO - Filling up the DagBag from /home/airflow/.local/lib/python3.7/site-packages/airflow/example_dags/example_subdag_operator.py
[2023-03-15T16:04:44.338+0000] {processor.py:766} INFO - DAG(s) dict_keys(['example_subdag_operator.section-1', 'example_subdag_operator.section-2', 'example_subdag_operator']) retrieved from /home/airflow/.local/lib/python3.7/site-packages/airflow/example_dags/example_subdag_operator.py
[2023-03-15T16:04:44.438+0000] {logging_mixin.py:120} INFO - [2023-03-15T16:04:44.437+0000] {dag.py:2585} INFO - Sync 3 DAGs
[2023-03-15T16:04:44.456+0000] {logging_mixin.py:120} INFO - [2023-03-15T16:04:44.455+0000] {dag.py:3340} INFO - Setting next_dagrun for example_subdag_operator to 2022-01-01T00:00:00+00:00, run_after=2022-01-01T00:00:00+00:00
[2023-03-15T16:04:44.459+0000] {logging_mixin.py:120} INFO - [2023-03-15T16:04:44.459+0000] {dag.py:3340} INFO - Setting next_dagrun for example_subdag_operator.section-1 to None, run_after=None
[2023-03-15T16:04:44.460+0000] {logging_mixin.py:120} INFO - [2023-03-15T16:04:44.460+0000] {dag.py:3340} INFO - Setting next_dagrun for example_subdag_operator.section-2 to None, run_after=None
[2023-03-15T16:04:44.466+0000] {logging_mixin.py:120} INFO - [2023-03-15T16:04:44.466+0000] {dag.py:2585} INFO - Sync 2 DAGs
[2023-03-15T16:04:44.470+0000] {logging_mixin.py:120} INFO - [2023-03-15T16:04:44.470+0000] {dag.py:3340} INFO - Setting next_dagrun for example_subdag_operator.section-1 to None, run_after=None
[2023-03-15T16:04:44.471+0000] {logging_mixin.py:120} INFO - [2023-03-15T16:04:44.471+0000] {dag.py:3340} INFO - Setting next_dagrun for example_subdag_operator.section-2 to None, run_after=None
[2023-03-15T16:04:44.478+0000] {processor.py:176} INFO - Processing /home/airflow/.local/lib/python3.7/site-packages/airflow/example_dags/example_subdag_operator.py took 0.178 seconds
[2023-03-15T16:05:14.552+0000] {processor.py:154} INFO - Started process (PID=491) to work on /home/airflow/.local/lib/python3.7/site-packages/airflow/example_dags/example_subdag_operator.py
[2023-03-15T16:05:14.553+0000] {processor.py:756} INFO - Processing file /home/airflow/.local/lib/python3.7/site-packages/airflow/example_dags/example_subdag_operator.py for tasks to queue
[2023-03-15T16:05:14.554+0000] {logging_mixin.py:120} INFO - [2023-03-15T16:05:14.554+0000] {dagbag.py:537} INFO - Filling up the DagBag from /home/airflow/.local/lib/python3.7/site-packages/airflow/example_dags/example_subdag_operator.py
[2023-03-15T16:05:14.581+0000] {processor.py:766} INFO - DAG(s) dict_keys(['example_subdag_operator.section-1', 'example_subdag_operator.section-2', 'example_subdag_operator']) retrieved from /home/airflow/.local/lib/python3.7/site-packages/airflow/example_dags/example_subdag_operator.py
[2023-03-15T16:05:14.678+0000] {logging_mixin.py:120} INFO - [2023-03-15T16:05:14.678+0000] {dag.py:2585} INFO - Sync 3 DAGs
[2023-03-15T16:05:14.695+0000] {logging_mixin.py:120} INFO - [2023-03-15T16:05:14.695+0000] {dag.py:3340} INFO - Setting next_dagrun for example_subdag_operator to 2022-01-01T00:00:00+00:00, run_after=2022-01-01T00:00:00+00:00
[2023-03-15T16:05:14.698+0000] {logging_mixin.py:120} INFO - [2023-03-15T16:05:14.698+0000] {dag.py:3340} INFO - Setting next_dagrun for example_subdag_operator.section-1 to None, run_after=None
[2023-03-15T16:05:14.700+0000] {logging_mixin.py:120} INFO - [2023-03-15T16:05:14.700+0000] {dag.py:3340} INFO - Setting next_dagrun for example_subdag_operator.section-2 to None, run_after=None
[2023-03-15T16:05:14.705+0000] {logging_mixin.py:120} INFO - [2023-03-15T16:05:14.705+0000] {dag.py:2585} INFO - Sync 2 DAGs
[2023-03-15T16:05:14.708+0000] {logging_mixin.py:120} INFO - [2023-03-15T16:05:14.708+0000] {dag.py:3340} INFO - Setting next_dagrun for example_subdag_operator.section-1 to None, run_after=None
[2023-03-15T16:05:14.709+0000] {logging_mixin.py:120} INFO - [2023-03-15T16:05:14.709+0000] {dag.py:3340} INFO - Setting next_dagrun for example_subdag_operator.section-2 to None, run_after=None
[2023-03-15T16:05:14.717+0000] {processor.py:176} INFO - Processing /home/airflow/.local/lib/python3.7/site-packages/airflow/example_dags/example_subdag_operator.py took 0.168 seconds
[2023-03-15T16:05:44.858+0000] {processor.py:154} INFO - Started process (PID=553) to work on /home/airflow/.local/lib/python3.7/site-packages/airflow/example_dags/example_subdag_operator.py
[2023-03-15T16:05:44.860+0000] {processor.py:756} INFO - Processing file /home/airflow/.local/lib/python3.7/site-packages/airflow/example_dags/example_subdag_operator.py for tasks to queue
[2023-03-15T16:05:44.861+0000] {logging_mixin.py:120} INFO - [2023-03-15T16:05:44.860+0000] {dagbag.py:537} INFO - Filling up the DagBag from /home/airflow/.local/lib/python3.7/site-packages/airflow/example_dags/example_subdag_operator.py
[2023-03-15T16:05:44.886+0000] {processor.py:766} INFO - DAG(s) dict_keys(['example_subdag_operator.section-1', 'example_subdag_operator.section-2', 'example_subdag_operator']) retrieved from /home/airflow/.local/lib/python3.7/site-packages/airflow/example_dags/example_subdag_operator.py
[2023-03-15T16:05:44.898+0000] {logging_mixin.py:120} INFO - [2023-03-15T16:05:44.898+0000] {dag.py:2585} INFO - Sync 3 DAGs
[2023-03-15T16:05:44.915+0000] {logging_mixin.py:120} INFO - [2023-03-15T16:05:44.914+0000] {dag.py:3340} INFO - Setting next_dagrun for example_subdag_operator to 2022-01-01T00:00:00+00:00, run_after=2022-01-01T00:00:00+00:00
[2023-03-15T16:05:44.917+0000] {logging_mixin.py:120} INFO - [2023-03-15T16:05:44.917+0000] {dag.py:3340} INFO - Setting next_dagrun for example_subdag_operator.section-1 to None, run_after=None
[2023-03-15T16:05:44.918+0000] {logging_mixin.py:120} INFO - [2023-03-15T16:05:44.918+0000] {dag.py:3340} INFO - Setting next_dagrun for example_subdag_operator.section-2 to None, run_after=None
[2023-03-15T16:05:44.923+0000] {logging_mixin.py:120} INFO - [2023-03-15T16:05:44.923+0000] {dag.py:2585} INFO - Sync 2 DAGs
[2023-03-15T16:05:44.927+0000] {logging_mixin.py:120} INFO - [2023-03-15T16:05:44.927+0000] {dag.py:3340} INFO - Setting next_dagrun for example_subdag_operator.section-1 to None, run_after=None
[2023-03-15T16:05:44.928+0000] {logging_mixin.py:120} INFO - [2023-03-15T16:05:44.928+0000] {dag.py:3340} INFO - Setting next_dagrun for example_subdag_operator.section-2 to None, run_after=None
[2023-03-15T16:05:44.935+0000] {processor.py:176} INFO - Processing /home/airflow/.local/lib/python3.7/site-packages/airflow/example_dags/example_subdag_operator.py took 0.080 seconds
[2023-03-15T16:06:15.234+0000] {processor.py:154} INFO - Started process (PID=615) to work on /home/airflow/.local/lib/python3.7/site-packages/airflow/example_dags/example_subdag_operator.py
[2023-03-15T16:06:15.237+0000] {processor.py:756} INFO - Processing file /home/airflow/.local/lib/python3.7/site-packages/airflow/example_dags/example_subdag_operator.py for tasks to queue
[2023-03-15T16:06:15.238+0000] {logging_mixin.py:120} INFO - [2023-03-15T16:06:15.238+0000] {dagbag.py:537} INFO - Filling up the DagBag from /home/airflow/.local/lib/python3.7/site-packages/airflow/example_dags/example_subdag_operator.py
[2023-03-15T16:06:15.266+0000] {processor.py:766} INFO - DAG(s) dict_keys(['example_subdag_operator.section-1', 'example_subdag_operator.section-2', 'example_subdag_operator']) retrieved from /home/airflow/.local/lib/python3.7/site-packages/airflow/example_dags/example_subdag_operator.py
[2023-03-15T16:06:15.367+0000] {logging_mixin.py:120} INFO - [2023-03-15T16:06:15.367+0000] {dag.py:2585} INFO - Sync 3 DAGs
[2023-03-15T16:06:15.382+0000] {logging_mixin.py:120} INFO - [2023-03-15T16:06:15.382+0000] {dag.py:3340} INFO - Setting next_dagrun for example_subdag_operator to 2022-01-01T00:00:00+00:00, run_after=2022-01-01T00:00:00+00:00
[2023-03-15T16:06:15.385+0000] {logging_mixin.py:120} INFO - [2023-03-15T16:06:15.385+0000] {dag.py:3340} INFO - Setting next_dagrun for example_subdag_operator.section-1 to None, run_after=None
[2023-03-15T16:06:15.386+0000] {logging_mixin.py:120} INFO - [2023-03-15T16:06:15.386+0000] {dag.py:3340} INFO - Setting next_dagrun for example_subdag_operator.section-2 to None, run_after=None
[2023-03-15T16:06:15.391+0000] {logging_mixin.py:120} INFO - [2023-03-15T16:06:15.391+0000] {dag.py:2585} INFO - Sync 2 DAGs
[2023-03-15T16:06:15.395+0000] {logging_mixin.py:120} INFO - [2023-03-15T16:06:15.395+0000] {dag.py:3340} INFO - Setting next_dagrun for example_subdag_operator.section-1 to None, run_after=None
[2023-03-15T16:06:15.395+0000] {logging_mixin.py:120} INFO - [2023-03-15T16:06:15.395+0000] {dag.py:3340} INFO - Setting next_dagrun for example_subdag_operator.section-2 to None, run_after=None
[2023-03-15T16:06:15.402+0000] {processor.py:176} INFO - Processing /home/airflow/.local/lib/python3.7/site-packages/airflow/example_dags/example_subdag_operator.py took 0.171 seconds
[2023-03-15T16:06:45.527+0000] {processor.py:154} INFO - Started process (PID=671) to work on /home/airflow/.local/lib/python3.7/site-packages/airflow/example_dags/example_subdag_operator.py
[2023-03-15T16:06:45.529+0000] {processor.py:756} INFO - Processing file /home/airflow/.local/lib/python3.7/site-packages/airflow/example_dags/example_subdag_operator.py for tasks to queue
[2023-03-15T16:06:45.530+0000] {logging_mixin.py:120} INFO - [2023-03-15T16:06:45.530+0000] {dagbag.py:537} INFO - Filling up the DagBag from /home/airflow/.local/lib/python3.7/site-packages/airflow/example_dags/example_subdag_operator.py
[2023-03-15T16:06:45.561+0000] {processor.py:766} INFO - DAG(s) dict_keys(['example_subdag_operator.section-1', 'example_subdag_operator.section-2', 'example_subdag_operator']) retrieved from /home/airflow/.local/lib/python3.7/site-packages/airflow/example_dags/example_subdag_operator.py
[2023-03-15T16:06:45.657+0000] {logging_mixin.py:120} INFO - [2023-03-15T16:06:45.657+0000] {dag.py:2585} INFO - Sync 3 DAGs
[2023-03-15T16:06:45.673+0000] {logging_mixin.py:120} INFO - [2023-03-15T16:06:45.673+0000] {dag.py:3340} INFO - Setting next_dagrun for example_subdag_operator to 2022-01-01T00:00:00+00:00, run_after=2022-01-01T00:00:00+00:00
[2023-03-15T16:06:45.676+0000] {logging_mixin.py:120} INFO - [2023-03-15T16:06:45.676+0000] {dag.py:3340} INFO - Setting next_dagrun for example_subdag_operator.section-1 to None, run_after=None
[2023-03-15T16:06:45.678+0000] {logging_mixin.py:120} INFO - [2023-03-15T16:06:45.678+0000] {dag.py:3340} INFO - Setting next_dagrun for example_subdag_operator.section-2 to None, run_after=None
[2023-03-15T16:06:45.683+0000] {logging_mixin.py:120} INFO - [2023-03-15T16:06:45.683+0000] {dag.py:2585} INFO - Sync 2 DAGs
[2023-03-15T16:06:45.688+0000] {logging_mixin.py:120} INFO - [2023-03-15T16:06:45.688+0000] {dag.py:3340} INFO - Setting next_dagrun for example_subdag_operator.section-1 to None, run_after=None
[2023-03-15T16:06:45.689+0000] {logging_mixin.py:120} INFO - [2023-03-15T16:06:45.688+0000] {dag.py:3340} INFO - Setting next_dagrun for example_subdag_operator.section-2 to None, run_after=None
[2023-03-15T16:06:45.695+0000] {processor.py:176} INFO - Processing /home/airflow/.local/lib/python3.7/site-packages/airflow/example_dags/example_subdag_operator.py took 0.171 seconds
[2023-03-15T16:07:16.086+0000] {processor.py:154} INFO - Started process (PID=738) to work on /home/airflow/.local/lib/python3.7/site-packages/airflow/example_dags/example_subdag_operator.py
[2023-03-15T16:07:16.088+0000] {processor.py:756} INFO - Processing file /home/airflow/.local/lib/python3.7/site-packages/airflow/example_dags/example_subdag_operator.py for tasks to queue
[2023-03-15T16:07:16.088+0000] {logging_mixin.py:120} INFO - [2023-03-15T16:07:16.088+0000] {dagbag.py:537} INFO - Filling up the DagBag from /home/airflow/.local/lib/python3.7/site-packages/airflow/example_dags/example_subdag_operator.py
[2023-03-15T16:07:16.114+0000] {processor.py:766} INFO - DAG(s) dict_keys(['example_subdag_operator.section-1', 'example_subdag_operator.section-2', 'example_subdag_operator']) retrieved from /home/airflow/.local/lib/python3.7/site-packages/airflow/example_dags/example_subdag_operator.py
[2023-03-15T16:07:16.208+0000] {logging_mixin.py:120} INFO - [2023-03-15T16:07:16.208+0000] {dag.py:2585} INFO - Sync 3 DAGs
[2023-03-15T16:07:16.223+0000] {logging_mixin.py:120} INFO - [2023-03-15T16:07:16.223+0000] {dag.py:3340} INFO - Setting next_dagrun for example_subdag_operator to 2022-01-01T00:00:00+00:00, run_after=2022-01-01T00:00:00+00:00
[2023-03-15T16:07:16.226+0000] {logging_mixin.py:120} INFO - [2023-03-15T16:07:16.226+0000] {dag.py:3340} INFO - Setting next_dagrun for example_subdag_operator.section-1 to None, run_after=None
[2023-03-15T16:07:16.227+0000] {logging_mixin.py:120} INFO - [2023-03-15T16:07:16.227+0000] {dag.py:3340} INFO - Setting next_dagrun for example_subdag_operator.section-2 to None, run_after=None
[2023-03-15T16:07:16.233+0000] {logging_mixin.py:120} INFO - [2023-03-15T16:07:16.233+0000] {dag.py:2585} INFO - Sync 2 DAGs
[2023-03-15T16:07:16.237+0000] {logging_mixin.py:120} INFO - [2023-03-15T16:07:16.237+0000] {dag.py:3340} INFO - Setting next_dagrun for example_subdag_operator.section-1 to None, run_after=None
[2023-03-15T16:07:16.238+0000] {logging_mixin.py:120} INFO - [2023-03-15T16:07:16.238+0000] {dag.py:3340} INFO - Setting next_dagrun for example_subdag_operator.section-2 to None, run_after=None
[2023-03-15T16:07:16.245+0000] {processor.py:176} INFO - Processing /home/airflow/.local/lib/python3.7/site-packages/airflow/example_dags/example_subdag_operator.py took 0.162 seconds
[2023-03-15T16:07:46.599+0000] {processor.py:154} INFO - Started process (PID=802) to work on /home/airflow/.local/lib/python3.7/site-packages/airflow/example_dags/example_subdag_operator.py
[2023-03-15T16:07:46.600+0000] {processor.py:756} INFO - Processing file /home/airflow/.local/lib/python3.7/site-packages/airflow/example_dags/example_subdag_operator.py for tasks to queue
[2023-03-15T16:07:46.602+0000] {logging_mixin.py:120} INFO - [2023-03-15T16:07:46.601+0000] {dagbag.py:537} INFO - Filling up the DagBag from /home/airflow/.local/lib/python3.7/site-packages/airflow/example_dags/example_subdag_operator.py
[2023-03-15T16:07:46.636+0000] {processor.py:766} INFO - DAG(s) dict_keys(['example_subdag_operator.section-1', 'example_subdag_operator.section-2', 'example_subdag_operator']) retrieved from /home/airflow/.local/lib/python3.7/site-packages/airflow/example_dags/example_subdag_operator.py
[2023-03-15T16:07:46.739+0000] {logging_mixin.py:120} INFO - [2023-03-15T16:07:46.739+0000] {dag.py:2585} INFO - Sync 3 DAGs
[2023-03-15T16:07:46.757+0000] {logging_mixin.py:120} INFO - [2023-03-15T16:07:46.757+0000] {dag.py:3340} INFO - Setting next_dagrun for example_subdag_operator to 2022-01-01T00:00:00+00:00, run_after=2022-01-01T00:00:00+00:00
[2023-03-15T16:07:46.760+0000] {logging_mixin.py:120} INFO - [2023-03-15T16:07:46.760+0000] {dag.py:3340} INFO - Setting next_dagrun for example_subdag_operator.section-1 to None, run_after=None
[2023-03-15T16:07:46.762+0000] {logging_mixin.py:120} INFO - [2023-03-15T16:07:46.762+0000] {dag.py:3340} INFO - Setting next_dagrun for example_subdag_operator.section-2 to None, run_after=None
[2023-03-15T16:07:46.769+0000] {logging_mixin.py:120} INFO - [2023-03-15T16:07:46.769+0000] {dag.py:2585} INFO - Sync 2 DAGs
[2023-03-15T16:07:46.774+0000] {logging_mixin.py:120} INFO - [2023-03-15T16:07:46.774+0000] {dag.py:3340} INFO - Setting next_dagrun for example_subdag_operator.section-1 to None, run_after=None
[2023-03-15T16:07:46.775+0000] {logging_mixin.py:120} INFO - [2023-03-15T16:07:46.775+0000] {dag.py:3340} INFO - Setting next_dagrun for example_subdag_operator.section-2 to None, run_after=None
[2023-03-15T16:07:46.784+0000] {processor.py:176} INFO - Processing /home/airflow/.local/lib/python3.7/site-packages/airflow/example_dags/example_subdag_operator.py took 0.190 seconds
[2023-03-15T16:08:17.446+0000] {processor.py:154} INFO - Started process (PID=871) to work on /home/airflow/.local/lib/python3.7/site-packages/airflow/example_dags/example_subdag_operator.py
[2023-03-15T16:08:17.448+0000] {processor.py:756} INFO - Processing file /home/airflow/.local/lib/python3.7/site-packages/airflow/example_dags/example_subdag_operator.py for tasks to queue
[2023-03-15T16:08:17.451+0000] {logging_mixin.py:120} INFO - [2023-03-15T16:08:17.451+0000] {dagbag.py:537} INFO - Filling up the DagBag from /home/airflow/.local/lib/python3.7/site-packages/airflow/example_dags/example_subdag_operator.py
[2023-03-15T16:08:17.499+0000] {processor.py:766} INFO - DAG(s) dict_keys(['example_subdag_operator.section-1', 'example_subdag_operator.section-2', 'example_subdag_operator']) retrieved from /home/airflow/.local/lib/python3.7/site-packages/airflow/example_dags/example_subdag_operator.py
[2023-03-15T16:08:17.725+0000] {logging_mixin.py:120} INFO - [2023-03-15T16:08:17.725+0000] {dag.py:2585} INFO - Sync 3 DAGs
[2023-03-15T16:08:17.805+0000] {logging_mixin.py:120} INFO - [2023-03-15T16:08:17.805+0000] {dag.py:3340} INFO - Setting next_dagrun for example_subdag_operator to 2022-01-01T00:00:00+00:00, run_after=2022-01-01T00:00:00+00:00
[2023-03-15T16:08:17.817+0000] {logging_mixin.py:120} INFO - [2023-03-15T16:08:17.816+0000] {dag.py:3340} INFO - Setting next_dagrun for example_subdag_operator.section-1 to None, run_after=None
[2023-03-15T16:08:17.828+0000] {logging_mixin.py:120} INFO - [2023-03-15T16:08:17.828+0000] {dag.py:3340} INFO - Setting next_dagrun for example_subdag_operator.section-2 to None, run_after=None
[2023-03-15T16:08:17.841+0000] {logging_mixin.py:120} INFO - [2023-03-15T16:08:17.840+0000] {dag.py:2585} INFO - Sync 2 DAGs
[2023-03-15T16:08:17.851+0000] {logging_mixin.py:120} INFO - [2023-03-15T16:08:17.851+0000] {dag.py:3340} INFO - Setting next_dagrun for example_subdag_operator.section-1 to None, run_after=None
[2023-03-15T16:08:17.856+0000] {logging_mixin.py:120} INFO - [2023-03-15T16:08:17.856+0000] {dag.py:3340} INFO - Setting next_dagrun for example_subdag_operator.section-2 to None, run_after=None
[2023-03-15T16:08:17.900+0000] {processor.py:176} INFO - Processing /home/airflow/.local/lib/python3.7/site-packages/airflow/example_dags/example_subdag_operator.py took 0.458 seconds
[2023-03-15T16:08:48.143+0000] {processor.py:154} INFO - Started process (PID=990) to work on /home/airflow/.local/lib/python3.7/site-packages/airflow/example_dags/example_subdag_operator.py
[2023-03-15T16:08:48.144+0000] {processor.py:756} INFO - Processing file /home/airflow/.local/lib/python3.7/site-packages/airflow/example_dags/example_subdag_operator.py for tasks to queue
[2023-03-15T16:08:48.145+0000] {logging_mixin.py:120} INFO - [2023-03-15T16:08:48.145+0000] {dagbag.py:537} INFO - Filling up the DagBag from /home/airflow/.local/lib/python3.7/site-packages/airflow/example_dags/example_subdag_operator.py
[2023-03-15T16:08:48.173+0000] {processor.py:766} INFO - DAG(s) dict_keys(['example_subdag_operator.section-1', 'example_subdag_operator.section-2', 'example_subdag_operator']) retrieved from /home/airflow/.local/lib/python3.7/site-packages/airflow/example_dags/example_subdag_operator.py
[2023-03-15T16:08:48.271+0000] {logging_mixin.py:120} INFO - [2023-03-15T16:08:48.271+0000] {dag.py:2585} INFO - Sync 3 DAGs
[2023-03-15T16:08:48.287+0000] {logging_mixin.py:120} INFO - [2023-03-15T16:08:48.287+0000] {dag.py:3340} INFO - Setting next_dagrun for example_subdag_operator to 2022-01-01T00:00:00+00:00, run_after=2022-01-01T00:00:00+00:00
[2023-03-15T16:08:48.289+0000] {logging_mixin.py:120} INFO - [2023-03-15T16:08:48.289+0000] {dag.py:3340} INFO - Setting next_dagrun for example_subdag_operator.section-1 to None, run_after=None
[2023-03-15T16:08:48.290+0000] {logging_mixin.py:120} INFO - [2023-03-15T16:08:48.290+0000] {dag.py:3340} INFO - Setting next_dagrun for example_subdag_operator.section-2 to None, run_after=None
[2023-03-15T16:08:48.295+0000] {logging_mixin.py:120} INFO - [2023-03-15T16:08:48.295+0000] {dag.py:2585} INFO - Sync 2 DAGs
[2023-03-15T16:08:48.299+0000] {logging_mixin.py:120} INFO - [2023-03-15T16:08:48.299+0000] {dag.py:3340} INFO - Setting next_dagrun for example_subdag_operator.section-1 to None, run_after=None
[2023-03-15T16:08:48.299+0000] {logging_mixin.py:120} INFO - [2023-03-15T16:08:48.299+0000] {dag.py:3340} INFO - Setting next_dagrun for example_subdag_operator.section-2 to None, run_after=None
[2023-03-15T16:08:48.307+0000] {processor.py:176} INFO - Processing /home/airflow/.local/lib/python3.7/site-packages/airflow/example_dags/example_subdag_operator.py took 0.168 seconds
[2023-03-15T16:09:18.700+0000] {processor.py:154} INFO - Started process (PID=1200) to work on /home/airflow/.local/lib/python3.7/site-packages/airflow/example_dags/example_subdag_operator.py
[2023-03-15T16:09:18.702+0000] {processor.py:756} INFO - Processing file /home/airflow/.local/lib/python3.7/site-packages/airflow/example_dags/example_subdag_operator.py for tasks to queue
[2023-03-15T16:09:18.703+0000] {logging_mixin.py:120} INFO - [2023-03-15T16:09:18.703+0000] {dagbag.py:537} INFO - Filling up the DagBag from /home/airflow/.local/lib/python3.7/site-packages/airflow/example_dags/example_subdag_operator.py
[2023-03-15T16:09:18.768+0000] {processor.py:766} INFO - DAG(s) dict_keys(['example_subdag_operator.section-1', 'example_subdag_operator.section-2', 'example_subdag_operator']) retrieved from /home/airflow/.local/lib/python3.7/site-packages/airflow/example_dags/example_subdag_operator.py
[2023-03-15T16:09:18.956+0000] {logging_mixin.py:120} INFO - [2023-03-15T16:09:18.955+0000] {dag.py:2585} INFO - Sync 3 DAGs
[2023-03-15T16:09:18.985+0000] {logging_mixin.py:120} INFO - [2023-03-15T16:09:18.984+0000] {dag.py:3340} INFO - Setting next_dagrun for example_subdag_operator to 2022-01-01T00:00:00+00:00, run_after=2022-01-01T00:00:00+00:00
[2023-03-15T16:09:18.992+0000] {logging_mixin.py:120} INFO - [2023-03-15T16:09:18.992+0000] {dag.py:3340} INFO - Setting next_dagrun for example_subdag_operator.section-1 to None, run_after=None
[2023-03-15T16:09:18.996+0000] {logging_mixin.py:120} INFO - [2023-03-15T16:09:18.996+0000] {dag.py:3340} INFO - Setting next_dagrun for example_subdag_operator.section-2 to None, run_after=None
[2023-03-15T16:09:19.012+0000] {logging_mixin.py:120} INFO - [2023-03-15T16:09:19.011+0000] {dag.py:2585} INFO - Sync 2 DAGs
[2023-03-15T16:09:19.023+0000] {logging_mixin.py:120} INFO - [2023-03-15T16:09:19.023+0000] {dag.py:3340} INFO - Setting next_dagrun for example_subdag_operator.section-1 to None, run_after=None
[2023-03-15T16:09:19.027+0000] {logging_mixin.py:120} INFO - [2023-03-15T16:09:19.027+0000] {dag.py:3340} INFO - Setting next_dagrun for example_subdag_operator.section-2 to None, run_after=None
[2023-03-15T16:09:19.050+0000] {processor.py:176} INFO - Processing /home/airflow/.local/lib/python3.7/site-packages/airflow/example_dags/example_subdag_operator.py took 0.353 seconds
[2023-03-15T16:09:49.376+0000] {processor.py:154} INFO - Started process (PID=1407) to work on /home/airflow/.local/lib/python3.7/site-packages/airflow/example_dags/example_subdag_operator.py
[2023-03-15T16:09:49.377+0000] {processor.py:756} INFO - Processing file /home/airflow/.local/lib/python3.7/site-packages/airflow/example_dags/example_subdag_operator.py for tasks to queue
[2023-03-15T16:09:49.378+0000] {logging_mixin.py:120} INFO - [2023-03-15T16:09:49.377+0000] {dagbag.py:537} INFO - Filling up the DagBag from /home/airflow/.local/lib/python3.7/site-packages/airflow/example_dags/example_subdag_operator.py
[2023-03-15T16:09:49.403+0000] {processor.py:766} INFO - DAG(s) dict_keys(['example_subdag_operator.section-1', 'example_subdag_operator.section-2', 'example_subdag_operator']) retrieved from /home/airflow/.local/lib/python3.7/site-packages/airflow/example_dags/example_subdag_operator.py
[2023-03-15T16:09:49.502+0000] {logging_mixin.py:120} INFO - [2023-03-15T16:09:49.502+0000] {dag.py:2585} INFO - Sync 3 DAGs
[2023-03-15T16:09:49.522+0000] {logging_mixin.py:120} INFO - [2023-03-15T16:09:49.522+0000] {dag.py:3340} INFO - Setting next_dagrun for example_subdag_operator to 2022-01-01T00:00:00+00:00, run_after=2022-01-01T00:00:00+00:00
[2023-03-15T16:09:49.525+0000] {logging_mixin.py:120} INFO - [2023-03-15T16:09:49.525+0000] {dag.py:3340} INFO - Setting next_dagrun for example_subdag_operator.section-1 to None, run_after=None
[2023-03-15T16:09:49.526+0000] {logging_mixin.py:120} INFO - [2023-03-15T16:09:49.526+0000] {dag.py:3340} INFO - Setting next_dagrun for example_subdag_operator.section-2 to None, run_after=None
[2023-03-15T16:09:49.532+0000] {logging_mixin.py:120} INFO - [2023-03-15T16:09:49.532+0000] {dag.py:2585} INFO - Sync 2 DAGs
[2023-03-15T16:09:49.535+0000] {logging_mixin.py:120} INFO - [2023-03-15T16:09:49.535+0000] {dag.py:3340} INFO - Setting next_dagrun for example_subdag_operator.section-1 to None, run_after=None
[2023-03-15T16:09:49.536+0000] {logging_mixin.py:120} INFO - [2023-03-15T16:09:49.536+0000] {dag.py:3340} INFO - Setting next_dagrun for example_subdag_operator.section-2 to None, run_after=None
[2023-03-15T16:09:49.543+0000] {processor.py:176} INFO - Processing /home/airflow/.local/lib/python3.7/site-packages/airflow/example_dags/example_subdag_operator.py took 0.171 seconds
[2023-03-15T16:10:19.773+0000] {processor.py:154} INFO - Started process (PID=1628) to work on /home/airflow/.local/lib/python3.7/site-packages/airflow/example_dags/example_subdag_operator.py
[2023-03-15T16:10:19.784+0000] {processor.py:756} INFO - Processing file /home/airflow/.local/lib/python3.7/site-packages/airflow/example_dags/example_subdag_operator.py for tasks to queue
[2023-03-15T16:10:19.785+0000] {logging_mixin.py:120} INFO - [2023-03-15T16:10:19.785+0000] {dagbag.py:537} INFO - Filling up the DagBag from /home/airflow/.local/lib/python3.7/site-packages/airflow/example_dags/example_subdag_operator.py
[2023-03-15T16:10:19.828+0000] {processor.py:766} INFO - DAG(s) dict_keys(['example_subdag_operator.section-1', 'example_subdag_operator.section-2', 'example_subdag_operator']) retrieved from /home/airflow/.local/lib/python3.7/site-packages/airflow/example_dags/example_subdag_operator.py
[2023-03-15T16:10:19.929+0000] {logging_mixin.py:120} INFO - [2023-03-15T16:10:19.929+0000] {dag.py:2585} INFO - Sync 3 DAGs
[2023-03-15T16:10:19.945+0000] {logging_mixin.py:120} INFO - [2023-03-15T16:10:19.945+0000] {dag.py:3340} INFO - Setting next_dagrun for example_subdag_operator to 2022-01-01T00:00:00+00:00, run_after=2022-01-01T00:00:00+00:00
[2023-03-15T16:10:19.948+0000] {logging_mixin.py:120} INFO - [2023-03-15T16:10:19.948+0000] {dag.py:3340} INFO - Setting next_dagrun for example_subdag_operator.section-1 to None, run_after=None
[2023-03-15T16:10:19.950+0000] {logging_mixin.py:120} INFO - [2023-03-15T16:10:19.950+0000] {dag.py:3340} INFO - Setting next_dagrun for example_subdag_operator.section-2 to None, run_after=None
[2023-03-15T16:10:19.955+0000] {logging_mixin.py:120} INFO - [2023-03-15T16:10:19.955+0000] {dag.py:2585} INFO - Sync 2 DAGs
[2023-03-15T16:10:19.958+0000] {logging_mixin.py:120} INFO - [2023-03-15T16:10:19.958+0000] {dag.py:3340} INFO - Setting next_dagrun for example_subdag_operator.section-1 to None, run_after=None
[2023-03-15T16:10:19.959+0000] {logging_mixin.py:120} INFO - [2023-03-15T16:10:19.959+0000] {dag.py:3340} INFO - Setting next_dagrun for example_subdag_operator.section-2 to None, run_after=None
[2023-03-15T16:10:19.966+0000] {processor.py:176} INFO - Processing /home/airflow/.local/lib/python3.7/site-packages/airflow/example_dags/example_subdag_operator.py took 0.197 seconds
[2023-03-15T16:10:50.055+0000] {processor.py:154} INFO - Started process (PID=1850) to work on /home/airflow/.local/lib/python3.7/site-packages/airflow/example_dags/example_subdag_operator.py
[2023-03-15T16:10:50.057+0000] {processor.py:756} INFO - Processing file /home/airflow/.local/lib/python3.7/site-packages/airflow/example_dags/example_subdag_operator.py for tasks to queue
[2023-03-15T16:10:50.058+0000] {logging_mixin.py:120} INFO - [2023-03-15T16:10:50.057+0000] {dagbag.py:537} INFO - Filling up the DagBag from /home/airflow/.local/lib/python3.7/site-packages/airflow/example_dags/example_subdag_operator.py
[2023-03-15T16:10:50.084+0000] {processor.py:766} INFO - DAG(s) dict_keys(['example_subdag_operator.section-1', 'example_subdag_operator.section-2', 'example_subdag_operator']) retrieved from /home/airflow/.local/lib/python3.7/site-packages/airflow/example_dags/example_subdag_operator.py
[2023-03-15T16:10:50.174+0000] {logging_mixin.py:120} INFO - [2023-03-15T16:10:50.174+0000] {dag.py:2585} INFO - Sync 3 DAGs
[2023-03-15T16:10:50.189+0000] {logging_mixin.py:120} INFO - [2023-03-15T16:10:50.189+0000] {dag.py:3340} INFO - Setting next_dagrun for example_subdag_operator to 2022-01-01T00:00:00+00:00, run_after=2022-01-01T00:00:00+00:00
[2023-03-15T16:10:50.192+0000] {logging_mixin.py:120} INFO - [2023-03-15T16:10:50.192+0000] {dag.py:3340} INFO - Setting next_dagrun for example_subdag_operator.section-1 to None, run_after=None
[2023-03-15T16:10:50.193+0000] {logging_mixin.py:120} INFO - [2023-03-15T16:10:50.193+0000] {dag.py:3340} INFO - Setting next_dagrun for example_subdag_operator.section-2 to None, run_after=None
[2023-03-15T16:10:50.198+0000] {logging_mixin.py:120} INFO - [2023-03-15T16:10:50.198+0000] {dag.py:2585} INFO - Sync 2 DAGs
[2023-03-15T16:10:50.201+0000] {logging_mixin.py:120} INFO - [2023-03-15T16:10:50.201+0000] {dag.py:3340} INFO - Setting next_dagrun for example_subdag_operator.section-1 to None, run_after=None
[2023-03-15T16:10:50.202+0000] {logging_mixin.py:120} INFO - [2023-03-15T16:10:50.202+0000] {dag.py:3340} INFO - Setting next_dagrun for example_subdag_operator.section-2 to None, run_after=None
[2023-03-15T16:10:50.208+0000] {processor.py:176} INFO - Processing /home/airflow/.local/lib/python3.7/site-packages/airflow/example_dags/example_subdag_operator.py took 0.156 seconds
[2023-03-15T16:11:20.296+0000] {processor.py:154} INFO - Started process (PID=2076) to work on /home/airflow/.local/lib/python3.7/site-packages/airflow/example_dags/example_subdag_operator.py
[2023-03-15T16:11:20.299+0000] {processor.py:756} INFO - Processing file /home/airflow/.local/lib/python3.7/site-packages/airflow/example_dags/example_subdag_operator.py for tasks to queue
[2023-03-15T16:11:20.300+0000] {logging_mixin.py:120} INFO - [2023-03-15T16:11:20.299+0000] {dagbag.py:537} INFO - Filling up the DagBag from /home/airflow/.local/lib/python3.7/site-packages/airflow/example_dags/example_subdag_operator.py
[2023-03-15T16:11:20.346+0000] {processor.py:766} INFO - DAG(s) dict_keys(['example_subdag_operator.section-1', 'example_subdag_operator.section-2', 'example_subdag_operator']) retrieved from /home/airflow/.local/lib/python3.7/site-packages/airflow/example_dags/example_subdag_operator.py
[2023-03-15T16:11:20.463+0000] {logging_mixin.py:120} INFO - [2023-03-15T16:11:20.463+0000] {dag.py:2585} INFO - Sync 3 DAGs
[2023-03-15T16:11:20.486+0000] {logging_mixin.py:120} INFO - [2023-03-15T16:11:20.486+0000] {dag.py:3340} INFO - Setting next_dagrun for example_subdag_operator to 2022-01-01T00:00:00+00:00, run_after=2022-01-01T00:00:00+00:00
[2023-03-15T16:11:20.489+0000] {logging_mixin.py:120} INFO - [2023-03-15T16:11:20.489+0000] {dag.py:3340} INFO - Setting next_dagrun for example_subdag_operator.section-1 to None, run_after=None
[2023-03-15T16:11:20.491+0000] {logging_mixin.py:120} INFO - [2023-03-15T16:11:20.491+0000] {dag.py:3340} INFO - Setting next_dagrun for example_subdag_operator.section-2 to None, run_after=None
[2023-03-15T16:11:20.499+0000] {logging_mixin.py:120} INFO - [2023-03-15T16:11:20.498+0000] {dag.py:2585} INFO - Sync 2 DAGs
[2023-03-15T16:11:20.502+0000] {logging_mixin.py:120} INFO - [2023-03-15T16:11:20.502+0000] {dag.py:3340} INFO - Setting next_dagrun for example_subdag_operator.section-1 to None, run_after=None
[2023-03-15T16:11:20.503+0000] {logging_mixin.py:120} INFO - [2023-03-15T16:11:20.503+0000] {dag.py:3340} INFO - Setting next_dagrun for example_subdag_operator.section-2 to None, run_after=None
[2023-03-15T16:11:20.509+0000] {processor.py:176} INFO - Processing /home/airflow/.local/lib/python3.7/site-packages/airflow/example_dags/example_subdag_operator.py took 0.217 seconds
[2023-03-15T16:11:51.213+0000] {processor.py:154} INFO - Started process (PID=2289) to work on /home/airflow/.local/lib/python3.7/site-packages/airflow/example_dags/example_subdag_operator.py
[2023-03-15T16:11:51.215+0000] {processor.py:756} INFO - Processing file /home/airflow/.local/lib/python3.7/site-packages/airflow/example_dags/example_subdag_operator.py for tasks to queue
[2023-03-15T16:11:51.217+0000] {logging_mixin.py:120} INFO - [2023-03-15T16:11:51.216+0000] {dagbag.py:537} INFO - Filling up the DagBag from /home/airflow/.local/lib/python3.7/site-packages/airflow/example_dags/example_subdag_operator.py
[2023-03-15T16:11:51.281+0000] {processor.py:766} INFO - DAG(s) dict_keys(['example_subdag_operator.section-1', 'example_subdag_operator.section-2', 'example_subdag_operator']) retrieved from /home/airflow/.local/lib/python3.7/site-packages/airflow/example_dags/example_subdag_operator.py
[2023-03-15T16:11:51.487+0000] {logging_mixin.py:120} INFO - [2023-03-15T16:11:51.486+0000] {dag.py:2585} INFO - Sync 3 DAGs
[2023-03-15T16:11:51.513+0000] {logging_mixin.py:120} INFO - [2023-03-15T16:11:51.513+0000] {dag.py:3340} INFO - Setting next_dagrun for example_subdag_operator to 2022-01-01T00:00:00+00:00, run_after=2022-01-01T00:00:00+00:00
[2023-03-15T16:11:51.517+0000] {logging_mixin.py:120} INFO - [2023-03-15T16:11:51.517+0000] {dag.py:3340} INFO - Setting next_dagrun for example_subdag_operator.section-1 to None, run_after=None
[2023-03-15T16:11:51.518+0000] {logging_mixin.py:120} INFO - [2023-03-15T16:11:51.518+0000] {dag.py:3340} INFO - Setting next_dagrun for example_subdag_operator.section-2 to None, run_after=None
[2023-03-15T16:11:51.525+0000] {logging_mixin.py:120} INFO - [2023-03-15T16:11:51.525+0000] {dag.py:2585} INFO - Sync 2 DAGs
[2023-03-15T16:11:51.535+0000] {logging_mixin.py:120} INFO - [2023-03-15T16:11:51.535+0000] {dag.py:3340} INFO - Setting next_dagrun for example_subdag_operator.section-1 to None, run_after=None
[2023-03-15T16:11:51.535+0000] {logging_mixin.py:120} INFO - [2023-03-15T16:11:51.535+0000] {dag.py:3340} INFO - Setting next_dagrun for example_subdag_operator.section-2 to None, run_after=None
[2023-03-15T16:11:51.544+0000] {processor.py:176} INFO - Processing /home/airflow/.local/lib/python3.7/site-packages/airflow/example_dags/example_subdag_operator.py took 0.335 seconds
[2023-03-15T16:12:21.833+0000] {processor.py:154} INFO - Started process (PID=2491) to work on /home/airflow/.local/lib/python3.7/site-packages/airflow/example_dags/example_subdag_operator.py
[2023-03-15T16:12:21.835+0000] {processor.py:756} INFO - Processing file /home/airflow/.local/lib/python3.7/site-packages/airflow/example_dags/example_subdag_operator.py for tasks to queue
[2023-03-15T16:12:21.836+0000] {logging_mixin.py:120} INFO - [2023-03-15T16:12:21.836+0000] {dagbag.py:537} INFO - Filling up the DagBag from /home/airflow/.local/lib/python3.7/site-packages/airflow/example_dags/example_subdag_operator.py
[2023-03-15T16:12:21.871+0000] {processor.py:766} INFO - DAG(s) dict_keys(['example_subdag_operator.section-1', 'example_subdag_operator.section-2', 'example_subdag_operator']) retrieved from /home/airflow/.local/lib/python3.7/site-packages/airflow/example_dags/example_subdag_operator.py
[2023-03-15T16:12:21.969+0000] {logging_mixin.py:120} INFO - [2023-03-15T16:12:21.968+0000] {dag.py:2585} INFO - Sync 3 DAGs
[2023-03-15T16:12:22.018+0000] {logging_mixin.py:120} INFO - [2023-03-15T16:12:22.018+0000] {dag.py:3340} INFO - Setting next_dagrun for example_subdag_operator to 2022-01-01T00:00:00+00:00, run_after=2022-01-01T00:00:00+00:00
[2023-03-15T16:12:22.034+0000] {logging_mixin.py:120} INFO - [2023-03-15T16:12:22.034+0000] {dag.py:3340} INFO - Setting next_dagrun for example_subdag_operator.section-1 to None, run_after=None
[2023-03-15T16:12:22.039+0000] {logging_mixin.py:120} INFO - [2023-03-15T16:12:22.039+0000] {dag.py:3340} INFO - Setting next_dagrun for example_subdag_operator.section-2 to None, run_after=None
[2023-03-15T16:12:22.049+0000] {logging_mixin.py:120} INFO - [2023-03-15T16:12:22.049+0000] {dag.py:2585} INFO - Sync 2 DAGs
[2023-03-15T16:12:22.055+0000] {logging_mixin.py:120} INFO - [2023-03-15T16:12:22.055+0000] {dag.py:3340} INFO - Setting next_dagrun for example_subdag_operator.section-1 to None, run_after=None
[2023-03-15T16:12:22.056+0000] {logging_mixin.py:120} INFO - [2023-03-15T16:12:22.056+0000] {dag.py:3340} INFO - Setting next_dagrun for example_subdag_operator.section-2 to None, run_after=None
[2023-03-15T16:12:22.069+0000] {processor.py:176} INFO - Processing /home/airflow/.local/lib/python3.7/site-packages/airflow/example_dags/example_subdag_operator.py took 0.240 seconds
[2023-03-15T16:12:52.151+0000] {processor.py:154} INFO - Started process (PID=2708) to work on /home/airflow/.local/lib/python3.7/site-packages/airflow/example_dags/example_subdag_operator.py
[2023-03-15T16:12:52.153+0000] {processor.py:756} INFO - Processing file /home/airflow/.local/lib/python3.7/site-packages/airflow/example_dags/example_subdag_operator.py for tasks to queue
[2023-03-15T16:12:52.154+0000] {logging_mixin.py:120} INFO - [2023-03-15T16:12:52.154+0000] {dagbag.py:537} INFO - Filling up the DagBag from /home/airflow/.local/lib/python3.7/site-packages/airflow/example_dags/example_subdag_operator.py
[2023-03-15T16:12:52.208+0000] {processor.py:766} INFO - DAG(s) dict_keys(['example_subdag_operator.section-1', 'example_subdag_operator.section-2', 'example_subdag_operator']) retrieved from /home/airflow/.local/lib/python3.7/site-packages/airflow/example_dags/example_subdag_operator.py
[2023-03-15T16:12:52.426+0000] {logging_mixin.py:120} INFO - [2023-03-15T16:12:52.426+0000] {dag.py:2585} INFO - Sync 3 DAGs
[2023-03-15T16:12:52.454+0000] {logging_mixin.py:120} INFO - [2023-03-15T16:12:52.454+0000] {dag.py:3340} INFO - Setting next_dagrun for example_subdag_operator to 2022-01-01T00:00:00+00:00, run_after=2022-01-01T00:00:00+00:00
[2023-03-15T16:12:52.457+0000] {logging_mixin.py:120} INFO - [2023-03-15T16:12:52.457+0000] {dag.py:3340} INFO - Setting next_dagrun for example_subdag_operator.section-1 to None, run_after=None
[2023-03-15T16:12:52.458+0000] {logging_mixin.py:120} INFO - [2023-03-15T16:12:52.458+0000] {dag.py:3340} INFO - Setting next_dagrun for example_subdag_operator.section-2 to None, run_after=None
[2023-03-15T16:12:52.465+0000] {logging_mixin.py:120} INFO - [2023-03-15T16:12:52.464+0000] {dag.py:2585} INFO - Sync 2 DAGs
[2023-03-15T16:12:52.472+0000] {logging_mixin.py:120} INFO - [2023-03-15T16:12:52.472+0000] {dag.py:3340} INFO - Setting next_dagrun for example_subdag_operator.section-1 to None, run_after=None
[2023-03-15T16:12:52.473+0000] {logging_mixin.py:120} INFO - [2023-03-15T16:12:52.473+0000] {dag.py:3340} INFO - Setting next_dagrun for example_subdag_operator.section-2 to None, run_after=None
[2023-03-15T16:12:52.500+0000] {processor.py:176} INFO - Processing /home/airflow/.local/lib/python3.7/site-packages/airflow/example_dags/example_subdag_operator.py took 0.351 seconds
[2023-03-15T16:13:23.138+0000] {processor.py:154} INFO - Started process (PID=2869) to work on /home/airflow/.local/lib/python3.7/site-packages/airflow/example_dags/example_subdag_operator.py
[2023-03-15T16:13:23.139+0000] {processor.py:756} INFO - Processing file /home/airflow/.local/lib/python3.7/site-packages/airflow/example_dags/example_subdag_operator.py for tasks to queue
[2023-03-15T16:13:23.140+0000] {logging_mixin.py:120} INFO - [2023-03-15T16:13:23.140+0000] {dagbag.py:537} INFO - Filling up the DagBag from /home/airflow/.local/lib/python3.7/site-packages/airflow/example_dags/example_subdag_operator.py
[2023-03-15T16:13:23.166+0000] {processor.py:766} INFO - DAG(s) dict_keys(['example_subdag_operator.section-1', 'example_subdag_operator.section-2', 'example_subdag_operator']) retrieved from /home/airflow/.local/lib/python3.7/site-packages/airflow/example_dags/example_subdag_operator.py
[2023-03-15T16:13:23.260+0000] {logging_mixin.py:120} INFO - [2023-03-15T16:13:23.259+0000] {dag.py:2585} INFO - Sync 3 DAGs
[2023-03-15T16:13:23.274+0000] {logging_mixin.py:120} INFO - [2023-03-15T16:13:23.274+0000] {dag.py:3340} INFO - Setting next_dagrun for example_subdag_operator to 2022-01-01T00:00:00+00:00, run_after=2022-01-01T00:00:00+00:00
[2023-03-15T16:13:23.277+0000] {logging_mixin.py:120} INFO - [2023-03-15T16:13:23.277+0000] {dag.py:3340} INFO - Setting next_dagrun for example_subdag_operator.section-1 to None, run_after=None
[2023-03-15T16:13:23.278+0000] {logging_mixin.py:120} INFO - [2023-03-15T16:13:23.278+0000] {dag.py:3340} INFO - Setting next_dagrun for example_subdag_operator.section-2 to None, run_after=None
[2023-03-15T16:13:23.283+0000] {logging_mixin.py:120} INFO - [2023-03-15T16:13:23.283+0000] {dag.py:2585} INFO - Sync 2 DAGs
[2023-03-15T16:13:23.286+0000] {logging_mixin.py:120} INFO - [2023-03-15T16:13:23.286+0000] {dag.py:3340} INFO - Setting next_dagrun for example_subdag_operator.section-1 to None, run_after=None
[2023-03-15T16:13:23.287+0000] {logging_mixin.py:120} INFO - [2023-03-15T16:13:23.287+0000] {dag.py:3340} INFO - Setting next_dagrun for example_subdag_operator.section-2 to None, run_after=None
[2023-03-15T16:13:23.293+0000] {processor.py:176} INFO - Processing /home/airflow/.local/lib/python3.7/site-packages/airflow/example_dags/example_subdag_operator.py took 0.157 seconds
[2023-03-15T16:29:48.477+0000] {processor.py:154} INFO - Started process (PID=2911) to work on /home/airflow/.local/lib/python3.7/site-packages/airflow/example_dags/example_subdag_operator.py
[2023-03-15T16:29:48.478+0000] {processor.py:756} INFO - Processing file /home/airflow/.local/lib/python3.7/site-packages/airflow/example_dags/example_subdag_operator.py for tasks to queue
[2023-03-15T16:29:48.479+0000] {logging_mixin.py:120} INFO - [2023-03-15T16:29:48.479+0000] {dagbag.py:537} INFO - Filling up the DagBag from /home/airflow/.local/lib/python3.7/site-packages/airflow/example_dags/example_subdag_operator.py
[2023-03-15T16:29:48.503+0000] {processor.py:766} INFO - DAG(s) dict_keys(['example_subdag_operator.section-1', 'example_subdag_operator.section-2', 'example_subdag_operator']) retrieved from /home/airflow/.local/lib/python3.7/site-packages/airflow/example_dags/example_subdag_operator.py
[2023-03-15T16:29:48.595+0000] {logging_mixin.py:120} INFO - [2023-03-15T16:29:48.595+0000] {dag.py:2585} INFO - Sync 3 DAGs
[2023-03-15T16:29:48.610+0000] {logging_mixin.py:120} INFO - [2023-03-15T16:29:48.610+0000] {dag.py:3340} INFO - Setting next_dagrun for example_subdag_operator to 2022-01-01T00:00:00+00:00, run_after=2022-01-01T00:00:00+00:00
[2023-03-15T16:29:48.613+0000] {logging_mixin.py:120} INFO - [2023-03-15T16:29:48.613+0000] {dag.py:3340} INFO - Setting next_dagrun for example_subdag_operator.section-1 to None, run_after=None
[2023-03-15T16:29:48.614+0000] {logging_mixin.py:120} INFO - [2023-03-15T16:29:48.614+0000] {dag.py:3340} INFO - Setting next_dagrun for example_subdag_operator.section-2 to None, run_after=None
[2023-03-15T16:29:48.619+0000] {logging_mixin.py:120} INFO - [2023-03-15T16:29:48.618+0000] {dag.py:2585} INFO - Sync 2 DAGs
[2023-03-15T16:29:48.622+0000] {logging_mixin.py:120} INFO - [2023-03-15T16:29:48.622+0000] {dag.py:3340} INFO - Setting next_dagrun for example_subdag_operator.section-1 to None, run_after=None
[2023-03-15T16:29:48.622+0000] {logging_mixin.py:120} INFO - [2023-03-15T16:29:48.622+0000] {dag.py:3340} INFO - Setting next_dagrun for example_subdag_operator.section-2 to None, run_after=None
[2023-03-15T16:29:48.628+0000] {processor.py:176} INFO - Processing /home/airflow/.local/lib/python3.7/site-packages/airflow/example_dags/example_subdag_operator.py took 0.154 seconds
[2023-03-15T16:30:19.148+0000] {processor.py:154} INFO - Started process (PID=2976) to work on /home/airflow/.local/lib/python3.7/site-packages/airflow/example_dags/example_subdag_operator.py
[2023-03-15T16:30:19.149+0000] {processor.py:756} INFO - Processing file /home/airflow/.local/lib/python3.7/site-packages/airflow/example_dags/example_subdag_operator.py for tasks to queue
[2023-03-15T16:30:19.150+0000] {logging_mixin.py:120} INFO - [2023-03-15T16:30:19.150+0000] {dagbag.py:537} INFO - Filling up the DagBag from /home/airflow/.local/lib/python3.7/site-packages/airflow/example_dags/example_subdag_operator.py
[2023-03-15T16:30:19.175+0000] {processor.py:766} INFO - DAG(s) dict_keys(['example_subdag_operator.section-1', 'example_subdag_operator.section-2', 'example_subdag_operator']) retrieved from /home/airflow/.local/lib/python3.7/site-packages/airflow/example_dags/example_subdag_operator.py
[2023-03-15T16:30:19.264+0000] {logging_mixin.py:120} INFO - [2023-03-15T16:30:19.264+0000] {dag.py:2585} INFO - Sync 3 DAGs
[2023-03-15T16:30:19.278+0000] {logging_mixin.py:120} INFO - [2023-03-15T16:30:19.278+0000] {dag.py:3340} INFO - Setting next_dagrun for example_subdag_operator to 2022-01-01T00:00:00+00:00, run_after=2022-01-01T00:00:00+00:00
[2023-03-15T16:30:19.280+0000] {logging_mixin.py:120} INFO - [2023-03-15T16:30:19.280+0000] {dag.py:3340} INFO - Setting next_dagrun for example_subdag_operator.section-1 to None, run_after=None
[2023-03-15T16:30:19.281+0000] {logging_mixin.py:120} INFO - [2023-03-15T16:30:19.281+0000] {dag.py:3340} INFO - Setting next_dagrun for example_subdag_operator.section-2 to None, run_after=None
[2023-03-15T16:30:19.288+0000] {logging_mixin.py:120} INFO - [2023-03-15T16:30:19.288+0000] {dag.py:2585} INFO - Sync 2 DAGs
[2023-03-15T16:30:19.293+0000] {logging_mixin.py:120} INFO - [2023-03-15T16:30:19.293+0000] {dag.py:3340} INFO - Setting next_dagrun for example_subdag_operator.section-1 to None, run_after=None
[2023-03-15T16:30:19.294+0000] {logging_mixin.py:120} INFO - [2023-03-15T16:30:19.294+0000] {dag.py:3340} INFO - Setting next_dagrun for example_subdag_operator.section-2 to None, run_after=None
[2023-03-15T16:30:19.301+0000] {processor.py:176} INFO - Processing /home/airflow/.local/lib/python3.7/site-packages/airflow/example_dags/example_subdag_operator.py took 0.156 seconds
[2023-03-15T16:47:14.209+0000] {processor.py:154} INFO - Started process (PID=3032) to work on /home/airflow/.local/lib/python3.7/site-packages/airflow/example_dags/example_subdag_operator.py
[2023-03-15T16:47:14.212+0000] {processor.py:756} INFO - Processing file /home/airflow/.local/lib/python3.7/site-packages/airflow/example_dags/example_subdag_operator.py for tasks to queue
[2023-03-15T16:47:14.212+0000] {logging_mixin.py:120} INFO - [2023-03-15T16:47:14.212+0000] {dagbag.py:537} INFO - Filling up the DagBag from /home/airflow/.local/lib/python3.7/site-packages/airflow/example_dags/example_subdag_operator.py
[2023-03-15T16:47:14.260+0000] {processor.py:766} INFO - DAG(s) dict_keys(['example_subdag_operator.section-1', 'example_subdag_operator.section-2', 'example_subdag_operator']) retrieved from /home/airflow/.local/lib/python3.7/site-packages/airflow/example_dags/example_subdag_operator.py
[2023-03-15T16:47:14.367+0000] {logging_mixin.py:120} INFO - [2023-03-15T16:47:14.367+0000] {dag.py:2585} INFO - Sync 3 DAGs
[2023-03-15T16:47:14.385+0000] {logging_mixin.py:120} INFO - [2023-03-15T16:47:14.385+0000] {dag.py:3340} INFO - Setting next_dagrun for example_subdag_operator to 2022-01-01T00:00:00+00:00, run_after=2022-01-01T00:00:00+00:00
[2023-03-15T16:47:14.388+0000] {logging_mixin.py:120} INFO - [2023-03-15T16:47:14.388+0000] {dag.py:3340} INFO - Setting next_dagrun for example_subdag_operator.section-1 to None, run_after=None
[2023-03-15T16:47:14.389+0000] {logging_mixin.py:120} INFO - [2023-03-15T16:47:14.389+0000] {dag.py:3340} INFO - Setting next_dagrun for example_subdag_operator.section-2 to None, run_after=None
[2023-03-15T16:47:14.395+0000] {logging_mixin.py:120} INFO - [2023-03-15T16:47:14.395+0000] {dag.py:2585} INFO - Sync 2 DAGs
[2023-03-15T16:47:14.400+0000] {logging_mixin.py:120} INFO - [2023-03-15T16:47:14.400+0000] {dag.py:3340} INFO - Setting next_dagrun for example_subdag_operator.section-1 to None, run_after=None
[2023-03-15T16:47:14.401+0000] {logging_mixin.py:120} INFO - [2023-03-15T16:47:14.401+0000] {dag.py:3340} INFO - Setting next_dagrun for example_subdag_operator.section-2 to None, run_after=None
[2023-03-15T16:47:14.410+0000] {processor.py:176} INFO - Processing /home/airflow/.local/lib/python3.7/site-packages/airflow/example_dags/example_subdag_operator.py took 0.212 seconds
[2023-03-15T16:47:44.919+0000] {processor.py:154} INFO - Started process (PID=3097) to work on /home/airflow/.local/lib/python3.7/site-packages/airflow/example_dags/example_subdag_operator.py
[2023-03-15T16:47:44.921+0000] {processor.py:756} INFO - Processing file /home/airflow/.local/lib/python3.7/site-packages/airflow/example_dags/example_subdag_operator.py for tasks to queue
[2023-03-15T16:47:44.921+0000] {logging_mixin.py:120} INFO - [2023-03-15T16:47:44.921+0000] {dagbag.py:537} INFO - Filling up the DagBag from /home/airflow/.local/lib/python3.7/site-packages/airflow/example_dags/example_subdag_operator.py
[2023-03-15T16:47:44.947+0000] {processor.py:766} INFO - DAG(s) dict_keys(['example_subdag_operator.section-1', 'example_subdag_operator.section-2', 'example_subdag_operator']) retrieved from /home/airflow/.local/lib/python3.7/site-packages/airflow/example_dags/example_subdag_operator.py
[2023-03-15T16:47:45.038+0000] {logging_mixin.py:120} INFO - [2023-03-15T16:47:45.038+0000] {dag.py:2585} INFO - Sync 3 DAGs
[2023-03-15T16:47:45.053+0000] {logging_mixin.py:120} INFO - [2023-03-15T16:47:45.053+0000] {dag.py:3340} INFO - Setting next_dagrun for example_subdag_operator to 2022-01-01T00:00:00+00:00, run_after=2022-01-01T00:00:00+00:00
[2023-03-15T16:47:45.056+0000] {logging_mixin.py:120} INFO - [2023-03-15T16:47:45.056+0000] {dag.py:3340} INFO - Setting next_dagrun for example_subdag_operator.section-1 to None, run_after=None
[2023-03-15T16:47:45.057+0000] {logging_mixin.py:120} INFO - [2023-03-15T16:47:45.057+0000] {dag.py:3340} INFO - Setting next_dagrun for example_subdag_operator.section-2 to None, run_after=None
[2023-03-15T16:47:45.062+0000] {logging_mixin.py:120} INFO - [2023-03-15T16:47:45.062+0000] {dag.py:2585} INFO - Sync 2 DAGs
[2023-03-15T16:47:45.066+0000] {logging_mixin.py:120} INFO - [2023-03-15T16:47:45.066+0000] {dag.py:3340} INFO - Setting next_dagrun for example_subdag_operator.section-1 to None, run_after=None
[2023-03-15T16:47:45.066+0000] {logging_mixin.py:120} INFO - [2023-03-15T16:47:45.066+0000] {dag.py:3340} INFO - Setting next_dagrun for example_subdag_operator.section-2 to None, run_after=None
[2023-03-15T16:47:45.074+0000] {processor.py:176} INFO - Processing /home/airflow/.local/lib/python3.7/site-packages/airflow/example_dags/example_subdag_operator.py took 0.158 seconds
[2023-03-15T16:59:21.319+0000] {processor.py:154} INFO - Started process (PID=3162) to work on /home/airflow/.local/lib/python3.7/site-packages/airflow/example_dags/example_subdag_operator.py
[2023-03-15T16:59:21.322+0000] {processor.py:756} INFO - Processing file /home/airflow/.local/lib/python3.7/site-packages/airflow/example_dags/example_subdag_operator.py for tasks to queue
[2023-03-15T16:59:21.323+0000] {logging_mixin.py:120} INFO - [2023-03-15T16:59:21.323+0000] {dagbag.py:537} INFO - Filling up the DagBag from /home/airflow/.local/lib/python3.7/site-packages/airflow/example_dags/example_subdag_operator.py
[2023-03-15T16:59:21.369+0000] {processor.py:766} INFO - DAG(s) dict_keys(['example_subdag_operator.section-1', 'example_subdag_operator.section-2', 'example_subdag_operator']) retrieved from /home/airflow/.local/lib/python3.7/site-packages/airflow/example_dags/example_subdag_operator.py
[2023-03-15T16:59:21.595+0000] {logging_mixin.py:120} INFO - [2023-03-15T16:59:21.594+0000] {dag.py:2585} INFO - Sync 3 DAGs
[2023-03-15T16:59:21.682+0000] {logging_mixin.py:120} INFO - [2023-03-15T16:59:21.682+0000] {dag.py:3340} INFO - Setting next_dagrun for example_subdag_operator to 2022-01-01T00:00:00+00:00, run_after=2022-01-01T00:00:00+00:00
[2023-03-15T16:59:21.686+0000] {logging_mixin.py:120} INFO - [2023-03-15T16:59:21.686+0000] {dag.py:3340} INFO - Setting next_dagrun for example_subdag_operator.section-1 to None, run_after=None
[2023-03-15T16:59:21.687+0000] {logging_mixin.py:120} INFO - [2023-03-15T16:59:21.687+0000] {dag.py:3340} INFO - Setting next_dagrun for example_subdag_operator.section-2 to None, run_after=None
[2023-03-15T16:59:21.716+0000] {logging_mixin.py:120} INFO - [2023-03-15T16:59:21.716+0000] {dag.py:2585} INFO - Sync 2 DAGs
[2023-03-15T16:59:21.724+0000] {logging_mixin.py:120} INFO - [2023-03-15T16:59:21.724+0000] {dag.py:3340} INFO - Setting next_dagrun for example_subdag_operator.section-1 to None, run_after=None
[2023-03-15T16:59:21.725+0000] {logging_mixin.py:120} INFO - [2023-03-15T16:59:21.725+0000] {dag.py:3340} INFO - Setting next_dagrun for example_subdag_operator.section-2 to None, run_after=None
[2023-03-15T16:59:21.733+0000] {processor.py:176} INFO - Processing /home/airflow/.local/lib/python3.7/site-packages/airflow/example_dags/example_subdag_operator.py took 0.418 seconds
[2023-03-15T16:59:52.496+0000] {processor.py:154} INFO - Started process (PID=3227) to work on /home/airflow/.local/lib/python3.7/site-packages/airflow/example_dags/example_subdag_operator.py
[2023-03-15T16:59:52.497+0000] {processor.py:756} INFO - Processing file /home/airflow/.local/lib/python3.7/site-packages/airflow/example_dags/example_subdag_operator.py for tasks to queue
[2023-03-15T16:59:52.498+0000] {logging_mixin.py:120} INFO - [2023-03-15T16:59:52.497+0000] {dagbag.py:537} INFO - Filling up the DagBag from /home/airflow/.local/lib/python3.7/site-packages/airflow/example_dags/example_subdag_operator.py
[2023-03-15T16:59:52.530+0000] {processor.py:766} INFO - DAG(s) dict_keys(['example_subdag_operator.section-1', 'example_subdag_operator.section-2', 'example_subdag_operator']) retrieved from /home/airflow/.local/lib/python3.7/site-packages/airflow/example_dags/example_subdag_operator.py
[2023-03-15T16:59:52.620+0000] {logging_mixin.py:120} INFO - [2023-03-15T16:59:52.620+0000] {dag.py:2585} INFO - Sync 3 DAGs
[2023-03-15T16:59:52.635+0000] {logging_mixin.py:120} INFO - [2023-03-15T16:59:52.635+0000] {dag.py:3340} INFO - Setting next_dagrun for example_subdag_operator to 2022-01-01T00:00:00+00:00, run_after=2022-01-01T00:00:00+00:00
[2023-03-15T16:59:52.637+0000] {logging_mixin.py:120} INFO - [2023-03-15T16:59:52.637+0000] {dag.py:3340} INFO - Setting next_dagrun for example_subdag_operator.section-1 to None, run_after=None
[2023-03-15T16:59:52.638+0000] {logging_mixin.py:120} INFO - [2023-03-15T16:59:52.638+0000] {dag.py:3340} INFO - Setting next_dagrun for example_subdag_operator.section-2 to None, run_after=None
[2023-03-15T16:59:52.643+0000] {logging_mixin.py:120} INFO - [2023-03-15T16:59:52.643+0000] {dag.py:2585} INFO - Sync 2 DAGs
[2023-03-15T16:59:52.646+0000] {logging_mixin.py:120} INFO - [2023-03-15T16:59:52.646+0000] {dag.py:3340} INFO - Setting next_dagrun for example_subdag_operator.section-1 to None, run_after=None
[2023-03-15T16:59:52.647+0000] {logging_mixin.py:120} INFO - [2023-03-15T16:59:52.647+0000] {dag.py:3340} INFO - Setting next_dagrun for example_subdag_operator.section-2 to None, run_after=None
[2023-03-15T16:59:52.653+0000] {processor.py:176} INFO - Processing /home/airflow/.local/lib/python3.7/site-packages/airflow/example_dags/example_subdag_operator.py took 0.161 seconds
[2023-03-15T17:00:23.159+0000] {processor.py:154} INFO - Started process (PID=3291) to work on /home/airflow/.local/lib/python3.7/site-packages/airflow/example_dags/example_subdag_operator.py
[2023-03-15T17:00:23.161+0000] {processor.py:756} INFO - Processing file /home/airflow/.local/lib/python3.7/site-packages/airflow/example_dags/example_subdag_operator.py for tasks to queue
[2023-03-15T17:00:23.162+0000] {logging_mixin.py:120} INFO - [2023-03-15T17:00:23.162+0000] {dagbag.py:537} INFO - Filling up the DagBag from /home/airflow/.local/lib/python3.7/site-packages/airflow/example_dags/example_subdag_operator.py
[2023-03-15T17:00:23.194+0000] {processor.py:766} INFO - DAG(s) dict_keys(['example_subdag_operator.section-1', 'example_subdag_operator.section-2', 'example_subdag_operator']) retrieved from /home/airflow/.local/lib/python3.7/site-packages/airflow/example_dags/example_subdag_operator.py
[2023-03-15T17:00:23.290+0000] {logging_mixin.py:120} INFO - [2023-03-15T17:00:23.290+0000] {dag.py:2585} INFO - Sync 3 DAGs
[2023-03-15T17:00:23.306+0000] {logging_mixin.py:120} INFO - [2023-03-15T17:00:23.306+0000] {dag.py:3340} INFO - Setting next_dagrun for example_subdag_operator to 2022-01-01T00:00:00+00:00, run_after=2022-01-01T00:00:00+00:00
[2023-03-15T17:00:23.309+0000] {logging_mixin.py:120} INFO - [2023-03-15T17:00:23.309+0000] {dag.py:3340} INFO - Setting next_dagrun for example_subdag_operator.section-1 to None, run_after=None
[2023-03-15T17:00:23.310+0000] {logging_mixin.py:120} INFO - [2023-03-15T17:00:23.310+0000] {dag.py:3340} INFO - Setting next_dagrun for example_subdag_operator.section-2 to None, run_after=None
[2023-03-15T17:00:23.315+0000] {logging_mixin.py:120} INFO - [2023-03-15T17:00:23.315+0000] {dag.py:2585} INFO - Sync 2 DAGs
[2023-03-15T17:00:23.320+0000] {logging_mixin.py:120} INFO - [2023-03-15T17:00:23.320+0000] {dag.py:3340} INFO - Setting next_dagrun for example_subdag_operator.section-1 to None, run_after=None
[2023-03-15T17:00:23.321+0000] {logging_mixin.py:120} INFO - [2023-03-15T17:00:23.321+0000] {dag.py:3340} INFO - Setting next_dagrun for example_subdag_operator.section-2 to None, run_after=None
[2023-03-15T17:00:23.328+0000] {processor.py:176} INFO - Processing /home/airflow/.local/lib/python3.7/site-packages/airflow/example_dags/example_subdag_operator.py took 0.173 seconds
[2023-03-15T17:00:53.650+0000] {processor.py:154} INFO - Started process (PID=3356) to work on /home/airflow/.local/lib/python3.7/site-packages/airflow/example_dags/example_subdag_operator.py
[2023-03-15T17:00:53.651+0000] {processor.py:756} INFO - Processing file /home/airflow/.local/lib/python3.7/site-packages/airflow/example_dags/example_subdag_operator.py for tasks to queue
[2023-03-15T17:00:53.652+0000] {logging_mixin.py:120} INFO - [2023-03-15T17:00:53.652+0000] {dagbag.py:537} INFO - Filling up the DagBag from /home/airflow/.local/lib/python3.7/site-packages/airflow/example_dags/example_subdag_operator.py
[2023-03-15T17:00:53.677+0000] {processor.py:766} INFO - DAG(s) dict_keys(['example_subdag_operator.section-1', 'example_subdag_operator.section-2', 'example_subdag_operator']) retrieved from /home/airflow/.local/lib/python3.7/site-packages/airflow/example_dags/example_subdag_operator.py
[2023-03-15T17:00:53.767+0000] {logging_mixin.py:120} INFO - [2023-03-15T17:00:53.767+0000] {dag.py:2585} INFO - Sync 3 DAGs
[2023-03-15T17:00:53.781+0000] {logging_mixin.py:120} INFO - [2023-03-15T17:00:53.781+0000] {dag.py:3340} INFO - Setting next_dagrun for example_subdag_operator to 2022-01-01T00:00:00+00:00, run_after=2022-01-01T00:00:00+00:00
[2023-03-15T17:00:53.783+0000] {logging_mixin.py:120} INFO - [2023-03-15T17:00:53.783+0000] {dag.py:3340} INFO - Setting next_dagrun for example_subdag_operator.section-1 to None, run_after=None
[2023-03-15T17:00:53.785+0000] {logging_mixin.py:120} INFO - [2023-03-15T17:00:53.784+0000] {dag.py:3340} INFO - Setting next_dagrun for example_subdag_operator.section-2 to None, run_after=None
[2023-03-15T17:00:53.790+0000] {logging_mixin.py:120} INFO - [2023-03-15T17:00:53.789+0000] {dag.py:2585} INFO - Sync 2 DAGs
[2023-03-15T17:00:53.794+0000] {logging_mixin.py:120} INFO - [2023-03-15T17:00:53.794+0000] {dag.py:3340} INFO - Setting next_dagrun for example_subdag_operator.section-1 to None, run_after=None
[2023-03-15T17:00:53.795+0000] {logging_mixin.py:120} INFO - [2023-03-15T17:00:53.795+0000] {dag.py:3340} INFO - Setting next_dagrun for example_subdag_operator.section-2 to None, run_after=None
[2023-03-15T17:00:53.803+0000] {processor.py:176} INFO - Processing /home/airflow/.local/lib/python3.7/site-packages/airflow/example_dags/example_subdag_operator.py took 0.155 seconds
[2023-03-15T17:01:24.093+0000] {processor.py:154} INFO - Started process (PID=3412) to work on /home/airflow/.local/lib/python3.7/site-packages/airflow/example_dags/example_subdag_operator.py
[2023-03-15T17:01:24.096+0000] {processor.py:756} INFO - Processing file /home/airflow/.local/lib/python3.7/site-packages/airflow/example_dags/example_subdag_operator.py for tasks to queue
[2023-03-15T17:01:24.097+0000] {logging_mixin.py:120} INFO - [2023-03-15T17:01:24.097+0000] {dagbag.py:537} INFO - Filling up the DagBag from /home/airflow/.local/lib/python3.7/site-packages/airflow/example_dags/example_subdag_operator.py
[2023-03-15T17:01:24.121+0000] {processor.py:766} INFO - DAG(s) dict_keys(['example_subdag_operator.section-1', 'example_subdag_operator.section-2', 'example_subdag_operator']) retrieved from /home/airflow/.local/lib/python3.7/site-packages/airflow/example_dags/example_subdag_operator.py
[2023-03-15T17:01:24.211+0000] {logging_mixin.py:120} INFO - [2023-03-15T17:01:24.211+0000] {dag.py:2585} INFO - Sync 3 DAGs
[2023-03-15T17:01:24.227+0000] {logging_mixin.py:120} INFO - [2023-03-15T17:01:24.227+0000] {dag.py:3340} INFO - Setting next_dagrun for example_subdag_operator to 2022-01-01T00:00:00+00:00, run_after=2022-01-01T00:00:00+00:00
[2023-03-15T17:01:24.230+0000] {logging_mixin.py:120} INFO - [2023-03-15T17:01:24.230+0000] {dag.py:3340} INFO - Setting next_dagrun for example_subdag_operator.section-1 to None, run_after=None
[2023-03-15T17:01:24.231+0000] {logging_mixin.py:120} INFO - [2023-03-15T17:01:24.231+0000] {dag.py:3340} INFO - Setting next_dagrun for example_subdag_operator.section-2 to None, run_after=None
[2023-03-15T17:01:24.236+0000] {logging_mixin.py:120} INFO - [2023-03-15T17:01:24.236+0000] {dag.py:2585} INFO - Sync 2 DAGs
[2023-03-15T17:01:24.239+0000] {logging_mixin.py:120} INFO - [2023-03-15T17:01:24.239+0000] {dag.py:3340} INFO - Setting next_dagrun for example_subdag_operator.section-1 to None, run_after=None
[2023-03-15T17:01:24.240+0000] {logging_mixin.py:120} INFO - [2023-03-15T17:01:24.240+0000] {dag.py:3340} INFO - Setting next_dagrun for example_subdag_operator.section-2 to None, run_after=None
[2023-03-15T17:01:24.246+0000] {processor.py:176} INFO - Processing /home/airflow/.local/lib/python3.7/site-packages/airflow/example_dags/example_subdag_operator.py took 0.155 seconds
[2023-03-15T17:01:54.545+0000] {processor.py:154} INFO - Started process (PID=3477) to work on /home/airflow/.local/lib/python3.7/site-packages/airflow/example_dags/example_subdag_operator.py
[2023-03-15T17:01:54.547+0000] {processor.py:756} INFO - Processing file /home/airflow/.local/lib/python3.7/site-packages/airflow/example_dags/example_subdag_operator.py for tasks to queue
[2023-03-15T17:01:54.548+0000] {logging_mixin.py:120} INFO - [2023-03-15T17:01:54.548+0000] {dagbag.py:537} INFO - Filling up the DagBag from /home/airflow/.local/lib/python3.7/site-packages/airflow/example_dags/example_subdag_operator.py
[2023-03-15T17:01:54.577+0000] {processor.py:766} INFO - DAG(s) dict_keys(['example_subdag_operator.section-1', 'example_subdag_operator.section-2', 'example_subdag_operator']) retrieved from /home/airflow/.local/lib/python3.7/site-packages/airflow/example_dags/example_subdag_operator.py
[2023-03-15T17:01:54.666+0000] {logging_mixin.py:120} INFO - [2023-03-15T17:01:54.666+0000] {dag.py:2585} INFO - Sync 3 DAGs
[2023-03-15T17:01:54.680+0000] {logging_mixin.py:120} INFO - [2023-03-15T17:01:54.680+0000] {dag.py:3340} INFO - Setting next_dagrun for example_subdag_operator to 2022-01-01T00:00:00+00:00, run_after=2022-01-01T00:00:00+00:00
[2023-03-15T17:01:54.682+0000] {logging_mixin.py:120} INFO - [2023-03-15T17:01:54.682+0000] {dag.py:3340} INFO - Setting next_dagrun for example_subdag_operator.section-1 to None, run_after=None
[2023-03-15T17:01:54.683+0000] {logging_mixin.py:120} INFO - [2023-03-15T17:01:54.683+0000] {dag.py:3340} INFO - Setting next_dagrun for example_subdag_operator.section-2 to None, run_after=None
[2023-03-15T17:01:54.688+0000] {logging_mixin.py:120} INFO - [2023-03-15T17:01:54.688+0000] {dag.py:2585} INFO - Sync 2 DAGs
[2023-03-15T17:01:54.692+0000] {logging_mixin.py:120} INFO - [2023-03-15T17:01:54.692+0000] {dag.py:3340} INFO - Setting next_dagrun for example_subdag_operator.section-1 to None, run_after=None
[2023-03-15T17:01:54.693+0000] {logging_mixin.py:120} INFO - [2023-03-15T17:01:54.693+0000] {dag.py:3340} INFO - Setting next_dagrun for example_subdag_operator.section-2 to None, run_after=None
[2023-03-15T17:01:54.699+0000] {processor.py:176} INFO - Processing /home/airflow/.local/lib/python3.7/site-packages/airflow/example_dags/example_subdag_operator.py took 0.157 seconds
[2023-03-15T17:02:24.939+0000] {processor.py:154} INFO - Started process (PID=3542) to work on /home/airflow/.local/lib/python3.7/site-packages/airflow/example_dags/example_subdag_operator.py
[2023-03-15T17:02:24.941+0000] {processor.py:756} INFO - Processing file /home/airflow/.local/lib/python3.7/site-packages/airflow/example_dags/example_subdag_operator.py for tasks to queue
[2023-03-15T17:02:24.942+0000] {logging_mixin.py:120} INFO - [2023-03-15T17:02:24.942+0000] {dagbag.py:537} INFO - Filling up the DagBag from /home/airflow/.local/lib/python3.7/site-packages/airflow/example_dags/example_subdag_operator.py
[2023-03-15T17:02:24.973+0000] {processor.py:766} INFO - DAG(s) dict_keys(['example_subdag_operator.section-1', 'example_subdag_operator.section-2', 'example_subdag_operator']) retrieved from /home/airflow/.local/lib/python3.7/site-packages/airflow/example_dags/example_subdag_operator.py
[2023-03-15T17:02:25.064+0000] {logging_mixin.py:120} INFO - [2023-03-15T17:02:25.064+0000] {dag.py:2585} INFO - Sync 3 DAGs
[2023-03-15T17:02:25.079+0000] {logging_mixin.py:120} INFO - [2023-03-15T17:02:25.078+0000] {dag.py:3340} INFO - Setting next_dagrun for example_subdag_operator to 2022-01-01T00:00:00+00:00, run_after=2022-01-01T00:00:00+00:00
[2023-03-15T17:02:25.081+0000] {logging_mixin.py:120} INFO - [2023-03-15T17:02:25.081+0000] {dag.py:3340} INFO - Setting next_dagrun for example_subdag_operator.section-1 to None, run_after=None
[2023-03-15T17:02:25.082+0000] {logging_mixin.py:120} INFO - [2023-03-15T17:02:25.082+0000] {dag.py:3340} INFO - Setting next_dagrun for example_subdag_operator.section-2 to None, run_after=None
[2023-03-15T17:02:25.086+0000] {logging_mixin.py:120} INFO - [2023-03-15T17:02:25.086+0000] {dag.py:2585} INFO - Sync 2 DAGs
[2023-03-15T17:02:25.090+0000] {logging_mixin.py:120} INFO - [2023-03-15T17:02:25.089+0000] {dag.py:3340} INFO - Setting next_dagrun for example_subdag_operator.section-1 to None, run_after=None
[2023-03-15T17:02:25.090+0000] {logging_mixin.py:120} INFO - [2023-03-15T17:02:25.090+0000] {dag.py:3340} INFO - Setting next_dagrun for example_subdag_operator.section-2 to None, run_after=None
[2023-03-15T17:02:25.096+0000] {processor.py:176} INFO - Processing /home/airflow/.local/lib/python3.7/site-packages/airflow/example_dags/example_subdag_operator.py took 0.160 seconds
[2023-03-15T17:02:55.375+0000] {processor.py:154} INFO - Started process (PID=3607) to work on /home/airflow/.local/lib/python3.7/site-packages/airflow/example_dags/example_subdag_operator.py
[2023-03-15T17:02:55.377+0000] {processor.py:756} INFO - Processing file /home/airflow/.local/lib/python3.7/site-packages/airflow/example_dags/example_subdag_operator.py for tasks to queue
[2023-03-15T17:02:55.378+0000] {logging_mixin.py:120} INFO - [2023-03-15T17:02:55.378+0000] {dagbag.py:537} INFO - Filling up the DagBag from /home/airflow/.local/lib/python3.7/site-packages/airflow/example_dags/example_subdag_operator.py
[2023-03-15T17:02:55.406+0000] {processor.py:766} INFO - DAG(s) dict_keys(['example_subdag_operator.section-1', 'example_subdag_operator.section-2', 'example_subdag_operator']) retrieved from /home/airflow/.local/lib/python3.7/site-packages/airflow/example_dags/example_subdag_operator.py
[2023-03-15T17:02:55.498+0000] {logging_mixin.py:120} INFO - [2023-03-15T17:02:55.498+0000] {dag.py:2585} INFO - Sync 3 DAGs
[2023-03-15T17:02:55.514+0000] {logging_mixin.py:120} INFO - [2023-03-15T17:02:55.514+0000] {dag.py:3340} INFO - Setting next_dagrun for example_subdag_operator to 2022-01-01T00:00:00+00:00, run_after=2022-01-01T00:00:00+00:00
[2023-03-15T17:02:55.516+0000] {logging_mixin.py:120} INFO - [2023-03-15T17:02:55.516+0000] {dag.py:3340} INFO - Setting next_dagrun for example_subdag_operator.section-1 to None, run_after=None
[2023-03-15T17:02:55.518+0000] {logging_mixin.py:120} INFO - [2023-03-15T17:02:55.518+0000] {dag.py:3340} INFO - Setting next_dagrun for example_subdag_operator.section-2 to None, run_after=None
[2023-03-15T17:02:55.523+0000] {logging_mixin.py:120} INFO - [2023-03-15T17:02:55.523+0000] {dag.py:2585} INFO - Sync 2 DAGs
[2023-03-15T17:02:55.527+0000] {logging_mixin.py:120} INFO - [2023-03-15T17:02:55.527+0000] {dag.py:3340} INFO - Setting next_dagrun for example_subdag_operator.section-1 to None, run_after=None
[2023-03-15T17:02:55.528+0000] {logging_mixin.py:120} INFO - [2023-03-15T17:02:55.528+0000] {dag.py:3340} INFO - Setting next_dagrun for example_subdag_operator.section-2 to None, run_after=None
[2023-03-15T17:02:55.535+0000] {processor.py:176} INFO - Processing /home/airflow/.local/lib/python3.7/site-packages/airflow/example_dags/example_subdag_operator.py took 0.163 seconds
[2023-03-15T17:03:25.892+0000] {processor.py:154} INFO - Started process (PID=3672) to work on /home/airflow/.local/lib/python3.7/site-packages/airflow/example_dags/example_subdag_operator.py
[2023-03-15T17:03:25.894+0000] {processor.py:756} INFO - Processing file /home/airflow/.local/lib/python3.7/site-packages/airflow/example_dags/example_subdag_operator.py for tasks to queue
[2023-03-15T17:03:25.896+0000] {logging_mixin.py:120} INFO - [2023-03-15T17:03:25.896+0000] {dagbag.py:537} INFO - Filling up the DagBag from /home/airflow/.local/lib/python3.7/site-packages/airflow/example_dags/example_subdag_operator.py
[2023-03-15T17:03:25.928+0000] {processor.py:766} INFO - DAG(s) dict_keys(['example_subdag_operator.section-1', 'example_subdag_operator.section-2', 'example_subdag_operator']) retrieved from /home/airflow/.local/lib/python3.7/site-packages/airflow/example_dags/example_subdag_operator.py
[2023-03-15T17:03:26.025+0000] {logging_mixin.py:120} INFO - [2023-03-15T17:03:26.025+0000] {dag.py:2585} INFO - Sync 3 DAGs
[2023-03-15T17:03:26.040+0000] {logging_mixin.py:120} INFO - [2023-03-15T17:03:26.040+0000] {dag.py:3340} INFO - Setting next_dagrun for example_subdag_operator to 2022-01-01T00:00:00+00:00, run_after=2022-01-01T00:00:00+00:00
[2023-03-15T17:03:26.043+0000] {logging_mixin.py:120} INFO - [2023-03-15T17:03:26.043+0000] {dag.py:3340} INFO - Setting next_dagrun for example_subdag_operator.section-1 to None, run_after=None
[2023-03-15T17:03:26.044+0000] {logging_mixin.py:120} INFO - [2023-03-15T17:03:26.044+0000] {dag.py:3340} INFO - Setting next_dagrun for example_subdag_operator.section-2 to None, run_after=None
[2023-03-15T17:03:26.049+0000] {logging_mixin.py:120} INFO - [2023-03-15T17:03:26.049+0000] {dag.py:2585} INFO - Sync 2 DAGs
[2023-03-15T17:03:26.053+0000] {logging_mixin.py:120} INFO - [2023-03-15T17:03:26.053+0000] {dag.py:3340} INFO - Setting next_dagrun for example_subdag_operator.section-1 to None, run_after=None
[2023-03-15T17:03:26.054+0000] {logging_mixin.py:120} INFO - [2023-03-15T17:03:26.054+0000] {dag.py:3340} INFO - Setting next_dagrun for example_subdag_operator.section-2 to None, run_after=None
[2023-03-15T17:03:26.062+0000] {processor.py:176} INFO - Processing /home/airflow/.local/lib/python3.7/site-packages/airflow/example_dags/example_subdag_operator.py took 0.172 seconds
[2023-03-15T17:03:56.359+0000] {processor.py:154} INFO - Started process (PID=3736) to work on /home/airflow/.local/lib/python3.7/site-packages/airflow/example_dags/example_subdag_operator.py
[2023-03-15T17:03:56.360+0000] {processor.py:756} INFO - Processing file /home/airflow/.local/lib/python3.7/site-packages/airflow/example_dags/example_subdag_operator.py for tasks to queue
[2023-03-15T17:03:56.361+0000] {logging_mixin.py:120} INFO - [2023-03-15T17:03:56.361+0000] {dagbag.py:537} INFO - Filling up the DagBag from /home/airflow/.local/lib/python3.7/site-packages/airflow/example_dags/example_subdag_operator.py
[2023-03-15T17:03:56.387+0000] {processor.py:766} INFO - DAG(s) dict_keys(['example_subdag_operator.section-1', 'example_subdag_operator.section-2', 'example_subdag_operator']) retrieved from /home/airflow/.local/lib/python3.7/site-packages/airflow/example_dags/example_subdag_operator.py
[2023-03-15T17:03:56.476+0000] {logging_mixin.py:120} INFO - [2023-03-15T17:03:56.476+0000] {dag.py:2585} INFO - Sync 3 DAGs
[2023-03-15T17:03:56.491+0000] {logging_mixin.py:120} INFO - [2023-03-15T17:03:56.491+0000] {dag.py:3340} INFO - Setting next_dagrun for example_subdag_operator to 2022-01-01T00:00:00+00:00, run_after=2022-01-01T00:00:00+00:00
[2023-03-15T17:03:56.493+0000] {logging_mixin.py:120} INFO - [2023-03-15T17:03:56.493+0000] {dag.py:3340} INFO - Setting next_dagrun for example_subdag_operator.section-1 to None, run_after=None
[2023-03-15T17:03:56.495+0000] {logging_mixin.py:120} INFO - [2023-03-15T17:03:56.495+0000] {dag.py:3340} INFO - Setting next_dagrun for example_subdag_operator.section-2 to None, run_after=None
[2023-03-15T17:03:56.499+0000] {logging_mixin.py:120} INFO - [2023-03-15T17:03:56.499+0000] {dag.py:2585} INFO - Sync 2 DAGs
[2023-03-15T17:03:56.503+0000] {logging_mixin.py:120} INFO - [2023-03-15T17:03:56.503+0000] {dag.py:3340} INFO - Setting next_dagrun for example_subdag_operator.section-1 to None, run_after=None
[2023-03-15T17:03:56.503+0000] {logging_mixin.py:120} INFO - [2023-03-15T17:03:56.503+0000] {dag.py:3340} INFO - Setting next_dagrun for example_subdag_operator.section-2 to None, run_after=None
[2023-03-15T17:03:56.510+0000] {processor.py:176} INFO - Processing /home/airflow/.local/lib/python3.7/site-packages/airflow/example_dags/example_subdag_operator.py took 0.154 seconds
