[2023-03-15T16:01:38.622+0000] {processor.py:154} INFO - Started process (PID=44) to work on /home/airflow/.local/lib/python3.7/site-packages/airflow/example_dags/example_nested_branch_dag.py
[2023-03-15T16:01:38.624+0000] {processor.py:756} INFO - Processing file /home/airflow/.local/lib/python3.7/site-packages/airflow/example_dags/example_nested_branch_dag.py for tasks to queue
[2023-03-15T16:01:38.624+0000] {logging_mixin.py:120} INFO - [2023-03-15T16:01:38.624+0000] {dagbag.py:537} INFO - Filling up the DagBag from /home/airflow/.local/lib/python3.7/site-packages/airflow/example_dags/example_nested_branch_dag.py
[2023-03-15T16:01:38.647+0000] {processor.py:766} INFO - DAG(s) dict_keys(['example_nested_branch_dag']) retrieved from /home/airflow/.local/lib/python3.7/site-packages/airflow/example_dags/example_nested_branch_dag.py
[2023-03-15T16:01:38.998+0000] {logging_mixin.py:120} INFO - [2023-03-15T16:01:38.998+0000] {manager.py:507} INFO - Created Permission View: can read on DAG:example_nested_branch_dag
[2023-03-15T16:01:39.024+0000] {logging_mixin.py:120} INFO - [2023-03-15T16:01:39.024+0000] {manager.py:507} INFO - Created Permission View: can delete on DAG:example_nested_branch_dag
[2023-03-15T16:01:39.040+0000] {logging_mixin.py:120} INFO - [2023-03-15T16:01:39.039+0000] {manager.py:507} INFO - Created Permission View: can edit on DAG:example_nested_branch_dag
[2023-03-15T16:01:39.041+0000] {logging_mixin.py:120} INFO - [2023-03-15T16:01:39.041+0000] {dag.py:2585} INFO - Sync 1 DAGs
[2023-03-15T16:01:39.055+0000] {logging_mixin.py:120} INFO - [2023-03-15T16:01:39.055+0000] {dag.py:2606} INFO - Creating ORM DAG for example_nested_branch_dag
[2023-03-15T16:01:39.067+0000] {logging_mixin.py:120} INFO - [2023-03-15T16:01:39.067+0000] {dag.py:3340} INFO - Setting next_dagrun for example_nested_branch_dag to 2023-03-14T00:00:00+00:00, run_after=2023-03-15T00:00:00+00:00
[2023-03-15T16:01:39.088+0000] {processor.py:176} INFO - Processing /home/airflow/.local/lib/python3.7/site-packages/airflow/example_dags/example_nested_branch_dag.py took 0.468 seconds
[2023-03-15T16:02:09.563+0000] {processor.py:154} INFO - Started process (PID=106) to work on /home/airflow/.local/lib/python3.7/site-packages/airflow/example_dags/example_nested_branch_dag.py
[2023-03-15T16:02:09.564+0000] {processor.py:756} INFO - Processing file /home/airflow/.local/lib/python3.7/site-packages/airflow/example_dags/example_nested_branch_dag.py for tasks to queue
[2023-03-15T16:02:09.565+0000] {logging_mixin.py:120} INFO - [2023-03-15T16:02:09.565+0000] {dagbag.py:537} INFO - Filling up the DagBag from /home/airflow/.local/lib/python3.7/site-packages/airflow/example_dags/example_nested_branch_dag.py
[2023-03-15T16:02:09.582+0000] {processor.py:766} INFO - DAG(s) dict_keys(['example_nested_branch_dag']) retrieved from /home/airflow/.local/lib/python3.7/site-packages/airflow/example_dags/example_nested_branch_dag.py
[2023-03-15T16:02:09.616+0000] {logging_mixin.py:120} INFO - [2023-03-15T16:02:09.616+0000] {dag.py:2585} INFO - Sync 1 DAGs
[2023-03-15T16:02:09.633+0000] {logging_mixin.py:120} INFO - [2023-03-15T16:02:09.633+0000] {dag.py:3340} INFO - Setting next_dagrun for example_nested_branch_dag to 2023-03-14T00:00:00+00:00, run_after=2023-03-15T00:00:00+00:00
[2023-03-15T16:02:09.645+0000] {processor.py:176} INFO - Processing /home/airflow/.local/lib/python3.7/site-packages/airflow/example_dags/example_nested_branch_dag.py took 0.085 seconds
[2023-03-15T16:02:39.930+0000] {processor.py:154} INFO - Started process (PID=168) to work on /home/airflow/.local/lib/python3.7/site-packages/airflow/example_dags/example_nested_branch_dag.py
[2023-03-15T16:02:39.932+0000] {processor.py:756} INFO - Processing file /home/airflow/.local/lib/python3.7/site-packages/airflow/example_dags/example_nested_branch_dag.py for tasks to queue
[2023-03-15T16:02:39.932+0000] {logging_mixin.py:120} INFO - [2023-03-15T16:02:39.932+0000] {dagbag.py:537} INFO - Filling up the DagBag from /home/airflow/.local/lib/python3.7/site-packages/airflow/example_dags/example_nested_branch_dag.py
[2023-03-15T16:02:39.952+0000] {processor.py:766} INFO - DAG(s) dict_keys(['example_nested_branch_dag']) retrieved from /home/airflow/.local/lib/python3.7/site-packages/airflow/example_dags/example_nested_branch_dag.py
[2023-03-15T16:02:39.986+0000] {logging_mixin.py:120} INFO - [2023-03-15T16:02:39.986+0000] {dag.py:2585} INFO - Sync 1 DAGs
[2023-03-15T16:02:40.008+0000] {logging_mixin.py:120} INFO - [2023-03-15T16:02:40.007+0000] {dag.py:3340} INFO - Setting next_dagrun for example_nested_branch_dag to 2023-03-14T00:00:00+00:00, run_after=2023-03-15T00:00:00+00:00
[2023-03-15T16:02:40.033+0000] {processor.py:176} INFO - Processing /home/airflow/.local/lib/python3.7/site-packages/airflow/example_dags/example_nested_branch_dag.py took 0.106 seconds
[2023-03-15T16:03:10.536+0000] {processor.py:154} INFO - Started process (PID=232) to work on /home/airflow/.local/lib/python3.7/site-packages/airflow/example_dags/example_nested_branch_dag.py
[2023-03-15T16:03:10.538+0000] {processor.py:756} INFO - Processing file /home/airflow/.local/lib/python3.7/site-packages/airflow/example_dags/example_nested_branch_dag.py for tasks to queue
[2023-03-15T16:03:10.539+0000] {logging_mixin.py:120} INFO - [2023-03-15T16:03:10.539+0000] {dagbag.py:537} INFO - Filling up the DagBag from /home/airflow/.local/lib/python3.7/site-packages/airflow/example_dags/example_nested_branch_dag.py
[2023-03-15T16:03:10.557+0000] {processor.py:766} INFO - DAG(s) dict_keys(['example_nested_branch_dag']) retrieved from /home/airflow/.local/lib/python3.7/site-packages/airflow/example_dags/example_nested_branch_dag.py
[2023-03-15T16:03:10.596+0000] {logging_mixin.py:120} INFO - [2023-03-15T16:03:10.596+0000] {dag.py:2585} INFO - Sync 1 DAGs
[2023-03-15T16:03:10.613+0000] {logging_mixin.py:120} INFO - [2023-03-15T16:03:10.613+0000] {dag.py:3340} INFO - Setting next_dagrun for example_nested_branch_dag to 2023-03-14T00:00:00+00:00, run_after=2023-03-15T00:00:00+00:00
[2023-03-15T16:03:10.624+0000] {processor.py:176} INFO - Processing /home/airflow/.local/lib/python3.7/site-packages/airflow/example_dags/example_nested_branch_dag.py took 0.092 seconds
[2023-03-15T16:03:40.859+0000] {processor.py:154} INFO - Started process (PID=287) to work on /home/airflow/.local/lib/python3.7/site-packages/airflow/example_dags/example_nested_branch_dag.py
[2023-03-15T16:03:40.860+0000] {processor.py:756} INFO - Processing file /home/airflow/.local/lib/python3.7/site-packages/airflow/example_dags/example_nested_branch_dag.py for tasks to queue
[2023-03-15T16:03:40.861+0000] {logging_mixin.py:120} INFO - [2023-03-15T16:03:40.861+0000] {dagbag.py:537} INFO - Filling up the DagBag from /home/airflow/.local/lib/python3.7/site-packages/airflow/example_dags/example_nested_branch_dag.py
[2023-03-15T16:03:40.879+0000] {processor.py:766} INFO - DAG(s) dict_keys(['example_nested_branch_dag']) retrieved from /home/airflow/.local/lib/python3.7/site-packages/airflow/example_dags/example_nested_branch_dag.py
[2023-03-15T16:03:40.911+0000] {logging_mixin.py:120} INFO - [2023-03-15T16:03:40.910+0000] {dag.py:2585} INFO - Sync 1 DAGs
[2023-03-15T16:03:40.927+0000] {logging_mixin.py:120} INFO - [2023-03-15T16:03:40.927+0000] {dag.py:3340} INFO - Setting next_dagrun for example_nested_branch_dag to 2023-03-14T00:00:00+00:00, run_after=2023-03-15T00:00:00+00:00
[2023-03-15T16:03:40.941+0000] {processor.py:176} INFO - Processing /home/airflow/.local/lib/python3.7/site-packages/airflow/example_dags/example_nested_branch_dag.py took 0.086 seconds
[2023-03-15T16:04:11.081+0000] {processor.py:154} INFO - Started process (PID=351) to work on /home/airflow/.local/lib/python3.7/site-packages/airflow/example_dags/example_nested_branch_dag.py
[2023-03-15T16:04:11.083+0000] {processor.py:756} INFO - Processing file /home/airflow/.local/lib/python3.7/site-packages/airflow/example_dags/example_nested_branch_dag.py for tasks to queue
[2023-03-15T16:04:11.084+0000] {logging_mixin.py:120} INFO - [2023-03-15T16:04:11.084+0000] {dagbag.py:537} INFO - Filling up the DagBag from /home/airflow/.local/lib/python3.7/site-packages/airflow/example_dags/example_nested_branch_dag.py
[2023-03-15T16:04:11.101+0000] {processor.py:766} INFO - DAG(s) dict_keys(['example_nested_branch_dag']) retrieved from /home/airflow/.local/lib/python3.7/site-packages/airflow/example_dags/example_nested_branch_dag.py
[2023-03-15T16:04:11.132+0000] {logging_mixin.py:120} INFO - [2023-03-15T16:04:11.132+0000] {dag.py:2585} INFO - Sync 1 DAGs
[2023-03-15T16:04:11.148+0000] {logging_mixin.py:120} INFO - [2023-03-15T16:04:11.148+0000] {dag.py:3340} INFO - Setting next_dagrun for example_nested_branch_dag to 2023-03-14T00:00:00+00:00, run_after=2023-03-15T00:00:00+00:00
[2023-03-15T16:04:11.162+0000] {processor.py:176} INFO - Processing /home/airflow/.local/lib/python3.7/site-packages/airflow/example_dags/example_nested_branch_dag.py took 0.084 seconds
[2023-03-15T16:04:41.361+0000] {processor.py:154} INFO - Started process (PID=415) to work on /home/airflow/.local/lib/python3.7/site-packages/airflow/example_dags/example_nested_branch_dag.py
[2023-03-15T16:04:41.362+0000] {processor.py:756} INFO - Processing file /home/airflow/.local/lib/python3.7/site-packages/airflow/example_dags/example_nested_branch_dag.py for tasks to queue
[2023-03-15T16:04:41.363+0000] {logging_mixin.py:120} INFO - [2023-03-15T16:04:41.363+0000] {dagbag.py:537} INFO - Filling up the DagBag from /home/airflow/.local/lib/python3.7/site-packages/airflow/example_dags/example_nested_branch_dag.py
[2023-03-15T16:04:41.380+0000] {processor.py:766} INFO - DAG(s) dict_keys(['example_nested_branch_dag']) retrieved from /home/airflow/.local/lib/python3.7/site-packages/airflow/example_dags/example_nested_branch_dag.py
[2023-03-15T16:04:41.411+0000] {logging_mixin.py:120} INFO - [2023-03-15T16:04:41.411+0000] {dag.py:2585} INFO - Sync 1 DAGs
[2023-03-15T16:04:41.429+0000] {logging_mixin.py:120} INFO - [2023-03-15T16:04:41.429+0000] {dag.py:3340} INFO - Setting next_dagrun for example_nested_branch_dag to 2023-03-14T00:00:00+00:00, run_after=2023-03-15T00:00:00+00:00
[2023-03-15T16:04:41.443+0000] {processor.py:176} INFO - Processing /home/airflow/.local/lib/python3.7/site-packages/airflow/example_dags/example_nested_branch_dag.py took 0.085 seconds
[2023-03-15T16:05:11.640+0000] {processor.py:154} INFO - Started process (PID=479) to work on /home/airflow/.local/lib/python3.7/site-packages/airflow/example_dags/example_nested_branch_dag.py
[2023-03-15T16:05:11.642+0000] {processor.py:756} INFO - Processing file /home/airflow/.local/lib/python3.7/site-packages/airflow/example_dags/example_nested_branch_dag.py for tasks to queue
[2023-03-15T16:05:11.644+0000] {logging_mixin.py:120} INFO - [2023-03-15T16:05:11.644+0000] {dagbag.py:537} INFO - Filling up the DagBag from /home/airflow/.local/lib/python3.7/site-packages/airflow/example_dags/example_nested_branch_dag.py
[2023-03-15T16:05:11.669+0000] {processor.py:766} INFO - DAG(s) dict_keys(['example_nested_branch_dag']) retrieved from /home/airflow/.local/lib/python3.7/site-packages/airflow/example_dags/example_nested_branch_dag.py
[2023-03-15T16:05:11.747+0000] {logging_mixin.py:120} INFO - [2023-03-15T16:05:11.747+0000] {dag.py:2585} INFO - Sync 1 DAGs
[2023-03-15T16:05:11.767+0000] {logging_mixin.py:120} INFO - [2023-03-15T16:05:11.767+0000] {dag.py:3340} INFO - Setting next_dagrun for example_nested_branch_dag to 2023-03-14T00:00:00+00:00, run_after=2023-03-15T00:00:00+00:00
[2023-03-15T16:05:11.785+0000] {processor.py:176} INFO - Processing /home/airflow/.local/lib/python3.7/site-packages/airflow/example_dags/example_nested_branch_dag.py took 0.149 seconds
[2023-03-15T16:05:42.221+0000] {processor.py:154} INFO - Started process (PID=541) to work on /home/airflow/.local/lib/python3.7/site-packages/airflow/example_dags/example_nested_branch_dag.py
[2023-03-15T16:05:42.223+0000] {processor.py:756} INFO - Processing file /home/airflow/.local/lib/python3.7/site-packages/airflow/example_dags/example_nested_branch_dag.py for tasks to queue
[2023-03-15T16:05:42.224+0000] {logging_mixin.py:120} INFO - [2023-03-15T16:05:42.224+0000] {dagbag.py:537} INFO - Filling up the DagBag from /home/airflow/.local/lib/python3.7/site-packages/airflow/example_dags/example_nested_branch_dag.py
[2023-03-15T16:05:42.241+0000] {processor.py:766} INFO - DAG(s) dict_keys(['example_nested_branch_dag']) retrieved from /home/airflow/.local/lib/python3.7/site-packages/airflow/example_dags/example_nested_branch_dag.py
[2023-03-15T16:05:42.269+0000] {logging_mixin.py:120} INFO - [2023-03-15T16:05:42.269+0000] {dag.py:2585} INFO - Sync 1 DAGs
[2023-03-15T16:05:42.291+0000] {logging_mixin.py:120} INFO - [2023-03-15T16:05:42.291+0000] {dag.py:3340} INFO - Setting next_dagrun for example_nested_branch_dag to 2023-03-14T00:00:00+00:00, run_after=2023-03-15T00:00:00+00:00
[2023-03-15T16:05:42.304+0000] {processor.py:176} INFO - Processing /home/airflow/.local/lib/python3.7/site-packages/airflow/example_dags/example_nested_branch_dag.py took 0.086 seconds
[2023-03-15T16:06:12.652+0000] {processor.py:154} INFO - Started process (PID=595) to work on /home/airflow/.local/lib/python3.7/site-packages/airflow/example_dags/example_nested_branch_dag.py
[2023-03-15T16:06:12.654+0000] {processor.py:756} INFO - Processing file /home/airflow/.local/lib/python3.7/site-packages/airflow/example_dags/example_nested_branch_dag.py for tasks to queue
[2023-03-15T16:06:12.655+0000] {logging_mixin.py:120} INFO - [2023-03-15T16:06:12.654+0000] {dagbag.py:537} INFO - Filling up the DagBag from /home/airflow/.local/lib/python3.7/site-packages/airflow/example_dags/example_nested_branch_dag.py
[2023-03-15T16:06:12.673+0000] {processor.py:766} INFO - DAG(s) dict_keys(['example_nested_branch_dag']) retrieved from /home/airflow/.local/lib/python3.7/site-packages/airflow/example_dags/example_nested_branch_dag.py
[2023-03-15T16:06:12.706+0000] {logging_mixin.py:120} INFO - [2023-03-15T16:06:12.706+0000] {dag.py:2585} INFO - Sync 1 DAGs
[2023-03-15T16:06:12.725+0000] {logging_mixin.py:120} INFO - [2023-03-15T16:06:12.725+0000] {dag.py:3340} INFO - Setting next_dagrun for example_nested_branch_dag to 2023-03-14T00:00:00+00:00, run_after=2023-03-15T00:00:00+00:00
[2023-03-15T16:06:12.738+0000] {processor.py:176} INFO - Processing /home/airflow/.local/lib/python3.7/site-packages/airflow/example_dags/example_nested_branch_dag.py took 0.088 seconds
[2023-03-15T16:06:42.785+0000] {processor.py:154} INFO - Started process (PID=660) to work on /home/airflow/.local/lib/python3.7/site-packages/airflow/example_dags/example_nested_branch_dag.py
[2023-03-15T16:06:42.786+0000] {processor.py:756} INFO - Processing file /home/airflow/.local/lib/python3.7/site-packages/airflow/example_dags/example_nested_branch_dag.py for tasks to queue
[2023-03-15T16:06:42.787+0000] {logging_mixin.py:120} INFO - [2023-03-15T16:06:42.787+0000] {dagbag.py:537} INFO - Filling up the DagBag from /home/airflow/.local/lib/python3.7/site-packages/airflow/example_dags/example_nested_branch_dag.py
[2023-03-15T16:06:42.804+0000] {processor.py:766} INFO - DAG(s) dict_keys(['example_nested_branch_dag']) retrieved from /home/airflow/.local/lib/python3.7/site-packages/airflow/example_dags/example_nested_branch_dag.py
[2023-03-15T16:06:42.833+0000] {logging_mixin.py:120} INFO - [2023-03-15T16:06:42.833+0000] {dag.py:2585} INFO - Sync 1 DAGs
[2023-03-15T16:06:42.851+0000] {logging_mixin.py:120} INFO - [2023-03-15T16:06:42.851+0000] {dag.py:3340} INFO - Setting next_dagrun for example_nested_branch_dag to 2023-03-14T00:00:00+00:00, run_after=2023-03-15T00:00:00+00:00
[2023-03-15T16:06:42.864+0000] {processor.py:176} INFO - Processing /home/airflow/.local/lib/python3.7/site-packages/airflow/example_dags/example_nested_branch_dag.py took 0.083 seconds
[2023-03-15T16:07:13.265+0000] {processor.py:154} INFO - Started process (PID=726) to work on /home/airflow/.local/lib/python3.7/site-packages/airflow/example_dags/example_nested_branch_dag.py
[2023-03-15T16:07:13.267+0000] {processor.py:756} INFO - Processing file /home/airflow/.local/lib/python3.7/site-packages/airflow/example_dags/example_nested_branch_dag.py for tasks to queue
[2023-03-15T16:07:13.268+0000] {logging_mixin.py:120} INFO - [2023-03-15T16:07:13.268+0000] {dagbag.py:537} INFO - Filling up the DagBag from /home/airflow/.local/lib/python3.7/site-packages/airflow/example_dags/example_nested_branch_dag.py
[2023-03-15T16:07:13.284+0000] {processor.py:766} INFO - DAG(s) dict_keys(['example_nested_branch_dag']) retrieved from /home/airflow/.local/lib/python3.7/site-packages/airflow/example_dags/example_nested_branch_dag.py
[2023-03-15T16:07:13.315+0000] {logging_mixin.py:120} INFO - [2023-03-15T16:07:13.315+0000] {dag.py:2585} INFO - Sync 1 DAGs
[2023-03-15T16:07:13.332+0000] {logging_mixin.py:120} INFO - [2023-03-15T16:07:13.332+0000] {dag.py:3340} INFO - Setting next_dagrun for example_nested_branch_dag to 2023-03-14T00:00:00+00:00, run_after=2023-03-15T00:00:00+00:00
[2023-03-15T16:07:13.343+0000] {processor.py:176} INFO - Processing /home/airflow/.local/lib/python3.7/site-packages/airflow/example_dags/example_nested_branch_dag.py took 0.081 seconds
[2023-03-15T16:07:43.679+0000] {processor.py:154} INFO - Started process (PID=791) to work on /home/airflow/.local/lib/python3.7/site-packages/airflow/example_dags/example_nested_branch_dag.py
[2023-03-15T16:07:43.681+0000] {processor.py:756} INFO - Processing file /home/airflow/.local/lib/python3.7/site-packages/airflow/example_dags/example_nested_branch_dag.py for tasks to queue
[2023-03-15T16:07:43.683+0000] {logging_mixin.py:120} INFO - [2023-03-15T16:07:43.683+0000] {dagbag.py:537} INFO - Filling up the DagBag from /home/airflow/.local/lib/python3.7/site-packages/airflow/example_dags/example_nested_branch_dag.py
[2023-03-15T16:07:43.706+0000] {processor.py:766} INFO - DAG(s) dict_keys(['example_nested_branch_dag']) retrieved from /home/airflow/.local/lib/python3.7/site-packages/airflow/example_dags/example_nested_branch_dag.py
[2023-03-15T16:07:43.747+0000] {logging_mixin.py:120} INFO - [2023-03-15T16:07:43.747+0000] {dag.py:2585} INFO - Sync 1 DAGs
[2023-03-15T16:07:43.767+0000] {logging_mixin.py:120} INFO - [2023-03-15T16:07:43.767+0000] {dag.py:3340} INFO - Setting next_dagrun for example_nested_branch_dag to 2023-03-14T00:00:00+00:00, run_after=2023-03-15T00:00:00+00:00
[2023-03-15T16:07:43.791+0000] {processor.py:176} INFO - Processing /home/airflow/.local/lib/python3.7/site-packages/airflow/example_dags/example_nested_branch_dag.py took 0.115 seconds
[2023-03-15T16:08:14.292+0000] {processor.py:154} INFO - Started process (PID=855) to work on /home/airflow/.local/lib/python3.7/site-packages/airflow/example_dags/example_nested_branch_dag.py
[2023-03-15T16:08:14.296+0000] {processor.py:756} INFO - Processing file /home/airflow/.local/lib/python3.7/site-packages/airflow/example_dags/example_nested_branch_dag.py for tasks to queue
[2023-03-15T16:08:14.297+0000] {logging_mixin.py:120} INFO - [2023-03-15T16:08:14.297+0000] {dagbag.py:537} INFO - Filling up the DagBag from /home/airflow/.local/lib/python3.7/site-packages/airflow/example_dags/example_nested_branch_dag.py
[2023-03-15T16:08:14.314+0000] {processor.py:766} INFO - DAG(s) dict_keys(['example_nested_branch_dag']) retrieved from /home/airflow/.local/lib/python3.7/site-packages/airflow/example_dags/example_nested_branch_dag.py
[2023-03-15T16:08:14.348+0000] {logging_mixin.py:120} INFO - [2023-03-15T16:08:14.347+0000] {dag.py:2585} INFO - Sync 1 DAGs
[2023-03-15T16:08:14.366+0000] {logging_mixin.py:120} INFO - [2023-03-15T16:08:14.366+0000] {dag.py:3340} INFO - Setting next_dagrun for example_nested_branch_dag to 2023-03-14T00:00:00+00:00, run_after=2023-03-15T00:00:00+00:00
[2023-03-15T16:08:14.381+0000] {processor.py:176} INFO - Processing /home/airflow/.local/lib/python3.7/site-packages/airflow/example_dags/example_nested_branch_dag.py took 0.091 seconds
[2023-03-15T16:08:45.206+0000] {processor.py:154} INFO - Started process (PID=979) to work on /home/airflow/.local/lib/python3.7/site-packages/airflow/example_dags/example_nested_branch_dag.py
[2023-03-15T16:08:45.213+0000] {processor.py:756} INFO - Processing file /home/airflow/.local/lib/python3.7/site-packages/airflow/example_dags/example_nested_branch_dag.py for tasks to queue
[2023-03-15T16:08:45.216+0000] {logging_mixin.py:120} INFO - [2023-03-15T16:08:45.215+0000] {dagbag.py:537} INFO - Filling up the DagBag from /home/airflow/.local/lib/python3.7/site-packages/airflow/example_dags/example_nested_branch_dag.py
[2023-03-15T16:08:45.265+0000] {processor.py:766} INFO - DAG(s) dict_keys(['example_nested_branch_dag']) retrieved from /home/airflow/.local/lib/python3.7/site-packages/airflow/example_dags/example_nested_branch_dag.py
[2023-03-15T16:08:45.355+0000] {logging_mixin.py:120} INFO - [2023-03-15T16:08:45.354+0000] {dag.py:2585} INFO - Sync 1 DAGs
[2023-03-15T16:08:45.388+0000] {logging_mixin.py:120} INFO - [2023-03-15T16:08:45.388+0000] {dag.py:3340} INFO - Setting next_dagrun for example_nested_branch_dag to 2023-03-14T00:00:00+00:00, run_after=2023-03-15T00:00:00+00:00
[2023-03-15T16:08:45.410+0000] {processor.py:176} INFO - Processing /home/airflow/.local/lib/python3.7/site-packages/airflow/example_dags/example_nested_branch_dag.py took 0.231 seconds
[2023-03-15T16:09:16.137+0000] {processor.py:154} INFO - Started process (PID=1175) to work on /home/airflow/.local/lib/python3.7/site-packages/airflow/example_dags/example_nested_branch_dag.py
[2023-03-15T16:09:16.139+0000] {processor.py:756} INFO - Processing file /home/airflow/.local/lib/python3.7/site-packages/airflow/example_dags/example_nested_branch_dag.py for tasks to queue
[2023-03-15T16:09:16.140+0000] {logging_mixin.py:120} INFO - [2023-03-15T16:09:16.140+0000] {dagbag.py:537} INFO - Filling up the DagBag from /home/airflow/.local/lib/python3.7/site-packages/airflow/example_dags/example_nested_branch_dag.py
[2023-03-15T16:09:16.188+0000] {processor.py:766} INFO - DAG(s) dict_keys(['example_nested_branch_dag']) retrieved from /home/airflow/.local/lib/python3.7/site-packages/airflow/example_dags/example_nested_branch_dag.py
[2023-03-15T16:09:16.317+0000] {logging_mixin.py:120} INFO - [2023-03-15T16:09:16.317+0000] {dag.py:2585} INFO - Sync 1 DAGs
[2023-03-15T16:09:16.344+0000] {logging_mixin.py:120} INFO - [2023-03-15T16:09:16.344+0000] {dag.py:3340} INFO - Setting next_dagrun for example_nested_branch_dag to 2023-03-14T00:00:00+00:00, run_after=2023-03-15T00:00:00+00:00
[2023-03-15T16:09:16.363+0000] {processor.py:176} INFO - Processing /home/airflow/.local/lib/python3.7/site-packages/airflow/example_dags/example_nested_branch_dag.py took 0.229 seconds
[2023-03-15T16:09:46.484+0000] {processor.py:154} INFO - Started process (PID=1387) to work on /home/airflow/.local/lib/python3.7/site-packages/airflow/example_dags/example_nested_branch_dag.py
[2023-03-15T16:09:46.487+0000] {processor.py:756} INFO - Processing file /home/airflow/.local/lib/python3.7/site-packages/airflow/example_dags/example_nested_branch_dag.py for tasks to queue
[2023-03-15T16:09:46.488+0000] {logging_mixin.py:120} INFO - [2023-03-15T16:09:46.488+0000] {dagbag.py:537} INFO - Filling up the DagBag from /home/airflow/.local/lib/python3.7/site-packages/airflow/example_dags/example_nested_branch_dag.py
[2023-03-15T16:09:46.533+0000] {processor.py:766} INFO - DAG(s) dict_keys(['example_nested_branch_dag']) retrieved from /home/airflow/.local/lib/python3.7/site-packages/airflow/example_dags/example_nested_branch_dag.py
[2023-03-15T16:09:46.611+0000] {logging_mixin.py:120} INFO - [2023-03-15T16:09:46.611+0000] {dag.py:2585} INFO - Sync 1 DAGs
[2023-03-15T16:09:46.631+0000] {logging_mixin.py:120} INFO - [2023-03-15T16:09:46.631+0000] {dag.py:3340} INFO - Setting next_dagrun for example_nested_branch_dag to 2023-03-14T00:00:00+00:00, run_after=2023-03-15T00:00:00+00:00
[2023-03-15T16:09:46.644+0000] {processor.py:176} INFO - Processing /home/airflow/.local/lib/python3.7/site-packages/airflow/example_dags/example_nested_branch_dag.py took 0.164 seconds
[2023-03-15T16:10:16.835+0000] {processor.py:154} INFO - Started process (PID=1603) to work on /home/airflow/.local/lib/python3.7/site-packages/airflow/example_dags/example_nested_branch_dag.py
[2023-03-15T16:10:16.837+0000] {processor.py:756} INFO - Processing file /home/airflow/.local/lib/python3.7/site-packages/airflow/example_dags/example_nested_branch_dag.py for tasks to queue
[2023-03-15T16:10:16.839+0000] {logging_mixin.py:120} INFO - [2023-03-15T16:10:16.839+0000] {dagbag.py:537} INFO - Filling up the DagBag from /home/airflow/.local/lib/python3.7/site-packages/airflow/example_dags/example_nested_branch_dag.py
[2023-03-15T16:10:16.863+0000] {processor.py:766} INFO - DAG(s) dict_keys(['example_nested_branch_dag']) retrieved from /home/airflow/.local/lib/python3.7/site-packages/airflow/example_dags/example_nested_branch_dag.py
[2023-03-15T16:10:16.907+0000] {logging_mixin.py:120} INFO - [2023-03-15T16:10:16.907+0000] {dag.py:2585} INFO - Sync 1 DAGs
[2023-03-15T16:10:16.936+0000] {logging_mixin.py:120} INFO - [2023-03-15T16:10:16.936+0000] {dag.py:3340} INFO - Setting next_dagrun for example_nested_branch_dag to 2023-03-14T00:00:00+00:00, run_after=2023-03-15T00:00:00+00:00
[2023-03-15T16:10:16.959+0000] {processor.py:176} INFO - Processing /home/airflow/.local/lib/python3.7/site-packages/airflow/example_dags/example_nested_branch_dag.py took 0.127 seconds
[2023-03-15T16:10:47.224+0000] {processor.py:154} INFO - Started process (PID=1830) to work on /home/airflow/.local/lib/python3.7/site-packages/airflow/example_dags/example_nested_branch_dag.py
[2023-03-15T16:10:47.227+0000] {processor.py:756} INFO - Processing file /home/airflow/.local/lib/python3.7/site-packages/airflow/example_dags/example_nested_branch_dag.py for tasks to queue
[2023-03-15T16:10:47.228+0000] {logging_mixin.py:120} INFO - [2023-03-15T16:10:47.228+0000] {dagbag.py:537} INFO - Filling up the DagBag from /home/airflow/.local/lib/python3.7/site-packages/airflow/example_dags/example_nested_branch_dag.py
[2023-03-15T16:10:47.252+0000] {processor.py:766} INFO - DAG(s) dict_keys(['example_nested_branch_dag']) retrieved from /home/airflow/.local/lib/python3.7/site-packages/airflow/example_dags/example_nested_branch_dag.py
[2023-03-15T16:10:47.303+0000] {logging_mixin.py:120} INFO - [2023-03-15T16:10:47.303+0000] {dag.py:2585} INFO - Sync 1 DAGs
[2023-03-15T16:10:47.331+0000] {logging_mixin.py:120} INFO - [2023-03-15T16:10:47.331+0000] {dag.py:3340} INFO - Setting next_dagrun for example_nested_branch_dag to 2023-03-14T00:00:00+00:00, run_after=2023-03-15T00:00:00+00:00
[2023-03-15T16:10:47.351+0000] {processor.py:176} INFO - Processing /home/airflow/.local/lib/python3.7/site-packages/airflow/example_dags/example_nested_branch_dag.py took 0.131 seconds
[2023-03-15T16:11:17.405+0000] {processor.py:154} INFO - Started process (PID=2035) to work on /home/airflow/.local/lib/python3.7/site-packages/airflow/example_dags/example_nested_branch_dag.py
[2023-03-15T16:11:17.406+0000] {processor.py:756} INFO - Processing file /home/airflow/.local/lib/python3.7/site-packages/airflow/example_dags/example_nested_branch_dag.py for tasks to queue
[2023-03-15T16:11:17.408+0000] {logging_mixin.py:120} INFO - [2023-03-15T16:11:17.407+0000] {dagbag.py:537} INFO - Filling up the DagBag from /home/airflow/.local/lib/python3.7/site-packages/airflow/example_dags/example_nested_branch_dag.py
[2023-03-15T16:11:17.425+0000] {processor.py:766} INFO - DAG(s) dict_keys(['example_nested_branch_dag']) retrieved from /home/airflow/.local/lib/python3.7/site-packages/airflow/example_dags/example_nested_branch_dag.py
[2023-03-15T16:11:17.455+0000] {logging_mixin.py:120} INFO - [2023-03-15T16:11:17.455+0000] {dag.py:2585} INFO - Sync 1 DAGs
[2023-03-15T16:11:17.472+0000] {logging_mixin.py:120} INFO - [2023-03-15T16:11:17.472+0000] {dag.py:3340} INFO - Setting next_dagrun for example_nested_branch_dag to 2023-03-14T00:00:00+00:00, run_after=2023-03-15T00:00:00+00:00
[2023-03-15T16:11:17.485+0000] {processor.py:176} INFO - Processing /home/airflow/.local/lib/python3.7/site-packages/airflow/example_dags/example_nested_branch_dag.py took 0.083 seconds
[2023-03-15T16:11:48.024+0000] {processor.py:154} INFO - Started process (PID=2257) to work on /home/airflow/.local/lib/python3.7/site-packages/airflow/example_dags/example_nested_branch_dag.py
[2023-03-15T16:11:48.030+0000] {processor.py:756} INFO - Processing file /home/airflow/.local/lib/python3.7/site-packages/airflow/example_dags/example_nested_branch_dag.py for tasks to queue
[2023-03-15T16:11:48.033+0000] {logging_mixin.py:120} INFO - [2023-03-15T16:11:48.033+0000] {dagbag.py:537} INFO - Filling up the DagBag from /home/airflow/.local/lib/python3.7/site-packages/airflow/example_dags/example_nested_branch_dag.py
[2023-03-15T16:11:48.080+0000] {processor.py:766} INFO - DAG(s) dict_keys(['example_nested_branch_dag']) retrieved from /home/airflow/.local/lib/python3.7/site-packages/airflow/example_dags/example_nested_branch_dag.py
[2023-03-15T16:11:48.175+0000] {logging_mixin.py:120} INFO - [2023-03-15T16:11:48.174+0000] {dag.py:2585} INFO - Sync 1 DAGs
[2023-03-15T16:11:48.218+0000] {logging_mixin.py:120} INFO - [2023-03-15T16:11:48.218+0000] {dag.py:3340} INFO - Setting next_dagrun for example_nested_branch_dag to 2023-03-14T00:00:00+00:00, run_after=2023-03-15T00:00:00+00:00
[2023-03-15T16:11:48.254+0000] {processor.py:176} INFO - Processing /home/airflow/.local/lib/python3.7/site-packages/airflow/example_dags/example_nested_branch_dag.py took 0.233 seconds
[2023-03-15T16:12:19.003+0000] {processor.py:154} INFO - Started process (PID=2461) to work on /home/airflow/.local/lib/python3.7/site-packages/airflow/example_dags/example_nested_branch_dag.py
[2023-03-15T16:12:19.007+0000] {processor.py:756} INFO - Processing file /home/airflow/.local/lib/python3.7/site-packages/airflow/example_dags/example_nested_branch_dag.py for tasks to queue
[2023-03-15T16:12:19.008+0000] {logging_mixin.py:120} INFO - [2023-03-15T16:12:19.008+0000] {dagbag.py:537} INFO - Filling up the DagBag from /home/airflow/.local/lib/python3.7/site-packages/airflow/example_dags/example_nested_branch_dag.py
[2023-03-15T16:12:19.027+0000] {processor.py:766} INFO - DAG(s) dict_keys(['example_nested_branch_dag']) retrieved from /home/airflow/.local/lib/python3.7/site-packages/airflow/example_dags/example_nested_branch_dag.py
[2023-03-15T16:12:19.064+0000] {logging_mixin.py:120} INFO - [2023-03-15T16:12:19.064+0000] {dag.py:2585} INFO - Sync 1 DAGs
[2023-03-15T16:12:19.082+0000] {logging_mixin.py:120} INFO - [2023-03-15T16:12:19.082+0000] {dag.py:3340} INFO - Setting next_dagrun for example_nested_branch_dag to 2023-03-14T00:00:00+00:00, run_after=2023-03-15T00:00:00+00:00
[2023-03-15T16:12:19.094+0000] {processor.py:176} INFO - Processing /home/airflow/.local/lib/python3.7/site-packages/airflow/example_dags/example_nested_branch_dag.py took 0.094 seconds
[2023-03-15T16:12:49.887+0000] {processor.py:154} INFO - Started process (PID=2669) to work on /home/airflow/.local/lib/python3.7/site-packages/airflow/example_dags/example_nested_branch_dag.py
[2023-03-15T16:12:49.891+0000] {processor.py:756} INFO - Processing file /home/airflow/.local/lib/python3.7/site-packages/airflow/example_dags/example_nested_branch_dag.py for tasks to queue
[2023-03-15T16:12:49.892+0000] {logging_mixin.py:120} INFO - [2023-03-15T16:12:49.892+0000] {dagbag.py:537} INFO - Filling up the DagBag from /home/airflow/.local/lib/python3.7/site-packages/airflow/example_dags/example_nested_branch_dag.py
[2023-03-15T16:12:49.921+0000] {processor.py:766} INFO - DAG(s) dict_keys(['example_nested_branch_dag']) retrieved from /home/airflow/.local/lib/python3.7/site-packages/airflow/example_dags/example_nested_branch_dag.py
[2023-03-15T16:12:49.988+0000] {logging_mixin.py:120} INFO - [2023-03-15T16:12:49.987+0000] {dag.py:2585} INFO - Sync 1 DAGs
[2023-03-15T16:12:50.033+0000] {logging_mixin.py:120} INFO - [2023-03-15T16:12:50.033+0000] {dag.py:3340} INFO - Setting next_dagrun for example_nested_branch_dag to 2023-03-14T00:00:00+00:00, run_after=2023-03-15T00:00:00+00:00
[2023-03-15T16:12:50.085+0000] {processor.py:176} INFO - Processing /home/airflow/.local/lib/python3.7/site-packages/airflow/example_dags/example_nested_branch_dag.py took 0.202 seconds
[2023-03-15T16:13:20.427+0000] {processor.py:154} INFO - Started process (PID=2858) to work on /home/airflow/.local/lib/python3.7/site-packages/airflow/example_dags/example_nested_branch_dag.py
[2023-03-15T16:13:20.428+0000] {processor.py:756} INFO - Processing file /home/airflow/.local/lib/python3.7/site-packages/airflow/example_dags/example_nested_branch_dag.py for tasks to queue
[2023-03-15T16:13:20.430+0000] {logging_mixin.py:120} INFO - [2023-03-15T16:13:20.429+0000] {dagbag.py:537} INFO - Filling up the DagBag from /home/airflow/.local/lib/python3.7/site-packages/airflow/example_dags/example_nested_branch_dag.py
[2023-03-15T16:13:20.445+0000] {processor.py:766} INFO - DAG(s) dict_keys(['example_nested_branch_dag']) retrieved from /home/airflow/.local/lib/python3.7/site-packages/airflow/example_dags/example_nested_branch_dag.py
[2023-03-15T16:13:20.477+0000] {logging_mixin.py:120} INFO - [2023-03-15T16:13:20.477+0000] {dag.py:2585} INFO - Sync 1 DAGs
[2023-03-15T16:13:20.493+0000] {logging_mixin.py:120} INFO - [2023-03-15T16:13:20.493+0000] {dag.py:3340} INFO - Setting next_dagrun for example_nested_branch_dag to 2023-03-14T00:00:00+00:00, run_after=2023-03-15T00:00:00+00:00
[2023-03-15T16:13:20.504+0000] {processor.py:176} INFO - Processing /home/airflow/.local/lib/python3.7/site-packages/airflow/example_dags/example_nested_branch_dag.py took 0.080 seconds
[2023-03-15T16:29:47.575+0000] {processor.py:154} INFO - Started process (PID=2900) to work on /home/airflow/.local/lib/python3.7/site-packages/airflow/example_dags/example_nested_branch_dag.py
[2023-03-15T16:29:47.576+0000] {processor.py:756} INFO - Processing file /home/airflow/.local/lib/python3.7/site-packages/airflow/example_dags/example_nested_branch_dag.py for tasks to queue
[2023-03-15T16:29:47.577+0000] {logging_mixin.py:120} INFO - [2023-03-15T16:29:47.577+0000] {dagbag.py:537} INFO - Filling up the DagBag from /home/airflow/.local/lib/python3.7/site-packages/airflow/example_dags/example_nested_branch_dag.py
[2023-03-15T16:29:47.609+0000] {processor.py:766} INFO - DAG(s) dict_keys(['example_nested_branch_dag']) retrieved from /home/airflow/.local/lib/python3.7/site-packages/airflow/example_dags/example_nested_branch_dag.py
[2023-03-15T16:29:47.662+0000] {logging_mixin.py:120} INFO - [2023-03-15T16:29:47.662+0000] {dag.py:2585} INFO - Sync 1 DAGs
[2023-03-15T16:29:47.682+0000] {logging_mixin.py:120} INFO - [2023-03-15T16:29:47.682+0000] {dag.py:3340} INFO - Setting next_dagrun for example_nested_branch_dag to 2023-03-14T00:00:00+00:00, run_after=2023-03-15T00:00:00+00:00
[2023-03-15T16:29:47.700+0000] {processor.py:176} INFO - Processing /home/airflow/.local/lib/python3.7/site-packages/airflow/example_dags/example_nested_branch_dag.py took 0.129 seconds
[2023-03-15T16:30:18.594+0000] {processor.py:154} INFO - Started process (PID=2965) to work on /home/airflow/.local/lib/python3.7/site-packages/airflow/example_dags/example_nested_branch_dag.py
[2023-03-15T16:30:18.595+0000] {processor.py:756} INFO - Processing file /home/airflow/.local/lib/python3.7/site-packages/airflow/example_dags/example_nested_branch_dag.py for tasks to queue
[2023-03-15T16:30:18.596+0000] {logging_mixin.py:120} INFO - [2023-03-15T16:30:18.596+0000] {dagbag.py:537} INFO - Filling up the DagBag from /home/airflow/.local/lib/python3.7/site-packages/airflow/example_dags/example_nested_branch_dag.py
[2023-03-15T16:30:18.612+0000] {processor.py:766} INFO - DAG(s) dict_keys(['example_nested_branch_dag']) retrieved from /home/airflow/.local/lib/python3.7/site-packages/airflow/example_dags/example_nested_branch_dag.py
[2023-03-15T16:30:18.642+0000] {logging_mixin.py:120} INFO - [2023-03-15T16:30:18.642+0000] {dag.py:2585} INFO - Sync 1 DAGs
[2023-03-15T16:30:18.658+0000] {logging_mixin.py:120} INFO - [2023-03-15T16:30:18.658+0000] {dag.py:3340} INFO - Setting next_dagrun for example_nested_branch_dag to 2023-03-14T00:00:00+00:00, run_after=2023-03-15T00:00:00+00:00
[2023-03-15T16:30:18.669+0000] {processor.py:176} INFO - Processing /home/airflow/.local/lib/python3.7/site-packages/airflow/example_dags/example_nested_branch_dag.py took 0.078 seconds
[2023-03-15T16:47:13.321+0000] {processor.py:154} INFO - Started process (PID=3021) to work on /home/airflow/.local/lib/python3.7/site-packages/airflow/example_dags/example_nested_branch_dag.py
[2023-03-15T16:47:13.324+0000] {processor.py:756} INFO - Processing file /home/airflow/.local/lib/python3.7/site-packages/airflow/example_dags/example_nested_branch_dag.py for tasks to queue
[2023-03-15T16:47:13.327+0000] {logging_mixin.py:120} INFO - [2023-03-15T16:47:13.326+0000] {dagbag.py:537} INFO - Filling up the DagBag from /home/airflow/.local/lib/python3.7/site-packages/airflow/example_dags/example_nested_branch_dag.py
[2023-03-15T16:47:13.350+0000] {processor.py:766} INFO - DAG(s) dict_keys(['example_nested_branch_dag']) retrieved from /home/airflow/.local/lib/python3.7/site-packages/airflow/example_dags/example_nested_branch_dag.py
[2023-03-15T16:47:13.385+0000] {logging_mixin.py:120} INFO - [2023-03-15T16:47:13.385+0000] {dag.py:2585} INFO - Sync 1 DAGs
[2023-03-15T16:47:13.404+0000] {logging_mixin.py:120} INFO - [2023-03-15T16:47:13.404+0000] {dag.py:3340} INFO - Setting next_dagrun for example_nested_branch_dag to 2023-03-14T00:00:00+00:00, run_after=2023-03-15T00:00:00+00:00
[2023-03-15T16:47:13.421+0000] {processor.py:176} INFO - Processing /home/airflow/.local/lib/python3.7/site-packages/airflow/example_dags/example_nested_branch_dag.py took 0.104 seconds
[2023-03-15T16:47:44.341+0000] {processor.py:154} INFO - Started process (PID=3086) to work on /home/airflow/.local/lib/python3.7/site-packages/airflow/example_dags/example_nested_branch_dag.py
[2023-03-15T16:47:44.342+0000] {processor.py:756} INFO - Processing file /home/airflow/.local/lib/python3.7/site-packages/airflow/example_dags/example_nested_branch_dag.py for tasks to queue
[2023-03-15T16:47:44.343+0000] {logging_mixin.py:120} INFO - [2023-03-15T16:47:44.343+0000] {dagbag.py:537} INFO - Filling up the DagBag from /home/airflow/.local/lib/python3.7/site-packages/airflow/example_dags/example_nested_branch_dag.py
[2023-03-15T16:47:44.358+0000] {processor.py:766} INFO - DAG(s) dict_keys(['example_nested_branch_dag']) retrieved from /home/airflow/.local/lib/python3.7/site-packages/airflow/example_dags/example_nested_branch_dag.py
[2023-03-15T16:47:44.386+0000] {logging_mixin.py:120} INFO - [2023-03-15T16:47:44.386+0000] {dag.py:2585} INFO - Sync 1 DAGs
[2023-03-15T16:47:44.400+0000] {logging_mixin.py:120} INFO - [2023-03-15T16:47:44.400+0000] {dag.py:3340} INFO - Setting next_dagrun for example_nested_branch_dag to 2023-03-14T00:00:00+00:00, run_after=2023-03-15T00:00:00+00:00
[2023-03-15T16:47:44.412+0000] {processor.py:176} INFO - Processing /home/airflow/.local/lib/python3.7/site-packages/airflow/example_dags/example_nested_branch_dag.py took 0.074 seconds
[2023-03-15T16:59:20.327+0000] {processor.py:154} INFO - Started process (PID=3151) to work on /home/airflow/.local/lib/python3.7/site-packages/airflow/example_dags/example_nested_branch_dag.py
[2023-03-15T16:59:20.329+0000] {processor.py:756} INFO - Processing file /home/airflow/.local/lib/python3.7/site-packages/airflow/example_dags/example_nested_branch_dag.py for tasks to queue
[2023-03-15T16:59:20.332+0000] {logging_mixin.py:120} INFO - [2023-03-15T16:59:20.331+0000] {dagbag.py:537} INFO - Filling up the DagBag from /home/airflow/.local/lib/python3.7/site-packages/airflow/example_dags/example_nested_branch_dag.py
[2023-03-15T16:59:20.373+0000] {processor.py:766} INFO - DAG(s) dict_keys(['example_nested_branch_dag']) retrieved from /home/airflow/.local/lib/python3.7/site-packages/airflow/example_dags/example_nested_branch_dag.py
[2023-03-15T16:59:20.414+0000] {logging_mixin.py:120} INFO - [2023-03-15T16:59:20.413+0000] {dag.py:2585} INFO - Sync 1 DAGs
[2023-03-15T16:59:20.438+0000] {logging_mixin.py:120} INFO - [2023-03-15T16:59:20.438+0000] {dag.py:3340} INFO - Setting next_dagrun for example_nested_branch_dag to 2023-03-14T00:00:00+00:00, run_after=2023-03-15T00:00:00+00:00
[2023-03-15T16:59:20.462+0000] {processor.py:176} INFO - Processing /home/airflow/.local/lib/python3.7/site-packages/airflow/example_dags/example_nested_branch_dag.py took 0.141 seconds
[2023-03-15T16:59:50.698+0000] {processor.py:154} INFO - Started process (PID=3216) to work on /home/airflow/.local/lib/python3.7/site-packages/airflow/example_dags/example_nested_branch_dag.py
[2023-03-15T16:59:50.700+0000] {processor.py:756} INFO - Processing file /home/airflow/.local/lib/python3.7/site-packages/airflow/example_dags/example_nested_branch_dag.py for tasks to queue
[2023-03-15T16:59:50.701+0000] {logging_mixin.py:120} INFO - [2023-03-15T16:59:50.701+0000] {dagbag.py:537} INFO - Filling up the DagBag from /home/airflow/.local/lib/python3.7/site-packages/airflow/example_dags/example_nested_branch_dag.py
[2023-03-15T16:59:50.716+0000] {processor.py:766} INFO - DAG(s) dict_keys(['example_nested_branch_dag']) retrieved from /home/airflow/.local/lib/python3.7/site-packages/airflow/example_dags/example_nested_branch_dag.py
[2023-03-15T16:59:50.745+0000] {logging_mixin.py:120} INFO - [2023-03-15T16:59:50.745+0000] {dag.py:2585} INFO - Sync 1 DAGs
[2023-03-15T16:59:50.763+0000] {logging_mixin.py:120} INFO - [2023-03-15T16:59:50.763+0000] {dag.py:3340} INFO - Setting next_dagrun for example_nested_branch_dag to 2023-03-14T00:00:00+00:00, run_after=2023-03-15T00:00:00+00:00
[2023-03-15T16:59:50.775+0000] {processor.py:176} INFO - Processing /home/airflow/.local/lib/python3.7/site-packages/airflow/example_dags/example_nested_branch_dag.py took 0.079 seconds
[2023-03-15T17:00:21.379+0000] {processor.py:154} INFO - Started process (PID=3280) to work on /home/airflow/.local/lib/python3.7/site-packages/airflow/example_dags/example_nested_branch_dag.py
[2023-03-15T17:00:21.380+0000] {processor.py:756} INFO - Processing file /home/airflow/.local/lib/python3.7/site-packages/airflow/example_dags/example_nested_branch_dag.py for tasks to queue
[2023-03-15T17:00:21.381+0000] {logging_mixin.py:120} INFO - [2023-03-15T17:00:21.381+0000] {dagbag.py:537} INFO - Filling up the DagBag from /home/airflow/.local/lib/python3.7/site-packages/airflow/example_dags/example_nested_branch_dag.py
[2023-03-15T17:00:21.398+0000] {processor.py:766} INFO - DAG(s) dict_keys(['example_nested_branch_dag']) retrieved from /home/airflow/.local/lib/python3.7/site-packages/airflow/example_dags/example_nested_branch_dag.py
[2023-03-15T17:00:21.429+0000] {logging_mixin.py:120} INFO - [2023-03-15T17:00:21.429+0000] {dag.py:2585} INFO - Sync 1 DAGs
[2023-03-15T17:00:21.444+0000] {logging_mixin.py:120} INFO - [2023-03-15T17:00:21.444+0000] {dag.py:3340} INFO - Setting next_dagrun for example_nested_branch_dag to 2023-03-14T00:00:00+00:00, run_after=2023-03-15T00:00:00+00:00
[2023-03-15T17:00:21.455+0000] {processor.py:176} INFO - Processing /home/airflow/.local/lib/python3.7/site-packages/airflow/example_dags/example_nested_branch_dag.py took 0.079 seconds
[2023-03-15T17:00:52.016+0000] {processor.py:154} INFO - Started process (PID=3336) to work on /home/airflow/.local/lib/python3.7/site-packages/airflow/example_dags/example_nested_branch_dag.py
[2023-03-15T17:00:52.017+0000] {processor.py:756} INFO - Processing file /home/airflow/.local/lib/python3.7/site-packages/airflow/example_dags/example_nested_branch_dag.py for tasks to queue
[2023-03-15T17:00:52.018+0000] {logging_mixin.py:120} INFO - [2023-03-15T17:00:52.018+0000] {dagbag.py:537} INFO - Filling up the DagBag from /home/airflow/.local/lib/python3.7/site-packages/airflow/example_dags/example_nested_branch_dag.py
[2023-03-15T17:00:52.034+0000] {processor.py:766} INFO - DAG(s) dict_keys(['example_nested_branch_dag']) retrieved from /home/airflow/.local/lib/python3.7/site-packages/airflow/example_dags/example_nested_branch_dag.py
[2023-03-15T17:00:52.062+0000] {logging_mixin.py:120} INFO - [2023-03-15T17:00:52.062+0000] {dag.py:2585} INFO - Sync 1 DAGs
[2023-03-15T17:00:52.077+0000] {logging_mixin.py:120} INFO - [2023-03-15T17:00:52.077+0000] {dag.py:3340} INFO - Setting next_dagrun for example_nested_branch_dag to 2023-03-14T00:00:00+00:00, run_after=2023-03-15T00:00:00+00:00
[2023-03-15T17:00:52.091+0000] {processor.py:176} INFO - Processing /home/airflow/.local/lib/python3.7/site-packages/airflow/example_dags/example_nested_branch_dag.py took 0.077 seconds
[2023-03-15T17:01:22.471+0000] {processor.py:154} INFO - Started process (PID=3401) to work on /home/airflow/.local/lib/python3.7/site-packages/airflow/example_dags/example_nested_branch_dag.py
[2023-03-15T17:01:22.473+0000] {processor.py:756} INFO - Processing file /home/airflow/.local/lib/python3.7/site-packages/airflow/example_dags/example_nested_branch_dag.py for tasks to queue
[2023-03-15T17:01:22.474+0000] {logging_mixin.py:120} INFO - [2023-03-15T17:01:22.474+0000] {dagbag.py:537} INFO - Filling up the DagBag from /home/airflow/.local/lib/python3.7/site-packages/airflow/example_dags/example_nested_branch_dag.py
[2023-03-15T17:01:22.491+0000] {processor.py:766} INFO - DAG(s) dict_keys(['example_nested_branch_dag']) retrieved from /home/airflow/.local/lib/python3.7/site-packages/airflow/example_dags/example_nested_branch_dag.py
[2023-03-15T17:01:22.519+0000] {logging_mixin.py:120} INFO - [2023-03-15T17:01:22.519+0000] {dag.py:2585} INFO - Sync 1 DAGs
[2023-03-15T17:01:22.535+0000] {logging_mixin.py:120} INFO - [2023-03-15T17:01:22.535+0000] {dag.py:3340} INFO - Setting next_dagrun for example_nested_branch_dag to 2023-03-14T00:00:00+00:00, run_after=2023-03-15T00:00:00+00:00
[2023-03-15T17:01:22.546+0000] {processor.py:176} INFO - Processing /home/airflow/.local/lib/python3.7/site-packages/airflow/example_dags/example_nested_branch_dag.py took 0.078 seconds
[2023-03-15T17:01:52.884+0000] {processor.py:154} INFO - Started process (PID=3466) to work on /home/airflow/.local/lib/python3.7/site-packages/airflow/example_dags/example_nested_branch_dag.py
[2023-03-15T17:01:52.885+0000] {processor.py:756} INFO - Processing file /home/airflow/.local/lib/python3.7/site-packages/airflow/example_dags/example_nested_branch_dag.py for tasks to queue
[2023-03-15T17:01:52.886+0000] {logging_mixin.py:120} INFO - [2023-03-15T17:01:52.886+0000] {dagbag.py:537} INFO - Filling up the DagBag from /home/airflow/.local/lib/python3.7/site-packages/airflow/example_dags/example_nested_branch_dag.py
[2023-03-15T17:01:52.902+0000] {processor.py:766} INFO - DAG(s) dict_keys(['example_nested_branch_dag']) retrieved from /home/airflow/.local/lib/python3.7/site-packages/airflow/example_dags/example_nested_branch_dag.py
[2023-03-15T17:01:52.933+0000] {logging_mixin.py:120} INFO - [2023-03-15T17:01:52.933+0000] {dag.py:2585} INFO - Sync 1 DAGs
[2023-03-15T17:01:52.949+0000] {logging_mixin.py:120} INFO - [2023-03-15T17:01:52.949+0000] {dag.py:3340} INFO - Setting next_dagrun for example_nested_branch_dag to 2023-03-14T00:00:00+00:00, run_after=2023-03-15T00:00:00+00:00
[2023-03-15T17:01:52.961+0000] {processor.py:176} INFO - Processing /home/airflow/.local/lib/python3.7/site-packages/airflow/example_dags/example_nested_branch_dag.py took 0.079 seconds
[2023-03-15T17:02:23.286+0000] {processor.py:154} INFO - Started process (PID=3531) to work on /home/airflow/.local/lib/python3.7/site-packages/airflow/example_dags/example_nested_branch_dag.py
[2023-03-15T17:02:23.287+0000] {processor.py:756} INFO - Processing file /home/airflow/.local/lib/python3.7/site-packages/airflow/example_dags/example_nested_branch_dag.py for tasks to queue
[2023-03-15T17:02:23.288+0000] {logging_mixin.py:120} INFO - [2023-03-15T17:02:23.288+0000] {dagbag.py:537} INFO - Filling up the DagBag from /home/airflow/.local/lib/python3.7/site-packages/airflow/example_dags/example_nested_branch_dag.py
[2023-03-15T17:02:23.304+0000] {processor.py:766} INFO - DAG(s) dict_keys(['example_nested_branch_dag']) retrieved from /home/airflow/.local/lib/python3.7/site-packages/airflow/example_dags/example_nested_branch_dag.py
[2023-03-15T17:02:23.334+0000] {logging_mixin.py:120} INFO - [2023-03-15T17:02:23.334+0000] {dag.py:2585} INFO - Sync 1 DAGs
[2023-03-15T17:02:23.350+0000] {logging_mixin.py:120} INFO - [2023-03-15T17:02:23.350+0000] {dag.py:3340} INFO - Setting next_dagrun for example_nested_branch_dag to 2023-03-14T00:00:00+00:00, run_after=2023-03-15T00:00:00+00:00
[2023-03-15T17:02:23.362+0000] {processor.py:176} INFO - Processing /home/airflow/.local/lib/python3.7/site-packages/airflow/example_dags/example_nested_branch_dag.py took 0.079 seconds
[2023-03-15T17:02:53.684+0000] {processor.py:154} INFO - Started process (PID=3596) to work on /home/airflow/.local/lib/python3.7/site-packages/airflow/example_dags/example_nested_branch_dag.py
[2023-03-15T17:02:53.685+0000] {processor.py:756} INFO - Processing file /home/airflow/.local/lib/python3.7/site-packages/airflow/example_dags/example_nested_branch_dag.py for tasks to queue
[2023-03-15T17:02:53.687+0000] {logging_mixin.py:120} INFO - [2023-03-15T17:02:53.686+0000] {dagbag.py:537} INFO - Filling up the DagBag from /home/airflow/.local/lib/python3.7/site-packages/airflow/example_dags/example_nested_branch_dag.py
[2023-03-15T17:02:53.704+0000] {processor.py:766} INFO - DAG(s) dict_keys(['example_nested_branch_dag']) retrieved from /home/airflow/.local/lib/python3.7/site-packages/airflow/example_dags/example_nested_branch_dag.py
[2023-03-15T17:02:53.733+0000] {logging_mixin.py:120} INFO - [2023-03-15T17:02:53.733+0000] {dag.py:2585} INFO - Sync 1 DAGs
[2023-03-15T17:02:53.748+0000] {logging_mixin.py:120} INFO - [2023-03-15T17:02:53.748+0000] {dag.py:3340} INFO - Setting next_dagrun for example_nested_branch_dag to 2023-03-14T00:00:00+00:00, run_after=2023-03-15T00:00:00+00:00
[2023-03-15T17:02:53.760+0000] {processor.py:176} INFO - Processing /home/airflow/.local/lib/python3.7/site-packages/airflow/example_dags/example_nested_branch_dag.py took 0.078 seconds
[2023-03-15T17:03:24.276+0000] {processor.py:154} INFO - Started process (PID=3661) to work on /home/airflow/.local/lib/python3.7/site-packages/airflow/example_dags/example_nested_branch_dag.py
[2023-03-15T17:03:24.277+0000] {processor.py:756} INFO - Processing file /home/airflow/.local/lib/python3.7/site-packages/airflow/example_dags/example_nested_branch_dag.py for tasks to queue
[2023-03-15T17:03:24.278+0000] {logging_mixin.py:120} INFO - [2023-03-15T17:03:24.278+0000] {dagbag.py:537} INFO - Filling up the DagBag from /home/airflow/.local/lib/python3.7/site-packages/airflow/example_dags/example_nested_branch_dag.py
[2023-03-15T17:03:24.295+0000] {processor.py:766} INFO - DAG(s) dict_keys(['example_nested_branch_dag']) retrieved from /home/airflow/.local/lib/python3.7/site-packages/airflow/example_dags/example_nested_branch_dag.py
[2023-03-15T17:03:24.324+0000] {logging_mixin.py:120} INFO - [2023-03-15T17:03:24.324+0000] {dag.py:2585} INFO - Sync 1 DAGs
[2023-03-15T17:03:24.340+0000] {logging_mixin.py:120} INFO - [2023-03-15T17:03:24.340+0000] {dag.py:3340} INFO - Setting next_dagrun for example_nested_branch_dag to 2023-03-14T00:00:00+00:00, run_after=2023-03-15T00:00:00+00:00
[2023-03-15T17:03:24.352+0000] {processor.py:176} INFO - Processing /home/airflow/.local/lib/python3.7/site-packages/airflow/example_dags/example_nested_branch_dag.py took 0.079 seconds
[2023-03-15T17:03:54.773+0000] {processor.py:154} INFO - Started process (PID=3717) to work on /home/airflow/.local/lib/python3.7/site-packages/airflow/example_dags/example_nested_branch_dag.py
[2023-03-15T17:03:54.774+0000] {processor.py:756} INFO - Processing file /home/airflow/.local/lib/python3.7/site-packages/airflow/example_dags/example_nested_branch_dag.py for tasks to queue
[2023-03-15T17:03:54.775+0000] {logging_mixin.py:120} INFO - [2023-03-15T17:03:54.775+0000] {dagbag.py:537} INFO - Filling up the DagBag from /home/airflow/.local/lib/python3.7/site-packages/airflow/example_dags/example_nested_branch_dag.py
[2023-03-15T17:03:54.791+0000] {processor.py:766} INFO - DAG(s) dict_keys(['example_nested_branch_dag']) retrieved from /home/airflow/.local/lib/python3.7/site-packages/airflow/example_dags/example_nested_branch_dag.py
[2023-03-15T17:03:54.820+0000] {logging_mixin.py:120} INFO - [2023-03-15T17:03:54.820+0000] {dag.py:2585} INFO - Sync 1 DAGs
[2023-03-15T17:03:54.836+0000] {logging_mixin.py:120} INFO - [2023-03-15T17:03:54.835+0000] {dag.py:3340} INFO - Setting next_dagrun for example_nested_branch_dag to 2023-03-14T00:00:00+00:00, run_after=2023-03-15T00:00:00+00:00
[2023-03-15T17:03:54.847+0000] {processor.py:176} INFO - Processing /home/airflow/.local/lib/python3.7/site-packages/airflow/example_dags/example_nested_branch_dag.py took 0.078 seconds
[2023-03-15T17:04:25.255+0000] {processor.py:154} INFO - Started process (PID=3781) to work on /home/airflow/.local/lib/python3.7/site-packages/airflow/example_dags/example_nested_branch_dag.py
[2023-03-15T17:04:25.256+0000] {processor.py:756} INFO - Processing file /home/airflow/.local/lib/python3.7/site-packages/airflow/example_dags/example_nested_branch_dag.py for tasks to queue
[2023-03-15T17:04:25.257+0000] {logging_mixin.py:120} INFO - [2023-03-15T17:04:25.257+0000] {dagbag.py:537} INFO - Filling up the DagBag from /home/airflow/.local/lib/python3.7/site-packages/airflow/example_dags/example_nested_branch_dag.py
[2023-03-15T17:04:25.274+0000] {processor.py:766} INFO - DAG(s) dict_keys(['example_nested_branch_dag']) retrieved from /home/airflow/.local/lib/python3.7/site-packages/airflow/example_dags/example_nested_branch_dag.py
[2023-03-15T17:04:25.303+0000] {logging_mixin.py:120} INFO - [2023-03-15T17:04:25.303+0000] {dag.py:2585} INFO - Sync 1 DAGs
[2023-03-15T17:04:25.318+0000] {logging_mixin.py:120} INFO - [2023-03-15T17:04:25.318+0000] {dag.py:3340} INFO - Setting next_dagrun for example_nested_branch_dag to 2023-03-14T00:00:00+00:00, run_after=2023-03-15T00:00:00+00:00
[2023-03-15T17:04:25.330+0000] {processor.py:176} INFO - Processing /home/airflow/.local/lib/python3.7/site-packages/airflow/example_dags/example_nested_branch_dag.py took 0.078 seconds
