[2023-03-15T16:01:37.203+0000] {processor.py:154} INFO - Started process (PID=37) to work on /home/airflow/.local/lib/python3.7/site-packages/airflow/example_dags/example_task_group.py
[2023-03-15T16:01:37.204+0000] {processor.py:756} INFO - Processing file /home/airflow/.local/lib/python3.7/site-packages/airflow/example_dags/example_task_group.py for tasks to queue
[2023-03-15T16:01:37.205+0000] {logging_mixin.py:120} INFO - [2023-03-15T16:01:37.205+0000] {dagbag.py:537} INFO - Filling up the DagBag from /home/airflow/.local/lib/python3.7/site-packages/airflow/example_dags/example_task_group.py
[2023-03-15T16:01:37.220+0000] {processor.py:766} INFO - DAG(s) dict_keys(['example_task_group']) retrieved from /home/airflow/.local/lib/python3.7/site-packages/airflow/example_dags/example_task_group.py
[2023-03-15T16:01:37.305+0000] {logging_mixin.py:120} INFO - [2023-03-15T16:01:37.305+0000] {manager.py:507} INFO - Created Permission View: can read on DAG:example_task_group
[2023-03-15T16:01:37.311+0000] {logging_mixin.py:120} INFO - [2023-03-15T16:01:37.311+0000] {manager.py:507} INFO - Created Permission View: can delete on DAG:example_task_group
[2023-03-15T16:01:37.315+0000] {logging_mixin.py:120} INFO - [2023-03-15T16:01:37.315+0000] {manager.py:507} INFO - Created Permission View: can edit on DAG:example_task_group
[2023-03-15T16:01:37.316+0000] {logging_mixin.py:120} INFO - [2023-03-15T16:01:37.316+0000] {dag.py:2585} INFO - Sync 1 DAGs
[2023-03-15T16:01:37.324+0000] {logging_mixin.py:120} INFO - [2023-03-15T16:01:37.324+0000] {dag.py:2606} INFO - Creating ORM DAG for example_task_group
[2023-03-15T16:01:37.332+0000] {logging_mixin.py:120} INFO - [2023-03-15T16:01:37.332+0000] {dag.py:3340} INFO - Setting next_dagrun for example_task_group to 2023-03-14T16:01:37.332197+00:00, run_after=2023-03-15T16:01:37.332197+00:00
[2023-03-15T16:01:37.352+0000] {processor.py:176} INFO - Processing /home/airflow/.local/lib/python3.7/site-packages/airflow/example_dags/example_task_group.py took 0.153 seconds
[2023-03-15T16:02:08.054+0000] {processor.py:154} INFO - Started process (PID=99) to work on /home/airflow/.local/lib/python3.7/site-packages/airflow/example_dags/example_task_group.py
[2023-03-15T16:02:08.055+0000] {processor.py:756} INFO - Processing file /home/airflow/.local/lib/python3.7/site-packages/airflow/example_dags/example_task_group.py for tasks to queue
[2023-03-15T16:02:08.056+0000] {logging_mixin.py:120} INFO - [2023-03-15T16:02:08.056+0000] {dagbag.py:537} INFO - Filling up the DagBag from /home/airflow/.local/lib/python3.7/site-packages/airflow/example_dags/example_task_group.py
[2023-03-15T16:02:08.069+0000] {processor.py:766} INFO - DAG(s) dict_keys(['example_task_group']) retrieved from /home/airflow/.local/lib/python3.7/site-packages/airflow/example_dags/example_task_group.py
[2023-03-15T16:02:08.100+0000] {logging_mixin.py:120} INFO - [2023-03-15T16:02:08.100+0000] {dag.py:2585} INFO - Sync 1 DAGs
[2023-03-15T16:02:08.115+0000] {logging_mixin.py:120} INFO - [2023-03-15T16:02:08.115+0000] {dag.py:3340} INFO - Setting next_dagrun for example_task_group to 2023-03-14T16:02:08.115159+00:00, run_after=2023-03-15T16:02:08.115159+00:00
[2023-03-15T16:02:08.130+0000] {processor.py:176} INFO - Processing /home/airflow/.local/lib/python3.7/site-packages/airflow/example_dags/example_task_group.py took 0.079 seconds
[2023-03-15T16:02:39.251+0000] {processor.py:154} INFO - Started process (PID=161) to work on /home/airflow/.local/lib/python3.7/site-packages/airflow/example_dags/example_task_group.py
[2023-03-15T16:02:39.266+0000] {processor.py:756} INFO - Processing file /home/airflow/.local/lib/python3.7/site-packages/airflow/example_dags/example_task_group.py for tasks to queue
[2023-03-15T16:02:39.280+0000] {logging_mixin.py:120} INFO - [2023-03-15T16:02:39.280+0000] {dagbag.py:537} INFO - Filling up the DagBag from /home/airflow/.local/lib/python3.7/site-packages/airflow/example_dags/example_task_group.py
[2023-03-15T16:02:39.307+0000] {processor.py:766} INFO - DAG(s) dict_keys(['example_task_group']) retrieved from /home/airflow/.local/lib/python3.7/site-packages/airflow/example_dags/example_task_group.py
[2023-03-15T16:02:39.409+0000] {logging_mixin.py:120} INFO - [2023-03-15T16:02:39.409+0000] {dag.py:2585} INFO - Sync 1 DAGs
[2023-03-15T16:02:39.469+0000] {logging_mixin.py:120} INFO - [2023-03-15T16:02:39.469+0000] {dag.py:3340} INFO - Setting next_dagrun for example_task_group to 2023-03-14T16:02:39.469347+00:00, run_after=2023-03-15T16:02:39.469347+00:00
[2023-03-15T16:02:39.494+0000] {processor.py:176} INFO - Processing /home/airflow/.local/lib/python3.7/site-packages/airflow/example_dags/example_task_group.py took 0.247 seconds
[2023-03-15T16:03:09.897+0000] {processor.py:154} INFO - Started process (PID=225) to work on /home/airflow/.local/lib/python3.7/site-packages/airflow/example_dags/example_task_group.py
[2023-03-15T16:03:09.898+0000] {processor.py:756} INFO - Processing file /home/airflow/.local/lib/python3.7/site-packages/airflow/example_dags/example_task_group.py for tasks to queue
[2023-03-15T16:03:09.899+0000] {logging_mixin.py:120} INFO - [2023-03-15T16:03:09.899+0000] {dagbag.py:537} INFO - Filling up the DagBag from /home/airflow/.local/lib/python3.7/site-packages/airflow/example_dags/example_task_group.py
[2023-03-15T16:03:09.912+0000] {processor.py:766} INFO - DAG(s) dict_keys(['example_task_group']) retrieved from /home/airflow/.local/lib/python3.7/site-packages/airflow/example_dags/example_task_group.py
[2023-03-15T16:03:09.945+0000] {logging_mixin.py:120} INFO - [2023-03-15T16:03:09.945+0000] {dag.py:2585} INFO - Sync 1 DAGs
[2023-03-15T16:03:09.964+0000] {logging_mixin.py:120} INFO - [2023-03-15T16:03:09.964+0000] {dag.py:3340} INFO - Setting next_dagrun for example_task_group to 2023-03-14T16:03:09.963831+00:00, run_after=2023-03-15T16:03:09.963831+00:00
[2023-03-15T16:03:09.988+0000] {processor.py:176} INFO - Processing /home/airflow/.local/lib/python3.7/site-packages/airflow/example_dags/example_task_group.py took 0.094 seconds
[2023-03-15T16:03:40.317+0000] {processor.py:154} INFO - Started process (PID=280) to work on /home/airflow/.local/lib/python3.7/site-packages/airflow/example_dags/example_task_group.py
[2023-03-15T16:03:40.319+0000] {processor.py:756} INFO - Processing file /home/airflow/.local/lib/python3.7/site-packages/airflow/example_dags/example_task_group.py for tasks to queue
[2023-03-15T16:03:40.320+0000] {logging_mixin.py:120} INFO - [2023-03-15T16:03:40.320+0000] {dagbag.py:537} INFO - Filling up the DagBag from /home/airflow/.local/lib/python3.7/site-packages/airflow/example_dags/example_task_group.py
[2023-03-15T16:03:40.331+0000] {processor.py:766} INFO - DAG(s) dict_keys(['example_task_group']) retrieved from /home/airflow/.local/lib/python3.7/site-packages/airflow/example_dags/example_task_group.py
[2023-03-15T16:03:40.362+0000] {logging_mixin.py:120} INFO - [2023-03-15T16:03:40.362+0000] {dag.py:2585} INFO - Sync 1 DAGs
[2023-03-15T16:03:40.387+0000] {logging_mixin.py:120} INFO - [2023-03-15T16:03:40.387+0000] {dag.py:3340} INFO - Setting next_dagrun for example_task_group to 2023-03-14T16:03:40.387611+00:00, run_after=2023-03-15T16:03:40.387611+00:00
[2023-03-15T16:03:40.400+0000] {processor.py:176} INFO - Processing /home/airflow/.local/lib/python3.7/site-packages/airflow/example_dags/example_task_group.py took 0.085 seconds
[2023-03-15T16:04:10.662+0000] {processor.py:154} INFO - Started process (PID=343) to work on /home/airflow/.local/lib/python3.7/site-packages/airflow/example_dags/example_task_group.py
[2023-03-15T16:04:10.664+0000] {processor.py:756} INFO - Processing file /home/airflow/.local/lib/python3.7/site-packages/airflow/example_dags/example_task_group.py for tasks to queue
[2023-03-15T16:04:10.664+0000] {logging_mixin.py:120} INFO - [2023-03-15T16:04:10.664+0000] {dagbag.py:537} INFO - Filling up the DagBag from /home/airflow/.local/lib/python3.7/site-packages/airflow/example_dags/example_task_group.py
[2023-03-15T16:04:10.677+0000] {processor.py:766} INFO - DAG(s) dict_keys(['example_task_group']) retrieved from /home/airflow/.local/lib/python3.7/site-packages/airflow/example_dags/example_task_group.py
[2023-03-15T16:04:10.708+0000] {logging_mixin.py:120} INFO - [2023-03-15T16:04:10.708+0000] {dag.py:2585} INFO - Sync 1 DAGs
[2023-03-15T16:04:10.725+0000] {logging_mixin.py:120} INFO - [2023-03-15T16:04:10.724+0000] {dag.py:3340} INFO - Setting next_dagrun for example_task_group to 2023-03-14T16:04:10.724759+00:00, run_after=2023-03-15T16:04:10.724759+00:00
[2023-03-15T16:04:10.738+0000] {processor.py:176} INFO - Processing /home/airflow/.local/lib/python3.7/site-packages/airflow/example_dags/example_task_group.py took 0.078 seconds
[2023-03-15T16:04:40.897+0000] {processor.py:154} INFO - Started process (PID=408) to work on /home/airflow/.local/lib/python3.7/site-packages/airflow/example_dags/example_task_group.py
[2023-03-15T16:04:40.899+0000] {processor.py:756} INFO - Processing file /home/airflow/.local/lib/python3.7/site-packages/airflow/example_dags/example_task_group.py for tasks to queue
[2023-03-15T16:04:40.900+0000] {logging_mixin.py:120} INFO - [2023-03-15T16:04:40.900+0000] {dagbag.py:537} INFO - Filling up the DagBag from /home/airflow/.local/lib/python3.7/site-packages/airflow/example_dags/example_task_group.py
[2023-03-15T16:04:40.912+0000] {processor.py:766} INFO - DAG(s) dict_keys(['example_task_group']) retrieved from /home/airflow/.local/lib/python3.7/site-packages/airflow/example_dags/example_task_group.py
[2023-03-15T16:04:40.943+0000] {logging_mixin.py:120} INFO - [2023-03-15T16:04:40.943+0000] {dag.py:2585} INFO - Sync 1 DAGs
[2023-03-15T16:04:40.960+0000] {logging_mixin.py:120} INFO - [2023-03-15T16:04:40.960+0000] {dag.py:3340} INFO - Setting next_dagrun for example_task_group to 2023-03-14T16:04:40.959822+00:00, run_after=2023-03-15T16:04:40.959822+00:00
[2023-03-15T16:04:40.972+0000] {processor.py:176} INFO - Processing /home/airflow/.local/lib/python3.7/site-packages/airflow/example_dags/example_task_group.py took 0.077 seconds
[2023-03-15T16:05:11.023+0000] {processor.py:154} INFO - Started process (PID=472) to work on /home/airflow/.local/lib/python3.7/site-packages/airflow/example_dags/example_task_group.py
[2023-03-15T16:05:11.025+0000] {processor.py:756} INFO - Processing file /home/airflow/.local/lib/python3.7/site-packages/airflow/example_dags/example_task_group.py for tasks to queue
[2023-03-15T16:05:11.026+0000] {logging_mixin.py:120} INFO - [2023-03-15T16:05:11.025+0000] {dagbag.py:537} INFO - Filling up the DagBag from /home/airflow/.local/lib/python3.7/site-packages/airflow/example_dags/example_task_group.py
[2023-03-15T16:05:11.038+0000] {processor.py:766} INFO - DAG(s) dict_keys(['example_task_group']) retrieved from /home/airflow/.local/lib/python3.7/site-packages/airflow/example_dags/example_task_group.py
[2023-03-15T16:05:11.077+0000] {logging_mixin.py:120} INFO - [2023-03-15T16:05:11.077+0000] {dag.py:2585} INFO - Sync 1 DAGs
[2023-03-15T16:05:11.108+0000] {logging_mixin.py:120} INFO - [2023-03-15T16:05:11.107+0000] {dag.py:3340} INFO - Setting next_dagrun for example_task_group to 2023-03-14T16:05:11.107548+00:00, run_after=2023-03-15T16:05:11.107548+00:00
[2023-03-15T16:05:11.127+0000] {processor.py:176} INFO - Processing /home/airflow/.local/lib/python3.7/site-packages/airflow/example_dags/example_task_group.py took 0.107 seconds
[2023-03-15T16:05:41.806+0000] {processor.py:154} INFO - Started process (PID=526) to work on /home/airflow/.local/lib/python3.7/site-packages/airflow/example_dags/example_task_group.py
[2023-03-15T16:05:41.808+0000] {processor.py:756} INFO - Processing file /home/airflow/.local/lib/python3.7/site-packages/airflow/example_dags/example_task_group.py for tasks to queue
[2023-03-15T16:05:41.809+0000] {logging_mixin.py:120} INFO - [2023-03-15T16:05:41.809+0000] {dagbag.py:537} INFO - Filling up the DagBag from /home/airflow/.local/lib/python3.7/site-packages/airflow/example_dags/example_task_group.py
[2023-03-15T16:05:41.826+0000] {processor.py:766} INFO - DAG(s) dict_keys(['example_task_group']) retrieved from /home/airflow/.local/lib/python3.7/site-packages/airflow/example_dags/example_task_group.py
[2023-03-15T16:05:41.850+0000] {logging_mixin.py:120} INFO - [2023-03-15T16:05:41.850+0000] {dag.py:2585} INFO - Sync 1 DAGs
[2023-03-15T16:05:41.868+0000] {logging_mixin.py:120} INFO - [2023-03-15T16:05:41.868+0000] {dag.py:3340} INFO - Setting next_dagrun for example_task_group to 2023-03-14T16:05:41.867933+00:00, run_after=2023-03-15T16:05:41.867933+00:00
[2023-03-15T16:05:41.882+0000] {processor.py:176} INFO - Processing /home/airflow/.local/lib/python3.7/site-packages/airflow/example_dags/example_task_group.py took 0.079 seconds
[2023-03-15T16:06:12.129+0000] {processor.py:154} INFO - Started process (PID=588) to work on /home/airflow/.local/lib/python3.7/site-packages/airflow/example_dags/example_task_group.py
[2023-03-15T16:06:12.131+0000] {processor.py:756} INFO - Processing file /home/airflow/.local/lib/python3.7/site-packages/airflow/example_dags/example_task_group.py for tasks to queue
[2023-03-15T16:06:12.131+0000] {logging_mixin.py:120} INFO - [2023-03-15T16:06:12.131+0000] {dagbag.py:537} INFO - Filling up the DagBag from /home/airflow/.local/lib/python3.7/site-packages/airflow/example_dags/example_task_group.py
[2023-03-15T16:06:12.142+0000] {processor.py:766} INFO - DAG(s) dict_keys(['example_task_group']) retrieved from /home/airflow/.local/lib/python3.7/site-packages/airflow/example_dags/example_task_group.py
[2023-03-15T16:06:12.175+0000] {logging_mixin.py:120} INFO - [2023-03-15T16:06:12.175+0000] {dag.py:2585} INFO - Sync 1 DAGs
[2023-03-15T16:06:12.196+0000] {logging_mixin.py:120} INFO - [2023-03-15T16:06:12.195+0000] {dag.py:3340} INFO - Setting next_dagrun for example_task_group to 2023-03-14T16:06:12.195741+00:00, run_after=2023-03-15T16:06:12.195741+00:00
[2023-03-15T16:06:12.231+0000] {processor.py:176} INFO - Processing /home/airflow/.local/lib/python3.7/site-packages/airflow/example_dags/example_task_group.py took 0.104 seconds
[2023-03-15T16:06:42.349+0000] {processor.py:154} INFO - Started process (PID=653) to work on /home/airflow/.local/lib/python3.7/site-packages/airflow/example_dags/example_task_group.py
[2023-03-15T16:06:42.350+0000] {processor.py:756} INFO - Processing file /home/airflow/.local/lib/python3.7/site-packages/airflow/example_dags/example_task_group.py for tasks to queue
[2023-03-15T16:06:42.351+0000] {logging_mixin.py:120} INFO - [2023-03-15T16:06:42.351+0000] {dagbag.py:537} INFO - Filling up the DagBag from /home/airflow/.local/lib/python3.7/site-packages/airflow/example_dags/example_task_group.py
[2023-03-15T16:06:42.363+0000] {processor.py:766} INFO - DAG(s) dict_keys(['example_task_group']) retrieved from /home/airflow/.local/lib/python3.7/site-packages/airflow/example_dags/example_task_group.py
[2023-03-15T16:06:42.392+0000] {logging_mixin.py:120} INFO - [2023-03-15T16:06:42.392+0000] {dag.py:2585} INFO - Sync 1 DAGs
[2023-03-15T16:06:42.409+0000] {logging_mixin.py:120} INFO - [2023-03-15T16:06:42.409+0000] {dag.py:3340} INFO - Setting next_dagrun for example_task_group to 2023-03-14T16:06:42.408899+00:00, run_after=2023-03-15T16:06:42.408899+00:00
[2023-03-15T16:06:42.421+0000] {processor.py:176} INFO - Processing /home/airflow/.local/lib/python3.7/site-packages/airflow/example_dags/example_task_group.py took 0.075 seconds
[2023-03-15T16:07:12.835+0000] {processor.py:154} INFO - Started process (PID=719) to work on /home/airflow/.local/lib/python3.7/site-packages/airflow/example_dags/example_task_group.py
[2023-03-15T16:07:12.836+0000] {processor.py:756} INFO - Processing file /home/airflow/.local/lib/python3.7/site-packages/airflow/example_dags/example_task_group.py for tasks to queue
[2023-03-15T16:07:12.837+0000] {logging_mixin.py:120} INFO - [2023-03-15T16:07:12.837+0000] {dagbag.py:537} INFO - Filling up the DagBag from /home/airflow/.local/lib/python3.7/site-packages/airflow/example_dags/example_task_group.py
[2023-03-15T16:07:12.849+0000] {processor.py:766} INFO - DAG(s) dict_keys(['example_task_group']) retrieved from /home/airflow/.local/lib/python3.7/site-packages/airflow/example_dags/example_task_group.py
[2023-03-15T16:07:12.878+0000] {logging_mixin.py:120} INFO - [2023-03-15T16:07:12.878+0000] {dag.py:2585} INFO - Sync 1 DAGs
[2023-03-15T16:07:12.892+0000] {logging_mixin.py:120} INFO - [2023-03-15T16:07:12.892+0000] {dag.py:3340} INFO - Setting next_dagrun for example_task_group to 2023-03-14T16:07:12.892694+00:00, run_after=2023-03-15T16:07:12.892694+00:00
[2023-03-15T16:07:12.904+0000] {processor.py:176} INFO - Processing /home/airflow/.local/lib/python3.7/site-packages/airflow/example_dags/example_task_group.py took 0.073 seconds
[2023-03-15T16:07:43.123+0000] {processor.py:154} INFO - Started process (PID=784) to work on /home/airflow/.local/lib/python3.7/site-packages/airflow/example_dags/example_task_group.py
[2023-03-15T16:07:43.124+0000] {processor.py:756} INFO - Processing file /home/airflow/.local/lib/python3.7/site-packages/airflow/example_dags/example_task_group.py for tasks to queue
[2023-03-15T16:07:43.125+0000] {logging_mixin.py:120} INFO - [2023-03-15T16:07:43.125+0000] {dagbag.py:537} INFO - Filling up the DagBag from /home/airflow/.local/lib/python3.7/site-packages/airflow/example_dags/example_task_group.py
[2023-03-15T16:07:43.140+0000] {processor.py:766} INFO - DAG(s) dict_keys(['example_task_group']) retrieved from /home/airflow/.local/lib/python3.7/site-packages/airflow/example_dags/example_task_group.py
[2023-03-15T16:07:43.172+0000] {logging_mixin.py:120} INFO - [2023-03-15T16:07:43.172+0000] {dag.py:2585} INFO - Sync 1 DAGs
[2023-03-15T16:07:43.190+0000] {logging_mixin.py:120} INFO - [2023-03-15T16:07:43.190+0000] {dag.py:3340} INFO - Setting next_dagrun for example_task_group to 2023-03-14T16:07:43.189874+00:00, run_after=2023-03-15T16:07:43.189874+00:00
[2023-03-15T16:07:43.204+0000] {processor.py:176} INFO - Processing /home/airflow/.local/lib/python3.7/site-packages/airflow/example_dags/example_task_group.py took 0.085 seconds
[2023-03-15T16:08:13.774+0000] {processor.py:154} INFO - Started process (PID=848) to work on /home/airflow/.local/lib/python3.7/site-packages/airflow/example_dags/example_task_group.py
[2023-03-15T16:08:13.776+0000] {processor.py:756} INFO - Processing file /home/airflow/.local/lib/python3.7/site-packages/airflow/example_dags/example_task_group.py for tasks to queue
[2023-03-15T16:08:13.777+0000] {logging_mixin.py:120} INFO - [2023-03-15T16:08:13.777+0000] {dagbag.py:537} INFO - Filling up the DagBag from /home/airflow/.local/lib/python3.7/site-packages/airflow/example_dags/example_task_group.py
[2023-03-15T16:08:13.794+0000] {processor.py:766} INFO - DAG(s) dict_keys(['example_task_group']) retrieved from /home/airflow/.local/lib/python3.7/site-packages/airflow/example_dags/example_task_group.py
[2023-03-15T16:08:13.835+0000] {logging_mixin.py:120} INFO - [2023-03-15T16:08:13.835+0000] {dag.py:2585} INFO - Sync 1 DAGs
[2023-03-15T16:08:13.857+0000] {logging_mixin.py:120} INFO - [2023-03-15T16:08:13.857+0000] {dag.py:3340} INFO - Setting next_dagrun for example_task_group to 2023-03-14T16:08:13.856863+00:00, run_after=2023-03-15T16:08:13.856863+00:00
[2023-03-15T16:08:13.876+0000] {processor.py:176} INFO - Processing /home/airflow/.local/lib/python3.7/site-packages/airflow/example_dags/example_task_group.py took 0.105 seconds
[2023-03-15T16:08:44.241+0000] {processor.py:154} INFO - Started process (PID=972) to work on /home/airflow/.local/lib/python3.7/site-packages/airflow/example_dags/example_task_group.py
[2023-03-15T16:08:44.244+0000] {processor.py:756} INFO - Processing file /home/airflow/.local/lib/python3.7/site-packages/airflow/example_dags/example_task_group.py for tasks to queue
[2023-03-15T16:08:44.245+0000] {logging_mixin.py:120} INFO - [2023-03-15T16:08:44.245+0000] {dagbag.py:537} INFO - Filling up the DagBag from /home/airflow/.local/lib/python3.7/site-packages/airflow/example_dags/example_task_group.py
[2023-03-15T16:08:44.277+0000] {processor.py:766} INFO - DAG(s) dict_keys(['example_task_group']) retrieved from /home/airflow/.local/lib/python3.7/site-packages/airflow/example_dags/example_task_group.py
[2023-03-15T16:08:44.352+0000] {logging_mixin.py:120} INFO - [2023-03-15T16:08:44.352+0000] {dag.py:2585} INFO - Sync 1 DAGs
[2023-03-15T16:08:44.403+0000] {logging_mixin.py:120} INFO - [2023-03-15T16:08:44.403+0000] {dag.py:3340} INFO - Setting next_dagrun for example_task_group to 2023-03-14T16:08:44.402951+00:00, run_after=2023-03-15T16:08:44.402951+00:00
[2023-03-15T16:08:44.425+0000] {processor.py:176} INFO - Processing /home/airflow/.local/lib/python3.7/site-packages/airflow/example_dags/example_task_group.py took 0.192 seconds
[2023-03-15T16:09:15.188+0000] {processor.py:154} INFO - Started process (PID=1164) to work on /home/airflow/.local/lib/python3.7/site-packages/airflow/example_dags/example_task_group.py
[2023-03-15T16:09:15.191+0000] {processor.py:756} INFO - Processing file /home/airflow/.local/lib/python3.7/site-packages/airflow/example_dags/example_task_group.py for tasks to queue
[2023-03-15T16:09:15.192+0000] {logging_mixin.py:120} INFO - [2023-03-15T16:09:15.192+0000] {dagbag.py:537} INFO - Filling up the DagBag from /home/airflow/.local/lib/python3.7/site-packages/airflow/example_dags/example_task_group.py
[2023-03-15T16:09:15.220+0000] {processor.py:766} INFO - DAG(s) dict_keys(['example_task_group']) retrieved from /home/airflow/.local/lib/python3.7/site-packages/airflow/example_dags/example_task_group.py
[2023-03-15T16:09:15.296+0000] {logging_mixin.py:120} INFO - [2023-03-15T16:09:15.296+0000] {dag.py:2585} INFO - Sync 1 DAGs
[2023-03-15T16:09:15.322+0000] {logging_mixin.py:120} INFO - [2023-03-15T16:09:15.322+0000] {dag.py:3340} INFO - Setting next_dagrun for example_task_group to 2023-03-14T16:09:15.322080+00:00, run_after=2023-03-15T16:09:15.322080+00:00
[2023-03-15T16:09:15.351+0000] {processor.py:176} INFO - Processing /home/airflow/.local/lib/python3.7/site-packages/airflow/example_dags/example_task_group.py took 0.166 seconds
[2023-03-15T16:09:45.522+0000] {processor.py:154} INFO - Started process (PID=1372) to work on /home/airflow/.local/lib/python3.7/site-packages/airflow/example_dags/example_task_group.py
[2023-03-15T16:09:45.524+0000] {processor.py:756} INFO - Processing file /home/airflow/.local/lib/python3.7/site-packages/airflow/example_dags/example_task_group.py for tasks to queue
[2023-03-15T16:09:45.529+0000] {logging_mixin.py:120} INFO - [2023-03-15T16:09:45.529+0000] {dagbag.py:537} INFO - Filling up the DagBag from /home/airflow/.local/lib/python3.7/site-packages/airflow/example_dags/example_task_group.py
[2023-03-15T16:09:45.549+0000] {processor.py:766} INFO - DAG(s) dict_keys(['example_task_group']) retrieved from /home/airflow/.local/lib/python3.7/site-packages/airflow/example_dags/example_task_group.py
[2023-03-15T16:09:45.607+0000] {logging_mixin.py:120} INFO - [2023-03-15T16:09:45.607+0000] {dag.py:2585} INFO - Sync 1 DAGs
[2023-03-15T16:09:45.640+0000] {logging_mixin.py:120} INFO - [2023-03-15T16:09:45.640+0000] {dag.py:3340} INFO - Setting next_dagrun for example_task_group to 2023-03-14T16:09:45.640481+00:00, run_after=2023-03-15T16:09:45.640481+00:00
[2023-03-15T16:09:45.663+0000] {processor.py:176} INFO - Processing /home/airflow/.local/lib/python3.7/site-packages/airflow/example_dags/example_task_group.py took 0.144 seconds
[2023-03-15T16:10:16.123+0000] {processor.py:154} INFO - Started process (PID=1596) to work on /home/airflow/.local/lib/python3.7/site-packages/airflow/example_dags/example_task_group.py
[2023-03-15T16:10:16.127+0000] {processor.py:756} INFO - Processing file /home/airflow/.local/lib/python3.7/site-packages/airflow/example_dags/example_task_group.py for tasks to queue
[2023-03-15T16:10:16.128+0000] {logging_mixin.py:120} INFO - [2023-03-15T16:10:16.128+0000] {dagbag.py:537} INFO - Filling up the DagBag from /home/airflow/.local/lib/python3.7/site-packages/airflow/example_dags/example_task_group.py
[2023-03-15T16:10:16.160+0000] {processor.py:766} INFO - DAG(s) dict_keys(['example_task_group']) retrieved from /home/airflow/.local/lib/python3.7/site-packages/airflow/example_dags/example_task_group.py
[2023-03-15T16:10:16.231+0000] {logging_mixin.py:120} INFO - [2023-03-15T16:10:16.231+0000] {dag.py:2585} INFO - Sync 1 DAGs
[2023-03-15T16:10:16.264+0000] {logging_mixin.py:120} INFO - [2023-03-15T16:10:16.264+0000] {dag.py:3340} INFO - Setting next_dagrun for example_task_group to 2023-03-14T16:10:16.264331+00:00, run_after=2023-03-15T16:10:16.264331+00:00
[2023-03-15T16:10:16.283+0000] {processor.py:176} INFO - Processing /home/airflow/.local/lib/python3.7/site-packages/airflow/example_dags/example_task_group.py took 0.162 seconds
[2023-03-15T16:10:46.381+0000] {processor.py:154} INFO - Started process (PID=1819) to work on /home/airflow/.local/lib/python3.7/site-packages/airflow/example_dags/example_task_group.py
[2023-03-15T16:10:46.382+0000] {processor.py:756} INFO - Processing file /home/airflow/.local/lib/python3.7/site-packages/airflow/example_dags/example_task_group.py for tasks to queue
[2023-03-15T16:10:46.385+0000] {logging_mixin.py:120} INFO - [2023-03-15T16:10:46.385+0000] {dagbag.py:537} INFO - Filling up the DagBag from /home/airflow/.local/lib/python3.7/site-packages/airflow/example_dags/example_task_group.py
[2023-03-15T16:10:46.400+0000] {processor.py:766} INFO - DAG(s) dict_keys(['example_task_group']) retrieved from /home/airflow/.local/lib/python3.7/site-packages/airflow/example_dags/example_task_group.py
[2023-03-15T16:10:46.453+0000] {logging_mixin.py:120} INFO - [2023-03-15T16:10:46.452+0000] {dag.py:2585} INFO - Sync 1 DAGs
[2023-03-15T16:10:46.484+0000] {logging_mixin.py:120} INFO - [2023-03-15T16:10:46.484+0000] {dag.py:3340} INFO - Setting next_dagrun for example_task_group to 2023-03-14T16:10:46.484415+00:00, run_after=2023-03-15T16:10:46.484415+00:00
[2023-03-15T16:10:46.502+0000] {processor.py:176} INFO - Processing /home/airflow/.local/lib/python3.7/site-packages/airflow/example_dags/example_task_group.py took 0.127 seconds
[2023-03-15T16:11:16.887+0000] {processor.py:154} INFO - Started process (PID=2028) to work on /home/airflow/.local/lib/python3.7/site-packages/airflow/example_dags/example_task_group.py
[2023-03-15T16:11:16.889+0000] {processor.py:756} INFO - Processing file /home/airflow/.local/lib/python3.7/site-packages/airflow/example_dags/example_task_group.py for tasks to queue
[2023-03-15T16:11:16.893+0000] {logging_mixin.py:120} INFO - [2023-03-15T16:11:16.893+0000] {dagbag.py:537} INFO - Filling up the DagBag from /home/airflow/.local/lib/python3.7/site-packages/airflow/example_dags/example_task_group.py
[2023-03-15T16:11:16.907+0000] {processor.py:766} INFO - DAG(s) dict_keys(['example_task_group']) retrieved from /home/airflow/.local/lib/python3.7/site-packages/airflow/example_dags/example_task_group.py
[2023-03-15T16:11:16.943+0000] {logging_mixin.py:120} INFO - [2023-03-15T16:11:16.942+0000] {dag.py:2585} INFO - Sync 1 DAGs
[2023-03-15T16:11:16.963+0000] {logging_mixin.py:120} INFO - [2023-03-15T16:11:16.963+0000] {dag.py:3340} INFO - Setting next_dagrun for example_task_group to 2023-03-14T16:11:16.962917+00:00, run_after=2023-03-15T16:11:16.962917+00:00
[2023-03-15T16:11:16.976+0000] {processor.py:176} INFO - Processing /home/airflow/.local/lib/python3.7/site-packages/airflow/example_dags/example_task_group.py took 0.094 seconds
[2023-03-15T16:11:47.324+0000] {processor.py:154} INFO - Started process (PID=2232) to work on /home/airflow/.local/lib/python3.7/site-packages/airflow/example_dags/example_task_group.py
[2023-03-15T16:11:47.325+0000] {processor.py:756} INFO - Processing file /home/airflow/.local/lib/python3.7/site-packages/airflow/example_dags/example_task_group.py for tasks to queue
[2023-03-15T16:11:47.326+0000] {logging_mixin.py:120} INFO - [2023-03-15T16:11:47.326+0000] {dagbag.py:537} INFO - Filling up the DagBag from /home/airflow/.local/lib/python3.7/site-packages/airflow/example_dags/example_task_group.py
[2023-03-15T16:11:47.339+0000] {processor.py:766} INFO - DAG(s) dict_keys(['example_task_group']) retrieved from /home/airflow/.local/lib/python3.7/site-packages/airflow/example_dags/example_task_group.py
[2023-03-15T16:11:47.371+0000] {logging_mixin.py:120} INFO - [2023-03-15T16:11:47.370+0000] {dag.py:2585} INFO - Sync 1 DAGs
[2023-03-15T16:11:47.389+0000] {logging_mixin.py:120} INFO - [2023-03-15T16:11:47.389+0000] {dag.py:3340} INFO - Setting next_dagrun for example_task_group to 2023-03-14T16:11:47.389454+00:00, run_after=2023-03-15T16:11:47.389454+00:00
[2023-03-15T16:11:47.404+0000] {processor.py:176} INFO - Processing /home/airflow/.local/lib/python3.7/site-packages/airflow/example_dags/example_task_group.py took 0.082 seconds
[2023-03-15T16:12:18.356+0000] {processor.py:154} INFO - Started process (PID=2450) to work on /home/airflow/.local/lib/python3.7/site-packages/airflow/example_dags/example_task_group.py
[2023-03-15T16:12:18.358+0000] {processor.py:756} INFO - Processing file /home/airflow/.local/lib/python3.7/site-packages/airflow/example_dags/example_task_group.py for tasks to queue
[2023-03-15T16:12:18.359+0000] {logging_mixin.py:120} INFO - [2023-03-15T16:12:18.359+0000] {dagbag.py:537} INFO - Filling up the DagBag from /home/airflow/.local/lib/python3.7/site-packages/airflow/example_dags/example_task_group.py
[2023-03-15T16:12:18.373+0000] {processor.py:766} INFO - DAG(s) dict_keys(['example_task_group']) retrieved from /home/airflow/.local/lib/python3.7/site-packages/airflow/example_dags/example_task_group.py
[2023-03-15T16:12:18.432+0000] {logging_mixin.py:120} INFO - [2023-03-15T16:12:18.431+0000] {dag.py:2585} INFO - Sync 1 DAGs
[2023-03-15T16:12:18.458+0000] {logging_mixin.py:120} INFO - [2023-03-15T16:12:18.457+0000] {dag.py:3340} INFO - Setting next_dagrun for example_task_group to 2023-03-14T16:12:18.457762+00:00, run_after=2023-03-15T16:12:18.457762+00:00
[2023-03-15T16:12:18.475+0000] {processor.py:176} INFO - Processing /home/airflow/.local/lib/python3.7/site-packages/airflow/example_dags/example_task_group.py took 0.122 seconds
[2023-03-15T16:12:49.270+0000] {processor.py:154} INFO - Started process (PID=2654) to work on /home/airflow/.local/lib/python3.7/site-packages/airflow/example_dags/example_task_group.py
[2023-03-15T16:12:49.271+0000] {processor.py:756} INFO - Processing file /home/airflow/.local/lib/python3.7/site-packages/airflow/example_dags/example_task_group.py for tasks to queue
[2023-03-15T16:12:49.272+0000] {logging_mixin.py:120} INFO - [2023-03-15T16:12:49.272+0000] {dagbag.py:537} INFO - Filling up the DagBag from /home/airflow/.local/lib/python3.7/site-packages/airflow/example_dags/example_task_group.py
[2023-03-15T16:12:49.284+0000] {processor.py:766} INFO - DAG(s) dict_keys(['example_task_group']) retrieved from /home/airflow/.local/lib/python3.7/site-packages/airflow/example_dags/example_task_group.py
[2023-03-15T16:12:49.315+0000] {logging_mixin.py:120} INFO - [2023-03-15T16:12:49.315+0000] {dag.py:2585} INFO - Sync 1 DAGs
[2023-03-15T16:12:49.332+0000] {logging_mixin.py:120} INFO - [2023-03-15T16:12:49.332+0000] {dag.py:3340} INFO - Setting next_dagrun for example_task_group to 2023-03-14T16:12:49.332356+00:00, run_after=2023-03-15T16:12:49.332356+00:00
[2023-03-15T16:12:49.346+0000] {processor.py:176} INFO - Processing /home/airflow/.local/lib/python3.7/site-packages/airflow/example_dags/example_task_group.py took 0.080 seconds
[2023-03-15T16:13:20.085+0000] {processor.py:154} INFO - Started process (PID=2851) to work on /home/airflow/.local/lib/python3.7/site-packages/airflow/example_dags/example_task_group.py
[2023-03-15T16:13:20.086+0000] {processor.py:756} INFO - Processing file /home/airflow/.local/lib/python3.7/site-packages/airflow/example_dags/example_task_group.py for tasks to queue
[2023-03-15T16:13:20.087+0000] {logging_mixin.py:120} INFO - [2023-03-15T16:13:20.087+0000] {dagbag.py:537} INFO - Filling up the DagBag from /home/airflow/.local/lib/python3.7/site-packages/airflow/example_dags/example_task_group.py
[2023-03-15T16:13:20.099+0000] {processor.py:766} INFO - DAG(s) dict_keys(['example_task_group']) retrieved from /home/airflow/.local/lib/python3.7/site-packages/airflow/example_dags/example_task_group.py
[2023-03-15T16:13:20.130+0000] {logging_mixin.py:120} INFO - [2023-03-15T16:13:20.130+0000] {dag.py:2585} INFO - Sync 1 DAGs
[2023-03-15T16:13:20.145+0000] {logging_mixin.py:120} INFO - [2023-03-15T16:13:20.145+0000] {dag.py:3340} INFO - Setting next_dagrun for example_task_group to 2023-03-14T16:13:20.145578+00:00, run_after=2023-03-15T16:13:20.145578+00:00
[2023-03-15T16:13:20.158+0000] {processor.py:176} INFO - Processing /home/airflow/.local/lib/python3.7/site-packages/airflow/example_dags/example_task_group.py took 0.076 seconds
[2023-03-15T16:29:46.964+0000] {processor.py:154} INFO - Started process (PID=2893) to work on /home/airflow/.local/lib/python3.7/site-packages/airflow/example_dags/example_task_group.py
[2023-03-15T16:29:46.965+0000] {processor.py:756} INFO - Processing file /home/airflow/.local/lib/python3.7/site-packages/airflow/example_dags/example_task_group.py for tasks to queue
[2023-03-15T16:29:46.966+0000] {logging_mixin.py:120} INFO - [2023-03-15T16:29:46.966+0000] {dagbag.py:537} INFO - Filling up the DagBag from /home/airflow/.local/lib/python3.7/site-packages/airflow/example_dags/example_task_group.py
[2023-03-15T16:29:46.978+0000] {processor.py:766} INFO - DAG(s) dict_keys(['example_task_group']) retrieved from /home/airflow/.local/lib/python3.7/site-packages/airflow/example_dags/example_task_group.py
[2023-03-15T16:29:47.021+0000] {logging_mixin.py:120} INFO - [2023-03-15T16:29:47.021+0000] {dag.py:2585} INFO - Sync 1 DAGs
[2023-03-15T16:29:47.048+0000] {logging_mixin.py:120} INFO - [2023-03-15T16:29:47.048+0000] {dag.py:3340} INFO - Setting next_dagrun for example_task_group to 2023-03-14T16:29:47.048413+00:00, run_after=2023-03-15T16:29:47.048413+00:00
[2023-03-15T16:29:47.065+0000] {processor.py:176} INFO - Processing /home/airflow/.local/lib/python3.7/site-packages/airflow/example_dags/example_task_group.py took 0.105 seconds
[2023-03-15T16:30:18.191+0000] {processor.py:154} INFO - Started process (PID=2949) to work on /home/airflow/.local/lib/python3.7/site-packages/airflow/example_dags/example_task_group.py
[2023-03-15T16:30:18.192+0000] {processor.py:756} INFO - Processing file /home/airflow/.local/lib/python3.7/site-packages/airflow/example_dags/example_task_group.py for tasks to queue
[2023-03-15T16:30:18.193+0000] {logging_mixin.py:120} INFO - [2023-03-15T16:30:18.193+0000] {dagbag.py:537} INFO - Filling up the DagBag from /home/airflow/.local/lib/python3.7/site-packages/airflow/example_dags/example_task_group.py
[2023-03-15T16:30:18.203+0000] {processor.py:766} INFO - DAG(s) dict_keys(['example_task_group']) retrieved from /home/airflow/.local/lib/python3.7/site-packages/airflow/example_dags/example_task_group.py
[2023-03-15T16:30:18.231+0000] {logging_mixin.py:120} INFO - [2023-03-15T16:30:18.231+0000] {dag.py:2585} INFO - Sync 1 DAGs
[2023-03-15T16:30:18.247+0000] {logging_mixin.py:120} INFO - [2023-03-15T16:30:18.247+0000] {dag.py:3340} INFO - Setting next_dagrun for example_task_group to 2023-03-14T16:30:18.247050+00:00, run_after=2023-03-15T16:30:18.247050+00:00
[2023-03-15T16:30:18.260+0000] {processor.py:176} INFO - Processing /home/airflow/.local/lib/python3.7/site-packages/airflow/example_dags/example_task_group.py took 0.071 seconds
[2023-03-15T16:47:12.739+0000] {processor.py:154} INFO - Started process (PID=3014) to work on /home/airflow/.local/lib/python3.7/site-packages/airflow/example_dags/example_task_group.py
[2023-03-15T16:47:12.744+0000] {processor.py:756} INFO - Processing file /home/airflow/.local/lib/python3.7/site-packages/airflow/example_dags/example_task_group.py for tasks to queue
[2023-03-15T16:47:12.746+0000] {logging_mixin.py:120} INFO - [2023-03-15T16:47:12.746+0000] {dagbag.py:537} INFO - Filling up the DagBag from /home/airflow/.local/lib/python3.7/site-packages/airflow/example_dags/example_task_group.py
[2023-03-15T16:47:12.766+0000] {processor.py:766} INFO - DAG(s) dict_keys(['example_task_group']) retrieved from /home/airflow/.local/lib/python3.7/site-packages/airflow/example_dags/example_task_group.py
[2023-03-15T16:47:12.837+0000] {logging_mixin.py:120} INFO - [2023-03-15T16:47:12.836+0000] {dag.py:2585} INFO - Sync 1 DAGs
[2023-03-15T16:47:12.861+0000] {logging_mixin.py:120} INFO - [2023-03-15T16:47:12.861+0000] {dag.py:3340} INFO - Setting next_dagrun for example_task_group to 2023-03-14T16:47:12.861222+00:00, run_after=2023-03-15T16:47:12.861222+00:00
[2023-03-15T16:47:12.886+0000] {processor.py:176} INFO - Processing /home/airflow/.local/lib/python3.7/site-packages/airflow/example_dags/example_task_group.py took 0.152 seconds
[2023-03-15T16:47:43.936+0000] {processor.py:154} INFO - Started process (PID=3079) to work on /home/airflow/.local/lib/python3.7/site-packages/airflow/example_dags/example_task_group.py
[2023-03-15T16:47:43.937+0000] {processor.py:756} INFO - Processing file /home/airflow/.local/lib/python3.7/site-packages/airflow/example_dags/example_task_group.py for tasks to queue
[2023-03-15T16:47:43.938+0000] {logging_mixin.py:120} INFO - [2023-03-15T16:47:43.938+0000] {dagbag.py:537} INFO - Filling up the DagBag from /home/airflow/.local/lib/python3.7/site-packages/airflow/example_dags/example_task_group.py
[2023-03-15T16:47:43.949+0000] {processor.py:766} INFO - DAG(s) dict_keys(['example_task_group']) retrieved from /home/airflow/.local/lib/python3.7/site-packages/airflow/example_dags/example_task_group.py
[2023-03-15T16:47:43.976+0000] {logging_mixin.py:120} INFO - [2023-03-15T16:47:43.976+0000] {dag.py:2585} INFO - Sync 1 DAGs
[2023-03-15T16:47:43.991+0000] {logging_mixin.py:120} INFO - [2023-03-15T16:47:43.991+0000] {dag.py:3340} INFO - Setting next_dagrun for example_task_group to 2023-03-14T16:47:43.990877+00:00, run_after=2023-03-15T16:47:43.990877+00:00
[2023-03-15T16:47:44.002+0000] {processor.py:176} INFO - Processing /home/airflow/.local/lib/python3.7/site-packages/airflow/example_dags/example_task_group.py took 0.068 seconds
[2023-03-15T16:59:19.676+0000] {processor.py:154} INFO - Started process (PID=3144) to work on /home/airflow/.local/lib/python3.7/site-packages/airflow/example_dags/example_task_group.py
[2023-03-15T16:59:19.678+0000] {processor.py:756} INFO - Processing file /home/airflow/.local/lib/python3.7/site-packages/airflow/example_dags/example_task_group.py for tasks to queue
[2023-03-15T16:59:19.679+0000] {logging_mixin.py:120} INFO - [2023-03-15T16:59:19.679+0000] {dagbag.py:537} INFO - Filling up the DagBag from /home/airflow/.local/lib/python3.7/site-packages/airflow/example_dags/example_task_group.py
[2023-03-15T16:59:19.692+0000] {processor.py:766} INFO - DAG(s) dict_keys(['example_task_group']) retrieved from /home/airflow/.local/lib/python3.7/site-packages/airflow/example_dags/example_task_group.py
[2023-03-15T16:59:19.742+0000] {logging_mixin.py:120} INFO - [2023-03-15T16:59:19.742+0000] {dag.py:2585} INFO - Sync 1 DAGs
[2023-03-15T16:59:19.766+0000] {logging_mixin.py:120} INFO - [2023-03-15T16:59:19.766+0000] {dag.py:3340} INFO - Setting next_dagrun for example_task_group to 2023-03-14T16:59:19.766485+00:00, run_after=2023-03-15T16:59:19.766485+00:00
[2023-03-15T16:59:19.793+0000] {processor.py:176} INFO - Processing /home/airflow/.local/lib/python3.7/site-packages/airflow/example_dags/example_task_group.py took 0.121 seconds
[2023-03-15T16:59:50.291+0000] {processor.py:154} INFO - Started process (PID=3209) to work on /home/airflow/.local/lib/python3.7/site-packages/airflow/example_dags/example_task_group.py
[2023-03-15T16:59:50.292+0000] {processor.py:756} INFO - Processing file /home/airflow/.local/lib/python3.7/site-packages/airflow/example_dags/example_task_group.py for tasks to queue
[2023-03-15T16:59:50.293+0000] {logging_mixin.py:120} INFO - [2023-03-15T16:59:50.293+0000] {dagbag.py:537} INFO - Filling up the DagBag from /home/airflow/.local/lib/python3.7/site-packages/airflow/example_dags/example_task_group.py
[2023-03-15T16:59:50.305+0000] {processor.py:766} INFO - DAG(s) dict_keys(['example_task_group']) retrieved from /home/airflow/.local/lib/python3.7/site-packages/airflow/example_dags/example_task_group.py
[2023-03-15T16:59:50.337+0000] {logging_mixin.py:120} INFO - [2023-03-15T16:59:50.337+0000] {dag.py:2585} INFO - Sync 1 DAGs
[2023-03-15T16:59:50.351+0000] {logging_mixin.py:120} INFO - [2023-03-15T16:59:50.351+0000] {dag.py:3340} INFO - Setting next_dagrun for example_task_group to 2023-03-14T16:59:50.351721+00:00, run_after=2023-03-15T16:59:50.351721+00:00
[2023-03-15T16:59:50.363+0000] {processor.py:176} INFO - Processing /home/airflow/.local/lib/python3.7/site-packages/airflow/example_dags/example_task_group.py took 0.075 seconds
[2023-03-15T17:00:20.950+0000] {processor.py:154} INFO - Started process (PID=3265) to work on /home/airflow/.local/lib/python3.7/site-packages/airflow/example_dags/example_task_group.py
[2023-03-15T17:00:20.951+0000] {processor.py:756} INFO - Processing file /home/airflow/.local/lib/python3.7/site-packages/airflow/example_dags/example_task_group.py for tasks to queue
[2023-03-15T17:00:20.952+0000] {logging_mixin.py:120} INFO - [2023-03-15T17:00:20.952+0000] {dagbag.py:537} INFO - Filling up the DagBag from /home/airflow/.local/lib/python3.7/site-packages/airflow/example_dags/example_task_group.py
[2023-03-15T17:00:20.965+0000] {processor.py:766} INFO - DAG(s) dict_keys(['example_task_group']) retrieved from /home/airflow/.local/lib/python3.7/site-packages/airflow/example_dags/example_task_group.py
[2023-03-15T17:00:20.995+0000] {logging_mixin.py:120} INFO - [2023-03-15T17:00:20.995+0000] {dag.py:2585} INFO - Sync 1 DAGs
[2023-03-15T17:00:21.013+0000] {logging_mixin.py:120} INFO - [2023-03-15T17:00:21.013+0000] {dag.py:3340} INFO - Setting next_dagrun for example_task_group to 2023-03-14T17:00:21.013406+00:00, run_after=2023-03-15T17:00:21.013406+00:00
[2023-03-15T17:00:21.036+0000] {processor.py:176} INFO - Processing /home/airflow/.local/lib/python3.7/site-packages/airflow/example_dags/example_task_group.py took 0.089 seconds
[2023-03-15T17:00:51.599+0000] {processor.py:154} INFO - Started process (PID=3329) to work on /home/airflow/.local/lib/python3.7/site-packages/airflow/example_dags/example_task_group.py
[2023-03-15T17:00:51.600+0000] {processor.py:756} INFO - Processing file /home/airflow/.local/lib/python3.7/site-packages/airflow/example_dags/example_task_group.py for tasks to queue
[2023-03-15T17:00:51.601+0000] {logging_mixin.py:120} INFO - [2023-03-15T17:00:51.601+0000] {dagbag.py:537} INFO - Filling up the DagBag from /home/airflow/.local/lib/python3.7/site-packages/airflow/example_dags/example_task_group.py
[2023-03-15T17:00:51.613+0000] {processor.py:766} INFO - DAG(s) dict_keys(['example_task_group']) retrieved from /home/airflow/.local/lib/python3.7/site-packages/airflow/example_dags/example_task_group.py
[2023-03-15T17:00:51.640+0000] {logging_mixin.py:120} INFO - [2023-03-15T17:00:51.640+0000] {dag.py:2585} INFO - Sync 1 DAGs
[2023-03-15T17:00:51.655+0000] {logging_mixin.py:120} INFO - [2023-03-15T17:00:51.655+0000] {dag.py:3340} INFO - Setting next_dagrun for example_task_group to 2023-03-14T17:00:51.655543+00:00, run_after=2023-03-15T17:00:51.655543+00:00
[2023-03-15T17:00:51.667+0000] {processor.py:176} INFO - Processing /home/airflow/.local/lib/python3.7/site-packages/airflow/example_dags/example_task_group.py took 0.070 seconds
[2023-03-15T17:01:22.089+0000] {processor.py:154} INFO - Started process (PID=3394) to work on /home/airflow/.local/lib/python3.7/site-packages/airflow/example_dags/example_task_group.py
[2023-03-15T17:01:22.090+0000] {processor.py:756} INFO - Processing file /home/airflow/.local/lib/python3.7/site-packages/airflow/example_dags/example_task_group.py for tasks to queue
[2023-03-15T17:01:22.091+0000] {logging_mixin.py:120} INFO - [2023-03-15T17:01:22.091+0000] {dagbag.py:537} INFO - Filling up the DagBag from /home/airflow/.local/lib/python3.7/site-packages/airflow/example_dags/example_task_group.py
[2023-03-15T17:01:22.103+0000] {processor.py:766} INFO - DAG(s) dict_keys(['example_task_group']) retrieved from /home/airflow/.local/lib/python3.7/site-packages/airflow/example_dags/example_task_group.py
[2023-03-15T17:01:22.132+0000] {logging_mixin.py:120} INFO - [2023-03-15T17:01:22.132+0000] {dag.py:2585} INFO - Sync 1 DAGs
[2023-03-15T17:01:22.146+0000] {logging_mixin.py:120} INFO - [2023-03-15T17:01:22.146+0000] {dag.py:3340} INFO - Setting next_dagrun for example_task_group to 2023-03-14T17:01:22.146652+00:00, run_after=2023-03-15T17:01:22.146652+00:00
[2023-03-15T17:01:22.158+0000] {processor.py:176} INFO - Processing /home/airflow/.local/lib/python3.7/site-packages/airflow/example_dags/example_task_group.py took 0.072 seconds
[2023-03-15T17:01:52.498+0000] {processor.py:154} INFO - Started process (PID=3459) to work on /home/airflow/.local/lib/python3.7/site-packages/airflow/example_dags/example_task_group.py
[2023-03-15T17:01:52.499+0000] {processor.py:756} INFO - Processing file /home/airflow/.local/lib/python3.7/site-packages/airflow/example_dags/example_task_group.py for tasks to queue
[2023-03-15T17:01:52.500+0000] {logging_mixin.py:120} INFO - [2023-03-15T17:01:52.500+0000] {dagbag.py:537} INFO - Filling up the DagBag from /home/airflow/.local/lib/python3.7/site-packages/airflow/example_dags/example_task_group.py
[2023-03-15T17:01:52.511+0000] {processor.py:766} INFO - DAG(s) dict_keys(['example_task_group']) retrieved from /home/airflow/.local/lib/python3.7/site-packages/airflow/example_dags/example_task_group.py
[2023-03-15T17:01:52.540+0000] {logging_mixin.py:120} INFO - [2023-03-15T17:01:52.540+0000] {dag.py:2585} INFO - Sync 1 DAGs
[2023-03-15T17:01:52.555+0000] {logging_mixin.py:120} INFO - [2023-03-15T17:01:52.555+0000] {dag.py:3340} INFO - Setting next_dagrun for example_task_group to 2023-03-14T17:01:52.555068+00:00, run_after=2023-03-15T17:01:52.555068+00:00
[2023-03-15T17:01:52.566+0000] {processor.py:176} INFO - Processing /home/airflow/.local/lib/python3.7/site-packages/airflow/example_dags/example_task_group.py took 0.071 seconds
[2023-03-15T17:02:22.898+0000] {processor.py:154} INFO - Started process (PID=3524) to work on /home/airflow/.local/lib/python3.7/site-packages/airflow/example_dags/example_task_group.py
[2023-03-15T17:02:22.900+0000] {processor.py:756} INFO - Processing file /home/airflow/.local/lib/python3.7/site-packages/airflow/example_dags/example_task_group.py for tasks to queue
[2023-03-15T17:02:22.900+0000] {logging_mixin.py:120} INFO - [2023-03-15T17:02:22.900+0000] {dagbag.py:537} INFO - Filling up the DagBag from /home/airflow/.local/lib/python3.7/site-packages/airflow/example_dags/example_task_group.py
[2023-03-15T17:02:22.912+0000] {processor.py:766} INFO - DAG(s) dict_keys(['example_task_group']) retrieved from /home/airflow/.local/lib/python3.7/site-packages/airflow/example_dags/example_task_group.py
[2023-03-15T17:02:22.941+0000] {logging_mixin.py:120} INFO - [2023-03-15T17:02:22.941+0000] {dag.py:2585} INFO - Sync 1 DAGs
[2023-03-15T17:02:22.959+0000] {logging_mixin.py:120} INFO - [2023-03-15T17:02:22.959+0000] {dag.py:3340} INFO - Setting next_dagrun for example_task_group to 2023-03-14T17:02:22.959153+00:00, run_after=2023-03-15T17:02:22.959153+00:00
[2023-03-15T17:02:22.970+0000] {processor.py:176} INFO - Processing /home/airflow/.local/lib/python3.7/site-packages/airflow/example_dags/example_task_group.py took 0.075 seconds
[2023-03-15T17:02:53.306+0000] {processor.py:154} INFO - Started process (PID=3589) to work on /home/airflow/.local/lib/python3.7/site-packages/airflow/example_dags/example_task_group.py
[2023-03-15T17:02:53.307+0000] {processor.py:756} INFO - Processing file /home/airflow/.local/lib/python3.7/site-packages/airflow/example_dags/example_task_group.py for tasks to queue
[2023-03-15T17:02:53.308+0000] {logging_mixin.py:120} INFO - [2023-03-15T17:02:53.308+0000] {dagbag.py:537} INFO - Filling up the DagBag from /home/airflow/.local/lib/python3.7/site-packages/airflow/example_dags/example_task_group.py
[2023-03-15T17:02:53.320+0000] {processor.py:766} INFO - DAG(s) dict_keys(['example_task_group']) retrieved from /home/airflow/.local/lib/python3.7/site-packages/airflow/example_dags/example_task_group.py
[2023-03-15T17:02:53.348+0000] {logging_mixin.py:120} INFO - [2023-03-15T17:02:53.348+0000] {dag.py:2585} INFO - Sync 1 DAGs
[2023-03-15T17:02:53.362+0000] {logging_mixin.py:120} INFO - [2023-03-15T17:02:53.362+0000] {dag.py:3340} INFO - Setting next_dagrun for example_task_group to 2023-03-14T17:02:53.362715+00:00, run_after=2023-03-15T17:02:53.362715+00:00
[2023-03-15T17:02:53.374+0000] {processor.py:176} INFO - Processing /home/airflow/.local/lib/python3.7/site-packages/airflow/example_dags/example_task_group.py took 0.071 seconds
[2023-03-15T17:03:23.880+0000] {processor.py:154} INFO - Started process (PID=3654) to work on /home/airflow/.local/lib/python3.7/site-packages/airflow/example_dags/example_task_group.py
[2023-03-15T17:03:23.881+0000] {processor.py:756} INFO - Processing file /home/airflow/.local/lib/python3.7/site-packages/airflow/example_dags/example_task_group.py for tasks to queue
[2023-03-15T17:03:23.882+0000] {logging_mixin.py:120} INFO - [2023-03-15T17:03:23.882+0000] {dagbag.py:537} INFO - Filling up the DagBag from /home/airflow/.local/lib/python3.7/site-packages/airflow/example_dags/example_task_group.py
[2023-03-15T17:03:23.894+0000] {processor.py:766} INFO - DAG(s) dict_keys(['example_task_group']) retrieved from /home/airflow/.local/lib/python3.7/site-packages/airflow/example_dags/example_task_group.py
[2023-03-15T17:03:23.924+0000] {logging_mixin.py:120} INFO - [2023-03-15T17:03:23.924+0000] {dag.py:2585} INFO - Sync 1 DAGs
[2023-03-15T17:03:23.939+0000] {logging_mixin.py:120} INFO - [2023-03-15T17:03:23.939+0000] {dag.py:3340} INFO - Setting next_dagrun for example_task_group to 2023-03-14T17:03:23.939590+00:00, run_after=2023-03-15T17:03:23.939590+00:00
[2023-03-15T17:03:23.952+0000] {processor.py:176} INFO - Processing /home/airflow/.local/lib/python3.7/site-packages/airflow/example_dags/example_task_group.py took 0.075 seconds
[2023-03-15T17:03:54.386+0000] {processor.py:154} INFO - Started process (PID=3710) to work on /home/airflow/.local/lib/python3.7/site-packages/airflow/example_dags/example_task_group.py
[2023-03-15T17:03:54.388+0000] {processor.py:756} INFO - Processing file /home/airflow/.local/lib/python3.7/site-packages/airflow/example_dags/example_task_group.py for tasks to queue
[2023-03-15T17:03:54.388+0000] {logging_mixin.py:120} INFO - [2023-03-15T17:03:54.388+0000] {dagbag.py:537} INFO - Filling up the DagBag from /home/airflow/.local/lib/python3.7/site-packages/airflow/example_dags/example_task_group.py
[2023-03-15T17:03:54.400+0000] {processor.py:766} INFO - DAG(s) dict_keys(['example_task_group']) retrieved from /home/airflow/.local/lib/python3.7/site-packages/airflow/example_dags/example_task_group.py
[2023-03-15T17:03:54.430+0000] {logging_mixin.py:120} INFO - [2023-03-15T17:03:54.429+0000] {dag.py:2585} INFO - Sync 1 DAGs
[2023-03-15T17:03:54.445+0000] {logging_mixin.py:120} INFO - [2023-03-15T17:03:54.445+0000] {dag.py:3340} INFO - Setting next_dagrun for example_task_group to 2023-03-14T17:03:54.444888+00:00, run_after=2023-03-15T17:03:54.444888+00:00
[2023-03-15T17:03:54.456+0000] {processor.py:176} INFO - Processing /home/airflow/.local/lib/python3.7/site-packages/airflow/example_dags/example_task_group.py took 0.073 seconds
[2023-03-15T17:04:24.870+0000] {processor.py:154} INFO - Started process (PID=3774) to work on /home/airflow/.local/lib/python3.7/site-packages/airflow/example_dags/example_task_group.py
[2023-03-15T17:04:24.871+0000] {processor.py:756} INFO - Processing file /home/airflow/.local/lib/python3.7/site-packages/airflow/example_dags/example_task_group.py for tasks to queue
[2023-03-15T17:04:24.872+0000] {logging_mixin.py:120} INFO - [2023-03-15T17:04:24.872+0000] {dagbag.py:537} INFO - Filling up the DagBag from /home/airflow/.local/lib/python3.7/site-packages/airflow/example_dags/example_task_group.py
[2023-03-15T17:04:24.885+0000] {processor.py:766} INFO - DAG(s) dict_keys(['example_task_group']) retrieved from /home/airflow/.local/lib/python3.7/site-packages/airflow/example_dags/example_task_group.py
[2023-03-15T17:04:24.913+0000] {logging_mixin.py:120} INFO - [2023-03-15T17:04:24.913+0000] {dag.py:2585} INFO - Sync 1 DAGs
[2023-03-15T17:04:24.927+0000] {logging_mixin.py:120} INFO - [2023-03-15T17:04:24.927+0000] {dag.py:3340} INFO - Setting next_dagrun for example_task_group to 2023-03-14T17:04:24.927428+00:00, run_after=2023-03-15T17:04:24.927428+00:00
[2023-03-15T17:04:24.939+0000] {processor.py:176} INFO - Processing /home/airflow/.local/lib/python3.7/site-packages/airflow/example_dags/example_task_group.py took 0.071 seconds
