[2023-03-15T16:01:40.608+0000] {processor.py:154} INFO - Started process (PID=60) to work on /home/airflow/.local/lib/python3.7/site-packages/airflow/example_dags/example_trigger_target_dag.py
[2023-03-15T16:01:40.622+0000] {processor.py:756} INFO - Processing file /home/airflow/.local/lib/python3.7/site-packages/airflow/example_dags/example_trigger_target_dag.py for tasks to queue
[2023-03-15T16:01:40.624+0000] {logging_mixin.py:120} INFO - [2023-03-15T16:01:40.624+0000] {dagbag.py:537} INFO - Filling up the DagBag from /home/airflow/.local/lib/python3.7/site-packages/airflow/example_dags/example_trigger_target_dag.py
[2023-03-15T16:01:40.661+0000] {processor.py:766} INFO - DAG(s) dict_keys(['example_trigger_target_dag']) retrieved from /home/airflow/.local/lib/python3.7/site-packages/airflow/example_dags/example_trigger_target_dag.py
[2023-03-15T16:01:40.952+0000] {logging_mixin.py:120} INFO - [2023-03-15T16:01:40.952+0000] {manager.py:507} INFO - Created Permission View: can read on DAG:example_trigger_target_dag
[2023-03-15T16:01:40.978+0000] {logging_mixin.py:120} INFO - [2023-03-15T16:01:40.978+0000] {manager.py:507} INFO - Created Permission View: can delete on DAG:example_trigger_target_dag
[2023-03-15T16:01:40.991+0000] {logging_mixin.py:120} INFO - [2023-03-15T16:01:40.991+0000] {manager.py:507} INFO - Created Permission View: can edit on DAG:example_trigger_target_dag
[2023-03-15T16:01:40.994+0000] {logging_mixin.py:120} INFO - [2023-03-15T16:01:40.994+0000] {dag.py:2585} INFO - Sync 1 DAGs
[2023-03-15T16:01:41.020+0000] {logging_mixin.py:120} INFO - [2023-03-15T16:01:41.019+0000] {dag.py:2606} INFO - Creating ORM DAG for example_trigger_target_dag
[2023-03-15T16:01:41.078+0000] {logging_mixin.py:120} INFO - [2023-03-15T16:01:41.078+0000] {dag.py:3340} INFO - Setting next_dagrun for example_trigger_target_dag to None, run_after=None
[2023-03-15T16:01:41.116+0000] {processor.py:176} INFO - Processing /home/airflow/.local/lib/python3.7/site-packages/airflow/example_dags/example_trigger_target_dag.py took 0.511 seconds
[2023-03-15T16:02:12.126+0000] {processor.py:154} INFO - Started process (PID=114) to work on /home/airflow/.local/lib/python3.7/site-packages/airflow/example_dags/example_trigger_target_dag.py
[2023-03-15T16:02:12.127+0000] {processor.py:756} INFO - Processing file /home/airflow/.local/lib/python3.7/site-packages/airflow/example_dags/example_trigger_target_dag.py for tasks to queue
[2023-03-15T16:02:12.128+0000] {logging_mixin.py:120} INFO - [2023-03-15T16:02:12.128+0000] {dagbag.py:537} INFO - Filling up the DagBag from /home/airflow/.local/lib/python3.7/site-packages/airflow/example_dags/example_trigger_target_dag.py
[2023-03-15T16:02:12.145+0000] {processor.py:766} INFO - DAG(s) dict_keys(['example_trigger_target_dag']) retrieved from /home/airflow/.local/lib/python3.7/site-packages/airflow/example_dags/example_trigger_target_dag.py
[2023-03-15T16:02:12.184+0000] {logging_mixin.py:120} INFO - [2023-03-15T16:02:12.183+0000] {dag.py:2585} INFO - Sync 1 DAGs
[2023-03-15T16:02:12.206+0000] {logging_mixin.py:120} INFO - [2023-03-15T16:02:12.206+0000] {dag.py:3340} INFO - Setting next_dagrun for example_trigger_target_dag to None, run_after=None
[2023-03-15T16:02:12.221+0000] {processor.py:176} INFO - Processing /home/airflow/.local/lib/python3.7/site-packages/airflow/example_dags/example_trigger_target_dag.py took 0.098 seconds
[2023-03-15T16:02:42.527+0000] {processor.py:154} INFO - Started process (PID=176) to work on /home/airflow/.local/lib/python3.7/site-packages/airflow/example_dags/example_trigger_target_dag.py
[2023-03-15T16:02:42.529+0000] {processor.py:756} INFO - Processing file /home/airflow/.local/lib/python3.7/site-packages/airflow/example_dags/example_trigger_target_dag.py for tasks to queue
[2023-03-15T16:02:42.531+0000] {logging_mixin.py:120} INFO - [2023-03-15T16:02:42.531+0000] {dagbag.py:537} INFO - Filling up the DagBag from /home/airflow/.local/lib/python3.7/site-packages/airflow/example_dags/example_trigger_target_dag.py
[2023-03-15T16:02:42.554+0000] {processor.py:766} INFO - DAG(s) dict_keys(['example_trigger_target_dag']) retrieved from /home/airflow/.local/lib/python3.7/site-packages/airflow/example_dags/example_trigger_target_dag.py
[2023-03-15T16:02:42.585+0000] {logging_mixin.py:120} INFO - [2023-03-15T16:02:42.585+0000] {dag.py:2585} INFO - Sync 1 DAGs
[2023-03-15T16:02:42.601+0000] {logging_mixin.py:120} INFO - [2023-03-15T16:02:42.601+0000] {dag.py:3340} INFO - Setting next_dagrun for example_trigger_target_dag to None, run_after=None
[2023-03-15T16:02:42.614+0000] {processor.py:176} INFO - Processing /home/airflow/.local/lib/python3.7/site-packages/airflow/example_dags/example_trigger_target_dag.py took 0.091 seconds
[2023-03-15T16:03:13.013+0000] {processor.py:154} INFO - Started process (PID=240) to work on /home/airflow/.local/lib/python3.7/site-packages/airflow/example_dags/example_trigger_target_dag.py
[2023-03-15T16:03:13.015+0000] {processor.py:756} INFO - Processing file /home/airflow/.local/lib/python3.7/site-packages/airflow/example_dags/example_trigger_target_dag.py for tasks to queue
[2023-03-15T16:03:13.016+0000] {logging_mixin.py:120} INFO - [2023-03-15T16:03:13.016+0000] {dagbag.py:537} INFO - Filling up the DagBag from /home/airflow/.local/lib/python3.7/site-packages/airflow/example_dags/example_trigger_target_dag.py
[2023-03-15T16:03:13.031+0000] {processor.py:766} INFO - DAG(s) dict_keys(['example_trigger_target_dag']) retrieved from /home/airflow/.local/lib/python3.7/site-packages/airflow/example_dags/example_trigger_target_dag.py
[2023-03-15T16:03:13.072+0000] {logging_mixin.py:120} INFO - [2023-03-15T16:03:13.072+0000] {dag.py:2585} INFO - Sync 1 DAGs
[2023-03-15T16:03:13.092+0000] {logging_mixin.py:120} INFO - [2023-03-15T16:03:13.092+0000] {dag.py:3340} INFO - Setting next_dagrun for example_trigger_target_dag to None, run_after=None
[2023-03-15T16:03:13.110+0000] {processor.py:176} INFO - Processing /home/airflow/.local/lib/python3.7/site-packages/airflow/example_dags/example_trigger_target_dag.py took 0.102 seconds
[2023-03-15T16:03:43.312+0000] {processor.py:154} INFO - Started process (PID=303) to work on /home/airflow/.local/lib/python3.7/site-packages/airflow/example_dags/example_trigger_target_dag.py
[2023-03-15T16:03:43.314+0000] {processor.py:756} INFO - Processing file /home/airflow/.local/lib/python3.7/site-packages/airflow/example_dags/example_trigger_target_dag.py for tasks to queue
[2023-03-15T16:03:43.314+0000] {logging_mixin.py:120} INFO - [2023-03-15T16:03:43.314+0000] {dagbag.py:537} INFO - Filling up the DagBag from /home/airflow/.local/lib/python3.7/site-packages/airflow/example_dags/example_trigger_target_dag.py
[2023-03-15T16:03:43.329+0000] {processor.py:766} INFO - DAG(s) dict_keys(['example_trigger_target_dag']) retrieved from /home/airflow/.local/lib/python3.7/site-packages/airflow/example_dags/example_trigger_target_dag.py
[2023-03-15T16:03:43.361+0000] {logging_mixin.py:120} INFO - [2023-03-15T16:03:43.361+0000] {dag.py:2585} INFO - Sync 1 DAGs
[2023-03-15T16:03:43.377+0000] {logging_mixin.py:120} INFO - [2023-03-15T16:03:43.377+0000] {dag.py:3340} INFO - Setting next_dagrun for example_trigger_target_dag to None, run_after=None
[2023-03-15T16:03:43.390+0000] {processor.py:176} INFO - Processing /home/airflow/.local/lib/python3.7/site-packages/airflow/example_dags/example_trigger_target_dag.py took 0.081 seconds
[2023-03-15T16:04:13.515+0000] {processor.py:154} INFO - Started process (PID=358) to work on /home/airflow/.local/lib/python3.7/site-packages/airflow/example_dags/example_trigger_target_dag.py
[2023-03-15T16:04:13.517+0000] {processor.py:756} INFO - Processing file /home/airflow/.local/lib/python3.7/site-packages/airflow/example_dags/example_trigger_target_dag.py for tasks to queue
[2023-03-15T16:04:13.517+0000] {logging_mixin.py:120} INFO - [2023-03-15T16:04:13.517+0000] {dagbag.py:537} INFO - Filling up the DagBag from /home/airflow/.local/lib/python3.7/site-packages/airflow/example_dags/example_trigger_target_dag.py
[2023-03-15T16:04:13.532+0000] {processor.py:766} INFO - DAG(s) dict_keys(['example_trigger_target_dag']) retrieved from /home/airflow/.local/lib/python3.7/site-packages/airflow/example_dags/example_trigger_target_dag.py
[2023-03-15T16:04:13.563+0000] {logging_mixin.py:120} INFO - [2023-03-15T16:04:13.563+0000] {dag.py:2585} INFO - Sync 1 DAGs
[2023-03-15T16:04:13.578+0000] {logging_mixin.py:120} INFO - [2023-03-15T16:04:13.578+0000] {dag.py:3340} INFO - Setting next_dagrun for example_trigger_target_dag to None, run_after=None
[2023-03-15T16:04:13.590+0000] {processor.py:176} INFO - Processing /home/airflow/.local/lib/python3.7/site-packages/airflow/example_dags/example_trigger_target_dag.py took 0.078 seconds
[2023-03-15T16:04:43.970+0000] {processor.py:154} INFO - Started process (PID=423) to work on /home/airflow/.local/lib/python3.7/site-packages/airflow/example_dags/example_trigger_target_dag.py
[2023-03-15T16:04:43.973+0000] {processor.py:756} INFO - Processing file /home/airflow/.local/lib/python3.7/site-packages/airflow/example_dags/example_trigger_target_dag.py for tasks to queue
[2023-03-15T16:04:43.974+0000] {logging_mixin.py:120} INFO - [2023-03-15T16:04:43.974+0000] {dagbag.py:537} INFO - Filling up the DagBag from /home/airflow/.local/lib/python3.7/site-packages/airflow/example_dags/example_trigger_target_dag.py
[2023-03-15T16:04:44.009+0000] {processor.py:766} INFO - DAG(s) dict_keys(['example_trigger_target_dag']) retrieved from /home/airflow/.local/lib/python3.7/site-packages/airflow/example_dags/example_trigger_target_dag.py
[2023-03-15T16:04:44.056+0000] {logging_mixin.py:120} INFO - [2023-03-15T16:04:44.056+0000] {dag.py:2585} INFO - Sync 1 DAGs
[2023-03-15T16:04:44.075+0000] {logging_mixin.py:120} INFO - [2023-03-15T16:04:44.075+0000] {dag.py:3340} INFO - Setting next_dagrun for example_trigger_target_dag to None, run_after=None
[2023-03-15T16:04:44.094+0000] {processor.py:176} INFO - Processing /home/airflow/.local/lib/python3.7/site-packages/airflow/example_dags/example_trigger_target_dag.py took 0.128 seconds
[2023-03-15T16:05:14.212+0000] {processor.py:154} INFO - Started process (PID=487) to work on /home/airflow/.local/lib/python3.7/site-packages/airflow/example_dags/example_trigger_target_dag.py
[2023-03-15T16:05:14.214+0000] {processor.py:756} INFO - Processing file /home/airflow/.local/lib/python3.7/site-packages/airflow/example_dags/example_trigger_target_dag.py for tasks to queue
[2023-03-15T16:05:14.215+0000] {logging_mixin.py:120} INFO - [2023-03-15T16:05:14.215+0000] {dagbag.py:537} INFO - Filling up the DagBag from /home/airflow/.local/lib/python3.7/site-packages/airflow/example_dags/example_trigger_target_dag.py
[2023-03-15T16:05:14.235+0000] {processor.py:766} INFO - DAG(s) dict_keys(['example_trigger_target_dag']) retrieved from /home/airflow/.local/lib/python3.7/site-packages/airflow/example_dags/example_trigger_target_dag.py
[2023-03-15T16:05:14.268+0000] {logging_mixin.py:120} INFO - [2023-03-15T16:05:14.268+0000] {dag.py:2585} INFO - Sync 1 DAGs
[2023-03-15T16:05:14.286+0000] {logging_mixin.py:120} INFO - [2023-03-15T16:05:14.286+0000] {dag.py:3340} INFO - Setting next_dagrun for example_trigger_target_dag to None, run_after=None
[2023-03-15T16:05:14.303+0000] {processor.py:176} INFO - Processing /home/airflow/.local/lib/python3.7/site-packages/airflow/example_dags/example_trigger_target_dag.py took 0.095 seconds
[2023-03-15T16:05:44.669+0000] {processor.py:154} INFO - Started process (PID=549) to work on /home/airflow/.local/lib/python3.7/site-packages/airflow/example_dags/example_trigger_target_dag.py
[2023-03-15T16:05:44.672+0000] {processor.py:756} INFO - Processing file /home/airflow/.local/lib/python3.7/site-packages/airflow/example_dags/example_trigger_target_dag.py for tasks to queue
[2023-03-15T16:05:44.673+0000] {logging_mixin.py:120} INFO - [2023-03-15T16:05:44.673+0000] {dagbag.py:537} INFO - Filling up the DagBag from /home/airflow/.local/lib/python3.7/site-packages/airflow/example_dags/example_trigger_target_dag.py
[2023-03-15T16:05:44.689+0000] {processor.py:766} INFO - DAG(s) dict_keys(['example_trigger_target_dag']) retrieved from /home/airflow/.local/lib/python3.7/site-packages/airflow/example_dags/example_trigger_target_dag.py
[2023-03-15T16:05:44.709+0000] {logging_mixin.py:120} INFO - [2023-03-15T16:05:44.709+0000] {dag.py:2585} INFO - Sync 1 DAGs
[2023-03-15T16:05:44.725+0000] {logging_mixin.py:120} INFO - [2023-03-15T16:05:44.725+0000] {dag.py:3340} INFO - Setting next_dagrun for example_trigger_target_dag to None, run_after=None
[2023-03-15T16:05:44.739+0000] {processor.py:176} INFO - Processing /home/airflow/.local/lib/python3.7/site-packages/airflow/example_dags/example_trigger_target_dag.py took 0.075 seconds
[2023-03-15T16:06:15.102+0000] {processor.py:154} INFO - Started process (PID=612) to work on /home/airflow/.local/lib/python3.7/site-packages/airflow/example_dags/example_trigger_target_dag.py
[2023-03-15T16:06:15.104+0000] {processor.py:756} INFO - Processing file /home/airflow/.local/lib/python3.7/site-packages/airflow/example_dags/example_trigger_target_dag.py for tasks to queue
[2023-03-15T16:06:15.105+0000] {logging_mixin.py:120} INFO - [2023-03-15T16:06:15.105+0000] {dagbag.py:537} INFO - Filling up the DagBag from /home/airflow/.local/lib/python3.7/site-packages/airflow/example_dags/example_trigger_target_dag.py
[2023-03-15T16:06:15.123+0000] {processor.py:766} INFO - DAG(s) dict_keys(['example_trigger_target_dag']) retrieved from /home/airflow/.local/lib/python3.7/site-packages/airflow/example_dags/example_trigger_target_dag.py
[2023-03-15T16:06:15.156+0000] {logging_mixin.py:120} INFO - [2023-03-15T16:06:15.156+0000] {dag.py:2585} INFO - Sync 1 DAGs
[2023-03-15T16:06:15.174+0000] {logging_mixin.py:120} INFO - [2023-03-15T16:06:15.173+0000] {dag.py:3340} INFO - Setting next_dagrun for example_trigger_target_dag to None, run_after=None
[2023-03-15T16:06:15.186+0000] {processor.py:176} INFO - Processing /home/airflow/.local/lib/python3.7/site-packages/airflow/example_dags/example_trigger_target_dag.py took 0.087 seconds
[2023-03-15T16:06:45.215+0000] {processor.py:154} INFO - Started process (PID=668) to work on /home/airflow/.local/lib/python3.7/site-packages/airflow/example_dags/example_trigger_target_dag.py
[2023-03-15T16:06:45.216+0000] {processor.py:756} INFO - Processing file /home/airflow/.local/lib/python3.7/site-packages/airflow/example_dags/example_trigger_target_dag.py for tasks to queue
[2023-03-15T16:06:45.217+0000] {logging_mixin.py:120} INFO - [2023-03-15T16:06:45.217+0000] {dagbag.py:537} INFO - Filling up the DagBag from /home/airflow/.local/lib/python3.7/site-packages/airflow/example_dags/example_trigger_target_dag.py
[2023-03-15T16:06:45.231+0000] {processor.py:766} INFO - DAG(s) dict_keys(['example_trigger_target_dag']) retrieved from /home/airflow/.local/lib/python3.7/site-packages/airflow/example_dags/example_trigger_target_dag.py
[2023-03-15T16:06:45.262+0000] {logging_mixin.py:120} INFO - [2023-03-15T16:06:45.262+0000] {dag.py:2585} INFO - Sync 1 DAGs
[2023-03-15T16:06:45.277+0000] {logging_mixin.py:120} INFO - [2023-03-15T16:06:45.277+0000] {dag.py:3340} INFO - Setting next_dagrun for example_trigger_target_dag to None, run_after=None
[2023-03-15T16:06:45.290+0000] {processor.py:176} INFO - Processing /home/airflow/.local/lib/python3.7/site-packages/airflow/example_dags/example_trigger_target_dag.py took 0.078 seconds
[2023-03-15T16:07:15.731+0000] {processor.py:154} INFO - Started process (PID=734) to work on /home/airflow/.local/lib/python3.7/site-packages/airflow/example_dags/example_trigger_target_dag.py
[2023-03-15T16:07:15.732+0000] {processor.py:756} INFO - Processing file /home/airflow/.local/lib/python3.7/site-packages/airflow/example_dags/example_trigger_target_dag.py for tasks to queue
[2023-03-15T16:07:15.733+0000] {logging_mixin.py:120} INFO - [2023-03-15T16:07:15.733+0000] {dagbag.py:537} INFO - Filling up the DagBag from /home/airflow/.local/lib/python3.7/site-packages/airflow/example_dags/example_trigger_target_dag.py
[2023-03-15T16:07:15.748+0000] {processor.py:766} INFO - DAG(s) dict_keys(['example_trigger_target_dag']) retrieved from /home/airflow/.local/lib/python3.7/site-packages/airflow/example_dags/example_trigger_target_dag.py
[2023-03-15T16:07:15.780+0000] {logging_mixin.py:120} INFO - [2023-03-15T16:07:15.780+0000] {dag.py:2585} INFO - Sync 1 DAGs
[2023-03-15T16:07:15.795+0000] {logging_mixin.py:120} INFO - [2023-03-15T16:07:15.795+0000] {dag.py:3340} INFO - Setting next_dagrun for example_trigger_target_dag to None, run_after=None
[2023-03-15T16:07:15.807+0000] {processor.py:176} INFO - Processing /home/airflow/.local/lib/python3.7/site-packages/airflow/example_dags/example_trigger_target_dag.py took 0.079 seconds
[2023-03-15T16:07:46.458+0000] {processor.py:154} INFO - Started process (PID=799) to work on /home/airflow/.local/lib/python3.7/site-packages/airflow/example_dags/example_trigger_target_dag.py
[2023-03-15T16:07:46.460+0000] {processor.py:756} INFO - Processing file /home/airflow/.local/lib/python3.7/site-packages/airflow/example_dags/example_trigger_target_dag.py for tasks to queue
[2023-03-15T16:07:46.461+0000] {logging_mixin.py:120} INFO - [2023-03-15T16:07:46.461+0000] {dagbag.py:537} INFO - Filling up the DagBag from /home/airflow/.local/lib/python3.7/site-packages/airflow/example_dags/example_trigger_target_dag.py
[2023-03-15T16:07:46.481+0000] {processor.py:766} INFO - DAG(s) dict_keys(['example_trigger_target_dag']) retrieved from /home/airflow/.local/lib/python3.7/site-packages/airflow/example_dags/example_trigger_target_dag.py
[2023-03-15T16:07:46.523+0000] {logging_mixin.py:120} INFO - [2023-03-15T16:07:46.523+0000] {dag.py:2585} INFO - Sync 1 DAGs
[2023-03-15T16:07:46.542+0000] {logging_mixin.py:120} INFO - [2023-03-15T16:07:46.542+0000] {dag.py:3340} INFO - Setting next_dagrun for example_trigger_target_dag to None, run_after=None
[2023-03-15T16:07:46.557+0000] {processor.py:176} INFO - Processing /home/airflow/.local/lib/python3.7/site-packages/airflow/example_dags/example_trigger_target_dag.py took 0.103 seconds
[2023-03-15T16:08:17.045+0000] {processor.py:154} INFO - Started process (PID=868) to work on /home/airflow/.local/lib/python3.7/site-packages/airflow/example_dags/example_trigger_target_dag.py
[2023-03-15T16:08:17.048+0000] {processor.py:756} INFO - Processing file /home/airflow/.local/lib/python3.7/site-packages/airflow/example_dags/example_trigger_target_dag.py for tasks to queue
[2023-03-15T16:08:17.059+0000] {logging_mixin.py:120} INFO - [2023-03-15T16:08:17.058+0000] {dagbag.py:537} INFO - Filling up the DagBag from /home/airflow/.local/lib/python3.7/site-packages/airflow/example_dags/example_trigger_target_dag.py
[2023-03-15T16:08:17.139+0000] {processor.py:766} INFO - DAG(s) dict_keys(['example_trigger_target_dag']) retrieved from /home/airflow/.local/lib/python3.7/site-packages/airflow/example_dags/example_trigger_target_dag.py
[2023-03-15T16:08:17.275+0000] {logging_mixin.py:120} INFO - [2023-03-15T16:08:17.275+0000] {dag.py:2585} INFO - Sync 1 DAGs
[2023-03-15T16:08:17.331+0000] {logging_mixin.py:120} INFO - [2023-03-15T16:08:17.331+0000] {dag.py:3340} INFO - Setting next_dagrun for example_trigger_target_dag to None, run_after=None
[2023-03-15T16:08:17.378+0000] {processor.py:176} INFO - Processing /home/airflow/.local/lib/python3.7/site-packages/airflow/example_dags/example_trigger_target_dag.py took 0.338 seconds
[2023-03-15T16:08:47.998+0000] {processor.py:154} INFO - Started process (PID=987) to work on /home/airflow/.local/lib/python3.7/site-packages/airflow/example_dags/example_trigger_target_dag.py
[2023-03-15T16:08:48.000+0000] {processor.py:756} INFO - Processing file /home/airflow/.local/lib/python3.7/site-packages/airflow/example_dags/example_trigger_target_dag.py for tasks to queue
[2023-03-15T16:08:48.001+0000] {logging_mixin.py:120} INFO - [2023-03-15T16:08:48.001+0000] {dagbag.py:537} INFO - Filling up the DagBag from /home/airflow/.local/lib/python3.7/site-packages/airflow/example_dags/example_trigger_target_dag.py
[2023-03-15T16:08:48.018+0000] {processor.py:766} INFO - DAG(s) dict_keys(['example_trigger_target_dag']) retrieved from /home/airflow/.local/lib/python3.7/site-packages/airflow/example_dags/example_trigger_target_dag.py
[2023-03-15T16:08:48.053+0000] {logging_mixin.py:120} INFO - [2023-03-15T16:08:48.053+0000] {dag.py:2585} INFO - Sync 1 DAGs
[2023-03-15T16:08:48.072+0000] {logging_mixin.py:120} INFO - [2023-03-15T16:08:48.072+0000] {dag.py:3340} INFO - Setting next_dagrun for example_trigger_target_dag to None, run_after=None
[2023-03-15T16:08:48.090+0000] {processor.py:176} INFO - Processing /home/airflow/.local/lib/python3.7/site-packages/airflow/example_dags/example_trigger_target_dag.py took 0.096 seconds
[2023-03-15T16:09:18.329+0000] {processor.py:154} INFO - Started process (PID=1197) to work on /home/airflow/.local/lib/python3.7/site-packages/airflow/example_dags/example_trigger_target_dag.py
[2023-03-15T16:09:18.332+0000] {processor.py:756} INFO - Processing file /home/airflow/.local/lib/python3.7/site-packages/airflow/example_dags/example_trigger_target_dag.py for tasks to queue
[2023-03-15T16:09:18.334+0000] {logging_mixin.py:120} INFO - [2023-03-15T16:09:18.334+0000] {dagbag.py:537} INFO - Filling up the DagBag from /home/airflow/.local/lib/python3.7/site-packages/airflow/example_dags/example_trigger_target_dag.py
[2023-03-15T16:09:18.369+0000] {processor.py:766} INFO - DAG(s) dict_keys(['example_trigger_target_dag']) retrieved from /home/airflow/.local/lib/python3.7/site-packages/airflow/example_dags/example_trigger_target_dag.py
[2023-03-15T16:09:18.451+0000] {logging_mixin.py:120} INFO - [2023-03-15T16:09:18.451+0000] {dag.py:2585} INFO - Sync 1 DAGs
[2023-03-15T16:09:18.477+0000] {logging_mixin.py:120} INFO - [2023-03-15T16:09:18.477+0000] {dag.py:3340} INFO - Setting next_dagrun for example_trigger_target_dag to None, run_after=None
[2023-03-15T16:09:18.500+0000] {processor.py:176} INFO - Processing /home/airflow/.local/lib/python3.7/site-packages/airflow/example_dags/example_trigger_target_dag.py took 0.177 seconds
[2023-03-15T16:09:49.244+0000] {processor.py:154} INFO - Started process (PID=1404) to work on /home/airflow/.local/lib/python3.7/site-packages/airflow/example_dags/example_trigger_target_dag.py
[2023-03-15T16:09:49.246+0000] {processor.py:756} INFO - Processing file /home/airflow/.local/lib/python3.7/site-packages/airflow/example_dags/example_trigger_target_dag.py for tasks to queue
[2023-03-15T16:09:49.247+0000] {logging_mixin.py:120} INFO - [2023-03-15T16:09:49.247+0000] {dagbag.py:537} INFO - Filling up the DagBag from /home/airflow/.local/lib/python3.7/site-packages/airflow/example_dags/example_trigger_target_dag.py
[2023-03-15T16:09:49.262+0000] {processor.py:766} INFO - DAG(s) dict_keys(['example_trigger_target_dag']) retrieved from /home/airflow/.local/lib/python3.7/site-packages/airflow/example_dags/example_trigger_target_dag.py
[2023-03-15T16:09:49.295+0000] {logging_mixin.py:120} INFO - [2023-03-15T16:09:49.295+0000] {dag.py:2585} INFO - Sync 1 DAGs
[2023-03-15T16:09:49.312+0000] {logging_mixin.py:120} INFO - [2023-03-15T16:09:49.312+0000] {dag.py:3340} INFO - Setting next_dagrun for example_trigger_target_dag to None, run_after=None
[2023-03-15T16:09:49.328+0000] {processor.py:176} INFO - Processing /home/airflow/.local/lib/python3.7/site-packages/airflow/example_dags/example_trigger_target_dag.py took 0.088 seconds
[2023-03-15T16:10:19.559+0000] {processor.py:154} INFO - Started process (PID=1625) to work on /home/airflow/.local/lib/python3.7/site-packages/airflow/example_dags/example_trigger_target_dag.py
[2023-03-15T16:10:19.560+0000] {processor.py:756} INFO - Processing file /home/airflow/.local/lib/python3.7/site-packages/airflow/example_dags/example_trigger_target_dag.py for tasks to queue
[2023-03-15T16:10:19.564+0000] {logging_mixin.py:120} INFO - [2023-03-15T16:10:19.563+0000] {dagbag.py:537} INFO - Filling up the DagBag from /home/airflow/.local/lib/python3.7/site-packages/airflow/example_dags/example_trigger_target_dag.py
[2023-03-15T16:10:19.594+0000] {processor.py:766} INFO - DAG(s) dict_keys(['example_trigger_target_dag']) retrieved from /home/airflow/.local/lib/python3.7/site-packages/airflow/example_dags/example_trigger_target_dag.py
[2023-03-15T16:10:19.636+0000] {logging_mixin.py:120} INFO - [2023-03-15T16:10:19.636+0000] {dag.py:2585} INFO - Sync 1 DAGs
[2023-03-15T16:10:19.677+0000] {logging_mixin.py:120} INFO - [2023-03-15T16:10:19.677+0000] {dag.py:3340} INFO - Setting next_dagrun for example_trigger_target_dag to None, run_after=None
[2023-03-15T16:10:19.696+0000] {processor.py:176} INFO - Processing /home/airflow/.local/lib/python3.7/site-packages/airflow/example_dags/example_trigger_target_dag.py took 0.139 seconds
[2023-03-15T16:10:49.760+0000] {processor.py:154} INFO - Started process (PID=1847) to work on /home/airflow/.local/lib/python3.7/site-packages/airflow/example_dags/example_trigger_target_dag.py
[2023-03-15T16:10:49.762+0000] {processor.py:756} INFO - Processing file /home/airflow/.local/lib/python3.7/site-packages/airflow/example_dags/example_trigger_target_dag.py for tasks to queue
[2023-03-15T16:10:49.762+0000] {logging_mixin.py:120} INFO - [2023-03-15T16:10:49.762+0000] {dagbag.py:537} INFO - Filling up the DagBag from /home/airflow/.local/lib/python3.7/site-packages/airflow/example_dags/example_trigger_target_dag.py
[2023-03-15T16:10:49.778+0000] {processor.py:766} INFO - DAG(s) dict_keys(['example_trigger_target_dag']) retrieved from /home/airflow/.local/lib/python3.7/site-packages/airflow/example_dags/example_trigger_target_dag.py
[2023-03-15T16:10:49.811+0000] {logging_mixin.py:120} INFO - [2023-03-15T16:10:49.811+0000] {dag.py:2585} INFO - Sync 1 DAGs
[2023-03-15T16:10:49.827+0000] {logging_mixin.py:120} INFO - [2023-03-15T16:10:49.827+0000] {dag.py:3340} INFO - Setting next_dagrun for example_trigger_target_dag to None, run_after=None
[2023-03-15T16:10:49.838+0000] {processor.py:176} INFO - Processing /home/airflow/.local/lib/python3.7/site-packages/airflow/example_dags/example_trigger_target_dag.py took 0.081 seconds
[2023-03-15T16:11:20.093+0000] {processor.py:154} INFO - Started process (PID=2073) to work on /home/airflow/.local/lib/python3.7/site-packages/airflow/example_dags/example_trigger_target_dag.py
[2023-03-15T16:11:20.095+0000] {processor.py:756} INFO - Processing file /home/airflow/.local/lib/python3.7/site-packages/airflow/example_dags/example_trigger_target_dag.py for tasks to queue
[2023-03-15T16:11:20.096+0000] {logging_mixin.py:120} INFO - [2023-03-15T16:11:20.096+0000] {dagbag.py:537} INFO - Filling up the DagBag from /home/airflow/.local/lib/python3.7/site-packages/airflow/example_dags/example_trigger_target_dag.py
[2023-03-15T16:11:20.121+0000] {processor.py:766} INFO - DAG(s) dict_keys(['example_trigger_target_dag']) retrieved from /home/airflow/.local/lib/python3.7/site-packages/airflow/example_dags/example_trigger_target_dag.py
[2023-03-15T16:11:20.161+0000] {logging_mixin.py:120} INFO - [2023-03-15T16:11:20.160+0000] {dag.py:2585} INFO - Sync 1 DAGs
[2023-03-15T16:11:20.185+0000] {logging_mixin.py:120} INFO - [2023-03-15T16:11:20.185+0000] {dag.py:3340} INFO - Setting next_dagrun for example_trigger_target_dag to None, run_after=None
[2023-03-15T16:11:20.202+0000] {processor.py:176} INFO - Processing /home/airflow/.local/lib/python3.7/site-packages/airflow/example_dags/example_trigger_target_dag.py took 0.111 seconds
[2023-03-15T16:11:50.847+0000] {processor.py:154} INFO - Started process (PID=2285) to work on /home/airflow/.local/lib/python3.7/site-packages/airflow/example_dags/example_trigger_target_dag.py
[2023-03-15T16:11:50.851+0000] {processor.py:756} INFO - Processing file /home/airflow/.local/lib/python3.7/site-packages/airflow/example_dags/example_trigger_target_dag.py for tasks to queue
[2023-03-15T16:11:50.852+0000] {logging_mixin.py:120} INFO - [2023-03-15T16:11:50.852+0000] {dagbag.py:537} INFO - Filling up the DagBag from /home/airflow/.local/lib/python3.7/site-packages/airflow/example_dags/example_trigger_target_dag.py
[2023-03-15T16:11:50.878+0000] {processor.py:766} INFO - DAG(s) dict_keys(['example_trigger_target_dag']) retrieved from /home/airflow/.local/lib/python3.7/site-packages/airflow/example_dags/example_trigger_target_dag.py
[2023-03-15T16:11:50.957+0000] {logging_mixin.py:120} INFO - [2023-03-15T16:11:50.957+0000] {dag.py:2585} INFO - Sync 1 DAGs
[2023-03-15T16:11:50.980+0000] {logging_mixin.py:120} INFO - [2023-03-15T16:11:50.980+0000] {dag.py:3340} INFO - Setting next_dagrun for example_trigger_target_dag to None, run_after=None
[2023-03-15T16:11:51.008+0000] {processor.py:176} INFO - Processing /home/airflow/.local/lib/python3.7/site-packages/airflow/example_dags/example_trigger_target_dag.py took 0.165 seconds
[2023-03-15T16:12:21.508+0000] {processor.py:154} INFO - Started process (PID=2485) to work on /home/airflow/.local/lib/python3.7/site-packages/airflow/example_dags/example_trigger_target_dag.py
[2023-03-15T16:12:21.509+0000] {processor.py:756} INFO - Processing file /home/airflow/.local/lib/python3.7/site-packages/airflow/example_dags/example_trigger_target_dag.py for tasks to queue
[2023-03-15T16:12:21.510+0000] {logging_mixin.py:120} INFO - [2023-03-15T16:12:21.510+0000] {dagbag.py:537} INFO - Filling up the DagBag from /home/airflow/.local/lib/python3.7/site-packages/airflow/example_dags/example_trigger_target_dag.py
[2023-03-15T16:12:21.538+0000] {processor.py:766} INFO - DAG(s) dict_keys(['example_trigger_target_dag']) retrieved from /home/airflow/.local/lib/python3.7/site-packages/airflow/example_dags/example_trigger_target_dag.py
[2023-03-15T16:12:21.580+0000] {logging_mixin.py:120} INFO - [2023-03-15T16:12:21.580+0000] {dag.py:2585} INFO - Sync 1 DAGs
[2023-03-15T16:12:21.605+0000] {logging_mixin.py:120} INFO - [2023-03-15T16:12:21.605+0000] {dag.py:3340} INFO - Setting next_dagrun for example_trigger_target_dag to None, run_after=None
[2023-03-15T16:12:21.619+0000] {processor.py:176} INFO - Processing /home/airflow/.local/lib/python3.7/site-packages/airflow/example_dags/example_trigger_target_dag.py took 0.114 seconds
[2023-03-15T16:12:51.836+0000] {processor.py:154} INFO - Started process (PID=2700) to work on /home/airflow/.local/lib/python3.7/site-packages/airflow/example_dags/example_trigger_target_dag.py
[2023-03-15T16:12:51.838+0000] {processor.py:756} INFO - Processing file /home/airflow/.local/lib/python3.7/site-packages/airflow/example_dags/example_trigger_target_dag.py for tasks to queue
[2023-03-15T16:12:51.838+0000] {logging_mixin.py:120} INFO - [2023-03-15T16:12:51.838+0000] {dagbag.py:537} INFO - Filling up the DagBag from /home/airflow/.local/lib/python3.7/site-packages/airflow/example_dags/example_trigger_target_dag.py
[2023-03-15T16:12:51.863+0000] {processor.py:766} INFO - DAG(s) dict_keys(['example_trigger_target_dag']) retrieved from /home/airflow/.local/lib/python3.7/site-packages/airflow/example_dags/example_trigger_target_dag.py
[2023-03-15T16:12:51.929+0000] {logging_mixin.py:120} INFO - [2023-03-15T16:12:51.929+0000] {dag.py:2585} INFO - Sync 1 DAGs
[2023-03-15T16:12:51.989+0000] {logging_mixin.py:120} INFO - [2023-03-15T16:12:51.989+0000] {dag.py:3340} INFO - Setting next_dagrun for example_trigger_target_dag to None, run_after=None
[2023-03-15T16:12:52.017+0000] {processor.py:176} INFO - Processing /home/airflow/.local/lib/python3.7/site-packages/airflow/example_dags/example_trigger_target_dag.py took 0.184 seconds
[2023-03-15T16:13:23.020+0000] {processor.py:154} INFO - Started process (PID=2866) to work on /home/airflow/.local/lib/python3.7/site-packages/airflow/example_dags/example_trigger_target_dag.py
[2023-03-15T16:13:23.022+0000] {processor.py:756} INFO - Processing file /home/airflow/.local/lib/python3.7/site-packages/airflow/example_dags/example_trigger_target_dag.py for tasks to queue
[2023-03-15T16:13:23.023+0000] {logging_mixin.py:120} INFO - [2023-03-15T16:13:23.023+0000] {dagbag.py:537} INFO - Filling up the DagBag from /home/airflow/.local/lib/python3.7/site-packages/airflow/example_dags/example_trigger_target_dag.py
[2023-03-15T16:13:23.039+0000] {processor.py:766} INFO - DAG(s) dict_keys(['example_trigger_target_dag']) retrieved from /home/airflow/.local/lib/python3.7/site-packages/airflow/example_dags/example_trigger_target_dag.py
[2023-03-15T16:13:23.076+0000] {logging_mixin.py:120} INFO - [2023-03-15T16:13:23.075+0000] {dag.py:2585} INFO - Sync 1 DAGs
[2023-03-15T16:13:23.091+0000] {logging_mixin.py:120} INFO - [2023-03-15T16:13:23.091+0000] {dag.py:3340} INFO - Setting next_dagrun for example_trigger_target_dag to None, run_after=None
[2023-03-15T16:13:23.103+0000] {processor.py:176} INFO - Processing /home/airflow/.local/lib/python3.7/site-packages/airflow/example_dags/example_trigger_target_dag.py took 0.088 seconds
[2023-03-15T16:29:48.195+0000] {processor.py:154} INFO - Started process (PID=2908) to work on /home/airflow/.local/lib/python3.7/site-packages/airflow/example_dags/example_trigger_target_dag.py
[2023-03-15T16:29:48.197+0000] {processor.py:756} INFO - Processing file /home/airflow/.local/lib/python3.7/site-packages/airflow/example_dags/example_trigger_target_dag.py for tasks to queue
[2023-03-15T16:29:48.198+0000] {logging_mixin.py:120} INFO - [2023-03-15T16:29:48.198+0000] {dagbag.py:537} INFO - Filling up the DagBag from /home/airflow/.local/lib/python3.7/site-packages/airflow/example_dags/example_trigger_target_dag.py
[2023-03-15T16:29:48.216+0000] {processor.py:766} INFO - DAG(s) dict_keys(['example_trigger_target_dag']) retrieved from /home/airflow/.local/lib/python3.7/site-packages/airflow/example_dags/example_trigger_target_dag.py
[2023-03-15T16:29:48.264+0000] {logging_mixin.py:120} INFO - [2023-03-15T16:29:48.263+0000] {dag.py:2585} INFO - Sync 1 DAGs
[2023-03-15T16:29:48.284+0000] {logging_mixin.py:120} INFO - [2023-03-15T16:29:48.284+0000] {dag.py:3340} INFO - Setting next_dagrun for example_trigger_target_dag to None, run_after=None
[2023-03-15T16:29:48.306+0000] {processor.py:176} INFO - Processing /home/airflow/.local/lib/python3.7/site-packages/airflow/example_dags/example_trigger_target_dag.py took 0.114 seconds
[2023-03-15T16:30:19.010+0000] {processor.py:154} INFO - Started process (PID=2973) to work on /home/airflow/.local/lib/python3.7/site-packages/airflow/example_dags/example_trigger_target_dag.py
[2023-03-15T16:30:19.011+0000] {processor.py:756} INFO - Processing file /home/airflow/.local/lib/python3.7/site-packages/airflow/example_dags/example_trigger_target_dag.py for tasks to queue
[2023-03-15T16:30:19.012+0000] {logging_mixin.py:120} INFO - [2023-03-15T16:30:19.012+0000] {dagbag.py:537} INFO - Filling up the DagBag from /home/airflow/.local/lib/python3.7/site-packages/airflow/example_dags/example_trigger_target_dag.py
[2023-03-15T16:30:19.026+0000] {processor.py:766} INFO - DAG(s) dict_keys(['example_trigger_target_dag']) retrieved from /home/airflow/.local/lib/python3.7/site-packages/airflow/example_dags/example_trigger_target_dag.py
[2023-03-15T16:30:19.056+0000] {logging_mixin.py:120} INFO - [2023-03-15T16:30:19.056+0000] {dag.py:2585} INFO - Sync 1 DAGs
[2023-03-15T16:30:19.071+0000] {logging_mixin.py:120} INFO - [2023-03-15T16:30:19.071+0000] {dag.py:3340} INFO - Setting next_dagrun for example_trigger_target_dag to None, run_after=None
[2023-03-15T16:30:19.082+0000] {processor.py:176} INFO - Processing /home/airflow/.local/lib/python3.7/site-packages/airflow/example_dags/example_trigger_target_dag.py took 0.075 seconds
[2023-03-15T16:47:13.934+0000] {processor.py:154} INFO - Started process (PID=3029) to work on /home/airflow/.local/lib/python3.7/site-packages/airflow/example_dags/example_trigger_target_dag.py
[2023-03-15T16:47:13.935+0000] {processor.py:756} INFO - Processing file /home/airflow/.local/lib/python3.7/site-packages/airflow/example_dags/example_trigger_target_dag.py for tasks to queue
[2023-03-15T16:47:13.936+0000] {logging_mixin.py:120} INFO - [2023-03-15T16:47:13.936+0000] {dagbag.py:537} INFO - Filling up the DagBag from /home/airflow/.local/lib/python3.7/site-packages/airflow/example_dags/example_trigger_target_dag.py
[2023-03-15T16:47:13.955+0000] {processor.py:766} INFO - DAG(s) dict_keys(['example_trigger_target_dag']) retrieved from /home/airflow/.local/lib/python3.7/site-packages/airflow/example_dags/example_trigger_target_dag.py
[2023-03-15T16:47:14.008+0000] {logging_mixin.py:120} INFO - [2023-03-15T16:47:14.008+0000] {dag.py:2585} INFO - Sync 1 DAGs
[2023-03-15T16:47:14.030+0000] {logging_mixin.py:120} INFO - [2023-03-15T16:47:14.030+0000] {dag.py:3340} INFO - Setting next_dagrun for example_trigger_target_dag to None, run_after=None
[2023-03-15T16:47:14.063+0000] {processor.py:176} INFO - Processing /home/airflow/.local/lib/python3.7/site-packages/airflow/example_dags/example_trigger_target_dag.py took 0.132 seconds
[2023-03-15T16:47:44.749+0000] {processor.py:154} INFO - Started process (PID=3094) to work on /home/airflow/.local/lib/python3.7/site-packages/airflow/example_dags/example_trigger_target_dag.py
[2023-03-15T16:47:44.750+0000] {processor.py:756} INFO - Processing file /home/airflow/.local/lib/python3.7/site-packages/airflow/example_dags/example_trigger_target_dag.py for tasks to queue
[2023-03-15T16:47:44.751+0000] {logging_mixin.py:120} INFO - [2023-03-15T16:47:44.750+0000] {dagbag.py:537} INFO - Filling up the DagBag from /home/airflow/.local/lib/python3.7/site-packages/airflow/example_dags/example_trigger_target_dag.py
[2023-03-15T16:47:44.764+0000] {processor.py:766} INFO - DAG(s) dict_keys(['example_trigger_target_dag']) retrieved from /home/airflow/.local/lib/python3.7/site-packages/airflow/example_dags/example_trigger_target_dag.py
[2023-03-15T16:47:44.792+0000] {logging_mixin.py:120} INFO - [2023-03-15T16:47:44.792+0000] {dag.py:2585} INFO - Sync 1 DAGs
[2023-03-15T16:47:44.807+0000] {logging_mixin.py:120} INFO - [2023-03-15T16:47:44.807+0000] {dag.py:3340} INFO - Setting next_dagrun for example_trigger_target_dag to None, run_after=None
[2023-03-15T16:47:44.819+0000] {processor.py:176} INFO - Processing /home/airflow/.local/lib/python3.7/site-packages/airflow/example_dags/example_trigger_target_dag.py took 0.074 seconds
[2023-03-15T16:59:21.038+0000] {processor.py:154} INFO - Started process (PID=3159) to work on /home/airflow/.local/lib/python3.7/site-packages/airflow/example_dags/example_trigger_target_dag.py
[2023-03-15T16:59:21.039+0000] {processor.py:756} INFO - Processing file /home/airflow/.local/lib/python3.7/site-packages/airflow/example_dags/example_trigger_target_dag.py for tasks to queue
[2023-03-15T16:59:21.041+0000] {logging_mixin.py:120} INFO - [2023-03-15T16:59:21.041+0000] {dagbag.py:537} INFO - Filling up the DagBag from /home/airflow/.local/lib/python3.7/site-packages/airflow/example_dags/example_trigger_target_dag.py
[2023-03-15T16:59:21.066+0000] {processor.py:766} INFO - DAG(s) dict_keys(['example_trigger_target_dag']) retrieved from /home/airflow/.local/lib/python3.7/site-packages/airflow/example_dags/example_trigger_target_dag.py
[2023-03-15T16:59:21.111+0000] {logging_mixin.py:120} INFO - [2023-03-15T16:59:21.111+0000] {dag.py:2585} INFO - Sync 1 DAGs
[2023-03-15T16:59:21.130+0000] {logging_mixin.py:120} INFO - [2023-03-15T16:59:21.130+0000] {dag.py:3340} INFO - Setting next_dagrun for example_trigger_target_dag to None, run_after=None
[2023-03-15T16:59:21.145+0000] {processor.py:176} INFO - Processing /home/airflow/.local/lib/python3.7/site-packages/airflow/example_dags/example_trigger_target_dag.py took 0.111 seconds
[2023-03-15T16:59:51.266+0000] {processor.py:154} INFO - Started process (PID=3224) to work on /home/airflow/.local/lib/python3.7/site-packages/airflow/example_dags/example_trigger_target_dag.py
[2023-03-15T16:59:51.267+0000] {processor.py:756} INFO - Processing file /home/airflow/.local/lib/python3.7/site-packages/airflow/example_dags/example_trigger_target_dag.py for tasks to queue
[2023-03-15T16:59:51.268+0000] {logging_mixin.py:120} INFO - [2023-03-15T16:59:51.268+0000] {dagbag.py:537} INFO - Filling up the DagBag from /home/airflow/.local/lib/python3.7/site-packages/airflow/example_dags/example_trigger_target_dag.py
[2023-03-15T16:59:51.282+0000] {processor.py:766} INFO - DAG(s) dict_keys(['example_trigger_target_dag']) retrieved from /home/airflow/.local/lib/python3.7/site-packages/airflow/example_dags/example_trigger_target_dag.py
[2023-03-15T16:59:51.310+0000] {logging_mixin.py:120} INFO - [2023-03-15T16:59:51.310+0000] {dag.py:2585} INFO - Sync 1 DAGs
[2023-03-15T16:59:51.324+0000] {logging_mixin.py:120} INFO - [2023-03-15T16:59:51.324+0000] {dag.py:3340} INFO - Setting next_dagrun for example_trigger_target_dag to None, run_after=None
[2023-03-15T16:59:51.336+0000] {processor.py:176} INFO - Processing /home/airflow/.local/lib/python3.7/site-packages/airflow/example_dags/example_trigger_target_dag.py took 0.073 seconds
[2023-03-15T17:00:22.026+0000] {processor.py:154} INFO - Started process (PID=3288) to work on /home/airflow/.local/lib/python3.7/site-packages/airflow/example_dags/example_trigger_target_dag.py
[2023-03-15T17:00:22.027+0000] {processor.py:756} INFO - Processing file /home/airflow/.local/lib/python3.7/site-packages/airflow/example_dags/example_trigger_target_dag.py for tasks to queue
[2023-03-15T17:00:22.028+0000] {logging_mixin.py:120} INFO - [2023-03-15T17:00:22.028+0000] {dagbag.py:537} INFO - Filling up the DagBag from /home/airflow/.local/lib/python3.7/site-packages/airflow/example_dags/example_trigger_target_dag.py
[2023-03-15T17:00:22.043+0000] {processor.py:766} INFO - DAG(s) dict_keys(['example_trigger_target_dag']) retrieved from /home/airflow/.local/lib/python3.7/site-packages/airflow/example_dags/example_trigger_target_dag.py
[2023-03-15T17:00:22.072+0000] {logging_mixin.py:120} INFO - [2023-03-15T17:00:22.072+0000] {dag.py:2585} INFO - Sync 1 DAGs
[2023-03-15T17:00:22.087+0000] {logging_mixin.py:120} INFO - [2023-03-15T17:00:22.087+0000] {dag.py:3340} INFO - Setting next_dagrun for example_trigger_target_dag to None, run_after=None
[2023-03-15T17:00:22.099+0000] {processor.py:176} INFO - Processing /home/airflow/.local/lib/python3.7/site-packages/airflow/example_dags/example_trigger_target_dag.py took 0.076 seconds
[2023-03-15T17:00:52.501+0000] {processor.py:154} INFO - Started process (PID=3344) to work on /home/airflow/.local/lib/python3.7/site-packages/airflow/example_dags/example_trigger_target_dag.py
[2023-03-15T17:00:52.502+0000] {processor.py:756} INFO - Processing file /home/airflow/.local/lib/python3.7/site-packages/airflow/example_dags/example_trigger_target_dag.py for tasks to queue
[2023-03-15T17:00:52.503+0000] {logging_mixin.py:120} INFO - [2023-03-15T17:00:52.503+0000] {dagbag.py:537} INFO - Filling up the DagBag from /home/airflow/.local/lib/python3.7/site-packages/airflow/example_dags/example_trigger_target_dag.py
[2023-03-15T17:00:52.517+0000] {processor.py:766} INFO - DAG(s) dict_keys(['example_trigger_target_dag']) retrieved from /home/airflow/.local/lib/python3.7/site-packages/airflow/example_dags/example_trigger_target_dag.py
[2023-03-15T17:00:52.559+0000] {logging_mixin.py:120} INFO - [2023-03-15T17:00:52.559+0000] {dag.py:2585} INFO - Sync 1 DAGs
[2023-03-15T17:00:52.574+0000] {logging_mixin.py:120} INFO - [2023-03-15T17:00:52.573+0000] {dag.py:3340} INFO - Setting next_dagrun for example_trigger_target_dag to None, run_after=None
[2023-03-15T17:00:52.585+0000] {processor.py:176} INFO - Processing /home/airflow/.local/lib/python3.7/site-packages/airflow/example_dags/example_trigger_target_dag.py took 0.087 seconds
[2023-03-15T17:01:22.887+0000] {processor.py:154} INFO - Started process (PID=3409) to work on /home/airflow/.local/lib/python3.7/site-packages/airflow/example_dags/example_trigger_target_dag.py
[2023-03-15T17:01:22.888+0000] {processor.py:756} INFO - Processing file /home/airflow/.local/lib/python3.7/site-packages/airflow/example_dags/example_trigger_target_dag.py for tasks to queue
[2023-03-15T17:01:22.889+0000] {logging_mixin.py:120} INFO - [2023-03-15T17:01:22.889+0000] {dagbag.py:537} INFO - Filling up the DagBag from /home/airflow/.local/lib/python3.7/site-packages/airflow/example_dags/example_trigger_target_dag.py
[2023-03-15T17:01:22.902+0000] {processor.py:766} INFO - DAG(s) dict_keys(['example_trigger_target_dag']) retrieved from /home/airflow/.local/lib/python3.7/site-packages/airflow/example_dags/example_trigger_target_dag.py
[2023-03-15T17:01:22.931+0000] {logging_mixin.py:120} INFO - [2023-03-15T17:01:22.931+0000] {dag.py:2585} INFO - Sync 1 DAGs
[2023-03-15T17:01:22.946+0000] {logging_mixin.py:120} INFO - [2023-03-15T17:01:22.945+0000] {dag.py:3340} INFO - Setting next_dagrun for example_trigger_target_dag to None, run_after=None
[2023-03-15T17:01:22.959+0000] {processor.py:176} INFO - Processing /home/airflow/.local/lib/python3.7/site-packages/airflow/example_dags/example_trigger_target_dag.py took 0.075 seconds
[2023-03-15T17:01:53.380+0000] {processor.py:154} INFO - Started process (PID=3474) to work on /home/airflow/.local/lib/python3.7/site-packages/airflow/example_dags/example_trigger_target_dag.py
[2023-03-15T17:01:53.382+0000] {processor.py:756} INFO - Processing file /home/airflow/.local/lib/python3.7/site-packages/airflow/example_dags/example_trigger_target_dag.py for tasks to queue
[2023-03-15T17:01:53.382+0000] {logging_mixin.py:120} INFO - [2023-03-15T17:01:53.382+0000] {dagbag.py:537} INFO - Filling up the DagBag from /home/airflow/.local/lib/python3.7/site-packages/airflow/example_dags/example_trigger_target_dag.py
[2023-03-15T17:01:53.397+0000] {processor.py:766} INFO - DAG(s) dict_keys(['example_trigger_target_dag']) retrieved from /home/airflow/.local/lib/python3.7/site-packages/airflow/example_dags/example_trigger_target_dag.py
[2023-03-15T17:01:53.426+0000] {logging_mixin.py:120} INFO - [2023-03-15T17:01:53.426+0000] {dag.py:2585} INFO - Sync 1 DAGs
[2023-03-15T17:01:53.441+0000] {logging_mixin.py:120} INFO - [2023-03-15T17:01:53.441+0000] {dag.py:3340} INFO - Setting next_dagrun for example_trigger_target_dag to None, run_after=None
[2023-03-15T17:01:53.452+0000] {processor.py:176} INFO - Processing /home/airflow/.local/lib/python3.7/site-packages/airflow/example_dags/example_trigger_target_dag.py took 0.074 seconds
[2023-03-15T17:02:23.714+0000] {processor.py:154} INFO - Started process (PID=3539) to work on /home/airflow/.local/lib/python3.7/site-packages/airflow/example_dags/example_trigger_target_dag.py
[2023-03-15T17:02:23.715+0000] {processor.py:756} INFO - Processing file /home/airflow/.local/lib/python3.7/site-packages/airflow/example_dags/example_trigger_target_dag.py for tasks to queue
[2023-03-15T17:02:23.716+0000] {logging_mixin.py:120} INFO - [2023-03-15T17:02:23.716+0000] {dagbag.py:537} INFO - Filling up the DagBag from /home/airflow/.local/lib/python3.7/site-packages/airflow/example_dags/example_trigger_target_dag.py
[2023-03-15T17:02:23.729+0000] {processor.py:766} INFO - DAG(s) dict_keys(['example_trigger_target_dag']) retrieved from /home/airflow/.local/lib/python3.7/site-packages/airflow/example_dags/example_trigger_target_dag.py
[2023-03-15T17:02:23.758+0000] {logging_mixin.py:120} INFO - [2023-03-15T17:02:23.758+0000] {dag.py:2585} INFO - Sync 1 DAGs
[2023-03-15T17:02:23.773+0000] {logging_mixin.py:120} INFO - [2023-03-15T17:02:23.773+0000] {dag.py:3340} INFO - Setting next_dagrun for example_trigger_target_dag to None, run_after=None
[2023-03-15T17:02:23.785+0000] {processor.py:176} INFO - Processing /home/airflow/.local/lib/python3.7/site-packages/airflow/example_dags/example_trigger_target_dag.py took 0.074 seconds
[2023-03-15T17:02:54.192+0000] {processor.py:154} INFO - Started process (PID=3604) to work on /home/airflow/.local/lib/python3.7/site-packages/airflow/example_dags/example_trigger_target_dag.py
[2023-03-15T17:02:54.193+0000] {processor.py:756} INFO - Processing file /home/airflow/.local/lib/python3.7/site-packages/airflow/example_dags/example_trigger_target_dag.py for tasks to queue
[2023-03-15T17:02:54.194+0000] {logging_mixin.py:120} INFO - [2023-03-15T17:02:54.194+0000] {dagbag.py:537} INFO - Filling up the DagBag from /home/airflow/.local/lib/python3.7/site-packages/airflow/example_dags/example_trigger_target_dag.py
[2023-03-15T17:02:54.209+0000] {processor.py:766} INFO - DAG(s) dict_keys(['example_trigger_target_dag']) retrieved from /home/airflow/.local/lib/python3.7/site-packages/airflow/example_dags/example_trigger_target_dag.py
[2023-03-15T17:02:54.238+0000] {logging_mixin.py:120} INFO - [2023-03-15T17:02:54.238+0000] {dag.py:2585} INFO - Sync 1 DAGs
[2023-03-15T17:02:54.252+0000] {logging_mixin.py:120} INFO - [2023-03-15T17:02:54.252+0000] {dag.py:3340} INFO - Setting next_dagrun for example_trigger_target_dag to None, run_after=None
[2023-03-15T17:02:54.264+0000] {processor.py:176} INFO - Processing /home/airflow/.local/lib/python3.7/site-packages/airflow/example_dags/example_trigger_target_dag.py took 0.075 seconds
[2023-03-15T17:03:24.700+0000] {processor.py:154} INFO - Started process (PID=3669) to work on /home/airflow/.local/lib/python3.7/site-packages/airflow/example_dags/example_trigger_target_dag.py
[2023-03-15T17:03:24.701+0000] {processor.py:756} INFO - Processing file /home/airflow/.local/lib/python3.7/site-packages/airflow/example_dags/example_trigger_target_dag.py for tasks to queue
[2023-03-15T17:03:24.702+0000] {logging_mixin.py:120} INFO - [2023-03-15T17:03:24.702+0000] {dagbag.py:537} INFO - Filling up the DagBag from /home/airflow/.local/lib/python3.7/site-packages/airflow/example_dags/example_trigger_target_dag.py
[2023-03-15T17:03:24.715+0000] {processor.py:766} INFO - DAG(s) dict_keys(['example_trigger_target_dag']) retrieved from /home/airflow/.local/lib/python3.7/site-packages/airflow/example_dags/example_trigger_target_dag.py
[2023-03-15T17:03:24.745+0000] {logging_mixin.py:120} INFO - [2023-03-15T17:03:24.745+0000] {dag.py:2585} INFO - Sync 1 DAGs
[2023-03-15T17:03:24.760+0000] {logging_mixin.py:120} INFO - [2023-03-15T17:03:24.760+0000] {dag.py:3340} INFO - Setting next_dagrun for example_trigger_target_dag to None, run_after=None
[2023-03-15T17:03:24.773+0000] {processor.py:176} INFO - Processing /home/airflow/.local/lib/python3.7/site-packages/airflow/example_dags/example_trigger_target_dag.py took 0.075 seconds
[2023-03-15T17:03:55.215+0000] {processor.py:154} INFO - Started process (PID=3731) to work on /home/airflow/.local/lib/python3.7/site-packages/airflow/example_dags/example_trigger_target_dag.py
[2023-03-15T17:03:55.216+0000] {processor.py:756} INFO - Processing file /home/airflow/.local/lib/python3.7/site-packages/airflow/example_dags/example_trigger_target_dag.py for tasks to queue
[2023-03-15T17:03:55.217+0000] {logging_mixin.py:120} INFO - [2023-03-15T17:03:55.217+0000] {dagbag.py:537} INFO - Filling up the DagBag from /home/airflow/.local/lib/python3.7/site-packages/airflow/example_dags/example_trigger_target_dag.py
[2023-03-15T17:03:55.233+0000] {processor.py:766} INFO - DAG(s) dict_keys(['example_trigger_target_dag']) retrieved from /home/airflow/.local/lib/python3.7/site-packages/airflow/example_dags/example_trigger_target_dag.py
[2023-03-15T17:03:55.265+0000] {logging_mixin.py:120} INFO - [2023-03-15T17:03:55.265+0000] {dag.py:2585} INFO - Sync 1 DAGs
[2023-03-15T17:03:55.287+0000] {logging_mixin.py:120} INFO - [2023-03-15T17:03:55.287+0000] {dag.py:3340} INFO - Setting next_dagrun for example_trigger_target_dag to None, run_after=None
[2023-03-15T17:03:55.300+0000] {processor.py:176} INFO - Processing /home/airflow/.local/lib/python3.7/site-packages/airflow/example_dags/example_trigger_target_dag.py took 0.087 seconds
[2023-03-15T17:04:25.793+0000] {processor.py:154} INFO - Started process (PID=3789) to work on /home/airflow/.local/lib/python3.7/site-packages/airflow/example_dags/example_trigger_target_dag.py
[2023-03-15T17:04:25.795+0000] {processor.py:756} INFO - Processing file /home/airflow/.local/lib/python3.7/site-packages/airflow/example_dags/example_trigger_target_dag.py for tasks to queue
[2023-03-15T17:04:25.795+0000] {logging_mixin.py:120} INFO - [2023-03-15T17:04:25.795+0000] {dagbag.py:537} INFO - Filling up the DagBag from /home/airflow/.local/lib/python3.7/site-packages/airflow/example_dags/example_trigger_target_dag.py
[2023-03-15T17:04:25.809+0000] {processor.py:766} INFO - DAG(s) dict_keys(['example_trigger_target_dag']) retrieved from /home/airflow/.local/lib/python3.7/site-packages/airflow/example_dags/example_trigger_target_dag.py
[2023-03-15T17:04:25.840+0000] {logging_mixin.py:120} INFO - [2023-03-15T17:04:25.840+0000] {dag.py:2585} INFO - Sync 1 DAGs
[2023-03-15T17:04:25.855+0000] {logging_mixin.py:120} INFO - [2023-03-15T17:04:25.855+0000] {dag.py:3340} INFO - Setting next_dagrun for example_trigger_target_dag to None, run_after=None
[2023-03-15T17:04:25.868+0000] {processor.py:176} INFO - Processing /home/airflow/.local/lib/python3.7/site-packages/airflow/example_dags/example_trigger_target_dag.py took 0.077 seconds
