[2023-03-15T16:01:36.421+0000] {processor.py:154} INFO - Started process (PID=33) to work on /home/airflow/.local/lib/python3.7/site-packages/airflow/example_dags/example_branch_labels.py
[2023-03-15T16:01:36.425+0000] {processor.py:756} INFO - Processing file /home/airflow/.local/lib/python3.7/site-packages/airflow/example_dags/example_branch_labels.py for tasks to queue
[2023-03-15T16:01:36.429+0000] {logging_mixin.py:120} INFO - [2023-03-15T16:01:36.429+0000] {dagbag.py:537} INFO - Filling up the DagBag from /home/airflow/.local/lib/python3.7/site-packages/airflow/example_dags/example_branch_labels.py
[2023-03-15T16:01:36.477+0000] {processor.py:766} INFO - DAG(s) dict_keys(['example_branch_labels']) retrieved from /home/airflow/.local/lib/python3.7/site-packages/airflow/example_dags/example_branch_labels.py
[2023-03-15T16:01:36.723+0000] {logging_mixin.py:120} INFO - [2023-03-15T16:01:36.723+0000] {manager.py:507} INFO - Created Permission View: can read on DAG:example_branch_labels
[2023-03-15T16:01:36.738+0000] {logging_mixin.py:120} INFO - [2023-03-15T16:01:36.738+0000] {manager.py:507} INFO - Created Permission View: can delete on DAG:example_branch_labels
[2023-03-15T16:01:36.751+0000] {logging_mixin.py:120} INFO - [2023-03-15T16:01:36.750+0000] {manager.py:507} INFO - Created Permission View: can edit on DAG:example_branch_labels
[2023-03-15T16:01:36.753+0000] {logging_mixin.py:120} INFO - [2023-03-15T16:01:36.753+0000] {dag.py:2585} INFO - Sync 1 DAGs
[2023-03-15T16:01:36.778+0000] {logging_mixin.py:120} INFO - [2023-03-15T16:01:36.778+0000] {dag.py:2606} INFO - Creating ORM DAG for example_branch_labels
[2023-03-15T16:01:36.823+0000] {logging_mixin.py:120} INFO - [2023-03-15T16:01:36.823+0000] {dag.py:3340} INFO - Setting next_dagrun for example_branch_labels to 2023-03-14T00:00:00+00:00, run_after=2023-03-15T00:00:00+00:00
[2023-03-15T16:01:36.860+0000] {processor.py:176} INFO - Processing /home/airflow/.local/lib/python3.7/site-packages/airflow/example_dags/example_branch_labels.py took 0.458 seconds
[2023-03-15T16:02:07.726+0000] {processor.py:154} INFO - Started process (PID=95) to work on /home/airflow/.local/lib/python3.7/site-packages/airflow/example_dags/example_branch_labels.py
[2023-03-15T16:02:07.728+0000] {processor.py:756} INFO - Processing file /home/airflow/.local/lib/python3.7/site-packages/airflow/example_dags/example_branch_labels.py for tasks to queue
[2023-03-15T16:02:07.729+0000] {logging_mixin.py:120} INFO - [2023-03-15T16:02:07.729+0000] {dagbag.py:537} INFO - Filling up the DagBag from /home/airflow/.local/lib/python3.7/site-packages/airflow/example_dags/example_branch_labels.py
[2023-03-15T16:02:07.746+0000] {processor.py:766} INFO - DAG(s) dict_keys(['example_branch_labels']) retrieved from /home/airflow/.local/lib/python3.7/site-packages/airflow/example_dags/example_branch_labels.py
[2023-03-15T16:02:07.791+0000] {logging_mixin.py:120} INFO - [2023-03-15T16:02:07.791+0000] {dag.py:2585} INFO - Sync 1 DAGs
[2023-03-15T16:02:07.812+0000] {logging_mixin.py:120} INFO - [2023-03-15T16:02:07.811+0000] {dag.py:3340} INFO - Setting next_dagrun for example_branch_labels to 2023-03-14T00:00:00+00:00, run_after=2023-03-15T00:00:00+00:00
[2023-03-15T16:02:07.825+0000] {processor.py:176} INFO - Processing /home/airflow/.local/lib/python3.7/site-packages/airflow/example_dags/example_branch_labels.py took 0.108 seconds
[2023-03-15T16:02:38.241+0000] {processor.py:154} INFO - Started process (PID=157) to work on /home/airflow/.local/lib/python3.7/site-packages/airflow/example_dags/example_branch_labels.py
[2023-03-15T16:02:38.245+0000] {processor.py:756} INFO - Processing file /home/airflow/.local/lib/python3.7/site-packages/airflow/example_dags/example_branch_labels.py for tasks to queue
[2023-03-15T16:02:38.254+0000] {logging_mixin.py:120} INFO - [2023-03-15T16:02:38.253+0000] {dagbag.py:537} INFO - Filling up the DagBag from /home/airflow/.local/lib/python3.7/site-packages/airflow/example_dags/example_branch_labels.py
[2023-03-15T16:02:38.290+0000] {processor.py:766} INFO - DAG(s) dict_keys(['example_branch_labels']) retrieved from /home/airflow/.local/lib/python3.7/site-packages/airflow/example_dags/example_branch_labels.py
[2023-03-15T16:02:38.433+0000] {logging_mixin.py:120} INFO - [2023-03-15T16:02:38.432+0000] {dag.py:2585} INFO - Sync 1 DAGs
[2023-03-15T16:02:38.569+0000] {logging_mixin.py:120} INFO - [2023-03-15T16:02:38.569+0000] {dag.py:3340} INFO - Setting next_dagrun for example_branch_labels to 2023-03-14T00:00:00+00:00, run_after=2023-03-15T00:00:00+00:00
[2023-03-15T16:02:38.597+0000] {processor.py:176} INFO - Processing /home/airflow/.local/lib/python3.7/site-packages/airflow/example_dags/example_branch_labels.py took 0.375 seconds
[2023-03-15T16:03:08.734+0000] {processor.py:154} INFO - Started process (PID=212) to work on /home/airflow/.local/lib/python3.7/site-packages/airflow/example_dags/example_branch_labels.py
[2023-03-15T16:03:08.736+0000] {processor.py:756} INFO - Processing file /home/airflow/.local/lib/python3.7/site-packages/airflow/example_dags/example_branch_labels.py for tasks to queue
[2023-03-15T16:03:08.737+0000] {logging_mixin.py:120} INFO - [2023-03-15T16:03:08.737+0000] {dagbag.py:537} INFO - Filling up the DagBag from /home/airflow/.local/lib/python3.7/site-packages/airflow/example_dags/example_branch_labels.py
[2023-03-15T16:03:08.753+0000] {processor.py:766} INFO - DAG(s) dict_keys(['example_branch_labels']) retrieved from /home/airflow/.local/lib/python3.7/site-packages/airflow/example_dags/example_branch_labels.py
[2023-03-15T16:03:08.790+0000] {logging_mixin.py:120} INFO - [2023-03-15T16:03:08.790+0000] {dag.py:2585} INFO - Sync 1 DAGs
[2023-03-15T16:03:08.810+0000] {logging_mixin.py:120} INFO - [2023-03-15T16:03:08.810+0000] {dag.py:3340} INFO - Setting next_dagrun for example_branch_labels to 2023-03-14T00:00:00+00:00, run_after=2023-03-15T00:00:00+00:00
[2023-03-15T16:03:08.823+0000] {processor.py:176} INFO - Processing /home/airflow/.local/lib/python3.7/site-packages/airflow/example_dags/example_branch_labels.py took 0.094 seconds
[2023-03-15T16:03:39.173+0000] {processor.py:154} INFO - Started process (PID=276) to work on /home/airflow/.local/lib/python3.7/site-packages/airflow/example_dags/example_branch_labels.py
[2023-03-15T16:03:39.175+0000] {processor.py:756} INFO - Processing file /home/airflow/.local/lib/python3.7/site-packages/airflow/example_dags/example_branch_labels.py for tasks to queue
[2023-03-15T16:03:39.176+0000] {logging_mixin.py:120} INFO - [2023-03-15T16:03:39.176+0000] {dagbag.py:537} INFO - Filling up the DagBag from /home/airflow/.local/lib/python3.7/site-packages/airflow/example_dags/example_branch_labels.py
[2023-03-15T16:03:39.187+0000] {processor.py:766} INFO - DAG(s) dict_keys(['example_branch_labels']) retrieved from /home/airflow/.local/lib/python3.7/site-packages/airflow/example_dags/example_branch_labels.py
[2023-03-15T16:03:39.226+0000] {logging_mixin.py:120} INFO - [2023-03-15T16:03:39.225+0000] {dag.py:2585} INFO - Sync 1 DAGs
[2023-03-15T16:03:39.242+0000] {logging_mixin.py:120} INFO - [2023-03-15T16:03:39.242+0000] {dag.py:3340} INFO - Setting next_dagrun for example_branch_labels to 2023-03-14T00:00:00+00:00, run_after=2023-03-15T00:00:00+00:00
[2023-03-15T16:03:39.255+0000] {processor.py:176} INFO - Processing /home/airflow/.local/lib/python3.7/site-packages/airflow/example_dags/example_branch_labels.py took 0.087 seconds
[2023-03-15T16:04:09.418+0000] {processor.py:154} INFO - Started process (PID=339) to work on /home/airflow/.local/lib/python3.7/site-packages/airflow/example_dags/example_branch_labels.py
[2023-03-15T16:04:09.419+0000] {processor.py:756} INFO - Processing file /home/airflow/.local/lib/python3.7/site-packages/airflow/example_dags/example_branch_labels.py for tasks to queue
[2023-03-15T16:04:09.420+0000] {logging_mixin.py:120} INFO - [2023-03-15T16:04:09.420+0000] {dagbag.py:537} INFO - Filling up the DagBag from /home/airflow/.local/lib/python3.7/site-packages/airflow/example_dags/example_branch_labels.py
[2023-03-15T16:04:09.435+0000] {processor.py:766} INFO - DAG(s) dict_keys(['example_branch_labels']) retrieved from /home/airflow/.local/lib/python3.7/site-packages/airflow/example_dags/example_branch_labels.py
[2023-03-15T16:04:09.471+0000] {logging_mixin.py:120} INFO - [2023-03-15T16:04:09.471+0000] {dag.py:2585} INFO - Sync 1 DAGs
[2023-03-15T16:04:09.487+0000] {logging_mixin.py:120} INFO - [2023-03-15T16:04:09.487+0000] {dag.py:3340} INFO - Setting next_dagrun for example_branch_labels to 2023-03-14T00:00:00+00:00, run_after=2023-03-15T00:00:00+00:00
[2023-03-15T16:04:09.499+0000] {processor.py:176} INFO - Processing /home/airflow/.local/lib/python3.7/site-packages/airflow/example_dags/example_branch_labels.py took 0.084 seconds
[2023-03-15T16:04:39.667+0000] {processor.py:154} INFO - Started process (PID=404) to work on /home/airflow/.local/lib/python3.7/site-packages/airflow/example_dags/example_branch_labels.py
[2023-03-15T16:04:39.669+0000] {processor.py:756} INFO - Processing file /home/airflow/.local/lib/python3.7/site-packages/airflow/example_dags/example_branch_labels.py for tasks to queue
[2023-03-15T16:04:39.670+0000] {logging_mixin.py:120} INFO - [2023-03-15T16:04:39.670+0000] {dagbag.py:537} INFO - Filling up the DagBag from /home/airflow/.local/lib/python3.7/site-packages/airflow/example_dags/example_branch_labels.py
[2023-03-15T16:04:39.683+0000] {processor.py:766} INFO - DAG(s) dict_keys(['example_branch_labels']) retrieved from /home/airflow/.local/lib/python3.7/site-packages/airflow/example_dags/example_branch_labels.py
[2023-03-15T16:04:39.715+0000] {logging_mixin.py:120} INFO - [2023-03-15T16:04:39.715+0000] {dag.py:2585} INFO - Sync 1 DAGs
[2023-03-15T16:04:39.732+0000] {logging_mixin.py:120} INFO - [2023-03-15T16:04:39.732+0000] {dag.py:3340} INFO - Setting next_dagrun for example_branch_labels to 2023-03-14T00:00:00+00:00, run_after=2023-03-15T00:00:00+00:00
[2023-03-15T16:04:39.744+0000] {processor.py:176} INFO - Processing /home/airflow/.local/lib/python3.7/site-packages/airflow/example_dags/example_branch_labels.py took 0.080 seconds
[2023-03-15T16:05:10.752+0000] {processor.py:154} INFO - Started process (PID=468) to work on /home/airflow/.local/lib/python3.7/site-packages/airflow/example_dags/example_branch_labels.py
[2023-03-15T16:05:10.758+0000] {processor.py:756} INFO - Processing file /home/airflow/.local/lib/python3.7/site-packages/airflow/example_dags/example_branch_labels.py for tasks to queue
[2023-03-15T16:05:10.759+0000] {logging_mixin.py:120} INFO - [2023-03-15T16:05:10.759+0000] {dagbag.py:537} INFO - Filling up the DagBag from /home/airflow/.local/lib/python3.7/site-packages/airflow/example_dags/example_branch_labels.py
[2023-03-15T16:05:10.783+0000] {processor.py:766} INFO - DAG(s) dict_keys(['example_branch_labels']) retrieved from /home/airflow/.local/lib/python3.7/site-packages/airflow/example_dags/example_branch_labels.py
[2023-03-15T16:05:10.838+0000] {logging_mixin.py:120} INFO - [2023-03-15T16:05:10.838+0000] {dag.py:2585} INFO - Sync 1 DAGs
[2023-03-15T16:05:10.862+0000] {logging_mixin.py:120} INFO - [2023-03-15T16:05:10.862+0000] {dag.py:3340} INFO - Setting next_dagrun for example_branch_labels to 2023-03-14T00:00:00+00:00, run_after=2023-03-15T00:00:00+00:00
[2023-03-15T16:05:10.876+0000] {processor.py:176} INFO - Processing /home/airflow/.local/lib/python3.7/site-packages/airflow/example_dags/example_branch_labels.py took 0.129 seconds
[2023-03-15T16:05:41.572+0000] {processor.py:154} INFO - Started process (PID=522) to work on /home/airflow/.local/lib/python3.7/site-packages/airflow/example_dags/example_branch_labels.py
[2023-03-15T16:05:41.575+0000] {processor.py:756} INFO - Processing file /home/airflow/.local/lib/python3.7/site-packages/airflow/example_dags/example_branch_labels.py for tasks to queue
[2023-03-15T16:05:41.576+0000] {logging_mixin.py:120} INFO - [2023-03-15T16:05:41.576+0000] {dagbag.py:537} INFO - Filling up the DagBag from /home/airflow/.local/lib/python3.7/site-packages/airflow/example_dags/example_branch_labels.py
[2023-03-15T16:05:41.595+0000] {processor.py:766} INFO - DAG(s) dict_keys(['example_branch_labels']) retrieved from /home/airflow/.local/lib/python3.7/site-packages/airflow/example_dags/example_branch_labels.py
[2023-03-15T16:05:41.635+0000] {logging_mixin.py:120} INFO - [2023-03-15T16:05:41.635+0000] {dag.py:2585} INFO - Sync 1 DAGs
[2023-03-15T16:05:41.663+0000] {logging_mixin.py:120} INFO - [2023-03-15T16:05:41.663+0000] {dag.py:3340} INFO - Setting next_dagrun for example_branch_labels to 2023-03-14T00:00:00+00:00, run_after=2023-03-15T00:00:00+00:00
[2023-03-15T16:05:41.677+0000] {processor.py:176} INFO - Processing /home/airflow/.local/lib/python3.7/site-packages/airflow/example_dags/example_branch_labels.py took 0.109 seconds
[2023-03-15T16:06:11.827+0000] {processor.py:154} INFO - Started process (PID=584) to work on /home/airflow/.local/lib/python3.7/site-packages/airflow/example_dags/example_branch_labels.py
[2023-03-15T16:06:11.830+0000] {processor.py:756} INFO - Processing file /home/airflow/.local/lib/python3.7/site-packages/airflow/example_dags/example_branch_labels.py for tasks to queue
[2023-03-15T16:06:11.832+0000] {logging_mixin.py:120} INFO - [2023-03-15T16:06:11.831+0000] {dagbag.py:537} INFO - Filling up the DagBag from /home/airflow/.local/lib/python3.7/site-packages/airflow/example_dags/example_branch_labels.py
[2023-03-15T16:06:11.847+0000] {processor.py:766} INFO - DAG(s) dict_keys(['example_branch_labels']) retrieved from /home/airflow/.local/lib/python3.7/site-packages/airflow/example_dags/example_branch_labels.py
[2023-03-15T16:06:11.885+0000] {logging_mixin.py:120} INFO - [2023-03-15T16:06:11.885+0000] {dag.py:2585} INFO - Sync 1 DAGs
[2023-03-15T16:06:11.902+0000] {logging_mixin.py:120} INFO - [2023-03-15T16:06:11.902+0000] {dag.py:3340} INFO - Setting next_dagrun for example_branch_labels to 2023-03-14T00:00:00+00:00, run_after=2023-03-15T00:00:00+00:00
[2023-03-15T16:06:11.914+0000] {processor.py:176} INFO - Processing /home/airflow/.local/lib/python3.7/site-packages/airflow/example_dags/example_branch_labels.py took 0.091 seconds
[2023-03-15T16:06:41.947+0000] {processor.py:154} INFO - Started process (PID=649) to work on /home/airflow/.local/lib/python3.7/site-packages/airflow/example_dags/example_branch_labels.py
[2023-03-15T16:06:41.949+0000] {processor.py:756} INFO - Processing file /home/airflow/.local/lib/python3.7/site-packages/airflow/example_dags/example_branch_labels.py for tasks to queue
[2023-03-15T16:06:41.950+0000] {logging_mixin.py:120} INFO - [2023-03-15T16:06:41.950+0000] {dagbag.py:537} INFO - Filling up the DagBag from /home/airflow/.local/lib/python3.7/site-packages/airflow/example_dags/example_branch_labels.py
[2023-03-15T16:06:41.967+0000] {processor.py:766} INFO - DAG(s) dict_keys(['example_branch_labels']) retrieved from /home/airflow/.local/lib/python3.7/site-packages/airflow/example_dags/example_branch_labels.py
[2023-03-15T16:06:42.007+0000] {logging_mixin.py:120} INFO - [2023-03-15T16:06:42.007+0000] {dag.py:2585} INFO - Sync 1 DAGs
[2023-03-15T16:06:42.025+0000] {logging_mixin.py:120} INFO - [2023-03-15T16:06:42.025+0000] {dag.py:3340} INFO - Setting next_dagrun for example_branch_labels to 2023-03-14T00:00:00+00:00, run_after=2023-03-15T00:00:00+00:00
[2023-03-15T16:06:42.038+0000] {processor.py:176} INFO - Processing /home/airflow/.local/lib/python3.7/site-packages/airflow/example_dags/example_branch_labels.py took 0.093 seconds
[2023-03-15T16:07:12.554+0000] {processor.py:154} INFO - Started process (PID=715) to work on /home/airflow/.local/lib/python3.7/site-packages/airflow/example_dags/example_branch_labels.py
[2023-03-15T16:07:12.556+0000] {processor.py:756} INFO - Processing file /home/airflow/.local/lib/python3.7/site-packages/airflow/example_dags/example_branch_labels.py for tasks to queue
[2023-03-15T16:07:12.557+0000] {logging_mixin.py:120} INFO - [2023-03-15T16:07:12.556+0000] {dagbag.py:537} INFO - Filling up the DagBag from /home/airflow/.local/lib/python3.7/site-packages/airflow/example_dags/example_branch_labels.py
[2023-03-15T16:07:12.568+0000] {processor.py:766} INFO - DAG(s) dict_keys(['example_branch_labels']) retrieved from /home/airflow/.local/lib/python3.7/site-packages/airflow/example_dags/example_branch_labels.py
[2023-03-15T16:07:12.605+0000] {logging_mixin.py:120} INFO - [2023-03-15T16:07:12.605+0000] {dag.py:2585} INFO - Sync 1 DAGs
[2023-03-15T16:07:12.621+0000] {logging_mixin.py:120} INFO - [2023-03-15T16:07:12.621+0000] {dag.py:3340} INFO - Setting next_dagrun for example_branch_labels to 2023-03-14T00:00:00+00:00, run_after=2023-03-15T00:00:00+00:00
[2023-03-15T16:07:12.634+0000] {processor.py:176} INFO - Processing /home/airflow/.local/lib/python3.7/site-packages/airflow/example_dags/example_branch_labels.py took 0.082 seconds
[2023-03-15T16:07:42.794+0000] {processor.py:154} INFO - Started process (PID=780) to work on /home/airflow/.local/lib/python3.7/site-packages/airflow/example_dags/example_branch_labels.py
[2023-03-15T16:07:42.796+0000] {processor.py:756} INFO - Processing file /home/airflow/.local/lib/python3.7/site-packages/airflow/example_dags/example_branch_labels.py for tasks to queue
[2023-03-15T16:07:42.797+0000] {logging_mixin.py:120} INFO - [2023-03-15T16:07:42.797+0000] {dagbag.py:537} INFO - Filling up the DagBag from /home/airflow/.local/lib/python3.7/site-packages/airflow/example_dags/example_branch_labels.py
[2023-03-15T16:07:42.811+0000] {processor.py:766} INFO - DAG(s) dict_keys(['example_branch_labels']) retrieved from /home/airflow/.local/lib/python3.7/site-packages/airflow/example_dags/example_branch_labels.py
[2023-03-15T16:07:42.845+0000] {logging_mixin.py:120} INFO - [2023-03-15T16:07:42.844+0000] {dag.py:2585} INFO - Sync 1 DAGs
[2023-03-15T16:07:42.863+0000] {logging_mixin.py:120} INFO - [2023-03-15T16:07:42.863+0000] {dag.py:3340} INFO - Setting next_dagrun for example_branch_labels to 2023-03-14T00:00:00+00:00, run_after=2023-03-15T00:00:00+00:00
[2023-03-15T16:07:42.880+0000] {processor.py:176} INFO - Processing /home/airflow/.local/lib/python3.7/site-packages/airflow/example_dags/example_branch_labels.py took 0.089 seconds
[2023-03-15T16:08:13.494+0000] {processor.py:154} INFO - Started process (PID=844) to work on /home/airflow/.local/lib/python3.7/site-packages/airflow/example_dags/example_branch_labels.py
[2023-03-15T16:08:13.495+0000] {processor.py:756} INFO - Processing file /home/airflow/.local/lib/python3.7/site-packages/airflow/example_dags/example_branch_labels.py for tasks to queue
[2023-03-15T16:08:13.497+0000] {logging_mixin.py:120} INFO - [2023-03-15T16:08:13.497+0000] {dagbag.py:537} INFO - Filling up the DagBag from /home/airflow/.local/lib/python3.7/site-packages/airflow/example_dags/example_branch_labels.py
[2023-03-15T16:08:13.512+0000] {processor.py:766} INFO - DAG(s) dict_keys(['example_branch_labels']) retrieved from /home/airflow/.local/lib/python3.7/site-packages/airflow/example_dags/example_branch_labels.py
[2023-03-15T16:08:13.553+0000] {logging_mixin.py:120} INFO - [2023-03-15T16:08:13.553+0000] {dag.py:2585} INFO - Sync 1 DAGs
[2023-03-15T16:08:13.572+0000] {logging_mixin.py:120} INFO - [2023-03-15T16:08:13.572+0000] {dag.py:3340} INFO - Setting next_dagrun for example_branch_labels to 2023-03-14T00:00:00+00:00, run_after=2023-03-15T00:00:00+00:00
[2023-03-15T16:08:13.588+0000] {processor.py:176} INFO - Processing /home/airflow/.local/lib/python3.7/site-packages/airflow/example_dags/example_branch_labels.py took 0.098 seconds
[2023-03-15T16:08:43.852+0000] {processor.py:154} INFO - Started process (PID=968) to work on /home/airflow/.local/lib/python3.7/site-packages/airflow/example_dags/example_branch_labels.py
[2023-03-15T16:08:43.855+0000] {processor.py:756} INFO - Processing file /home/airflow/.local/lib/python3.7/site-packages/airflow/example_dags/example_branch_labels.py for tasks to queue
[2023-03-15T16:08:43.860+0000] {logging_mixin.py:120} INFO - [2023-03-15T16:08:43.860+0000] {dagbag.py:537} INFO - Filling up the DagBag from /home/airflow/.local/lib/python3.7/site-packages/airflow/example_dags/example_branch_labels.py
[2023-03-15T16:08:43.879+0000] {processor.py:766} INFO - DAG(s) dict_keys(['example_branch_labels']) retrieved from /home/airflow/.local/lib/python3.7/site-packages/airflow/example_dags/example_branch_labels.py
[2023-03-15T16:08:43.948+0000] {logging_mixin.py:120} INFO - [2023-03-15T16:08:43.948+0000] {dag.py:2585} INFO - Sync 1 DAGs
[2023-03-15T16:08:43.982+0000] {logging_mixin.py:120} INFO - [2023-03-15T16:08:43.981+0000] {dag.py:3340} INFO - Setting next_dagrun for example_branch_labels to 2023-03-14T00:00:00+00:00, run_after=2023-03-15T00:00:00+00:00
[2023-03-15T16:08:43.999+0000] {processor.py:176} INFO - Processing /home/airflow/.local/lib/python3.7/site-packages/airflow/example_dags/example_branch_labels.py took 0.153 seconds
[2023-03-15T16:09:14.688+0000] {processor.py:154} INFO - Started process (PID=1160) to work on /home/airflow/.local/lib/python3.7/site-packages/airflow/example_dags/example_branch_labels.py
[2023-03-15T16:09:14.689+0000] {processor.py:756} INFO - Processing file /home/airflow/.local/lib/python3.7/site-packages/airflow/example_dags/example_branch_labels.py for tasks to queue
[2023-03-15T16:09:14.693+0000] {logging_mixin.py:120} INFO - [2023-03-15T16:09:14.693+0000] {dagbag.py:537} INFO - Filling up the DagBag from /home/airflow/.local/lib/python3.7/site-packages/airflow/example_dags/example_branch_labels.py
[2023-03-15T16:09:14.710+0000] {processor.py:766} INFO - DAG(s) dict_keys(['example_branch_labels']) retrieved from /home/airflow/.local/lib/python3.7/site-packages/airflow/example_dags/example_branch_labels.py
[2023-03-15T16:09:14.772+0000] {logging_mixin.py:120} INFO - [2023-03-15T16:09:14.772+0000] {dag.py:2585} INFO - Sync 1 DAGs
[2023-03-15T16:09:14.804+0000] {logging_mixin.py:120} INFO - [2023-03-15T16:09:14.804+0000] {dag.py:3340} INFO - Setting next_dagrun for example_branch_labels to 2023-03-14T00:00:00+00:00, run_after=2023-03-15T00:00:00+00:00
[2023-03-15T16:09:14.839+0000] {processor.py:176} INFO - Processing /home/airflow/.local/lib/python3.7/site-packages/airflow/example_dags/example_branch_labels.py took 0.153 seconds
[2023-03-15T16:09:45.014+0000] {processor.py:154} INFO - Started process (PID=1363) to work on /home/airflow/.local/lib/python3.7/site-packages/airflow/example_dags/example_branch_labels.py
[2023-03-15T16:09:45.018+0000] {processor.py:756} INFO - Processing file /home/airflow/.local/lib/python3.7/site-packages/airflow/example_dags/example_branch_labels.py for tasks to queue
[2023-03-15T16:09:45.019+0000] {logging_mixin.py:120} INFO - [2023-03-15T16:09:45.019+0000] {dagbag.py:537} INFO - Filling up the DagBag from /home/airflow/.local/lib/python3.7/site-packages/airflow/example_dags/example_branch_labels.py
[2023-03-15T16:09:45.034+0000] {processor.py:766} INFO - DAG(s) dict_keys(['example_branch_labels']) retrieved from /home/airflow/.local/lib/python3.7/site-packages/airflow/example_dags/example_branch_labels.py
[2023-03-15T16:09:45.096+0000] {logging_mixin.py:120} INFO - [2023-03-15T16:09:45.096+0000] {dag.py:2585} INFO - Sync 1 DAGs
[2023-03-15T16:09:45.126+0000] {logging_mixin.py:120} INFO - [2023-03-15T16:09:45.126+0000] {dag.py:3340} INFO - Setting next_dagrun for example_branch_labels to 2023-03-14T00:00:00+00:00, run_after=2023-03-15T00:00:00+00:00
[2023-03-15T16:09:45.147+0000] {processor.py:176} INFO - Processing /home/airflow/.local/lib/python3.7/site-packages/airflow/example_dags/example_branch_labels.py took 0.136 seconds
[2023-03-15T16:10:15.572+0000] {processor.py:154} INFO - Started process (PID=1588) to work on /home/airflow/.local/lib/python3.7/site-packages/airflow/example_dags/example_branch_labels.py
[2023-03-15T16:10:15.574+0000] {processor.py:756} INFO - Processing file /home/airflow/.local/lib/python3.7/site-packages/airflow/example_dags/example_branch_labels.py for tasks to queue
[2023-03-15T16:10:15.576+0000] {logging_mixin.py:120} INFO - [2023-03-15T16:10:15.576+0000] {dagbag.py:537} INFO - Filling up the DagBag from /home/airflow/.local/lib/python3.7/site-packages/airflow/example_dags/example_branch_labels.py
[2023-03-15T16:10:15.599+0000] {processor.py:766} INFO - DAG(s) dict_keys(['example_branch_labels']) retrieved from /home/airflow/.local/lib/python3.7/site-packages/airflow/example_dags/example_branch_labels.py
[2023-03-15T16:10:15.649+0000] {logging_mixin.py:120} INFO - [2023-03-15T16:10:15.648+0000] {dag.py:2585} INFO - Sync 1 DAGs
[2023-03-15T16:10:15.672+0000] {logging_mixin.py:120} INFO - [2023-03-15T16:10:15.672+0000] {dag.py:3340} INFO - Setting next_dagrun for example_branch_labels to 2023-03-14T00:00:00+00:00, run_after=2023-03-15T00:00:00+00:00
[2023-03-15T16:10:15.694+0000] {processor.py:176} INFO - Processing /home/airflow/.local/lib/python3.7/site-packages/airflow/example_dags/example_branch_labels.py took 0.125 seconds
[2023-03-15T16:10:46.072+0000] {processor.py:154} INFO - Started process (PID=1815) to work on /home/airflow/.local/lib/python3.7/site-packages/airflow/example_dags/example_branch_labels.py
[2023-03-15T16:10:46.075+0000] {processor.py:756} INFO - Processing file /home/airflow/.local/lib/python3.7/site-packages/airflow/example_dags/example_branch_labels.py for tasks to queue
[2023-03-15T16:10:46.076+0000] {logging_mixin.py:120} INFO - [2023-03-15T16:10:46.076+0000] {dagbag.py:537} INFO - Filling up the DagBag from /home/airflow/.local/lib/python3.7/site-packages/airflow/example_dags/example_branch_labels.py
[2023-03-15T16:10:46.092+0000] {processor.py:766} INFO - DAG(s) dict_keys(['example_branch_labels']) retrieved from /home/airflow/.local/lib/python3.7/site-packages/airflow/example_dags/example_branch_labels.py
[2023-03-15T16:10:46.143+0000] {logging_mixin.py:120} INFO - [2023-03-15T16:10:46.143+0000] {dag.py:2585} INFO - Sync 1 DAGs
[2023-03-15T16:10:46.166+0000] {logging_mixin.py:120} INFO - [2023-03-15T16:10:46.166+0000] {dag.py:3340} INFO - Setting next_dagrun for example_branch_labels to 2023-03-14T00:00:00+00:00, run_after=2023-03-15T00:00:00+00:00
[2023-03-15T16:10:46.188+0000] {processor.py:176} INFO - Processing /home/airflow/.local/lib/python3.7/site-packages/airflow/example_dags/example_branch_labels.py took 0.119 seconds
[2023-03-15T16:11:16.320+0000] {processor.py:154} INFO - Started process (PID=2019) to work on /home/airflow/.local/lib/python3.7/site-packages/airflow/example_dags/example_branch_labels.py
[2023-03-15T16:11:16.323+0000] {processor.py:756} INFO - Processing file /home/airflow/.local/lib/python3.7/site-packages/airflow/example_dags/example_branch_labels.py for tasks to queue
[2023-03-15T16:11:16.324+0000] {logging_mixin.py:120} INFO - [2023-03-15T16:11:16.324+0000] {dagbag.py:537} INFO - Filling up the DagBag from /home/airflow/.local/lib/python3.7/site-packages/airflow/example_dags/example_branch_labels.py
[2023-03-15T16:11:16.340+0000] {processor.py:766} INFO - DAG(s) dict_keys(['example_branch_labels']) retrieved from /home/airflow/.local/lib/python3.7/site-packages/airflow/example_dags/example_branch_labels.py
[2023-03-15T16:11:16.382+0000] {logging_mixin.py:120} INFO - [2023-03-15T16:11:16.382+0000] {dag.py:2585} INFO - Sync 1 DAGs
[2023-03-15T16:11:16.400+0000] {logging_mixin.py:120} INFO - [2023-03-15T16:11:16.400+0000] {dag.py:3340} INFO - Setting next_dagrun for example_branch_labels to 2023-03-14T00:00:00+00:00, run_after=2023-03-15T00:00:00+00:00
[2023-03-15T16:11:16.412+0000] {processor.py:176} INFO - Processing /home/airflow/.local/lib/python3.7/site-packages/airflow/example_dags/example_branch_labels.py took 0.098 seconds
[2023-03-15T16:11:46.708+0000] {processor.py:154} INFO - Started process (PID=2226) to work on /home/airflow/.local/lib/python3.7/site-packages/airflow/example_dags/example_branch_labels.py
[2023-03-15T16:11:46.710+0000] {processor.py:756} INFO - Processing file /home/airflow/.local/lib/python3.7/site-packages/airflow/example_dags/example_branch_labels.py for tasks to queue
[2023-03-15T16:11:46.712+0000] {logging_mixin.py:120} INFO - [2023-03-15T16:11:46.711+0000] {dagbag.py:537} INFO - Filling up the DagBag from /home/airflow/.local/lib/python3.7/site-packages/airflow/example_dags/example_branch_labels.py
[2023-03-15T16:11:46.727+0000] {processor.py:766} INFO - DAG(s) dict_keys(['example_branch_labels']) retrieved from /home/airflow/.local/lib/python3.7/site-packages/airflow/example_dags/example_branch_labels.py
[2023-03-15T16:11:46.763+0000] {logging_mixin.py:120} INFO - [2023-03-15T16:11:46.763+0000] {dag.py:2585} INFO - Sync 1 DAGs
[2023-03-15T16:11:46.795+0000] {logging_mixin.py:120} INFO - [2023-03-15T16:11:46.795+0000] {dag.py:3340} INFO - Setting next_dagrun for example_branch_labels to 2023-03-14T00:00:00+00:00, run_after=2023-03-15T00:00:00+00:00
[2023-03-15T16:11:46.806+0000] {processor.py:176} INFO - Processing /home/airflow/.local/lib/python3.7/site-packages/airflow/example_dags/example_branch_labels.py took 0.104 seconds
[2023-03-15T16:12:17.614+0000] {processor.py:154} INFO - Started process (PID=2445) to work on /home/airflow/.local/lib/python3.7/site-packages/airflow/example_dags/example_branch_labels.py
[2023-03-15T16:12:17.618+0000] {processor.py:756} INFO - Processing file /home/airflow/.local/lib/python3.7/site-packages/airflow/example_dags/example_branch_labels.py for tasks to queue
[2023-03-15T16:12:17.619+0000] {logging_mixin.py:120} INFO - [2023-03-15T16:12:17.619+0000] {dagbag.py:537} INFO - Filling up the DagBag from /home/airflow/.local/lib/python3.7/site-packages/airflow/example_dags/example_branch_labels.py
[2023-03-15T16:12:17.639+0000] {processor.py:766} INFO - DAG(s) dict_keys(['example_branch_labels']) retrieved from /home/airflow/.local/lib/python3.7/site-packages/airflow/example_dags/example_branch_labels.py
[2023-03-15T16:12:17.687+0000] {logging_mixin.py:120} INFO - [2023-03-15T16:12:17.687+0000] {dag.py:2585} INFO - Sync 1 DAGs
[2023-03-15T16:12:17.710+0000] {logging_mixin.py:120} INFO - [2023-03-15T16:12:17.710+0000] {dag.py:3340} INFO - Setting next_dagrun for example_branch_labels to 2023-03-14T00:00:00+00:00, run_after=2023-03-15T00:00:00+00:00
[2023-03-15T16:12:17.727+0000] {processor.py:176} INFO - Processing /home/airflow/.local/lib/python3.7/site-packages/airflow/example_dags/example_branch_labels.py took 0.116 seconds
[2023-03-15T16:12:47.794+0000] {processor.py:154} INFO - Started process (PID=2648) to work on /home/airflow/.local/lib/python3.7/site-packages/airflow/example_dags/example_branch_labels.py
[2023-03-15T16:12:47.796+0000] {processor.py:756} INFO - Processing file /home/airflow/.local/lib/python3.7/site-packages/airflow/example_dags/example_branch_labels.py for tasks to queue
[2023-03-15T16:12:47.797+0000] {logging_mixin.py:120} INFO - [2023-03-15T16:12:47.796+0000] {dagbag.py:537} INFO - Filling up the DagBag from /home/airflow/.local/lib/python3.7/site-packages/airflow/example_dags/example_branch_labels.py
[2023-03-15T16:12:47.808+0000] {processor.py:766} INFO - DAG(s) dict_keys(['example_branch_labels']) retrieved from /home/airflow/.local/lib/python3.7/site-packages/airflow/example_dags/example_branch_labels.py
[2023-03-15T16:12:47.839+0000] {logging_mixin.py:120} INFO - [2023-03-15T16:12:47.838+0000] {dag.py:2585} INFO - Sync 1 DAGs
[2023-03-15T16:12:47.855+0000] {logging_mixin.py:120} INFO - [2023-03-15T16:12:47.855+0000] {dag.py:3340} INFO - Setting next_dagrun for example_branch_labels to 2023-03-14T00:00:00+00:00, run_after=2023-03-15T00:00:00+00:00
[2023-03-15T16:12:47.866+0000] {processor.py:176} INFO - Processing /home/airflow/.local/lib/python3.7/site-packages/airflow/example_dags/example_branch_labels.py took 0.074 seconds
[2023-03-15T16:13:18.629+0000] {processor.py:154} INFO - Started process (PID=2845) to work on /home/airflow/.local/lib/python3.7/site-packages/airflow/example_dags/example_branch_labels.py
[2023-03-15T16:13:18.630+0000] {processor.py:756} INFO - Processing file /home/airflow/.local/lib/python3.7/site-packages/airflow/example_dags/example_branch_labels.py for tasks to queue
[2023-03-15T16:13:18.631+0000] {logging_mixin.py:120} INFO - [2023-03-15T16:13:18.631+0000] {dagbag.py:537} INFO - Filling up the DagBag from /home/airflow/.local/lib/python3.7/site-packages/airflow/example_dags/example_branch_labels.py
[2023-03-15T16:13:18.642+0000] {processor.py:766} INFO - DAG(s) dict_keys(['example_branch_labels']) retrieved from /home/airflow/.local/lib/python3.7/site-packages/airflow/example_dags/example_branch_labels.py
[2023-03-15T16:13:18.674+0000] {logging_mixin.py:120} INFO - [2023-03-15T16:13:18.674+0000] {dag.py:2585} INFO - Sync 1 DAGs
[2023-03-15T16:13:18.692+0000] {logging_mixin.py:120} INFO - [2023-03-15T16:13:18.692+0000] {dag.py:3340} INFO - Setting next_dagrun for example_branch_labels to 2023-03-14T00:00:00+00:00, run_after=2023-03-15T00:00:00+00:00
[2023-03-15T16:13:18.703+0000] {processor.py:176} INFO - Processing /home/airflow/.local/lib/python3.7/site-packages/airflow/example_dags/example_branch_labels.py took 0.078 seconds
[2023-03-15T16:29:46.111+0000] {processor.py:154} INFO - Started process (PID=2888) to work on /home/airflow/.local/lib/python3.7/site-packages/airflow/example_dags/example_branch_labels.py
[2023-03-15T16:29:46.120+0000] {processor.py:756} INFO - Processing file /home/airflow/.local/lib/python3.7/site-packages/airflow/example_dags/example_branch_labels.py for tasks to queue
[2023-03-15T16:29:46.122+0000] {logging_mixin.py:120} INFO - [2023-03-15T16:29:46.122+0000] {dagbag.py:537} INFO - Filling up the DagBag from /home/airflow/.local/lib/python3.7/site-packages/airflow/example_dags/example_branch_labels.py
[2023-03-15T16:29:46.159+0000] {processor.py:766} INFO - DAG(s) dict_keys(['example_branch_labels']) retrieved from /home/airflow/.local/lib/python3.7/site-packages/airflow/example_dags/example_branch_labels.py
[2023-03-15T16:29:46.238+0000] {logging_mixin.py:120} INFO - [2023-03-15T16:29:46.238+0000] {dag.py:2585} INFO - Sync 1 DAGs
[2023-03-15T16:29:46.258+0000] {logging_mixin.py:120} INFO - [2023-03-15T16:29:46.258+0000] {dag.py:3340} INFO - Setting next_dagrun for example_branch_labels to 2023-03-14T00:00:00+00:00, run_after=2023-03-15T00:00:00+00:00
[2023-03-15T16:29:46.287+0000] {processor.py:176} INFO - Processing /home/airflow/.local/lib/python3.7/site-packages/airflow/example_dags/example_branch_labels.py took 0.178 seconds
[2023-03-15T16:30:16.795+0000] {processor.py:154} INFO - Started process (PID=2943) to work on /home/airflow/.local/lib/python3.7/site-packages/airflow/example_dags/example_branch_labels.py
[2023-03-15T16:30:16.797+0000] {processor.py:756} INFO - Processing file /home/airflow/.local/lib/python3.7/site-packages/airflow/example_dags/example_branch_labels.py for tasks to queue
[2023-03-15T16:30:16.798+0000] {logging_mixin.py:120} INFO - [2023-03-15T16:30:16.798+0000] {dagbag.py:537} INFO - Filling up the DagBag from /home/airflow/.local/lib/python3.7/site-packages/airflow/example_dags/example_branch_labels.py
[2023-03-15T16:30:16.813+0000] {processor.py:766} INFO - DAG(s) dict_keys(['example_branch_labels']) retrieved from /home/airflow/.local/lib/python3.7/site-packages/airflow/example_dags/example_branch_labels.py
[2023-03-15T16:30:16.847+0000] {logging_mixin.py:120} INFO - [2023-03-15T16:30:16.847+0000] {dag.py:2585} INFO - Sync 1 DAGs
[2023-03-15T16:30:16.862+0000] {logging_mixin.py:120} INFO - [2023-03-15T16:30:16.862+0000] {dag.py:3340} INFO - Setting next_dagrun for example_branch_labels to 2023-03-14T00:00:00+00:00, run_after=2023-03-15T00:00:00+00:00
[2023-03-15T16:30:16.874+0000] {processor.py:176} INFO - Processing /home/airflow/.local/lib/python3.7/site-packages/airflow/example_dags/example_branch_labels.py took 0.082 seconds
[2023-03-15T16:47:12.114+0000] {processor.py:154} INFO - Started process (PID=3009) to work on /home/airflow/.local/lib/python3.7/site-packages/airflow/example_dags/example_branch_labels.py
[2023-03-15T16:47:12.115+0000] {processor.py:756} INFO - Processing file /home/airflow/.local/lib/python3.7/site-packages/airflow/example_dags/example_branch_labels.py for tasks to queue
[2023-03-15T16:47:12.116+0000] {logging_mixin.py:120} INFO - [2023-03-15T16:47:12.116+0000] {dagbag.py:537} INFO - Filling up the DagBag from /home/airflow/.local/lib/python3.7/site-packages/airflow/example_dags/example_branch_labels.py
[2023-03-15T16:47:12.126+0000] {processor.py:766} INFO - DAG(s) dict_keys(['example_branch_labels']) retrieved from /home/airflow/.local/lib/python3.7/site-packages/airflow/example_dags/example_branch_labels.py
[2023-03-15T16:47:12.156+0000] {logging_mixin.py:120} INFO - [2023-03-15T16:47:12.156+0000] {dag.py:2585} INFO - Sync 1 DAGs
[2023-03-15T16:47:12.172+0000] {logging_mixin.py:120} INFO - [2023-03-15T16:47:12.172+0000] {dag.py:3340} INFO - Setting next_dagrun for example_branch_labels to 2023-03-14T00:00:00+00:00, run_after=2023-03-15T00:00:00+00:00
[2023-03-15T16:47:12.183+0000] {processor.py:176} INFO - Processing /home/airflow/.local/lib/python3.7/site-packages/airflow/example_dags/example_branch_labels.py took 0.071 seconds
[2023-03-15T16:47:42.535+0000] {processor.py:154} INFO - Started process (PID=3073) to work on /home/airflow/.local/lib/python3.7/site-packages/airflow/example_dags/example_branch_labels.py
[2023-03-15T16:47:42.537+0000] {processor.py:756} INFO - Processing file /home/airflow/.local/lib/python3.7/site-packages/airflow/example_dags/example_branch_labels.py for tasks to queue
[2023-03-15T16:47:42.537+0000] {logging_mixin.py:120} INFO - [2023-03-15T16:47:42.537+0000] {dagbag.py:537} INFO - Filling up the DagBag from /home/airflow/.local/lib/python3.7/site-packages/airflow/example_dags/example_branch_labels.py
[2023-03-15T16:47:42.547+0000] {processor.py:766} INFO - DAG(s) dict_keys(['example_branch_labels']) retrieved from /home/airflow/.local/lib/python3.7/site-packages/airflow/example_dags/example_branch_labels.py
[2023-03-15T16:47:42.577+0000] {logging_mixin.py:120} INFO - [2023-03-15T16:47:42.577+0000] {dag.py:2585} INFO - Sync 1 DAGs
[2023-03-15T16:47:42.593+0000] {logging_mixin.py:120} INFO - [2023-03-15T16:47:42.592+0000] {dag.py:3340} INFO - Setting next_dagrun for example_branch_labels to 2023-03-14T00:00:00+00:00, run_after=2023-03-15T00:00:00+00:00
[2023-03-15T16:47:42.604+0000] {processor.py:176} INFO - Processing /home/airflow/.local/lib/python3.7/site-packages/airflow/example_dags/example_branch_labels.py took 0.072 seconds
[2023-03-15T16:59:18.960+0000] {processor.py:154} INFO - Started process (PID=3139) to work on /home/airflow/.local/lib/python3.7/site-packages/airflow/example_dags/example_branch_labels.py
[2023-03-15T16:59:18.962+0000] {processor.py:756} INFO - Processing file /home/airflow/.local/lib/python3.7/site-packages/airflow/example_dags/example_branch_labels.py for tasks to queue
[2023-03-15T16:59:18.967+0000] {logging_mixin.py:120} INFO - [2023-03-15T16:59:18.967+0000] {dagbag.py:537} INFO - Filling up the DagBag from /home/airflow/.local/lib/python3.7/site-packages/airflow/example_dags/example_branch_labels.py
[2023-03-15T16:59:18.987+0000] {processor.py:766} INFO - DAG(s) dict_keys(['example_branch_labels']) retrieved from /home/airflow/.local/lib/python3.7/site-packages/airflow/example_dags/example_branch_labels.py
[2023-03-15T16:59:19.041+0000] {logging_mixin.py:120} INFO - [2023-03-15T16:59:19.041+0000] {dag.py:2585} INFO - Sync 1 DAGs
[2023-03-15T16:59:19.078+0000] {logging_mixin.py:120} INFO - [2023-03-15T16:59:19.077+0000] {dag.py:3340} INFO - Setting next_dagrun for example_branch_labels to 2023-03-14T00:00:00+00:00, run_after=2023-03-15T00:00:00+00:00
[2023-03-15T16:59:19.119+0000] {processor.py:176} INFO - Processing /home/airflow/.local/lib/python3.7/site-packages/airflow/example_dags/example_branch_labels.py took 0.168 seconds
[2023-03-15T16:59:49.919+0000] {processor.py:154} INFO - Started process (PID=3204) to work on /home/airflow/.local/lib/python3.7/site-packages/airflow/example_dags/example_branch_labels.py
[2023-03-15T16:59:49.920+0000] {processor.py:756} INFO - Processing file /home/airflow/.local/lib/python3.7/site-packages/airflow/example_dags/example_branch_labels.py for tasks to queue
[2023-03-15T16:59:49.921+0000] {logging_mixin.py:120} INFO - [2023-03-15T16:59:49.921+0000] {dagbag.py:537} INFO - Filling up the DagBag from /home/airflow/.local/lib/python3.7/site-packages/airflow/example_dags/example_branch_labels.py
[2023-03-15T16:59:49.936+0000] {processor.py:766} INFO - DAG(s) dict_keys(['example_branch_labels']) retrieved from /home/airflow/.local/lib/python3.7/site-packages/airflow/example_dags/example_branch_labels.py
[2023-03-15T16:59:49.969+0000] {logging_mixin.py:120} INFO - [2023-03-15T16:59:49.969+0000] {dag.py:2585} INFO - Sync 1 DAGs
[2023-03-15T16:59:49.985+0000] {logging_mixin.py:120} INFO - [2023-03-15T16:59:49.985+0000] {dag.py:3340} INFO - Setting next_dagrun for example_branch_labels to 2023-03-14T00:00:00+00:00, run_after=2023-03-15T00:00:00+00:00
[2023-03-15T16:59:49.996+0000] {processor.py:176} INFO - Processing /home/airflow/.local/lib/python3.7/site-packages/airflow/example_dags/example_branch_labels.py took 0.080 seconds
[2023-03-15T17:00:20.502+0000] {processor.py:154} INFO - Started process (PID=3260) to work on /home/airflow/.local/lib/python3.7/site-packages/airflow/example_dags/example_branch_labels.py
[2023-03-15T17:00:20.503+0000] {processor.py:756} INFO - Processing file /home/airflow/.local/lib/python3.7/site-packages/airflow/example_dags/example_branch_labels.py for tasks to queue
[2023-03-15T17:00:20.505+0000] {logging_mixin.py:120} INFO - [2023-03-15T17:00:20.504+0000] {dagbag.py:537} INFO - Filling up the DagBag from /home/airflow/.local/lib/python3.7/site-packages/airflow/example_dags/example_branch_labels.py
[2023-03-15T17:00:20.517+0000] {processor.py:766} INFO - DAG(s) dict_keys(['example_branch_labels']) retrieved from /home/airflow/.local/lib/python3.7/site-packages/airflow/example_dags/example_branch_labels.py
[2023-03-15T17:00:20.551+0000] {logging_mixin.py:120} INFO - [2023-03-15T17:00:20.551+0000] {dag.py:2585} INFO - Sync 1 DAGs
[2023-03-15T17:00:20.572+0000] {logging_mixin.py:120} INFO - [2023-03-15T17:00:20.572+0000] {dag.py:3340} INFO - Setting next_dagrun for example_branch_labels to 2023-03-14T00:00:00+00:00, run_after=2023-03-15T00:00:00+00:00
[2023-03-15T17:00:20.589+0000] {processor.py:176} INFO - Processing /home/airflow/.local/lib/python3.7/site-packages/airflow/example_dags/example_branch_labels.py took 0.089 seconds
[2023-03-15T17:00:51.125+0000] {processor.py:154} INFO - Started process (PID=3324) to work on /home/airflow/.local/lib/python3.7/site-packages/airflow/example_dags/example_branch_labels.py
[2023-03-15T17:00:51.128+0000] {processor.py:756} INFO - Processing file /home/airflow/.local/lib/python3.7/site-packages/airflow/example_dags/example_branch_labels.py for tasks to queue
[2023-03-15T17:00:51.130+0000] {logging_mixin.py:120} INFO - [2023-03-15T17:00:51.130+0000] {dagbag.py:537} INFO - Filling up the DagBag from /home/airflow/.local/lib/python3.7/site-packages/airflow/example_dags/example_branch_labels.py
[2023-03-15T17:00:51.146+0000] {processor.py:766} INFO - DAG(s) dict_keys(['example_branch_labels']) retrieved from /home/airflow/.local/lib/python3.7/site-packages/airflow/example_dags/example_branch_labels.py
[2023-03-15T17:00:51.181+0000] {logging_mixin.py:120} INFO - [2023-03-15T17:00:51.181+0000] {dag.py:2585} INFO - Sync 1 DAGs
[2023-03-15T17:00:51.198+0000] {logging_mixin.py:120} INFO - [2023-03-15T17:00:51.198+0000] {dag.py:3340} INFO - Setting next_dagrun for example_branch_labels to 2023-03-14T00:00:00+00:00, run_after=2023-03-15T00:00:00+00:00
[2023-03-15T17:00:51.211+0000] {processor.py:176} INFO - Processing /home/airflow/.local/lib/python3.7/site-packages/airflow/example_dags/example_branch_labels.py took 0.090 seconds
[2023-03-15T17:01:21.626+0000] {processor.py:154} INFO - Started process (PID=3389) to work on /home/airflow/.local/lib/python3.7/site-packages/airflow/example_dags/example_branch_labels.py
[2023-03-15T17:01:21.627+0000] {processor.py:756} INFO - Processing file /home/airflow/.local/lib/python3.7/site-packages/airflow/example_dags/example_branch_labels.py for tasks to queue
[2023-03-15T17:01:21.628+0000] {logging_mixin.py:120} INFO - [2023-03-15T17:01:21.628+0000] {dagbag.py:537} INFO - Filling up the DagBag from /home/airflow/.local/lib/python3.7/site-packages/airflow/example_dags/example_branch_labels.py
[2023-03-15T17:01:21.641+0000] {processor.py:766} INFO - DAG(s) dict_keys(['example_branch_labels']) retrieved from /home/airflow/.local/lib/python3.7/site-packages/airflow/example_dags/example_branch_labels.py
[2023-03-15T17:01:21.680+0000] {logging_mixin.py:120} INFO - [2023-03-15T17:01:21.680+0000] {dag.py:2585} INFO - Sync 1 DAGs
[2023-03-15T17:01:21.696+0000] {logging_mixin.py:120} INFO - [2023-03-15T17:01:21.696+0000] {dag.py:3340} INFO - Setting next_dagrun for example_branch_labels to 2023-03-14T00:00:00+00:00, run_after=2023-03-15T00:00:00+00:00
[2023-03-15T17:01:21.708+0000] {processor.py:176} INFO - Processing /home/airflow/.local/lib/python3.7/site-packages/airflow/example_dags/example_branch_labels.py took 0.084 seconds
[2023-03-15T17:01:52.106+0000] {processor.py:154} INFO - Started process (PID=3454) to work on /home/airflow/.local/lib/python3.7/site-packages/airflow/example_dags/example_branch_labels.py
[2023-03-15T17:01:52.107+0000] {processor.py:756} INFO - Processing file /home/airflow/.local/lib/python3.7/site-packages/airflow/example_dags/example_branch_labels.py for tasks to queue
[2023-03-15T17:01:52.108+0000] {logging_mixin.py:120} INFO - [2023-03-15T17:01:52.108+0000] {dagbag.py:537} INFO - Filling up the DagBag from /home/airflow/.local/lib/python3.7/site-packages/airflow/example_dags/example_branch_labels.py
[2023-03-15T17:01:52.119+0000] {processor.py:766} INFO - DAG(s) dict_keys(['example_branch_labels']) retrieved from /home/airflow/.local/lib/python3.7/site-packages/airflow/example_dags/example_branch_labels.py
[2023-03-15T17:01:52.155+0000] {logging_mixin.py:120} INFO - [2023-03-15T17:01:52.155+0000] {dag.py:2585} INFO - Sync 1 DAGs
[2023-03-15T17:01:52.171+0000] {logging_mixin.py:120} INFO - [2023-03-15T17:01:52.171+0000] {dag.py:3340} INFO - Setting next_dagrun for example_branch_labels to 2023-03-14T00:00:00+00:00, run_after=2023-03-15T00:00:00+00:00
[2023-03-15T17:01:52.183+0000] {processor.py:176} INFO - Processing /home/airflow/.local/lib/python3.7/site-packages/airflow/example_dags/example_branch_labels.py took 0.079 seconds
[2023-03-15T17:02:22.528+0000] {processor.py:154} INFO - Started process (PID=3519) to work on /home/airflow/.local/lib/python3.7/site-packages/airflow/example_dags/example_branch_labels.py
[2023-03-15T17:02:22.530+0000] {processor.py:756} INFO - Processing file /home/airflow/.local/lib/python3.7/site-packages/airflow/example_dags/example_branch_labels.py for tasks to queue
[2023-03-15T17:02:22.531+0000] {logging_mixin.py:120} INFO - [2023-03-15T17:02:22.531+0000] {dagbag.py:537} INFO - Filling up the DagBag from /home/airflow/.local/lib/python3.7/site-packages/airflow/example_dags/example_branch_labels.py
[2023-03-15T17:02:22.541+0000] {processor.py:766} INFO - DAG(s) dict_keys(['example_branch_labels']) retrieved from /home/airflow/.local/lib/python3.7/site-packages/airflow/example_dags/example_branch_labels.py
[2023-03-15T17:02:22.573+0000] {logging_mixin.py:120} INFO - [2023-03-15T17:02:22.573+0000] {dag.py:2585} INFO - Sync 1 DAGs
[2023-03-15T17:02:22.589+0000] {logging_mixin.py:120} INFO - [2023-03-15T17:02:22.589+0000] {dag.py:3340} INFO - Setting next_dagrun for example_branch_labels to 2023-03-14T00:00:00+00:00, run_after=2023-03-15T00:00:00+00:00
[2023-03-15T17:02:22.600+0000] {processor.py:176} INFO - Processing /home/airflow/.local/lib/python3.7/site-packages/airflow/example_dags/example_branch_labels.py took 0.075 seconds
[2023-03-15T17:02:52.917+0000] {processor.py:154} INFO - Started process (PID=3584) to work on /home/airflow/.local/lib/python3.7/site-packages/airflow/example_dags/example_branch_labels.py
[2023-03-15T17:02:52.918+0000] {processor.py:756} INFO - Processing file /home/airflow/.local/lib/python3.7/site-packages/airflow/example_dags/example_branch_labels.py for tasks to queue
[2023-03-15T17:02:52.919+0000] {logging_mixin.py:120} INFO - [2023-03-15T17:02:52.919+0000] {dagbag.py:537} INFO - Filling up the DagBag from /home/airflow/.local/lib/python3.7/site-packages/airflow/example_dags/example_branch_labels.py
[2023-03-15T17:02:52.931+0000] {processor.py:766} INFO - DAG(s) dict_keys(['example_branch_labels']) retrieved from /home/airflow/.local/lib/python3.7/site-packages/airflow/example_dags/example_branch_labels.py
[2023-03-15T17:02:52.964+0000] {logging_mixin.py:120} INFO - [2023-03-15T17:02:52.964+0000] {dag.py:2585} INFO - Sync 1 DAGs
[2023-03-15T17:02:52.979+0000] {logging_mixin.py:120} INFO - [2023-03-15T17:02:52.979+0000] {dag.py:3340} INFO - Setting next_dagrun for example_branch_labels to 2023-03-14T00:00:00+00:00, run_after=2023-03-15T00:00:00+00:00
[2023-03-15T17:02:52.992+0000] {processor.py:176} INFO - Processing /home/airflow/.local/lib/python3.7/site-packages/airflow/example_dags/example_branch_labels.py took 0.079 seconds
[2023-03-15T17:03:23.479+0000] {processor.py:154} INFO - Started process (PID=3649) to work on /home/airflow/.local/lib/python3.7/site-packages/airflow/example_dags/example_branch_labels.py
[2023-03-15T17:03:23.480+0000] {processor.py:756} INFO - Processing file /home/airflow/.local/lib/python3.7/site-packages/airflow/example_dags/example_branch_labels.py for tasks to queue
[2023-03-15T17:03:23.481+0000] {logging_mixin.py:120} INFO - [2023-03-15T17:03:23.481+0000] {dagbag.py:537} INFO - Filling up the DagBag from /home/airflow/.local/lib/python3.7/site-packages/airflow/example_dags/example_branch_labels.py
[2023-03-15T17:03:23.491+0000] {processor.py:766} INFO - DAG(s) dict_keys(['example_branch_labels']) retrieved from /home/airflow/.local/lib/python3.7/site-packages/airflow/example_dags/example_branch_labels.py
[2023-03-15T17:03:23.535+0000] {logging_mixin.py:120} INFO - [2023-03-15T17:03:23.535+0000] {dag.py:2585} INFO - Sync 1 DAGs
[2023-03-15T17:03:23.551+0000] {logging_mixin.py:120} INFO - [2023-03-15T17:03:23.551+0000] {dag.py:3340} INFO - Setting next_dagrun for example_branch_labels to 2023-03-14T00:00:00+00:00, run_after=2023-03-15T00:00:00+00:00
[2023-03-15T17:03:23.562+0000] {processor.py:176} INFO - Processing /home/airflow/.local/lib/python3.7/site-packages/airflow/example_dags/example_branch_labels.py took 0.094 seconds
[2023-03-15T17:03:53.926+0000] {processor.py:154} INFO - Started process (PID=3705) to work on /home/airflow/.local/lib/python3.7/site-packages/airflow/example_dags/example_branch_labels.py
[2023-03-15T17:03:53.928+0000] {processor.py:756} INFO - Processing file /home/airflow/.local/lib/python3.7/site-packages/airflow/example_dags/example_branch_labels.py for tasks to queue
[2023-03-15T17:03:53.929+0000] {logging_mixin.py:120} INFO - [2023-03-15T17:03:53.929+0000] {dagbag.py:537} INFO - Filling up the DagBag from /home/airflow/.local/lib/python3.7/site-packages/airflow/example_dags/example_branch_labels.py
[2023-03-15T17:03:53.940+0000] {processor.py:766} INFO - DAG(s) dict_keys(['example_branch_labels']) retrieved from /home/airflow/.local/lib/python3.7/site-packages/airflow/example_dags/example_branch_labels.py
[2023-03-15T17:03:53.975+0000] {logging_mixin.py:120} INFO - [2023-03-15T17:03:53.974+0000] {dag.py:2585} INFO - Sync 1 DAGs
[2023-03-15T17:03:53.990+0000] {logging_mixin.py:120} INFO - [2023-03-15T17:03:53.990+0000] {dag.py:3340} INFO - Setting next_dagrun for example_branch_labels to 2023-03-14T00:00:00+00:00, run_after=2023-03-15T00:00:00+00:00
[2023-03-15T17:03:54.002+0000] {processor.py:176} INFO - Processing /home/airflow/.local/lib/python3.7/site-packages/airflow/example_dags/example_branch_labels.py took 0.078 seconds
[2023-03-15T17:04:24.408+0000] {processor.py:154} INFO - Started process (PID=3769) to work on /home/airflow/.local/lib/python3.7/site-packages/airflow/example_dags/example_branch_labels.py
[2023-03-15T17:04:24.410+0000] {processor.py:756} INFO - Processing file /home/airflow/.local/lib/python3.7/site-packages/airflow/example_dags/example_branch_labels.py for tasks to queue
[2023-03-15T17:04:24.411+0000] {logging_mixin.py:120} INFO - [2023-03-15T17:04:24.411+0000] {dagbag.py:537} INFO - Filling up the DagBag from /home/airflow/.local/lib/python3.7/site-packages/airflow/example_dags/example_branch_labels.py
[2023-03-15T17:04:24.423+0000] {processor.py:766} INFO - DAG(s) dict_keys(['example_branch_labels']) retrieved from /home/airflow/.local/lib/python3.7/site-packages/airflow/example_dags/example_branch_labels.py
[2023-03-15T17:04:24.458+0000] {logging_mixin.py:120} INFO - [2023-03-15T17:04:24.458+0000] {dag.py:2585} INFO - Sync 1 DAGs
[2023-03-15T17:04:24.474+0000] {logging_mixin.py:120} INFO - [2023-03-15T17:04:24.474+0000] {dag.py:3340} INFO - Setting next_dagrun for example_branch_labels to 2023-03-14T00:00:00+00:00, run_after=2023-03-15T00:00:00+00:00
[2023-03-15T17:04:24.485+0000] {processor.py:176} INFO - Processing /home/airflow/.local/lib/python3.7/site-packages/airflow/example_dags/example_branch_labels.py took 0.080 seconds
