[2023-03-15T16:01:38.651+0000] {processor.py:154} INFO - Started process (PID=45) to work on /home/airflow/.local/lib/python3.7/site-packages/airflow/example_dags/example_xcom.py
[2023-03-15T16:01:38.666+0000] {processor.py:756} INFO - Processing file /home/airflow/.local/lib/python3.7/site-packages/airflow/example_dags/example_xcom.py for tasks to queue
[2023-03-15T16:01:38.667+0000] {logging_mixin.py:120} INFO - [2023-03-15T16:01:38.667+0000] {dagbag.py:537} INFO - Filling up the DagBag from /home/airflow/.local/lib/python3.7/site-packages/airflow/example_dags/example_xcom.py
[2023-03-15T16:01:38.726+0000] {processor.py:766} INFO - DAG(s) dict_keys(['example_xcom']) retrieved from /home/airflow/.local/lib/python3.7/site-packages/airflow/example_dags/example_xcom.py
[2023-03-15T16:01:39.034+0000] {logging_mixin.py:120} INFO - [2023-03-15T16:01:39.034+0000] {manager.py:507} INFO - Created Permission View: can read on DAG:example_xcom
[2023-03-15T16:01:39.041+0000] {logging_mixin.py:120} INFO - [2023-03-15T16:01:39.041+0000] {manager.py:507} INFO - Created Permission View: can delete on DAG:example_xcom
[2023-03-15T16:01:39.051+0000] {logging_mixin.py:120} INFO - [2023-03-15T16:01:39.051+0000] {manager.py:507} INFO - Created Permission View: can edit on DAG:example_xcom
[2023-03-15T16:01:39.052+0000] {logging_mixin.py:120} INFO - [2023-03-15T16:01:39.052+0000] {dag.py:2585} INFO - Sync 1 DAGs
[2023-03-15T16:01:39.063+0000] {logging_mixin.py:120} INFO - [2023-03-15T16:01:39.062+0000] {dag.py:2606} INFO - Creating ORM DAG for example_xcom
[2023-03-15T16:01:39.077+0000] {logging_mixin.py:120} INFO - [2023-03-15T16:01:39.077+0000] {dag.py:3340} INFO - Setting next_dagrun for example_xcom to 2021-01-01T00:00:00+00:00, run_after=2021-01-01T00:00:00+00:00
[2023-03-15T16:01:39.121+0000] {processor.py:176} INFO - Processing /home/airflow/.local/lib/python3.7/site-packages/airflow/example_dags/example_xcom.py took 0.473 seconds
[2023-03-15T16:02:09.673+0000] {processor.py:154} INFO - Started process (PID=107) to work on /home/airflow/.local/lib/python3.7/site-packages/airflow/example_dags/example_xcom.py
[2023-03-15T16:02:09.674+0000] {processor.py:756} INFO - Processing file /home/airflow/.local/lib/python3.7/site-packages/airflow/example_dags/example_xcom.py for tasks to queue
[2023-03-15T16:02:09.675+0000] {logging_mixin.py:120} INFO - [2023-03-15T16:02:09.675+0000] {dagbag.py:537} INFO - Filling up the DagBag from /home/airflow/.local/lib/python3.7/site-packages/airflow/example_dags/example_xcom.py
[2023-03-15T16:02:09.691+0000] {processor.py:766} INFO - DAG(s) dict_keys(['example_xcom']) retrieved from /home/airflow/.local/lib/python3.7/site-packages/airflow/example_dags/example_xcom.py
[2023-03-15T16:02:09.724+0000] {logging_mixin.py:120} INFO - [2023-03-15T16:02:09.724+0000] {dag.py:2585} INFO - Sync 1 DAGs
[2023-03-15T16:02:09.740+0000] {logging_mixin.py:120} INFO - [2023-03-15T16:02:09.740+0000] {dag.py:3340} INFO - Setting next_dagrun for example_xcom to 2021-01-01T00:00:00+00:00, run_after=2021-01-01T00:00:00+00:00
[2023-03-15T16:02:09.757+0000] {processor.py:176} INFO - Processing /home/airflow/.local/lib/python3.7/site-packages/airflow/example_dags/example_xcom.py took 0.087 seconds
[2023-03-15T16:02:39.956+0000] {processor.py:154} INFO - Started process (PID=169) to work on /home/airflow/.local/lib/python3.7/site-packages/airflow/example_dags/example_xcom.py
[2023-03-15T16:02:39.958+0000] {processor.py:756} INFO - Processing file /home/airflow/.local/lib/python3.7/site-packages/airflow/example_dags/example_xcom.py for tasks to queue
[2023-03-15T16:02:39.959+0000] {logging_mixin.py:120} INFO - [2023-03-15T16:02:39.958+0000] {dagbag.py:537} INFO - Filling up the DagBag from /home/airflow/.local/lib/python3.7/site-packages/airflow/example_dags/example_xcom.py
[2023-03-15T16:02:39.976+0000] {processor.py:766} INFO - DAG(s) dict_keys(['example_xcom']) retrieved from /home/airflow/.local/lib/python3.7/site-packages/airflow/example_dags/example_xcom.py
[2023-03-15T16:02:40.022+0000] {logging_mixin.py:120} INFO - [2023-03-15T16:02:40.021+0000] {dag.py:2585} INFO - Sync 1 DAGs
[2023-03-15T16:02:40.041+0000] {logging_mixin.py:120} INFO - [2023-03-15T16:02:40.041+0000] {dag.py:3340} INFO - Setting next_dagrun for example_xcom to 2021-01-01T00:00:00+00:00, run_after=2021-01-01T00:00:00+00:00
[2023-03-15T16:02:40.055+0000] {processor.py:176} INFO - Processing /home/airflow/.local/lib/python3.7/site-packages/airflow/example_dags/example_xcom.py took 0.102 seconds
[2023-03-15T16:03:10.576+0000] {processor.py:154} INFO - Started process (PID=233) to work on /home/airflow/.local/lib/python3.7/site-packages/airflow/example_dags/example_xcom.py
[2023-03-15T16:03:10.577+0000] {processor.py:756} INFO - Processing file /home/airflow/.local/lib/python3.7/site-packages/airflow/example_dags/example_xcom.py for tasks to queue
[2023-03-15T16:03:10.578+0000] {logging_mixin.py:120} INFO - [2023-03-15T16:03:10.578+0000] {dagbag.py:537} INFO - Filling up the DagBag from /home/airflow/.local/lib/python3.7/site-packages/airflow/example_dags/example_xcom.py
[2023-03-15T16:03:10.596+0000] {processor.py:766} INFO - DAG(s) dict_keys(['example_xcom']) retrieved from /home/airflow/.local/lib/python3.7/site-packages/airflow/example_dags/example_xcom.py
[2023-03-15T16:03:10.627+0000] {logging_mixin.py:120} INFO - [2023-03-15T16:03:10.627+0000] {dag.py:2585} INFO - Sync 1 DAGs
[2023-03-15T16:03:10.644+0000] {logging_mixin.py:120} INFO - [2023-03-15T16:03:10.644+0000] {dag.py:3340} INFO - Setting next_dagrun for example_xcom to 2021-01-01T00:00:00+00:00, run_after=2021-01-01T00:00:00+00:00
[2023-03-15T16:03:10.656+0000] {processor.py:176} INFO - Processing /home/airflow/.local/lib/python3.7/site-packages/airflow/example_dags/example_xcom.py took 0.083 seconds
[2023-03-15T16:03:40.863+0000] {processor.py:154} INFO - Started process (PID=288) to work on /home/airflow/.local/lib/python3.7/site-packages/airflow/example_dags/example_xcom.py
[2023-03-15T16:03:40.864+0000] {processor.py:756} INFO - Processing file /home/airflow/.local/lib/python3.7/site-packages/airflow/example_dags/example_xcom.py for tasks to queue
[2023-03-15T16:03:40.865+0000] {logging_mixin.py:120} INFO - [2023-03-15T16:03:40.865+0000] {dagbag.py:537} INFO - Filling up the DagBag from /home/airflow/.local/lib/python3.7/site-packages/airflow/example_dags/example_xcom.py
[2023-03-15T16:03:40.881+0000] {processor.py:766} INFO - DAG(s) dict_keys(['example_xcom']) retrieved from /home/airflow/.local/lib/python3.7/site-packages/airflow/example_dags/example_xcom.py
[2023-03-15T16:03:40.915+0000] {logging_mixin.py:120} INFO - [2023-03-15T16:03:40.915+0000] {dag.py:2585} INFO - Sync 1 DAGs
[2023-03-15T16:03:40.930+0000] {logging_mixin.py:120} INFO - [2023-03-15T16:03:40.930+0000] {dag.py:3340} INFO - Setting next_dagrun for example_xcom to 2021-01-01T00:00:00+00:00, run_after=2021-01-01T00:00:00+00:00
[2023-03-15T16:03:40.942+0000] {processor.py:176} INFO - Processing /home/airflow/.local/lib/python3.7/site-packages/airflow/example_dags/example_xcom.py took 0.082 seconds
[2023-03-15T16:04:11.069+0000] {processor.py:154} INFO - Started process (PID=350) to work on /home/airflow/.local/lib/python3.7/site-packages/airflow/example_dags/example_xcom.py
[2023-03-15T16:04:11.071+0000] {processor.py:756} INFO - Processing file /home/airflow/.local/lib/python3.7/site-packages/airflow/example_dags/example_xcom.py for tasks to queue
[2023-03-15T16:04:11.072+0000] {logging_mixin.py:120} INFO - [2023-03-15T16:04:11.071+0000] {dagbag.py:537} INFO - Filling up the DagBag from /home/airflow/.local/lib/python3.7/site-packages/airflow/example_dags/example_xcom.py
[2023-03-15T16:04:11.088+0000] {processor.py:766} INFO - DAG(s) dict_keys(['example_xcom']) retrieved from /home/airflow/.local/lib/python3.7/site-packages/airflow/example_dags/example_xcom.py
[2023-03-15T16:04:11.120+0000] {logging_mixin.py:120} INFO - [2023-03-15T16:04:11.120+0000] {dag.py:2585} INFO - Sync 1 DAGs
[2023-03-15T16:04:11.136+0000] {logging_mixin.py:120} INFO - [2023-03-15T16:04:11.136+0000] {dag.py:3340} INFO - Setting next_dagrun for example_xcom to 2021-01-01T00:00:00+00:00, run_after=2021-01-01T00:00:00+00:00
[2023-03-15T16:04:11.149+0000] {processor.py:176} INFO - Processing /home/airflow/.local/lib/python3.7/site-packages/airflow/example_dags/example_xcom.py took 0.082 seconds
[2023-03-15T16:04:41.473+0000] {processor.py:154} INFO - Started process (PID=416) to work on /home/airflow/.local/lib/python3.7/site-packages/airflow/example_dags/example_xcom.py
[2023-03-15T16:04:41.475+0000] {processor.py:756} INFO - Processing file /home/airflow/.local/lib/python3.7/site-packages/airflow/example_dags/example_xcom.py for tasks to queue
[2023-03-15T16:04:41.476+0000] {logging_mixin.py:120} INFO - [2023-03-15T16:04:41.476+0000] {dagbag.py:537} INFO - Filling up the DagBag from /home/airflow/.local/lib/python3.7/site-packages/airflow/example_dags/example_xcom.py
[2023-03-15T16:04:41.493+0000] {processor.py:766} INFO - DAG(s) dict_keys(['example_xcom']) retrieved from /home/airflow/.local/lib/python3.7/site-packages/airflow/example_dags/example_xcom.py
[2023-03-15T16:04:41.527+0000] {logging_mixin.py:120} INFO - [2023-03-15T16:04:41.527+0000] {dag.py:2585} INFO - Sync 1 DAGs
[2023-03-15T16:04:41.544+0000] {logging_mixin.py:120} INFO - [2023-03-15T16:04:41.544+0000] {dag.py:3340} INFO - Setting next_dagrun for example_xcom to 2021-01-01T00:00:00+00:00, run_after=2021-01-01T00:00:00+00:00
[2023-03-15T16:04:41.555+0000] {processor.py:176} INFO - Processing /home/airflow/.local/lib/python3.7/site-packages/airflow/example_dags/example_xcom.py took 0.086 seconds
[2023-03-15T16:05:11.723+0000] {processor.py:154} INFO - Started process (PID=480) to work on /home/airflow/.local/lib/python3.7/site-packages/airflow/example_dags/example_xcom.py
[2023-03-15T16:05:11.725+0000] {processor.py:756} INFO - Processing file /home/airflow/.local/lib/python3.7/site-packages/airflow/example_dags/example_xcom.py for tasks to queue
[2023-03-15T16:05:11.726+0000] {logging_mixin.py:120} INFO - [2023-03-15T16:05:11.726+0000] {dagbag.py:537} INFO - Filling up the DagBag from /home/airflow/.local/lib/python3.7/site-packages/airflow/example_dags/example_xcom.py
[2023-03-15T16:05:11.747+0000] {processor.py:766} INFO - DAG(s) dict_keys(['example_xcom']) retrieved from /home/airflow/.local/lib/python3.7/site-packages/airflow/example_dags/example_xcom.py
[2023-03-15T16:05:11.784+0000] {logging_mixin.py:120} INFO - [2023-03-15T16:05:11.784+0000] {dag.py:2585} INFO - Sync 1 DAGs
[2023-03-15T16:05:11.803+0000] {logging_mixin.py:120} INFO - [2023-03-15T16:05:11.803+0000] {dag.py:3340} INFO - Setting next_dagrun for example_xcom to 2021-01-01T00:00:00+00:00, run_after=2021-01-01T00:00:00+00:00
[2023-03-15T16:05:11.816+0000] {processor.py:176} INFO - Processing /home/airflow/.local/lib/python3.7/site-packages/airflow/example_dags/example_xcom.py took 0.097 seconds
[2023-03-15T16:05:42.299+0000] {processor.py:154} INFO - Started process (PID=542) to work on /home/airflow/.local/lib/python3.7/site-packages/airflow/example_dags/example_xcom.py
[2023-03-15T16:05:42.301+0000] {processor.py:756} INFO - Processing file /home/airflow/.local/lib/python3.7/site-packages/airflow/example_dags/example_xcom.py for tasks to queue
[2023-03-15T16:05:42.302+0000] {logging_mixin.py:120} INFO - [2023-03-15T16:05:42.302+0000] {dagbag.py:537} INFO - Filling up the DagBag from /home/airflow/.local/lib/python3.7/site-packages/airflow/example_dags/example_xcom.py
[2023-03-15T16:05:42.319+0000] {processor.py:766} INFO - DAG(s) dict_keys(['example_xcom']) retrieved from /home/airflow/.local/lib/python3.7/site-packages/airflow/example_dags/example_xcom.py
[2023-03-15T16:05:42.341+0000] {logging_mixin.py:120} INFO - [2023-03-15T16:05:42.341+0000] {dag.py:2585} INFO - Sync 1 DAGs
[2023-03-15T16:05:42.359+0000] {logging_mixin.py:120} INFO - [2023-03-15T16:05:42.359+0000] {dag.py:3340} INFO - Setting next_dagrun for example_xcom to 2021-01-01T00:00:00+00:00, run_after=2021-01-01T00:00:00+00:00
[2023-03-15T16:05:42.375+0000] {processor.py:176} INFO - Processing /home/airflow/.local/lib/python3.7/site-packages/airflow/example_dags/example_xcom.py took 0.079 seconds
[2023-03-15T16:06:12.696+0000] {processor.py:154} INFO - Started process (PID=596) to work on /home/airflow/.local/lib/python3.7/site-packages/airflow/example_dags/example_xcom.py
[2023-03-15T16:06:12.698+0000] {processor.py:756} INFO - Processing file /home/airflow/.local/lib/python3.7/site-packages/airflow/example_dags/example_xcom.py for tasks to queue
[2023-03-15T16:06:12.700+0000] {logging_mixin.py:120} INFO - [2023-03-15T16:06:12.700+0000] {dagbag.py:537} INFO - Filling up the DagBag from /home/airflow/.local/lib/python3.7/site-packages/airflow/example_dags/example_xcom.py
[2023-03-15T16:06:12.719+0000] {processor.py:766} INFO - DAG(s) dict_keys(['example_xcom']) retrieved from /home/airflow/.local/lib/python3.7/site-packages/airflow/example_dags/example_xcom.py
[2023-03-15T16:06:12.754+0000] {logging_mixin.py:120} INFO - [2023-03-15T16:06:12.754+0000] {dag.py:2585} INFO - Sync 1 DAGs
[2023-03-15T16:06:12.773+0000] {logging_mixin.py:120} INFO - [2023-03-15T16:06:12.773+0000] {dag.py:3340} INFO - Setting next_dagrun for example_xcom to 2021-01-01T00:00:00+00:00, run_after=2021-01-01T00:00:00+00:00
[2023-03-15T16:06:12.785+0000] {processor.py:176} INFO - Processing /home/airflow/.local/lib/python3.7/site-packages/airflow/example_dags/example_xcom.py took 0.092 seconds
[2023-03-15T16:06:42.862+0000] {processor.py:154} INFO - Started process (PID=661) to work on /home/airflow/.local/lib/python3.7/site-packages/airflow/example_dags/example_xcom.py
[2023-03-15T16:06:42.864+0000] {processor.py:756} INFO - Processing file /home/airflow/.local/lib/python3.7/site-packages/airflow/example_dags/example_xcom.py for tasks to queue
[2023-03-15T16:06:42.865+0000] {logging_mixin.py:120} INFO - [2023-03-15T16:06:42.864+0000] {dagbag.py:537} INFO - Filling up the DagBag from /home/airflow/.local/lib/python3.7/site-packages/airflow/example_dags/example_xcom.py
[2023-03-15T16:06:42.880+0000] {processor.py:766} INFO - DAG(s) dict_keys(['example_xcom']) retrieved from /home/airflow/.local/lib/python3.7/site-packages/airflow/example_dags/example_xcom.py
[2023-03-15T16:06:42.912+0000] {logging_mixin.py:120} INFO - [2023-03-15T16:06:42.912+0000] {dag.py:2585} INFO - Sync 1 DAGs
[2023-03-15T16:06:42.928+0000] {logging_mixin.py:120} INFO - [2023-03-15T16:06:42.928+0000] {dag.py:3340} INFO - Setting next_dagrun for example_xcom to 2021-01-01T00:00:00+00:00, run_after=2021-01-01T00:00:00+00:00
[2023-03-15T16:06:42.940+0000] {processor.py:176} INFO - Processing /home/airflow/.local/lib/python3.7/site-packages/airflow/example_dags/example_xcom.py took 0.081 seconds
[2023-03-15T16:07:13.331+0000] {processor.py:154} INFO - Started process (PID=727) to work on /home/airflow/.local/lib/python3.7/site-packages/airflow/example_dags/example_xcom.py
[2023-03-15T16:07:13.333+0000] {processor.py:756} INFO - Processing file /home/airflow/.local/lib/python3.7/site-packages/airflow/example_dags/example_xcom.py for tasks to queue
[2023-03-15T16:07:13.334+0000] {logging_mixin.py:120} INFO - [2023-03-15T16:07:13.334+0000] {dagbag.py:537} INFO - Filling up the DagBag from /home/airflow/.local/lib/python3.7/site-packages/airflow/example_dags/example_xcom.py
[2023-03-15T16:07:13.350+0000] {processor.py:766} INFO - DAG(s) dict_keys(['example_xcom']) retrieved from /home/airflow/.local/lib/python3.7/site-packages/airflow/example_dags/example_xcom.py
[2023-03-15T16:07:13.382+0000] {logging_mixin.py:120} INFO - [2023-03-15T16:07:13.382+0000] {dag.py:2585} INFO - Sync 1 DAGs
[2023-03-15T16:07:13.398+0000] {logging_mixin.py:120} INFO - [2023-03-15T16:07:13.398+0000] {dag.py:3340} INFO - Setting next_dagrun for example_xcom to 2021-01-01T00:00:00+00:00, run_after=2021-01-01T00:00:00+00:00
[2023-03-15T16:07:13.409+0000] {processor.py:176} INFO - Processing /home/airflow/.local/lib/python3.7/site-packages/airflow/example_dags/example_xcom.py took 0.080 seconds
[2023-03-15T16:07:43.765+0000] {processor.py:154} INFO - Started process (PID=792) to work on /home/airflow/.local/lib/python3.7/site-packages/airflow/example_dags/example_xcom.py
[2023-03-15T16:07:43.767+0000] {processor.py:756} INFO - Processing file /home/airflow/.local/lib/python3.7/site-packages/airflow/example_dags/example_xcom.py for tasks to queue
[2023-03-15T16:07:43.769+0000] {logging_mixin.py:120} INFO - [2023-03-15T16:07:43.769+0000] {dagbag.py:537} INFO - Filling up the DagBag from /home/airflow/.local/lib/python3.7/site-packages/airflow/example_dags/example_xcom.py
[2023-03-15T16:07:43.790+0000] {processor.py:766} INFO - DAG(s) dict_keys(['example_xcom']) retrieved from /home/airflow/.local/lib/python3.7/site-packages/airflow/example_dags/example_xcom.py
[2023-03-15T16:07:43.886+0000] {logging_mixin.py:120} INFO - [2023-03-15T16:07:43.886+0000] {dag.py:2585} INFO - Sync 1 DAGs
[2023-03-15T16:07:43.988+0000] {logging_mixin.py:120} INFO - [2023-03-15T16:07:43.988+0000] {dag.py:3340} INFO - Setting next_dagrun for example_xcom to 2021-01-01T00:00:00+00:00, run_after=2021-01-01T00:00:00+00:00
[2023-03-15T16:07:44.014+0000] {processor.py:176} INFO - Processing /home/airflow/.local/lib/python3.7/site-packages/airflow/example_dags/example_xcom.py took 0.252 seconds
[2023-03-15T16:08:14.410+0000] {processor.py:154} INFO - Started process (PID=856) to work on /home/airflow/.local/lib/python3.7/site-packages/airflow/example_dags/example_xcom.py
[2023-03-15T16:08:14.412+0000] {processor.py:756} INFO - Processing file /home/airflow/.local/lib/python3.7/site-packages/airflow/example_dags/example_xcom.py for tasks to queue
[2023-03-15T16:08:14.414+0000] {logging_mixin.py:120} INFO - [2023-03-15T16:08:14.414+0000] {dagbag.py:537} INFO - Filling up the DagBag from /home/airflow/.local/lib/python3.7/site-packages/airflow/example_dags/example_xcom.py
[2023-03-15T16:08:14.492+0000] {processor.py:766} INFO - DAG(s) dict_keys(['example_xcom']) retrieved from /home/airflow/.local/lib/python3.7/site-packages/airflow/example_dags/example_xcom.py
[2023-03-15T16:08:14.529+0000] {logging_mixin.py:120} INFO - [2023-03-15T16:08:14.528+0000] {dag.py:2585} INFO - Sync 1 DAGs
[2023-03-15T16:08:14.547+0000] {logging_mixin.py:120} INFO - [2023-03-15T16:08:14.547+0000] {dag.py:3340} INFO - Setting next_dagrun for example_xcom to 2021-01-01T00:00:00+00:00, run_after=2021-01-01T00:00:00+00:00
[2023-03-15T16:08:14.560+0000] {processor.py:176} INFO - Processing /home/airflow/.local/lib/python3.7/site-packages/airflow/example_dags/example_xcom.py took 0.153 seconds
[2023-03-15T16:08:45.221+0000] {processor.py:154} INFO - Started process (PID=980) to work on /home/airflow/.local/lib/python3.7/site-packages/airflow/example_dags/example_xcom.py
[2023-03-15T16:08:45.225+0000] {processor.py:756} INFO - Processing file /home/airflow/.local/lib/python3.7/site-packages/airflow/example_dags/example_xcom.py for tasks to queue
[2023-03-15T16:08:45.228+0000] {logging_mixin.py:120} INFO - [2023-03-15T16:08:45.228+0000] {dagbag.py:537} INFO - Filling up the DagBag from /home/airflow/.local/lib/python3.7/site-packages/airflow/example_dags/example_xcom.py
[2023-03-15T16:08:45.255+0000] {processor.py:766} INFO - DAG(s) dict_keys(['example_xcom']) retrieved from /home/airflow/.local/lib/python3.7/site-packages/airflow/example_dags/example_xcom.py
[2023-03-15T16:08:45.320+0000] {logging_mixin.py:120} INFO - [2023-03-15T16:08:45.320+0000] {dag.py:2585} INFO - Sync 1 DAGs
[2023-03-15T16:08:45.362+0000] {logging_mixin.py:120} INFO - [2023-03-15T16:08:45.362+0000] {dag.py:3340} INFO - Setting next_dagrun for example_xcom to 2021-01-01T00:00:00+00:00, run_after=2021-01-01T00:00:00+00:00
[2023-03-15T16:08:45.384+0000] {processor.py:176} INFO - Processing /home/airflow/.local/lib/python3.7/site-packages/airflow/example_dags/example_xcom.py took 0.169 seconds
[2023-03-15T16:09:16.284+0000] {processor.py:154} INFO - Started process (PID=1181) to work on /home/airflow/.local/lib/python3.7/site-packages/airflow/example_dags/example_xcom.py
[2023-03-15T16:09:16.287+0000] {processor.py:756} INFO - Processing file /home/airflow/.local/lib/python3.7/site-packages/airflow/example_dags/example_xcom.py for tasks to queue
[2023-03-15T16:09:16.290+0000] {logging_mixin.py:120} INFO - [2023-03-15T16:09:16.289+0000] {dagbag.py:537} INFO - Filling up the DagBag from /home/airflow/.local/lib/python3.7/site-packages/airflow/example_dags/example_xcom.py
[2023-03-15T16:09:16.331+0000] {processor.py:766} INFO - DAG(s) dict_keys(['example_xcom']) retrieved from /home/airflow/.local/lib/python3.7/site-packages/airflow/example_dags/example_xcom.py
[2023-03-15T16:09:16.413+0000] {logging_mixin.py:120} INFO - [2023-03-15T16:09:16.413+0000] {dag.py:2585} INFO - Sync 1 DAGs
[2023-03-15T16:09:16.454+0000] {logging_mixin.py:120} INFO - [2023-03-15T16:09:16.453+0000] {dag.py:3340} INFO - Setting next_dagrun for example_xcom to 2021-01-01T00:00:00+00:00, run_after=2021-01-01T00:00:00+00:00
[2023-03-15T16:09:16.497+0000] {processor.py:176} INFO - Processing /home/airflow/.local/lib/python3.7/site-packages/airflow/example_dags/example_xcom.py took 0.216 seconds
[2023-03-15T16:09:46.580+0000] {processor.py:154} INFO - Started process (PID=1388) to work on /home/airflow/.local/lib/python3.7/site-packages/airflow/example_dags/example_xcom.py
[2023-03-15T16:09:46.583+0000] {processor.py:756} INFO - Processing file /home/airflow/.local/lib/python3.7/site-packages/airflow/example_dags/example_xcom.py for tasks to queue
[2023-03-15T16:09:46.587+0000] {logging_mixin.py:120} INFO - [2023-03-15T16:09:46.587+0000] {dagbag.py:537} INFO - Filling up the DagBag from /home/airflow/.local/lib/python3.7/site-packages/airflow/example_dags/example_xcom.py
[2023-03-15T16:09:46.624+0000] {processor.py:766} INFO - DAG(s) dict_keys(['example_xcom']) retrieved from /home/airflow/.local/lib/python3.7/site-packages/airflow/example_dags/example_xcom.py
[2023-03-15T16:09:46.691+0000] {logging_mixin.py:120} INFO - [2023-03-15T16:09:46.691+0000] {dag.py:2585} INFO - Sync 1 DAGs
[2023-03-15T16:09:46.712+0000] {logging_mixin.py:120} INFO - [2023-03-15T16:09:46.711+0000] {dag.py:3340} INFO - Setting next_dagrun for example_xcom to 2021-01-01T00:00:00+00:00, run_after=2021-01-01T00:00:00+00:00
[2023-03-15T16:09:46.726+0000] {processor.py:176} INFO - Processing /home/airflow/.local/lib/python3.7/site-packages/airflow/example_dags/example_xcom.py took 0.149 seconds
[2023-03-15T16:10:16.936+0000] {processor.py:154} INFO - Started process (PID=1604) to work on /home/airflow/.local/lib/python3.7/site-packages/airflow/example_dags/example_xcom.py
[2023-03-15T16:10:16.943+0000] {processor.py:756} INFO - Processing file /home/airflow/.local/lib/python3.7/site-packages/airflow/example_dags/example_xcom.py for tasks to queue
[2023-03-15T16:10:16.944+0000] {logging_mixin.py:120} INFO - [2023-03-15T16:10:16.944+0000] {dagbag.py:537} INFO - Filling up the DagBag from /home/airflow/.local/lib/python3.7/site-packages/airflow/example_dags/example_xcom.py
[2023-03-15T16:10:16.980+0000] {processor.py:766} INFO - DAG(s) dict_keys(['example_xcom']) retrieved from /home/airflow/.local/lib/python3.7/site-packages/airflow/example_dags/example_xcom.py
[2023-03-15T16:10:17.031+0000] {logging_mixin.py:120} INFO - [2023-03-15T16:10:17.031+0000] {dag.py:2585} INFO - Sync 1 DAGs
[2023-03-15T16:10:17.051+0000] {logging_mixin.py:120} INFO - [2023-03-15T16:10:17.051+0000] {dag.py:3340} INFO - Setting next_dagrun for example_xcom to 2021-01-01T00:00:00+00:00, run_after=2021-01-01T00:00:00+00:00
[2023-03-15T16:10:17.068+0000] {processor.py:176} INFO - Processing /home/airflow/.local/lib/python3.7/site-packages/airflow/example_dags/example_xcom.py took 0.135 seconds
[2023-03-15T16:10:47.256+0000] {processor.py:154} INFO - Started process (PID=1831) to work on /home/airflow/.local/lib/python3.7/site-packages/airflow/example_dags/example_xcom.py
[2023-03-15T16:10:47.257+0000] {processor.py:756} INFO - Processing file /home/airflow/.local/lib/python3.7/site-packages/airflow/example_dags/example_xcom.py for tasks to queue
[2023-03-15T16:10:47.261+0000] {logging_mixin.py:120} INFO - [2023-03-15T16:10:47.261+0000] {dagbag.py:537} INFO - Filling up the DagBag from /home/airflow/.local/lib/python3.7/site-packages/airflow/example_dags/example_xcom.py
[2023-03-15T16:10:47.289+0000] {processor.py:766} INFO - DAG(s) dict_keys(['example_xcom']) retrieved from /home/airflow/.local/lib/python3.7/site-packages/airflow/example_dags/example_xcom.py
[2023-03-15T16:10:47.329+0000] {logging_mixin.py:120} INFO - [2023-03-15T16:10:47.329+0000] {dag.py:2585} INFO - Sync 1 DAGs
[2023-03-15T16:10:47.354+0000] {logging_mixin.py:120} INFO - [2023-03-15T16:10:47.354+0000] {dag.py:3340} INFO - Setting next_dagrun for example_xcom to 2021-01-01T00:00:00+00:00, run_after=2021-01-01T00:00:00+00:00
[2023-03-15T16:10:47.370+0000] {processor.py:176} INFO - Processing /home/airflow/.local/lib/python3.7/site-packages/airflow/example_dags/example_xcom.py took 0.117 seconds
[2023-03-15T16:11:17.416+0000] {processor.py:154} INFO - Started process (PID=2036) to work on /home/airflow/.local/lib/python3.7/site-packages/airflow/example_dags/example_xcom.py
[2023-03-15T16:11:17.417+0000] {processor.py:756} INFO - Processing file /home/airflow/.local/lib/python3.7/site-packages/airflow/example_dags/example_xcom.py for tasks to queue
[2023-03-15T16:11:17.417+0000] {logging_mixin.py:120} INFO - [2023-03-15T16:11:17.417+0000] {dagbag.py:537} INFO - Filling up the DagBag from /home/airflow/.local/lib/python3.7/site-packages/airflow/example_dags/example_xcom.py
[2023-03-15T16:11:17.432+0000] {processor.py:766} INFO - DAG(s) dict_keys(['example_xcom']) retrieved from /home/airflow/.local/lib/python3.7/site-packages/airflow/example_dags/example_xcom.py
[2023-03-15T16:11:17.464+0000] {logging_mixin.py:120} INFO - [2023-03-15T16:11:17.464+0000] {dag.py:2585} INFO - Sync 1 DAGs
[2023-03-15T16:11:17.479+0000] {logging_mixin.py:120} INFO - [2023-03-15T16:11:17.479+0000] {dag.py:3340} INFO - Setting next_dagrun for example_xcom to 2021-01-01T00:00:00+00:00, run_after=2021-01-01T00:00:00+00:00
[2023-03-15T16:11:17.492+0000] {processor.py:176} INFO - Processing /home/airflow/.local/lib/python3.7/site-packages/airflow/example_dags/example_xcom.py took 0.080 seconds
[2023-03-15T16:11:48.096+0000] {processor.py:154} INFO - Started process (PID=2258) to work on /home/airflow/.local/lib/python3.7/site-packages/airflow/example_dags/example_xcom.py
[2023-03-15T16:11:48.107+0000] {processor.py:756} INFO - Processing file /home/airflow/.local/lib/python3.7/site-packages/airflow/example_dags/example_xcom.py for tasks to queue
[2023-03-15T16:11:48.112+0000] {logging_mixin.py:120} INFO - [2023-03-15T16:11:48.112+0000] {dagbag.py:537} INFO - Filling up the DagBag from /home/airflow/.local/lib/python3.7/site-packages/airflow/example_dags/example_xcom.py
[2023-03-15T16:11:48.157+0000] {processor.py:766} INFO - DAG(s) dict_keys(['example_xcom']) retrieved from /home/airflow/.local/lib/python3.7/site-packages/airflow/example_dags/example_xcom.py
[2023-03-15T16:11:48.242+0000] {logging_mixin.py:120} INFO - [2023-03-15T16:11:48.242+0000] {dag.py:2585} INFO - Sync 1 DAGs
[2023-03-15T16:11:48.281+0000] {logging_mixin.py:120} INFO - [2023-03-15T16:11:48.281+0000] {dag.py:3340} INFO - Setting next_dagrun for example_xcom to 2021-01-01T00:00:00+00:00, run_after=2021-01-01T00:00:00+00:00
[2023-03-15T16:11:48.299+0000] {processor.py:176} INFO - Processing /home/airflow/.local/lib/python3.7/site-packages/airflow/example_dags/example_xcom.py took 0.208 seconds
[2023-03-15T16:12:19.057+0000] {processor.py:154} INFO - Started process (PID=2462) to work on /home/airflow/.local/lib/python3.7/site-packages/airflow/example_dags/example_xcom.py
[2023-03-15T16:12:19.059+0000] {processor.py:756} INFO - Processing file /home/airflow/.local/lib/python3.7/site-packages/airflow/example_dags/example_xcom.py for tasks to queue
[2023-03-15T16:12:19.059+0000] {logging_mixin.py:120} INFO - [2023-03-15T16:12:19.059+0000] {dagbag.py:537} INFO - Filling up the DagBag from /home/airflow/.local/lib/python3.7/site-packages/airflow/example_dags/example_xcom.py
[2023-03-15T16:12:19.076+0000] {processor.py:766} INFO - DAG(s) dict_keys(['example_xcom']) retrieved from /home/airflow/.local/lib/python3.7/site-packages/airflow/example_dags/example_xcom.py
[2023-03-15T16:12:19.119+0000] {logging_mixin.py:120} INFO - [2023-03-15T16:12:19.119+0000] {dag.py:2585} INFO - Sync 1 DAGs
[2023-03-15T16:12:19.138+0000] {logging_mixin.py:120} INFO - [2023-03-15T16:12:19.138+0000] {dag.py:3340} INFO - Setting next_dagrun for example_xcom to 2021-01-01T00:00:00+00:00, run_after=2021-01-01T00:00:00+00:00
[2023-03-15T16:12:19.150+0000] {processor.py:176} INFO - Processing /home/airflow/.local/lib/python3.7/site-packages/airflow/example_dags/example_xcom.py took 0.096 seconds
[2023-03-15T16:12:50.101+0000] {processor.py:154} INFO - Started process (PID=2674) to work on /home/airflow/.local/lib/python3.7/site-packages/airflow/example_dags/example_xcom.py
[2023-03-15T16:12:50.105+0000] {processor.py:756} INFO - Processing file /home/airflow/.local/lib/python3.7/site-packages/airflow/example_dags/example_xcom.py for tasks to queue
[2023-03-15T16:12:50.106+0000] {logging_mixin.py:120} INFO - [2023-03-15T16:12:50.106+0000] {dagbag.py:537} INFO - Filling up the DagBag from /home/airflow/.local/lib/python3.7/site-packages/airflow/example_dags/example_xcom.py
[2023-03-15T16:12:50.133+0000] {processor.py:766} INFO - DAG(s) dict_keys(['example_xcom']) retrieved from /home/airflow/.local/lib/python3.7/site-packages/airflow/example_dags/example_xcom.py
[2023-03-15T16:12:50.179+0000] {logging_mixin.py:120} INFO - [2023-03-15T16:12:50.179+0000] {dag.py:2585} INFO - Sync 1 DAGs
[2023-03-15T16:12:50.206+0000] {logging_mixin.py:120} INFO - [2023-03-15T16:12:50.206+0000] {dag.py:3340} INFO - Setting next_dagrun for example_xcom to 2021-01-01T00:00:00+00:00, run_after=2021-01-01T00:00:00+00:00
[2023-03-15T16:12:50.225+0000] {processor.py:176} INFO - Processing /home/airflow/.local/lib/python3.7/site-packages/airflow/example_dags/example_xcom.py took 0.127 seconds
[2023-03-15T16:13:20.479+0000] {processor.py:154} INFO - Started process (PID=2859) to work on /home/airflow/.local/lib/python3.7/site-packages/airflow/example_dags/example_xcom.py
[2023-03-15T16:13:20.481+0000] {processor.py:756} INFO - Processing file /home/airflow/.local/lib/python3.7/site-packages/airflow/example_dags/example_xcom.py for tasks to queue
[2023-03-15T16:13:20.482+0000] {logging_mixin.py:120} INFO - [2023-03-15T16:13:20.482+0000] {dagbag.py:537} INFO - Filling up the DagBag from /home/airflow/.local/lib/python3.7/site-packages/airflow/example_dags/example_xcom.py
[2023-03-15T16:13:20.497+0000] {processor.py:766} INFO - DAG(s) dict_keys(['example_xcom']) retrieved from /home/airflow/.local/lib/python3.7/site-packages/airflow/example_dags/example_xcom.py
[2023-03-15T16:13:20.531+0000] {logging_mixin.py:120} INFO - [2023-03-15T16:13:20.531+0000] {dag.py:2585} INFO - Sync 1 DAGs
[2023-03-15T16:13:20.545+0000] {logging_mixin.py:120} INFO - [2023-03-15T16:13:20.545+0000] {dag.py:3340} INFO - Setting next_dagrun for example_xcom to 2021-01-01T00:00:00+00:00, run_after=2021-01-01T00:00:00+00:00
[2023-03-15T16:13:20.555+0000] {processor.py:176} INFO - Processing /home/airflow/.local/lib/python3.7/site-packages/airflow/example_dags/example_xcom.py took 0.079 seconds
[2023-03-15T16:29:47.635+0000] {processor.py:154} INFO - Started process (PID=2901) to work on /home/airflow/.local/lib/python3.7/site-packages/airflow/example_dags/example_xcom.py
[2023-03-15T16:29:47.636+0000] {processor.py:756} INFO - Processing file /home/airflow/.local/lib/python3.7/site-packages/airflow/example_dags/example_xcom.py for tasks to queue
[2023-03-15T16:29:47.637+0000] {logging_mixin.py:120} INFO - [2023-03-15T16:29:47.637+0000] {dagbag.py:537} INFO - Filling up the DagBag from /home/airflow/.local/lib/python3.7/site-packages/airflow/example_dags/example_xcom.py
[2023-03-15T16:29:47.655+0000] {processor.py:766} INFO - DAG(s) dict_keys(['example_xcom']) retrieved from /home/airflow/.local/lib/python3.7/site-packages/airflow/example_dags/example_xcom.py
[2023-03-15T16:29:47.703+0000] {logging_mixin.py:120} INFO - [2023-03-15T16:29:47.703+0000] {dag.py:2585} INFO - Sync 1 DAGs
[2023-03-15T16:29:47.728+0000] {logging_mixin.py:120} INFO - [2023-03-15T16:29:47.728+0000] {dag.py:3340} INFO - Setting next_dagrun for example_xcom to 2021-01-01T00:00:00+00:00, run_after=2021-01-01T00:00:00+00:00
[2023-03-15T16:29:47.743+0000] {processor.py:176} INFO - Processing /home/airflow/.local/lib/python3.7/site-packages/airflow/example_dags/example_xcom.py took 0.111 seconds
[2023-03-15T16:30:18.610+0000] {processor.py:154} INFO - Started process (PID=2966) to work on /home/airflow/.local/lib/python3.7/site-packages/airflow/example_dags/example_xcom.py
[2023-03-15T16:30:18.611+0000] {processor.py:756} INFO - Processing file /home/airflow/.local/lib/python3.7/site-packages/airflow/example_dags/example_xcom.py for tasks to queue
[2023-03-15T16:30:18.612+0000] {logging_mixin.py:120} INFO - [2023-03-15T16:30:18.612+0000] {dagbag.py:537} INFO - Filling up the DagBag from /home/airflow/.local/lib/python3.7/site-packages/airflow/example_dags/example_xcom.py
[2023-03-15T16:30:18.627+0000] {processor.py:766} INFO - DAG(s) dict_keys(['example_xcom']) retrieved from /home/airflow/.local/lib/python3.7/site-packages/airflow/example_dags/example_xcom.py
[2023-03-15T16:30:18.656+0000] {logging_mixin.py:120} INFO - [2023-03-15T16:30:18.656+0000] {dag.py:2585} INFO - Sync 1 DAGs
[2023-03-15T16:30:18.671+0000] {logging_mixin.py:120} INFO - [2023-03-15T16:30:18.671+0000] {dag.py:3340} INFO - Setting next_dagrun for example_xcom to 2021-01-01T00:00:00+00:00, run_after=2021-01-01T00:00:00+00:00
[2023-03-15T16:30:18.683+0000] {processor.py:176} INFO - Processing /home/airflow/.local/lib/python3.7/site-packages/airflow/example_dags/example_xcom.py took 0.076 seconds
[2023-03-15T16:47:13.420+0000] {processor.py:154} INFO - Started process (PID=3022) to work on /home/airflow/.local/lib/python3.7/site-packages/airflow/example_dags/example_xcom.py
[2023-03-15T16:47:13.421+0000] {processor.py:756} INFO - Processing file /home/airflow/.local/lib/python3.7/site-packages/airflow/example_dags/example_xcom.py for tasks to queue
[2023-03-15T16:47:13.426+0000] {logging_mixin.py:120} INFO - [2023-03-15T16:47:13.426+0000] {dagbag.py:537} INFO - Filling up the DagBag from /home/airflow/.local/lib/python3.7/site-packages/airflow/example_dags/example_xcom.py
[2023-03-15T16:47:13.444+0000] {processor.py:766} INFO - DAG(s) dict_keys(['example_xcom']) retrieved from /home/airflow/.local/lib/python3.7/site-packages/airflow/example_dags/example_xcom.py
[2023-03-15T16:47:13.479+0000] {logging_mixin.py:120} INFO - [2023-03-15T16:47:13.479+0000] {dag.py:2585} INFO - Sync 1 DAGs
[2023-03-15T16:47:13.496+0000] {logging_mixin.py:120} INFO - [2023-03-15T16:47:13.496+0000] {dag.py:3340} INFO - Setting next_dagrun for example_xcom to 2021-01-01T00:00:00+00:00, run_after=2021-01-01T00:00:00+00:00
[2023-03-15T16:47:13.508+0000] {processor.py:176} INFO - Processing /home/airflow/.local/lib/python3.7/site-packages/airflow/example_dags/example_xcom.py took 0.091 seconds
[2023-03-15T16:47:44.424+0000] {processor.py:154} INFO - Started process (PID=3087) to work on /home/airflow/.local/lib/python3.7/site-packages/airflow/example_dags/example_xcom.py
[2023-03-15T16:47:44.425+0000] {processor.py:756} INFO - Processing file /home/airflow/.local/lib/python3.7/site-packages/airflow/example_dags/example_xcom.py for tasks to queue
[2023-03-15T16:47:44.426+0000] {logging_mixin.py:120} INFO - [2023-03-15T16:47:44.426+0000] {dagbag.py:537} INFO - Filling up the DagBag from /home/airflow/.local/lib/python3.7/site-packages/airflow/example_dags/example_xcom.py
[2023-03-15T16:47:44.441+0000] {processor.py:766} INFO - DAG(s) dict_keys(['example_xcom']) retrieved from /home/airflow/.local/lib/python3.7/site-packages/airflow/example_dags/example_xcom.py
[2023-03-15T16:47:44.470+0000] {logging_mixin.py:120} INFO - [2023-03-15T16:47:44.469+0000] {dag.py:2585} INFO - Sync 1 DAGs
[2023-03-15T16:47:44.484+0000] {logging_mixin.py:120} INFO - [2023-03-15T16:47:44.484+0000] {dag.py:3340} INFO - Setting next_dagrun for example_xcom to 2021-01-01T00:00:00+00:00, run_after=2021-01-01T00:00:00+00:00
[2023-03-15T16:47:44.495+0000] {processor.py:176} INFO - Processing /home/airflow/.local/lib/python3.7/site-packages/airflow/example_dags/example_xcom.py took 0.074 seconds
[2023-03-15T16:59:20.357+0000] {processor.py:154} INFO - Started process (PID=3152) to work on /home/airflow/.local/lib/python3.7/site-packages/airflow/example_dags/example_xcom.py
[2023-03-15T16:59:20.362+0000] {processor.py:756} INFO - Processing file /home/airflow/.local/lib/python3.7/site-packages/airflow/example_dags/example_xcom.py for tasks to queue
[2023-03-15T16:59:20.364+0000] {logging_mixin.py:120} INFO - [2023-03-15T16:59:20.364+0000] {dagbag.py:537} INFO - Filling up the DagBag from /home/airflow/.local/lib/python3.7/site-packages/airflow/example_dags/example_xcom.py
[2023-03-15T16:59:20.394+0000] {processor.py:766} INFO - DAG(s) dict_keys(['example_xcom']) retrieved from /home/airflow/.local/lib/python3.7/site-packages/airflow/example_dags/example_xcom.py
[2023-03-15T16:59:20.443+0000] {logging_mixin.py:120} INFO - [2023-03-15T16:59:20.443+0000] {dag.py:2585} INFO - Sync 1 DAGs
[2023-03-15T16:59:20.477+0000] {logging_mixin.py:120} INFO - [2023-03-15T16:59:20.477+0000] {dag.py:3340} INFO - Setting next_dagrun for example_xcom to 2021-01-01T00:00:00+00:00, run_after=2021-01-01T00:00:00+00:00
[2023-03-15T16:59:20.497+0000] {processor.py:176} INFO - Processing /home/airflow/.local/lib/python3.7/site-packages/airflow/example_dags/example_xcom.py took 0.147 seconds
[2023-03-15T16:59:50.770+0000] {processor.py:154} INFO - Started process (PID=3217) to work on /home/airflow/.local/lib/python3.7/site-packages/airflow/example_dags/example_xcom.py
[2023-03-15T16:59:50.771+0000] {processor.py:756} INFO - Processing file /home/airflow/.local/lib/python3.7/site-packages/airflow/example_dags/example_xcom.py for tasks to queue
[2023-03-15T16:59:50.772+0000] {logging_mixin.py:120} INFO - [2023-03-15T16:59:50.772+0000] {dagbag.py:537} INFO - Filling up the DagBag from /home/airflow/.local/lib/python3.7/site-packages/airflow/example_dags/example_xcom.py
[2023-03-15T16:59:50.788+0000] {processor.py:766} INFO - DAG(s) dict_keys(['example_xcom']) retrieved from /home/airflow/.local/lib/python3.7/site-packages/airflow/example_dags/example_xcom.py
[2023-03-15T16:59:50.817+0000] {logging_mixin.py:120} INFO - [2023-03-15T16:59:50.817+0000] {dag.py:2585} INFO - Sync 1 DAGs
[2023-03-15T16:59:50.833+0000] {logging_mixin.py:120} INFO - [2023-03-15T16:59:50.833+0000] {dag.py:3340} INFO - Setting next_dagrun for example_xcom to 2021-01-01T00:00:00+00:00, run_after=2021-01-01T00:00:00+00:00
[2023-03-15T16:59:50.844+0000] {processor.py:176} INFO - Processing /home/airflow/.local/lib/python3.7/site-packages/airflow/example_dags/example_xcom.py took 0.077 seconds
[2023-03-15T17:00:21.481+0000] {processor.py:154} INFO - Started process (PID=3281) to work on /home/airflow/.local/lib/python3.7/site-packages/airflow/example_dags/example_xcom.py
[2023-03-15T17:00:21.482+0000] {processor.py:756} INFO - Processing file /home/airflow/.local/lib/python3.7/site-packages/airflow/example_dags/example_xcom.py for tasks to queue
[2023-03-15T17:00:21.484+0000] {logging_mixin.py:120} INFO - [2023-03-15T17:00:21.484+0000] {dagbag.py:537} INFO - Filling up the DagBag from /home/airflow/.local/lib/python3.7/site-packages/airflow/example_dags/example_xcom.py
[2023-03-15T17:00:21.502+0000] {processor.py:766} INFO - DAG(s) dict_keys(['example_xcom']) retrieved from /home/airflow/.local/lib/python3.7/site-packages/airflow/example_dags/example_xcom.py
[2023-03-15T17:00:21.533+0000] {logging_mixin.py:120} INFO - [2023-03-15T17:00:21.533+0000] {dag.py:2585} INFO - Sync 1 DAGs
[2023-03-15T17:00:21.548+0000] {logging_mixin.py:120} INFO - [2023-03-15T17:00:21.548+0000] {dag.py:3340} INFO - Setting next_dagrun for example_xcom to 2021-01-01T00:00:00+00:00, run_after=2021-01-01T00:00:00+00:00
[2023-03-15T17:00:21.561+0000] {processor.py:176} INFO - Processing /home/airflow/.local/lib/python3.7/site-packages/airflow/example_dags/example_xcom.py took 0.082 seconds
[2023-03-15T17:00:52.108+0000] {processor.py:154} INFO - Started process (PID=3337) to work on /home/airflow/.local/lib/python3.7/site-packages/airflow/example_dags/example_xcom.py
[2023-03-15T17:00:52.109+0000] {processor.py:756} INFO - Processing file /home/airflow/.local/lib/python3.7/site-packages/airflow/example_dags/example_xcom.py for tasks to queue
[2023-03-15T17:00:52.110+0000] {logging_mixin.py:120} INFO - [2023-03-15T17:00:52.110+0000] {dagbag.py:537} INFO - Filling up the DagBag from /home/airflow/.local/lib/python3.7/site-packages/airflow/example_dags/example_xcom.py
[2023-03-15T17:00:52.125+0000] {processor.py:766} INFO - DAG(s) dict_keys(['example_xcom']) retrieved from /home/airflow/.local/lib/python3.7/site-packages/airflow/example_dags/example_xcom.py
[2023-03-15T17:00:52.154+0000] {logging_mixin.py:120} INFO - [2023-03-15T17:00:52.154+0000] {dag.py:2585} INFO - Sync 1 DAGs
[2023-03-15T17:00:52.169+0000] {logging_mixin.py:120} INFO - [2023-03-15T17:00:52.169+0000] {dag.py:3340} INFO - Setting next_dagrun for example_xcom to 2021-01-01T00:00:00+00:00, run_after=2021-01-01T00:00:00+00:00
[2023-03-15T17:00:52.180+0000] {processor.py:176} INFO - Processing /home/airflow/.local/lib/python3.7/site-packages/airflow/example_dags/example_xcom.py took 0.075 seconds
[2023-03-15T17:01:22.496+0000] {processor.py:154} INFO - Started process (PID=3402) to work on /home/airflow/.local/lib/python3.7/site-packages/airflow/example_dags/example_xcom.py
[2023-03-15T17:01:22.497+0000] {processor.py:756} INFO - Processing file /home/airflow/.local/lib/python3.7/site-packages/airflow/example_dags/example_xcom.py for tasks to queue
[2023-03-15T17:01:22.498+0000] {logging_mixin.py:120} INFO - [2023-03-15T17:01:22.498+0000] {dagbag.py:537} INFO - Filling up the DagBag from /home/airflow/.local/lib/python3.7/site-packages/airflow/example_dags/example_xcom.py
[2023-03-15T17:01:22.513+0000] {processor.py:766} INFO - DAG(s) dict_keys(['example_xcom']) retrieved from /home/airflow/.local/lib/python3.7/site-packages/airflow/example_dags/example_xcom.py
[2023-03-15T17:01:22.542+0000] {logging_mixin.py:120} INFO - [2023-03-15T17:01:22.542+0000] {dag.py:2585} INFO - Sync 1 DAGs
[2023-03-15T17:01:22.557+0000] {logging_mixin.py:120} INFO - [2023-03-15T17:01:22.557+0000] {dag.py:3340} INFO - Setting next_dagrun for example_xcom to 2021-01-01T00:00:00+00:00, run_after=2021-01-01T00:00:00+00:00
[2023-03-15T17:01:22.570+0000] {processor.py:176} INFO - Processing /home/airflow/.local/lib/python3.7/site-packages/airflow/example_dags/example_xcom.py took 0.077 seconds
[2023-03-15T17:01:52.987+0000] {processor.py:154} INFO - Started process (PID=3467) to work on /home/airflow/.local/lib/python3.7/site-packages/airflow/example_dags/example_xcom.py
[2023-03-15T17:01:52.988+0000] {processor.py:756} INFO - Processing file /home/airflow/.local/lib/python3.7/site-packages/airflow/example_dags/example_xcom.py for tasks to queue
[2023-03-15T17:01:52.989+0000] {logging_mixin.py:120} INFO - [2023-03-15T17:01:52.989+0000] {dagbag.py:537} INFO - Filling up the DagBag from /home/airflow/.local/lib/python3.7/site-packages/airflow/example_dags/example_xcom.py
[2023-03-15T17:01:53.004+0000] {processor.py:766} INFO - DAG(s) dict_keys(['example_xcom']) retrieved from /home/airflow/.local/lib/python3.7/site-packages/airflow/example_dags/example_xcom.py
[2023-03-15T17:01:53.033+0000] {logging_mixin.py:120} INFO - [2023-03-15T17:01:53.033+0000] {dag.py:2585} INFO - Sync 1 DAGs
[2023-03-15T17:01:53.047+0000] {logging_mixin.py:120} INFO - [2023-03-15T17:01:53.047+0000] {dag.py:3340} INFO - Setting next_dagrun for example_xcom to 2021-01-01T00:00:00+00:00, run_after=2021-01-01T00:00:00+00:00
[2023-03-15T17:01:53.058+0000] {processor.py:176} INFO - Processing /home/airflow/.local/lib/python3.7/site-packages/airflow/example_dags/example_xcom.py took 0.075 seconds
[2023-03-15T17:02:23.300+0000] {processor.py:154} INFO - Started process (PID=3532) to work on /home/airflow/.local/lib/python3.7/site-packages/airflow/example_dags/example_xcom.py
[2023-03-15T17:02:23.301+0000] {processor.py:756} INFO - Processing file /home/airflow/.local/lib/python3.7/site-packages/airflow/example_dags/example_xcom.py for tasks to queue
[2023-03-15T17:02:23.302+0000] {logging_mixin.py:120} INFO - [2023-03-15T17:02:23.302+0000] {dagbag.py:537} INFO - Filling up the DagBag from /home/airflow/.local/lib/python3.7/site-packages/airflow/example_dags/example_xcom.py
[2023-03-15T17:02:23.317+0000] {processor.py:766} INFO - DAG(s) dict_keys(['example_xcom']) retrieved from /home/airflow/.local/lib/python3.7/site-packages/airflow/example_dags/example_xcom.py
[2023-03-15T17:02:23.347+0000] {logging_mixin.py:120} INFO - [2023-03-15T17:02:23.347+0000] {dag.py:2585} INFO - Sync 1 DAGs
[2023-03-15T17:02:23.362+0000] {logging_mixin.py:120} INFO - [2023-03-15T17:02:23.362+0000] {dag.py:3340} INFO - Setting next_dagrun for example_xcom to 2021-01-01T00:00:00+00:00, run_after=2021-01-01T00:00:00+00:00
[2023-03-15T17:02:23.374+0000] {processor.py:176} INFO - Processing /home/airflow/.local/lib/python3.7/site-packages/airflow/example_dags/example_xcom.py took 0.077 seconds
[2023-03-15T17:02:53.694+0000] {processor.py:154} INFO - Started process (PID=3597) to work on /home/airflow/.local/lib/python3.7/site-packages/airflow/example_dags/example_xcom.py
[2023-03-15T17:02:53.695+0000] {processor.py:756} INFO - Processing file /home/airflow/.local/lib/python3.7/site-packages/airflow/example_dags/example_xcom.py for tasks to queue
[2023-03-15T17:02:53.696+0000] {logging_mixin.py:120} INFO - [2023-03-15T17:02:53.696+0000] {dagbag.py:537} INFO - Filling up the DagBag from /home/airflow/.local/lib/python3.7/site-packages/airflow/example_dags/example_xcom.py
[2023-03-15T17:02:53.710+0000] {processor.py:766} INFO - DAG(s) dict_keys(['example_xcom']) retrieved from /home/airflow/.local/lib/python3.7/site-packages/airflow/example_dags/example_xcom.py
[2023-03-15T17:02:53.738+0000] {logging_mixin.py:120} INFO - [2023-03-15T17:02:53.738+0000] {dag.py:2585} INFO - Sync 1 DAGs
[2023-03-15T17:02:53.752+0000] {logging_mixin.py:120} INFO - [2023-03-15T17:02:53.752+0000] {dag.py:3340} INFO - Setting next_dagrun for example_xcom to 2021-01-01T00:00:00+00:00, run_after=2021-01-01T00:00:00+00:00
[2023-03-15T17:02:53.763+0000] {processor.py:176} INFO - Processing /home/airflow/.local/lib/python3.7/site-packages/airflow/example_dags/example_xcom.py took 0.072 seconds
[2023-03-15T17:03:24.286+0000] {processor.py:154} INFO - Started process (PID=3662) to work on /home/airflow/.local/lib/python3.7/site-packages/airflow/example_dags/example_xcom.py
[2023-03-15T17:03:24.287+0000] {processor.py:756} INFO - Processing file /home/airflow/.local/lib/python3.7/site-packages/airflow/example_dags/example_xcom.py for tasks to queue
[2023-03-15T17:03:24.288+0000] {logging_mixin.py:120} INFO - [2023-03-15T17:03:24.288+0000] {dagbag.py:537} INFO - Filling up the DagBag from /home/airflow/.local/lib/python3.7/site-packages/airflow/example_dags/example_xcom.py
[2023-03-15T17:03:24.303+0000] {processor.py:766} INFO - DAG(s) dict_keys(['example_xcom']) retrieved from /home/airflow/.local/lib/python3.7/site-packages/airflow/example_dags/example_xcom.py
[2023-03-15T17:03:24.332+0000] {logging_mixin.py:120} INFO - [2023-03-15T17:03:24.331+0000] {dag.py:2585} INFO - Sync 1 DAGs
[2023-03-15T17:03:24.346+0000] {logging_mixin.py:120} INFO - [2023-03-15T17:03:24.346+0000] {dag.py:3340} INFO - Setting next_dagrun for example_xcom to 2021-01-01T00:00:00+00:00, run_after=2021-01-01T00:00:00+00:00
[2023-03-15T17:03:24.358+0000] {processor.py:176} INFO - Processing /home/airflow/.local/lib/python3.7/site-packages/airflow/example_dags/example_xcom.py took 0.075 seconds
[2023-03-15T17:03:54.792+0000] {processor.py:154} INFO - Started process (PID=3718) to work on /home/airflow/.local/lib/python3.7/site-packages/airflow/example_dags/example_xcom.py
[2023-03-15T17:03:54.793+0000] {processor.py:756} INFO - Processing file /home/airflow/.local/lib/python3.7/site-packages/airflow/example_dags/example_xcom.py for tasks to queue
[2023-03-15T17:03:54.794+0000] {logging_mixin.py:120} INFO - [2023-03-15T17:03:54.794+0000] {dagbag.py:537} INFO - Filling up the DagBag from /home/airflow/.local/lib/python3.7/site-packages/airflow/example_dags/example_xcom.py
[2023-03-15T17:03:54.809+0000] {processor.py:766} INFO - DAG(s) dict_keys(['example_xcom']) retrieved from /home/airflow/.local/lib/python3.7/site-packages/airflow/example_dags/example_xcom.py
[2023-03-15T17:03:54.838+0000] {logging_mixin.py:120} INFO - [2023-03-15T17:03:54.838+0000] {dag.py:2585} INFO - Sync 1 DAGs
[2023-03-15T17:03:54.853+0000] {logging_mixin.py:120} INFO - [2023-03-15T17:03:54.853+0000] {dag.py:3340} INFO - Setting next_dagrun for example_xcom to 2021-01-01T00:00:00+00:00, run_after=2021-01-01T00:00:00+00:00
[2023-03-15T17:03:54.867+0000] {processor.py:176} INFO - Processing /home/airflow/.local/lib/python3.7/site-packages/airflow/example_dags/example_xcom.py took 0.078 seconds
[2023-03-15T17:04:25.279+0000] {processor.py:154} INFO - Started process (PID=3782) to work on /home/airflow/.local/lib/python3.7/site-packages/airflow/example_dags/example_xcom.py
[2023-03-15T17:04:25.280+0000] {processor.py:756} INFO - Processing file /home/airflow/.local/lib/python3.7/site-packages/airflow/example_dags/example_xcom.py for tasks to queue
[2023-03-15T17:04:25.281+0000] {logging_mixin.py:120} INFO - [2023-03-15T17:04:25.281+0000] {dagbag.py:537} INFO - Filling up the DagBag from /home/airflow/.local/lib/python3.7/site-packages/airflow/example_dags/example_xcom.py
[2023-03-15T17:04:25.296+0000] {processor.py:766} INFO - DAG(s) dict_keys(['example_xcom']) retrieved from /home/airflow/.local/lib/python3.7/site-packages/airflow/example_dags/example_xcom.py
[2023-03-15T17:04:25.325+0000] {logging_mixin.py:120} INFO - [2023-03-15T17:04:25.325+0000] {dag.py:2585} INFO - Sync 1 DAGs
[2023-03-15T17:04:25.339+0000] {logging_mixin.py:120} INFO - [2023-03-15T17:04:25.339+0000] {dag.py:3340} INFO - Setting next_dagrun for example_xcom to 2021-01-01T00:00:00+00:00, run_after=2021-01-01T00:00:00+00:00
[2023-03-15T17:04:25.351+0000] {processor.py:176} INFO - Processing /home/airflow/.local/lib/python3.7/site-packages/airflow/example_dags/example_xcom.py took 0.075 seconds
