[2023-03-15T16:01:42.039+0000] {processor.py:154} INFO - Started process (PID=65) to work on /home/airflow/.local/lib/python3.7/site-packages/airflow/example_dags/example_kubernetes_executor.py
[2023-03-15T16:01:42.041+0000] {processor.py:756} INFO - Processing file /home/airflow/.local/lib/python3.7/site-packages/airflow/example_dags/example_kubernetes_executor.py for tasks to queue
[2023-03-15T16:01:42.044+0000] {logging_mixin.py:120} INFO - [2023-03-15T16:01:42.043+0000] {dagbag.py:537} INFO - Filling up the DagBag from /home/airflow/.local/lib/python3.7/site-packages/airflow/example_dags/example_kubernetes_executor.py
[2023-03-15T16:01:42.095+0000] {processor.py:766} INFO - DAG(s) dict_keys(['example_kubernetes_executor']) retrieved from /home/airflow/.local/lib/python3.7/site-packages/airflow/example_dags/example_kubernetes_executor.py
[2023-03-15T16:01:42.293+0000] {logging_mixin.py:120} INFO - [2023-03-15T16:01:42.293+0000] {manager.py:507} INFO - Created Permission View: can read on DAG:example_kubernetes_executor
[2023-03-15T16:01:42.320+0000] {logging_mixin.py:120} INFO - [2023-03-15T16:01:42.320+0000] {manager.py:507} INFO - Created Permission View: can delete on DAG:example_kubernetes_executor
[2023-03-15T16:01:42.356+0000] {logging_mixin.py:120} INFO - [2023-03-15T16:01:42.355+0000] {manager.py:507} INFO - Created Permission View: can edit on DAG:example_kubernetes_executor
[2023-03-15T16:01:42.357+0000] {logging_mixin.py:120} INFO - [2023-03-15T16:01:42.357+0000] {dag.py:2585} INFO - Sync 1 DAGs
[2023-03-15T16:01:42.392+0000] {logging_mixin.py:120} INFO - [2023-03-15T16:01:42.392+0000] {dag.py:2606} INFO - Creating ORM DAG for example_kubernetes_executor
[2023-03-15T16:01:42.412+0000] {logging_mixin.py:120} INFO - [2023-03-15T16:01:42.412+0000] {dag.py:3340} INFO - Setting next_dagrun for example_kubernetes_executor to None, run_after=None
[2023-03-15T16:01:42.437+0000] {processor.py:176} INFO - Processing /home/airflow/.local/lib/python3.7/site-packages/airflow/example_dags/example_kubernetes_executor.py took 0.402 seconds
[2023-03-15T16:02:12.551+0000] {processor.py:154} INFO - Started process (PID=119) to work on /home/airflow/.local/lib/python3.7/site-packages/airflow/example_dags/example_kubernetes_executor.py
[2023-03-15T16:02:12.552+0000] {processor.py:756} INFO - Processing file /home/airflow/.local/lib/python3.7/site-packages/airflow/example_dags/example_kubernetes_executor.py for tasks to queue
[2023-03-15T16:02:12.553+0000] {logging_mixin.py:120} INFO - [2023-03-15T16:02:12.553+0000] {dagbag.py:537} INFO - Filling up the DagBag from /home/airflow/.local/lib/python3.7/site-packages/airflow/example_dags/example_kubernetes_executor.py
[2023-03-15T16:02:12.576+0000] {processor.py:766} INFO - DAG(s) dict_keys(['example_kubernetes_executor']) retrieved from /home/airflow/.local/lib/python3.7/site-packages/airflow/example_dags/example_kubernetes_executor.py
[2023-03-15T16:02:12.609+0000] {logging_mixin.py:120} INFO - [2023-03-15T16:02:12.609+0000] {dag.py:2585} INFO - Sync 1 DAGs
[2023-03-15T16:02:12.632+0000] {logging_mixin.py:120} INFO - [2023-03-15T16:02:12.632+0000] {dag.py:3340} INFO - Setting next_dagrun for example_kubernetes_executor to None, run_after=None
[2023-03-15T16:02:12.646+0000] {processor.py:176} INFO - Processing /home/airflow/.local/lib/python3.7/site-packages/airflow/example_dags/example_kubernetes_executor.py took 0.099 seconds
[2023-03-15T16:02:42.879+0000] {processor.py:154} INFO - Started process (PID=181) to work on /home/airflow/.local/lib/python3.7/site-packages/airflow/example_dags/example_kubernetes_executor.py
[2023-03-15T16:02:42.880+0000] {processor.py:756} INFO - Processing file /home/airflow/.local/lib/python3.7/site-packages/airflow/example_dags/example_kubernetes_executor.py for tasks to queue
[2023-03-15T16:02:42.881+0000] {logging_mixin.py:120} INFO - [2023-03-15T16:02:42.881+0000] {dagbag.py:537} INFO - Filling up the DagBag from /home/airflow/.local/lib/python3.7/site-packages/airflow/example_dags/example_kubernetes_executor.py
[2023-03-15T16:02:42.906+0000] {processor.py:766} INFO - DAG(s) dict_keys(['example_kubernetes_executor']) retrieved from /home/airflow/.local/lib/python3.7/site-packages/airflow/example_dags/example_kubernetes_executor.py
[2023-03-15T16:02:42.942+0000] {logging_mixin.py:120} INFO - [2023-03-15T16:02:42.942+0000] {dag.py:2585} INFO - Sync 1 DAGs
[2023-03-15T16:02:42.957+0000] {logging_mixin.py:120} INFO - [2023-03-15T16:02:42.957+0000] {dag.py:3340} INFO - Setting next_dagrun for example_kubernetes_executor to None, run_after=None
[2023-03-15T16:02:42.968+0000] {processor.py:176} INFO - Processing /home/airflow/.local/lib/python3.7/site-packages/airflow/example_dags/example_kubernetes_executor.py took 0.092 seconds
[2023-03-15T16:03:13.363+0000] {processor.py:154} INFO - Started process (PID=245) to work on /home/airflow/.local/lib/python3.7/site-packages/airflow/example_dags/example_kubernetes_executor.py
[2023-03-15T16:03:13.365+0000] {processor.py:756} INFO - Processing file /home/airflow/.local/lib/python3.7/site-packages/airflow/example_dags/example_kubernetes_executor.py for tasks to queue
[2023-03-15T16:03:13.365+0000] {logging_mixin.py:120} INFO - [2023-03-15T16:03:13.365+0000] {dagbag.py:537} INFO - Filling up the DagBag from /home/airflow/.local/lib/python3.7/site-packages/airflow/example_dags/example_kubernetes_executor.py
[2023-03-15T16:03:13.387+0000] {processor.py:766} INFO - DAG(s) dict_keys(['example_kubernetes_executor']) retrieved from /home/airflow/.local/lib/python3.7/site-packages/airflow/example_dags/example_kubernetes_executor.py
[2023-03-15T16:03:13.419+0000] {logging_mixin.py:120} INFO - [2023-03-15T16:03:13.418+0000] {dag.py:2585} INFO - Sync 1 DAGs
[2023-03-15T16:03:13.436+0000] {logging_mixin.py:120} INFO - [2023-03-15T16:03:13.436+0000] {dag.py:3340} INFO - Setting next_dagrun for example_kubernetes_executor to None, run_after=None
[2023-03-15T16:03:13.449+0000] {processor.py:176} INFO - Processing /home/airflow/.local/lib/python3.7/site-packages/airflow/example_dags/example_kubernetes_executor.py took 0.090 seconds
[2023-03-15T16:03:43.651+0000] {processor.py:154} INFO - Started process (PID=308) to work on /home/airflow/.local/lib/python3.7/site-packages/airflow/example_dags/example_kubernetes_executor.py
[2023-03-15T16:03:43.652+0000] {processor.py:756} INFO - Processing file /home/airflow/.local/lib/python3.7/site-packages/airflow/example_dags/example_kubernetes_executor.py for tasks to queue
[2023-03-15T16:03:43.653+0000] {logging_mixin.py:120} INFO - [2023-03-15T16:03:43.653+0000] {dagbag.py:537} INFO - Filling up the DagBag from /home/airflow/.local/lib/python3.7/site-packages/airflow/example_dags/example_kubernetes_executor.py
[2023-03-15T16:03:43.672+0000] {processor.py:766} INFO - DAG(s) dict_keys(['example_kubernetes_executor']) retrieved from /home/airflow/.local/lib/python3.7/site-packages/airflow/example_dags/example_kubernetes_executor.py
[2023-03-15T16:03:43.704+0000] {logging_mixin.py:120} INFO - [2023-03-15T16:03:43.703+0000] {dag.py:2585} INFO - Sync 1 DAGs
[2023-03-15T16:03:43.721+0000] {logging_mixin.py:120} INFO - [2023-03-15T16:03:43.721+0000] {dag.py:3340} INFO - Setting next_dagrun for example_kubernetes_executor to None, run_after=None
[2023-03-15T16:03:43.734+0000] {processor.py:176} INFO - Processing /home/airflow/.local/lib/python3.7/site-packages/airflow/example_dags/example_kubernetes_executor.py took 0.086 seconds
[2023-03-15T16:04:13.837+0000] {processor.py:154} INFO - Started process (PID=363) to work on /home/airflow/.local/lib/python3.7/site-packages/airflow/example_dags/example_kubernetes_executor.py
[2023-03-15T16:04:13.839+0000] {processor.py:756} INFO - Processing file /home/airflow/.local/lib/python3.7/site-packages/airflow/example_dags/example_kubernetes_executor.py for tasks to queue
[2023-03-15T16:04:13.839+0000] {logging_mixin.py:120} INFO - [2023-03-15T16:04:13.839+0000] {dagbag.py:537} INFO - Filling up the DagBag from /home/airflow/.local/lib/python3.7/site-packages/airflow/example_dags/example_kubernetes_executor.py
[2023-03-15T16:04:13.858+0000] {processor.py:766} INFO - DAG(s) dict_keys(['example_kubernetes_executor']) retrieved from /home/airflow/.local/lib/python3.7/site-packages/airflow/example_dags/example_kubernetes_executor.py
[2023-03-15T16:04:13.890+0000] {logging_mixin.py:120} INFO - [2023-03-15T16:04:13.890+0000] {dag.py:2585} INFO - Sync 1 DAGs
[2023-03-15T16:04:13.908+0000] {logging_mixin.py:120} INFO - [2023-03-15T16:04:13.907+0000] {dag.py:3340} INFO - Setting next_dagrun for example_kubernetes_executor to None, run_after=None
[2023-03-15T16:04:13.920+0000] {processor.py:176} INFO - Processing /home/airflow/.local/lib/python3.7/site-packages/airflow/example_dags/example_kubernetes_executor.py took 0.087 seconds
[2023-03-15T16:04:44.430+0000] {processor.py:154} INFO - Started process (PID=428) to work on /home/airflow/.local/lib/python3.7/site-packages/airflow/example_dags/example_kubernetes_executor.py
[2023-03-15T16:04:44.432+0000] {processor.py:756} INFO - Processing file /home/airflow/.local/lib/python3.7/site-packages/airflow/example_dags/example_kubernetes_executor.py for tasks to queue
[2023-03-15T16:04:44.433+0000] {logging_mixin.py:120} INFO - [2023-03-15T16:04:44.433+0000] {dagbag.py:537} INFO - Filling up the DagBag from /home/airflow/.local/lib/python3.7/site-packages/airflow/example_dags/example_kubernetes_executor.py
[2023-03-15T16:04:44.453+0000] {processor.py:766} INFO - DAG(s) dict_keys(['example_kubernetes_executor']) retrieved from /home/airflow/.local/lib/python3.7/site-packages/airflow/example_dags/example_kubernetes_executor.py
[2023-03-15T16:04:44.486+0000] {logging_mixin.py:120} INFO - [2023-03-15T16:04:44.486+0000] {dag.py:2585} INFO - Sync 1 DAGs
[2023-03-15T16:04:44.506+0000] {logging_mixin.py:120} INFO - [2023-03-15T16:04:44.506+0000] {dag.py:3340} INFO - Setting next_dagrun for example_kubernetes_executor to None, run_after=None
[2023-03-15T16:04:44.523+0000] {processor.py:176} INFO - Processing /home/airflow/.local/lib/python3.7/site-packages/airflow/example_dags/example_kubernetes_executor.py took 0.095 seconds
[2023-03-15T16:05:14.747+0000] {processor.py:154} INFO - Started process (PID=492) to work on /home/airflow/.local/lib/python3.7/site-packages/airflow/example_dags/example_kubernetes_executor.py
[2023-03-15T16:05:14.748+0000] {processor.py:756} INFO - Processing file /home/airflow/.local/lib/python3.7/site-packages/airflow/example_dags/example_kubernetes_executor.py for tasks to queue
[2023-03-15T16:05:14.749+0000] {logging_mixin.py:120} INFO - [2023-03-15T16:05:14.749+0000] {dagbag.py:537} INFO - Filling up the DagBag from /home/airflow/.local/lib/python3.7/site-packages/airflow/example_dags/example_kubernetes_executor.py
[2023-03-15T16:05:14.771+0000] {processor.py:766} INFO - DAG(s) dict_keys(['example_kubernetes_executor']) retrieved from /home/airflow/.local/lib/python3.7/site-packages/airflow/example_dags/example_kubernetes_executor.py
[2023-03-15T16:05:14.803+0000] {logging_mixin.py:120} INFO - [2023-03-15T16:05:14.803+0000] {dag.py:2585} INFO - Sync 1 DAGs
[2023-03-15T16:05:14.818+0000] {logging_mixin.py:120} INFO - [2023-03-15T16:05:14.818+0000] {dag.py:3340} INFO - Setting next_dagrun for example_kubernetes_executor to None, run_after=None
[2023-03-15T16:05:14.831+0000] {processor.py:176} INFO - Processing /home/airflow/.local/lib/python3.7/site-packages/airflow/example_dags/example_kubernetes_executor.py took 0.088 seconds
[2023-03-15T16:05:44.961+0000] {processor.py:154} INFO - Started process (PID=555) to work on /home/airflow/.local/lib/python3.7/site-packages/airflow/example_dags/example_kubernetes_executor.py
[2023-03-15T16:05:44.962+0000] {processor.py:756} INFO - Processing file /home/airflow/.local/lib/python3.7/site-packages/airflow/example_dags/example_kubernetes_executor.py for tasks to queue
[2023-03-15T16:05:44.963+0000] {logging_mixin.py:120} INFO - [2023-03-15T16:05:44.963+0000] {dagbag.py:537} INFO - Filling up the DagBag from /home/airflow/.local/lib/python3.7/site-packages/airflow/example_dags/example_kubernetes_executor.py
[2023-03-15T16:05:44.986+0000] {processor.py:766} INFO - DAG(s) dict_keys(['example_kubernetes_executor']) retrieved from /home/airflow/.local/lib/python3.7/site-packages/airflow/example_dags/example_kubernetes_executor.py
[2023-03-15T16:05:45.007+0000] {logging_mixin.py:120} INFO - [2023-03-15T16:05:45.007+0000] {dag.py:2585} INFO - Sync 1 DAGs
[2023-03-15T16:05:45.023+0000] {logging_mixin.py:120} INFO - [2023-03-15T16:05:45.023+0000] {dag.py:3340} INFO - Setting next_dagrun for example_kubernetes_executor to None, run_after=None
[2023-03-15T16:05:45.035+0000] {processor.py:176} INFO - Processing /home/airflow/.local/lib/python3.7/site-packages/airflow/example_dags/example_kubernetes_executor.py took 0.077 seconds
[2023-03-15T16:06:15.429+0000] {processor.py:154} INFO - Started process (PID=617) to work on /home/airflow/.local/lib/python3.7/site-packages/airflow/example_dags/example_kubernetes_executor.py
[2023-03-15T16:06:15.430+0000] {processor.py:756} INFO - Processing file /home/airflow/.local/lib/python3.7/site-packages/airflow/example_dags/example_kubernetes_executor.py for tasks to queue
[2023-03-15T16:06:15.431+0000] {logging_mixin.py:120} INFO - [2023-03-15T16:06:15.431+0000] {dagbag.py:537} INFO - Filling up the DagBag from /home/airflow/.local/lib/python3.7/site-packages/airflow/example_dags/example_kubernetes_executor.py
[2023-03-15T16:06:15.453+0000] {processor.py:766} INFO - DAG(s) dict_keys(['example_kubernetes_executor']) retrieved from /home/airflow/.local/lib/python3.7/site-packages/airflow/example_dags/example_kubernetes_executor.py
[2023-03-15T16:06:15.483+0000] {logging_mixin.py:120} INFO - [2023-03-15T16:06:15.483+0000] {dag.py:2585} INFO - Sync 1 DAGs
[2023-03-15T16:06:15.499+0000] {logging_mixin.py:120} INFO - [2023-03-15T16:06:15.499+0000] {dag.py:3340} INFO - Setting next_dagrun for example_kubernetes_executor to None, run_after=None
[2023-03-15T16:06:15.511+0000] {processor.py:176} INFO - Processing /home/airflow/.local/lib/python3.7/site-packages/airflow/example_dags/example_kubernetes_executor.py took 0.085 seconds
[2023-03-15T16:06:45.644+0000] {processor.py:154} INFO - Started process (PID=673) to work on /home/airflow/.local/lib/python3.7/site-packages/airflow/example_dags/example_kubernetes_executor.py
[2023-03-15T16:06:45.645+0000] {processor.py:756} INFO - Processing file /home/airflow/.local/lib/python3.7/site-packages/airflow/example_dags/example_kubernetes_executor.py for tasks to queue
[2023-03-15T16:06:45.646+0000] {logging_mixin.py:120} INFO - [2023-03-15T16:06:45.646+0000] {dagbag.py:537} INFO - Filling up the DagBag from /home/airflow/.local/lib/python3.7/site-packages/airflow/example_dags/example_kubernetes_executor.py
[2023-03-15T16:06:45.666+0000] {processor.py:766} INFO - DAG(s) dict_keys(['example_kubernetes_executor']) retrieved from /home/airflow/.local/lib/python3.7/site-packages/airflow/example_dags/example_kubernetes_executor.py
[2023-03-15T16:06:45.699+0000] {logging_mixin.py:120} INFO - [2023-03-15T16:06:45.699+0000] {dag.py:2585} INFO - Sync 1 DAGs
[2023-03-15T16:06:45.715+0000] {logging_mixin.py:120} INFO - [2023-03-15T16:06:45.715+0000] {dag.py:3340} INFO - Setting next_dagrun for example_kubernetes_executor to None, run_after=None
[2023-03-15T16:06:45.728+0000] {processor.py:176} INFO - Processing /home/airflow/.local/lib/python3.7/site-packages/airflow/example_dags/example_kubernetes_executor.py took 0.087 seconds
[2023-03-15T16:07:16.086+0000] {processor.py:154} INFO - Started process (PID=739) to work on /home/airflow/.local/lib/python3.7/site-packages/airflow/example_dags/example_kubernetes_executor.py
[2023-03-15T16:07:16.088+0000] {processor.py:756} INFO - Processing file /home/airflow/.local/lib/python3.7/site-packages/airflow/example_dags/example_kubernetes_executor.py for tasks to queue
[2023-03-15T16:07:16.088+0000] {logging_mixin.py:120} INFO - [2023-03-15T16:07:16.088+0000] {dagbag.py:537} INFO - Filling up the DagBag from /home/airflow/.local/lib/python3.7/site-packages/airflow/example_dags/example_kubernetes_executor.py
[2023-03-15T16:07:16.108+0000] {processor.py:766} INFO - DAG(s) dict_keys(['example_kubernetes_executor']) retrieved from /home/airflow/.local/lib/python3.7/site-packages/airflow/example_dags/example_kubernetes_executor.py
[2023-03-15T16:07:16.138+0000] {logging_mixin.py:120} INFO - [2023-03-15T16:07:16.138+0000] {dag.py:2585} INFO - Sync 1 DAGs
[2023-03-15T16:07:16.153+0000] {logging_mixin.py:120} INFO - [2023-03-15T16:07:16.153+0000] {dag.py:3340} INFO - Setting next_dagrun for example_kubernetes_executor to None, run_after=None
[2023-03-15T16:07:16.167+0000] {processor.py:176} INFO - Processing /home/airflow/.local/lib/python3.7/site-packages/airflow/example_dags/example_kubernetes_executor.py took 0.084 seconds
[2023-03-15T16:07:46.826+0000] {processor.py:154} INFO - Started process (PID=804) to work on /home/airflow/.local/lib/python3.7/site-packages/airflow/example_dags/example_kubernetes_executor.py
[2023-03-15T16:07:46.833+0000] {processor.py:756} INFO - Processing file /home/airflow/.local/lib/python3.7/site-packages/airflow/example_dags/example_kubernetes_executor.py for tasks to queue
[2023-03-15T16:07:46.836+0000] {logging_mixin.py:120} INFO - [2023-03-15T16:07:46.836+0000] {dagbag.py:537} INFO - Filling up the DagBag from /home/airflow/.local/lib/python3.7/site-packages/airflow/example_dags/example_kubernetes_executor.py
[2023-03-15T16:07:46.874+0000] {processor.py:766} INFO - DAG(s) dict_keys(['example_kubernetes_executor']) retrieved from /home/airflow/.local/lib/python3.7/site-packages/airflow/example_dags/example_kubernetes_executor.py
[2023-03-15T16:07:46.939+0000] {logging_mixin.py:120} INFO - [2023-03-15T16:07:46.939+0000] {dag.py:2585} INFO - Sync 1 DAGs
[2023-03-15T16:07:46.959+0000] {logging_mixin.py:120} INFO - [2023-03-15T16:07:46.959+0000] {dag.py:3340} INFO - Setting next_dagrun for example_kubernetes_executor to None, run_after=None
[2023-03-15T16:07:46.976+0000] {processor.py:176} INFO - Processing /home/airflow/.local/lib/python3.7/site-packages/airflow/example_dags/example_kubernetes_executor.py took 0.157 seconds
[2023-03-15T16:08:17.960+0000] {processor.py:154} INFO - Started process (PID=877) to work on /home/airflow/.local/lib/python3.7/site-packages/airflow/example_dags/example_kubernetes_executor.py
[2023-03-15T16:08:17.963+0000] {processor.py:756} INFO - Processing file /home/airflow/.local/lib/python3.7/site-packages/airflow/example_dags/example_kubernetes_executor.py for tasks to queue
[2023-03-15T16:08:17.965+0000] {logging_mixin.py:120} INFO - [2023-03-15T16:08:17.965+0000] {dagbag.py:537} INFO - Filling up the DagBag from /home/airflow/.local/lib/python3.7/site-packages/airflow/example_dags/example_kubernetes_executor.py
[2023-03-15T16:08:18.024+0000] {processor.py:766} INFO - DAG(s) dict_keys(['example_kubernetes_executor']) retrieved from /home/airflow/.local/lib/python3.7/site-packages/airflow/example_dags/example_kubernetes_executor.py
[2023-03-15T16:08:18.203+0000] {logging_mixin.py:120} INFO - [2023-03-15T16:08:18.202+0000] {dag.py:2585} INFO - Sync 1 DAGs
[2023-03-15T16:08:18.313+0000] {logging_mixin.py:120} INFO - [2023-03-15T16:08:18.313+0000] {dag.py:3340} INFO - Setting next_dagrun for example_kubernetes_executor to None, run_after=None
[2023-03-15T16:08:18.364+0000] {processor.py:176} INFO - Processing /home/airflow/.local/lib/python3.7/site-packages/airflow/example_dags/example_kubernetes_executor.py took 0.408 seconds
[2023-03-15T16:08:49.345+0000] {processor.py:154} INFO - Started process (PID=1015) to work on /home/airflow/.local/lib/python3.7/site-packages/airflow/example_dags/example_kubernetes_executor.py
[2023-03-15T16:08:49.346+0000] {processor.py:756} INFO - Processing file /home/airflow/.local/lib/python3.7/site-packages/airflow/example_dags/example_kubernetes_executor.py for tasks to queue
[2023-03-15T16:08:49.350+0000] {logging_mixin.py:120} INFO - [2023-03-15T16:08:49.350+0000] {dagbag.py:537} INFO - Filling up the DagBag from /home/airflow/.local/lib/python3.7/site-packages/airflow/example_dags/example_kubernetes_executor.py
[2023-03-15T16:08:49.401+0000] {processor.py:766} INFO - DAG(s) dict_keys(['example_kubernetes_executor']) retrieved from /home/airflow/.local/lib/python3.7/site-packages/airflow/example_dags/example_kubernetes_executor.py
[2023-03-15T16:08:49.486+0000] {logging_mixin.py:120} INFO - [2023-03-15T16:08:49.485+0000] {dag.py:2585} INFO - Sync 1 DAGs
[2023-03-15T16:08:49.526+0000] {logging_mixin.py:120} INFO - [2023-03-15T16:08:49.526+0000] {dag.py:3340} INFO - Setting next_dagrun for example_kubernetes_executor to None, run_after=None
[2023-03-15T16:08:49.570+0000] {processor.py:176} INFO - Processing /home/airflow/.local/lib/python3.7/site-packages/airflow/example_dags/example_kubernetes_executor.py took 0.232 seconds
[2023-03-15T16:09:19.950+0000] {processor.py:154} INFO - Started process (PID=1211) to work on /home/airflow/.local/lib/python3.7/site-packages/airflow/example_dags/example_kubernetes_executor.py
[2023-03-15T16:09:19.951+0000] {processor.py:756} INFO - Processing file /home/airflow/.local/lib/python3.7/site-packages/airflow/example_dags/example_kubernetes_executor.py for tasks to queue
[2023-03-15T16:09:19.952+0000] {logging_mixin.py:120} INFO - [2023-03-15T16:09:19.952+0000] {dagbag.py:537} INFO - Filling up the DagBag from /home/airflow/.local/lib/python3.7/site-packages/airflow/example_dags/example_kubernetes_executor.py
[2023-03-15T16:09:19.993+0000] {processor.py:766} INFO - DAG(s) dict_keys(['example_kubernetes_executor']) retrieved from /home/airflow/.local/lib/python3.7/site-packages/airflow/example_dags/example_kubernetes_executor.py
[2023-03-15T16:09:20.046+0000] {logging_mixin.py:120} INFO - [2023-03-15T16:09:20.046+0000] {dag.py:2585} INFO - Sync 1 DAGs
[2023-03-15T16:09:20.077+0000] {logging_mixin.py:120} INFO - [2023-03-15T16:09:20.076+0000] {dag.py:3340} INFO - Setting next_dagrun for example_kubernetes_executor to None, run_after=None
[2023-03-15T16:09:20.099+0000] {processor.py:176} INFO - Processing /home/airflow/.local/lib/python3.7/site-packages/airflow/example_dags/example_kubernetes_executor.py took 0.153 seconds
[2023-03-15T16:09:50.577+0000] {processor.py:154} INFO - Started process (PID=1418) to work on /home/airflow/.local/lib/python3.7/site-packages/airflow/example_dags/example_kubernetes_executor.py
[2023-03-15T16:09:50.579+0000] {processor.py:756} INFO - Processing file /home/airflow/.local/lib/python3.7/site-packages/airflow/example_dags/example_kubernetes_executor.py for tasks to queue
[2023-03-15T16:09:50.580+0000] {logging_mixin.py:120} INFO - [2023-03-15T16:09:50.580+0000] {dagbag.py:537} INFO - Filling up the DagBag from /home/airflow/.local/lib/python3.7/site-packages/airflow/example_dags/example_kubernetes_executor.py
[2023-03-15T16:09:50.631+0000] {processor.py:766} INFO - DAG(s) dict_keys(['example_kubernetes_executor']) retrieved from /home/airflow/.local/lib/python3.7/site-packages/airflow/example_dags/example_kubernetes_executor.py
[2023-03-15T16:09:50.690+0000] {logging_mixin.py:120} INFO - [2023-03-15T16:09:50.690+0000] {dag.py:2585} INFO - Sync 1 DAGs
[2023-03-15T16:09:50.720+0000] {logging_mixin.py:120} INFO - [2023-03-15T16:09:50.720+0000] {dag.py:3340} INFO - Setting next_dagrun for example_kubernetes_executor to None, run_after=None
[2023-03-15T16:09:50.748+0000] {processor.py:176} INFO - Processing /home/airflow/.local/lib/python3.7/site-packages/airflow/example_dags/example_kubernetes_executor.py took 0.175 seconds
[2023-03-15T16:10:21.004+0000] {processor.py:154} INFO - Started process (PID=1634) to work on /home/airflow/.local/lib/python3.7/site-packages/airflow/example_dags/example_kubernetes_executor.py
[2023-03-15T16:10:21.005+0000] {processor.py:756} INFO - Processing file /home/airflow/.local/lib/python3.7/site-packages/airflow/example_dags/example_kubernetes_executor.py for tasks to queue
[2023-03-15T16:10:21.006+0000] {logging_mixin.py:120} INFO - [2023-03-15T16:10:21.006+0000] {dagbag.py:537} INFO - Filling up the DagBag from /home/airflow/.local/lib/python3.7/site-packages/airflow/example_dags/example_kubernetes_executor.py
[2023-03-15T16:10:21.025+0000] {processor.py:766} INFO - DAG(s) dict_keys(['example_kubernetes_executor']) retrieved from /home/airflow/.local/lib/python3.7/site-packages/airflow/example_dags/example_kubernetes_executor.py
[2023-03-15T16:10:21.055+0000] {logging_mixin.py:120} INFO - [2023-03-15T16:10:21.054+0000] {dag.py:2585} INFO - Sync 1 DAGs
[2023-03-15T16:10:21.070+0000] {logging_mixin.py:120} INFO - [2023-03-15T16:10:21.070+0000] {dag.py:3340} INFO - Setting next_dagrun for example_kubernetes_executor to None, run_after=None
[2023-03-15T16:10:21.081+0000] {processor.py:176} INFO - Processing /home/airflow/.local/lib/python3.7/site-packages/airflow/example_dags/example_kubernetes_executor.py took 0.080 seconds
[2023-03-15T16:10:51.168+0000] {processor.py:154} INFO - Started process (PID=1869) to work on /home/airflow/.local/lib/python3.7/site-packages/airflow/example_dags/example_kubernetes_executor.py
[2023-03-15T16:10:51.169+0000] {processor.py:756} INFO - Processing file /home/airflow/.local/lib/python3.7/site-packages/airflow/example_dags/example_kubernetes_executor.py for tasks to queue
[2023-03-15T16:10:51.170+0000] {logging_mixin.py:120} INFO - [2023-03-15T16:10:51.170+0000] {dagbag.py:537} INFO - Filling up the DagBag from /home/airflow/.local/lib/python3.7/site-packages/airflow/example_dags/example_kubernetes_executor.py
[2023-03-15T16:10:51.200+0000] {processor.py:766} INFO - DAG(s) dict_keys(['example_kubernetes_executor']) retrieved from /home/airflow/.local/lib/python3.7/site-packages/airflow/example_dags/example_kubernetes_executor.py
[2023-03-15T16:10:51.249+0000] {logging_mixin.py:120} INFO - [2023-03-15T16:10:51.249+0000] {dag.py:2585} INFO - Sync 1 DAGs
[2023-03-15T16:10:51.279+0000] {logging_mixin.py:120} INFO - [2023-03-15T16:10:51.279+0000] {dag.py:3340} INFO - Setting next_dagrun for example_kubernetes_executor to None, run_after=None
[2023-03-15T16:10:51.296+0000] {processor.py:176} INFO - Processing /home/airflow/.local/lib/python3.7/site-packages/airflow/example_dags/example_kubernetes_executor.py took 0.131 seconds
[2023-03-15T16:11:21.547+0000] {processor.py:154} INFO - Started process (PID=2083) to work on /home/airflow/.local/lib/python3.7/site-packages/airflow/example_dags/example_kubernetes_executor.py
[2023-03-15T16:11:21.552+0000] {processor.py:756} INFO - Processing file /home/airflow/.local/lib/python3.7/site-packages/airflow/example_dags/example_kubernetes_executor.py for tasks to queue
[2023-03-15T16:11:21.554+0000] {logging_mixin.py:120} INFO - [2023-03-15T16:11:21.553+0000] {dagbag.py:537} INFO - Filling up the DagBag from /home/airflow/.local/lib/python3.7/site-packages/airflow/example_dags/example_kubernetes_executor.py
[2023-03-15T16:11:21.597+0000] {processor.py:766} INFO - DAG(s) dict_keys(['example_kubernetes_executor']) retrieved from /home/airflow/.local/lib/python3.7/site-packages/airflow/example_dags/example_kubernetes_executor.py
[2023-03-15T16:11:21.663+0000] {logging_mixin.py:120} INFO - [2023-03-15T16:11:21.663+0000] {dag.py:2585} INFO - Sync 1 DAGs
[2023-03-15T16:11:21.689+0000] {logging_mixin.py:120} INFO - [2023-03-15T16:11:21.689+0000] {dag.py:3340} INFO - Setting next_dagrun for example_kubernetes_executor to None, run_after=None
[2023-03-15T16:11:21.719+0000] {processor.py:176} INFO - Processing /home/airflow/.local/lib/python3.7/site-packages/airflow/example_dags/example_kubernetes_executor.py took 0.175 seconds
[2023-03-15T16:11:52.483+0000] {processor.py:154} INFO - Started process (PID=2295) to work on /home/airflow/.local/lib/python3.7/site-packages/airflow/example_dags/example_kubernetes_executor.py
[2023-03-15T16:11:52.488+0000] {processor.py:756} INFO - Processing file /home/airflow/.local/lib/python3.7/site-packages/airflow/example_dags/example_kubernetes_executor.py for tasks to queue
[2023-03-15T16:11:52.489+0000] {logging_mixin.py:120} INFO - [2023-03-15T16:11:52.489+0000] {dagbag.py:537} INFO - Filling up the DagBag from /home/airflow/.local/lib/python3.7/site-packages/airflow/example_dags/example_kubernetes_executor.py
[2023-03-15T16:11:52.524+0000] {processor.py:766} INFO - DAG(s) dict_keys(['example_kubernetes_executor']) retrieved from /home/airflow/.local/lib/python3.7/site-packages/airflow/example_dags/example_kubernetes_executor.py
[2023-03-15T16:11:52.582+0000] {logging_mixin.py:120} INFO - [2023-03-15T16:11:52.582+0000] {dag.py:2585} INFO - Sync 1 DAGs
[2023-03-15T16:11:52.607+0000] {logging_mixin.py:120} INFO - [2023-03-15T16:11:52.607+0000] {dag.py:3340} INFO - Setting next_dagrun for example_kubernetes_executor to None, run_after=None
[2023-03-15T16:11:52.633+0000] {processor.py:176} INFO - Processing /home/airflow/.local/lib/python3.7/site-packages/airflow/example_dags/example_kubernetes_executor.py took 0.153 seconds
[2023-03-15T16:12:22.861+0000] {processor.py:154} INFO - Started process (PID=2501) to work on /home/airflow/.local/lib/python3.7/site-packages/airflow/example_dags/example_kubernetes_executor.py
[2023-03-15T16:12:22.862+0000] {processor.py:756} INFO - Processing file /home/airflow/.local/lib/python3.7/site-packages/airflow/example_dags/example_kubernetes_executor.py for tasks to queue
[2023-03-15T16:12:22.863+0000] {logging_mixin.py:120} INFO - [2023-03-15T16:12:22.863+0000] {dagbag.py:537} INFO - Filling up the DagBag from /home/airflow/.local/lib/python3.7/site-packages/airflow/example_dags/example_kubernetes_executor.py
[2023-03-15T16:12:22.892+0000] {processor.py:766} INFO - DAG(s) dict_keys(['example_kubernetes_executor']) retrieved from /home/airflow/.local/lib/python3.7/site-packages/airflow/example_dags/example_kubernetes_executor.py
[2023-03-15T16:12:22.948+0000] {logging_mixin.py:120} INFO - [2023-03-15T16:12:22.948+0000] {dag.py:2585} INFO - Sync 1 DAGs
[2023-03-15T16:12:22.972+0000] {logging_mixin.py:120} INFO - [2023-03-15T16:12:22.972+0000] {dag.py:3340} INFO - Setting next_dagrun for example_kubernetes_executor to None, run_after=None
[2023-03-15T16:12:22.996+0000] {processor.py:176} INFO - Processing /home/airflow/.local/lib/python3.7/site-packages/airflow/example_dags/example_kubernetes_executor.py took 0.138 seconds
[2023-03-15T16:12:53.441+0000] {processor.py:154} INFO - Started process (PID=2710) to work on /home/airflow/.local/lib/python3.7/site-packages/airflow/example_dags/example_kubernetes_executor.py
[2023-03-15T16:12:53.443+0000] {processor.py:756} INFO - Processing file /home/airflow/.local/lib/python3.7/site-packages/airflow/example_dags/example_kubernetes_executor.py for tasks to queue
[2023-03-15T16:12:53.444+0000] {logging_mixin.py:120} INFO - [2023-03-15T16:12:53.444+0000] {dagbag.py:537} INFO - Filling up the DagBag from /home/airflow/.local/lib/python3.7/site-packages/airflow/example_dags/example_kubernetes_executor.py
[2023-03-15T16:12:53.487+0000] {processor.py:766} INFO - DAG(s) dict_keys(['example_kubernetes_executor']) retrieved from /home/airflow/.local/lib/python3.7/site-packages/airflow/example_dags/example_kubernetes_executor.py
[2023-03-15T16:12:53.563+0000] {logging_mixin.py:120} INFO - [2023-03-15T16:12:53.563+0000] {dag.py:2585} INFO - Sync 1 DAGs
[2023-03-15T16:12:53.618+0000] {logging_mixin.py:120} INFO - [2023-03-15T16:12:53.618+0000] {dag.py:3340} INFO - Setting next_dagrun for example_kubernetes_executor to None, run_after=None
[2023-03-15T16:12:53.670+0000] {processor.py:176} INFO - Processing /home/airflow/.local/lib/python3.7/site-packages/airflow/example_dags/example_kubernetes_executor.py took 0.232 seconds
[2023-03-15T16:13:24.336+0000] {processor.py:154} INFO - Started process (PID=2871) to work on /home/airflow/.local/lib/python3.7/site-packages/airflow/example_dags/example_kubernetes_executor.py
[2023-03-15T16:13:24.337+0000] {processor.py:756} INFO - Processing file /home/airflow/.local/lib/python3.7/site-packages/airflow/example_dags/example_kubernetes_executor.py for tasks to queue
[2023-03-15T16:13:24.338+0000] {logging_mixin.py:120} INFO - [2023-03-15T16:13:24.338+0000] {dagbag.py:537} INFO - Filling up the DagBag from /home/airflow/.local/lib/python3.7/site-packages/airflow/example_dags/example_kubernetes_executor.py
[2023-03-15T16:13:24.359+0000] {processor.py:766} INFO - DAG(s) dict_keys(['example_kubernetes_executor']) retrieved from /home/airflow/.local/lib/python3.7/site-packages/airflow/example_dags/example_kubernetes_executor.py
[2023-03-15T16:13:24.388+0000] {logging_mixin.py:120} INFO - [2023-03-15T16:13:24.388+0000] {dag.py:2585} INFO - Sync 1 DAGs
[2023-03-15T16:13:24.402+0000] {logging_mixin.py:120} INFO - [2023-03-15T16:13:24.402+0000] {dag.py:3340} INFO - Setting next_dagrun for example_kubernetes_executor to None, run_after=None
[2023-03-15T16:13:24.415+0000] {processor.py:176} INFO - Processing /home/airflow/.local/lib/python3.7/site-packages/airflow/example_dags/example_kubernetes_executor.py took 0.083 seconds
[2023-03-15T16:29:48.677+0000] {processor.py:154} INFO - Started process (PID=2913) to work on /home/airflow/.local/lib/python3.7/site-packages/airflow/example_dags/example_kubernetes_executor.py
[2023-03-15T16:29:48.682+0000] {processor.py:756} INFO - Processing file /home/airflow/.local/lib/python3.7/site-packages/airflow/example_dags/example_kubernetes_executor.py for tasks to queue
[2023-03-15T16:29:48.686+0000] {logging_mixin.py:120} INFO - [2023-03-15T16:29:48.686+0000] {dagbag.py:537} INFO - Filling up the DagBag from /home/airflow/.local/lib/python3.7/site-packages/airflow/example_dags/example_kubernetes_executor.py
[2023-03-15T16:29:48.710+0000] {processor.py:766} INFO - DAG(s) dict_keys(['example_kubernetes_executor']) retrieved from /home/airflow/.local/lib/python3.7/site-packages/airflow/example_dags/example_kubernetes_executor.py
[2023-03-15T16:29:48.756+0000] {logging_mixin.py:120} INFO - [2023-03-15T16:29:48.756+0000] {dag.py:2585} INFO - Sync 1 DAGs
[2023-03-15T16:29:48.776+0000] {logging_mixin.py:120} INFO - [2023-03-15T16:29:48.776+0000] {dag.py:3340} INFO - Setting next_dagrun for example_kubernetes_executor to None, run_after=None
[2023-03-15T16:29:48.797+0000] {processor.py:176} INFO - Processing /home/airflow/.local/lib/python3.7/site-packages/airflow/example_dags/example_kubernetes_executor.py took 0.123 seconds
[2023-03-15T16:30:19.317+0000] {processor.py:154} INFO - Started process (PID=2978) to work on /home/airflow/.local/lib/python3.7/site-packages/airflow/example_dags/example_kubernetes_executor.py
[2023-03-15T16:30:19.318+0000] {processor.py:756} INFO - Processing file /home/airflow/.local/lib/python3.7/site-packages/airflow/example_dags/example_kubernetes_executor.py for tasks to queue
[2023-03-15T16:30:19.318+0000] {logging_mixin.py:120} INFO - [2023-03-15T16:30:19.318+0000] {dagbag.py:537} INFO - Filling up the DagBag from /home/airflow/.local/lib/python3.7/site-packages/airflow/example_dags/example_kubernetes_executor.py
[2023-03-15T16:30:19.338+0000] {processor.py:766} INFO - DAG(s) dict_keys(['example_kubernetes_executor']) retrieved from /home/airflow/.local/lib/python3.7/site-packages/airflow/example_dags/example_kubernetes_executor.py
[2023-03-15T16:30:19.367+0000] {logging_mixin.py:120} INFO - [2023-03-15T16:30:19.367+0000] {dag.py:2585} INFO - Sync 1 DAGs
[2023-03-15T16:30:19.382+0000] {logging_mixin.py:120} INFO - [2023-03-15T16:30:19.382+0000] {dag.py:3340} INFO - Setting next_dagrun for example_kubernetes_executor to None, run_after=None
[2023-03-15T16:30:19.394+0000] {processor.py:176} INFO - Processing /home/airflow/.local/lib/python3.7/site-packages/airflow/example_dags/example_kubernetes_executor.py took 0.080 seconds
[2023-03-15T16:47:14.386+0000] {processor.py:154} INFO - Started process (PID=3034) to work on /home/airflow/.local/lib/python3.7/site-packages/airflow/example_dags/example_kubernetes_executor.py
[2023-03-15T16:47:14.387+0000] {processor.py:756} INFO - Processing file /home/airflow/.local/lib/python3.7/site-packages/airflow/example_dags/example_kubernetes_executor.py for tasks to queue
[2023-03-15T16:47:14.388+0000] {logging_mixin.py:120} INFO - [2023-03-15T16:47:14.388+0000] {dagbag.py:537} INFO - Filling up the DagBag from /home/airflow/.local/lib/python3.7/site-packages/airflow/example_dags/example_kubernetes_executor.py
[2023-03-15T16:47:14.410+0000] {processor.py:766} INFO - DAG(s) dict_keys(['example_kubernetes_executor']) retrieved from /home/airflow/.local/lib/python3.7/site-packages/airflow/example_dags/example_kubernetes_executor.py
[2023-03-15T16:47:14.453+0000] {logging_mixin.py:120} INFO - [2023-03-15T16:47:14.453+0000] {dag.py:2585} INFO - Sync 1 DAGs
[2023-03-15T16:47:14.474+0000] {logging_mixin.py:120} INFO - [2023-03-15T16:47:14.474+0000] {dag.py:3340} INFO - Setting next_dagrun for example_kubernetes_executor to None, run_after=None
[2023-03-15T16:47:14.490+0000] {processor.py:176} INFO - Processing /home/airflow/.local/lib/python3.7/site-packages/airflow/example_dags/example_kubernetes_executor.py took 0.107 seconds
[2023-03-15T16:47:45.042+0000] {processor.py:154} INFO - Started process (PID=3099) to work on /home/airflow/.local/lib/python3.7/site-packages/airflow/example_dags/example_kubernetes_executor.py
[2023-03-15T16:47:45.043+0000] {processor.py:756} INFO - Processing file /home/airflow/.local/lib/python3.7/site-packages/airflow/example_dags/example_kubernetes_executor.py for tasks to queue
[2023-03-15T16:47:45.044+0000] {logging_mixin.py:120} INFO - [2023-03-15T16:47:45.044+0000] {dagbag.py:537} INFO - Filling up the DagBag from /home/airflow/.local/lib/python3.7/site-packages/airflow/example_dags/example_kubernetes_executor.py
[2023-03-15T16:47:45.063+0000] {processor.py:766} INFO - DAG(s) dict_keys(['example_kubernetes_executor']) retrieved from /home/airflow/.local/lib/python3.7/site-packages/airflow/example_dags/example_kubernetes_executor.py
[2023-03-15T16:47:45.113+0000] {logging_mixin.py:120} INFO - [2023-03-15T16:47:45.113+0000] {dag.py:2585} INFO - Sync 1 DAGs
[2023-03-15T16:47:45.128+0000] {logging_mixin.py:120} INFO - [2023-03-15T16:47:45.128+0000] {dag.py:3340} INFO - Setting next_dagrun for example_kubernetes_executor to None, run_after=None
[2023-03-15T16:47:45.140+0000] {processor.py:176} INFO - Processing /home/airflow/.local/lib/python3.7/site-packages/airflow/example_dags/example_kubernetes_executor.py took 0.100 seconds
[2023-03-15T16:59:21.722+0000] {processor.py:154} INFO - Started process (PID=3164) to work on /home/airflow/.local/lib/python3.7/site-packages/airflow/example_dags/example_kubernetes_executor.py
[2023-03-15T16:59:21.724+0000] {processor.py:756} INFO - Processing file /home/airflow/.local/lib/python3.7/site-packages/airflow/example_dags/example_kubernetes_executor.py for tasks to queue
[2023-03-15T16:59:21.725+0000] {logging_mixin.py:120} INFO - [2023-03-15T16:59:21.725+0000] {dagbag.py:537} INFO - Filling up the DagBag from /home/airflow/.local/lib/python3.7/site-packages/airflow/example_dags/example_kubernetes_executor.py
[2023-03-15T16:59:21.759+0000] {processor.py:766} INFO - DAG(s) dict_keys(['example_kubernetes_executor']) retrieved from /home/airflow/.local/lib/python3.7/site-packages/airflow/example_dags/example_kubernetes_executor.py
[2023-03-15T16:59:21.793+0000] {logging_mixin.py:120} INFO - [2023-03-15T16:59:21.792+0000] {dag.py:2585} INFO - Sync 1 DAGs
[2023-03-15T16:59:21.810+0000] {logging_mixin.py:120} INFO - [2023-03-15T16:59:21.810+0000] {dag.py:3340} INFO - Setting next_dagrun for example_kubernetes_executor to None, run_after=None
[2023-03-15T16:59:21.824+0000] {processor.py:176} INFO - Processing /home/airflow/.local/lib/python3.7/site-packages/airflow/example_dags/example_kubernetes_executor.py took 0.107 seconds
[2023-03-15T16:59:52.610+0000] {processor.py:154} INFO - Started process (PID=3229) to work on /home/airflow/.local/lib/python3.7/site-packages/airflow/example_dags/example_kubernetes_executor.py
[2023-03-15T16:59:52.611+0000] {processor.py:756} INFO - Processing file /home/airflow/.local/lib/python3.7/site-packages/airflow/example_dags/example_kubernetes_executor.py for tasks to queue
[2023-03-15T16:59:52.612+0000] {logging_mixin.py:120} INFO - [2023-03-15T16:59:52.612+0000] {dagbag.py:537} INFO - Filling up the DagBag from /home/airflow/.local/lib/python3.7/site-packages/airflow/example_dags/example_kubernetes_executor.py
[2023-03-15T16:59:52.630+0000] {processor.py:766} INFO - DAG(s) dict_keys(['example_kubernetes_executor']) retrieved from /home/airflow/.local/lib/python3.7/site-packages/airflow/example_dags/example_kubernetes_executor.py
[2023-03-15T16:59:52.658+0000] {logging_mixin.py:120} INFO - [2023-03-15T16:59:52.658+0000] {dag.py:2585} INFO - Sync 1 DAGs
[2023-03-15T16:59:52.676+0000] {logging_mixin.py:120} INFO - [2023-03-15T16:59:52.676+0000] {dag.py:3340} INFO - Setting next_dagrun for example_kubernetes_executor to None, run_after=None
[2023-03-15T16:59:52.688+0000] {processor.py:176} INFO - Processing /home/airflow/.local/lib/python3.7/site-packages/airflow/example_dags/example_kubernetes_executor.py took 0.081 seconds
[2023-03-15T17:00:23.282+0000] {processor.py:154} INFO - Started process (PID=3293) to work on /home/airflow/.local/lib/python3.7/site-packages/airflow/example_dags/example_kubernetes_executor.py
[2023-03-15T17:00:23.284+0000] {processor.py:756} INFO - Processing file /home/airflow/.local/lib/python3.7/site-packages/airflow/example_dags/example_kubernetes_executor.py for tasks to queue
[2023-03-15T17:00:23.285+0000] {logging_mixin.py:120} INFO - [2023-03-15T17:00:23.285+0000] {dagbag.py:537} INFO - Filling up the DagBag from /home/airflow/.local/lib/python3.7/site-packages/airflow/example_dags/example_kubernetes_executor.py
[2023-03-15T17:00:23.305+0000] {processor.py:766} INFO - DAG(s) dict_keys(['example_kubernetes_executor']) retrieved from /home/airflow/.local/lib/python3.7/site-packages/airflow/example_dags/example_kubernetes_executor.py
[2023-03-15T17:00:23.338+0000] {logging_mixin.py:120} INFO - [2023-03-15T17:00:23.338+0000] {dag.py:2585} INFO - Sync 1 DAGs
[2023-03-15T17:00:23.355+0000] {logging_mixin.py:120} INFO - [2023-03-15T17:00:23.354+0000] {dag.py:3340} INFO - Setting next_dagrun for example_kubernetes_executor to None, run_after=None
[2023-03-15T17:00:23.367+0000] {processor.py:176} INFO - Processing /home/airflow/.local/lib/python3.7/site-packages/airflow/example_dags/example_kubernetes_executor.py took 0.088 seconds
[2023-03-15T17:00:53.751+0000] {processor.py:154} INFO - Started process (PID=3358) to work on /home/airflow/.local/lib/python3.7/site-packages/airflow/example_dags/example_kubernetes_executor.py
[2023-03-15T17:00:53.752+0000] {processor.py:756} INFO - Processing file /home/airflow/.local/lib/python3.7/site-packages/airflow/example_dags/example_kubernetes_executor.py for tasks to queue
[2023-03-15T17:00:53.753+0000] {logging_mixin.py:120} INFO - [2023-03-15T17:00:53.753+0000] {dagbag.py:537} INFO - Filling up the DagBag from /home/airflow/.local/lib/python3.7/site-packages/airflow/example_dags/example_kubernetes_executor.py
[2023-03-15T17:00:53.772+0000] {processor.py:766} INFO - DAG(s) dict_keys(['example_kubernetes_executor']) retrieved from /home/airflow/.local/lib/python3.7/site-packages/airflow/example_dags/example_kubernetes_executor.py
[2023-03-15T17:00:53.803+0000] {logging_mixin.py:120} INFO - [2023-03-15T17:00:53.803+0000] {dag.py:2585} INFO - Sync 1 DAGs
[2023-03-15T17:00:53.821+0000] {logging_mixin.py:120} INFO - [2023-03-15T17:00:53.821+0000] {dag.py:3340} INFO - Setting next_dagrun for example_kubernetes_executor to None, run_after=None
[2023-03-15T17:00:53.834+0000] {processor.py:176} INFO - Processing /home/airflow/.local/lib/python3.7/site-packages/airflow/example_dags/example_kubernetes_executor.py took 0.086 seconds
[2023-03-15T17:01:24.199+0000] {processor.py:154} INFO - Started process (PID=3414) to work on /home/airflow/.local/lib/python3.7/site-packages/airflow/example_dags/example_kubernetes_executor.py
[2023-03-15T17:01:24.200+0000] {processor.py:756} INFO - Processing file /home/airflow/.local/lib/python3.7/site-packages/airflow/example_dags/example_kubernetes_executor.py for tasks to queue
[2023-03-15T17:01:24.201+0000] {logging_mixin.py:120} INFO - [2023-03-15T17:01:24.201+0000] {dagbag.py:537} INFO - Filling up the DagBag from /home/airflow/.local/lib/python3.7/site-packages/airflow/example_dags/example_kubernetes_executor.py
[2023-03-15T17:01:24.219+0000] {processor.py:766} INFO - DAG(s) dict_keys(['example_kubernetes_executor']) retrieved from /home/airflow/.local/lib/python3.7/site-packages/airflow/example_dags/example_kubernetes_executor.py
[2023-03-15T17:01:24.248+0000] {logging_mixin.py:120} INFO - [2023-03-15T17:01:24.248+0000] {dag.py:2585} INFO - Sync 1 DAGs
[2023-03-15T17:01:24.264+0000] {logging_mixin.py:120} INFO - [2023-03-15T17:01:24.264+0000] {dag.py:3340} INFO - Setting next_dagrun for example_kubernetes_executor to None, run_after=None
[2023-03-15T17:01:24.277+0000] {processor.py:176} INFO - Processing /home/airflow/.local/lib/python3.7/site-packages/airflow/example_dags/example_kubernetes_executor.py took 0.081 seconds
[2023-03-15T17:01:54.655+0000] {processor.py:154} INFO - Started process (PID=3479) to work on /home/airflow/.local/lib/python3.7/site-packages/airflow/example_dags/example_kubernetes_executor.py
[2023-03-15T17:01:54.656+0000] {processor.py:756} INFO - Processing file /home/airflow/.local/lib/python3.7/site-packages/airflow/example_dags/example_kubernetes_executor.py for tasks to queue
[2023-03-15T17:01:54.657+0000] {logging_mixin.py:120} INFO - [2023-03-15T17:01:54.657+0000] {dagbag.py:537} INFO - Filling up the DagBag from /home/airflow/.local/lib/python3.7/site-packages/airflow/example_dags/example_kubernetes_executor.py
[2023-03-15T17:01:54.675+0000] {processor.py:766} INFO - DAG(s) dict_keys(['example_kubernetes_executor']) retrieved from /home/airflow/.local/lib/python3.7/site-packages/airflow/example_dags/example_kubernetes_executor.py
[2023-03-15T17:01:54.704+0000] {logging_mixin.py:120} INFO - [2023-03-15T17:01:54.704+0000] {dag.py:2585} INFO - Sync 1 DAGs
[2023-03-15T17:01:54.721+0000] {logging_mixin.py:120} INFO - [2023-03-15T17:01:54.721+0000] {dag.py:3340} INFO - Setting next_dagrun for example_kubernetes_executor to None, run_after=None
[2023-03-15T17:01:54.732+0000] {processor.py:176} INFO - Processing /home/airflow/.local/lib/python3.7/site-packages/airflow/example_dags/example_kubernetes_executor.py took 0.080 seconds
[2023-03-15T17:02:25.053+0000] {processor.py:154} INFO - Started process (PID=3544) to work on /home/airflow/.local/lib/python3.7/site-packages/airflow/example_dags/example_kubernetes_executor.py
[2023-03-15T17:02:25.055+0000] {processor.py:756} INFO - Processing file /home/airflow/.local/lib/python3.7/site-packages/airflow/example_dags/example_kubernetes_executor.py for tasks to queue
[2023-03-15T17:02:25.056+0000] {logging_mixin.py:120} INFO - [2023-03-15T17:02:25.055+0000] {dagbag.py:537} INFO - Filling up the DagBag from /home/airflow/.local/lib/python3.7/site-packages/airflow/example_dags/example_kubernetes_executor.py
[2023-03-15T17:02:25.074+0000] {processor.py:766} INFO - DAG(s) dict_keys(['example_kubernetes_executor']) retrieved from /home/airflow/.local/lib/python3.7/site-packages/airflow/example_dags/example_kubernetes_executor.py
[2023-03-15T17:02:25.104+0000] {logging_mixin.py:120} INFO - [2023-03-15T17:02:25.103+0000] {dag.py:2585} INFO - Sync 1 DAGs
[2023-03-15T17:02:25.120+0000] {logging_mixin.py:120} INFO - [2023-03-15T17:02:25.119+0000] {dag.py:3340} INFO - Setting next_dagrun for example_kubernetes_executor to None, run_after=None
[2023-03-15T17:02:25.130+0000] {processor.py:176} INFO - Processing /home/airflow/.local/lib/python3.7/site-packages/airflow/example_dags/example_kubernetes_executor.py took 0.080 seconds
[2023-03-15T17:02:55.504+0000] {processor.py:154} INFO - Started process (PID=3609) to work on /home/airflow/.local/lib/python3.7/site-packages/airflow/example_dags/example_kubernetes_executor.py
[2023-03-15T17:02:55.505+0000] {processor.py:756} INFO - Processing file /home/airflow/.local/lib/python3.7/site-packages/airflow/example_dags/example_kubernetes_executor.py for tasks to queue
[2023-03-15T17:02:55.506+0000] {logging_mixin.py:120} INFO - [2023-03-15T17:02:55.505+0000] {dagbag.py:537} INFO - Filling up the DagBag from /home/airflow/.local/lib/python3.7/site-packages/airflow/example_dags/example_kubernetes_executor.py
[2023-03-15T17:02:55.524+0000] {processor.py:766} INFO - DAG(s) dict_keys(['example_kubernetes_executor']) retrieved from /home/airflow/.local/lib/python3.7/site-packages/airflow/example_dags/example_kubernetes_executor.py
[2023-03-15T17:02:55.555+0000] {logging_mixin.py:120} INFO - [2023-03-15T17:02:55.555+0000] {dag.py:2585} INFO - Sync 1 DAGs
[2023-03-15T17:02:55.572+0000] {logging_mixin.py:120} INFO - [2023-03-15T17:02:55.572+0000] {dag.py:3340} INFO - Setting next_dagrun for example_kubernetes_executor to None, run_after=None
[2023-03-15T17:02:55.587+0000] {processor.py:176} INFO - Processing /home/airflow/.local/lib/python3.7/site-packages/airflow/example_dags/example_kubernetes_executor.py took 0.086 seconds
[2023-03-15T17:03:26.011+0000] {processor.py:154} INFO - Started process (PID=3674) to work on /home/airflow/.local/lib/python3.7/site-packages/airflow/example_dags/example_kubernetes_executor.py
[2023-03-15T17:03:26.012+0000] {processor.py:756} INFO - Processing file /home/airflow/.local/lib/python3.7/site-packages/airflow/example_dags/example_kubernetes_executor.py for tasks to queue
[2023-03-15T17:03:26.013+0000] {logging_mixin.py:120} INFO - [2023-03-15T17:03:26.013+0000] {dagbag.py:537} INFO - Filling up the DagBag from /home/airflow/.local/lib/python3.7/site-packages/airflow/example_dags/example_kubernetes_executor.py
[2023-03-15T17:03:26.032+0000] {processor.py:766} INFO - DAG(s) dict_keys(['example_kubernetes_executor']) retrieved from /home/airflow/.local/lib/python3.7/site-packages/airflow/example_dags/example_kubernetes_executor.py
[2023-03-15T17:03:26.062+0000] {logging_mixin.py:120} INFO - [2023-03-15T17:03:26.062+0000] {dag.py:2585} INFO - Sync 1 DAGs
[2023-03-15T17:03:26.079+0000] {logging_mixin.py:120} INFO - [2023-03-15T17:03:26.079+0000] {dag.py:3340} INFO - Setting next_dagrun for example_kubernetes_executor to None, run_after=None
[2023-03-15T17:03:26.090+0000] {processor.py:176} INFO - Processing /home/airflow/.local/lib/python3.7/site-packages/airflow/example_dags/example_kubernetes_executor.py took 0.082 seconds
[2023-03-15T17:03:56.464+0000] {processor.py:154} INFO - Started process (PID=3738) to work on /home/airflow/.local/lib/python3.7/site-packages/airflow/example_dags/example_kubernetes_executor.py
[2023-03-15T17:03:56.465+0000] {processor.py:756} INFO - Processing file /home/airflow/.local/lib/python3.7/site-packages/airflow/example_dags/example_kubernetes_executor.py for tasks to queue
[2023-03-15T17:03:56.466+0000] {logging_mixin.py:120} INFO - [2023-03-15T17:03:56.466+0000] {dagbag.py:537} INFO - Filling up the DagBag from /home/airflow/.local/lib/python3.7/site-packages/airflow/example_dags/example_kubernetes_executor.py
[2023-03-15T17:03:56.484+0000] {processor.py:766} INFO - DAG(s) dict_keys(['example_kubernetes_executor']) retrieved from /home/airflow/.local/lib/python3.7/site-packages/airflow/example_dags/example_kubernetes_executor.py
[2023-03-15T17:03:56.513+0000] {logging_mixin.py:120} INFO - [2023-03-15T17:03:56.512+0000] {dag.py:2585} INFO - Sync 1 DAGs
[2023-03-15T17:03:56.528+0000] {logging_mixin.py:120} INFO - [2023-03-15T17:03:56.528+0000] {dag.py:3340} INFO - Setting next_dagrun for example_kubernetes_executor to None, run_after=None
[2023-03-15T17:03:56.540+0000] {processor.py:176} INFO - Processing /home/airflow/.local/lib/python3.7/site-packages/airflow/example_dags/example_kubernetes_executor.py took 0.079 seconds
