[2023-03-15T16:01:38.073+0000] {processor.py:154} INFO - Started process (PID=42) to work on /home/airflow/.local/lib/python3.7/site-packages/airflow/example_dags/example_task_group_decorator.py
[2023-03-15T16:01:38.076+0000] {processor.py:756} INFO - Processing file /home/airflow/.local/lib/python3.7/site-packages/airflow/example_dags/example_task_group_decorator.py for tasks to queue
[2023-03-15T16:01:38.085+0000] {logging_mixin.py:120} INFO - [2023-03-15T16:01:38.085+0000] {dagbag.py:537} INFO - Filling up the DagBag from /home/airflow/.local/lib/python3.7/site-packages/airflow/example_dags/example_task_group_decorator.py
[2023-03-15T16:01:38.188+0000] {processor.py:766} INFO - DAG(s) dict_keys(['example_task_group_decorator']) retrieved from /home/airflow/.local/lib/python3.7/site-packages/airflow/example_dags/example_task_group_decorator.py
[2023-03-15T16:01:38.468+0000] {logging_mixin.py:120} INFO - [2023-03-15T16:01:38.468+0000] {manager.py:507} INFO - Created Permission View: can read on DAG:example_task_group_decorator
[2023-03-15T16:01:38.497+0000] {logging_mixin.py:120} INFO - [2023-03-15T16:01:38.496+0000] {manager.py:507} INFO - Created Permission View: can delete on DAG:example_task_group_decorator
[2023-03-15T16:01:38.506+0000] {logging_mixin.py:120} INFO - [2023-03-15T16:01:38.506+0000] {manager.py:507} INFO - Created Permission View: can edit on DAG:example_task_group_decorator
[2023-03-15T16:01:38.512+0000] {logging_mixin.py:120} INFO - [2023-03-15T16:01:38.512+0000] {dag.py:2585} INFO - Sync 1 DAGs
[2023-03-15T16:01:38.537+0000] {logging_mixin.py:120} INFO - [2023-03-15T16:01:38.537+0000] {dag.py:2606} INFO - Creating ORM DAG for example_task_group_decorator
[2023-03-15T16:01:38.575+0000] {logging_mixin.py:120} INFO - [2023-03-15T16:01:38.575+0000] {dag.py:3340} INFO - Setting next_dagrun for example_task_group_decorator to 2023-03-14T16:01:38.575112+00:00, run_after=2023-03-15T16:01:38.575112+00:00
[2023-03-15T16:01:38.598+0000] {processor.py:176} INFO - Processing /home/airflow/.local/lib/python3.7/site-packages/airflow/example_dags/example_task_group_decorator.py took 0.529 seconds
[2023-03-15T16:02:09.451+0000] {processor.py:154} INFO - Started process (PID=104) to work on /home/airflow/.local/lib/python3.7/site-packages/airflow/example_dags/example_task_group_decorator.py
[2023-03-15T16:02:09.452+0000] {processor.py:756} INFO - Processing file /home/airflow/.local/lib/python3.7/site-packages/airflow/example_dags/example_task_group_decorator.py for tasks to queue
[2023-03-15T16:02:09.453+0000] {logging_mixin.py:120} INFO - [2023-03-15T16:02:09.453+0000] {dagbag.py:537} INFO - Filling up the DagBag from /home/airflow/.local/lib/python3.7/site-packages/airflow/example_dags/example_task_group_decorator.py
[2023-03-15T16:02:09.475+0000] {processor.py:766} INFO - DAG(s) dict_keys(['example_task_group_decorator']) retrieved from /home/airflow/.local/lib/python3.7/site-packages/airflow/example_dags/example_task_group_decorator.py
[2023-03-15T16:02:09.506+0000] {logging_mixin.py:120} INFO - [2023-03-15T16:02:09.506+0000] {dag.py:2585} INFO - Sync 1 DAGs
[2023-03-15T16:02:09.522+0000] {logging_mixin.py:120} INFO - [2023-03-15T16:02:09.522+0000] {dag.py:3340} INFO - Setting next_dagrun for example_task_group_decorator to 2023-03-14T16:02:09.522665+00:00, run_after=2023-03-15T16:02:09.522665+00:00
[2023-03-15T16:02:09.534+0000] {processor.py:176} INFO - Processing /home/airflow/.local/lib/python3.7/site-packages/airflow/example_dags/example_task_group_decorator.py took 0.087 seconds
[2023-03-15T16:02:39.814+0000] {processor.py:154} INFO - Started process (PID=166) to work on /home/airflow/.local/lib/python3.7/site-packages/airflow/example_dags/example_task_group_decorator.py
[2023-03-15T16:02:39.816+0000] {processor.py:756} INFO - Processing file /home/airflow/.local/lib/python3.7/site-packages/airflow/example_dags/example_task_group_decorator.py for tasks to queue
[2023-03-15T16:02:39.816+0000] {logging_mixin.py:120} INFO - [2023-03-15T16:02:39.816+0000] {dagbag.py:537} INFO - Filling up the DagBag from /home/airflow/.local/lib/python3.7/site-packages/airflow/example_dags/example_task_group_decorator.py
[2023-03-15T16:02:39.838+0000] {processor.py:766} INFO - DAG(s) dict_keys(['example_task_group_decorator']) retrieved from /home/airflow/.local/lib/python3.7/site-packages/airflow/example_dags/example_task_group_decorator.py
[2023-03-15T16:02:39.871+0000] {logging_mixin.py:120} INFO - [2023-03-15T16:02:39.871+0000] {dag.py:2585} INFO - Sync 1 DAGs
[2023-03-15T16:02:39.888+0000] {logging_mixin.py:120} INFO - [2023-03-15T16:02:39.888+0000] {dag.py:3340} INFO - Setting next_dagrun for example_task_group_decorator to 2023-03-14T16:02:39.888144+00:00, run_after=2023-03-15T16:02:39.888144+00:00
[2023-03-15T16:02:39.900+0000] {processor.py:176} INFO - Processing /home/airflow/.local/lib/python3.7/site-packages/airflow/example_dags/example_task_group_decorator.py took 0.089 seconds
[2023-03-15T16:03:10.373+0000] {processor.py:154} INFO - Started process (PID=230) to work on /home/airflow/.local/lib/python3.7/site-packages/airflow/example_dags/example_task_group_decorator.py
[2023-03-15T16:03:10.375+0000] {processor.py:756} INFO - Processing file /home/airflow/.local/lib/python3.7/site-packages/airflow/example_dags/example_task_group_decorator.py for tasks to queue
[2023-03-15T16:03:10.376+0000] {logging_mixin.py:120} INFO - [2023-03-15T16:03:10.376+0000] {dagbag.py:537} INFO - Filling up the DagBag from /home/airflow/.local/lib/python3.7/site-packages/airflow/example_dags/example_task_group_decorator.py
[2023-03-15T16:03:10.403+0000] {processor.py:766} INFO - DAG(s) dict_keys(['example_task_group_decorator']) retrieved from /home/airflow/.local/lib/python3.7/site-packages/airflow/example_dags/example_task_group_decorator.py
[2023-03-15T16:03:10.455+0000] {logging_mixin.py:120} INFO - [2023-03-15T16:03:10.455+0000] {dag.py:2585} INFO - Sync 1 DAGs
[2023-03-15T16:03:10.476+0000] {logging_mixin.py:120} INFO - [2023-03-15T16:03:10.475+0000] {dag.py:3340} INFO - Setting next_dagrun for example_task_group_decorator to 2023-03-14T16:03:10.475689+00:00, run_after=2023-03-15T16:03:10.475689+00:00
[2023-03-15T16:03:10.501+0000] {processor.py:176} INFO - Processing /home/airflow/.local/lib/python3.7/site-packages/airflow/example_dags/example_task_group_decorator.py took 0.132 seconds
[2023-03-15T16:03:40.633+0000] {processor.py:154} INFO - Started process (PID=285) to work on /home/airflow/.local/lib/python3.7/site-packages/airflow/example_dags/example_task_group_decorator.py
[2023-03-15T16:03:40.634+0000] {processor.py:756} INFO - Processing file /home/airflow/.local/lib/python3.7/site-packages/airflow/example_dags/example_task_group_decorator.py for tasks to queue
[2023-03-15T16:03:40.635+0000] {logging_mixin.py:120} INFO - [2023-03-15T16:03:40.635+0000] {dagbag.py:537} INFO - Filling up the DagBag from /home/airflow/.local/lib/python3.7/site-packages/airflow/example_dags/example_task_group_decorator.py
[2023-03-15T16:03:40.656+0000] {processor.py:766} INFO - DAG(s) dict_keys(['example_task_group_decorator']) retrieved from /home/airflow/.local/lib/python3.7/site-packages/airflow/example_dags/example_task_group_decorator.py
[2023-03-15T16:03:40.689+0000] {logging_mixin.py:120} INFO - [2023-03-15T16:03:40.689+0000] {dag.py:2585} INFO - Sync 1 DAGs
[2023-03-15T16:03:40.703+0000] {logging_mixin.py:120} INFO - [2023-03-15T16:03:40.703+0000] {dag.py:3340} INFO - Setting next_dagrun for example_task_group_decorator to 2023-03-14T16:03:40.703270+00:00, run_after=2023-03-15T16:03:40.703270+00:00
[2023-03-15T16:03:40.717+0000] {processor.py:176} INFO - Processing /home/airflow/.local/lib/python3.7/site-packages/airflow/example_dags/example_task_group_decorator.py took 0.087 seconds
[2023-03-15T16:04:10.958+0000] {processor.py:154} INFO - Started process (PID=348) to work on /home/airflow/.local/lib/python3.7/site-packages/airflow/example_dags/example_task_group_decorator.py
[2023-03-15T16:04:10.960+0000] {processor.py:756} INFO - Processing file /home/airflow/.local/lib/python3.7/site-packages/airflow/example_dags/example_task_group_decorator.py for tasks to queue
[2023-03-15T16:04:10.961+0000] {logging_mixin.py:120} INFO - [2023-03-15T16:04:10.961+0000] {dagbag.py:537} INFO - Filling up the DagBag from /home/airflow/.local/lib/python3.7/site-packages/airflow/example_dags/example_task_group_decorator.py
[2023-03-15T16:04:10.982+0000] {processor.py:766} INFO - DAG(s) dict_keys(['example_task_group_decorator']) retrieved from /home/airflow/.local/lib/python3.7/site-packages/airflow/example_dags/example_task_group_decorator.py
[2023-03-15T16:04:11.013+0000] {logging_mixin.py:120} INFO - [2023-03-15T16:04:11.013+0000] {dag.py:2585} INFO - Sync 1 DAGs
[2023-03-15T16:04:11.029+0000] {logging_mixin.py:120} INFO - [2023-03-15T16:04:11.029+0000] {dag.py:3340} INFO - Setting next_dagrun for example_task_group_decorator to 2023-03-14T16:04:11.029335+00:00, run_after=2023-03-15T16:04:11.029335+00:00
[2023-03-15T16:04:11.042+0000] {processor.py:176} INFO - Processing /home/airflow/.local/lib/python3.7/site-packages/airflow/example_dags/example_task_group_decorator.py took 0.086 seconds
[2023-03-15T16:04:41.237+0000] {processor.py:154} INFO - Started process (PID=413) to work on /home/airflow/.local/lib/python3.7/site-packages/airflow/example_dags/example_task_group_decorator.py
[2023-03-15T16:04:41.238+0000] {processor.py:756} INFO - Processing file /home/airflow/.local/lib/python3.7/site-packages/airflow/example_dags/example_task_group_decorator.py for tasks to queue
[2023-03-15T16:04:41.239+0000] {logging_mixin.py:120} INFO - [2023-03-15T16:04:41.239+0000] {dagbag.py:537} INFO - Filling up the DagBag from /home/airflow/.local/lib/python3.7/site-packages/airflow/example_dags/example_task_group_decorator.py
[2023-03-15T16:04:41.262+0000] {processor.py:766} INFO - DAG(s) dict_keys(['example_task_group_decorator']) retrieved from /home/airflow/.local/lib/python3.7/site-packages/airflow/example_dags/example_task_group_decorator.py
[2023-03-15T16:04:41.295+0000] {logging_mixin.py:120} INFO - [2023-03-15T16:04:41.294+0000] {dag.py:2585} INFO - Sync 1 DAGs
[2023-03-15T16:04:41.312+0000] {logging_mixin.py:120} INFO - [2023-03-15T16:04:41.312+0000] {dag.py:3340} INFO - Setting next_dagrun for example_task_group_decorator to 2023-03-14T16:04:41.312535+00:00, run_after=2023-03-15T16:04:41.312535+00:00
[2023-03-15T16:04:41.330+0000] {processor.py:176} INFO - Processing /home/airflow/.local/lib/python3.7/site-packages/airflow/example_dags/example_task_group_decorator.py took 0.096 seconds
[2023-03-15T16:05:11.494+0000] {processor.py:154} INFO - Started process (PID=477) to work on /home/airflow/.local/lib/python3.7/site-packages/airflow/example_dags/example_task_group_decorator.py
[2023-03-15T16:05:11.495+0000] {processor.py:756} INFO - Processing file /home/airflow/.local/lib/python3.7/site-packages/airflow/example_dags/example_task_group_decorator.py for tasks to queue
[2023-03-15T16:05:11.496+0000] {logging_mixin.py:120} INFO - [2023-03-15T16:05:11.496+0000] {dagbag.py:537} INFO - Filling up the DagBag from /home/airflow/.local/lib/python3.7/site-packages/airflow/example_dags/example_task_group_decorator.py
[2023-03-15T16:05:11.517+0000] {processor.py:766} INFO - DAG(s) dict_keys(['example_task_group_decorator']) retrieved from /home/airflow/.local/lib/python3.7/site-packages/airflow/example_dags/example_task_group_decorator.py
[2023-03-15T16:05:11.554+0000] {logging_mixin.py:120} INFO - [2023-03-15T16:05:11.554+0000] {dag.py:2585} INFO - Sync 1 DAGs
[2023-03-15T16:05:11.578+0000] {logging_mixin.py:120} INFO - [2023-03-15T16:05:11.577+0000] {dag.py:3340} INFO - Setting next_dagrun for example_task_group_decorator to 2023-03-14T16:05:11.577290+00:00, run_after=2023-03-15T16:05:11.577290+00:00
[2023-03-15T16:05:11.599+0000] {processor.py:176} INFO - Processing /home/airflow/.local/lib/python3.7/site-packages/airflow/example_dags/example_task_group_decorator.py took 0.108 seconds
[2023-03-15T16:05:42.116+0000] {processor.py:154} INFO - Started process (PID=539) to work on /home/airflow/.local/lib/python3.7/site-packages/airflow/example_dags/example_task_group_decorator.py
[2023-03-15T16:05:42.118+0000] {processor.py:756} INFO - Processing file /home/airflow/.local/lib/python3.7/site-packages/airflow/example_dags/example_task_group_decorator.py for tasks to queue
[2023-03-15T16:05:42.119+0000] {logging_mixin.py:120} INFO - [2023-03-15T16:05:42.119+0000] {dagbag.py:537} INFO - Filling up the DagBag from /home/airflow/.local/lib/python3.7/site-packages/airflow/example_dags/example_task_group_decorator.py
[2023-03-15T16:05:42.138+0000] {processor.py:766} INFO - DAG(s) dict_keys(['example_task_group_decorator']) retrieved from /home/airflow/.local/lib/python3.7/site-packages/airflow/example_dags/example_task_group_decorator.py
[2023-03-15T16:05:42.159+0000] {logging_mixin.py:120} INFO - [2023-03-15T16:05:42.159+0000] {dag.py:2585} INFO - Sync 1 DAGs
[2023-03-15T16:05:42.178+0000] {logging_mixin.py:120} INFO - [2023-03-15T16:05:42.178+0000] {dag.py:3340} INFO - Setting next_dagrun for example_task_group_decorator to 2023-03-14T16:05:42.178321+00:00, run_after=2023-03-15T16:05:42.178321+00:00
[2023-03-15T16:05:42.192+0000] {processor.py:176} INFO - Processing /home/airflow/.local/lib/python3.7/site-packages/airflow/example_dags/example_task_group_decorator.py took 0.079 seconds
[2023-03-15T16:06:12.529+0000] {processor.py:154} INFO - Started process (PID=593) to work on /home/airflow/.local/lib/python3.7/site-packages/airflow/example_dags/example_task_group_decorator.py
[2023-03-15T16:06:12.530+0000] {processor.py:756} INFO - Processing file /home/airflow/.local/lib/python3.7/site-packages/airflow/example_dags/example_task_group_decorator.py for tasks to queue
[2023-03-15T16:06:12.531+0000] {logging_mixin.py:120} INFO - [2023-03-15T16:06:12.531+0000] {dagbag.py:537} INFO - Filling up the DagBag from /home/airflow/.local/lib/python3.7/site-packages/airflow/example_dags/example_task_group_decorator.py
[2023-03-15T16:06:12.553+0000] {processor.py:766} INFO - DAG(s) dict_keys(['example_task_group_decorator']) retrieved from /home/airflow/.local/lib/python3.7/site-packages/airflow/example_dags/example_task_group_decorator.py
[2023-03-15T16:06:12.591+0000] {logging_mixin.py:120} INFO - [2023-03-15T16:06:12.591+0000] {dag.py:2585} INFO - Sync 1 DAGs
[2023-03-15T16:06:12.610+0000] {logging_mixin.py:120} INFO - [2023-03-15T16:06:12.610+0000] {dag.py:3340} INFO - Setting next_dagrun for example_task_group_decorator to 2023-03-14T16:06:12.609958+00:00, run_after=2023-03-15T16:06:12.609958+00:00
[2023-03-15T16:06:12.623+0000] {processor.py:176} INFO - Processing /home/airflow/.local/lib/python3.7/site-packages/airflow/example_dags/example_task_group_decorator.py took 0.097 seconds
[2023-03-15T16:06:42.675+0000] {processor.py:154} INFO - Started process (PID=658) to work on /home/airflow/.local/lib/python3.7/site-packages/airflow/example_dags/example_task_group_decorator.py
[2023-03-15T16:06:42.676+0000] {processor.py:756} INFO - Processing file /home/airflow/.local/lib/python3.7/site-packages/airflow/example_dags/example_task_group_decorator.py for tasks to queue
[2023-03-15T16:06:42.677+0000] {logging_mixin.py:120} INFO - [2023-03-15T16:06:42.677+0000] {dagbag.py:537} INFO - Filling up the DagBag from /home/airflow/.local/lib/python3.7/site-packages/airflow/example_dags/example_task_group_decorator.py
[2023-03-15T16:06:42.696+0000] {processor.py:766} INFO - DAG(s) dict_keys(['example_task_group_decorator']) retrieved from /home/airflow/.local/lib/python3.7/site-packages/airflow/example_dags/example_task_group_decorator.py
[2023-03-15T16:06:42.726+0000] {logging_mixin.py:120} INFO - [2023-03-15T16:06:42.726+0000] {dag.py:2585} INFO - Sync 1 DAGs
[2023-03-15T16:06:42.743+0000] {logging_mixin.py:120} INFO - [2023-03-15T16:06:42.743+0000] {dag.py:3340} INFO - Setting next_dagrun for example_task_group_decorator to 2023-03-14T16:06:42.743126+00:00, run_after=2023-03-15T16:06:42.743126+00:00
[2023-03-15T16:06:42.757+0000] {processor.py:176} INFO - Processing /home/airflow/.local/lib/python3.7/site-packages/airflow/example_dags/example_task_group_decorator.py took 0.084 seconds
[2023-03-15T16:07:13.155+0000] {processor.py:154} INFO - Started process (PID=724) to work on /home/airflow/.local/lib/python3.7/site-packages/airflow/example_dags/example_task_group_decorator.py
[2023-03-15T16:07:13.157+0000] {processor.py:756} INFO - Processing file /home/airflow/.local/lib/python3.7/site-packages/airflow/example_dags/example_task_group_decorator.py for tasks to queue
[2023-03-15T16:07:13.157+0000] {logging_mixin.py:120} INFO - [2023-03-15T16:07:13.157+0000] {dagbag.py:537} INFO - Filling up the DagBag from /home/airflow/.local/lib/python3.7/site-packages/airflow/example_dags/example_task_group_decorator.py
[2023-03-15T16:07:13.175+0000] {processor.py:766} INFO - DAG(s) dict_keys(['example_task_group_decorator']) retrieved from /home/airflow/.local/lib/python3.7/site-packages/airflow/example_dags/example_task_group_decorator.py
[2023-03-15T16:07:13.207+0000] {logging_mixin.py:120} INFO - [2023-03-15T16:07:13.207+0000] {dag.py:2585} INFO - Sync 1 DAGs
[2023-03-15T16:07:13.224+0000] {logging_mixin.py:120} INFO - [2023-03-15T16:07:13.224+0000] {dag.py:3340} INFO - Setting next_dagrun for example_task_group_decorator to 2023-03-14T16:07:13.223980+00:00, run_after=2023-03-15T16:07:13.223980+00:00
[2023-03-15T16:07:13.236+0000] {processor.py:176} INFO - Processing /home/airflow/.local/lib/python3.7/site-packages/airflow/example_dags/example_task_group_decorator.py took 0.084 seconds
[2023-03-15T16:07:43.529+0000] {processor.py:154} INFO - Started process (PID=789) to work on /home/airflow/.local/lib/python3.7/site-packages/airflow/example_dags/example_task_group_decorator.py
[2023-03-15T16:07:43.530+0000] {processor.py:756} INFO - Processing file /home/airflow/.local/lib/python3.7/site-packages/airflow/example_dags/example_task_group_decorator.py for tasks to queue
[2023-03-15T16:07:43.532+0000] {logging_mixin.py:120} INFO - [2023-03-15T16:07:43.532+0000] {dagbag.py:537} INFO - Filling up the DagBag from /home/airflow/.local/lib/python3.7/site-packages/airflow/example_dags/example_task_group_decorator.py
[2023-03-15T16:07:43.553+0000] {processor.py:766} INFO - DAG(s) dict_keys(['example_task_group_decorator']) retrieved from /home/airflow/.local/lib/python3.7/site-packages/airflow/example_dags/example_task_group_decorator.py
[2023-03-15T16:07:43.589+0000] {logging_mixin.py:120} INFO - [2023-03-15T16:07:43.589+0000] {dag.py:2585} INFO - Sync 1 DAGs
[2023-03-15T16:07:43.610+0000] {logging_mixin.py:120} INFO - [2023-03-15T16:07:43.610+0000] {dag.py:3340} INFO - Setting next_dagrun for example_task_group_decorator to 2023-03-14T16:07:43.610377+00:00, run_after=2023-03-15T16:07:43.610377+00:00
[2023-03-15T16:07:43.627+0000] {processor.py:176} INFO - Processing /home/airflow/.local/lib/python3.7/site-packages/airflow/example_dags/example_task_group_decorator.py took 0.101 seconds
[2023-03-15T16:08:14.167+0000] {processor.py:154} INFO - Started process (PID=853) to work on /home/airflow/.local/lib/python3.7/site-packages/airflow/example_dags/example_task_group_decorator.py
[2023-03-15T16:08:14.169+0000] {processor.py:756} INFO - Processing file /home/airflow/.local/lib/python3.7/site-packages/airflow/example_dags/example_task_group_decorator.py for tasks to queue
[2023-03-15T16:08:14.170+0000] {logging_mixin.py:120} INFO - [2023-03-15T16:08:14.170+0000] {dagbag.py:537} INFO - Filling up the DagBag from /home/airflow/.local/lib/python3.7/site-packages/airflow/example_dags/example_task_group_decorator.py
[2023-03-15T16:08:14.190+0000] {processor.py:766} INFO - DAG(s) dict_keys(['example_task_group_decorator']) retrieved from /home/airflow/.local/lib/python3.7/site-packages/airflow/example_dags/example_task_group_decorator.py
[2023-03-15T16:08:14.225+0000] {logging_mixin.py:120} INFO - [2023-03-15T16:08:14.225+0000] {dag.py:2585} INFO - Sync 1 DAGs
[2023-03-15T16:08:14.244+0000] {logging_mixin.py:120} INFO - [2023-03-15T16:08:14.244+0000] {dag.py:3340} INFO - Setting next_dagrun for example_task_group_decorator to 2023-03-14T16:08:14.244392+00:00, run_after=2023-03-15T16:08:14.244392+00:00
[2023-03-15T16:08:14.258+0000] {processor.py:176} INFO - Processing /home/airflow/.local/lib/python3.7/site-packages/airflow/example_dags/example_task_group_decorator.py took 0.094 seconds
[2023-03-15T16:08:44.959+0000] {processor.py:154} INFO - Started process (PID=977) to work on /home/airflow/.local/lib/python3.7/site-packages/airflow/example_dags/example_task_group_decorator.py
[2023-03-15T16:08:44.962+0000] {processor.py:756} INFO - Processing file /home/airflow/.local/lib/python3.7/site-packages/airflow/example_dags/example_task_group_decorator.py for tasks to queue
[2023-03-15T16:08:44.964+0000] {logging_mixin.py:120} INFO - [2023-03-15T16:08:44.964+0000] {dagbag.py:537} INFO - Filling up the DagBag from /home/airflow/.local/lib/python3.7/site-packages/airflow/example_dags/example_task_group_decorator.py
[2023-03-15T16:08:44.998+0000] {processor.py:766} INFO - DAG(s) dict_keys(['example_task_group_decorator']) retrieved from /home/airflow/.local/lib/python3.7/site-packages/airflow/example_dags/example_task_group_decorator.py
[2023-03-15T16:08:45.062+0000] {logging_mixin.py:120} INFO - [2023-03-15T16:08:45.062+0000] {dag.py:2585} INFO - Sync 1 DAGs
[2023-03-15T16:08:45.091+0000] {logging_mixin.py:120} INFO - [2023-03-15T16:08:45.091+0000] {dag.py:3340} INFO - Setting next_dagrun for example_task_group_decorator to 2023-03-14T16:08:45.091606+00:00, run_after=2023-03-15T16:08:45.091606+00:00
[2023-03-15T16:08:45.111+0000] {processor.py:176} INFO - Processing /home/airflow/.local/lib/python3.7/site-packages/airflow/example_dags/example_task_group_decorator.py took 0.155 seconds
[2023-03-15T16:09:15.905+0000] {processor.py:154} INFO - Started process (PID=1173) to work on /home/airflow/.local/lib/python3.7/site-packages/airflow/example_dags/example_task_group_decorator.py
[2023-03-15T16:09:15.906+0000] {processor.py:756} INFO - Processing file /home/airflow/.local/lib/python3.7/site-packages/airflow/example_dags/example_task_group_decorator.py for tasks to queue
[2023-03-15T16:09:15.907+0000] {logging_mixin.py:120} INFO - [2023-03-15T16:09:15.907+0000] {dagbag.py:537} INFO - Filling up the DagBag from /home/airflow/.local/lib/python3.7/site-packages/airflow/example_dags/example_task_group_decorator.py
[2023-03-15T16:09:15.950+0000] {processor.py:766} INFO - DAG(s) dict_keys(['example_task_group_decorator']) retrieved from /home/airflow/.local/lib/python3.7/site-packages/airflow/example_dags/example_task_group_decorator.py
[2023-03-15T16:09:16.034+0000] {logging_mixin.py:120} INFO - [2023-03-15T16:09:16.033+0000] {dag.py:2585} INFO - Sync 1 DAGs
[2023-03-15T16:09:16.062+0000] {logging_mixin.py:120} INFO - [2023-03-15T16:09:16.062+0000] {dag.py:3340} INFO - Setting next_dagrun for example_task_group_decorator to 2023-03-14T16:09:16.062468+00:00, run_after=2023-03-15T16:09:16.062468+00:00
[2023-03-15T16:09:16.086+0000] {processor.py:176} INFO - Processing /home/airflow/.local/lib/python3.7/site-packages/airflow/example_dags/example_task_group_decorator.py took 0.186 seconds
[2023-03-15T16:09:46.272+0000] {processor.py:154} INFO - Started process (PID=1385) to work on /home/airflow/.local/lib/python3.7/site-packages/airflow/example_dags/example_task_group_decorator.py
[2023-03-15T16:09:46.273+0000] {processor.py:756} INFO - Processing file /home/airflow/.local/lib/python3.7/site-packages/airflow/example_dags/example_task_group_decorator.py for tasks to queue
[2023-03-15T16:09:46.274+0000] {logging_mixin.py:120} INFO - [2023-03-15T16:09:46.274+0000] {dagbag.py:537} INFO - Filling up the DagBag from /home/airflow/.local/lib/python3.7/site-packages/airflow/example_dags/example_task_group_decorator.py
[2023-03-15T16:09:46.325+0000] {processor.py:766} INFO - DAG(s) dict_keys(['example_task_group_decorator']) retrieved from /home/airflow/.local/lib/python3.7/site-packages/airflow/example_dags/example_task_group_decorator.py
[2023-03-15T16:09:46.414+0000] {logging_mixin.py:120} INFO - [2023-03-15T16:09:46.414+0000] {dag.py:2585} INFO - Sync 1 DAGs
[2023-03-15T16:09:46.444+0000] {logging_mixin.py:120} INFO - [2023-03-15T16:09:46.444+0000] {dag.py:3340} INFO - Setting next_dagrun for example_task_group_decorator to 2023-03-14T16:09:46.444385+00:00, run_after=2023-03-15T16:09:46.444385+00:00
[2023-03-15T16:09:46.506+0000] {processor.py:176} INFO - Processing /home/airflow/.local/lib/python3.7/site-packages/airflow/example_dags/example_task_group_decorator.py took 0.241 seconds
[2023-03-15T16:10:16.654+0000] {processor.py:154} INFO - Started process (PID=1601) to work on /home/airflow/.local/lib/python3.7/site-packages/airflow/example_dags/example_task_group_decorator.py
[2023-03-15T16:10:16.658+0000] {processor.py:756} INFO - Processing file /home/airflow/.local/lib/python3.7/site-packages/airflow/example_dags/example_task_group_decorator.py for tasks to queue
[2023-03-15T16:10:16.661+0000] {logging_mixin.py:120} INFO - [2023-03-15T16:10:16.661+0000] {dagbag.py:537} INFO - Filling up the DagBag from /home/airflow/.local/lib/python3.7/site-packages/airflow/example_dags/example_task_group_decorator.py
[2023-03-15T16:10:16.692+0000] {processor.py:766} INFO - DAG(s) dict_keys(['example_task_group_decorator']) retrieved from /home/airflow/.local/lib/python3.7/site-packages/airflow/example_dags/example_task_group_decorator.py
[2023-03-15T16:10:16.755+0000] {logging_mixin.py:120} INFO - [2023-03-15T16:10:16.754+0000] {dag.py:2585} INFO - Sync 1 DAGs
[2023-03-15T16:10:16.775+0000] {logging_mixin.py:120} INFO - [2023-03-15T16:10:16.775+0000] {dag.py:3340} INFO - Setting next_dagrun for example_task_group_decorator to 2023-03-14T16:10:16.775654+00:00, run_after=2023-03-15T16:10:16.775654+00:00
[2023-03-15T16:10:16.793+0000] {processor.py:176} INFO - Processing /home/airflow/.local/lib/python3.7/site-packages/airflow/example_dags/example_task_group_decorator.py took 0.141 seconds
[2023-03-15T16:10:47.055+0000] {processor.py:154} INFO - Started process (PID=1828) to work on /home/airflow/.local/lib/python3.7/site-packages/airflow/example_dags/example_task_group_decorator.py
[2023-03-15T16:10:47.056+0000] {processor.py:756} INFO - Processing file /home/airflow/.local/lib/python3.7/site-packages/airflow/example_dags/example_task_group_decorator.py for tasks to queue
[2023-03-15T16:10:47.057+0000] {logging_mixin.py:120} INFO - [2023-03-15T16:10:47.057+0000] {dagbag.py:537} INFO - Filling up the DagBag from /home/airflow/.local/lib/python3.7/site-packages/airflow/example_dags/example_task_group_decorator.py
[2023-03-15T16:10:47.086+0000] {processor.py:766} INFO - DAG(s) dict_keys(['example_task_group_decorator']) retrieved from /home/airflow/.local/lib/python3.7/site-packages/airflow/example_dags/example_task_group_decorator.py
[2023-03-15T16:10:47.146+0000] {logging_mixin.py:120} INFO - [2023-03-15T16:10:47.146+0000] {dag.py:2585} INFO - Sync 1 DAGs
[2023-03-15T16:10:47.167+0000] {logging_mixin.py:120} INFO - [2023-03-15T16:10:47.167+0000] {dag.py:3340} INFO - Setting next_dagrun for example_task_group_decorator to 2023-03-14T16:10:47.167644+00:00, run_after=2023-03-15T16:10:47.167644+00:00
[2023-03-15T16:10:47.182+0000] {processor.py:176} INFO - Processing /home/airflow/.local/lib/python3.7/site-packages/airflow/example_dags/example_task_group_decorator.py took 0.129 seconds
[2023-03-15T16:11:17.243+0000] {processor.py:154} INFO - Started process (PID=2033) to work on /home/airflow/.local/lib/python3.7/site-packages/airflow/example_dags/example_task_group_decorator.py
[2023-03-15T16:11:17.244+0000] {processor.py:756} INFO - Processing file /home/airflow/.local/lib/python3.7/site-packages/airflow/example_dags/example_task_group_decorator.py for tasks to queue
[2023-03-15T16:11:17.245+0000] {logging_mixin.py:120} INFO - [2023-03-15T16:11:17.245+0000] {dagbag.py:537} INFO - Filling up the DagBag from /home/airflow/.local/lib/python3.7/site-packages/airflow/example_dags/example_task_group_decorator.py
[2023-03-15T16:11:17.274+0000] {processor.py:766} INFO - DAG(s) dict_keys(['example_task_group_decorator']) retrieved from /home/airflow/.local/lib/python3.7/site-packages/airflow/example_dags/example_task_group_decorator.py
[2023-03-15T16:11:17.312+0000] {logging_mixin.py:120} INFO - [2023-03-15T16:11:17.312+0000] {dag.py:2585} INFO - Sync 1 DAGs
[2023-03-15T16:11:17.329+0000] {logging_mixin.py:120} INFO - [2023-03-15T16:11:17.329+0000] {dag.py:3340} INFO - Setting next_dagrun for example_task_group_decorator to 2023-03-14T16:11:17.328902+00:00, run_after=2023-03-15T16:11:17.328902+00:00
[2023-03-15T16:11:17.342+0000] {processor.py:176} INFO - Processing /home/airflow/.local/lib/python3.7/site-packages/airflow/example_dags/example_task_group_decorator.py took 0.103 seconds
[2023-03-15T16:11:47.747+0000] {processor.py:154} INFO - Started process (PID=2245) to work on /home/airflow/.local/lib/python3.7/site-packages/airflow/example_dags/example_task_group_decorator.py
[2023-03-15T16:11:47.750+0000] {processor.py:756} INFO - Processing file /home/airflow/.local/lib/python3.7/site-packages/airflow/example_dags/example_task_group_decorator.py for tasks to queue
[2023-03-15T16:11:47.752+0000] {logging_mixin.py:120} INFO - [2023-03-15T16:11:47.751+0000] {dagbag.py:537} INFO - Filling up the DagBag from /home/airflow/.local/lib/python3.7/site-packages/airflow/example_dags/example_task_group_decorator.py
[2023-03-15T16:11:47.783+0000] {processor.py:766} INFO - DAG(s) dict_keys(['example_task_group_decorator']) retrieved from /home/airflow/.local/lib/python3.7/site-packages/airflow/example_dags/example_task_group_decorator.py
[2023-03-15T16:11:47.842+0000] {logging_mixin.py:120} INFO - [2023-03-15T16:11:47.842+0000] {dag.py:2585} INFO - Sync 1 DAGs
[2023-03-15T16:11:47.881+0000] {logging_mixin.py:120} INFO - [2023-03-15T16:11:47.881+0000] {dag.py:3340} INFO - Setting next_dagrun for example_task_group_decorator to 2023-03-14T16:11:47.881039+00:00, run_after=2023-03-15T16:11:47.881039+00:00
[2023-03-15T16:11:47.918+0000] {processor.py:176} INFO - Processing /home/airflow/.local/lib/python3.7/site-packages/airflow/example_dags/example_task_group_decorator.py took 0.177 seconds
[2023-03-15T16:12:18.858+0000] {processor.py:154} INFO - Started process (PID=2459) to work on /home/airflow/.local/lib/python3.7/site-packages/airflow/example_dags/example_task_group_decorator.py
[2023-03-15T16:12:18.861+0000] {processor.py:756} INFO - Processing file /home/airflow/.local/lib/python3.7/site-packages/airflow/example_dags/example_task_group_decorator.py for tasks to queue
[2023-03-15T16:12:18.862+0000] {logging_mixin.py:120} INFO - [2023-03-15T16:12:18.862+0000] {dagbag.py:537} INFO - Filling up the DagBag from /home/airflow/.local/lib/python3.7/site-packages/airflow/example_dags/example_task_group_decorator.py
[2023-03-15T16:12:18.888+0000] {processor.py:766} INFO - DAG(s) dict_keys(['example_task_group_decorator']) retrieved from /home/airflow/.local/lib/python3.7/site-packages/airflow/example_dags/example_task_group_decorator.py
[2023-03-15T16:12:18.926+0000] {logging_mixin.py:120} INFO - [2023-03-15T16:12:18.926+0000] {dag.py:2585} INFO - Sync 1 DAGs
[2023-03-15T16:12:18.946+0000] {logging_mixin.py:120} INFO - [2023-03-15T16:12:18.946+0000] {dag.py:3340} INFO - Setting next_dagrun for example_task_group_decorator to 2023-03-14T16:12:18.945838+00:00, run_after=2023-03-15T16:12:18.945838+00:00
[2023-03-15T16:12:18.958+0000] {processor.py:176} INFO - Processing /home/airflow/.local/lib/python3.7/site-packages/airflow/example_dags/example_task_group_decorator.py took 0.105 seconds
[2023-03-15T16:12:49.682+0000] {processor.py:154} INFO - Started process (PID=2663) to work on /home/airflow/.local/lib/python3.7/site-packages/airflow/example_dags/example_task_group_decorator.py
[2023-03-15T16:12:49.683+0000] {processor.py:756} INFO - Processing file /home/airflow/.local/lib/python3.7/site-packages/airflow/example_dags/example_task_group_decorator.py for tasks to queue
[2023-03-15T16:12:49.684+0000] {logging_mixin.py:120} INFO - [2023-03-15T16:12:49.684+0000] {dagbag.py:537} INFO - Filling up the DagBag from /home/airflow/.local/lib/python3.7/site-packages/airflow/example_dags/example_task_group_decorator.py
[2023-03-15T16:12:49.713+0000] {processor.py:766} INFO - DAG(s) dict_keys(['example_task_group_decorator']) retrieved from /home/airflow/.local/lib/python3.7/site-packages/airflow/example_dags/example_task_group_decorator.py
[2023-03-15T16:12:49.764+0000] {logging_mixin.py:120} INFO - [2023-03-15T16:12:49.764+0000] {dag.py:2585} INFO - Sync 1 DAGs
[2023-03-15T16:12:49.794+0000] {logging_mixin.py:120} INFO - [2023-03-15T16:12:49.793+0000] {dag.py:3340} INFO - Setting next_dagrun for example_task_group_decorator to 2023-03-14T16:12:49.793674+00:00, run_after=2023-03-15T16:12:49.793674+00:00
[2023-03-15T16:12:49.806+0000] {processor.py:176} INFO - Processing /home/airflow/.local/lib/python3.7/site-packages/airflow/example_dags/example_task_group_decorator.py took 0.128 seconds
[2023-03-15T16:13:20.325+0000] {processor.py:154} INFO - Started process (PID=2856) to work on /home/airflow/.local/lib/python3.7/site-packages/airflow/example_dags/example_task_group_decorator.py
[2023-03-15T16:13:20.326+0000] {processor.py:756} INFO - Processing file /home/airflow/.local/lib/python3.7/site-packages/airflow/example_dags/example_task_group_decorator.py for tasks to queue
[2023-03-15T16:13:20.327+0000] {logging_mixin.py:120} INFO - [2023-03-15T16:13:20.327+0000] {dagbag.py:537} INFO - Filling up the DagBag from /home/airflow/.local/lib/python3.7/site-packages/airflow/example_dags/example_task_group_decorator.py
[2023-03-15T16:13:20.344+0000] {processor.py:766} INFO - DAG(s) dict_keys(['example_task_group_decorator']) retrieved from /home/airflow/.local/lib/python3.7/site-packages/airflow/example_dags/example_task_group_decorator.py
[2023-03-15T16:13:20.375+0000] {logging_mixin.py:120} INFO - [2023-03-15T16:13:20.375+0000] {dag.py:2585} INFO - Sync 1 DAGs
[2023-03-15T16:13:20.390+0000] {logging_mixin.py:120} INFO - [2023-03-15T16:13:20.390+0000] {dag.py:3340} INFO - Setting next_dagrun for example_task_group_decorator to 2023-03-14T16:13:20.390114+00:00, run_after=2023-03-15T16:13:20.390114+00:00
[2023-03-15T16:13:20.401+0000] {processor.py:176} INFO - Processing /home/airflow/.local/lib/python3.7/site-packages/airflow/example_dags/example_task_group_decorator.py took 0.079 seconds
[2023-03-15T16:29:47.409+0000] {processor.py:154} INFO - Started process (PID=2898) to work on /home/airflow/.local/lib/python3.7/site-packages/airflow/example_dags/example_task_group_decorator.py
[2023-03-15T16:29:47.414+0000] {processor.py:756} INFO - Processing file /home/airflow/.local/lib/python3.7/site-packages/airflow/example_dags/example_task_group_decorator.py for tasks to queue
[2023-03-15T16:29:47.415+0000] {logging_mixin.py:120} INFO - [2023-03-15T16:29:47.415+0000] {dagbag.py:537} INFO - Filling up the DagBag from /home/airflow/.local/lib/python3.7/site-packages/airflow/example_dags/example_task_group_decorator.py
[2023-03-15T16:29:47.444+0000] {processor.py:766} INFO - DAG(s) dict_keys(['example_task_group_decorator']) retrieved from /home/airflow/.local/lib/python3.7/site-packages/airflow/example_dags/example_task_group_decorator.py
[2023-03-15T16:29:47.497+0000] {logging_mixin.py:120} INFO - [2023-03-15T16:29:47.497+0000] {dag.py:2585} INFO - Sync 1 DAGs
[2023-03-15T16:29:47.525+0000] {logging_mixin.py:120} INFO - [2023-03-15T16:29:47.525+0000] {dag.py:3340} INFO - Setting next_dagrun for example_task_group_decorator to 2023-03-14T16:29:47.525340+00:00, run_after=2023-03-15T16:29:47.525340+00:00
[2023-03-15T16:29:47.540+0000] {processor.py:176} INFO - Processing /home/airflow/.local/lib/python3.7/site-packages/airflow/example_dags/example_task_group_decorator.py took 0.134 seconds
[2023-03-15T16:30:18.491+0000] {processor.py:154} INFO - Started process (PID=2963) to work on /home/airflow/.local/lib/python3.7/site-packages/airflow/example_dags/example_task_group_decorator.py
[2023-03-15T16:30:18.492+0000] {processor.py:756} INFO - Processing file /home/airflow/.local/lib/python3.7/site-packages/airflow/example_dags/example_task_group_decorator.py for tasks to queue
[2023-03-15T16:30:18.493+0000] {logging_mixin.py:120} INFO - [2023-03-15T16:30:18.493+0000] {dagbag.py:537} INFO - Filling up the DagBag from /home/airflow/.local/lib/python3.7/site-packages/airflow/example_dags/example_task_group_decorator.py
[2023-03-15T16:30:18.511+0000] {processor.py:766} INFO - DAG(s) dict_keys(['example_task_group_decorator']) retrieved from /home/airflow/.local/lib/python3.7/site-packages/airflow/example_dags/example_task_group_decorator.py
[2023-03-15T16:30:18.540+0000] {logging_mixin.py:120} INFO - [2023-03-15T16:30:18.540+0000] {dag.py:2585} INFO - Sync 1 DAGs
[2023-03-15T16:30:18.556+0000] {logging_mixin.py:120} INFO - [2023-03-15T16:30:18.556+0000] {dag.py:3340} INFO - Setting next_dagrun for example_task_group_decorator to 2023-03-14T16:30:18.556014+00:00, run_after=2023-03-15T16:30:18.556014+00:00
[2023-03-15T16:30:18.567+0000] {processor.py:176} INFO - Processing /home/airflow/.local/lib/python3.7/site-packages/airflow/example_dags/example_task_group_decorator.py took 0.078 seconds
[2023-03-15T16:47:13.112+0000] {processor.py:154} INFO - Started process (PID=3019) to work on /home/airflow/.local/lib/python3.7/site-packages/airflow/example_dags/example_task_group_decorator.py
[2023-03-15T16:47:13.113+0000] {processor.py:756} INFO - Processing file /home/airflow/.local/lib/python3.7/site-packages/airflow/example_dags/example_task_group_decorator.py for tasks to queue
[2023-03-15T16:47:13.114+0000] {logging_mixin.py:120} INFO - [2023-03-15T16:47:13.114+0000] {dagbag.py:537} INFO - Filling up the DagBag from /home/airflow/.local/lib/python3.7/site-packages/airflow/example_dags/example_task_group_decorator.py
[2023-03-15T16:47:13.155+0000] {processor.py:766} INFO - DAG(s) dict_keys(['example_task_group_decorator']) retrieved from /home/airflow/.local/lib/python3.7/site-packages/airflow/example_dags/example_task_group_decorator.py
[2023-03-15T16:47:13.220+0000] {logging_mixin.py:120} INFO - [2023-03-15T16:47:13.220+0000] {dag.py:2585} INFO - Sync 1 DAGs
[2023-03-15T16:47:13.245+0000] {logging_mixin.py:120} INFO - [2023-03-15T16:47:13.244+0000] {dag.py:3340} INFO - Setting next_dagrun for example_task_group_decorator to 2023-03-14T16:47:13.244064+00:00, run_after=2023-03-15T16:47:13.244064+00:00
[2023-03-15T16:47:13.265+0000] {processor.py:176} INFO - Processing /home/airflow/.local/lib/python3.7/site-packages/airflow/example_dags/example_task_group_decorator.py took 0.162 seconds
[2023-03-15T16:47:44.235+0000] {processor.py:154} INFO - Started process (PID=3084) to work on /home/airflow/.local/lib/python3.7/site-packages/airflow/example_dags/example_task_group_decorator.py
[2023-03-15T16:47:44.236+0000] {processor.py:756} INFO - Processing file /home/airflow/.local/lib/python3.7/site-packages/airflow/example_dags/example_task_group_decorator.py for tasks to queue
[2023-03-15T16:47:44.237+0000] {logging_mixin.py:120} INFO - [2023-03-15T16:47:44.237+0000] {dagbag.py:537} INFO - Filling up the DagBag from /home/airflow/.local/lib/python3.7/site-packages/airflow/example_dags/example_task_group_decorator.py
[2023-03-15T16:47:44.253+0000] {processor.py:766} INFO - DAG(s) dict_keys(['example_task_group_decorator']) retrieved from /home/airflow/.local/lib/python3.7/site-packages/airflow/example_dags/example_task_group_decorator.py
[2023-03-15T16:47:44.288+0000] {logging_mixin.py:120} INFO - [2023-03-15T16:47:44.288+0000] {dag.py:2585} INFO - Sync 1 DAGs
[2023-03-15T16:47:44.303+0000] {logging_mixin.py:120} INFO - [2023-03-15T16:47:44.303+0000] {dag.py:3340} INFO - Setting next_dagrun for example_task_group_decorator to 2023-03-14T16:47:44.303071+00:00, run_after=2023-03-15T16:47:44.303071+00:00
[2023-03-15T16:47:44.315+0000] {processor.py:176} INFO - Processing /home/airflow/.local/lib/python3.7/site-packages/airflow/example_dags/example_task_group_decorator.py took 0.082 seconds
[2023-03-15T16:59:20.136+0000] {processor.py:154} INFO - Started process (PID=3149) to work on /home/airflow/.local/lib/python3.7/site-packages/airflow/example_dags/example_task_group_decorator.py
[2023-03-15T16:59:20.139+0000] {processor.py:756} INFO - Processing file /home/airflow/.local/lib/python3.7/site-packages/airflow/example_dags/example_task_group_decorator.py for tasks to queue
[2023-03-15T16:59:20.142+0000] {logging_mixin.py:120} INFO - [2023-03-15T16:59:20.142+0000] {dagbag.py:537} INFO - Filling up the DagBag from /home/airflow/.local/lib/python3.7/site-packages/airflow/example_dags/example_task_group_decorator.py
[2023-03-15T16:59:20.182+0000] {processor.py:766} INFO - DAG(s) dict_keys(['example_task_group_decorator']) retrieved from /home/airflow/.local/lib/python3.7/site-packages/airflow/example_dags/example_task_group_decorator.py
[2023-03-15T16:59:20.235+0000] {logging_mixin.py:120} INFO - [2023-03-15T16:59:20.235+0000] {dag.py:2585} INFO - Sync 1 DAGs
[2023-03-15T16:59:20.257+0000] {logging_mixin.py:120} INFO - [2023-03-15T16:59:20.257+0000] {dag.py:3340} INFO - Setting next_dagrun for example_task_group_decorator to 2023-03-14T16:59:20.256860+00:00, run_after=2023-03-15T16:59:20.256860+00:00
[2023-03-15T16:59:20.283+0000] {processor.py:176} INFO - Processing /home/airflow/.local/lib/python3.7/site-packages/airflow/example_dags/example_task_group_decorator.py took 0.150 seconds
[2023-03-15T16:59:50.595+0000] {processor.py:154} INFO - Started process (PID=3214) to work on /home/airflow/.local/lib/python3.7/site-packages/airflow/example_dags/example_task_group_decorator.py
[2023-03-15T16:59:50.597+0000] {processor.py:756} INFO - Processing file /home/airflow/.local/lib/python3.7/site-packages/airflow/example_dags/example_task_group_decorator.py for tasks to queue
[2023-03-15T16:59:50.598+0000] {logging_mixin.py:120} INFO - [2023-03-15T16:59:50.598+0000] {dagbag.py:537} INFO - Filling up the DagBag from /home/airflow/.local/lib/python3.7/site-packages/airflow/example_dags/example_task_group_decorator.py
[2023-03-15T16:59:50.615+0000] {processor.py:766} INFO - DAG(s) dict_keys(['example_task_group_decorator']) retrieved from /home/airflow/.local/lib/python3.7/site-packages/airflow/example_dags/example_task_group_decorator.py
[2023-03-15T16:59:50.644+0000] {logging_mixin.py:120} INFO - [2023-03-15T16:59:50.644+0000] {dag.py:2585} INFO - Sync 1 DAGs
[2023-03-15T16:59:50.661+0000] {logging_mixin.py:120} INFO - [2023-03-15T16:59:50.660+0000] {dag.py:3340} INFO - Setting next_dagrun for example_task_group_decorator to 2023-03-14T16:59:50.660767+00:00, run_after=2023-03-15T16:59:50.660767+00:00
[2023-03-15T16:59:50.672+0000] {processor.py:176} INFO - Processing /home/airflow/.local/lib/python3.7/site-packages/airflow/example_dags/example_task_group_decorator.py took 0.079 seconds
[2023-03-15T17:00:21.274+0000] {processor.py:154} INFO - Started process (PID=3278) to work on /home/airflow/.local/lib/python3.7/site-packages/airflow/example_dags/example_task_group_decorator.py
[2023-03-15T17:00:21.275+0000] {processor.py:756} INFO - Processing file /home/airflow/.local/lib/python3.7/site-packages/airflow/example_dags/example_task_group_decorator.py for tasks to queue
[2023-03-15T17:00:21.276+0000] {logging_mixin.py:120} INFO - [2023-03-15T17:00:21.276+0000] {dagbag.py:537} INFO - Filling up the DagBag from /home/airflow/.local/lib/python3.7/site-packages/airflow/example_dags/example_task_group_decorator.py
[2023-03-15T17:00:21.294+0000] {processor.py:766} INFO - DAG(s) dict_keys(['example_task_group_decorator']) retrieved from /home/airflow/.local/lib/python3.7/site-packages/airflow/example_dags/example_task_group_decorator.py
[2023-03-15T17:00:21.325+0000] {logging_mixin.py:120} INFO - [2023-03-15T17:00:21.324+0000] {dag.py:2585} INFO - Sync 1 DAGs
[2023-03-15T17:00:21.340+0000] {logging_mixin.py:120} INFO - [2023-03-15T17:00:21.340+0000] {dag.py:3340} INFO - Setting next_dagrun for example_task_group_decorator to 2023-03-14T17:00:21.340326+00:00, run_after=2023-03-15T17:00:21.340326+00:00
[2023-03-15T17:00:21.351+0000] {processor.py:176} INFO - Processing /home/airflow/.local/lib/python3.7/site-packages/airflow/example_dags/example_task_group_decorator.py took 0.080 seconds
[2023-03-15T17:00:51.914+0000] {processor.py:154} INFO - Started process (PID=3334) to work on /home/airflow/.local/lib/python3.7/site-packages/airflow/example_dags/example_task_group_decorator.py
[2023-03-15T17:00:51.915+0000] {processor.py:756} INFO - Processing file /home/airflow/.local/lib/python3.7/site-packages/airflow/example_dags/example_task_group_decorator.py for tasks to queue
[2023-03-15T17:00:51.916+0000] {logging_mixin.py:120} INFO - [2023-03-15T17:00:51.916+0000] {dagbag.py:537} INFO - Filling up the DagBag from /home/airflow/.local/lib/python3.7/site-packages/airflow/example_dags/example_task_group_decorator.py
[2023-03-15T17:00:51.934+0000] {processor.py:766} INFO - DAG(s) dict_keys(['example_task_group_decorator']) retrieved from /home/airflow/.local/lib/python3.7/site-packages/airflow/example_dags/example_task_group_decorator.py
[2023-03-15T17:00:51.963+0000] {logging_mixin.py:120} INFO - [2023-03-15T17:00:51.963+0000] {dag.py:2585} INFO - Sync 1 DAGs
[2023-03-15T17:00:51.977+0000] {logging_mixin.py:120} INFO - [2023-03-15T17:00:51.977+0000] {dag.py:3340} INFO - Setting next_dagrun for example_task_group_decorator to 2023-03-14T17:00:51.977704+00:00, run_after=2023-03-15T17:00:51.977704+00:00
[2023-03-15T17:00:51.988+0000] {processor.py:176} INFO - Processing /home/airflow/.local/lib/python3.7/site-packages/airflow/example_dags/example_task_group_decorator.py took 0.077 seconds
[2023-03-15T17:01:22.370+0000] {processor.py:154} INFO - Started process (PID=3399) to work on /home/airflow/.local/lib/python3.7/site-packages/airflow/example_dags/example_task_group_decorator.py
[2023-03-15T17:01:22.371+0000] {processor.py:756} INFO - Processing file /home/airflow/.local/lib/python3.7/site-packages/airflow/example_dags/example_task_group_decorator.py for tasks to queue
[2023-03-15T17:01:22.372+0000] {logging_mixin.py:120} INFO - [2023-03-15T17:01:22.372+0000] {dagbag.py:537} INFO - Filling up the DagBag from /home/airflow/.local/lib/python3.7/site-packages/airflow/example_dags/example_task_group_decorator.py
[2023-03-15T17:01:22.391+0000] {processor.py:766} INFO - DAG(s) dict_keys(['example_task_group_decorator']) retrieved from /home/airflow/.local/lib/python3.7/site-packages/airflow/example_dags/example_task_group_decorator.py
[2023-03-15T17:01:22.420+0000] {logging_mixin.py:120} INFO - [2023-03-15T17:01:22.419+0000] {dag.py:2585} INFO - Sync 1 DAGs
[2023-03-15T17:01:22.433+0000] {logging_mixin.py:120} INFO - [2023-03-15T17:01:22.433+0000] {dag.py:3340} INFO - Setting next_dagrun for example_task_group_decorator to 2023-03-14T17:01:22.433691+00:00, run_after=2023-03-15T17:01:22.433691+00:00
[2023-03-15T17:01:22.445+0000] {processor.py:176} INFO - Processing /home/airflow/.local/lib/python3.7/site-packages/airflow/example_dags/example_task_group_decorator.py took 0.079 seconds
[2023-03-15T17:01:52.782+0000] {processor.py:154} INFO - Started process (PID=3464) to work on /home/airflow/.local/lib/python3.7/site-packages/airflow/example_dags/example_task_group_decorator.py
[2023-03-15T17:01:52.783+0000] {processor.py:756} INFO - Processing file /home/airflow/.local/lib/python3.7/site-packages/airflow/example_dags/example_task_group_decorator.py for tasks to queue
[2023-03-15T17:01:52.784+0000] {logging_mixin.py:120} INFO - [2023-03-15T17:01:52.784+0000] {dagbag.py:537} INFO - Filling up the DagBag from /home/airflow/.local/lib/python3.7/site-packages/airflow/example_dags/example_task_group_decorator.py
[2023-03-15T17:01:52.802+0000] {processor.py:766} INFO - DAG(s) dict_keys(['example_task_group_decorator']) retrieved from /home/airflow/.local/lib/python3.7/site-packages/airflow/example_dags/example_task_group_decorator.py
[2023-03-15T17:01:52.831+0000] {logging_mixin.py:120} INFO - [2023-03-15T17:01:52.831+0000] {dag.py:2585} INFO - Sync 1 DAGs
[2023-03-15T17:01:52.846+0000] {logging_mixin.py:120} INFO - [2023-03-15T17:01:52.846+0000] {dag.py:3340} INFO - Setting next_dagrun for example_task_group_decorator to 2023-03-14T17:01:52.846555+00:00, run_after=2023-03-15T17:01:52.846555+00:00
[2023-03-15T17:01:52.858+0000] {processor.py:176} INFO - Processing /home/airflow/.local/lib/python3.7/site-packages/airflow/example_dags/example_task_group_decorator.py took 0.078 seconds
[2023-03-15T17:02:23.183+0000] {processor.py:154} INFO - Started process (PID=3529) to work on /home/airflow/.local/lib/python3.7/site-packages/airflow/example_dags/example_task_group_decorator.py
[2023-03-15T17:02:23.185+0000] {processor.py:756} INFO - Processing file /home/airflow/.local/lib/python3.7/site-packages/airflow/example_dags/example_task_group_decorator.py for tasks to queue
[2023-03-15T17:02:23.185+0000] {logging_mixin.py:120} INFO - [2023-03-15T17:02:23.185+0000] {dagbag.py:537} INFO - Filling up the DagBag from /home/airflow/.local/lib/python3.7/site-packages/airflow/example_dags/example_task_group_decorator.py
[2023-03-15T17:02:23.203+0000] {processor.py:766} INFO - DAG(s) dict_keys(['example_task_group_decorator']) retrieved from /home/airflow/.local/lib/python3.7/site-packages/airflow/example_dags/example_task_group_decorator.py
[2023-03-15T17:02:23.232+0000] {logging_mixin.py:120} INFO - [2023-03-15T17:02:23.232+0000] {dag.py:2585} INFO - Sync 1 DAGs
[2023-03-15T17:02:23.246+0000] {logging_mixin.py:120} INFO - [2023-03-15T17:02:23.246+0000] {dag.py:3340} INFO - Setting next_dagrun for example_task_group_decorator to 2023-03-14T17:02:23.246666+00:00, run_after=2023-03-15T17:02:23.246666+00:00
[2023-03-15T17:02:23.258+0000] {processor.py:176} INFO - Processing /home/airflow/.local/lib/python3.7/site-packages/airflow/example_dags/example_task_group_decorator.py took 0.078 seconds
[2023-03-15T17:02:53.585+0000] {processor.py:154} INFO - Started process (PID=3594) to work on /home/airflow/.local/lib/python3.7/site-packages/airflow/example_dags/example_task_group_decorator.py
[2023-03-15T17:02:53.586+0000] {processor.py:756} INFO - Processing file /home/airflow/.local/lib/python3.7/site-packages/airflow/example_dags/example_task_group_decorator.py for tasks to queue
[2023-03-15T17:02:53.587+0000] {logging_mixin.py:120} INFO - [2023-03-15T17:02:53.587+0000] {dagbag.py:537} INFO - Filling up the DagBag from /home/airflow/.local/lib/python3.7/site-packages/airflow/example_dags/example_task_group_decorator.py
[2023-03-15T17:02:53.606+0000] {processor.py:766} INFO - DAG(s) dict_keys(['example_task_group_decorator']) retrieved from /home/airflow/.local/lib/python3.7/site-packages/airflow/example_dags/example_task_group_decorator.py
[2023-03-15T17:02:53.634+0000] {logging_mixin.py:120} INFO - [2023-03-15T17:02:53.634+0000] {dag.py:2585} INFO - Sync 1 DAGs
[2023-03-15T17:02:53.649+0000] {logging_mixin.py:120} INFO - [2023-03-15T17:02:53.648+0000] {dag.py:3340} INFO - Setting next_dagrun for example_task_group_decorator to 2023-03-14T17:02:53.648781+00:00, run_after=2023-03-15T17:02:53.648781+00:00
[2023-03-15T17:02:53.660+0000] {processor.py:176} INFO - Processing /home/airflow/.local/lib/python3.7/site-packages/airflow/example_dags/example_task_group_decorator.py took 0.077 seconds
[2023-03-15T17:03:24.171+0000] {processor.py:154} INFO - Started process (PID=3659) to work on /home/airflow/.local/lib/python3.7/site-packages/airflow/example_dags/example_task_group_decorator.py
[2023-03-15T17:03:24.172+0000] {processor.py:756} INFO - Processing file /home/airflow/.local/lib/python3.7/site-packages/airflow/example_dags/example_task_group_decorator.py for tasks to queue
[2023-03-15T17:03:24.172+0000] {logging_mixin.py:120} INFO - [2023-03-15T17:03:24.172+0000] {dagbag.py:537} INFO - Filling up the DagBag from /home/airflow/.local/lib/python3.7/site-packages/airflow/example_dags/example_task_group_decorator.py
[2023-03-15T17:03:24.191+0000] {processor.py:766} INFO - DAG(s) dict_keys(['example_task_group_decorator']) retrieved from /home/airflow/.local/lib/python3.7/site-packages/airflow/example_dags/example_task_group_decorator.py
[2023-03-15T17:03:24.220+0000] {logging_mixin.py:120} INFO - [2023-03-15T17:03:24.220+0000] {dag.py:2585} INFO - Sync 1 DAGs
[2023-03-15T17:03:24.236+0000] {logging_mixin.py:120} INFO - [2023-03-15T17:03:24.236+0000] {dag.py:3340} INFO - Setting next_dagrun for example_task_group_decorator to 2023-03-14T17:03:24.236611+00:00, run_after=2023-03-15T17:03:24.236611+00:00
[2023-03-15T17:03:24.249+0000] {processor.py:176} INFO - Processing /home/airflow/.local/lib/python3.7/site-packages/airflow/example_dags/example_task_group_decorator.py took 0.081 seconds
[2023-03-15T17:03:54.669+0000] {processor.py:154} INFO - Started process (PID=3715) to work on /home/airflow/.local/lib/python3.7/site-packages/airflow/example_dags/example_task_group_decorator.py
[2023-03-15T17:03:54.671+0000] {processor.py:756} INFO - Processing file /home/airflow/.local/lib/python3.7/site-packages/airflow/example_dags/example_task_group_decorator.py for tasks to queue
[2023-03-15T17:03:54.672+0000] {logging_mixin.py:120} INFO - [2023-03-15T17:03:54.672+0000] {dagbag.py:537} INFO - Filling up the DagBag from /home/airflow/.local/lib/python3.7/site-packages/airflow/example_dags/example_task_group_decorator.py
[2023-03-15T17:03:54.691+0000] {processor.py:766} INFO - DAG(s) dict_keys(['example_task_group_decorator']) retrieved from /home/airflow/.local/lib/python3.7/site-packages/airflow/example_dags/example_task_group_decorator.py
[2023-03-15T17:03:54.720+0000] {logging_mixin.py:120} INFO - [2023-03-15T17:03:54.720+0000] {dag.py:2585} INFO - Sync 1 DAGs
[2023-03-15T17:03:54.735+0000] {logging_mixin.py:120} INFO - [2023-03-15T17:03:54.735+0000] {dag.py:3340} INFO - Setting next_dagrun for example_task_group_decorator to 2023-03-14T17:03:54.735307+00:00, run_after=2023-03-15T17:03:54.735307+00:00
[2023-03-15T17:03:54.747+0000] {processor.py:176} INFO - Processing /home/airflow/.local/lib/python3.7/site-packages/airflow/example_dags/example_task_group_decorator.py took 0.080 seconds
[2023-03-15T17:04:25.152+0000] {processor.py:154} INFO - Started process (PID=3779) to work on /home/airflow/.local/lib/python3.7/site-packages/airflow/example_dags/example_task_group_decorator.py
[2023-03-15T17:04:25.153+0000] {processor.py:756} INFO - Processing file /home/airflow/.local/lib/python3.7/site-packages/airflow/example_dags/example_task_group_decorator.py for tasks to queue
[2023-03-15T17:04:25.154+0000] {logging_mixin.py:120} INFO - [2023-03-15T17:04:25.154+0000] {dagbag.py:537} INFO - Filling up the DagBag from /home/airflow/.local/lib/python3.7/site-packages/airflow/example_dags/example_task_group_decorator.py
[2023-03-15T17:04:25.172+0000] {processor.py:766} INFO - DAG(s) dict_keys(['example_task_group_decorator']) retrieved from /home/airflow/.local/lib/python3.7/site-packages/airflow/example_dags/example_task_group_decorator.py
[2023-03-15T17:04:25.202+0000] {logging_mixin.py:120} INFO - [2023-03-15T17:04:25.202+0000] {dag.py:2585} INFO - Sync 1 DAGs
[2023-03-15T17:04:25.216+0000] {logging_mixin.py:120} INFO - [2023-03-15T17:04:25.216+0000] {dag.py:3340} INFO - Setting next_dagrun for example_task_group_decorator to 2023-03-14T17:04:25.216328+00:00, run_after=2023-03-15T17:04:25.216328+00:00
[2023-03-15T17:04:25.228+0000] {processor.py:176} INFO - Processing /home/airflow/.local/lib/python3.7/site-packages/airflow/example_dags/example_task_group_decorator.py took 0.078 seconds
