[2023-03-15T16:01:37.755+0000] {processor.py:154} INFO - Started process (PID=41) to work on /home/airflow/.local/lib/python3.7/site-packages/airflow/example_dags/example_latest_only.py
[2023-03-15T16:01:37.758+0000] {processor.py:756} INFO - Processing file /home/airflow/.local/lib/python3.7/site-packages/airflow/example_dags/example_latest_only.py for tasks to queue
[2023-03-15T16:01:37.759+0000] {logging_mixin.py:120} INFO - [2023-03-15T16:01:37.759+0000] {dagbag.py:537} INFO - Filling up the DagBag from /home/airflow/.local/lib/python3.7/site-packages/airflow/example_dags/example_latest_only.py
[2023-03-15T16:01:37.795+0000] {processor.py:766} INFO - DAG(s) dict_keys(['latest_only']) retrieved from /home/airflow/.local/lib/python3.7/site-packages/airflow/example_dags/example_latest_only.py
[2023-03-15T16:01:38.011+0000] {logging_mixin.py:120} INFO - [2023-03-15T16:01:38.011+0000] {manager.py:507} INFO - Created Permission View: can read on DAG:latest_only
[2023-03-15T16:01:38.035+0000] {logging_mixin.py:120} INFO - [2023-03-15T16:01:38.035+0000] {manager.py:507} INFO - Created Permission View: can delete on DAG:latest_only
[2023-03-15T16:01:38.042+0000] {logging_mixin.py:120} INFO - [2023-03-15T16:01:38.041+0000] {manager.py:507} INFO - Created Permission View: can edit on DAG:latest_only
[2023-03-15T16:01:38.043+0000] {logging_mixin.py:120} INFO - [2023-03-15T16:01:38.042+0000] {dag.py:2585} INFO - Sync 1 DAGs
[2023-03-15T16:01:38.053+0000] {logging_mixin.py:120} INFO - [2023-03-15T16:01:38.053+0000] {dag.py:2606} INFO - Creating ORM DAG for latest_only
[2023-03-15T16:01:38.063+0000] {logging_mixin.py:120} INFO - [2023-03-15T16:01:38.063+0000] {dag.py:3340} INFO - Setting next_dagrun for latest_only to 2023-03-15T12:01:38.063472+00:00, run_after=2023-03-15T16:01:38.063472+00:00
[2023-03-15T16:01:38.083+0000] {processor.py:176} INFO - Processing /home/airflow/.local/lib/python3.7/site-packages/airflow/example_dags/example_latest_only.py took 0.332 seconds
[2023-03-15T16:02:08.407+0000] {processor.py:154} INFO - Started process (PID=103) to work on /home/airflow/.local/lib/python3.7/site-packages/airflow/example_dags/example_latest_only.py
[2023-03-15T16:02:08.408+0000] {processor.py:756} INFO - Processing file /home/airflow/.local/lib/python3.7/site-packages/airflow/example_dags/example_latest_only.py for tasks to queue
[2023-03-15T16:02:08.409+0000] {logging_mixin.py:120} INFO - [2023-03-15T16:02:08.409+0000] {dagbag.py:537} INFO - Filling up the DagBag from /home/airflow/.local/lib/python3.7/site-packages/airflow/example_dags/example_latest_only.py
[2023-03-15T16:02:08.422+0000] {processor.py:766} INFO - DAG(s) dict_keys(['latest_only']) retrieved from /home/airflow/.local/lib/python3.7/site-packages/airflow/example_dags/example_latest_only.py
[2023-03-15T16:02:08.456+0000] {logging_mixin.py:120} INFO - [2023-03-15T16:02:08.456+0000] {dag.py:2585} INFO - Sync 1 DAGs
[2023-03-15T16:02:08.472+0000] {logging_mixin.py:120} INFO - [2023-03-15T16:02:08.472+0000] {dag.py:3340} INFO - Setting next_dagrun for latest_only to 2023-03-15T12:02:08.472544+00:00, run_after=2023-03-15T16:02:08.472544+00:00
[2023-03-15T16:02:08.489+0000] {processor.py:176} INFO - Processing /home/airflow/.local/lib/python3.7/site-packages/airflow/example_dags/example_latest_only.py took 0.086 seconds
[2023-03-15T16:02:39.697+0000] {processor.py:154} INFO - Started process (PID=165) to work on /home/airflow/.local/lib/python3.7/site-packages/airflow/example_dags/example_latest_only.py
[2023-03-15T16:02:39.699+0000] {processor.py:756} INFO - Processing file /home/airflow/.local/lib/python3.7/site-packages/airflow/example_dags/example_latest_only.py for tasks to queue
[2023-03-15T16:02:39.700+0000] {logging_mixin.py:120} INFO - [2023-03-15T16:02:39.700+0000] {dagbag.py:537} INFO - Filling up the DagBag from /home/airflow/.local/lib/python3.7/site-packages/airflow/example_dags/example_latest_only.py
[2023-03-15T16:02:39.714+0000] {processor.py:766} INFO - DAG(s) dict_keys(['latest_only']) retrieved from /home/airflow/.local/lib/python3.7/site-packages/airflow/example_dags/example_latest_only.py
[2023-03-15T16:02:39.751+0000] {logging_mixin.py:120} INFO - [2023-03-15T16:02:39.750+0000] {dag.py:2585} INFO - Sync 1 DAGs
[2023-03-15T16:02:39.770+0000] {logging_mixin.py:120} INFO - [2023-03-15T16:02:39.769+0000] {dag.py:3340} INFO - Setting next_dagrun for latest_only to 2023-03-15T12:02:39.769635+00:00, run_after=2023-03-15T16:02:39.769635+00:00
[2023-03-15T16:02:39.785+0000] {processor.py:176} INFO - Processing /home/airflow/.local/lib/python3.7/site-packages/airflow/example_dags/example_latest_only.py took 0.091 seconds
[2023-03-15T16:03:10.206+0000] {processor.py:154} INFO - Started process (PID=229) to work on /home/airflow/.local/lib/python3.7/site-packages/airflow/example_dags/example_latest_only.py
[2023-03-15T16:03:10.208+0000] {processor.py:756} INFO - Processing file /home/airflow/.local/lib/python3.7/site-packages/airflow/example_dags/example_latest_only.py for tasks to queue
[2023-03-15T16:03:10.209+0000] {logging_mixin.py:120} INFO - [2023-03-15T16:03:10.209+0000] {dagbag.py:537} INFO - Filling up the DagBag from /home/airflow/.local/lib/python3.7/site-packages/airflow/example_dags/example_latest_only.py
[2023-03-15T16:03:10.225+0000] {processor.py:766} INFO - DAG(s) dict_keys(['latest_only']) retrieved from /home/airflow/.local/lib/python3.7/site-packages/airflow/example_dags/example_latest_only.py
[2023-03-15T16:03:10.288+0000] {logging_mixin.py:120} INFO - [2023-03-15T16:03:10.288+0000] {dag.py:2585} INFO - Sync 1 DAGs
[2023-03-15T16:03:10.340+0000] {logging_mixin.py:120} INFO - [2023-03-15T16:03:10.340+0000] {dag.py:3340} INFO - Setting next_dagrun for latest_only to 2023-03-15T12:03:10.340131+00:00, run_after=2023-03-15T16:03:10.340131+00:00
[2023-03-15T16:03:10.374+0000] {processor.py:176} INFO - Processing /home/airflow/.local/lib/python3.7/site-packages/airflow/example_dags/example_latest_only.py took 0.173 seconds
[2023-03-15T16:03:40.533+0000] {processor.py:154} INFO - Started process (PID=284) to work on /home/airflow/.local/lib/python3.7/site-packages/airflow/example_dags/example_latest_only.py
[2023-03-15T16:03:40.534+0000] {processor.py:756} INFO - Processing file /home/airflow/.local/lib/python3.7/site-packages/airflow/example_dags/example_latest_only.py for tasks to queue
[2023-03-15T16:03:40.535+0000] {logging_mixin.py:120} INFO - [2023-03-15T16:03:40.535+0000] {dagbag.py:537} INFO - Filling up the DagBag from /home/airflow/.local/lib/python3.7/site-packages/airflow/example_dags/example_latest_only.py
[2023-03-15T16:03:40.545+0000] {processor.py:766} INFO - DAG(s) dict_keys(['latest_only']) retrieved from /home/airflow/.local/lib/python3.7/site-packages/airflow/example_dags/example_latest_only.py
[2023-03-15T16:03:40.576+0000] {logging_mixin.py:120} INFO - [2023-03-15T16:03:40.576+0000] {dag.py:2585} INFO - Sync 1 DAGs
[2023-03-15T16:03:40.593+0000] {logging_mixin.py:120} INFO - [2023-03-15T16:03:40.592+0000] {dag.py:3340} INFO - Setting next_dagrun for latest_only to 2023-03-15T12:03:40.592727+00:00, run_after=2023-03-15T16:03:40.592727+00:00
[2023-03-15T16:03:40.605+0000] {processor.py:176} INFO - Processing /home/airflow/.local/lib/python3.7/site-packages/airflow/example_dags/example_latest_only.py took 0.075 seconds
[2023-03-15T16:04:10.867+0000] {processor.py:154} INFO - Started process (PID=347) to work on /home/airflow/.local/lib/python3.7/site-packages/airflow/example_dags/example_latest_only.py
[2023-03-15T16:04:10.868+0000] {processor.py:756} INFO - Processing file /home/airflow/.local/lib/python3.7/site-packages/airflow/example_dags/example_latest_only.py for tasks to queue
[2023-03-15T16:04:10.869+0000] {logging_mixin.py:120} INFO - [2023-03-15T16:04:10.869+0000] {dagbag.py:537} INFO - Filling up the DagBag from /home/airflow/.local/lib/python3.7/site-packages/airflow/example_dags/example_latest_only.py
[2023-03-15T16:04:10.879+0000] {processor.py:766} INFO - DAG(s) dict_keys(['latest_only']) retrieved from /home/airflow/.local/lib/python3.7/site-packages/airflow/example_dags/example_latest_only.py
[2023-03-15T16:04:10.910+0000] {logging_mixin.py:120} INFO - [2023-03-15T16:04:10.910+0000] {dag.py:2585} INFO - Sync 1 DAGs
[2023-03-15T16:04:10.926+0000] {logging_mixin.py:120} INFO - [2023-03-15T16:04:10.925+0000] {dag.py:3340} INFO - Setting next_dagrun for latest_only to 2023-03-15T12:04:10.925715+00:00, run_after=2023-03-15T16:04:10.925715+00:00
[2023-03-15T16:04:10.944+0000] {processor.py:176} INFO - Processing /home/airflow/.local/lib/python3.7/site-packages/airflow/example_dags/example_latest_only.py took 0.080 seconds
[2023-03-15T16:04:41.102+0000] {processor.py:154} INFO - Started process (PID=412) to work on /home/airflow/.local/lib/python3.7/site-packages/airflow/example_dags/example_latest_only.py
[2023-03-15T16:04:41.103+0000] {processor.py:756} INFO - Processing file /home/airflow/.local/lib/python3.7/site-packages/airflow/example_dags/example_latest_only.py for tasks to queue
[2023-03-15T16:04:41.105+0000] {logging_mixin.py:120} INFO - [2023-03-15T16:04:41.104+0000] {dagbag.py:537} INFO - Filling up the DagBag from /home/airflow/.local/lib/python3.7/site-packages/airflow/example_dags/example_latest_only.py
[2023-03-15T16:04:41.116+0000] {processor.py:766} INFO - DAG(s) dict_keys(['latest_only']) retrieved from /home/airflow/.local/lib/python3.7/site-packages/airflow/example_dags/example_latest_only.py
[2023-03-15T16:04:41.146+0000] {logging_mixin.py:120} INFO - [2023-03-15T16:04:41.146+0000] {dag.py:2585} INFO - Sync 1 DAGs
[2023-03-15T16:04:41.175+0000] {logging_mixin.py:120} INFO - [2023-03-15T16:04:41.175+0000] {dag.py:3340} INFO - Setting next_dagrun for latest_only to 2023-03-15T12:04:41.174814+00:00, run_after=2023-03-15T16:04:41.174814+00:00
[2023-03-15T16:04:41.201+0000] {processor.py:176} INFO - Processing /home/airflow/.local/lib/python3.7/site-packages/airflow/example_dags/example_latest_only.py took 0.102 seconds
[2023-03-15T16:05:11.397+0000] {processor.py:154} INFO - Started process (PID=476) to work on /home/airflow/.local/lib/python3.7/site-packages/airflow/example_dags/example_latest_only.py
[2023-03-15T16:05:11.399+0000] {processor.py:756} INFO - Processing file /home/airflow/.local/lib/python3.7/site-packages/airflow/example_dags/example_latest_only.py for tasks to queue
[2023-03-15T16:05:11.401+0000] {logging_mixin.py:120} INFO - [2023-03-15T16:05:11.401+0000] {dagbag.py:537} INFO - Filling up the DagBag from /home/airflow/.local/lib/python3.7/site-packages/airflow/example_dags/example_latest_only.py
[2023-03-15T16:05:11.413+0000] {processor.py:766} INFO - DAG(s) dict_keys(['latest_only']) retrieved from /home/airflow/.local/lib/python3.7/site-packages/airflow/example_dags/example_latest_only.py
[2023-03-15T16:05:11.463+0000] {logging_mixin.py:120} INFO - [2023-03-15T16:05:11.463+0000] {dag.py:2585} INFO - Sync 1 DAGs
[2023-03-15T16:05:11.483+0000] {logging_mixin.py:120} INFO - [2023-03-15T16:05:11.483+0000] {dag.py:3340} INFO - Setting next_dagrun for latest_only to 2023-03-15T12:05:11.483492+00:00, run_after=2023-03-15T16:05:11.483492+00:00
[2023-03-15T16:05:11.498+0000] {processor.py:176} INFO - Processing /home/airflow/.local/lib/python3.7/site-packages/airflow/example_dags/example_latest_only.py took 0.104 seconds
[2023-03-15T16:05:42.096+0000] {processor.py:154} INFO - Started process (PID=538) to work on /home/airflow/.local/lib/python3.7/site-packages/airflow/example_dags/example_latest_only.py
[2023-03-15T16:05:42.097+0000] {processor.py:756} INFO - Processing file /home/airflow/.local/lib/python3.7/site-packages/airflow/example_dags/example_latest_only.py for tasks to queue
[2023-03-15T16:05:42.099+0000] {logging_mixin.py:120} INFO - [2023-03-15T16:05:42.099+0000] {dagbag.py:537} INFO - Filling up the DagBag from /home/airflow/.local/lib/python3.7/site-packages/airflow/example_dags/example_latest_only.py
[2023-03-15T16:05:42.110+0000] {processor.py:766} INFO - DAG(s) dict_keys(['latest_only']) retrieved from /home/airflow/.local/lib/python3.7/site-packages/airflow/example_dags/example_latest_only.py
[2023-03-15T16:05:42.132+0000] {logging_mixin.py:120} INFO - [2023-03-15T16:05:42.131+0000] {dag.py:2585} INFO - Sync 1 DAGs
[2023-03-15T16:05:42.149+0000] {logging_mixin.py:120} INFO - [2023-03-15T16:05:42.149+0000] {dag.py:3340} INFO - Setting next_dagrun for latest_only to 2023-03-15T12:05:42.149373+00:00, run_after=2023-03-15T16:05:42.149373+00:00
[2023-03-15T16:05:42.162+0000] {processor.py:176} INFO - Processing /home/airflow/.local/lib/python3.7/site-packages/airflow/example_dags/example_latest_only.py took 0.069 seconds
[2023-03-15T16:06:12.470+0000] {processor.py:154} INFO - Started process (PID=592) to work on /home/airflow/.local/lib/python3.7/site-packages/airflow/example_dags/example_latest_only.py
[2023-03-15T16:06:12.472+0000] {processor.py:756} INFO - Processing file /home/airflow/.local/lib/python3.7/site-packages/airflow/example_dags/example_latest_only.py for tasks to queue
[2023-03-15T16:06:12.472+0000] {logging_mixin.py:120} INFO - [2023-03-15T16:06:12.472+0000] {dagbag.py:537} INFO - Filling up the DagBag from /home/airflow/.local/lib/python3.7/site-packages/airflow/example_dags/example_latest_only.py
[2023-03-15T16:06:12.484+0000] {processor.py:766} INFO - DAG(s) dict_keys(['latest_only']) retrieved from /home/airflow/.local/lib/python3.7/site-packages/airflow/example_dags/example_latest_only.py
[2023-03-15T16:06:12.516+0000] {logging_mixin.py:120} INFO - [2023-03-15T16:06:12.516+0000] {dag.py:2585} INFO - Sync 1 DAGs
[2023-03-15T16:06:12.533+0000] {logging_mixin.py:120} INFO - [2023-03-15T16:06:12.533+0000] {dag.py:3340} INFO - Setting next_dagrun for latest_only to 2023-03-15T12:06:12.533542+00:00, run_after=2023-03-15T16:06:12.533542+00:00
[2023-03-15T16:06:12.548+0000] {processor.py:176} INFO - Processing /home/airflow/.local/lib/python3.7/site-packages/airflow/example_dags/example_latest_only.py took 0.081 seconds
[2023-03-15T16:06:42.648+0000] {processor.py:154} INFO - Started process (PID=657) to work on /home/airflow/.local/lib/python3.7/site-packages/airflow/example_dags/example_latest_only.py
[2023-03-15T16:06:42.649+0000] {processor.py:756} INFO - Processing file /home/airflow/.local/lib/python3.7/site-packages/airflow/example_dags/example_latest_only.py for tasks to queue
[2023-03-15T16:06:42.650+0000] {logging_mixin.py:120} INFO - [2023-03-15T16:06:42.650+0000] {dagbag.py:537} INFO - Filling up the DagBag from /home/airflow/.local/lib/python3.7/site-packages/airflow/example_dags/example_latest_only.py
[2023-03-15T16:06:42.662+0000] {processor.py:766} INFO - DAG(s) dict_keys(['latest_only']) retrieved from /home/airflow/.local/lib/python3.7/site-packages/airflow/example_dags/example_latest_only.py
[2023-03-15T16:06:42.694+0000] {logging_mixin.py:120} INFO - [2023-03-15T16:06:42.694+0000] {dag.py:2585} INFO - Sync 1 DAGs
[2023-03-15T16:06:42.710+0000] {logging_mixin.py:120} INFO - [2023-03-15T16:06:42.710+0000] {dag.py:3340} INFO - Setting next_dagrun for latest_only to 2023-03-15T12:06:42.710568+00:00, run_after=2023-03-15T16:06:42.710568+00:00
[2023-03-15T16:06:42.723+0000] {processor.py:176} INFO - Processing /home/airflow/.local/lib/python3.7/site-packages/airflow/example_dags/example_latest_only.py took 0.078 seconds
[2023-03-15T16:07:13.124+0000] {processor.py:154} INFO - Started process (PID=723) to work on /home/airflow/.local/lib/python3.7/site-packages/airflow/example_dags/example_latest_only.py
[2023-03-15T16:07:13.126+0000] {processor.py:756} INFO - Processing file /home/airflow/.local/lib/python3.7/site-packages/airflow/example_dags/example_latest_only.py for tasks to queue
[2023-03-15T16:07:13.126+0000] {logging_mixin.py:120} INFO - [2023-03-15T16:07:13.126+0000] {dagbag.py:537} INFO - Filling up the DagBag from /home/airflow/.local/lib/python3.7/site-packages/airflow/example_dags/example_latest_only.py
[2023-03-15T16:07:13.138+0000] {processor.py:766} INFO - DAG(s) dict_keys(['latest_only']) retrieved from /home/airflow/.local/lib/python3.7/site-packages/airflow/example_dags/example_latest_only.py
[2023-03-15T16:07:13.170+0000] {logging_mixin.py:120} INFO - [2023-03-15T16:07:13.170+0000] {dag.py:2585} INFO - Sync 1 DAGs
[2023-03-15T16:07:13.185+0000] {logging_mixin.py:120} INFO - [2023-03-15T16:07:13.185+0000] {dag.py:3340} INFO - Setting next_dagrun for latest_only to 2023-03-15T12:07:13.185159+00:00, run_after=2023-03-15T16:07:13.185159+00:00
[2023-03-15T16:07:13.198+0000] {processor.py:176} INFO - Processing /home/airflow/.local/lib/python3.7/site-packages/airflow/example_dags/example_latest_only.py took 0.077 seconds
[2023-03-15T16:07:43.486+0000] {processor.py:154} INFO - Started process (PID=788) to work on /home/airflow/.local/lib/python3.7/site-packages/airflow/example_dags/example_latest_only.py
[2023-03-15T16:07:43.487+0000] {processor.py:756} INFO - Processing file /home/airflow/.local/lib/python3.7/site-packages/airflow/example_dags/example_latest_only.py for tasks to queue
[2023-03-15T16:07:43.489+0000] {logging_mixin.py:120} INFO - [2023-03-15T16:07:43.488+0000] {dagbag.py:537} INFO - Filling up the DagBag from /home/airflow/.local/lib/python3.7/site-packages/airflow/example_dags/example_latest_only.py
[2023-03-15T16:07:43.501+0000] {processor.py:766} INFO - DAG(s) dict_keys(['latest_only']) retrieved from /home/airflow/.local/lib/python3.7/site-packages/airflow/example_dags/example_latest_only.py
[2023-03-15T16:07:43.538+0000] {logging_mixin.py:120} INFO - [2023-03-15T16:07:43.538+0000] {dag.py:2585} INFO - Sync 1 DAGs
[2023-03-15T16:07:43.560+0000] {logging_mixin.py:120} INFO - [2023-03-15T16:07:43.560+0000] {dag.py:3340} INFO - Setting next_dagrun for latest_only to 2023-03-15T12:07:43.560634+00:00, run_after=2023-03-15T16:07:43.560634+00:00
[2023-03-15T16:07:43.576+0000] {processor.py:176} INFO - Processing /home/airflow/.local/lib/python3.7/site-packages/airflow/example_dags/example_latest_only.py took 0.093 seconds
[2023-03-15T16:08:14.046+0000] {processor.py:154} INFO - Started process (PID=852) to work on /home/airflow/.local/lib/python3.7/site-packages/airflow/example_dags/example_latest_only.py
[2023-03-15T16:08:14.050+0000] {processor.py:756} INFO - Processing file /home/airflow/.local/lib/python3.7/site-packages/airflow/example_dags/example_latest_only.py for tasks to queue
[2023-03-15T16:08:14.052+0000] {logging_mixin.py:120} INFO - [2023-03-15T16:08:14.052+0000] {dagbag.py:537} INFO - Filling up the DagBag from /home/airflow/.local/lib/python3.7/site-packages/airflow/example_dags/example_latest_only.py
[2023-03-15T16:08:14.067+0000] {processor.py:766} INFO - DAG(s) dict_keys(['latest_only']) retrieved from /home/airflow/.local/lib/python3.7/site-packages/airflow/example_dags/example_latest_only.py
[2023-03-15T16:08:14.109+0000] {logging_mixin.py:120} INFO - [2023-03-15T16:08:14.109+0000] {dag.py:2585} INFO - Sync 1 DAGs
[2023-03-15T16:08:14.128+0000] {logging_mixin.py:120} INFO - [2023-03-15T16:08:14.128+0000] {dag.py:3340} INFO - Setting next_dagrun for latest_only to 2023-03-15T12:08:14.127869+00:00, run_after=2023-03-15T16:08:14.127869+00:00
[2023-03-15T16:08:14.144+0000] {processor.py:176} INFO - Processing /home/airflow/.local/lib/python3.7/site-packages/airflow/example_dags/example_latest_only.py took 0.101 seconds
[2023-03-15T16:08:44.849+0000] {processor.py:154} INFO - Started process (PID=976) to work on /home/airflow/.local/lib/python3.7/site-packages/airflow/example_dags/example_latest_only.py
[2023-03-15T16:08:44.853+0000] {processor.py:756} INFO - Processing file /home/airflow/.local/lib/python3.7/site-packages/airflow/example_dags/example_latest_only.py for tasks to queue
[2023-03-15T16:08:44.855+0000] {logging_mixin.py:120} INFO - [2023-03-15T16:08:44.855+0000] {dagbag.py:537} INFO - Filling up the DagBag from /home/airflow/.local/lib/python3.7/site-packages/airflow/example_dags/example_latest_only.py
[2023-03-15T16:08:44.878+0000] {processor.py:766} INFO - DAG(s) dict_keys(['latest_only']) retrieved from /home/airflow/.local/lib/python3.7/site-packages/airflow/example_dags/example_latest_only.py
[2023-03-15T16:08:44.929+0000] {logging_mixin.py:120} INFO - [2023-03-15T16:08:44.929+0000] {dag.py:2585} INFO - Sync 1 DAGs
[2023-03-15T16:08:44.953+0000] {logging_mixin.py:120} INFO - [2023-03-15T16:08:44.953+0000] {dag.py:3340} INFO - Setting next_dagrun for latest_only to 2023-03-15T12:08:44.952836+00:00, run_after=2023-03-15T16:08:44.952836+00:00
[2023-03-15T16:08:44.974+0000] {processor.py:176} INFO - Processing /home/airflow/.local/lib/python3.7/site-packages/airflow/example_dags/example_latest_only.py took 0.128 seconds
[2023-03-15T16:09:15.686+0000] {processor.py:154} INFO - Started process (PID=1172) to work on /home/airflow/.local/lib/python3.7/site-packages/airflow/example_dags/example_latest_only.py
[2023-03-15T16:09:15.687+0000] {processor.py:756} INFO - Processing file /home/airflow/.local/lib/python3.7/site-packages/airflow/example_dags/example_latest_only.py for tasks to queue
[2023-03-15T16:09:15.689+0000] {logging_mixin.py:120} INFO - [2023-03-15T16:09:15.689+0000] {dagbag.py:537} INFO - Filling up the DagBag from /home/airflow/.local/lib/python3.7/site-packages/airflow/example_dags/example_latest_only.py
[2023-03-15T16:09:15.713+0000] {processor.py:766} INFO - DAG(s) dict_keys(['latest_only']) retrieved from /home/airflow/.local/lib/python3.7/site-packages/airflow/example_dags/example_latest_only.py
[2023-03-15T16:09:15.782+0000] {logging_mixin.py:120} INFO - [2023-03-15T16:09:15.782+0000] {dag.py:2585} INFO - Sync 1 DAGs
[2023-03-15T16:09:15.815+0000] {logging_mixin.py:120} INFO - [2023-03-15T16:09:15.815+0000] {dag.py:3340} INFO - Setting next_dagrun for latest_only to 2023-03-15T12:09:15.814866+00:00, run_after=2023-03-15T16:09:15.814866+00:00
[2023-03-15T16:09:15.832+0000] {processor.py:176} INFO - Processing /home/airflow/.local/lib/python3.7/site-packages/airflow/example_dags/example_latest_only.py took 0.153 seconds
[2023-03-15T16:09:46.037+0000] {processor.py:154} INFO - Started process (PID=1382) to work on /home/airflow/.local/lib/python3.7/site-packages/airflow/example_dags/example_latest_only.py
[2023-03-15T16:09:46.048+0000] {processor.py:756} INFO - Processing file /home/airflow/.local/lib/python3.7/site-packages/airflow/example_dags/example_latest_only.py for tasks to queue
[2023-03-15T16:09:46.050+0000] {logging_mixin.py:120} INFO - [2023-03-15T16:09:46.050+0000] {dagbag.py:537} INFO - Filling up the DagBag from /home/airflow/.local/lib/python3.7/site-packages/airflow/example_dags/example_latest_only.py
[2023-03-15T16:09:46.078+0000] {processor.py:766} INFO - DAG(s) dict_keys(['latest_only']) retrieved from /home/airflow/.local/lib/python3.7/site-packages/airflow/example_dags/example_latest_only.py
[2023-03-15T16:09:46.162+0000] {logging_mixin.py:120} INFO - [2023-03-15T16:09:46.161+0000] {dag.py:2585} INFO - Sync 1 DAGs
[2023-03-15T16:09:46.192+0000] {logging_mixin.py:120} INFO - [2023-03-15T16:09:46.191+0000] {dag.py:3340} INFO - Setting next_dagrun for latest_only to 2023-03-15T12:09:46.191795+00:00, run_after=2023-03-15T16:09:46.191795+00:00
[2023-03-15T16:09:46.213+0000] {processor.py:176} INFO - Processing /home/airflow/.local/lib/python3.7/site-packages/airflow/example_dags/example_latest_only.py took 0.178 seconds
[2023-03-15T16:10:16.557+0000] {processor.py:154} INFO - Started process (PID=1600) to work on /home/airflow/.local/lib/python3.7/site-packages/airflow/example_dags/example_latest_only.py
[2023-03-15T16:10:16.558+0000] {processor.py:756} INFO - Processing file /home/airflow/.local/lib/python3.7/site-packages/airflow/example_dags/example_latest_only.py for tasks to queue
[2023-03-15T16:10:16.560+0000] {logging_mixin.py:120} INFO - [2023-03-15T16:10:16.559+0000] {dagbag.py:537} INFO - Filling up the DagBag from /home/airflow/.local/lib/python3.7/site-packages/airflow/example_dags/example_latest_only.py
[2023-03-15T16:10:16.577+0000] {processor.py:766} INFO - DAG(s) dict_keys(['latest_only']) retrieved from /home/airflow/.local/lib/python3.7/site-packages/airflow/example_dags/example_latest_only.py
[2023-03-15T16:10:16.640+0000] {logging_mixin.py:120} INFO - [2023-03-15T16:10:16.639+0000] {dag.py:2585} INFO - Sync 1 DAGs
[2023-03-15T16:10:16.670+0000] {logging_mixin.py:120} INFO - [2023-03-15T16:10:16.670+0000] {dag.py:3340} INFO - Setting next_dagrun for latest_only to 2023-03-15T12:10:16.670202+00:00, run_after=2023-03-15T16:10:16.670202+00:00
[2023-03-15T16:10:16.687+0000] {processor.py:176} INFO - Processing /home/airflow/.local/lib/python3.7/site-packages/airflow/example_dags/example_latest_only.py took 0.134 seconds
[2023-03-15T16:10:46.896+0000] {processor.py:154} INFO - Started process (PID=1827) to work on /home/airflow/.local/lib/python3.7/site-packages/airflow/example_dags/example_latest_only.py
[2023-03-15T16:10:46.900+0000] {processor.py:756} INFO - Processing file /home/airflow/.local/lib/python3.7/site-packages/airflow/example_dags/example_latest_only.py for tasks to queue
[2023-03-15T16:10:46.900+0000] {logging_mixin.py:120} INFO - [2023-03-15T16:10:46.900+0000] {dagbag.py:537} INFO - Filling up the DagBag from /home/airflow/.local/lib/python3.7/site-packages/airflow/example_dags/example_latest_only.py
[2023-03-15T16:10:46.922+0000] {processor.py:766} INFO - DAG(s) dict_keys(['latest_only']) retrieved from /home/airflow/.local/lib/python3.7/site-packages/airflow/example_dags/example_latest_only.py
[2023-03-15T16:10:46.973+0000] {logging_mixin.py:120} INFO - [2023-03-15T16:10:46.973+0000] {dag.py:2585} INFO - Sync 1 DAGs
[2023-03-15T16:10:46.995+0000] {logging_mixin.py:120} INFO - [2023-03-15T16:10:46.995+0000] {dag.py:3340} INFO - Setting next_dagrun for latest_only to 2023-03-15T12:10:46.994830+00:00, run_after=2023-03-15T16:10:46.994830+00:00
[2023-03-15T16:10:47.009+0000] {processor.py:176} INFO - Processing /home/airflow/.local/lib/python3.7/site-packages/airflow/example_dags/example_latest_only.py took 0.116 seconds
[2023-03-15T16:11:17.136+0000] {processor.py:154} INFO - Started process (PID=2032) to work on /home/airflow/.local/lib/python3.7/site-packages/airflow/example_dags/example_latest_only.py
[2023-03-15T16:11:17.142+0000] {processor.py:756} INFO - Processing file /home/airflow/.local/lib/python3.7/site-packages/airflow/example_dags/example_latest_only.py for tasks to queue
[2023-03-15T16:11:17.143+0000] {logging_mixin.py:120} INFO - [2023-03-15T16:11:17.143+0000] {dagbag.py:537} INFO - Filling up the DagBag from /home/airflow/.local/lib/python3.7/site-packages/airflow/example_dags/example_latest_only.py
[2023-03-15T16:11:17.154+0000] {processor.py:766} INFO - DAG(s) dict_keys(['latest_only']) retrieved from /home/airflow/.local/lib/python3.7/site-packages/airflow/example_dags/example_latest_only.py
[2023-03-15T16:11:17.192+0000] {logging_mixin.py:120} INFO - [2023-03-15T16:11:17.192+0000] {dag.py:2585} INFO - Sync 1 DAGs
[2023-03-15T16:11:17.214+0000] {logging_mixin.py:120} INFO - [2023-03-15T16:11:17.214+0000] {dag.py:3340} INFO - Setting next_dagrun for latest_only to 2023-03-15T12:11:17.214552+00:00, run_after=2023-03-15T16:11:17.214552+00:00
[2023-03-15T16:11:17.239+0000] {processor.py:176} INFO - Processing /home/airflow/.local/lib/python3.7/site-packages/airflow/example_dags/example_latest_only.py took 0.105 seconds
[2023-03-15T16:11:47.592+0000] {processor.py:154} INFO - Started process (PID=2240) to work on /home/airflow/.local/lib/python3.7/site-packages/airflow/example_dags/example_latest_only.py
[2023-03-15T16:11:47.593+0000] {processor.py:756} INFO - Processing file /home/airflow/.local/lib/python3.7/site-packages/airflow/example_dags/example_latest_only.py for tasks to queue
[2023-03-15T16:11:47.594+0000] {logging_mixin.py:120} INFO - [2023-03-15T16:11:47.594+0000] {dagbag.py:537} INFO - Filling up the DagBag from /home/airflow/.local/lib/python3.7/site-packages/airflow/example_dags/example_latest_only.py
[2023-03-15T16:11:47.606+0000] {processor.py:766} INFO - DAG(s) dict_keys(['latest_only']) retrieved from /home/airflow/.local/lib/python3.7/site-packages/airflow/example_dags/example_latest_only.py
[2023-03-15T16:11:47.655+0000] {logging_mixin.py:120} INFO - [2023-03-15T16:11:47.655+0000] {dag.py:2585} INFO - Sync 1 DAGs
[2023-03-15T16:11:47.679+0000] {logging_mixin.py:120} INFO - [2023-03-15T16:11:47.679+0000] {dag.py:3340} INFO - Setting next_dagrun for latest_only to 2023-03-15T12:11:47.679191+00:00, run_after=2023-03-15T16:11:47.679191+00:00
[2023-03-15T16:11:47.696+0000] {processor.py:176} INFO - Processing /home/airflow/.local/lib/python3.7/site-packages/airflow/example_dags/example_latest_only.py took 0.108 seconds
[2023-03-15T16:12:18.743+0000] {processor.py:154} INFO - Started process (PID=2458) to work on /home/airflow/.local/lib/python3.7/site-packages/airflow/example_dags/example_latest_only.py
[2023-03-15T16:12:18.745+0000] {processor.py:756} INFO - Processing file /home/airflow/.local/lib/python3.7/site-packages/airflow/example_dags/example_latest_only.py for tasks to queue
[2023-03-15T16:12:18.749+0000] {logging_mixin.py:120} INFO - [2023-03-15T16:12:18.748+0000] {dagbag.py:537} INFO - Filling up the DagBag from /home/airflow/.local/lib/python3.7/site-packages/airflow/example_dags/example_latest_only.py
[2023-03-15T16:12:18.774+0000] {processor.py:766} INFO - DAG(s) dict_keys(['latest_only']) retrieved from /home/airflow/.local/lib/python3.7/site-packages/airflow/example_dags/example_latest_only.py
[2023-03-15T16:12:18.814+0000] {logging_mixin.py:120} INFO - [2023-03-15T16:12:18.814+0000] {dag.py:2585} INFO - Sync 1 DAGs
[2023-03-15T16:12:18.834+0000] {logging_mixin.py:120} INFO - [2023-03-15T16:12:18.834+0000] {dag.py:3340} INFO - Setting next_dagrun for latest_only to 2023-03-15T12:12:18.834558+00:00, run_after=2023-03-15T16:12:18.834558+00:00
[2023-03-15T16:12:18.854+0000] {processor.py:176} INFO - Processing /home/airflow/.local/lib/python3.7/site-packages/airflow/example_dags/example_latest_only.py took 0.115 seconds
[2023-03-15T16:12:49.680+0000] {processor.py:154} INFO - Started process (PID=2662) to work on /home/airflow/.local/lib/python3.7/site-packages/airflow/example_dags/example_latest_only.py
[2023-03-15T16:12:49.686+0000] {processor.py:756} INFO - Processing file /home/airflow/.local/lib/python3.7/site-packages/airflow/example_dags/example_latest_only.py for tasks to queue
[2023-03-15T16:12:49.689+0000] {logging_mixin.py:120} INFO - [2023-03-15T16:12:49.689+0000] {dagbag.py:537} INFO - Filling up the DagBag from /home/airflow/.local/lib/python3.7/site-packages/airflow/example_dags/example_latest_only.py
[2023-03-15T16:12:49.727+0000] {processor.py:766} INFO - DAG(s) dict_keys(['latest_only']) retrieved from /home/airflow/.local/lib/python3.7/site-packages/airflow/example_dags/example_latest_only.py
[2023-03-15T16:12:49.783+0000] {logging_mixin.py:120} INFO - [2023-03-15T16:12:49.783+0000] {dag.py:2585} INFO - Sync 1 DAGs
[2023-03-15T16:12:49.818+0000] {logging_mixin.py:120} INFO - [2023-03-15T16:12:49.818+0000] {dag.py:3340} INFO - Setting next_dagrun for latest_only to 2023-03-15T12:12:49.817807+00:00, run_after=2023-03-15T16:12:49.817807+00:00
[2023-03-15T16:12:49.835+0000] {processor.py:176} INFO - Processing /home/airflow/.local/lib/python3.7/site-packages/airflow/example_dags/example_latest_only.py took 0.159 seconds
[2023-03-15T16:13:20.282+0000] {processor.py:154} INFO - Started process (PID=2855) to work on /home/airflow/.local/lib/python3.7/site-packages/airflow/example_dags/example_latest_only.py
[2023-03-15T16:13:20.283+0000] {processor.py:756} INFO - Processing file /home/airflow/.local/lib/python3.7/site-packages/airflow/example_dags/example_latest_only.py for tasks to queue
[2023-03-15T16:13:20.284+0000] {logging_mixin.py:120} INFO - [2023-03-15T16:13:20.284+0000] {dagbag.py:537} INFO - Filling up the DagBag from /home/airflow/.local/lib/python3.7/site-packages/airflow/example_dags/example_latest_only.py
[2023-03-15T16:13:20.293+0000] {processor.py:766} INFO - DAG(s) dict_keys(['latest_only']) retrieved from /home/airflow/.local/lib/python3.7/site-packages/airflow/example_dags/example_latest_only.py
[2023-03-15T16:13:20.324+0000] {logging_mixin.py:120} INFO - [2023-03-15T16:13:20.324+0000] {dag.py:2585} INFO - Sync 1 DAGs
[2023-03-15T16:13:20.340+0000] {logging_mixin.py:120} INFO - [2023-03-15T16:13:20.340+0000] {dag.py:3340} INFO - Setting next_dagrun for latest_only to 2023-03-15T12:13:20.339823+00:00, run_after=2023-03-15T16:13:20.339823+00:00
[2023-03-15T16:13:20.350+0000] {processor.py:176} INFO - Processing /home/airflow/.local/lib/python3.7/site-packages/airflow/example_dags/example_latest_only.py took 0.072 seconds
[2023-03-15T16:29:47.267+0000] {processor.py:154} INFO - Started process (PID=2897) to work on /home/airflow/.local/lib/python3.7/site-packages/airflow/example_dags/example_latest_only.py
[2023-03-15T16:29:47.268+0000] {processor.py:756} INFO - Processing file /home/airflow/.local/lib/python3.7/site-packages/airflow/example_dags/example_latest_only.py for tasks to queue
[2023-03-15T16:29:47.269+0000] {logging_mixin.py:120} INFO - [2023-03-15T16:29:47.269+0000] {dagbag.py:537} INFO - Filling up the DagBag from /home/airflow/.local/lib/python3.7/site-packages/airflow/example_dags/example_latest_only.py
[2023-03-15T16:29:47.300+0000] {processor.py:766} INFO - DAG(s) dict_keys(['latest_only']) retrieved from /home/airflow/.local/lib/python3.7/site-packages/airflow/example_dags/example_latest_only.py
[2023-03-15T16:29:47.349+0000] {logging_mixin.py:120} INFO - [2023-03-15T16:29:47.349+0000] {dag.py:2585} INFO - Sync 1 DAGs
[2023-03-15T16:29:47.375+0000] {logging_mixin.py:120} INFO - [2023-03-15T16:29:47.374+0000] {dag.py:3340} INFO - Setting next_dagrun for latest_only to 2023-03-15T12:29:47.374610+00:00, run_after=2023-03-15T16:29:47.374610+00:00
[2023-03-15T16:29:47.395+0000] {processor.py:176} INFO - Processing /home/airflow/.local/lib/python3.7/site-packages/airflow/example_dags/example_latest_only.py took 0.132 seconds
[2023-03-15T16:30:18.398+0000] {processor.py:154} INFO - Started process (PID=2960) to work on /home/airflow/.local/lib/python3.7/site-packages/airflow/example_dags/example_latest_only.py
[2023-03-15T16:30:18.400+0000] {processor.py:756} INFO - Processing file /home/airflow/.local/lib/python3.7/site-packages/airflow/example_dags/example_latest_only.py for tasks to queue
[2023-03-15T16:30:18.400+0000] {logging_mixin.py:120} INFO - [2023-03-15T16:30:18.400+0000] {dagbag.py:537} INFO - Filling up the DagBag from /home/airflow/.local/lib/python3.7/site-packages/airflow/example_dags/example_latest_only.py
[2023-03-15T16:30:18.411+0000] {processor.py:766} INFO - DAG(s) dict_keys(['latest_only']) retrieved from /home/airflow/.local/lib/python3.7/site-packages/airflow/example_dags/example_latest_only.py
[2023-03-15T16:30:18.439+0000] {logging_mixin.py:120} INFO - [2023-03-15T16:30:18.439+0000] {dag.py:2585} INFO - Sync 1 DAGs
[2023-03-15T16:30:18.453+0000] {logging_mixin.py:120} INFO - [2023-03-15T16:30:18.453+0000] {dag.py:3340} INFO - Setting next_dagrun for latest_only to 2023-03-15T12:30:18.453695+00:00, run_after=2023-03-15T16:30:18.453695+00:00
[2023-03-15T16:30:18.466+0000] {processor.py:176} INFO - Processing /home/airflow/.local/lib/python3.7/site-packages/airflow/example_dags/example_latest_only.py took 0.071 seconds
[2023-03-15T16:47:13.102+0000] {processor.py:154} INFO - Started process (PID=3018) to work on /home/airflow/.local/lib/python3.7/site-packages/airflow/example_dags/example_latest_only.py
[2023-03-15T16:47:13.104+0000] {processor.py:756} INFO - Processing file /home/airflow/.local/lib/python3.7/site-packages/airflow/example_dags/example_latest_only.py for tasks to queue
[2023-03-15T16:47:13.106+0000] {logging_mixin.py:120} INFO - [2023-03-15T16:47:13.106+0000] {dagbag.py:537} INFO - Filling up the DagBag from /home/airflow/.local/lib/python3.7/site-packages/airflow/example_dags/example_latest_only.py
[2023-03-15T16:47:13.131+0000] {processor.py:766} INFO - DAG(s) dict_keys(['latest_only']) retrieved from /home/airflow/.local/lib/python3.7/site-packages/airflow/example_dags/example_latest_only.py
[2023-03-15T16:47:13.170+0000] {logging_mixin.py:120} INFO - [2023-03-15T16:47:13.170+0000] {dag.py:2585} INFO - Sync 1 DAGs
[2023-03-15T16:47:13.197+0000] {logging_mixin.py:120} INFO - [2023-03-15T16:47:13.197+0000] {dag.py:3340} INFO - Setting next_dagrun for latest_only to 2023-03-15T12:47:13.197690+00:00, run_after=2023-03-15T16:47:13.197690+00:00
[2023-03-15T16:47:13.221+0000] {processor.py:176} INFO - Processing /home/airflow/.local/lib/python3.7/site-packages/airflow/example_dags/example_latest_only.py took 0.126 seconds
[2023-03-15T16:47:44.231+0000] {processor.py:154} INFO - Started process (PID=3083) to work on /home/airflow/.local/lib/python3.7/site-packages/airflow/example_dags/example_latest_only.py
[2023-03-15T16:47:44.233+0000] {processor.py:756} INFO - Processing file /home/airflow/.local/lib/python3.7/site-packages/airflow/example_dags/example_latest_only.py for tasks to queue
[2023-03-15T16:47:44.233+0000] {logging_mixin.py:120} INFO - [2023-03-15T16:47:44.233+0000] {dagbag.py:537} INFO - Filling up the DagBag from /home/airflow/.local/lib/python3.7/site-packages/airflow/example_dags/example_latest_only.py
[2023-03-15T16:47:44.243+0000] {processor.py:766} INFO - DAG(s) dict_keys(['latest_only']) retrieved from /home/airflow/.local/lib/python3.7/site-packages/airflow/example_dags/example_latest_only.py
[2023-03-15T16:47:44.271+0000] {logging_mixin.py:120} INFO - [2023-03-15T16:47:44.271+0000] {dag.py:2585} INFO - Sync 1 DAGs
[2023-03-15T16:47:44.287+0000] {logging_mixin.py:120} INFO - [2023-03-15T16:47:44.287+0000] {dag.py:3340} INFO - Setting next_dagrun for latest_only to 2023-03-15T12:47:44.286913+00:00, run_after=2023-03-15T16:47:44.286913+00:00
[2023-03-15T16:47:44.299+0000] {processor.py:176} INFO - Processing /home/airflow/.local/lib/python3.7/site-packages/airflow/example_dags/example_latest_only.py took 0.071 seconds
[2023-03-15T16:59:19.986+0000] {processor.py:154} INFO - Started process (PID=3148) to work on /home/airflow/.local/lib/python3.7/site-packages/airflow/example_dags/example_latest_only.py
[2023-03-15T16:59:19.988+0000] {processor.py:756} INFO - Processing file /home/airflow/.local/lib/python3.7/site-packages/airflow/example_dags/example_latest_only.py for tasks to queue
[2023-03-15T16:59:19.989+0000] {logging_mixin.py:120} INFO - [2023-03-15T16:59:19.989+0000] {dagbag.py:537} INFO - Filling up the DagBag from /home/airflow/.local/lib/python3.7/site-packages/airflow/example_dags/example_latest_only.py
[2023-03-15T16:59:20.006+0000] {processor.py:766} INFO - DAG(s) dict_keys(['latest_only']) retrieved from /home/airflow/.local/lib/python3.7/site-packages/airflow/example_dags/example_latest_only.py
[2023-03-15T16:59:20.053+0000] {logging_mixin.py:120} INFO - [2023-03-15T16:59:20.053+0000] {dag.py:2585} INFO - Sync 1 DAGs
[2023-03-15T16:59:20.093+0000] {logging_mixin.py:120} INFO - [2023-03-15T16:59:20.093+0000] {dag.py:3340} INFO - Setting next_dagrun for latest_only to 2023-03-15T12:59:20.092885+00:00, run_after=2023-03-15T16:59:20.092885+00:00
[2023-03-15T16:59:20.112+0000] {processor.py:176} INFO - Processing /home/airflow/.local/lib/python3.7/site-packages/airflow/example_dags/example_latest_only.py took 0.130 seconds
[2023-03-15T16:59:50.571+0000] {processor.py:154} INFO - Started process (PID=3213) to work on /home/airflow/.local/lib/python3.7/site-packages/airflow/example_dags/example_latest_only.py
[2023-03-15T16:59:50.572+0000] {processor.py:756} INFO - Processing file /home/airflow/.local/lib/python3.7/site-packages/airflow/example_dags/example_latest_only.py for tasks to queue
[2023-03-15T16:59:50.573+0000] {logging_mixin.py:120} INFO - [2023-03-15T16:59:50.573+0000] {dagbag.py:537} INFO - Filling up the DagBag from /home/airflow/.local/lib/python3.7/site-packages/airflow/example_dags/example_latest_only.py
[2023-03-15T16:59:50.585+0000] {processor.py:766} INFO - DAG(s) dict_keys(['latest_only']) retrieved from /home/airflow/.local/lib/python3.7/site-packages/airflow/example_dags/example_latest_only.py
[2023-03-15T16:59:50.613+0000] {logging_mixin.py:120} INFO - [2023-03-15T16:59:50.613+0000] {dag.py:2585} INFO - Sync 1 DAGs
[2023-03-15T16:59:50.629+0000] {logging_mixin.py:120} INFO - [2023-03-15T16:59:50.628+0000] {dag.py:3340} INFO - Setting next_dagrun for latest_only to 2023-03-15T12:59:50.628798+00:00, run_after=2023-03-15T16:59:50.628798+00:00
[2023-03-15T16:59:50.640+0000] {processor.py:176} INFO - Processing /home/airflow/.local/lib/python3.7/site-packages/airflow/example_dags/example_latest_only.py took 0.071 seconds
[2023-03-15T17:00:21.177+0000] {processor.py:154} INFO - Started process (PID=3275) to work on /home/airflow/.local/lib/python3.7/site-packages/airflow/example_dags/example_latest_only.py
[2023-03-15T17:00:21.179+0000] {processor.py:756} INFO - Processing file /home/airflow/.local/lib/python3.7/site-packages/airflow/example_dags/example_latest_only.py for tasks to queue
[2023-03-15T17:00:21.180+0000] {logging_mixin.py:120} INFO - [2023-03-15T17:00:21.179+0000] {dagbag.py:537} INFO - Filling up the DagBag from /home/airflow/.local/lib/python3.7/site-packages/airflow/example_dags/example_latest_only.py
[2023-03-15T17:00:21.191+0000] {processor.py:766} INFO - DAG(s) dict_keys(['latest_only']) retrieved from /home/airflow/.local/lib/python3.7/site-packages/airflow/example_dags/example_latest_only.py
[2023-03-15T17:00:21.219+0000] {logging_mixin.py:120} INFO - [2023-03-15T17:00:21.219+0000] {dag.py:2585} INFO - Sync 1 DAGs
[2023-03-15T17:00:21.234+0000] {logging_mixin.py:120} INFO - [2023-03-15T17:00:21.234+0000] {dag.py:3340} INFO - Setting next_dagrun for latest_only to 2023-03-15T13:00:21.234300+00:00, run_after=2023-03-15T17:00:21.234300+00:00
[2023-03-15T17:00:21.247+0000] {processor.py:176} INFO - Processing /home/airflow/.local/lib/python3.7/site-packages/airflow/example_dags/example_latest_only.py took 0.072 seconds
[2023-03-15T17:00:51.912+0000] {processor.py:154} INFO - Started process (PID=3333) to work on /home/airflow/.local/lib/python3.7/site-packages/airflow/example_dags/example_latest_only.py
[2023-03-15T17:00:51.913+0000] {processor.py:756} INFO - Processing file /home/airflow/.local/lib/python3.7/site-packages/airflow/example_dags/example_latest_only.py for tasks to queue
[2023-03-15T17:00:51.914+0000] {logging_mixin.py:120} INFO - [2023-03-15T17:00:51.914+0000] {dagbag.py:537} INFO - Filling up the DagBag from /home/airflow/.local/lib/python3.7/site-packages/airflow/example_dags/example_latest_only.py
[2023-03-15T17:00:51.925+0000] {processor.py:766} INFO - DAG(s) dict_keys(['latest_only']) retrieved from /home/airflow/.local/lib/python3.7/site-packages/airflow/example_dags/example_latest_only.py
[2023-03-15T17:00:51.953+0000] {logging_mixin.py:120} INFO - [2023-03-15T17:00:51.953+0000] {dag.py:2585} INFO - Sync 1 DAGs
[2023-03-15T17:00:51.968+0000] {logging_mixin.py:120} INFO - [2023-03-15T17:00:51.968+0000] {dag.py:3340} INFO - Setting next_dagrun for latest_only to 2023-03-15T13:00:51.968322+00:00, run_after=2023-03-15T17:00:51.968322+00:00
[2023-03-15T17:00:51.980+0000] {processor.py:176} INFO - Processing /home/airflow/.local/lib/python3.7/site-packages/airflow/example_dags/example_latest_only.py took 0.071 seconds
[2023-03-15T17:01:22.279+0000] {processor.py:154} INFO - Started process (PID=3398) to work on /home/airflow/.local/lib/python3.7/site-packages/airflow/example_dags/example_latest_only.py
[2023-03-15T17:01:22.280+0000] {processor.py:756} INFO - Processing file /home/airflow/.local/lib/python3.7/site-packages/airflow/example_dags/example_latest_only.py for tasks to queue
[2023-03-15T17:01:22.281+0000] {logging_mixin.py:120} INFO - [2023-03-15T17:01:22.281+0000] {dagbag.py:537} INFO - Filling up the DagBag from /home/airflow/.local/lib/python3.7/site-packages/airflow/example_dags/example_latest_only.py
[2023-03-15T17:01:22.291+0000] {processor.py:766} INFO - DAG(s) dict_keys(['latest_only']) retrieved from /home/airflow/.local/lib/python3.7/site-packages/airflow/example_dags/example_latest_only.py
[2023-03-15T17:01:22.318+0000] {logging_mixin.py:120} INFO - [2023-03-15T17:01:22.318+0000] {dag.py:2585} INFO - Sync 1 DAGs
[2023-03-15T17:01:22.333+0000] {logging_mixin.py:120} INFO - [2023-03-15T17:01:22.333+0000] {dag.py:3340} INFO - Setting next_dagrun for latest_only to 2023-03-15T13:01:22.333537+00:00, run_after=2023-03-15T17:01:22.333537+00:00
[2023-03-15T17:01:22.344+0000] {processor.py:176} INFO - Processing /home/airflow/.local/lib/python3.7/site-packages/airflow/example_dags/example_latest_only.py took 0.068 seconds
[2023-03-15T17:01:52.689+0000] {processor.py:154} INFO - Started process (PID=3463) to work on /home/airflow/.local/lib/python3.7/site-packages/airflow/example_dags/example_latest_only.py
[2023-03-15T17:01:52.690+0000] {processor.py:756} INFO - Processing file /home/airflow/.local/lib/python3.7/site-packages/airflow/example_dags/example_latest_only.py for tasks to queue
[2023-03-15T17:01:52.691+0000] {logging_mixin.py:120} INFO - [2023-03-15T17:01:52.691+0000] {dagbag.py:537} INFO - Filling up the DagBag from /home/airflow/.local/lib/python3.7/site-packages/airflow/example_dags/example_latest_only.py
[2023-03-15T17:01:52.702+0000] {processor.py:766} INFO - DAG(s) dict_keys(['latest_only']) retrieved from /home/airflow/.local/lib/python3.7/site-packages/airflow/example_dags/example_latest_only.py
[2023-03-15T17:01:52.729+0000] {logging_mixin.py:120} INFO - [2023-03-15T17:01:52.729+0000] {dag.py:2585} INFO - Sync 1 DAGs
[2023-03-15T17:01:52.747+0000] {logging_mixin.py:120} INFO - [2023-03-15T17:01:52.747+0000] {dag.py:3340} INFO - Setting next_dagrun for latest_only to 2023-03-15T13:01:52.747221+00:00, run_after=2023-03-15T17:01:52.747221+00:00
[2023-03-15T17:01:52.758+0000] {processor.py:176} INFO - Processing /home/airflow/.local/lib/python3.7/site-packages/airflow/example_dags/example_latest_only.py took 0.072 seconds
[2023-03-15T17:02:23.092+0000] {processor.py:154} INFO - Started process (PID=3528) to work on /home/airflow/.local/lib/python3.7/site-packages/airflow/example_dags/example_latest_only.py
[2023-03-15T17:02:23.093+0000] {processor.py:756} INFO - Processing file /home/airflow/.local/lib/python3.7/site-packages/airflow/example_dags/example_latest_only.py for tasks to queue
[2023-03-15T17:02:23.094+0000] {logging_mixin.py:120} INFO - [2023-03-15T17:02:23.094+0000] {dagbag.py:537} INFO - Filling up the DagBag from /home/airflow/.local/lib/python3.7/site-packages/airflow/example_dags/example_latest_only.py
[2023-03-15T17:02:23.104+0000] {processor.py:766} INFO - DAG(s) dict_keys(['latest_only']) retrieved from /home/airflow/.local/lib/python3.7/site-packages/airflow/example_dags/example_latest_only.py
[2023-03-15T17:02:23.132+0000] {logging_mixin.py:120} INFO - [2023-03-15T17:02:23.132+0000] {dag.py:2585} INFO - Sync 1 DAGs
[2023-03-15T17:02:23.147+0000] {logging_mixin.py:120} INFO - [2023-03-15T17:02:23.147+0000] {dag.py:3340} INFO - Setting next_dagrun for latest_only to 2023-03-15T13:02:23.146804+00:00, run_after=2023-03-15T17:02:23.146804+00:00
[2023-03-15T17:02:23.158+0000] {processor.py:176} INFO - Processing /home/airflow/.local/lib/python3.7/site-packages/airflow/example_dags/example_latest_only.py took 0.069 seconds
[2023-03-15T17:02:53.494+0000] {processor.py:154} INFO - Started process (PID=3593) to work on /home/airflow/.local/lib/python3.7/site-packages/airflow/example_dags/example_latest_only.py
[2023-03-15T17:02:53.495+0000] {processor.py:756} INFO - Processing file /home/airflow/.local/lib/python3.7/site-packages/airflow/example_dags/example_latest_only.py for tasks to queue
[2023-03-15T17:02:53.496+0000] {logging_mixin.py:120} INFO - [2023-03-15T17:02:53.496+0000] {dagbag.py:537} INFO - Filling up the DagBag from /home/airflow/.local/lib/python3.7/site-packages/airflow/example_dags/example_latest_only.py
[2023-03-15T17:02:53.506+0000] {processor.py:766} INFO - DAG(s) dict_keys(['latest_only']) retrieved from /home/airflow/.local/lib/python3.7/site-packages/airflow/example_dags/example_latest_only.py
[2023-03-15T17:02:53.534+0000] {logging_mixin.py:120} INFO - [2023-03-15T17:02:53.534+0000] {dag.py:2585} INFO - Sync 1 DAGs
[2023-03-15T17:02:53.549+0000] {logging_mixin.py:120} INFO - [2023-03-15T17:02:53.549+0000] {dag.py:3340} INFO - Setting next_dagrun for latest_only to 2023-03-15T13:02:53.549333+00:00, run_after=2023-03-15T17:02:53.549333+00:00
[2023-03-15T17:02:53.561+0000] {processor.py:176} INFO - Processing /home/airflow/.local/lib/python3.7/site-packages/airflow/example_dags/example_latest_only.py took 0.069 seconds
[2023-03-15T17:03:24.083+0000] {processor.py:154} INFO - Started process (PID=3658) to work on /home/airflow/.local/lib/python3.7/site-packages/airflow/example_dags/example_latest_only.py
[2023-03-15T17:03:24.084+0000] {processor.py:756} INFO - Processing file /home/airflow/.local/lib/python3.7/site-packages/airflow/example_dags/example_latest_only.py for tasks to queue
[2023-03-15T17:03:24.085+0000] {logging_mixin.py:120} INFO - [2023-03-15T17:03:24.085+0000] {dagbag.py:537} INFO - Filling up the DagBag from /home/airflow/.local/lib/python3.7/site-packages/airflow/example_dags/example_latest_only.py
[2023-03-15T17:03:24.096+0000] {processor.py:766} INFO - DAG(s) dict_keys(['latest_only']) retrieved from /home/airflow/.local/lib/python3.7/site-packages/airflow/example_dags/example_latest_only.py
[2023-03-15T17:03:24.125+0000] {logging_mixin.py:120} INFO - [2023-03-15T17:03:24.125+0000] {dag.py:2585} INFO - Sync 1 DAGs
[2023-03-15T17:03:24.140+0000] {logging_mixin.py:120} INFO - [2023-03-15T17:03:24.139+0000] {dag.py:3340} INFO - Setting next_dagrun for latest_only to 2023-03-15T13:03:24.139784+00:00, run_after=2023-03-15T17:03:24.139784+00:00
[2023-03-15T17:03:24.152+0000] {processor.py:176} INFO - Processing /home/airflow/.local/lib/python3.7/site-packages/airflow/example_dags/example_latest_only.py took 0.071 seconds
[2023-03-15T17:03:54.578+0000] {processor.py:154} INFO - Started process (PID=3714) to work on /home/airflow/.local/lib/python3.7/site-packages/airflow/example_dags/example_latest_only.py
[2023-03-15T17:03:54.579+0000] {processor.py:756} INFO - Processing file /home/airflow/.local/lib/python3.7/site-packages/airflow/example_dags/example_latest_only.py for tasks to queue
[2023-03-15T17:03:54.580+0000] {logging_mixin.py:120} INFO - [2023-03-15T17:03:54.579+0000] {dagbag.py:537} INFO - Filling up the DagBag from /home/airflow/.local/lib/python3.7/site-packages/airflow/example_dags/example_latest_only.py
[2023-03-15T17:03:54.589+0000] {processor.py:766} INFO - DAG(s) dict_keys(['latest_only']) retrieved from /home/airflow/.local/lib/python3.7/site-packages/airflow/example_dags/example_latest_only.py
[2023-03-15T17:03:54.618+0000] {logging_mixin.py:120} INFO - [2023-03-15T17:03:54.618+0000] {dag.py:2585} INFO - Sync 1 DAGs
[2023-03-15T17:03:54.633+0000] {logging_mixin.py:120} INFO - [2023-03-15T17:03:54.633+0000] {dag.py:3340} INFO - Setting next_dagrun for latest_only to 2023-03-15T13:03:54.633351+00:00, run_after=2023-03-15T17:03:54.633351+00:00
[2023-03-15T17:03:54.645+0000] {processor.py:176} INFO - Processing /home/airflow/.local/lib/python3.7/site-packages/airflow/example_dags/example_latest_only.py took 0.070 seconds
[2023-03-15T17:04:25.060+0000] {processor.py:154} INFO - Started process (PID=3778) to work on /home/airflow/.local/lib/python3.7/site-packages/airflow/example_dags/example_latest_only.py
[2023-03-15T17:04:25.061+0000] {processor.py:756} INFO - Processing file /home/airflow/.local/lib/python3.7/site-packages/airflow/example_dags/example_latest_only.py for tasks to queue
[2023-03-15T17:04:25.061+0000] {logging_mixin.py:120} INFO - [2023-03-15T17:04:25.061+0000] {dagbag.py:537} INFO - Filling up the DagBag from /home/airflow/.local/lib/python3.7/site-packages/airflow/example_dags/example_latest_only.py
[2023-03-15T17:04:25.071+0000] {processor.py:766} INFO - DAG(s) dict_keys(['latest_only']) retrieved from /home/airflow/.local/lib/python3.7/site-packages/airflow/example_dags/example_latest_only.py
[2023-03-15T17:04:25.100+0000] {logging_mixin.py:120} INFO - [2023-03-15T17:04:25.100+0000] {dag.py:2585} INFO - Sync 1 DAGs
[2023-03-15T17:04:25.115+0000] {logging_mixin.py:120} INFO - [2023-03-15T17:04:25.115+0000] {dag.py:3340} INFO - Setting next_dagrun for latest_only to 2023-03-15T13:04:25.115002+00:00, run_after=2023-03-15T17:04:25.115002+00:00
[2023-03-15T17:04:25.127+0000] {processor.py:176} INFO - Processing /home/airflow/.local/lib/python3.7/site-packages/airflow/example_dags/example_latest_only.py took 0.070 seconds
