[2023-03-15T16:01:39.729+0000] {processor.py:154} INFO - Started process (PID=49) to work on /home/airflow/.local/lib/python3.7/site-packages/airflow/example_dags/example_latest_only_with_trigger.py
[2023-03-15T16:01:39.738+0000] {processor.py:756} INFO - Processing file /home/airflow/.local/lib/python3.7/site-packages/airflow/example_dags/example_latest_only_with_trigger.py for tasks to queue
[2023-03-15T16:01:39.739+0000] {logging_mixin.py:120} INFO - [2023-03-15T16:01:39.739+0000] {dagbag.py:537} INFO - Filling up the DagBag from /home/airflow/.local/lib/python3.7/site-packages/airflow/example_dags/example_latest_only_with_trigger.py
[2023-03-15T16:01:39.781+0000] {processor.py:766} INFO - DAG(s) dict_keys(['latest_only_with_trigger']) retrieved from /home/airflow/.local/lib/python3.7/site-packages/airflow/example_dags/example_latest_only_with_trigger.py
[2023-03-15T16:01:39.948+0000] {logging_mixin.py:120} INFO - [2023-03-15T16:01:39.948+0000] {manager.py:507} INFO - Created Permission View: can read on DAG:latest_only_with_trigger
[2023-03-15T16:01:39.967+0000] {logging_mixin.py:120} INFO - [2023-03-15T16:01:39.967+0000] {manager.py:507} INFO - Created Permission View: can delete on DAG:latest_only_with_trigger
[2023-03-15T16:01:39.974+0000] {logging_mixin.py:120} INFO - [2023-03-15T16:01:39.974+0000] {manager.py:507} INFO - Created Permission View: can edit on DAG:latest_only_with_trigger
[2023-03-15T16:01:39.975+0000] {logging_mixin.py:120} INFO - [2023-03-15T16:01:39.975+0000] {dag.py:2585} INFO - Sync 1 DAGs
[2023-03-15T16:01:39.983+0000] {logging_mixin.py:120} INFO - [2023-03-15T16:01:39.983+0000] {dag.py:2606} INFO - Creating ORM DAG for latest_only_with_trigger
[2023-03-15T16:01:39.994+0000] {logging_mixin.py:120} INFO - [2023-03-15T16:01:39.994+0000] {dag.py:3340} INFO - Setting next_dagrun for latest_only_with_trigger to 2023-03-15T12:01:39.994092+00:00, run_after=2023-03-15T16:01:39.994092+00:00
[2023-03-15T16:01:40.015+0000] {processor.py:176} INFO - Processing /home/airflow/.local/lib/python3.7/site-packages/airflow/example_dags/example_latest_only_with_trigger.py took 0.291 seconds
[2023-03-15T16:02:10.913+0000] {processor.py:154} INFO - Started process (PID=111) to work on /home/airflow/.local/lib/python3.7/site-packages/airflow/example_dags/example_latest_only_with_trigger.py
[2023-03-15T16:02:10.915+0000] {processor.py:756} INFO - Processing file /home/airflow/.local/lib/python3.7/site-packages/airflow/example_dags/example_latest_only_with_trigger.py for tasks to queue
[2023-03-15T16:02:10.917+0000] {logging_mixin.py:120} INFO - [2023-03-15T16:02:10.916+0000] {dagbag.py:537} INFO - Filling up the DagBag from /home/airflow/.local/lib/python3.7/site-packages/airflow/example_dags/example_latest_only_with_trigger.py
[2023-03-15T16:02:10.930+0000] {processor.py:766} INFO - DAG(s) dict_keys(['latest_only_with_trigger']) retrieved from /home/airflow/.local/lib/python3.7/site-packages/airflow/example_dags/example_latest_only_with_trigger.py
[2023-03-15T16:02:10.961+0000] {logging_mixin.py:120} INFO - [2023-03-15T16:02:10.961+0000] {dag.py:2585} INFO - Sync 1 DAGs
[2023-03-15T16:02:10.977+0000] {logging_mixin.py:120} INFO - [2023-03-15T16:02:10.977+0000] {dag.py:3340} INFO - Setting next_dagrun for latest_only_with_trigger to 2023-03-15T12:02:10.977240+00:00, run_after=2023-03-15T16:02:10.977240+00:00
[2023-03-15T16:02:10.990+0000] {processor.py:176} INFO - Processing /home/airflow/.local/lib/python3.7/site-packages/airflow/example_dags/example_latest_only_with_trigger.py took 0.079 seconds
[2023-03-15T16:02:41.290+0000] {processor.py:154} INFO - Started process (PID=173) to work on /home/airflow/.local/lib/python3.7/site-packages/airflow/example_dags/example_latest_only_with_trigger.py
[2023-03-15T16:02:41.291+0000] {processor.py:756} INFO - Processing file /home/airflow/.local/lib/python3.7/site-packages/airflow/example_dags/example_latest_only_with_trigger.py for tasks to queue
[2023-03-15T16:02:41.292+0000] {logging_mixin.py:120} INFO - [2023-03-15T16:02:41.291+0000] {dagbag.py:537} INFO - Filling up the DagBag from /home/airflow/.local/lib/python3.7/site-packages/airflow/example_dags/example_latest_only_with_trigger.py
[2023-03-15T16:02:41.305+0000] {processor.py:766} INFO - DAG(s) dict_keys(['latest_only_with_trigger']) retrieved from /home/airflow/.local/lib/python3.7/site-packages/airflow/example_dags/example_latest_only_with_trigger.py
[2023-03-15T16:02:41.338+0000] {logging_mixin.py:120} INFO - [2023-03-15T16:02:41.338+0000] {dag.py:2585} INFO - Sync 1 DAGs
[2023-03-15T16:02:41.355+0000] {logging_mixin.py:120} INFO - [2023-03-15T16:02:41.355+0000] {dag.py:3340} INFO - Setting next_dagrun for latest_only_with_trigger to 2023-03-15T12:02:41.355441+00:00, run_after=2023-03-15T16:02:41.355441+00:00
[2023-03-15T16:02:41.367+0000] {processor.py:176} INFO - Processing /home/airflow/.local/lib/python3.7/site-packages/airflow/example_dags/example_latest_only_with_trigger.py took 0.080 seconds
[2023-03-15T16:03:11.762+0000] {processor.py:154} INFO - Started process (PID=237) to work on /home/airflow/.local/lib/python3.7/site-packages/airflow/example_dags/example_latest_only_with_trigger.py
[2023-03-15T16:03:11.764+0000] {processor.py:756} INFO - Processing file /home/airflow/.local/lib/python3.7/site-packages/airflow/example_dags/example_latest_only_with_trigger.py for tasks to queue
[2023-03-15T16:03:11.765+0000] {logging_mixin.py:120} INFO - [2023-03-15T16:03:11.765+0000] {dagbag.py:537} INFO - Filling up the DagBag from /home/airflow/.local/lib/python3.7/site-packages/airflow/example_dags/example_latest_only_with_trigger.py
[2023-03-15T16:03:11.778+0000] {processor.py:766} INFO - DAG(s) dict_keys(['latest_only_with_trigger']) retrieved from /home/airflow/.local/lib/python3.7/site-packages/airflow/example_dags/example_latest_only_with_trigger.py
[2023-03-15T16:03:11.814+0000] {logging_mixin.py:120} INFO - [2023-03-15T16:03:11.814+0000] {dag.py:2585} INFO - Sync 1 DAGs
[2023-03-15T16:03:11.830+0000] {logging_mixin.py:120} INFO - [2023-03-15T16:03:11.830+0000] {dag.py:3340} INFO - Setting next_dagrun for latest_only_with_trigger to 2023-03-15T12:03:11.830640+00:00, run_after=2023-03-15T16:03:11.830640+00:00
[2023-03-15T16:03:11.844+0000] {processor.py:176} INFO - Processing /home/airflow/.local/lib/python3.7/site-packages/airflow/example_dags/example_latest_only_with_trigger.py took 0.085 seconds
[2023-03-15T16:03:42.092+0000] {processor.py:154} INFO - Started process (PID=292) to work on /home/airflow/.local/lib/python3.7/site-packages/airflow/example_dags/example_latest_only_with_trigger.py
[2023-03-15T16:03:42.094+0000] {processor.py:756} INFO - Processing file /home/airflow/.local/lib/python3.7/site-packages/airflow/example_dags/example_latest_only_with_trigger.py for tasks to queue
[2023-03-15T16:03:42.096+0000] {logging_mixin.py:120} INFO - [2023-03-15T16:03:42.095+0000] {dagbag.py:537} INFO - Filling up the DagBag from /home/airflow/.local/lib/python3.7/site-packages/airflow/example_dags/example_latest_only_with_trigger.py
[2023-03-15T16:03:42.110+0000] {processor.py:766} INFO - DAG(s) dict_keys(['latest_only_with_trigger']) retrieved from /home/airflow/.local/lib/python3.7/site-packages/airflow/example_dags/example_latest_only_with_trigger.py
[2023-03-15T16:03:42.141+0000] {logging_mixin.py:120} INFO - [2023-03-15T16:03:42.141+0000] {dag.py:2585} INFO - Sync 1 DAGs
[2023-03-15T16:03:42.157+0000] {logging_mixin.py:120} INFO - [2023-03-15T16:03:42.157+0000] {dag.py:3340} INFO - Setting next_dagrun for latest_only_with_trigger to 2023-03-15T12:03:42.157642+00:00, run_after=2023-03-15T16:03:42.157642+00:00
[2023-03-15T16:03:42.172+0000] {processor.py:176} INFO - Processing /home/airflow/.local/lib/python3.7/site-packages/airflow/example_dags/example_latest_only_with_trigger.py took 0.083 seconds
[2023-03-15T16:04:12.291+0000] {processor.py:154} INFO - Started process (PID=355) to work on /home/airflow/.local/lib/python3.7/site-packages/airflow/example_dags/example_latest_only_with_trigger.py
[2023-03-15T16:04:12.292+0000] {processor.py:756} INFO - Processing file /home/airflow/.local/lib/python3.7/site-packages/airflow/example_dags/example_latest_only_with_trigger.py for tasks to queue
[2023-03-15T16:04:12.294+0000] {logging_mixin.py:120} INFO - [2023-03-15T16:04:12.294+0000] {dagbag.py:537} INFO - Filling up the DagBag from /home/airflow/.local/lib/python3.7/site-packages/airflow/example_dags/example_latest_only_with_trigger.py
[2023-03-15T16:04:12.306+0000] {processor.py:766} INFO - DAG(s) dict_keys(['latest_only_with_trigger']) retrieved from /home/airflow/.local/lib/python3.7/site-packages/airflow/example_dags/example_latest_only_with_trigger.py
[2023-03-15T16:04:12.342+0000] {logging_mixin.py:120} INFO - [2023-03-15T16:04:12.342+0000] {dag.py:2585} INFO - Sync 1 DAGs
[2023-03-15T16:04:12.363+0000] {logging_mixin.py:120} INFO - [2023-03-15T16:04:12.363+0000] {dag.py:3340} INFO - Setting next_dagrun for latest_only_with_trigger to 2023-03-15T12:04:12.363480+00:00, run_after=2023-03-15T16:04:12.363480+00:00
[2023-03-15T16:04:12.378+0000] {processor.py:176} INFO - Processing /home/airflow/.local/lib/python3.7/site-packages/airflow/example_dags/example_latest_only_with_trigger.py took 0.089 seconds
[2023-03-15T16:04:42.720+0000] {processor.py:154} INFO - Started process (PID=420) to work on /home/airflow/.local/lib/python3.7/site-packages/airflow/example_dags/example_latest_only_with_trigger.py
[2023-03-15T16:04:42.721+0000] {processor.py:756} INFO - Processing file /home/airflow/.local/lib/python3.7/site-packages/airflow/example_dags/example_latest_only_with_trigger.py for tasks to queue
[2023-03-15T16:04:42.725+0000] {logging_mixin.py:120} INFO - [2023-03-15T16:04:42.725+0000] {dagbag.py:537} INFO - Filling up the DagBag from /home/airflow/.local/lib/python3.7/site-packages/airflow/example_dags/example_latest_only_with_trigger.py
[2023-03-15T16:04:42.742+0000] {processor.py:766} INFO - DAG(s) dict_keys(['latest_only_with_trigger']) retrieved from /home/airflow/.local/lib/python3.7/site-packages/airflow/example_dags/example_latest_only_with_trigger.py
[2023-03-15T16:04:42.778+0000] {logging_mixin.py:120} INFO - [2023-03-15T16:04:42.778+0000] {dag.py:2585} INFO - Sync 1 DAGs
[2023-03-15T16:04:42.797+0000] {logging_mixin.py:120} INFO - [2023-03-15T16:04:42.797+0000] {dag.py:3340} INFO - Setting next_dagrun for latest_only_with_trigger to 2023-03-15T12:04:42.797286+00:00, run_after=2023-03-15T16:04:42.797286+00:00
[2023-03-15T16:04:42.813+0000] {processor.py:176} INFO - Processing /home/airflow/.local/lib/python3.7/site-packages/airflow/example_dags/example_latest_only_with_trigger.py took 0.098 seconds
[2023-03-15T16:05:12.955+0000] {processor.py:154} INFO - Started process (PID=484) to work on /home/airflow/.local/lib/python3.7/site-packages/airflow/example_dags/example_latest_only_with_trigger.py
[2023-03-15T16:05:12.956+0000] {processor.py:756} INFO - Processing file /home/airflow/.local/lib/python3.7/site-packages/airflow/example_dags/example_latest_only_with_trigger.py for tasks to queue
[2023-03-15T16:05:12.957+0000] {logging_mixin.py:120} INFO - [2023-03-15T16:05:12.957+0000] {dagbag.py:537} INFO - Filling up the DagBag from /home/airflow/.local/lib/python3.7/site-packages/airflow/example_dags/example_latest_only_with_trigger.py
[2023-03-15T16:05:12.970+0000] {processor.py:766} INFO - DAG(s) dict_keys(['latest_only_with_trigger']) retrieved from /home/airflow/.local/lib/python3.7/site-packages/airflow/example_dags/example_latest_only_with_trigger.py
[2023-03-15T16:05:13.009+0000] {logging_mixin.py:120} INFO - [2023-03-15T16:05:13.009+0000] {dag.py:2585} INFO - Sync 1 DAGs
[2023-03-15T16:05:13.027+0000] {logging_mixin.py:120} INFO - [2023-03-15T16:05:13.027+0000] {dag.py:3340} INFO - Setting next_dagrun for latest_only_with_trigger to 2023-03-15T12:05:13.027516+00:00, run_after=2023-03-15T16:05:13.027516+00:00
[2023-03-15T16:05:13.040+0000] {processor.py:176} INFO - Processing /home/airflow/.local/lib/python3.7/site-packages/airflow/example_dags/example_latest_only_with_trigger.py took 0.089 seconds
[2023-03-15T16:05:43.466+0000] {processor.py:154} INFO - Started process (PID=546) to work on /home/airflow/.local/lib/python3.7/site-packages/airflow/example_dags/example_latest_only_with_trigger.py
[2023-03-15T16:05:43.468+0000] {processor.py:756} INFO - Processing file /home/airflow/.local/lib/python3.7/site-packages/airflow/example_dags/example_latest_only_with_trigger.py for tasks to queue
[2023-03-15T16:05:43.470+0000] {logging_mixin.py:120} INFO - [2023-03-15T16:05:43.469+0000] {dagbag.py:537} INFO - Filling up the DagBag from /home/airflow/.local/lib/python3.7/site-packages/airflow/example_dags/example_latest_only_with_trigger.py
[2023-03-15T16:05:43.483+0000] {processor.py:766} INFO - DAG(s) dict_keys(['latest_only_with_trigger']) retrieved from /home/airflow/.local/lib/python3.7/site-packages/airflow/example_dags/example_latest_only_with_trigger.py
[2023-03-15T16:05:43.506+0000] {logging_mixin.py:120} INFO - [2023-03-15T16:05:43.506+0000] {dag.py:2585} INFO - Sync 1 DAGs
[2023-03-15T16:05:43.523+0000] {logging_mixin.py:120} INFO - [2023-03-15T16:05:43.522+0000] {dag.py:3340} INFO - Setting next_dagrun for latest_only_with_trigger to 2023-03-15T12:05:43.522781+00:00, run_after=2023-03-15T16:05:43.522781+00:00
[2023-03-15T16:05:43.534+0000] {processor.py:176} INFO - Processing /home/airflow/.local/lib/python3.7/site-packages/airflow/example_dags/example_latest_only_with_trigger.py took 0.071 seconds
[2023-03-15T16:06:13.884+0000] {processor.py:154} INFO - Started process (PID=600) to work on /home/airflow/.local/lib/python3.7/site-packages/airflow/example_dags/example_latest_only_with_trigger.py
[2023-03-15T16:06:13.886+0000] {processor.py:756} INFO - Processing file /home/airflow/.local/lib/python3.7/site-packages/airflow/example_dags/example_latest_only_with_trigger.py for tasks to queue
[2023-03-15T16:06:13.887+0000] {logging_mixin.py:120} INFO - [2023-03-15T16:06:13.887+0000] {dagbag.py:537} INFO - Filling up the DagBag from /home/airflow/.local/lib/python3.7/site-packages/airflow/example_dags/example_latest_only_with_trigger.py
[2023-03-15T16:06:13.897+0000] {processor.py:766} INFO - DAG(s) dict_keys(['latest_only_with_trigger']) retrieved from /home/airflow/.local/lib/python3.7/site-packages/airflow/example_dags/example_latest_only_with_trigger.py
[2023-03-15T16:06:13.928+0000] {logging_mixin.py:120} INFO - [2023-03-15T16:06:13.928+0000] {dag.py:2585} INFO - Sync 1 DAGs
[2023-03-15T16:06:13.943+0000] {logging_mixin.py:120} INFO - [2023-03-15T16:06:13.943+0000] {dag.py:3340} INFO - Setting next_dagrun for latest_only_with_trigger to 2023-03-15T12:06:13.943172+00:00, run_after=2023-03-15T16:06:13.943172+00:00
[2023-03-15T16:06:13.957+0000] {processor.py:176} INFO - Processing /home/airflow/.local/lib/python3.7/site-packages/airflow/example_dags/example_latest_only_with_trigger.py took 0.077 seconds
[2023-03-15T16:06:44.001+0000] {processor.py:154} INFO - Started process (PID=664) to work on /home/airflow/.local/lib/python3.7/site-packages/airflow/example_dags/example_latest_only_with_trigger.py
[2023-03-15T16:06:44.004+0000] {processor.py:756} INFO - Processing file /home/airflow/.local/lib/python3.7/site-packages/airflow/example_dags/example_latest_only_with_trigger.py for tasks to queue
[2023-03-15T16:06:44.005+0000] {logging_mixin.py:120} INFO - [2023-03-15T16:06:44.005+0000] {dagbag.py:537} INFO - Filling up the DagBag from /home/airflow/.local/lib/python3.7/site-packages/airflow/example_dags/example_latest_only_with_trigger.py
[2023-03-15T16:06:44.016+0000] {processor.py:766} INFO - DAG(s) dict_keys(['latest_only_with_trigger']) retrieved from /home/airflow/.local/lib/python3.7/site-packages/airflow/example_dags/example_latest_only_with_trigger.py
[2023-03-15T16:06:44.047+0000] {logging_mixin.py:120} INFO - [2023-03-15T16:06:44.047+0000] {dag.py:2585} INFO - Sync 1 DAGs
[2023-03-15T16:06:44.063+0000] {logging_mixin.py:120} INFO - [2023-03-15T16:06:44.063+0000] {dag.py:3340} INFO - Setting next_dagrun for latest_only_with_trigger to 2023-03-15T12:06:44.062872+00:00, run_after=2023-03-15T16:06:44.062872+00:00
[2023-03-15T16:06:44.076+0000] {processor.py:176} INFO - Processing /home/airflow/.local/lib/python3.7/site-packages/airflow/example_dags/example_latest_only_with_trigger.py took 0.078 seconds
[2023-03-15T16:07:14.505+0000] {processor.py:154} INFO - Started process (PID=731) to work on /home/airflow/.local/lib/python3.7/site-packages/airflow/example_dags/example_latest_only_with_trigger.py
[2023-03-15T16:07:14.506+0000] {processor.py:756} INFO - Processing file /home/airflow/.local/lib/python3.7/site-packages/airflow/example_dags/example_latest_only_with_trigger.py for tasks to queue
[2023-03-15T16:07:14.507+0000] {logging_mixin.py:120} INFO - [2023-03-15T16:07:14.507+0000] {dagbag.py:537} INFO - Filling up the DagBag from /home/airflow/.local/lib/python3.7/site-packages/airflow/example_dags/example_latest_only_with_trigger.py
[2023-03-15T16:07:14.521+0000] {processor.py:766} INFO - DAG(s) dict_keys(['latest_only_with_trigger']) retrieved from /home/airflow/.local/lib/python3.7/site-packages/airflow/example_dags/example_latest_only_with_trigger.py
[2023-03-15T16:07:14.552+0000] {logging_mixin.py:120} INFO - [2023-03-15T16:07:14.552+0000] {dag.py:2585} INFO - Sync 1 DAGs
[2023-03-15T16:07:14.568+0000] {logging_mixin.py:120} INFO - [2023-03-15T16:07:14.568+0000] {dag.py:3340} INFO - Setting next_dagrun for latest_only_with_trigger to 2023-03-15T12:07:14.568412+00:00, run_after=2023-03-15T16:07:14.568412+00:00
[2023-03-15T16:07:14.580+0000] {processor.py:176} INFO - Processing /home/airflow/.local/lib/python3.7/site-packages/airflow/example_dags/example_latest_only_with_trigger.py took 0.078 seconds
[2023-03-15T16:07:45.142+0000] {processor.py:154} INFO - Started process (PID=796) to work on /home/airflow/.local/lib/python3.7/site-packages/airflow/example_dags/example_latest_only_with_trigger.py
[2023-03-15T16:07:45.144+0000] {processor.py:756} INFO - Processing file /home/airflow/.local/lib/python3.7/site-packages/airflow/example_dags/example_latest_only_with_trigger.py for tasks to queue
[2023-03-15T16:07:45.145+0000] {logging_mixin.py:120} INFO - [2023-03-15T16:07:45.145+0000] {dagbag.py:537} INFO - Filling up the DagBag from /home/airflow/.local/lib/python3.7/site-packages/airflow/example_dags/example_latest_only_with_trigger.py
[2023-03-15T16:07:45.158+0000] {processor.py:766} INFO - DAG(s) dict_keys(['latest_only_with_trigger']) retrieved from /home/airflow/.local/lib/python3.7/site-packages/airflow/example_dags/example_latest_only_with_trigger.py
[2023-03-15T16:07:45.192+0000] {logging_mixin.py:120} INFO - [2023-03-15T16:07:45.192+0000] {dag.py:2585} INFO - Sync 1 DAGs
[2023-03-15T16:07:45.213+0000] {logging_mixin.py:120} INFO - [2023-03-15T16:07:45.213+0000] {dag.py:3340} INFO - Setting next_dagrun for latest_only_with_trigger to 2023-03-15T12:07:45.212832+00:00, run_after=2023-03-15T16:07:45.212832+00:00
[2023-03-15T16:07:45.232+0000] {processor.py:176} INFO - Processing /home/airflow/.local/lib/python3.7/site-packages/airflow/example_dags/example_latest_only_with_trigger.py took 0.093 seconds
[2023-03-15T16:08:15.725+0000] {processor.py:154} INFO - Started process (PID=860) to work on /home/airflow/.local/lib/python3.7/site-packages/airflow/example_dags/example_latest_only_with_trigger.py
[2023-03-15T16:08:15.726+0000] {processor.py:756} INFO - Processing file /home/airflow/.local/lib/python3.7/site-packages/airflow/example_dags/example_latest_only_with_trigger.py for tasks to queue
[2023-03-15T16:08:15.727+0000] {logging_mixin.py:120} INFO - [2023-03-15T16:08:15.727+0000] {dagbag.py:537} INFO - Filling up the DagBag from /home/airflow/.local/lib/python3.7/site-packages/airflow/example_dags/example_latest_only_with_trigger.py
[2023-03-15T16:08:15.738+0000] {processor.py:766} INFO - DAG(s) dict_keys(['latest_only_with_trigger']) retrieved from /home/airflow/.local/lib/python3.7/site-packages/airflow/example_dags/example_latest_only_with_trigger.py
[2023-03-15T16:08:15.774+0000] {logging_mixin.py:120} INFO - [2023-03-15T16:08:15.774+0000] {dag.py:2585} INFO - Sync 1 DAGs
[2023-03-15T16:08:15.794+0000] {logging_mixin.py:120} INFO - [2023-03-15T16:08:15.794+0000] {dag.py:3340} INFO - Setting next_dagrun for latest_only_with_trigger to 2023-03-15T12:08:15.794084+00:00, run_after=2023-03-15T16:08:15.794084+00:00
[2023-03-15T16:08:15.812+0000] {processor.py:176} INFO - Processing /home/airflow/.local/lib/python3.7/site-packages/airflow/example_dags/example_latest_only_with_trigger.py took 0.090 seconds
[2023-03-15T16:08:46.624+0000] {processor.py:154} INFO - Started process (PID=984) to work on /home/airflow/.local/lib/python3.7/site-packages/airflow/example_dags/example_latest_only_with_trigger.py
[2023-03-15T16:08:46.628+0000] {processor.py:756} INFO - Processing file /home/airflow/.local/lib/python3.7/site-packages/airflow/example_dags/example_latest_only_with_trigger.py for tasks to queue
[2023-03-15T16:08:46.630+0000] {logging_mixin.py:120} INFO - [2023-03-15T16:08:46.630+0000] {dagbag.py:537} INFO - Filling up the DagBag from /home/airflow/.local/lib/python3.7/site-packages/airflow/example_dags/example_latest_only_with_trigger.py
[2023-03-15T16:08:46.662+0000] {processor.py:766} INFO - DAG(s) dict_keys(['latest_only_with_trigger']) retrieved from /home/airflow/.local/lib/python3.7/site-packages/airflow/example_dags/example_latest_only_with_trigger.py
[2023-03-15T16:08:46.724+0000] {logging_mixin.py:120} INFO - [2023-03-15T16:08:46.724+0000] {dag.py:2585} INFO - Sync 1 DAGs
[2023-03-15T16:08:46.763+0000] {logging_mixin.py:120} INFO - [2023-03-15T16:08:46.763+0000] {dag.py:3340} INFO - Setting next_dagrun for latest_only_with_trigger to 2023-03-15T12:08:46.763302+00:00, run_after=2023-03-15T16:08:46.763302+00:00
[2023-03-15T16:08:46.788+0000] {processor.py:176} INFO - Processing /home/airflow/.local/lib/python3.7/site-packages/airflow/example_dags/example_latest_only_with_trigger.py took 0.168 seconds
[2023-03-15T16:09:16.854+0000] {processor.py:154} INFO - Started process (PID=1189) to work on /home/airflow/.local/lib/python3.7/site-packages/airflow/example_dags/example_latest_only_with_trigger.py
[2023-03-15T16:09:16.855+0000] {processor.py:756} INFO - Processing file /home/airflow/.local/lib/python3.7/site-packages/airflow/example_dags/example_latest_only_with_trigger.py for tasks to queue
[2023-03-15T16:09:16.856+0000] {logging_mixin.py:120} INFO - [2023-03-15T16:09:16.856+0000] {dagbag.py:537} INFO - Filling up the DagBag from /home/airflow/.local/lib/python3.7/site-packages/airflow/example_dags/example_latest_only_with_trigger.py
[2023-03-15T16:09:16.872+0000] {processor.py:766} INFO - DAG(s) dict_keys(['latest_only_with_trigger']) retrieved from /home/airflow/.local/lib/python3.7/site-packages/airflow/example_dags/example_latest_only_with_trigger.py
[2023-03-15T16:09:16.919+0000] {logging_mixin.py:120} INFO - [2023-03-15T16:09:16.919+0000] {dag.py:2585} INFO - Sync 1 DAGs
[2023-03-15T16:09:16.942+0000] {logging_mixin.py:120} INFO - [2023-03-15T16:09:16.942+0000] {dag.py:3340} INFO - Setting next_dagrun for latest_only_with_trigger to 2023-03-15T12:09:16.941947+00:00, run_after=2023-03-15T16:09:16.941947+00:00
[2023-03-15T16:09:16.963+0000] {processor.py:176} INFO - Processing /home/airflow/.local/lib/python3.7/site-packages/airflow/example_dags/example_latest_only_with_trigger.py took 0.113 seconds
[2023-03-15T16:09:47.075+0000] {processor.py:154} INFO - Started process (PID=1391) to work on /home/airflow/.local/lib/python3.7/site-packages/airflow/example_dags/example_latest_only_with_trigger.py
[2023-03-15T16:09:47.076+0000] {processor.py:756} INFO - Processing file /home/airflow/.local/lib/python3.7/site-packages/airflow/example_dags/example_latest_only_with_trigger.py for tasks to queue
[2023-03-15T16:09:47.077+0000] {logging_mixin.py:120} INFO - [2023-03-15T16:09:47.077+0000] {dagbag.py:537} INFO - Filling up the DagBag from /home/airflow/.local/lib/python3.7/site-packages/airflow/example_dags/example_latest_only_with_trigger.py
[2023-03-15T16:09:47.101+0000] {processor.py:766} INFO - DAG(s) dict_keys(['latest_only_with_trigger']) retrieved from /home/airflow/.local/lib/python3.7/site-packages/airflow/example_dags/example_latest_only_with_trigger.py
[2023-03-15T16:09:47.142+0000] {logging_mixin.py:120} INFO - [2023-03-15T16:09:47.142+0000] {dag.py:2585} INFO - Sync 1 DAGs
[2023-03-15T16:09:47.169+0000] {logging_mixin.py:120} INFO - [2023-03-15T16:09:47.169+0000] {dag.py:3340} INFO - Setting next_dagrun for latest_only_with_trigger to 2023-03-15T12:09:47.169051+00:00, run_after=2023-03-15T16:09:47.169051+00:00
[2023-03-15T16:09:47.187+0000] {processor.py:176} INFO - Processing /home/airflow/.local/lib/python3.7/site-packages/airflow/example_dags/example_latest_only_with_trigger.py took 0.119 seconds
[2023-03-15T16:10:17.224+0000] {processor.py:154} INFO - Started process (PID=1607) to work on /home/airflow/.local/lib/python3.7/site-packages/airflow/example_dags/example_latest_only_with_trigger.py
[2023-03-15T16:10:17.225+0000] {processor.py:756} INFO - Processing file /home/airflow/.local/lib/python3.7/site-packages/airflow/example_dags/example_latest_only_with_trigger.py for tasks to queue
[2023-03-15T16:10:17.227+0000] {logging_mixin.py:120} INFO - [2023-03-15T16:10:17.227+0000] {dagbag.py:537} INFO - Filling up the DagBag from /home/airflow/.local/lib/python3.7/site-packages/airflow/example_dags/example_latest_only_with_trigger.py
[2023-03-15T16:10:17.243+0000] {processor.py:766} INFO - DAG(s) dict_keys(['latest_only_with_trigger']) retrieved from /home/airflow/.local/lib/python3.7/site-packages/airflow/example_dags/example_latest_only_with_trigger.py
[2023-03-15T16:10:17.313+0000] {logging_mixin.py:120} INFO - [2023-03-15T16:10:17.313+0000] {dag.py:2585} INFO - Sync 1 DAGs
[2023-03-15T16:10:17.335+0000] {logging_mixin.py:120} INFO - [2023-03-15T16:10:17.335+0000] {dag.py:3340} INFO - Setting next_dagrun for latest_only_with_trigger to 2023-03-15T12:10:17.335571+00:00, run_after=2023-03-15T16:10:17.335571+00:00
[2023-03-15T16:10:17.357+0000] {processor.py:176} INFO - Processing /home/airflow/.local/lib/python3.7/site-packages/airflow/example_dags/example_latest_only_with_trigger.py took 0.137 seconds
[2023-03-15T16:10:47.513+0000] {processor.py:154} INFO - Started process (PID=1834) to work on /home/airflow/.local/lib/python3.7/site-packages/airflow/example_dags/example_latest_only_with_trigger.py
[2023-03-15T16:10:47.514+0000] {processor.py:756} INFO - Processing file /home/airflow/.local/lib/python3.7/site-packages/airflow/example_dags/example_latest_only_with_trigger.py for tasks to queue
[2023-03-15T16:10:47.515+0000] {logging_mixin.py:120} INFO - [2023-03-15T16:10:47.515+0000] {dagbag.py:537} INFO - Filling up the DagBag from /home/airflow/.local/lib/python3.7/site-packages/airflow/example_dags/example_latest_only_with_trigger.py
[2023-03-15T16:10:47.527+0000] {processor.py:766} INFO - DAG(s) dict_keys(['latest_only_with_trigger']) retrieved from /home/airflow/.local/lib/python3.7/site-packages/airflow/example_dags/example_latest_only_with_trigger.py
[2023-03-15T16:10:47.564+0000] {logging_mixin.py:120} INFO - [2023-03-15T16:10:47.564+0000] {dag.py:2585} INFO - Sync 1 DAGs
[2023-03-15T16:10:47.584+0000] {logging_mixin.py:120} INFO - [2023-03-15T16:10:47.584+0000] {dag.py:3340} INFO - Setting next_dagrun for latest_only_with_trigger to 2023-03-15T12:10:47.584654+00:00, run_after=2023-03-15T16:10:47.584654+00:00
[2023-03-15T16:10:47.598+0000] {processor.py:176} INFO - Processing /home/airflow/.local/lib/python3.7/site-packages/airflow/example_dags/example_latest_only_with_trigger.py took 0.089 seconds
[2023-03-15T16:11:18.557+0000] {processor.py:154} INFO - Started process (PID=2052) to work on /home/airflow/.local/lib/python3.7/site-packages/airflow/example_dags/example_latest_only_with_trigger.py
[2023-03-15T16:11:18.559+0000] {processor.py:756} INFO - Processing file /home/airflow/.local/lib/python3.7/site-packages/airflow/example_dags/example_latest_only_with_trigger.py for tasks to queue
[2023-03-15T16:11:18.560+0000] {logging_mixin.py:120} INFO - [2023-03-15T16:11:18.559+0000] {dagbag.py:537} INFO - Filling up the DagBag from /home/airflow/.local/lib/python3.7/site-packages/airflow/example_dags/example_latest_only_with_trigger.py
[2023-03-15T16:11:18.585+0000] {processor.py:766} INFO - DAG(s) dict_keys(['latest_only_with_trigger']) retrieved from /home/airflow/.local/lib/python3.7/site-packages/airflow/example_dags/example_latest_only_with_trigger.py
[2023-03-15T16:11:18.692+0000] {logging_mixin.py:120} INFO - [2023-03-15T16:11:18.692+0000] {dag.py:2585} INFO - Sync 1 DAGs
[2023-03-15T16:11:18.735+0000] {logging_mixin.py:120} INFO - [2023-03-15T16:11:18.735+0000] {dag.py:3340} INFO - Setting next_dagrun for latest_only_with_trigger to 2023-03-15T12:11:18.735418+00:00, run_after=2023-03-15T16:11:18.735418+00:00
[2023-03-15T16:11:18.776+0000] {processor.py:176} INFO - Processing /home/airflow/.local/lib/python3.7/site-packages/airflow/example_dags/example_latest_only_with_trigger.py took 0.226 seconds
[2023-03-15T16:11:49.582+0000] {processor.py:154} INFO - Started process (PID=2277) to work on /home/airflow/.local/lib/python3.7/site-packages/airflow/example_dags/example_latest_only_with_trigger.py
[2023-03-15T16:11:49.584+0000] {processor.py:756} INFO - Processing file /home/airflow/.local/lib/python3.7/site-packages/airflow/example_dags/example_latest_only_with_trigger.py for tasks to queue
[2023-03-15T16:11:49.586+0000] {logging_mixin.py:120} INFO - [2023-03-15T16:11:49.585+0000] {dagbag.py:537} INFO - Filling up the DagBag from /home/airflow/.local/lib/python3.7/site-packages/airflow/example_dags/example_latest_only_with_trigger.py
[2023-03-15T16:11:49.618+0000] {processor.py:766} INFO - DAG(s) dict_keys(['latest_only_with_trigger']) retrieved from /home/airflow/.local/lib/python3.7/site-packages/airflow/example_dags/example_latest_only_with_trigger.py
[2023-03-15T16:11:49.713+0000] {logging_mixin.py:120} INFO - [2023-03-15T16:11:49.713+0000] {dag.py:2585} INFO - Sync 1 DAGs
[2023-03-15T16:11:49.749+0000] {logging_mixin.py:120} INFO - [2023-03-15T16:11:49.749+0000] {dag.py:3340} INFO - Setting next_dagrun for latest_only_with_trigger to 2023-03-15T12:11:49.749500+00:00, run_after=2023-03-15T16:11:49.749500+00:00
[2023-03-15T16:11:49.777+0000] {processor.py:176} INFO - Processing /home/airflow/.local/lib/python3.7/site-packages/airflow/example_dags/example_latest_only_with_trigger.py took 0.197 seconds
[2023-03-15T16:12:20.335+0000] {processor.py:154} INFO - Started process (PID=2471) to work on /home/airflow/.local/lib/python3.7/site-packages/airflow/example_dags/example_latest_only_with_trigger.py
[2023-03-15T16:12:20.339+0000] {processor.py:756} INFO - Processing file /home/airflow/.local/lib/python3.7/site-packages/airflow/example_dags/example_latest_only_with_trigger.py for tasks to queue
[2023-03-15T16:12:20.340+0000] {logging_mixin.py:120} INFO - [2023-03-15T16:12:20.340+0000] {dagbag.py:537} INFO - Filling up the DagBag from /home/airflow/.local/lib/python3.7/site-packages/airflow/example_dags/example_latest_only_with_trigger.py
[2023-03-15T16:12:20.353+0000] {processor.py:766} INFO - DAG(s) dict_keys(['latest_only_with_trigger']) retrieved from /home/airflow/.local/lib/python3.7/site-packages/airflow/example_dags/example_latest_only_with_trigger.py
[2023-03-15T16:12:20.391+0000] {logging_mixin.py:120} INFO - [2023-03-15T16:12:20.391+0000] {dag.py:2585} INFO - Sync 1 DAGs
[2023-03-15T16:12:20.409+0000] {logging_mixin.py:120} INFO - [2023-03-15T16:12:20.409+0000] {dag.py:3340} INFO - Setting next_dagrun for latest_only_with_trigger to 2023-03-15T12:12:20.408814+00:00, run_after=2023-03-15T16:12:20.408814+00:00
[2023-03-15T16:12:20.423+0000] {processor.py:176} INFO - Processing /home/airflow/.local/lib/python3.7/site-packages/airflow/example_dags/example_latest_only_with_trigger.py took 0.092 seconds
[2023-03-15T16:12:51.457+0000] {processor.py:154} INFO - Started process (PID=2694) to work on /home/airflow/.local/lib/python3.7/site-packages/airflow/example_dags/example_latest_only_with_trigger.py
[2023-03-15T16:12:51.461+0000] {processor.py:756} INFO - Processing file /home/airflow/.local/lib/python3.7/site-packages/airflow/example_dags/example_latest_only_with_trigger.py for tasks to queue
[2023-03-15T16:12:51.462+0000] {logging_mixin.py:120} INFO - [2023-03-15T16:12:51.462+0000] {dagbag.py:537} INFO - Filling up the DagBag from /home/airflow/.local/lib/python3.7/site-packages/airflow/example_dags/example_latest_only_with_trigger.py
[2023-03-15T16:12:51.505+0000] {processor.py:766} INFO - DAG(s) dict_keys(['latest_only_with_trigger']) retrieved from /home/airflow/.local/lib/python3.7/site-packages/airflow/example_dags/example_latest_only_with_trigger.py
[2023-03-15T16:12:51.576+0000] {logging_mixin.py:120} INFO - [2023-03-15T16:12:51.576+0000] {dag.py:2585} INFO - Sync 1 DAGs
[2023-03-15T16:12:51.602+0000] {logging_mixin.py:120} INFO - [2023-03-15T16:12:51.602+0000] {dag.py:3340} INFO - Setting next_dagrun for latest_only_with_trigger to 2023-03-15T12:12:51.602363+00:00, run_after=2023-03-15T16:12:51.602363+00:00
[2023-03-15T16:12:51.638+0000] {processor.py:176} INFO - Processing /home/airflow/.local/lib/python3.7/site-packages/airflow/example_dags/example_latest_only_with_trigger.py took 0.184 seconds
[2023-03-15T16:13:21.769+0000] {processor.py:154} INFO - Started process (PID=2863) to work on /home/airflow/.local/lib/python3.7/site-packages/airflow/example_dags/example_latest_only_with_trigger.py
[2023-03-15T16:13:21.773+0000] {processor.py:756} INFO - Processing file /home/airflow/.local/lib/python3.7/site-packages/airflow/example_dags/example_latest_only_with_trigger.py for tasks to queue
[2023-03-15T16:13:21.775+0000] {logging_mixin.py:120} INFO - [2023-03-15T16:13:21.775+0000] {dagbag.py:537} INFO - Filling up the DagBag from /home/airflow/.local/lib/python3.7/site-packages/airflow/example_dags/example_latest_only_with_trigger.py
[2023-03-15T16:13:21.796+0000] {processor.py:766} INFO - DAG(s) dict_keys(['latest_only_with_trigger']) retrieved from /home/airflow/.local/lib/python3.7/site-packages/airflow/example_dags/example_latest_only_with_trigger.py
[2023-03-15T16:13:21.831+0000] {logging_mixin.py:120} INFO - [2023-03-15T16:13:21.831+0000] {dag.py:2585} INFO - Sync 1 DAGs
[2023-03-15T16:13:21.847+0000] {logging_mixin.py:120} INFO - [2023-03-15T16:13:21.847+0000] {dag.py:3340} INFO - Setting next_dagrun for latest_only_with_trigger to 2023-03-15T12:13:21.847084+00:00, run_after=2023-03-15T16:13:21.847084+00:00
[2023-03-15T16:13:21.859+0000] {processor.py:176} INFO - Processing /home/airflow/.local/lib/python3.7/site-packages/airflow/example_dags/example_latest_only_with_trigger.py took 0.096 seconds
[2023-03-15T16:29:47.937+0000] {processor.py:154} INFO - Started process (PID=2905) to work on /home/airflow/.local/lib/python3.7/site-packages/airflow/example_dags/example_latest_only_with_trigger.py
[2023-03-15T16:29:47.938+0000] {processor.py:756} INFO - Processing file /home/airflow/.local/lib/python3.7/site-packages/airflow/example_dags/example_latest_only_with_trigger.py for tasks to queue
[2023-03-15T16:29:47.939+0000] {logging_mixin.py:120} INFO - [2023-03-15T16:29:47.939+0000] {dagbag.py:537} INFO - Filling up the DagBag from /home/airflow/.local/lib/python3.7/site-packages/airflow/example_dags/example_latest_only_with_trigger.py
[2023-03-15T16:29:47.952+0000] {processor.py:766} INFO - DAG(s) dict_keys(['latest_only_with_trigger']) retrieved from /home/airflow/.local/lib/python3.7/site-packages/airflow/example_dags/example_latest_only_with_trigger.py
[2023-03-15T16:29:48.006+0000] {logging_mixin.py:120} INFO - [2023-03-15T16:29:48.006+0000] {dag.py:2585} INFO - Sync 1 DAGs
[2023-03-15T16:29:48.029+0000] {logging_mixin.py:120} INFO - [2023-03-15T16:29:48.029+0000] {dag.py:3340} INFO - Setting next_dagrun for latest_only_with_trigger to 2023-03-15T12:29:48.029083+00:00, run_after=2023-03-15T16:29:48.029083+00:00
[2023-03-15T16:29:48.052+0000] {processor.py:176} INFO - Processing /home/airflow/.local/lib/python3.7/site-packages/airflow/example_dags/example_latest_only_with_trigger.py took 0.118 seconds
[2023-03-15T16:30:18.811+0000] {processor.py:154} INFO - Started process (PID=2970) to work on /home/airflow/.local/lib/python3.7/site-packages/airflow/example_dags/example_latest_only_with_trigger.py
[2023-03-15T16:30:18.814+0000] {processor.py:756} INFO - Processing file /home/airflow/.local/lib/python3.7/site-packages/airflow/example_dags/example_latest_only_with_trigger.py for tasks to queue
[2023-03-15T16:30:18.815+0000] {logging_mixin.py:120} INFO - [2023-03-15T16:30:18.815+0000] {dagbag.py:537} INFO - Filling up the DagBag from /home/airflow/.local/lib/python3.7/site-packages/airflow/example_dags/example_latest_only_with_trigger.py
[2023-03-15T16:30:18.825+0000] {processor.py:766} INFO - DAG(s) dict_keys(['latest_only_with_trigger']) retrieved from /home/airflow/.local/lib/python3.7/site-packages/airflow/example_dags/example_latest_only_with_trigger.py
[2023-03-15T16:30:18.853+0000] {logging_mixin.py:120} INFO - [2023-03-15T16:30:18.852+0000] {dag.py:2585} INFO - Sync 1 DAGs
[2023-03-15T16:30:18.868+0000] {logging_mixin.py:120} INFO - [2023-03-15T16:30:18.868+0000] {dag.py:3340} INFO - Setting next_dagrun for latest_only_with_trigger to 2023-03-15T12:30:18.868084+00:00, run_after=2023-03-15T16:30:18.868084+00:00
[2023-03-15T16:30:18.881+0000] {processor.py:176} INFO - Processing /home/airflow/.local/lib/python3.7/site-packages/airflow/example_dags/example_latest_only_with_trigger.py took 0.072 seconds
[2023-03-15T16:47:13.717+0000] {processor.py:154} INFO - Started process (PID=3026) to work on /home/airflow/.local/lib/python3.7/site-packages/airflow/example_dags/example_latest_only_with_trigger.py
[2023-03-15T16:47:13.718+0000] {processor.py:756} INFO - Processing file /home/airflow/.local/lib/python3.7/site-packages/airflow/example_dags/example_latest_only_with_trigger.py for tasks to queue
[2023-03-15T16:47:13.722+0000] {logging_mixin.py:120} INFO - [2023-03-15T16:47:13.722+0000] {dagbag.py:537} INFO - Filling up the DagBag from /home/airflow/.local/lib/python3.7/site-packages/airflow/example_dags/example_latest_only_with_trigger.py
[2023-03-15T16:47:13.737+0000] {processor.py:766} INFO - DAG(s) dict_keys(['latest_only_with_trigger']) retrieved from /home/airflow/.local/lib/python3.7/site-packages/airflow/example_dags/example_latest_only_with_trigger.py
[2023-03-15T16:47:13.782+0000] {logging_mixin.py:120} INFO - [2023-03-15T16:47:13.782+0000] {dag.py:2585} INFO - Sync 1 DAGs
[2023-03-15T16:47:13.804+0000] {logging_mixin.py:120} INFO - [2023-03-15T16:47:13.804+0000] {dag.py:3340} INFO - Setting next_dagrun for latest_only_with_trigger to 2023-03-15T12:47:13.804101+00:00, run_after=2023-03-15T16:47:13.804101+00:00
[2023-03-15T16:47:13.834+0000] {processor.py:176} INFO - Processing /home/airflow/.local/lib/python3.7/site-packages/airflow/example_dags/example_latest_only_with_trigger.py took 0.120 seconds
[2023-03-15T16:47:44.619+0000] {processor.py:154} INFO - Started process (PID=3091) to work on /home/airflow/.local/lib/python3.7/site-packages/airflow/example_dags/example_latest_only_with_trigger.py
[2023-03-15T16:47:44.620+0000] {processor.py:756} INFO - Processing file /home/airflow/.local/lib/python3.7/site-packages/airflow/example_dags/example_latest_only_with_trigger.py for tasks to queue
[2023-03-15T16:47:44.621+0000] {logging_mixin.py:120} INFO - [2023-03-15T16:47:44.621+0000] {dagbag.py:537} INFO - Filling up the DagBag from /home/airflow/.local/lib/python3.7/site-packages/airflow/example_dags/example_latest_only_with_trigger.py
[2023-03-15T16:47:44.632+0000] {processor.py:766} INFO - DAG(s) dict_keys(['latest_only_with_trigger']) retrieved from /home/airflow/.local/lib/python3.7/site-packages/airflow/example_dags/example_latest_only_with_trigger.py
[2023-03-15T16:47:44.662+0000] {logging_mixin.py:120} INFO - [2023-03-15T16:47:44.662+0000] {dag.py:2585} INFO - Sync 1 DAGs
[2023-03-15T16:47:44.677+0000] {logging_mixin.py:120} INFO - [2023-03-15T16:47:44.676+0000] {dag.py:3340} INFO - Setting next_dagrun for latest_only_with_trigger to 2023-03-15T12:47:44.676799+00:00, run_after=2023-03-15T16:47:44.676799+00:00
[2023-03-15T16:47:44.688+0000] {processor.py:176} INFO - Processing /home/airflow/.local/lib/python3.7/site-packages/airflow/example_dags/example_latest_only_with_trigger.py took 0.072 seconds
[2023-03-15T16:59:20.723+0000] {processor.py:154} INFO - Started process (PID=3156) to work on /home/airflow/.local/lib/python3.7/site-packages/airflow/example_dags/example_latest_only_with_trigger.py
[2023-03-15T16:59:20.729+0000] {processor.py:756} INFO - Processing file /home/airflow/.local/lib/python3.7/site-packages/airflow/example_dags/example_latest_only_with_trigger.py for tasks to queue
[2023-03-15T16:59:20.730+0000] {logging_mixin.py:120} INFO - [2023-03-15T16:59:20.729+0000] {dagbag.py:537} INFO - Filling up the DagBag from /home/airflow/.local/lib/python3.7/site-packages/airflow/example_dags/example_latest_only_with_trigger.py
[2023-03-15T16:59:20.757+0000] {processor.py:766} INFO - DAG(s) dict_keys(['latest_only_with_trigger']) retrieved from /home/airflow/.local/lib/python3.7/site-packages/airflow/example_dags/example_latest_only_with_trigger.py
[2023-03-15T16:59:20.808+0000] {logging_mixin.py:120} INFO - [2023-03-15T16:59:20.808+0000] {dag.py:2585} INFO - Sync 1 DAGs
[2023-03-15T16:59:20.841+0000] {logging_mixin.py:120} INFO - [2023-03-15T16:59:20.837+0000] {dag.py:3340} INFO - Setting next_dagrun for latest_only_with_trigger to 2023-03-15T12:59:20.836719+00:00, run_after=2023-03-15T16:59:20.836719+00:00
[2023-03-15T16:59:20.871+0000] {processor.py:176} INFO - Processing /home/airflow/.local/lib/python3.7/site-packages/airflow/example_dags/example_latest_only_with_trigger.py took 0.151 seconds
[2023-03-15T16:59:50.973+0000] {processor.py:154} INFO - Started process (PID=3221) to work on /home/airflow/.local/lib/python3.7/site-packages/airflow/example_dags/example_latest_only_with_trigger.py
[2023-03-15T16:59:50.974+0000] {processor.py:756} INFO - Processing file /home/airflow/.local/lib/python3.7/site-packages/airflow/example_dags/example_latest_only_with_trigger.py for tasks to queue
[2023-03-15T16:59:50.975+0000] {logging_mixin.py:120} INFO - [2023-03-15T16:59:50.975+0000] {dagbag.py:537} INFO - Filling up the DagBag from /home/airflow/.local/lib/python3.7/site-packages/airflow/example_dags/example_latest_only_with_trigger.py
[2023-03-15T16:59:50.986+0000] {processor.py:766} INFO - DAG(s) dict_keys(['latest_only_with_trigger']) retrieved from /home/airflow/.local/lib/python3.7/site-packages/airflow/example_dags/example_latest_only_with_trigger.py
[2023-03-15T16:59:51.017+0000] {logging_mixin.py:120} INFO - [2023-03-15T16:59:51.016+0000] {dag.py:2585} INFO - Sync 1 DAGs
[2023-03-15T16:59:51.032+0000] {logging_mixin.py:120} INFO - [2023-03-15T16:59:51.032+0000] {dag.py:3340} INFO - Setting next_dagrun for latest_only_with_trigger to 2023-03-15T12:59:51.031919+00:00, run_after=2023-03-15T16:59:51.031919+00:00
[2023-03-15T16:59:51.042+0000] {processor.py:176} INFO - Processing /home/airflow/.local/lib/python3.7/site-packages/airflow/example_dags/example_latest_only_with_trigger.py took 0.072 seconds
[2023-03-15T17:00:21.824+0000] {processor.py:154} INFO - Started process (PID=3285) to work on /home/airflow/.local/lib/python3.7/site-packages/airflow/example_dags/example_latest_only_with_trigger.py
[2023-03-15T17:00:21.825+0000] {processor.py:756} INFO - Processing file /home/airflow/.local/lib/python3.7/site-packages/airflow/example_dags/example_latest_only_with_trigger.py for tasks to queue
[2023-03-15T17:00:21.826+0000] {logging_mixin.py:120} INFO - [2023-03-15T17:00:21.826+0000] {dagbag.py:537} INFO - Filling up the DagBag from /home/airflow/.local/lib/python3.7/site-packages/airflow/example_dags/example_latest_only_with_trigger.py
[2023-03-15T17:00:21.837+0000] {processor.py:766} INFO - DAG(s) dict_keys(['latest_only_with_trigger']) retrieved from /home/airflow/.local/lib/python3.7/site-packages/airflow/example_dags/example_latest_only_with_trigger.py
[2023-03-15T17:00:21.867+0000] {logging_mixin.py:120} INFO - [2023-03-15T17:00:21.866+0000] {dag.py:2585} INFO - Sync 1 DAGs
[2023-03-15T17:00:21.882+0000] {logging_mixin.py:120} INFO - [2023-03-15T17:00:21.882+0000] {dag.py:3340} INFO - Setting next_dagrun for latest_only_with_trigger to 2023-03-15T13:00:21.882363+00:00, run_after=2023-03-15T17:00:21.882363+00:00
[2023-03-15T17:00:21.894+0000] {processor.py:176} INFO - Processing /home/airflow/.local/lib/python3.7/site-packages/airflow/example_dags/example_latest_only_with_trigger.py took 0.073 seconds
[2023-03-15T17:00:52.308+0000] {processor.py:154} INFO - Started process (PID=3341) to work on /home/airflow/.local/lib/python3.7/site-packages/airflow/example_dags/example_latest_only_with_trigger.py
[2023-03-15T17:00:52.312+0000] {processor.py:756} INFO - Processing file /home/airflow/.local/lib/python3.7/site-packages/airflow/example_dags/example_latest_only_with_trigger.py for tasks to queue
[2023-03-15T17:00:52.313+0000] {logging_mixin.py:120} INFO - [2023-03-15T17:00:52.313+0000] {dagbag.py:537} INFO - Filling up the DagBag from /home/airflow/.local/lib/python3.7/site-packages/airflow/example_dags/example_latest_only_with_trigger.py
[2023-03-15T17:00:52.324+0000] {processor.py:766} INFO - DAG(s) dict_keys(['latest_only_with_trigger']) retrieved from /home/airflow/.local/lib/python3.7/site-packages/airflow/example_dags/example_latest_only_with_trigger.py
[2023-03-15T17:00:52.353+0000] {logging_mixin.py:120} INFO - [2023-03-15T17:00:52.353+0000] {dag.py:2585} INFO - Sync 1 DAGs
[2023-03-15T17:00:52.368+0000] {logging_mixin.py:120} INFO - [2023-03-15T17:00:52.368+0000] {dag.py:3340} INFO - Setting next_dagrun for latest_only_with_trigger to 2023-03-15T13:00:52.368135+00:00, run_after=2023-03-15T17:00:52.368135+00:00
[2023-03-15T17:00:52.379+0000] {processor.py:176} INFO - Processing /home/airflow/.local/lib/python3.7/site-packages/airflow/example_dags/example_latest_only_with_trigger.py took 0.074 seconds
[2023-03-15T17:01:22.701+0000] {processor.py:154} INFO - Started process (PID=3406) to work on /home/airflow/.local/lib/python3.7/site-packages/airflow/example_dags/example_latest_only_with_trigger.py
[2023-03-15T17:01:22.702+0000] {processor.py:756} INFO - Processing file /home/airflow/.local/lib/python3.7/site-packages/airflow/example_dags/example_latest_only_with_trigger.py for tasks to queue
[2023-03-15T17:01:22.703+0000] {logging_mixin.py:120} INFO - [2023-03-15T17:01:22.703+0000] {dagbag.py:537} INFO - Filling up the DagBag from /home/airflow/.local/lib/python3.7/site-packages/airflow/example_dags/example_latest_only_with_trigger.py
[2023-03-15T17:01:22.713+0000] {processor.py:766} INFO - DAG(s) dict_keys(['latest_only_with_trigger']) retrieved from /home/airflow/.local/lib/python3.7/site-packages/airflow/example_dags/example_latest_only_with_trigger.py
[2023-03-15T17:01:22.740+0000] {logging_mixin.py:120} INFO - [2023-03-15T17:01:22.740+0000] {dag.py:2585} INFO - Sync 1 DAGs
[2023-03-15T17:01:22.754+0000] {logging_mixin.py:120} INFO - [2023-03-15T17:01:22.754+0000] {dag.py:3340} INFO - Setting next_dagrun for latest_only_with_trigger to 2023-03-15T13:01:22.754215+00:00, run_after=2023-03-15T17:01:22.754215+00:00
[2023-03-15T17:01:22.765+0000] {processor.py:176} INFO - Processing /home/airflow/.local/lib/python3.7/site-packages/airflow/example_dags/example_latest_only_with_trigger.py took 0.067 seconds
[2023-03-15T17:01:53.187+0000] {processor.py:154} INFO - Started process (PID=3471) to work on /home/airflow/.local/lib/python3.7/site-packages/airflow/example_dags/example_latest_only_with_trigger.py
[2023-03-15T17:01:53.188+0000] {processor.py:756} INFO - Processing file /home/airflow/.local/lib/python3.7/site-packages/airflow/example_dags/example_latest_only_with_trigger.py for tasks to queue
[2023-03-15T17:01:53.189+0000] {logging_mixin.py:120} INFO - [2023-03-15T17:01:53.189+0000] {dagbag.py:537} INFO - Filling up the DagBag from /home/airflow/.local/lib/python3.7/site-packages/airflow/example_dags/example_latest_only_with_trigger.py
[2023-03-15T17:01:53.199+0000] {processor.py:766} INFO - DAG(s) dict_keys(['latest_only_with_trigger']) retrieved from /home/airflow/.local/lib/python3.7/site-packages/airflow/example_dags/example_latest_only_with_trigger.py
[2023-03-15T17:01:53.227+0000] {logging_mixin.py:120} INFO - [2023-03-15T17:01:53.227+0000] {dag.py:2585} INFO - Sync 1 DAGs
[2023-03-15T17:01:53.241+0000] {logging_mixin.py:120} INFO - [2023-03-15T17:01:53.241+0000] {dag.py:3340} INFO - Setting next_dagrun for latest_only_with_trigger to 2023-03-15T13:01:53.241393+00:00, run_after=2023-03-15T17:01:53.241393+00:00
[2023-03-15T17:01:53.253+0000] {processor.py:176} INFO - Processing /home/airflow/.local/lib/python3.7/site-packages/airflow/example_dags/example_latest_only_with_trigger.py took 0.069 seconds
[2023-03-15T17:02:23.520+0000] {processor.py:154} INFO - Started process (PID=3536) to work on /home/airflow/.local/lib/python3.7/site-packages/airflow/example_dags/example_latest_only_with_trigger.py
[2023-03-15T17:02:23.521+0000] {processor.py:756} INFO - Processing file /home/airflow/.local/lib/python3.7/site-packages/airflow/example_dags/example_latest_only_with_trigger.py for tasks to queue
[2023-03-15T17:02:23.522+0000] {logging_mixin.py:120} INFO - [2023-03-15T17:02:23.522+0000] {dagbag.py:537} INFO - Filling up the DagBag from /home/airflow/.local/lib/python3.7/site-packages/airflow/example_dags/example_latest_only_with_trigger.py
[2023-03-15T17:02:23.532+0000] {processor.py:766} INFO - DAG(s) dict_keys(['latest_only_with_trigger']) retrieved from /home/airflow/.local/lib/python3.7/site-packages/airflow/example_dags/example_latest_only_with_trigger.py
[2023-03-15T17:02:23.562+0000] {logging_mixin.py:120} INFO - [2023-03-15T17:02:23.561+0000] {dag.py:2585} INFO - Sync 1 DAGs
[2023-03-15T17:02:23.576+0000] {logging_mixin.py:120} INFO - [2023-03-15T17:02:23.576+0000] {dag.py:3340} INFO - Setting next_dagrun for latest_only_with_trigger to 2023-03-15T13:02:23.576601+00:00, run_after=2023-03-15T17:02:23.576601+00:00
[2023-03-15T17:02:23.587+0000] {processor.py:176} INFO - Processing /home/airflow/.local/lib/python3.7/site-packages/airflow/example_dags/example_latest_only_with_trigger.py took 0.071 seconds
[2023-03-15T17:02:53.993+0000] {processor.py:154} INFO - Started process (PID=3601) to work on /home/airflow/.local/lib/python3.7/site-packages/airflow/example_dags/example_latest_only_with_trigger.py
[2023-03-15T17:02:53.994+0000] {processor.py:756} INFO - Processing file /home/airflow/.local/lib/python3.7/site-packages/airflow/example_dags/example_latest_only_with_trigger.py for tasks to queue
[2023-03-15T17:02:53.995+0000] {logging_mixin.py:120} INFO - [2023-03-15T17:02:53.995+0000] {dagbag.py:537} INFO - Filling up the DagBag from /home/airflow/.local/lib/python3.7/site-packages/airflow/example_dags/example_latest_only_with_trigger.py
[2023-03-15T17:02:54.005+0000] {processor.py:766} INFO - DAG(s) dict_keys(['latest_only_with_trigger']) retrieved from /home/airflow/.local/lib/python3.7/site-packages/airflow/example_dags/example_latest_only_with_trigger.py
[2023-03-15T17:02:54.038+0000] {logging_mixin.py:120} INFO - [2023-03-15T17:02:54.038+0000] {dag.py:2585} INFO - Sync 1 DAGs
[2023-03-15T17:02:54.052+0000] {logging_mixin.py:120} INFO - [2023-03-15T17:02:54.052+0000] {dag.py:3340} INFO - Setting next_dagrun for latest_only_with_trigger to 2023-03-15T13:02:54.052629+00:00, run_after=2023-03-15T17:02:54.052629+00:00
[2023-03-15T17:02:54.065+0000] {processor.py:176} INFO - Processing /home/airflow/.local/lib/python3.7/site-packages/airflow/example_dags/example_latest_only_with_trigger.py took 0.075 seconds
[2023-03-15T17:03:24.578+0000] {processor.py:154} INFO - Started process (PID=3666) to work on /home/airflow/.local/lib/python3.7/site-packages/airflow/example_dags/example_latest_only_with_trigger.py
[2023-03-15T17:03:24.579+0000] {processor.py:756} INFO - Processing file /home/airflow/.local/lib/python3.7/site-packages/airflow/example_dags/example_latest_only_with_trigger.py for tasks to queue
[2023-03-15T17:03:24.580+0000] {logging_mixin.py:120} INFO - [2023-03-15T17:03:24.580+0000] {dagbag.py:537} INFO - Filling up the DagBag from /home/airflow/.local/lib/python3.7/site-packages/airflow/example_dags/example_latest_only_with_trigger.py
[2023-03-15T17:03:24.592+0000] {processor.py:766} INFO - DAG(s) dict_keys(['latest_only_with_trigger']) retrieved from /home/airflow/.local/lib/python3.7/site-packages/airflow/example_dags/example_latest_only_with_trigger.py
[2023-03-15T17:03:24.622+0000] {logging_mixin.py:120} INFO - [2023-03-15T17:03:24.621+0000] {dag.py:2585} INFO - Sync 1 DAGs
[2023-03-15T17:03:24.636+0000] {logging_mixin.py:120} INFO - [2023-03-15T17:03:24.636+0000] {dag.py:3340} INFO - Setting next_dagrun for latest_only_with_trigger to 2023-03-15T13:03:24.636185+00:00, run_after=2023-03-15T17:03:24.636185+00:00
[2023-03-15T17:03:24.648+0000] {processor.py:176} INFO - Processing /home/airflow/.local/lib/python3.7/site-packages/airflow/example_dags/example_latest_only_with_trigger.py took 0.073 seconds
[2023-03-15T17:03:54.999+0000] {processor.py:154} INFO - Started process (PID=3722) to work on /home/airflow/.local/lib/python3.7/site-packages/airflow/example_dags/example_latest_only_with_trigger.py
[2023-03-15T17:03:55.000+0000] {processor.py:756} INFO - Processing file /home/airflow/.local/lib/python3.7/site-packages/airflow/example_dags/example_latest_only_with_trigger.py for tasks to queue
[2023-03-15T17:03:55.001+0000] {logging_mixin.py:120} INFO - [2023-03-15T17:03:55.000+0000] {dagbag.py:537} INFO - Filling up the DagBag from /home/airflow/.local/lib/python3.7/site-packages/airflow/example_dags/example_latest_only_with_trigger.py
[2023-03-15T17:03:55.011+0000] {processor.py:766} INFO - DAG(s) dict_keys(['latest_only_with_trigger']) retrieved from /home/airflow/.local/lib/python3.7/site-packages/airflow/example_dags/example_latest_only_with_trigger.py
[2023-03-15T17:03:55.039+0000] {logging_mixin.py:120} INFO - [2023-03-15T17:03:55.039+0000] {dag.py:2585} INFO - Sync 1 DAGs
[2023-03-15T17:03:55.055+0000] {logging_mixin.py:120} INFO - [2023-03-15T17:03:55.055+0000] {dag.py:3340} INFO - Setting next_dagrun for latest_only_with_trigger to 2023-03-15T13:03:55.055374+00:00, run_after=2023-03-15T17:03:55.055374+00:00
[2023-03-15T17:03:55.067+0000] {processor.py:176} INFO - Processing /home/airflow/.local/lib/python3.7/site-packages/airflow/example_dags/example_latest_only_with_trigger.py took 0.071 seconds
[2023-03-15T17:04:25.492+0000] {processor.py:154} INFO - Started process (PID=3786) to work on /home/airflow/.local/lib/python3.7/site-packages/airflow/example_dags/example_latest_only_with_trigger.py
[2023-03-15T17:04:25.493+0000] {processor.py:756} INFO - Processing file /home/airflow/.local/lib/python3.7/site-packages/airflow/example_dags/example_latest_only_with_trigger.py for tasks to queue
[2023-03-15T17:04:25.494+0000] {logging_mixin.py:120} INFO - [2023-03-15T17:04:25.494+0000] {dagbag.py:537} INFO - Filling up the DagBag from /home/airflow/.local/lib/python3.7/site-packages/airflow/example_dags/example_latest_only_with_trigger.py
[2023-03-15T17:04:25.504+0000] {processor.py:766} INFO - DAG(s) dict_keys(['latest_only_with_trigger']) retrieved from /home/airflow/.local/lib/python3.7/site-packages/airflow/example_dags/example_latest_only_with_trigger.py
[2023-03-15T17:04:25.534+0000] {logging_mixin.py:120} INFO - [2023-03-15T17:04:25.534+0000] {dag.py:2585} INFO - Sync 1 DAGs
[2023-03-15T17:04:25.549+0000] {logging_mixin.py:120} INFO - [2023-03-15T17:04:25.549+0000] {dag.py:3340} INFO - Setting next_dagrun for latest_only_with_trigger to 2023-03-15T13:04:25.549488+00:00, run_after=2023-03-15T17:04:25.549488+00:00
[2023-03-15T17:04:25.560+0000] {processor.py:176} INFO - Processing /home/airflow/.local/lib/python3.7/site-packages/airflow/example_dags/example_latest_only_with_trigger.py took 0.072 seconds
