[2023-03-15T16:01:39.977+0000] {processor.py:154} INFO - Started process (PID=55) to work on /home/airflow/.local/lib/python3.7/site-packages/airflow/example_dags/example_short_circuit_operator.py
[2023-03-15T16:01:39.995+0000] {processor.py:756} INFO - Processing file /home/airflow/.local/lib/python3.7/site-packages/airflow/example_dags/example_short_circuit_operator.py for tasks to queue
[2023-03-15T16:01:39.996+0000] {logging_mixin.py:120} INFO - [2023-03-15T16:01:39.996+0000] {dagbag.py:537} INFO - Filling up the DagBag from /home/airflow/.local/lib/python3.7/site-packages/airflow/example_dags/example_short_circuit_operator.py
[2023-03-15T16:01:40.099+0000] {processor.py:766} INFO - DAG(s) dict_keys(['example_short_circuit_operator']) retrieved from /home/airflow/.local/lib/python3.7/site-packages/airflow/example_dags/example_short_circuit_operator.py
[2023-03-15T16:01:40.387+0000] {logging_mixin.py:120} INFO - [2023-03-15T16:01:40.386+0000] {manager.py:507} INFO - Created Permission View: can read on DAG:example_short_circuit_operator
[2023-03-15T16:01:40.404+0000] {logging_mixin.py:120} INFO - [2023-03-15T16:01:40.403+0000] {manager.py:507} INFO - Created Permission View: can delete on DAG:example_short_circuit_operator
[2023-03-15T16:01:40.414+0000] {logging_mixin.py:120} INFO - [2023-03-15T16:01:40.413+0000] {manager.py:507} INFO - Created Permission View: can edit on DAG:example_short_circuit_operator
[2023-03-15T16:01:40.414+0000] {logging_mixin.py:120} INFO - [2023-03-15T16:01:40.414+0000] {dag.py:2585} INFO - Sync 1 DAGs
[2023-03-15T16:01:40.442+0000] {logging_mixin.py:120} INFO - [2023-03-15T16:01:40.442+0000] {dag.py:2606} INFO - Creating ORM DAG for example_short_circuit_operator
[2023-03-15T16:01:40.477+0000] {logging_mixin.py:120} INFO - [2023-03-15T16:01:40.476+0000] {dag.py:3340} INFO - Setting next_dagrun for example_short_circuit_operator to 2023-03-14T16:01:40.476588+00:00, run_after=2023-03-15T16:01:40.476588+00:00
[2023-03-15T16:01:40.527+0000] {processor.py:176} INFO - Processing /home/airflow/.local/lib/python3.7/site-packages/airflow/example_dags/example_short_circuit_operator.py took 0.553 seconds
[2023-03-15T16:02:11.017+0000] {processor.py:154} INFO - Started process (PID=112) to work on /home/airflow/.local/lib/python3.7/site-packages/airflow/example_dags/example_short_circuit_operator.py
[2023-03-15T16:02:11.018+0000] {processor.py:756} INFO - Processing file /home/airflow/.local/lib/python3.7/site-packages/airflow/example_dags/example_short_circuit_operator.py for tasks to queue
[2023-03-15T16:02:11.019+0000] {logging_mixin.py:120} INFO - [2023-03-15T16:02:11.019+0000] {dagbag.py:537} INFO - Filling up the DagBag from /home/airflow/.local/lib/python3.7/site-packages/airflow/example_dags/example_short_circuit_operator.py
[2023-03-15T16:02:11.034+0000] {processor.py:766} INFO - DAG(s) dict_keys(['example_short_circuit_operator']) retrieved from /home/airflow/.local/lib/python3.7/site-packages/airflow/example_dags/example_short_circuit_operator.py
[2023-03-15T16:02:11.066+0000] {logging_mixin.py:120} INFO - [2023-03-15T16:02:11.065+0000] {dag.py:2585} INFO - Sync 1 DAGs
[2023-03-15T16:02:11.082+0000] {logging_mixin.py:120} INFO - [2023-03-15T16:02:11.081+0000] {dag.py:3340} INFO - Setting next_dagrun for example_short_circuit_operator to 2023-03-14T16:02:11.081751+00:00, run_after=2023-03-15T16:02:11.081751+00:00
[2023-03-15T16:02:11.094+0000] {processor.py:176} INFO - Processing /home/airflow/.local/lib/python3.7/site-packages/airflow/example_dags/example_short_circuit_operator.py took 0.080 seconds
[2023-03-15T16:02:41.393+0000] {processor.py:154} INFO - Started process (PID=174) to work on /home/airflow/.local/lib/python3.7/site-packages/airflow/example_dags/example_short_circuit_operator.py
[2023-03-15T16:02:41.394+0000] {processor.py:756} INFO - Processing file /home/airflow/.local/lib/python3.7/site-packages/airflow/example_dags/example_short_circuit_operator.py for tasks to queue
[2023-03-15T16:02:41.395+0000] {logging_mixin.py:120} INFO - [2023-03-15T16:02:41.395+0000] {dagbag.py:537} INFO - Filling up the DagBag from /home/airflow/.local/lib/python3.7/site-packages/airflow/example_dags/example_short_circuit_operator.py
[2023-03-15T16:02:41.410+0000] {processor.py:766} INFO - DAG(s) dict_keys(['example_short_circuit_operator']) retrieved from /home/airflow/.local/lib/python3.7/site-packages/airflow/example_dags/example_short_circuit_operator.py
[2023-03-15T16:02:41.441+0000] {logging_mixin.py:120} INFO - [2023-03-15T16:02:41.441+0000] {dag.py:2585} INFO - Sync 1 DAGs
[2023-03-15T16:02:41.459+0000] {logging_mixin.py:120} INFO - [2023-03-15T16:02:41.459+0000] {dag.py:3340} INFO - Setting next_dagrun for example_short_circuit_operator to 2023-03-14T16:02:41.458856+00:00, run_after=2023-03-15T16:02:41.458856+00:00
[2023-03-15T16:02:41.471+0000] {processor.py:176} INFO - Processing /home/airflow/.local/lib/python3.7/site-packages/airflow/example_dags/example_short_circuit_operator.py took 0.081 seconds
[2023-03-15T16:03:11.876+0000] {processor.py:154} INFO - Started process (PID=238) to work on /home/airflow/.local/lib/python3.7/site-packages/airflow/example_dags/example_short_circuit_operator.py
[2023-03-15T16:03:11.879+0000] {processor.py:756} INFO - Processing file /home/airflow/.local/lib/python3.7/site-packages/airflow/example_dags/example_short_circuit_operator.py for tasks to queue
[2023-03-15T16:03:11.880+0000] {logging_mixin.py:120} INFO - [2023-03-15T16:03:11.880+0000] {dagbag.py:537} INFO - Filling up the DagBag from /home/airflow/.local/lib/python3.7/site-packages/airflow/example_dags/example_short_circuit_operator.py
[2023-03-15T16:03:11.894+0000] {processor.py:766} INFO - DAG(s) dict_keys(['example_short_circuit_operator']) retrieved from /home/airflow/.local/lib/python3.7/site-packages/airflow/example_dags/example_short_circuit_operator.py
[2023-03-15T16:03:11.926+0000] {logging_mixin.py:120} INFO - [2023-03-15T16:03:11.926+0000] {dag.py:2585} INFO - Sync 1 DAGs
[2023-03-15T16:03:11.943+0000] {logging_mixin.py:120} INFO - [2023-03-15T16:03:11.943+0000] {dag.py:3340} INFO - Setting next_dagrun for example_short_circuit_operator to 2023-03-14T16:03:11.942979+00:00, run_after=2023-03-15T16:03:11.942979+00:00
[2023-03-15T16:03:11.955+0000] {processor.py:176} INFO - Processing /home/airflow/.local/lib/python3.7/site-packages/airflow/example_dags/example_short_circuit_operator.py took 0.085 seconds
[2023-03-15T16:03:42.199+0000] {processor.py:154} INFO - Started process (PID=299) to work on /home/airflow/.local/lib/python3.7/site-packages/airflow/example_dags/example_short_circuit_operator.py
[2023-03-15T16:03:42.200+0000] {processor.py:756} INFO - Processing file /home/airflow/.local/lib/python3.7/site-packages/airflow/example_dags/example_short_circuit_operator.py for tasks to queue
[2023-03-15T16:03:42.201+0000] {logging_mixin.py:120} INFO - [2023-03-15T16:03:42.201+0000] {dagbag.py:537} INFO - Filling up the DagBag from /home/airflow/.local/lib/python3.7/site-packages/airflow/example_dags/example_short_circuit_operator.py
[2023-03-15T16:03:42.215+0000] {processor.py:766} INFO - DAG(s) dict_keys(['example_short_circuit_operator']) retrieved from /home/airflow/.local/lib/python3.7/site-packages/airflow/example_dags/example_short_circuit_operator.py
[2023-03-15T16:03:42.250+0000] {logging_mixin.py:120} INFO - [2023-03-15T16:03:42.249+0000] {dag.py:2585} INFO - Sync 1 DAGs
[2023-03-15T16:03:42.265+0000] {logging_mixin.py:120} INFO - [2023-03-15T16:03:42.265+0000] {dag.py:3340} INFO - Setting next_dagrun for example_short_circuit_operator to 2023-03-14T16:03:42.265521+00:00, run_after=2023-03-15T16:03:42.265521+00:00
[2023-03-15T16:03:42.279+0000] {processor.py:176} INFO - Processing /home/airflow/.local/lib/python3.7/site-packages/airflow/example_dags/example_short_circuit_operator.py took 0.083 seconds
[2023-03-15T16:04:12.404+0000] {processor.py:154} INFO - Started process (PID=356) to work on /home/airflow/.local/lib/python3.7/site-packages/airflow/example_dags/example_short_circuit_operator.py
[2023-03-15T16:04:12.405+0000] {processor.py:756} INFO - Processing file /home/airflow/.local/lib/python3.7/site-packages/airflow/example_dags/example_short_circuit_operator.py for tasks to queue
[2023-03-15T16:04:12.406+0000] {logging_mixin.py:120} INFO - [2023-03-15T16:04:12.406+0000] {dagbag.py:537} INFO - Filling up the DagBag from /home/airflow/.local/lib/python3.7/site-packages/airflow/example_dags/example_short_circuit_operator.py
[2023-03-15T16:04:12.420+0000] {processor.py:766} INFO - DAG(s) dict_keys(['example_short_circuit_operator']) retrieved from /home/airflow/.local/lib/python3.7/site-packages/airflow/example_dags/example_short_circuit_operator.py
[2023-03-15T16:04:12.453+0000] {logging_mixin.py:120} INFO - [2023-03-15T16:04:12.453+0000] {dag.py:2585} INFO - Sync 1 DAGs
[2023-03-15T16:04:12.469+0000] {logging_mixin.py:120} INFO - [2023-03-15T16:04:12.469+0000] {dag.py:3340} INFO - Setting next_dagrun for example_short_circuit_operator to 2023-03-14T16:04:12.469296+00:00, run_after=2023-03-15T16:04:12.469296+00:00
[2023-03-15T16:04:12.481+0000] {processor.py:176} INFO - Processing /home/airflow/.local/lib/python3.7/site-packages/airflow/example_dags/example_short_circuit_operator.py took 0.080 seconds
[2023-03-15T16:04:42.847+0000] {processor.py:154} INFO - Started process (PID=421) to work on /home/airflow/.local/lib/python3.7/site-packages/airflow/example_dags/example_short_circuit_operator.py
[2023-03-15T16:04:42.848+0000] {processor.py:756} INFO - Processing file /home/airflow/.local/lib/python3.7/site-packages/airflow/example_dags/example_short_circuit_operator.py for tasks to queue
[2023-03-15T16:04:42.849+0000] {logging_mixin.py:120} INFO - [2023-03-15T16:04:42.849+0000] {dagbag.py:537} INFO - Filling up the DagBag from /home/airflow/.local/lib/python3.7/site-packages/airflow/example_dags/example_short_circuit_operator.py
[2023-03-15T16:04:42.865+0000] {processor.py:766} INFO - DAG(s) dict_keys(['example_short_circuit_operator']) retrieved from /home/airflow/.local/lib/python3.7/site-packages/airflow/example_dags/example_short_circuit_operator.py
[2023-03-15T16:04:42.898+0000] {logging_mixin.py:120} INFO - [2023-03-15T16:04:42.898+0000] {dag.py:2585} INFO - Sync 1 DAGs
[2023-03-15T16:04:42.915+0000] {logging_mixin.py:120} INFO - [2023-03-15T16:04:42.915+0000] {dag.py:3340} INFO - Setting next_dagrun for example_short_circuit_operator to 2023-03-14T16:04:42.915525+00:00, run_after=2023-03-15T16:04:42.915525+00:00
[2023-03-15T16:04:42.929+0000] {processor.py:176} INFO - Processing /home/airflow/.local/lib/python3.7/site-packages/airflow/example_dags/example_short_circuit_operator.py took 0.086 seconds
[2023-03-15T16:05:13.073+0000] {processor.py:154} INFO - Started process (PID=485) to work on /home/airflow/.local/lib/python3.7/site-packages/airflow/example_dags/example_short_circuit_operator.py
[2023-03-15T16:05:13.074+0000] {processor.py:756} INFO - Processing file /home/airflow/.local/lib/python3.7/site-packages/airflow/example_dags/example_short_circuit_operator.py for tasks to queue
[2023-03-15T16:05:13.075+0000] {logging_mixin.py:120} INFO - [2023-03-15T16:05:13.075+0000] {dagbag.py:537} INFO - Filling up the DagBag from /home/airflow/.local/lib/python3.7/site-packages/airflow/example_dags/example_short_circuit_operator.py
[2023-03-15T16:05:13.089+0000] {processor.py:766} INFO - DAG(s) dict_keys(['example_short_circuit_operator']) retrieved from /home/airflow/.local/lib/python3.7/site-packages/airflow/example_dags/example_short_circuit_operator.py
[2023-03-15T16:05:13.125+0000] {logging_mixin.py:120} INFO - [2023-03-15T16:05:13.125+0000] {dag.py:2585} INFO - Sync 1 DAGs
[2023-03-15T16:05:13.140+0000] {logging_mixin.py:120} INFO - [2023-03-15T16:05:13.140+0000] {dag.py:3340} INFO - Setting next_dagrun for example_short_circuit_operator to 2023-03-14T16:05:13.140538+00:00, run_after=2023-03-15T16:05:13.140538+00:00
[2023-03-15T16:05:13.152+0000] {processor.py:176} INFO - Processing /home/airflow/.local/lib/python3.7/site-packages/airflow/example_dags/example_short_circuit_operator.py took 0.082 seconds
[2023-03-15T16:05:43.559+0000] {processor.py:154} INFO - Started process (PID=547) to work on /home/airflow/.local/lib/python3.7/site-packages/airflow/example_dags/example_short_circuit_operator.py
[2023-03-15T16:05:43.561+0000] {processor.py:756} INFO - Processing file /home/airflow/.local/lib/python3.7/site-packages/airflow/example_dags/example_short_circuit_operator.py for tasks to queue
[2023-03-15T16:05:43.562+0000] {logging_mixin.py:120} INFO - [2023-03-15T16:05:43.561+0000] {dagbag.py:537} INFO - Filling up the DagBag from /home/airflow/.local/lib/python3.7/site-packages/airflow/example_dags/example_short_circuit_operator.py
[2023-03-15T16:05:43.576+0000] {processor.py:766} INFO - DAG(s) dict_keys(['example_short_circuit_operator']) retrieved from /home/airflow/.local/lib/python3.7/site-packages/airflow/example_dags/example_short_circuit_operator.py
[2023-03-15T16:05:43.599+0000] {logging_mixin.py:120} INFO - [2023-03-15T16:05:43.599+0000] {dag.py:2585} INFO - Sync 1 DAGs
[2023-03-15T16:05:43.619+0000] {logging_mixin.py:120} INFO - [2023-03-15T16:05:43.618+0000] {dag.py:3340} INFO - Setting next_dagrun for example_short_circuit_operator to 2023-03-14T16:05:43.618780+00:00, run_after=2023-03-15T16:05:43.618780+00:00
[2023-03-15T16:05:43.631+0000] {processor.py:176} INFO - Processing /home/airflow/.local/lib/python3.7/site-packages/airflow/example_dags/example_short_circuit_operator.py took 0.074 seconds
[2023-03-15T16:06:13.982+0000] {processor.py:154} INFO - Started process (PID=601) to work on /home/airflow/.local/lib/python3.7/site-packages/airflow/example_dags/example_short_circuit_operator.py
[2023-03-15T16:06:13.984+0000] {processor.py:756} INFO - Processing file /home/airflow/.local/lib/python3.7/site-packages/airflow/example_dags/example_short_circuit_operator.py for tasks to queue
[2023-03-15T16:06:13.985+0000] {logging_mixin.py:120} INFO - [2023-03-15T16:06:13.985+0000] {dagbag.py:537} INFO - Filling up the DagBag from /home/airflow/.local/lib/python3.7/site-packages/airflow/example_dags/example_short_circuit_operator.py
[2023-03-15T16:06:13.998+0000] {processor.py:766} INFO - DAG(s) dict_keys(['example_short_circuit_operator']) retrieved from /home/airflow/.local/lib/python3.7/site-packages/airflow/example_dags/example_short_circuit_operator.py
[2023-03-15T16:06:14.031+0000] {logging_mixin.py:120} INFO - [2023-03-15T16:06:14.031+0000] {dag.py:2585} INFO - Sync 1 DAGs
[2023-03-15T16:06:14.047+0000] {logging_mixin.py:120} INFO - [2023-03-15T16:06:14.047+0000] {dag.py:3340} INFO - Setting next_dagrun for example_short_circuit_operator to 2023-03-14T16:06:14.046982+00:00, run_after=2023-03-15T16:06:14.046982+00:00
[2023-03-15T16:06:14.060+0000] {processor.py:176} INFO - Processing /home/airflow/.local/lib/python3.7/site-packages/airflow/example_dags/example_short_circuit_operator.py took 0.081 seconds
[2023-03-15T16:06:44.105+0000] {processor.py:154} INFO - Started process (PID=666) to work on /home/airflow/.local/lib/python3.7/site-packages/airflow/example_dags/example_short_circuit_operator.py
[2023-03-15T16:06:44.106+0000] {processor.py:756} INFO - Processing file /home/airflow/.local/lib/python3.7/site-packages/airflow/example_dags/example_short_circuit_operator.py for tasks to queue
[2023-03-15T16:06:44.107+0000] {logging_mixin.py:120} INFO - [2023-03-15T16:06:44.107+0000] {dagbag.py:537} INFO - Filling up the DagBag from /home/airflow/.local/lib/python3.7/site-packages/airflow/example_dags/example_short_circuit_operator.py
[2023-03-15T16:06:44.119+0000] {processor.py:766} INFO - DAG(s) dict_keys(['example_short_circuit_operator']) retrieved from /home/airflow/.local/lib/python3.7/site-packages/airflow/example_dags/example_short_circuit_operator.py
[2023-03-15T16:06:44.150+0000] {logging_mixin.py:120} INFO - [2023-03-15T16:06:44.150+0000] {dag.py:2585} INFO - Sync 1 DAGs
[2023-03-15T16:06:44.166+0000] {logging_mixin.py:120} INFO - [2023-03-15T16:06:44.166+0000] {dag.py:3340} INFO - Setting next_dagrun for example_short_circuit_operator to 2023-03-14T16:06:44.166182+00:00, run_after=2023-03-15T16:06:44.166182+00:00
[2023-03-15T16:06:44.179+0000] {processor.py:176} INFO - Processing /home/airflow/.local/lib/python3.7/site-packages/airflow/example_dags/example_short_circuit_operator.py took 0.077 seconds
[2023-03-15T16:07:14.605+0000] {processor.py:154} INFO - Started process (PID=732) to work on /home/airflow/.local/lib/python3.7/site-packages/airflow/example_dags/example_short_circuit_operator.py
[2023-03-15T16:07:14.607+0000] {processor.py:756} INFO - Processing file /home/airflow/.local/lib/python3.7/site-packages/airflow/example_dags/example_short_circuit_operator.py for tasks to queue
[2023-03-15T16:07:14.607+0000] {logging_mixin.py:120} INFO - [2023-03-15T16:07:14.607+0000] {dagbag.py:537} INFO - Filling up the DagBag from /home/airflow/.local/lib/python3.7/site-packages/airflow/example_dags/example_short_circuit_operator.py
[2023-03-15T16:07:14.620+0000] {processor.py:766} INFO - DAG(s) dict_keys(['example_short_circuit_operator']) retrieved from /home/airflow/.local/lib/python3.7/site-packages/airflow/example_dags/example_short_circuit_operator.py
[2023-03-15T16:07:14.652+0000] {logging_mixin.py:120} INFO - [2023-03-15T16:07:14.652+0000] {dag.py:2585} INFO - Sync 1 DAGs
[2023-03-15T16:07:14.668+0000] {logging_mixin.py:120} INFO - [2023-03-15T16:07:14.668+0000] {dag.py:3340} INFO - Setting next_dagrun for example_short_circuit_operator to 2023-03-14T16:07:14.668418+00:00, run_after=2023-03-15T16:07:14.668418+00:00
[2023-03-15T16:07:14.679+0000] {processor.py:176} INFO - Processing /home/airflow/.local/lib/python3.7/site-packages/airflow/example_dags/example_short_circuit_operator.py took 0.076 seconds
[2023-03-15T16:07:45.269+0000] {processor.py:154} INFO - Started process (PID=797) to work on /home/airflow/.local/lib/python3.7/site-packages/airflow/example_dags/example_short_circuit_operator.py
[2023-03-15T16:07:45.272+0000] {processor.py:756} INFO - Processing file /home/airflow/.local/lib/python3.7/site-packages/airflow/example_dags/example_short_circuit_operator.py for tasks to queue
[2023-03-15T16:07:45.275+0000] {logging_mixin.py:120} INFO - [2023-03-15T16:07:45.275+0000] {dagbag.py:537} INFO - Filling up the DagBag from /home/airflow/.local/lib/python3.7/site-packages/airflow/example_dags/example_short_circuit_operator.py
[2023-03-15T16:07:45.292+0000] {processor.py:766} INFO - DAG(s) dict_keys(['example_short_circuit_operator']) retrieved from /home/airflow/.local/lib/python3.7/site-packages/airflow/example_dags/example_short_circuit_operator.py
[2023-03-15T16:07:45.336+0000] {logging_mixin.py:120} INFO - [2023-03-15T16:07:45.336+0000] {dag.py:2585} INFO - Sync 1 DAGs
[2023-03-15T16:07:45.361+0000] {logging_mixin.py:120} INFO - [2023-03-15T16:07:45.361+0000] {dag.py:3340} INFO - Setting next_dagrun for example_short_circuit_operator to 2023-03-14T16:07:45.361055+00:00, run_after=2023-03-15T16:07:45.361055+00:00
[2023-03-15T16:07:45.378+0000] {processor.py:176} INFO - Processing /home/airflow/.local/lib/python3.7/site-packages/airflow/example_dags/example_short_circuit_operator.py took 0.111 seconds
[2023-03-15T16:08:15.841+0000] {processor.py:154} INFO - Started process (PID=861) to work on /home/airflow/.local/lib/python3.7/site-packages/airflow/example_dags/example_short_circuit_operator.py
[2023-03-15T16:08:15.843+0000] {processor.py:756} INFO - Processing file /home/airflow/.local/lib/python3.7/site-packages/airflow/example_dags/example_short_circuit_operator.py for tasks to queue
[2023-03-15T16:08:15.844+0000] {logging_mixin.py:120} INFO - [2023-03-15T16:08:15.844+0000] {dagbag.py:537} INFO - Filling up the DagBag from /home/airflow/.local/lib/python3.7/site-packages/airflow/example_dags/example_short_circuit_operator.py
[2023-03-15T16:08:15.859+0000] {processor.py:766} INFO - DAG(s) dict_keys(['example_short_circuit_operator']) retrieved from /home/airflow/.local/lib/python3.7/site-packages/airflow/example_dags/example_short_circuit_operator.py
[2023-03-15T16:08:15.895+0000] {logging_mixin.py:120} INFO - [2023-03-15T16:08:15.895+0000] {dag.py:2585} INFO - Sync 1 DAGs
[2023-03-15T16:08:15.915+0000] {logging_mixin.py:120} INFO - [2023-03-15T16:08:15.915+0000] {dag.py:3340} INFO - Setting next_dagrun for example_short_circuit_operator to 2023-03-14T16:08:15.914982+00:00, run_after=2023-03-15T16:08:15.914982+00:00
[2023-03-15T16:08:15.937+0000] {processor.py:176} INFO - Processing /home/airflow/.local/lib/python3.7/site-packages/airflow/example_dags/example_short_circuit_operator.py took 0.098 seconds
[2023-03-15T16:08:46.829+0000] {processor.py:154} INFO - Started process (PID=985) to work on /home/airflow/.local/lib/python3.7/site-packages/airflow/example_dags/example_short_circuit_operator.py
[2023-03-15T16:08:46.831+0000] {processor.py:756} INFO - Processing file /home/airflow/.local/lib/python3.7/site-packages/airflow/example_dags/example_short_circuit_operator.py for tasks to queue
[2023-03-15T16:08:46.832+0000] {logging_mixin.py:120} INFO - [2023-03-15T16:08:46.832+0000] {dagbag.py:537} INFO - Filling up the DagBag from /home/airflow/.local/lib/python3.7/site-packages/airflow/example_dags/example_short_circuit_operator.py
[2023-03-15T16:08:46.854+0000] {processor.py:766} INFO - DAG(s) dict_keys(['example_short_circuit_operator']) retrieved from /home/airflow/.local/lib/python3.7/site-packages/airflow/example_dags/example_short_circuit_operator.py
[2023-03-15T16:08:46.910+0000] {logging_mixin.py:120} INFO - [2023-03-15T16:08:46.910+0000] {dag.py:2585} INFO - Sync 1 DAGs
[2023-03-15T16:08:46.937+0000] {logging_mixin.py:120} INFO - [2023-03-15T16:08:46.937+0000] {dag.py:3340} INFO - Setting next_dagrun for example_short_circuit_operator to 2023-03-14T16:08:46.937094+00:00, run_after=2023-03-15T16:08:46.937094+00:00
[2023-03-15T16:08:46.960+0000] {processor.py:176} INFO - Processing /home/airflow/.local/lib/python3.7/site-packages/airflow/example_dags/example_short_circuit_operator.py took 0.135 seconds
[2023-03-15T16:09:17.018+0000] {processor.py:154} INFO - Started process (PID=1191) to work on /home/airflow/.local/lib/python3.7/site-packages/airflow/example_dags/example_short_circuit_operator.py
[2023-03-15T16:09:17.019+0000] {processor.py:756} INFO - Processing file /home/airflow/.local/lib/python3.7/site-packages/airflow/example_dags/example_short_circuit_operator.py for tasks to queue
[2023-03-15T16:09:17.021+0000] {logging_mixin.py:120} INFO - [2023-03-15T16:09:17.021+0000] {dagbag.py:537} INFO - Filling up the DagBag from /home/airflow/.local/lib/python3.7/site-packages/airflow/example_dags/example_short_circuit_operator.py
[2023-03-15T16:09:17.055+0000] {processor.py:766} INFO - DAG(s) dict_keys(['example_short_circuit_operator']) retrieved from /home/airflow/.local/lib/python3.7/site-packages/airflow/example_dags/example_short_circuit_operator.py
[2023-03-15T16:09:17.147+0000] {logging_mixin.py:120} INFO - [2023-03-15T16:09:17.147+0000] {dag.py:2585} INFO - Sync 1 DAGs
[2023-03-15T16:09:17.190+0000] {logging_mixin.py:120} INFO - [2023-03-15T16:09:17.190+0000] {dag.py:3340} INFO - Setting next_dagrun for example_short_circuit_operator to 2023-03-14T16:09:17.190036+00:00, run_after=2023-03-15T16:09:17.190036+00:00
[2023-03-15T16:09:17.214+0000] {processor.py:176} INFO - Processing /home/airflow/.local/lib/python3.7/site-packages/airflow/example_dags/example_short_circuit_operator.py took 0.201 seconds
[2023-03-15T16:09:48.084+0000] {processor.py:154} INFO - Started process (PID=1398) to work on /home/airflow/.local/lib/python3.7/site-packages/airflow/example_dags/example_short_circuit_operator.py
[2023-03-15T16:09:48.087+0000] {processor.py:756} INFO - Processing file /home/airflow/.local/lib/python3.7/site-packages/airflow/example_dags/example_short_circuit_operator.py for tasks to queue
[2023-03-15T16:09:48.087+0000] {logging_mixin.py:120} INFO - [2023-03-15T16:09:48.087+0000] {dagbag.py:537} INFO - Filling up the DagBag from /home/airflow/.local/lib/python3.7/site-packages/airflow/example_dags/example_short_circuit_operator.py
[2023-03-15T16:09:48.106+0000] {processor.py:766} INFO - DAG(s) dict_keys(['example_short_circuit_operator']) retrieved from /home/airflow/.local/lib/python3.7/site-packages/airflow/example_dags/example_short_circuit_operator.py
[2023-03-15T16:09:48.138+0000] {logging_mixin.py:120} INFO - [2023-03-15T16:09:48.138+0000] {dag.py:2585} INFO - Sync 1 DAGs
[2023-03-15T16:09:48.171+0000] {logging_mixin.py:120} INFO - [2023-03-15T16:09:48.171+0000] {dag.py:3340} INFO - Setting next_dagrun for example_short_circuit_operator to 2023-03-14T16:09:48.171658+00:00, run_after=2023-03-15T16:09:48.171658+00:00
[2023-03-15T16:09:48.197+0000] {processor.py:176} INFO - Processing /home/airflow/.local/lib/python3.7/site-packages/airflow/example_dags/example_short_circuit_operator.py took 0.118 seconds
[2023-03-15T16:10:18.330+0000] {processor.py:154} INFO - Started process (PID=1609) to work on /home/airflow/.local/lib/python3.7/site-packages/airflow/example_dags/example_short_circuit_operator.py
[2023-03-15T16:10:18.332+0000] {processor.py:756} INFO - Processing file /home/airflow/.local/lib/python3.7/site-packages/airflow/example_dags/example_short_circuit_operator.py for tasks to queue
[2023-03-15T16:10:18.336+0000] {logging_mixin.py:120} INFO - [2023-03-15T16:10:18.333+0000] {dagbag.py:537} INFO - Filling up the DagBag from /home/airflow/.local/lib/python3.7/site-packages/airflow/example_dags/example_short_circuit_operator.py
[2023-03-15T16:10:18.359+0000] {processor.py:766} INFO - DAG(s) dict_keys(['example_short_circuit_operator']) retrieved from /home/airflow/.local/lib/python3.7/site-packages/airflow/example_dags/example_short_circuit_operator.py
[2023-03-15T16:10:18.427+0000] {logging_mixin.py:120} INFO - [2023-03-15T16:10:18.427+0000] {dag.py:2585} INFO - Sync 1 DAGs
[2023-03-15T16:10:18.458+0000] {logging_mixin.py:120} INFO - [2023-03-15T16:10:18.458+0000] {dag.py:3340} INFO - Setting next_dagrun for example_short_circuit_operator to 2023-03-14T16:10:18.458335+00:00, run_after=2023-03-15T16:10:18.458335+00:00
[2023-03-15T16:10:18.481+0000] {processor.py:176} INFO - Processing /home/airflow/.local/lib/python3.7/site-packages/airflow/example_dags/example_short_circuit_operator.py took 0.154 seconds
[2023-03-15T16:10:48.516+0000] {processor.py:154} INFO - Started process (PID=1840) to work on /home/airflow/.local/lib/python3.7/site-packages/airflow/example_dags/example_short_circuit_operator.py
[2023-03-15T16:10:48.517+0000] {processor.py:756} INFO - Processing file /home/airflow/.local/lib/python3.7/site-packages/airflow/example_dags/example_short_circuit_operator.py for tasks to queue
[2023-03-15T16:10:48.518+0000] {logging_mixin.py:120} INFO - [2023-03-15T16:10:48.518+0000] {dagbag.py:537} INFO - Filling up the DagBag from /home/airflow/.local/lib/python3.7/site-packages/airflow/example_dags/example_short_circuit_operator.py
[2023-03-15T16:10:48.532+0000] {processor.py:766} INFO - DAG(s) dict_keys(['example_short_circuit_operator']) retrieved from /home/airflow/.local/lib/python3.7/site-packages/airflow/example_dags/example_short_circuit_operator.py
[2023-03-15T16:10:48.570+0000] {logging_mixin.py:120} INFO - [2023-03-15T16:10:48.570+0000] {dag.py:2585} INFO - Sync 1 DAGs
[2023-03-15T16:10:48.587+0000] {logging_mixin.py:120} INFO - [2023-03-15T16:10:48.587+0000] {dag.py:3340} INFO - Setting next_dagrun for example_short_circuit_operator to 2023-03-14T16:10:48.587097+00:00, run_after=2023-03-15T16:10:48.587097+00:00
[2023-03-15T16:10:48.599+0000] {processor.py:176} INFO - Processing /home/airflow/.local/lib/python3.7/site-packages/airflow/example_dags/example_short_circuit_operator.py took 0.086 seconds
[2023-03-15T16:11:18.822+0000] {processor.py:154} INFO - Started process (PID=2058) to work on /home/airflow/.local/lib/python3.7/site-packages/airflow/example_dags/example_short_circuit_operator.py
[2023-03-15T16:11:18.824+0000] {processor.py:756} INFO - Processing file /home/airflow/.local/lib/python3.7/site-packages/airflow/example_dags/example_short_circuit_operator.py for tasks to queue
[2023-03-15T16:11:18.825+0000] {logging_mixin.py:120} INFO - [2023-03-15T16:11:18.825+0000] {dagbag.py:537} INFO - Filling up the DagBag from /home/airflow/.local/lib/python3.7/site-packages/airflow/example_dags/example_short_circuit_operator.py
[2023-03-15T16:11:18.846+0000] {processor.py:766} INFO - DAG(s) dict_keys(['example_short_circuit_operator']) retrieved from /home/airflow/.local/lib/python3.7/site-packages/airflow/example_dags/example_short_circuit_operator.py
[2023-03-15T16:11:18.892+0000] {logging_mixin.py:120} INFO - [2023-03-15T16:11:18.892+0000] {dag.py:2585} INFO - Sync 1 DAGs
[2023-03-15T16:11:18.917+0000] {logging_mixin.py:120} INFO - [2023-03-15T16:11:18.917+0000] {dag.py:3340} INFO - Setting next_dagrun for example_short_circuit_operator to 2023-03-14T16:11:18.917224+00:00, run_after=2023-03-15T16:11:18.917224+00:00
[2023-03-15T16:11:18.939+0000] {processor.py:176} INFO - Processing /home/airflow/.local/lib/python3.7/site-packages/airflow/example_dags/example_short_circuit_operator.py took 0.120 seconds
[2023-03-15T16:11:49.595+0000] {processor.py:154} INFO - Started process (PID=2278) to work on /home/airflow/.local/lib/python3.7/site-packages/airflow/example_dags/example_short_circuit_operator.py
[2023-03-15T16:11:49.598+0000] {processor.py:756} INFO - Processing file /home/airflow/.local/lib/python3.7/site-packages/airflow/example_dags/example_short_circuit_operator.py for tasks to queue
[2023-03-15T16:11:49.600+0000] {logging_mixin.py:120} INFO - [2023-03-15T16:11:49.599+0000] {dagbag.py:537} INFO - Filling up the DagBag from /home/airflow/.local/lib/python3.7/site-packages/airflow/example_dags/example_short_circuit_operator.py
[2023-03-15T16:11:49.664+0000] {processor.py:766} INFO - DAG(s) dict_keys(['example_short_circuit_operator']) retrieved from /home/airflow/.local/lib/python3.7/site-packages/airflow/example_dags/example_short_circuit_operator.py
[2023-03-15T16:11:49.750+0000] {logging_mixin.py:120} INFO - [2023-03-15T16:11:49.750+0000] {dag.py:2585} INFO - Sync 1 DAGs
[2023-03-15T16:11:49.782+0000] {logging_mixin.py:120} INFO - [2023-03-15T16:11:49.782+0000] {dag.py:3340} INFO - Setting next_dagrun for example_short_circuit_operator to 2023-03-14T16:11:49.777567+00:00, run_after=2023-03-15T16:11:49.777567+00:00
[2023-03-15T16:11:49.803+0000] {processor.py:176} INFO - Processing /home/airflow/.local/lib/python3.7/site-packages/airflow/example_dags/example_short_circuit_operator.py took 0.211 seconds
[2023-03-15T16:12:20.356+0000] {processor.py:154} INFO - Started process (PID=2472) to work on /home/airflow/.local/lib/python3.7/site-packages/airflow/example_dags/example_short_circuit_operator.py
[2023-03-15T16:12:20.357+0000] {processor.py:756} INFO - Processing file /home/airflow/.local/lib/python3.7/site-packages/airflow/example_dags/example_short_circuit_operator.py for tasks to queue
[2023-03-15T16:12:20.358+0000] {logging_mixin.py:120} INFO - [2023-03-15T16:12:20.358+0000] {dagbag.py:537} INFO - Filling up the DagBag from /home/airflow/.local/lib/python3.7/site-packages/airflow/example_dags/example_short_circuit_operator.py
[2023-03-15T16:12:20.374+0000] {processor.py:766} INFO - DAG(s) dict_keys(['example_short_circuit_operator']) retrieved from /home/airflow/.local/lib/python3.7/site-packages/airflow/example_dags/example_short_circuit_operator.py
[2023-03-15T16:12:20.417+0000] {logging_mixin.py:120} INFO - [2023-03-15T16:12:20.417+0000] {dag.py:2585} INFO - Sync 1 DAGs
[2023-03-15T16:12:20.440+0000] {logging_mixin.py:120} INFO - [2023-03-15T16:12:20.439+0000] {dag.py:3340} INFO - Setting next_dagrun for example_short_circuit_operator to 2023-03-14T16:12:20.439714+00:00, run_after=2023-03-15T16:12:20.439714+00:00
[2023-03-15T16:12:20.455+0000] {processor.py:176} INFO - Processing /home/airflow/.local/lib/python3.7/site-packages/airflow/example_dags/example_short_circuit_operator.py took 0.102 seconds
[2023-03-15T16:12:51.614+0000] {processor.py:154} INFO - Started process (PID=2698) to work on /home/airflow/.local/lib/python3.7/site-packages/airflow/example_dags/example_short_circuit_operator.py
[2023-03-15T16:12:51.615+0000] {processor.py:756} INFO - Processing file /home/airflow/.local/lib/python3.7/site-packages/airflow/example_dags/example_short_circuit_operator.py for tasks to queue
[2023-03-15T16:12:51.616+0000] {logging_mixin.py:120} INFO - [2023-03-15T16:12:51.616+0000] {dagbag.py:537} INFO - Filling up the DagBag from /home/airflow/.local/lib/python3.7/site-packages/airflow/example_dags/example_short_circuit_operator.py
[2023-03-15T16:12:51.644+0000] {processor.py:766} INFO - DAG(s) dict_keys(['example_short_circuit_operator']) retrieved from /home/airflow/.local/lib/python3.7/site-packages/airflow/example_dags/example_short_circuit_operator.py
[2023-03-15T16:12:51.703+0000] {logging_mixin.py:120} INFO - [2023-03-15T16:12:51.703+0000] {dag.py:2585} INFO - Sync 1 DAGs
[2023-03-15T16:12:51.737+0000] {logging_mixin.py:120} INFO - [2023-03-15T16:12:51.737+0000] {dag.py:3340} INFO - Setting next_dagrun for example_short_circuit_operator to 2023-03-14T16:12:51.737666+00:00, run_after=2023-03-15T16:12:51.737666+00:00
[2023-03-15T16:12:51.775+0000] {processor.py:176} INFO - Processing /home/airflow/.local/lib/python3.7/site-packages/airflow/example_dags/example_short_circuit_operator.py took 0.166 seconds
[2023-03-15T16:13:21.891+0000] {processor.py:154} INFO - Started process (PID=2864) to work on /home/airflow/.local/lib/python3.7/site-packages/airflow/example_dags/example_short_circuit_operator.py
[2023-03-15T16:13:21.892+0000] {processor.py:756} INFO - Processing file /home/airflow/.local/lib/python3.7/site-packages/airflow/example_dags/example_short_circuit_operator.py for tasks to queue
[2023-03-15T16:13:21.893+0000] {logging_mixin.py:120} INFO - [2023-03-15T16:13:21.893+0000] {dagbag.py:537} INFO - Filling up the DagBag from /home/airflow/.local/lib/python3.7/site-packages/airflow/example_dags/example_short_circuit_operator.py
[2023-03-15T16:13:21.906+0000] {processor.py:766} INFO - DAG(s) dict_keys(['example_short_circuit_operator']) retrieved from /home/airflow/.local/lib/python3.7/site-packages/airflow/example_dags/example_short_circuit_operator.py
[2023-03-15T16:13:21.939+0000] {logging_mixin.py:120} INFO - [2023-03-15T16:13:21.938+0000] {dag.py:2585} INFO - Sync 1 DAGs
[2023-03-15T16:13:21.957+0000] {logging_mixin.py:120} INFO - [2023-03-15T16:13:21.957+0000] {dag.py:3340} INFO - Setting next_dagrun for example_short_circuit_operator to 2023-03-14T16:13:21.956880+00:00, run_after=2023-03-15T16:13:21.956880+00:00
[2023-03-15T16:13:21.969+0000] {processor.py:176} INFO - Processing /home/airflow/.local/lib/python3.7/site-packages/airflow/example_dags/example_short_circuit_operator.py took 0.082 seconds
[2023-03-15T16:29:48.093+0000] {processor.py:154} INFO - Started process (PID=2906) to work on /home/airflow/.local/lib/python3.7/site-packages/airflow/example_dags/example_short_circuit_operator.py
[2023-03-15T16:29:48.094+0000] {processor.py:756} INFO - Processing file /home/airflow/.local/lib/python3.7/site-packages/airflow/example_dags/example_short_circuit_operator.py for tasks to queue
[2023-03-15T16:29:48.096+0000] {logging_mixin.py:120} INFO - [2023-03-15T16:29:48.096+0000] {dagbag.py:537} INFO - Filling up the DagBag from /home/airflow/.local/lib/python3.7/site-packages/airflow/example_dags/example_short_circuit_operator.py
[2023-03-15T16:29:48.108+0000] {processor.py:766} INFO - DAG(s) dict_keys(['example_short_circuit_operator']) retrieved from /home/airflow/.local/lib/python3.7/site-packages/airflow/example_dags/example_short_circuit_operator.py
[2023-03-15T16:29:48.138+0000] {logging_mixin.py:120} INFO - [2023-03-15T16:29:48.137+0000] {dag.py:2585} INFO - Sync 1 DAGs
[2023-03-15T16:29:48.152+0000] {logging_mixin.py:120} INFO - [2023-03-15T16:29:48.152+0000] {dag.py:3340} INFO - Setting next_dagrun for example_short_circuit_operator to 2023-03-14T16:29:48.152570+00:00, run_after=2023-03-15T16:29:48.152570+00:00
[2023-03-15T16:29:48.166+0000] {processor.py:176} INFO - Processing /home/airflow/.local/lib/python3.7/site-packages/airflow/example_dags/example_short_circuit_operator.py took 0.076 seconds
[2023-03-15T16:30:18.908+0000] {processor.py:154} INFO - Started process (PID=2971) to work on /home/airflow/.local/lib/python3.7/site-packages/airflow/example_dags/example_short_circuit_operator.py
[2023-03-15T16:30:18.909+0000] {processor.py:756} INFO - Processing file /home/airflow/.local/lib/python3.7/site-packages/airflow/example_dags/example_short_circuit_operator.py for tasks to queue
[2023-03-15T16:30:18.911+0000] {logging_mixin.py:120} INFO - [2023-03-15T16:30:18.911+0000] {dagbag.py:537} INFO - Filling up the DagBag from /home/airflow/.local/lib/python3.7/site-packages/airflow/example_dags/example_short_circuit_operator.py
[2023-03-15T16:30:18.926+0000] {processor.py:766} INFO - DAG(s) dict_keys(['example_short_circuit_operator']) retrieved from /home/airflow/.local/lib/python3.7/site-packages/airflow/example_dags/example_short_circuit_operator.py
[2023-03-15T16:30:18.956+0000] {logging_mixin.py:120} INFO - [2023-03-15T16:30:18.955+0000] {dag.py:2585} INFO - Sync 1 DAGs
[2023-03-15T16:30:18.973+0000] {logging_mixin.py:120} INFO - [2023-03-15T16:30:18.973+0000] {dag.py:3340} INFO - Setting next_dagrun for example_short_circuit_operator to 2023-03-14T16:30:18.972891+00:00, run_after=2023-03-15T16:30:18.972891+00:00
[2023-03-15T16:30:18.984+0000] {processor.py:176} INFO - Processing /home/airflow/.local/lib/python3.7/site-packages/airflow/example_dags/example_short_circuit_operator.py took 0.079 seconds
[2023-03-15T16:47:13.807+0000] {processor.py:154} INFO - Started process (PID=3027) to work on /home/airflow/.local/lib/python3.7/site-packages/airflow/example_dags/example_short_circuit_operator.py
[2023-03-15T16:47:13.808+0000] {processor.py:756} INFO - Processing file /home/airflow/.local/lib/python3.7/site-packages/airflow/example_dags/example_short_circuit_operator.py for tasks to queue
[2023-03-15T16:47:13.809+0000] {logging_mixin.py:120} INFO - [2023-03-15T16:47:13.809+0000] {dagbag.py:537} INFO - Filling up the DagBag from /home/airflow/.local/lib/python3.7/site-packages/airflow/example_dags/example_short_circuit_operator.py
[2023-03-15T16:47:13.823+0000] {processor.py:766} INFO - DAG(s) dict_keys(['example_short_circuit_operator']) retrieved from /home/airflow/.local/lib/python3.7/site-packages/airflow/example_dags/example_short_circuit_operator.py
[2023-03-15T16:47:13.861+0000] {logging_mixin.py:120} INFO - [2023-03-15T16:47:13.861+0000] {dag.py:2585} INFO - Sync 1 DAGs
[2023-03-15T16:47:13.879+0000] {logging_mixin.py:120} INFO - [2023-03-15T16:47:13.879+0000] {dag.py:3340} INFO - Setting next_dagrun for example_short_circuit_operator to 2023-03-14T16:47:13.879082+00:00, run_after=2023-03-15T16:47:13.879082+00:00
[2023-03-15T16:47:13.900+0000] {processor.py:176} INFO - Processing /home/airflow/.local/lib/python3.7/site-packages/airflow/example_dags/example_short_circuit_operator.py took 0.096 seconds
[2023-03-15T16:47:44.653+0000] {processor.py:154} INFO - Started process (PID=3092) to work on /home/airflow/.local/lib/python3.7/site-packages/airflow/example_dags/example_short_circuit_operator.py
[2023-03-15T16:47:44.654+0000] {processor.py:756} INFO - Processing file /home/airflow/.local/lib/python3.7/site-packages/airflow/example_dags/example_short_circuit_operator.py for tasks to queue
[2023-03-15T16:47:44.655+0000] {logging_mixin.py:120} INFO - [2023-03-15T16:47:44.655+0000] {dagbag.py:537} INFO - Filling up the DagBag from /home/airflow/.local/lib/python3.7/site-packages/airflow/example_dags/example_short_circuit_operator.py
[2023-03-15T16:47:44.666+0000] {processor.py:766} INFO - DAG(s) dict_keys(['example_short_circuit_operator']) retrieved from /home/airflow/.local/lib/python3.7/site-packages/airflow/example_dags/example_short_circuit_operator.py
[2023-03-15T16:47:44.695+0000] {logging_mixin.py:120} INFO - [2023-03-15T16:47:44.695+0000] {dag.py:2585} INFO - Sync 1 DAGs
[2023-03-15T16:47:44.711+0000] {logging_mixin.py:120} INFO - [2023-03-15T16:47:44.711+0000] {dag.py:3340} INFO - Setting next_dagrun for example_short_circuit_operator to 2023-03-14T16:47:44.711157+00:00, run_after=2023-03-15T16:47:44.711157+00:00
[2023-03-15T16:47:44.722+0000] {processor.py:176} INFO - Processing /home/airflow/.local/lib/python3.7/site-packages/airflow/example_dags/example_short_circuit_operator.py took 0.071 seconds
[2023-03-15T16:59:20.874+0000] {processor.py:154} INFO - Started process (PID=3157) to work on /home/airflow/.local/lib/python3.7/site-packages/airflow/example_dags/example_short_circuit_operator.py
[2023-03-15T16:59:20.877+0000] {processor.py:756} INFO - Processing file /home/airflow/.local/lib/python3.7/site-packages/airflow/example_dags/example_short_circuit_operator.py for tasks to queue
[2023-03-15T16:59:20.878+0000] {logging_mixin.py:120} INFO - [2023-03-15T16:59:20.878+0000] {dagbag.py:537} INFO - Filling up the DagBag from /home/airflow/.local/lib/python3.7/site-packages/airflow/example_dags/example_short_circuit_operator.py
[2023-03-15T16:59:20.904+0000] {processor.py:766} INFO - DAG(s) dict_keys(['example_short_circuit_operator']) retrieved from /home/airflow/.local/lib/python3.7/site-packages/airflow/example_dags/example_short_circuit_operator.py
[2023-03-15T16:59:20.961+0000] {logging_mixin.py:120} INFO - [2023-03-15T16:59:20.961+0000] {dag.py:2585} INFO - Sync 1 DAGs
[2023-03-15T16:59:20.985+0000] {logging_mixin.py:120} INFO - [2023-03-15T16:59:20.985+0000] {dag.py:3340} INFO - Setting next_dagrun for example_short_circuit_operator to 2023-03-14T16:59:20.985031+00:00, run_after=2023-03-15T16:59:20.985031+00:00
[2023-03-15T16:59:21.003+0000] {processor.py:176} INFO - Processing /home/airflow/.local/lib/python3.7/site-packages/airflow/example_dags/example_short_circuit_operator.py took 0.131 seconds
[2023-03-15T16:59:51.065+0000] {processor.py:154} INFO - Started process (PID=3222) to work on /home/airflow/.local/lib/python3.7/site-packages/airflow/example_dags/example_short_circuit_operator.py
[2023-03-15T16:59:51.067+0000] {processor.py:756} INFO - Processing file /home/airflow/.local/lib/python3.7/site-packages/airflow/example_dags/example_short_circuit_operator.py for tasks to queue
[2023-03-15T16:59:51.067+0000] {logging_mixin.py:120} INFO - [2023-03-15T16:59:51.067+0000] {dagbag.py:537} INFO - Filling up the DagBag from /home/airflow/.local/lib/python3.7/site-packages/airflow/example_dags/example_short_circuit_operator.py
[2023-03-15T16:59:51.080+0000] {processor.py:766} INFO - DAG(s) dict_keys(['example_short_circuit_operator']) retrieved from /home/airflow/.local/lib/python3.7/site-packages/airflow/example_dags/example_short_circuit_operator.py
[2023-03-15T16:59:51.110+0000] {logging_mixin.py:120} INFO - [2023-03-15T16:59:51.109+0000] {dag.py:2585} INFO - Sync 1 DAGs
[2023-03-15T16:59:51.125+0000] {logging_mixin.py:120} INFO - [2023-03-15T16:59:51.125+0000] {dag.py:3340} INFO - Setting next_dagrun for example_short_circuit_operator to 2023-03-14T16:59:51.125455+00:00, run_after=2023-03-15T16:59:51.125455+00:00
[2023-03-15T16:59:51.137+0000] {processor.py:176} INFO - Processing /home/airflow/.local/lib/python3.7/site-packages/airflow/example_dags/example_short_circuit_operator.py took 0.074 seconds
[2023-03-15T17:00:21.830+0000] {processor.py:154} INFO - Started process (PID=3286) to work on /home/airflow/.local/lib/python3.7/site-packages/airflow/example_dags/example_short_circuit_operator.py
[2023-03-15T17:00:21.831+0000] {processor.py:756} INFO - Processing file /home/airflow/.local/lib/python3.7/site-packages/airflow/example_dags/example_short_circuit_operator.py for tasks to queue
[2023-03-15T17:00:21.833+0000] {logging_mixin.py:120} INFO - [2023-03-15T17:00:21.832+0000] {dagbag.py:537} INFO - Filling up the DagBag from /home/airflow/.local/lib/python3.7/site-packages/airflow/example_dags/example_short_circuit_operator.py
[2023-03-15T17:00:21.844+0000] {processor.py:766} INFO - DAG(s) dict_keys(['example_short_circuit_operator']) retrieved from /home/airflow/.local/lib/python3.7/site-packages/airflow/example_dags/example_short_circuit_operator.py
[2023-03-15T17:00:21.872+0000] {logging_mixin.py:120} INFO - [2023-03-15T17:00:21.872+0000] {dag.py:2585} INFO - Sync 1 DAGs
[2023-03-15T17:00:21.887+0000] {logging_mixin.py:120} INFO - [2023-03-15T17:00:21.887+0000] {dag.py:3340} INFO - Setting next_dagrun for example_short_circuit_operator to 2023-03-14T17:00:21.887349+00:00, run_after=2023-03-15T17:00:21.887349+00:00
[2023-03-15T17:00:21.898+0000] {processor.py:176} INFO - Processing /home/airflow/.local/lib/python3.7/site-packages/airflow/example_dags/example_short_circuit_operator.py took 0.071 seconds
[2023-03-15T17:00:52.406+0000] {processor.py:154} INFO - Started process (PID=3342) to work on /home/airflow/.local/lib/python3.7/site-packages/airflow/example_dags/example_short_circuit_operator.py
[2023-03-15T17:00:52.407+0000] {processor.py:756} INFO - Processing file /home/airflow/.local/lib/python3.7/site-packages/airflow/example_dags/example_short_circuit_operator.py for tasks to queue
[2023-03-15T17:00:52.408+0000] {logging_mixin.py:120} INFO - [2023-03-15T17:00:52.408+0000] {dagbag.py:537} INFO - Filling up the DagBag from /home/airflow/.local/lib/python3.7/site-packages/airflow/example_dags/example_short_circuit_operator.py
[2023-03-15T17:00:52.420+0000] {processor.py:766} INFO - DAG(s) dict_keys(['example_short_circuit_operator']) retrieved from /home/airflow/.local/lib/python3.7/site-packages/airflow/example_dags/example_short_circuit_operator.py
[2023-03-15T17:00:52.449+0000] {logging_mixin.py:120} INFO - [2023-03-15T17:00:52.449+0000] {dag.py:2585} INFO - Sync 1 DAGs
[2023-03-15T17:00:52.464+0000] {logging_mixin.py:120} INFO - [2023-03-15T17:00:52.464+0000] {dag.py:3340} INFO - Setting next_dagrun for example_short_circuit_operator to 2023-03-14T17:00:52.464016+00:00, run_after=2023-03-15T17:00:52.464016+00:00
[2023-03-15T17:00:52.475+0000] {processor.py:176} INFO - Processing /home/airflow/.local/lib/python3.7/site-packages/airflow/example_dags/example_short_circuit_operator.py took 0.073 seconds
[2023-03-15T17:01:22.790+0000] {processor.py:154} INFO - Started process (PID=3407) to work on /home/airflow/.local/lib/python3.7/site-packages/airflow/example_dags/example_short_circuit_operator.py
[2023-03-15T17:01:22.791+0000] {processor.py:756} INFO - Processing file /home/airflow/.local/lib/python3.7/site-packages/airflow/example_dags/example_short_circuit_operator.py for tasks to queue
[2023-03-15T17:01:22.792+0000] {logging_mixin.py:120} INFO - [2023-03-15T17:01:22.792+0000] {dagbag.py:537} INFO - Filling up the DagBag from /home/airflow/.local/lib/python3.7/site-packages/airflow/example_dags/example_short_circuit_operator.py
[2023-03-15T17:01:22.803+0000] {processor.py:766} INFO - DAG(s) dict_keys(['example_short_circuit_operator']) retrieved from /home/airflow/.local/lib/python3.7/site-packages/airflow/example_dags/example_short_circuit_operator.py
[2023-03-15T17:01:22.832+0000] {logging_mixin.py:120} INFO - [2023-03-15T17:01:22.832+0000] {dag.py:2585} INFO - Sync 1 DAGs
[2023-03-15T17:01:22.847+0000] {logging_mixin.py:120} INFO - [2023-03-15T17:01:22.847+0000] {dag.py:3340} INFO - Setting next_dagrun for example_short_circuit_operator to 2023-03-14T17:01:22.847073+00:00, run_after=2023-03-15T17:01:22.847073+00:00
[2023-03-15T17:01:22.858+0000] {processor.py:176} INFO - Processing /home/airflow/.local/lib/python3.7/site-packages/airflow/example_dags/example_short_circuit_operator.py took 0.072 seconds
[2023-03-15T17:01:53.281+0000] {processor.py:154} INFO - Started process (PID=3472) to work on /home/airflow/.local/lib/python3.7/site-packages/airflow/example_dags/example_short_circuit_operator.py
[2023-03-15T17:01:53.282+0000] {processor.py:756} INFO - Processing file /home/airflow/.local/lib/python3.7/site-packages/airflow/example_dags/example_short_circuit_operator.py for tasks to queue
[2023-03-15T17:01:53.283+0000] {logging_mixin.py:120} INFO - [2023-03-15T17:01:53.283+0000] {dagbag.py:537} INFO - Filling up the DagBag from /home/airflow/.local/lib/python3.7/site-packages/airflow/example_dags/example_short_circuit_operator.py
[2023-03-15T17:01:53.295+0000] {processor.py:766} INFO - DAG(s) dict_keys(['example_short_circuit_operator']) retrieved from /home/airflow/.local/lib/python3.7/site-packages/airflow/example_dags/example_short_circuit_operator.py
[2023-03-15T17:01:53.324+0000] {logging_mixin.py:120} INFO - [2023-03-15T17:01:53.324+0000] {dag.py:2585} INFO - Sync 1 DAGs
[2023-03-15T17:01:53.340+0000] {logging_mixin.py:120} INFO - [2023-03-15T17:01:53.340+0000] {dag.py:3340} INFO - Setting next_dagrun for example_short_circuit_operator to 2023-03-14T17:01:53.339996+00:00, run_after=2023-03-15T17:01:53.339996+00:00
[2023-03-15T17:01:53.352+0000] {processor.py:176} INFO - Processing /home/airflow/.local/lib/python3.7/site-packages/airflow/example_dags/example_short_circuit_operator.py took 0.075 seconds
[2023-03-15T17:02:23.614+0000] {processor.py:154} INFO - Started process (PID=3537) to work on /home/airflow/.local/lib/python3.7/site-packages/airflow/example_dags/example_short_circuit_operator.py
[2023-03-15T17:02:23.615+0000] {processor.py:756} INFO - Processing file /home/airflow/.local/lib/python3.7/site-packages/airflow/example_dags/example_short_circuit_operator.py for tasks to queue
[2023-03-15T17:02:23.616+0000] {logging_mixin.py:120} INFO - [2023-03-15T17:02:23.616+0000] {dagbag.py:537} INFO - Filling up the DagBag from /home/airflow/.local/lib/python3.7/site-packages/airflow/example_dags/example_short_circuit_operator.py
[2023-03-15T17:02:23.628+0000] {processor.py:766} INFO - DAG(s) dict_keys(['example_short_circuit_operator']) retrieved from /home/airflow/.local/lib/python3.7/site-packages/airflow/example_dags/example_short_circuit_operator.py
[2023-03-15T17:02:23.657+0000] {logging_mixin.py:120} INFO - [2023-03-15T17:02:23.657+0000] {dag.py:2585} INFO - Sync 1 DAGs
[2023-03-15T17:02:23.672+0000] {logging_mixin.py:120} INFO - [2023-03-15T17:02:23.672+0000] {dag.py:3340} INFO - Setting next_dagrun for example_short_circuit_operator to 2023-03-14T17:02:23.672648+00:00, run_after=2023-03-15T17:02:23.672648+00:00
[2023-03-15T17:02:23.684+0000] {processor.py:176} INFO - Processing /home/airflow/.local/lib/python3.7/site-packages/airflow/example_dags/example_short_circuit_operator.py took 0.072 seconds
[2023-03-15T17:02:54.092+0000] {processor.py:154} INFO - Started process (PID=3602) to work on /home/airflow/.local/lib/python3.7/site-packages/airflow/example_dags/example_short_circuit_operator.py
[2023-03-15T17:02:54.093+0000] {processor.py:756} INFO - Processing file /home/airflow/.local/lib/python3.7/site-packages/airflow/example_dags/example_short_circuit_operator.py for tasks to queue
[2023-03-15T17:02:54.094+0000] {logging_mixin.py:120} INFO - [2023-03-15T17:02:54.094+0000] {dagbag.py:537} INFO - Filling up the DagBag from /home/airflow/.local/lib/python3.7/site-packages/airflow/example_dags/example_short_circuit_operator.py
[2023-03-15T17:02:54.107+0000] {processor.py:766} INFO - DAG(s) dict_keys(['example_short_circuit_operator']) retrieved from /home/airflow/.local/lib/python3.7/site-packages/airflow/example_dags/example_short_circuit_operator.py
[2023-03-15T17:02:54.138+0000] {logging_mixin.py:120} INFO - [2023-03-15T17:02:54.138+0000] {dag.py:2585} INFO - Sync 1 DAGs
[2023-03-15T17:02:54.153+0000] {logging_mixin.py:120} INFO - [2023-03-15T17:02:54.153+0000] {dag.py:3340} INFO - Setting next_dagrun for example_short_circuit_operator to 2023-03-14T17:02:54.153667+00:00, run_after=2023-03-15T17:02:54.153667+00:00
[2023-03-15T17:02:54.166+0000] {processor.py:176} INFO - Processing /home/airflow/.local/lib/python3.7/site-packages/airflow/example_dags/example_short_circuit_operator.py took 0.077 seconds
[2023-03-15T17:03:24.602+0000] {processor.py:154} INFO - Started process (PID=3667) to work on /home/airflow/.local/lib/python3.7/site-packages/airflow/example_dags/example_short_circuit_operator.py
[2023-03-15T17:03:24.603+0000] {processor.py:756} INFO - Processing file /home/airflow/.local/lib/python3.7/site-packages/airflow/example_dags/example_short_circuit_operator.py for tasks to queue
[2023-03-15T17:03:24.604+0000] {logging_mixin.py:120} INFO - [2023-03-15T17:03:24.604+0000] {dagbag.py:537} INFO - Filling up the DagBag from /home/airflow/.local/lib/python3.7/site-packages/airflow/example_dags/example_short_circuit_operator.py
[2023-03-15T17:03:24.615+0000] {processor.py:766} INFO - DAG(s) dict_keys(['example_short_circuit_operator']) retrieved from /home/airflow/.local/lib/python3.7/site-packages/airflow/example_dags/example_short_circuit_operator.py
[2023-03-15T17:03:24.645+0000] {logging_mixin.py:120} INFO - [2023-03-15T17:03:24.645+0000] {dag.py:2585} INFO - Sync 1 DAGs
[2023-03-15T17:03:24.662+0000] {logging_mixin.py:120} INFO - [2023-03-15T17:03:24.662+0000] {dag.py:3340} INFO - Setting next_dagrun for example_short_circuit_operator to 2023-03-14T17:03:24.662329+00:00, run_after=2023-03-15T17:03:24.662329+00:00
[2023-03-15T17:03:24.674+0000] {processor.py:176} INFO - Processing /home/airflow/.local/lib/python3.7/site-packages/airflow/example_dags/example_short_circuit_operator.py took 0.075 seconds
[2023-03-15T17:03:55.093+0000] {processor.py:154} INFO - Started process (PID=3723) to work on /home/airflow/.local/lib/python3.7/site-packages/airflow/example_dags/example_short_circuit_operator.py
[2023-03-15T17:03:55.094+0000] {processor.py:756} INFO - Processing file /home/airflow/.local/lib/python3.7/site-packages/airflow/example_dags/example_short_circuit_operator.py for tasks to queue
[2023-03-15T17:03:55.095+0000] {logging_mixin.py:120} INFO - [2023-03-15T17:03:55.095+0000] {dagbag.py:537} INFO - Filling up the DagBag from /home/airflow/.local/lib/python3.7/site-packages/airflow/example_dags/example_short_circuit_operator.py
[2023-03-15T17:03:55.107+0000] {processor.py:766} INFO - DAG(s) dict_keys(['example_short_circuit_operator']) retrieved from /home/airflow/.local/lib/python3.7/site-packages/airflow/example_dags/example_short_circuit_operator.py
[2023-03-15T17:03:55.138+0000] {logging_mixin.py:120} INFO - [2023-03-15T17:03:55.138+0000] {dag.py:2585} INFO - Sync 1 DAGs
[2023-03-15T17:03:55.156+0000] {logging_mixin.py:120} INFO - [2023-03-15T17:03:55.155+0000] {dag.py:3340} INFO - Setting next_dagrun for example_short_circuit_operator to 2023-03-14T17:03:55.155796+00:00, run_after=2023-03-15T17:03:55.155796+00:00
[2023-03-15T17:03:55.168+0000] {processor.py:176} INFO - Processing /home/airflow/.local/lib/python3.7/site-packages/airflow/example_dags/example_short_circuit_operator.py took 0.077 seconds
[2023-03-15T17:04:25.589+0000] {processor.py:154} INFO - Started process (PID=3787) to work on /home/airflow/.local/lib/python3.7/site-packages/airflow/example_dags/example_short_circuit_operator.py
[2023-03-15T17:04:25.590+0000] {processor.py:756} INFO - Processing file /home/airflow/.local/lib/python3.7/site-packages/airflow/example_dags/example_short_circuit_operator.py for tasks to queue
[2023-03-15T17:04:25.590+0000] {logging_mixin.py:120} INFO - [2023-03-15T17:04:25.590+0000] {dagbag.py:537} INFO - Filling up the DagBag from /home/airflow/.local/lib/python3.7/site-packages/airflow/example_dags/example_short_circuit_operator.py
[2023-03-15T17:04:25.603+0000] {processor.py:766} INFO - DAG(s) dict_keys(['example_short_circuit_operator']) retrieved from /home/airflow/.local/lib/python3.7/site-packages/airflow/example_dags/example_short_circuit_operator.py
[2023-03-15T17:04:25.633+0000] {logging_mixin.py:120} INFO - [2023-03-15T17:04:25.633+0000] {dag.py:2585} INFO - Sync 1 DAGs
[2023-03-15T17:04:25.649+0000] {logging_mixin.py:120} INFO - [2023-03-15T17:04:25.649+0000] {dag.py:3340} INFO - Setting next_dagrun for example_short_circuit_operator to 2023-03-14T17:04:25.648967+00:00, run_after=2023-03-15T17:04:25.648967+00:00
[2023-03-15T17:04:25.660+0000] {processor.py:176} INFO - Processing /home/airflow/.local/lib/python3.7/site-packages/airflow/example_dags/example_short_circuit_operator.py took 0.074 seconds
