[2023-03-15T16:01:42.956+0000] {processor.py:154} INFO - Started process (PID=70) to work on /home/airflow/.local/lib/python3.7/site-packages/airflow/example_dags/example_short_circuit_decorator.py
[2023-03-15T16:01:42.957+0000] {processor.py:756} INFO - Processing file /home/airflow/.local/lib/python3.7/site-packages/airflow/example_dags/example_short_circuit_decorator.py for tasks to queue
[2023-03-15T16:01:42.958+0000] {logging_mixin.py:120} INFO - [2023-03-15T16:01:42.958+0000] {dagbag.py:537} INFO - Filling up the DagBag from /home/airflow/.local/lib/python3.7/site-packages/airflow/example_dags/example_short_circuit_decorator.py
[2023-03-15T16:01:42.981+0000] {processor.py:766} INFO - DAG(s) dict_keys(['example_short_circuit_decorator']) retrieved from /home/airflow/.local/lib/python3.7/site-packages/airflow/example_dags/example_short_circuit_decorator.py
[2023-03-15T16:01:43.102+0000] {logging_mixin.py:120} INFO - [2023-03-15T16:01:43.102+0000] {manager.py:507} INFO - Created Permission View: can read on DAG:example_short_circuit_decorator
[2023-03-15T16:01:43.108+0000] {logging_mixin.py:120} INFO - [2023-03-15T16:01:43.108+0000] {manager.py:507} INFO - Created Permission View: can delete on DAG:example_short_circuit_decorator
[2023-03-15T16:01:43.113+0000] {logging_mixin.py:120} INFO - [2023-03-15T16:01:43.113+0000] {manager.py:507} INFO - Created Permission View: can edit on DAG:example_short_circuit_decorator
[2023-03-15T16:01:43.114+0000] {logging_mixin.py:120} INFO - [2023-03-15T16:01:43.114+0000] {dag.py:2585} INFO - Sync 1 DAGs
[2023-03-15T16:01:43.123+0000] {logging_mixin.py:120} INFO - [2023-03-15T16:01:43.123+0000] {dag.py:2606} INFO - Creating ORM DAG for example_short_circuit_decorator
[2023-03-15T16:01:43.131+0000] {logging_mixin.py:120} INFO - [2023-03-15T16:01:43.131+0000] {dag.py:3340} INFO - Setting next_dagrun for example_short_circuit_decorator to 2023-03-14T16:01:43.131064+00:00, run_after=2023-03-15T16:01:43.131064+00:00
[2023-03-15T16:01:43.142+0000] {processor.py:176} INFO - Processing /home/airflow/.local/lib/python3.7/site-packages/airflow/example_dags/example_short_circuit_decorator.py took 0.190 seconds
[2023-03-15T16:02:14.866+0000] {processor.py:154} INFO - Started process (PID=132) to work on /home/airflow/.local/lib/python3.7/site-packages/airflow/example_dags/example_short_circuit_decorator.py
[2023-03-15T16:02:14.868+0000] {processor.py:756} INFO - Processing file /home/airflow/.local/lib/python3.7/site-packages/airflow/example_dags/example_short_circuit_decorator.py for tasks to queue
[2023-03-15T16:02:14.886+0000] {logging_mixin.py:120} INFO - [2023-03-15T16:02:14.885+0000] {dagbag.py:537} INFO - Filling up the DagBag from /home/airflow/.local/lib/python3.7/site-packages/airflow/example_dags/example_short_circuit_decorator.py
[2023-03-15T16:02:14.959+0000] {processor.py:766} INFO - DAG(s) dict_keys(['example_short_circuit_decorator']) retrieved from /home/airflow/.local/lib/python3.7/site-packages/airflow/example_dags/example_short_circuit_decorator.py
[2023-03-15T16:02:15.031+0000] {logging_mixin.py:120} INFO - [2023-03-15T16:02:15.030+0000] {dag.py:2585} INFO - Sync 1 DAGs
[2023-03-15T16:02:15.112+0000] {logging_mixin.py:120} INFO - [2023-03-15T16:02:15.112+0000] {dag.py:3340} INFO - Setting next_dagrun for example_short_circuit_decorator to 2023-03-14T16:02:15.112564+00:00, run_after=2023-03-15T16:02:15.112564+00:00
[2023-03-15T16:02:15.145+0000] {processor.py:176} INFO - Processing /home/airflow/.local/lib/python3.7/site-packages/airflow/example_dags/example_short_circuit_decorator.py took 0.285 seconds
[2023-03-15T16:02:45.224+0000] {processor.py:154} INFO - Started process (PID=186) to work on /home/airflow/.local/lib/python3.7/site-packages/airflow/example_dags/example_short_circuit_decorator.py
[2023-03-15T16:02:45.226+0000] {processor.py:756} INFO - Processing file /home/airflow/.local/lib/python3.7/site-packages/airflow/example_dags/example_short_circuit_decorator.py for tasks to queue
[2023-03-15T16:02:45.227+0000] {logging_mixin.py:120} INFO - [2023-03-15T16:02:45.226+0000] {dagbag.py:537} INFO - Filling up the DagBag from /home/airflow/.local/lib/python3.7/site-packages/airflow/example_dags/example_short_circuit_decorator.py
[2023-03-15T16:02:45.244+0000] {processor.py:766} INFO - DAG(s) dict_keys(['example_short_circuit_decorator']) retrieved from /home/airflow/.local/lib/python3.7/site-packages/airflow/example_dags/example_short_circuit_decorator.py
[2023-03-15T16:02:45.274+0000] {logging_mixin.py:120} INFO - [2023-03-15T16:02:45.274+0000] {dag.py:2585} INFO - Sync 1 DAGs
[2023-03-15T16:02:45.289+0000] {logging_mixin.py:120} INFO - [2023-03-15T16:02:45.289+0000] {dag.py:3340} INFO - Setting next_dagrun for example_short_circuit_decorator to 2023-03-14T16:02:45.289458+00:00, run_after=2023-03-15T16:02:45.289458+00:00
[2023-03-15T16:02:45.301+0000] {processor.py:176} INFO - Processing /home/airflow/.local/lib/python3.7/site-packages/airflow/example_dags/example_short_circuit_decorator.py took 0.079 seconds
[2023-03-15T16:03:15.618+0000] {processor.py:154} INFO - Started process (PID=250) to work on /home/airflow/.local/lib/python3.7/site-packages/airflow/example_dags/example_short_circuit_decorator.py
[2023-03-15T16:03:15.621+0000] {processor.py:756} INFO - Processing file /home/airflow/.local/lib/python3.7/site-packages/airflow/example_dags/example_short_circuit_decorator.py for tasks to queue
[2023-03-15T16:03:15.622+0000] {logging_mixin.py:120} INFO - [2023-03-15T16:03:15.622+0000] {dagbag.py:537} INFO - Filling up the DagBag from /home/airflow/.local/lib/python3.7/site-packages/airflow/example_dags/example_short_circuit_decorator.py
[2023-03-15T16:03:15.640+0000] {processor.py:766} INFO - DAG(s) dict_keys(['example_short_circuit_decorator']) retrieved from /home/airflow/.local/lib/python3.7/site-packages/airflow/example_dags/example_short_circuit_decorator.py
[2023-03-15T16:03:15.671+0000] {logging_mixin.py:120} INFO - [2023-03-15T16:03:15.671+0000] {dag.py:2585} INFO - Sync 1 DAGs
[2023-03-15T16:03:15.687+0000] {logging_mixin.py:120} INFO - [2023-03-15T16:03:15.687+0000] {dag.py:3340} INFO - Setting next_dagrun for example_short_circuit_decorator to 2023-03-14T16:03:15.686937+00:00, run_after=2023-03-15T16:03:15.686937+00:00
[2023-03-15T16:03:15.699+0000] {processor.py:176} INFO - Processing /home/airflow/.local/lib/python3.7/site-packages/airflow/example_dags/example_short_circuit_decorator.py took 0.084 seconds
[2023-03-15T16:03:45.883+0000] {processor.py:154} INFO - Started process (PID=313) to work on /home/airflow/.local/lib/python3.7/site-packages/airflow/example_dags/example_short_circuit_decorator.py
[2023-03-15T16:03:45.884+0000] {processor.py:756} INFO - Processing file /home/airflow/.local/lib/python3.7/site-packages/airflow/example_dags/example_short_circuit_decorator.py for tasks to queue
[2023-03-15T16:03:45.885+0000] {logging_mixin.py:120} INFO - [2023-03-15T16:03:45.885+0000] {dagbag.py:537} INFO - Filling up the DagBag from /home/airflow/.local/lib/python3.7/site-packages/airflow/example_dags/example_short_circuit_decorator.py
[2023-03-15T16:03:45.902+0000] {processor.py:766} INFO - DAG(s) dict_keys(['example_short_circuit_decorator']) retrieved from /home/airflow/.local/lib/python3.7/site-packages/airflow/example_dags/example_short_circuit_decorator.py
[2023-03-15T16:03:45.931+0000] {logging_mixin.py:120} INFO - [2023-03-15T16:03:45.931+0000] {dag.py:2585} INFO - Sync 1 DAGs
[2023-03-15T16:03:45.948+0000] {logging_mixin.py:120} INFO - [2023-03-15T16:03:45.947+0000] {dag.py:3340} INFO - Setting next_dagrun for example_short_circuit_decorator to 2023-03-14T16:03:45.947723+00:00, run_after=2023-03-15T16:03:45.947723+00:00
[2023-03-15T16:03:45.960+0000] {processor.py:176} INFO - Processing /home/airflow/.local/lib/python3.7/site-packages/airflow/example_dags/example_short_circuit_decorator.py took 0.079 seconds
[2023-03-15T16:04:16.165+0000] {processor.py:154} INFO - Started process (PID=377) to work on /home/airflow/.local/lib/python3.7/site-packages/airflow/example_dags/example_short_circuit_decorator.py
[2023-03-15T16:04:16.166+0000] {processor.py:756} INFO - Processing file /home/airflow/.local/lib/python3.7/site-packages/airflow/example_dags/example_short_circuit_decorator.py for tasks to queue
[2023-03-15T16:04:16.167+0000] {logging_mixin.py:120} INFO - [2023-03-15T16:04:16.167+0000] {dagbag.py:537} INFO - Filling up the DagBag from /home/airflow/.local/lib/python3.7/site-packages/airflow/example_dags/example_short_circuit_decorator.py
[2023-03-15T16:04:16.186+0000] {processor.py:766} INFO - DAG(s) dict_keys(['example_short_circuit_decorator']) retrieved from /home/airflow/.local/lib/python3.7/site-packages/airflow/example_dags/example_short_circuit_decorator.py
[2023-03-15T16:04:16.219+0000] {logging_mixin.py:120} INFO - [2023-03-15T16:04:16.219+0000] {dag.py:2585} INFO - Sync 1 DAGs
[2023-03-15T16:04:16.237+0000] {logging_mixin.py:120} INFO - [2023-03-15T16:04:16.237+0000] {dag.py:3340} INFO - Setting next_dagrun for example_short_circuit_decorator to 2023-03-14T16:04:16.236980+00:00, run_after=2023-03-15T16:04:16.236980+00:00
[2023-03-15T16:04:16.250+0000] {processor.py:176} INFO - Processing /home/airflow/.local/lib/python3.7/site-packages/airflow/example_dags/example_short_circuit_decorator.py took 0.088 seconds
[2023-03-15T16:04:47.136+0000] {processor.py:154} INFO - Started process (PID=442) to work on /home/airflow/.local/lib/python3.7/site-packages/airflow/example_dags/example_short_circuit_decorator.py
[2023-03-15T16:04:47.138+0000] {processor.py:756} INFO - Processing file /home/airflow/.local/lib/python3.7/site-packages/airflow/example_dags/example_short_circuit_decorator.py for tasks to queue
[2023-03-15T16:04:47.139+0000] {logging_mixin.py:120} INFO - [2023-03-15T16:04:47.139+0000] {dagbag.py:537} INFO - Filling up the DagBag from /home/airflow/.local/lib/python3.7/site-packages/airflow/example_dags/example_short_circuit_decorator.py
[2023-03-15T16:04:47.167+0000] {processor.py:766} INFO - DAG(s) dict_keys(['example_short_circuit_decorator']) retrieved from /home/airflow/.local/lib/python3.7/site-packages/airflow/example_dags/example_short_circuit_decorator.py
[2023-03-15T16:04:47.202+0000] {logging_mixin.py:120} INFO - [2023-03-15T16:04:47.202+0000] {dag.py:2585} INFO - Sync 1 DAGs
[2023-03-15T16:04:47.221+0000] {logging_mixin.py:120} INFO - [2023-03-15T16:04:47.221+0000] {dag.py:3340} INFO - Setting next_dagrun for example_short_circuit_decorator to 2023-03-14T16:04:47.220795+00:00, run_after=2023-03-15T16:04:47.220795+00:00
[2023-03-15T16:04:47.234+0000] {processor.py:176} INFO - Processing /home/airflow/.local/lib/python3.7/site-packages/airflow/example_dags/example_short_circuit_decorator.py took 0.101 seconds
[2023-03-15T16:05:17.989+0000] {processor.py:154} INFO - Started process (PID=497) to work on /home/airflow/.local/lib/python3.7/site-packages/airflow/example_dags/example_short_circuit_decorator.py
[2023-03-15T16:05:17.990+0000] {processor.py:756} INFO - Processing file /home/airflow/.local/lib/python3.7/site-packages/airflow/example_dags/example_short_circuit_decorator.py for tasks to queue
[2023-03-15T16:05:17.991+0000] {logging_mixin.py:120} INFO - [2023-03-15T16:05:17.991+0000] {dagbag.py:537} INFO - Filling up the DagBag from /home/airflow/.local/lib/python3.7/site-packages/airflow/example_dags/example_short_circuit_decorator.py
[2023-03-15T16:05:18.009+0000] {processor.py:766} INFO - DAG(s) dict_keys(['example_short_circuit_decorator']) retrieved from /home/airflow/.local/lib/python3.7/site-packages/airflow/example_dags/example_short_circuit_decorator.py
[2023-03-15T16:05:18.048+0000] {logging_mixin.py:120} INFO - [2023-03-15T16:05:18.048+0000] {dag.py:2585} INFO - Sync 1 DAGs
[2023-03-15T16:05:18.066+0000] {logging_mixin.py:120} INFO - [2023-03-15T16:05:18.066+0000] {dag.py:3340} INFO - Setting next_dagrun for example_short_circuit_decorator to 2023-03-14T16:05:18.066340+00:00, run_after=2023-03-15T16:05:18.066340+00:00
[2023-03-15T16:05:18.090+0000] {processor.py:176} INFO - Processing /home/airflow/.local/lib/python3.7/site-packages/airflow/example_dags/example_short_circuit_decorator.py took 0.104 seconds
[2023-03-15T16:05:48.214+0000] {processor.py:154} INFO - Started process (PID=559) to work on /home/airflow/.local/lib/python3.7/site-packages/airflow/example_dags/example_short_circuit_decorator.py
[2023-03-15T16:05:48.217+0000] {processor.py:756} INFO - Processing file /home/airflow/.local/lib/python3.7/site-packages/airflow/example_dags/example_short_circuit_decorator.py for tasks to queue
[2023-03-15T16:05:48.219+0000] {logging_mixin.py:120} INFO - [2023-03-15T16:05:48.219+0000] {dagbag.py:537} INFO - Filling up the DagBag from /home/airflow/.local/lib/python3.7/site-packages/airflow/example_dags/example_short_circuit_decorator.py
[2023-03-15T16:05:48.241+0000] {processor.py:766} INFO - DAG(s) dict_keys(['example_short_circuit_decorator']) retrieved from /home/airflow/.local/lib/python3.7/site-packages/airflow/example_dags/example_short_circuit_decorator.py
[2023-03-15T16:05:48.265+0000] {logging_mixin.py:120} INFO - [2023-03-15T16:05:48.265+0000] {dag.py:2585} INFO - Sync 1 DAGs
[2023-03-15T16:05:48.282+0000] {logging_mixin.py:120} INFO - [2023-03-15T16:05:48.282+0000] {dag.py:3340} INFO - Setting next_dagrun for example_short_circuit_decorator to 2023-03-14T16:05:48.282118+00:00, run_after=2023-03-15T16:05:48.282118+00:00
[2023-03-15T16:05:48.296+0000] {processor.py:176} INFO - Processing /home/airflow/.local/lib/python3.7/site-packages/airflow/example_dags/example_short_circuit_decorator.py took 0.086 seconds
[2023-03-15T16:06:18.702+0000] {processor.py:154} INFO - Started process (PID=622) to work on /home/airflow/.local/lib/python3.7/site-packages/airflow/example_dags/example_short_circuit_decorator.py
[2023-03-15T16:06:18.703+0000] {processor.py:756} INFO - Processing file /home/airflow/.local/lib/python3.7/site-packages/airflow/example_dags/example_short_circuit_decorator.py for tasks to queue
[2023-03-15T16:06:18.704+0000] {logging_mixin.py:120} INFO - [2023-03-15T16:06:18.704+0000] {dagbag.py:537} INFO - Filling up the DagBag from /home/airflow/.local/lib/python3.7/site-packages/airflow/example_dags/example_short_circuit_decorator.py
[2023-03-15T16:06:18.722+0000] {processor.py:766} INFO - DAG(s) dict_keys(['example_short_circuit_decorator']) retrieved from /home/airflow/.local/lib/python3.7/site-packages/airflow/example_dags/example_short_circuit_decorator.py
[2023-03-15T16:06:18.752+0000] {logging_mixin.py:120} INFO - [2023-03-15T16:06:18.751+0000] {dag.py:2585} INFO - Sync 1 DAGs
[2023-03-15T16:06:18.769+0000] {logging_mixin.py:120} INFO - [2023-03-15T16:06:18.769+0000] {dag.py:3340} INFO - Setting next_dagrun for example_short_circuit_decorator to 2023-03-14T16:06:18.769466+00:00, run_after=2023-03-15T16:06:18.769466+00:00
[2023-03-15T16:06:18.780+0000] {processor.py:176} INFO - Processing /home/airflow/.local/lib/python3.7/site-packages/airflow/example_dags/example_short_circuit_decorator.py took 0.081 seconds
[2023-03-15T16:06:48.952+0000] {processor.py:154} INFO - Started process (PID=688) to work on /home/airflow/.local/lib/python3.7/site-packages/airflow/example_dags/example_short_circuit_decorator.py
[2023-03-15T16:06:48.953+0000] {processor.py:756} INFO - Processing file /home/airflow/.local/lib/python3.7/site-packages/airflow/example_dags/example_short_circuit_decorator.py for tasks to queue
[2023-03-15T16:06:48.954+0000] {logging_mixin.py:120} INFO - [2023-03-15T16:06:48.954+0000] {dagbag.py:537} INFO - Filling up the DagBag from /home/airflow/.local/lib/python3.7/site-packages/airflow/example_dags/example_short_circuit_decorator.py
[2023-03-15T16:06:48.972+0000] {processor.py:766} INFO - DAG(s) dict_keys(['example_short_circuit_decorator']) retrieved from /home/airflow/.local/lib/python3.7/site-packages/airflow/example_dags/example_short_circuit_decorator.py
[2023-03-15T16:06:49.004+0000] {logging_mixin.py:120} INFO - [2023-03-15T16:06:49.004+0000] {dag.py:2585} INFO - Sync 1 DAGs
[2023-03-15T16:06:49.021+0000] {logging_mixin.py:120} INFO - [2023-03-15T16:06:49.020+0000] {dag.py:3340} INFO - Setting next_dagrun for example_short_circuit_decorator to 2023-03-14T16:06:49.020741+00:00, run_after=2023-03-15T16:06:49.020741+00:00
[2023-03-15T16:06:49.032+0000] {processor.py:176} INFO - Processing /home/airflow/.local/lib/python3.7/site-packages/airflow/example_dags/example_short_circuit_decorator.py took 0.083 seconds
[2023-03-15T16:07:19.428+0000] {processor.py:154} INFO - Started process (PID=753) to work on /home/airflow/.local/lib/python3.7/site-packages/airflow/example_dags/example_short_circuit_decorator.py
[2023-03-15T16:07:19.431+0000] {processor.py:756} INFO - Processing file /home/airflow/.local/lib/python3.7/site-packages/airflow/example_dags/example_short_circuit_decorator.py for tasks to queue
[2023-03-15T16:07:19.432+0000] {logging_mixin.py:120} INFO - [2023-03-15T16:07:19.432+0000] {dagbag.py:537} INFO - Filling up the DagBag from /home/airflow/.local/lib/python3.7/site-packages/airflow/example_dags/example_short_circuit_decorator.py
[2023-03-15T16:07:19.448+0000] {processor.py:766} INFO - DAG(s) dict_keys(['example_short_circuit_decorator']) retrieved from /home/airflow/.local/lib/python3.7/site-packages/airflow/example_dags/example_short_circuit_decorator.py
[2023-03-15T16:07:19.478+0000] {logging_mixin.py:120} INFO - [2023-03-15T16:07:19.477+0000] {dag.py:2585} INFO - Sync 1 DAGs
[2023-03-15T16:07:19.493+0000] {logging_mixin.py:120} INFO - [2023-03-15T16:07:19.493+0000] {dag.py:3340} INFO - Setting next_dagrun for example_short_circuit_decorator to 2023-03-14T16:07:19.493397+00:00, run_after=2023-03-15T16:07:19.493397+00:00
[2023-03-15T16:07:19.505+0000] {processor.py:176} INFO - Processing /home/airflow/.local/lib/python3.7/site-packages/airflow/example_dags/example_short_circuit_decorator.py took 0.082 seconds
[2023-03-15T16:07:50.194+0000] {processor.py:154} INFO - Started process (PID=809) to work on /home/airflow/.local/lib/python3.7/site-packages/airflow/example_dags/example_short_circuit_decorator.py
[2023-03-15T16:07:50.196+0000] {processor.py:756} INFO - Processing file /home/airflow/.local/lib/python3.7/site-packages/airflow/example_dags/example_short_circuit_decorator.py for tasks to queue
[2023-03-15T16:07:50.197+0000] {logging_mixin.py:120} INFO - [2023-03-15T16:07:50.197+0000] {dagbag.py:537} INFO - Filling up the DagBag from /home/airflow/.local/lib/python3.7/site-packages/airflow/example_dags/example_short_circuit_decorator.py
[2023-03-15T16:07:50.217+0000] {processor.py:766} INFO - DAG(s) dict_keys(['example_short_circuit_decorator']) retrieved from /home/airflow/.local/lib/python3.7/site-packages/airflow/example_dags/example_short_circuit_decorator.py
[2023-03-15T16:07:50.253+0000] {logging_mixin.py:120} INFO - [2023-03-15T16:07:50.253+0000] {dag.py:2585} INFO - Sync 1 DAGs
[2023-03-15T16:07:50.275+0000] {logging_mixin.py:120} INFO - [2023-03-15T16:07:50.274+0000] {dag.py:3340} INFO - Setting next_dagrun for example_short_circuit_decorator to 2023-03-14T16:07:50.274706+00:00, run_after=2023-03-15T16:07:50.274706+00:00
[2023-03-15T16:07:50.294+0000] {processor.py:176} INFO - Processing /home/airflow/.local/lib/python3.7/site-packages/airflow/example_dags/example_short_circuit_decorator.py took 0.102 seconds
[2023-03-15T16:08:21.154+0000] {processor.py:154} INFO - Started process (PID=902) to work on /home/airflow/.local/lib/python3.7/site-packages/airflow/example_dags/example_short_circuit_decorator.py
[2023-03-15T16:08:21.156+0000] {processor.py:756} INFO - Processing file /home/airflow/.local/lib/python3.7/site-packages/airflow/example_dags/example_short_circuit_decorator.py for tasks to queue
[2023-03-15T16:08:21.158+0000] {logging_mixin.py:120} INFO - [2023-03-15T16:08:21.158+0000] {dagbag.py:537} INFO - Filling up the DagBag from /home/airflow/.local/lib/python3.7/site-packages/airflow/example_dags/example_short_circuit_decorator.py
[2023-03-15T16:08:21.198+0000] {processor.py:766} INFO - DAG(s) dict_keys(['example_short_circuit_decorator']) retrieved from /home/airflow/.local/lib/python3.7/site-packages/airflow/example_dags/example_short_circuit_decorator.py
[2023-03-15T16:08:21.288+0000] {logging_mixin.py:120} INFO - [2023-03-15T16:08:21.288+0000] {dag.py:2585} INFO - Sync 1 DAGs
[2023-03-15T16:08:21.328+0000] {logging_mixin.py:120} INFO - [2023-03-15T16:08:21.328+0000] {dag.py:3340} INFO - Setting next_dagrun for example_short_circuit_decorator to 2023-03-14T16:08:21.327755+00:00, run_after=2023-03-15T16:08:21.327755+00:00
[2023-03-15T16:08:21.374+0000] {processor.py:176} INFO - Processing /home/airflow/.local/lib/python3.7/site-packages/airflow/example_dags/example_short_circuit_decorator.py took 0.227 seconds
[2023-03-15T16:08:51.895+0000] {processor.py:154} INFO - Started process (PID=1040) to work on /home/airflow/.local/lib/python3.7/site-packages/airflow/example_dags/example_short_circuit_decorator.py
[2023-03-15T16:08:51.897+0000] {processor.py:756} INFO - Processing file /home/airflow/.local/lib/python3.7/site-packages/airflow/example_dags/example_short_circuit_decorator.py for tasks to queue
[2023-03-15T16:08:51.898+0000] {logging_mixin.py:120} INFO - [2023-03-15T16:08:51.898+0000] {dagbag.py:537} INFO - Filling up the DagBag from /home/airflow/.local/lib/python3.7/site-packages/airflow/example_dags/example_short_circuit_decorator.py
[2023-03-15T16:08:51.920+0000] {processor.py:766} INFO - DAG(s) dict_keys(['example_short_circuit_decorator']) retrieved from /home/airflow/.local/lib/python3.7/site-packages/airflow/example_dags/example_short_circuit_decorator.py
[2023-03-15T16:08:51.965+0000] {logging_mixin.py:120} INFO - [2023-03-15T16:08:51.965+0000] {dag.py:2585} INFO - Sync 1 DAGs
[2023-03-15T16:08:51.986+0000] {logging_mixin.py:120} INFO - [2023-03-15T16:08:51.986+0000] {dag.py:3340} INFO - Setting next_dagrun for example_short_circuit_decorator to 2023-03-14T16:08:51.986664+00:00, run_after=2023-03-15T16:08:51.986664+00:00
[2023-03-15T16:08:52.001+0000] {processor.py:176} INFO - Processing /home/airflow/.local/lib/python3.7/site-packages/airflow/example_dags/example_short_circuit_decorator.py took 0.109 seconds
[2023-03-15T16:09:22.348+0000] {processor.py:154} INFO - Started process (PID=1229) to work on /home/airflow/.local/lib/python3.7/site-packages/airflow/example_dags/example_short_circuit_decorator.py
[2023-03-15T16:09:22.352+0000] {processor.py:756} INFO - Processing file /home/airflow/.local/lib/python3.7/site-packages/airflow/example_dags/example_short_circuit_decorator.py for tasks to queue
[2023-03-15T16:09:22.353+0000] {logging_mixin.py:120} INFO - [2023-03-15T16:09:22.353+0000] {dagbag.py:537} INFO - Filling up the DagBag from /home/airflow/.local/lib/python3.7/site-packages/airflow/example_dags/example_short_circuit_decorator.py
[2023-03-15T16:09:22.375+0000] {processor.py:766} INFO - DAG(s) dict_keys(['example_short_circuit_decorator']) retrieved from /home/airflow/.local/lib/python3.7/site-packages/airflow/example_dags/example_short_circuit_decorator.py
[2023-03-15T16:09:22.419+0000] {logging_mixin.py:120} INFO - [2023-03-15T16:09:22.419+0000] {dag.py:2585} INFO - Sync 1 DAGs
[2023-03-15T16:09:22.445+0000] {logging_mixin.py:120} INFO - [2023-03-15T16:09:22.444+0000] {dag.py:3340} INFO - Setting next_dagrun for example_short_circuit_decorator to 2023-03-14T16:09:22.444759+00:00, run_after=2023-03-15T16:09:22.444759+00:00
[2023-03-15T16:09:22.477+0000] {processor.py:176} INFO - Processing /home/airflow/.local/lib/python3.7/site-packages/airflow/example_dags/example_short_circuit_decorator.py took 0.132 seconds
[2023-03-15T16:09:53.008+0000] {processor.py:154} INFO - Started process (PID=1452) to work on /home/airflow/.local/lib/python3.7/site-packages/airflow/example_dags/example_short_circuit_decorator.py
[2023-03-15T16:09:53.012+0000] {processor.py:756} INFO - Processing file /home/airflow/.local/lib/python3.7/site-packages/airflow/example_dags/example_short_circuit_decorator.py for tasks to queue
[2023-03-15T16:09:53.013+0000] {logging_mixin.py:120} INFO - [2023-03-15T16:09:53.013+0000] {dagbag.py:537} INFO - Filling up the DagBag from /home/airflow/.local/lib/python3.7/site-packages/airflow/example_dags/example_short_circuit_decorator.py
[2023-03-15T16:09:53.051+0000] {processor.py:766} INFO - DAG(s) dict_keys(['example_short_circuit_decorator']) retrieved from /home/airflow/.local/lib/python3.7/site-packages/airflow/example_dags/example_short_circuit_decorator.py
[2023-03-15T16:09:53.111+0000] {logging_mixin.py:120} INFO - [2023-03-15T16:09:53.110+0000] {dag.py:2585} INFO - Sync 1 DAGs
[2023-03-15T16:09:53.133+0000] {logging_mixin.py:120} INFO - [2023-03-15T16:09:53.133+0000] {dag.py:3340} INFO - Setting next_dagrun for example_short_circuit_decorator to 2023-03-14T16:09:53.132834+00:00, run_after=2023-03-15T16:09:53.132834+00:00
[2023-03-15T16:09:53.149+0000] {processor.py:176} INFO - Processing /home/airflow/.local/lib/python3.7/site-packages/airflow/example_dags/example_short_circuit_decorator.py took 0.144 seconds
[2023-03-15T16:10:23.325+0000] {processor.py:154} INFO - Started process (PID=1669) to work on /home/airflow/.local/lib/python3.7/site-packages/airflow/example_dags/example_short_circuit_decorator.py
[2023-03-15T16:10:23.328+0000] {processor.py:756} INFO - Processing file /home/airflow/.local/lib/python3.7/site-packages/airflow/example_dags/example_short_circuit_decorator.py for tasks to queue
[2023-03-15T16:10:23.329+0000] {logging_mixin.py:120} INFO - [2023-03-15T16:10:23.329+0000] {dagbag.py:537} INFO - Filling up the DagBag from /home/airflow/.local/lib/python3.7/site-packages/airflow/example_dags/example_short_circuit_decorator.py
[2023-03-15T16:10:23.377+0000] {processor.py:766} INFO - DAG(s) dict_keys(['example_short_circuit_decorator']) retrieved from /home/airflow/.local/lib/python3.7/site-packages/airflow/example_dags/example_short_circuit_decorator.py
[2023-03-15T16:10:23.454+0000] {logging_mixin.py:120} INFO - [2023-03-15T16:10:23.454+0000] {dag.py:2585} INFO - Sync 1 DAGs
[2023-03-15T16:10:23.498+0000] {logging_mixin.py:120} INFO - [2023-03-15T16:10:23.494+0000] {dag.py:3340} INFO - Setting next_dagrun for example_short_circuit_decorator to 2023-03-14T16:10:23.494432+00:00, run_after=2023-03-15T16:10:23.494432+00:00
[2023-03-15T16:10:23.515+0000] {processor.py:176} INFO - Processing /home/airflow/.local/lib/python3.7/site-packages/airflow/example_dags/example_short_circuit_decorator.py took 0.194 seconds
[2023-03-15T16:10:53.597+0000] {processor.py:154} INFO - Started process (PID=1899) to work on /home/airflow/.local/lib/python3.7/site-packages/airflow/example_dags/example_short_circuit_decorator.py
[2023-03-15T16:10:53.611+0000] {processor.py:756} INFO - Processing file /home/airflow/.local/lib/python3.7/site-packages/airflow/example_dags/example_short_circuit_decorator.py for tasks to queue
[2023-03-15T16:10:53.616+0000] {logging_mixin.py:120} INFO - [2023-03-15T16:10:53.615+0000] {dagbag.py:537} INFO - Filling up the DagBag from /home/airflow/.local/lib/python3.7/site-packages/airflow/example_dags/example_short_circuit_decorator.py
[2023-03-15T16:10:53.675+0000] {processor.py:766} INFO - DAG(s) dict_keys(['example_short_circuit_decorator']) retrieved from /home/airflow/.local/lib/python3.7/site-packages/airflow/example_dags/example_short_circuit_decorator.py
[2023-03-15T16:10:53.736+0000] {logging_mixin.py:120} INFO - [2023-03-15T16:10:53.736+0000] {dag.py:2585} INFO - Sync 1 DAGs
[2023-03-15T16:10:53.761+0000] {logging_mixin.py:120} INFO - [2023-03-15T16:10:53.761+0000] {dag.py:3340} INFO - Setting next_dagrun for example_short_circuit_decorator to 2023-03-14T16:10:53.760770+00:00, run_after=2023-03-15T16:10:53.760770+00:00
[2023-03-15T16:10:53.789+0000] {processor.py:176} INFO - Processing /home/airflow/.local/lib/python3.7/site-packages/airflow/example_dags/example_short_circuit_decorator.py took 0.195 seconds
[2023-03-15T16:11:24.036+0000] {processor.py:154} INFO - Started process (PID=2093) to work on /home/airflow/.local/lib/python3.7/site-packages/airflow/example_dags/example_short_circuit_decorator.py
[2023-03-15T16:11:24.038+0000] {processor.py:756} INFO - Processing file /home/airflow/.local/lib/python3.7/site-packages/airflow/example_dags/example_short_circuit_decorator.py for tasks to queue
[2023-03-15T16:11:24.039+0000] {logging_mixin.py:120} INFO - [2023-03-15T16:11:24.039+0000] {dagbag.py:537} INFO - Filling up the DagBag from /home/airflow/.local/lib/python3.7/site-packages/airflow/example_dags/example_short_circuit_decorator.py
[2023-03-15T16:11:24.069+0000] {processor.py:766} INFO - DAG(s) dict_keys(['example_short_circuit_decorator']) retrieved from /home/airflow/.local/lib/python3.7/site-packages/airflow/example_dags/example_short_circuit_decorator.py
[2023-03-15T16:11:24.126+0000] {logging_mixin.py:120} INFO - [2023-03-15T16:11:24.126+0000] {dag.py:2585} INFO - Sync 1 DAGs
[2023-03-15T16:11:24.151+0000] {logging_mixin.py:120} INFO - [2023-03-15T16:11:24.151+0000] {dag.py:3340} INFO - Setting next_dagrun for example_short_circuit_decorator to 2023-03-14T16:11:24.151241+00:00, run_after=2023-03-15T16:11:24.151241+00:00
[2023-03-15T16:11:24.181+0000] {processor.py:176} INFO - Processing /home/airflow/.local/lib/python3.7/site-packages/airflow/example_dags/example_short_circuit_decorator.py took 0.148 seconds
[2023-03-15T16:11:54.861+0000] {processor.py:154} INFO - Started process (PID=2309) to work on /home/airflow/.local/lib/python3.7/site-packages/airflow/example_dags/example_short_circuit_decorator.py
[2023-03-15T16:11:54.867+0000] {processor.py:756} INFO - Processing file /home/airflow/.local/lib/python3.7/site-packages/airflow/example_dags/example_short_circuit_decorator.py for tasks to queue
[2023-03-15T16:11:54.868+0000] {logging_mixin.py:120} INFO - [2023-03-15T16:11:54.868+0000] {dagbag.py:537} INFO - Filling up the DagBag from /home/airflow/.local/lib/python3.7/site-packages/airflow/example_dags/example_short_circuit_decorator.py
[2023-03-15T16:11:54.902+0000] {processor.py:766} INFO - DAG(s) dict_keys(['example_short_circuit_decorator']) retrieved from /home/airflow/.local/lib/python3.7/site-packages/airflow/example_dags/example_short_circuit_decorator.py
[2023-03-15T16:11:54.965+0000] {logging_mixin.py:120} INFO - [2023-03-15T16:11:54.964+0000] {dag.py:2585} INFO - Sync 1 DAGs
[2023-03-15T16:11:54.998+0000] {logging_mixin.py:120} INFO - [2023-03-15T16:11:54.997+0000] {dag.py:3340} INFO - Setting next_dagrun for example_short_circuit_decorator to 2023-03-14T16:11:54.997733+00:00, run_after=2023-03-15T16:11:54.997733+00:00
[2023-03-15T16:11:55.037+0000] {processor.py:176} INFO - Processing /home/airflow/.local/lib/python3.7/site-packages/airflow/example_dags/example_short_circuit_decorator.py took 0.179 seconds
[2023-03-15T16:12:25.228+0000] {processor.py:154} INFO - Started process (PID=2528) to work on /home/airflow/.local/lib/python3.7/site-packages/airflow/example_dags/example_short_circuit_decorator.py
[2023-03-15T16:12:25.229+0000] {processor.py:756} INFO - Processing file /home/airflow/.local/lib/python3.7/site-packages/airflow/example_dags/example_short_circuit_decorator.py for tasks to queue
[2023-03-15T16:12:25.231+0000] {logging_mixin.py:120} INFO - [2023-03-15T16:12:25.231+0000] {dagbag.py:537} INFO - Filling up the DagBag from /home/airflow/.local/lib/python3.7/site-packages/airflow/example_dags/example_short_circuit_decorator.py
[2023-03-15T16:12:25.268+0000] {processor.py:766} INFO - DAG(s) dict_keys(['example_short_circuit_decorator']) retrieved from /home/airflow/.local/lib/python3.7/site-packages/airflow/example_dags/example_short_circuit_decorator.py
[2023-03-15T16:12:25.337+0000] {logging_mixin.py:120} INFO - [2023-03-15T16:12:25.337+0000] {dag.py:2585} INFO - Sync 1 DAGs
[2023-03-15T16:12:25.367+0000] {logging_mixin.py:120} INFO - [2023-03-15T16:12:25.367+0000] {dag.py:3340} INFO - Setting next_dagrun for example_short_circuit_decorator to 2023-03-14T16:12:25.367251+00:00, run_after=2023-03-15T16:12:25.367251+00:00
[2023-03-15T16:12:25.388+0000] {processor.py:176} INFO - Processing /home/airflow/.local/lib/python3.7/site-packages/airflow/example_dags/example_short_circuit_decorator.py took 0.163 seconds
[2023-03-15T16:12:55.960+0000] {processor.py:154} INFO - Started process (PID=2743) to work on /home/airflow/.local/lib/python3.7/site-packages/airflow/example_dags/example_short_circuit_decorator.py
[2023-03-15T16:12:55.967+0000] {processor.py:756} INFO - Processing file /home/airflow/.local/lib/python3.7/site-packages/airflow/example_dags/example_short_circuit_decorator.py for tasks to queue
[2023-03-15T16:12:55.971+0000] {logging_mixin.py:120} INFO - [2023-03-15T16:12:55.970+0000] {dagbag.py:537} INFO - Filling up the DagBag from /home/airflow/.local/lib/python3.7/site-packages/airflow/example_dags/example_short_circuit_decorator.py
[2023-03-15T16:12:56.016+0000] {processor.py:766} INFO - DAG(s) dict_keys(['example_short_circuit_decorator']) retrieved from /home/airflow/.local/lib/python3.7/site-packages/airflow/example_dags/example_short_circuit_decorator.py
[2023-03-15T16:12:56.094+0000] {logging_mixin.py:120} INFO - [2023-03-15T16:12:56.094+0000] {dag.py:2585} INFO - Sync 1 DAGs
[2023-03-15T16:12:56.121+0000] {logging_mixin.py:120} INFO - [2023-03-15T16:12:56.121+0000] {dag.py:3340} INFO - Setting next_dagrun for example_short_circuit_decorator to 2023-03-14T16:12:56.121042+00:00, run_after=2023-03-15T16:12:56.121042+00:00
[2023-03-15T16:12:56.138+0000] {processor.py:176} INFO - Processing /home/airflow/.local/lib/python3.7/site-packages/airflow/example_dags/example_short_circuit_decorator.py took 0.187 seconds
[2023-03-15T16:13:26.581+0000] {processor.py:154} INFO - Started process (PID=2876) to work on /home/airflow/.local/lib/python3.7/site-packages/airflow/example_dags/example_short_circuit_decorator.py
[2023-03-15T16:13:26.582+0000] {processor.py:756} INFO - Processing file /home/airflow/.local/lib/python3.7/site-packages/airflow/example_dags/example_short_circuit_decorator.py for tasks to queue
[2023-03-15T16:13:26.583+0000] {logging_mixin.py:120} INFO - [2023-03-15T16:13:26.583+0000] {dagbag.py:537} INFO - Filling up the DagBag from /home/airflow/.local/lib/python3.7/site-packages/airflow/example_dags/example_short_circuit_decorator.py
[2023-03-15T16:13:26.599+0000] {processor.py:766} INFO - DAG(s) dict_keys(['example_short_circuit_decorator']) retrieved from /home/airflow/.local/lib/python3.7/site-packages/airflow/example_dags/example_short_circuit_decorator.py
[2023-03-15T16:13:26.629+0000] {logging_mixin.py:120} INFO - [2023-03-15T16:13:26.628+0000] {dag.py:2585} INFO - Sync 1 DAGs
[2023-03-15T16:13:26.644+0000] {logging_mixin.py:120} INFO - [2023-03-15T16:13:26.643+0000] {dag.py:3340} INFO - Setting next_dagrun for example_short_circuit_decorator to 2023-03-14T16:13:26.643774+00:00, run_after=2023-03-15T16:13:26.643774+00:00
[2023-03-15T16:13:26.655+0000] {processor.py:176} INFO - Processing /home/airflow/.local/lib/python3.7/site-packages/airflow/example_dags/example_short_circuit_decorator.py took 0.076 seconds
[2023-03-15T16:29:49.040+0000] {processor.py:154} INFO - Started process (PID=2918) to work on /home/airflow/.local/lib/python3.7/site-packages/airflow/example_dags/example_short_circuit_decorator.py
[2023-03-15T16:29:49.041+0000] {processor.py:756} INFO - Processing file /home/airflow/.local/lib/python3.7/site-packages/airflow/example_dags/example_short_circuit_decorator.py for tasks to queue
[2023-03-15T16:29:49.045+0000] {logging_mixin.py:120} INFO - [2023-03-15T16:29:49.045+0000] {dagbag.py:537} INFO - Filling up the DagBag from /home/airflow/.local/lib/python3.7/site-packages/airflow/example_dags/example_short_circuit_decorator.py
[2023-03-15T16:29:49.073+0000] {processor.py:766} INFO - DAG(s) dict_keys(['example_short_circuit_decorator']) retrieved from /home/airflow/.local/lib/python3.7/site-packages/airflow/example_dags/example_short_circuit_decorator.py
[2023-03-15T16:29:49.112+0000] {logging_mixin.py:120} INFO - [2023-03-15T16:29:49.112+0000] {dag.py:2585} INFO - Sync 1 DAGs
[2023-03-15T16:29:49.136+0000] {logging_mixin.py:120} INFO - [2023-03-15T16:29:49.136+0000] {dag.py:3340} INFO - Setting next_dagrun for example_short_circuit_decorator to 2023-03-14T16:29:49.136142+00:00, run_after=2023-03-15T16:29:49.136142+00:00
[2023-03-15T16:29:49.153+0000] {processor.py:176} INFO - Processing /home/airflow/.local/lib/python3.7/site-packages/airflow/example_dags/example_short_circuit_decorator.py took 0.116 seconds
[2023-03-15T16:30:19.615+0000] {processor.py:154} INFO - Started process (PID=2983) to work on /home/airflow/.local/lib/python3.7/site-packages/airflow/example_dags/example_short_circuit_decorator.py
[2023-03-15T16:30:19.616+0000] {processor.py:756} INFO - Processing file /home/airflow/.local/lib/python3.7/site-packages/airflow/example_dags/example_short_circuit_decorator.py for tasks to queue
[2023-03-15T16:30:19.617+0000] {logging_mixin.py:120} INFO - [2023-03-15T16:30:19.617+0000] {dagbag.py:537} INFO - Filling up the DagBag from /home/airflow/.local/lib/python3.7/site-packages/airflow/example_dags/example_short_circuit_decorator.py
[2023-03-15T16:30:19.634+0000] {processor.py:766} INFO - DAG(s) dict_keys(['example_short_circuit_decorator']) retrieved from /home/airflow/.local/lib/python3.7/site-packages/airflow/example_dags/example_short_circuit_decorator.py
[2023-03-15T16:30:19.662+0000] {logging_mixin.py:120} INFO - [2023-03-15T16:30:19.662+0000] {dag.py:2585} INFO - Sync 1 DAGs
[2023-03-15T16:30:19.678+0000] {logging_mixin.py:120} INFO - [2023-03-15T16:30:19.678+0000] {dag.py:3340} INFO - Setting next_dagrun for example_short_circuit_decorator to 2023-03-14T16:30:19.677952+00:00, run_after=2023-03-15T16:30:19.677952+00:00
[2023-03-15T16:30:19.691+0000] {processor.py:176} INFO - Processing /home/airflow/.local/lib/python3.7/site-packages/airflow/example_dags/example_short_circuit_decorator.py took 0.079 seconds
[2023-03-15T16:47:14.713+0000] {processor.py:154} INFO - Started process (PID=3039) to work on /home/airflow/.local/lib/python3.7/site-packages/airflow/example_dags/example_short_circuit_decorator.py
[2023-03-15T16:47:14.714+0000] {processor.py:756} INFO - Processing file /home/airflow/.local/lib/python3.7/site-packages/airflow/example_dags/example_short_circuit_decorator.py for tasks to queue
[2023-03-15T16:47:14.715+0000] {logging_mixin.py:120} INFO - [2023-03-15T16:47:14.715+0000] {dagbag.py:537} INFO - Filling up the DagBag from /home/airflow/.local/lib/python3.7/site-packages/airflow/example_dags/example_short_circuit_decorator.py
[2023-03-15T16:47:14.735+0000] {processor.py:766} INFO - DAG(s) dict_keys(['example_short_circuit_decorator']) retrieved from /home/airflow/.local/lib/python3.7/site-packages/airflow/example_dags/example_short_circuit_decorator.py
[2023-03-15T16:47:14.779+0000] {logging_mixin.py:120} INFO - [2023-03-15T16:47:14.779+0000] {dag.py:2585} INFO - Sync 1 DAGs
[2023-03-15T16:47:14.801+0000] {logging_mixin.py:120} INFO - [2023-03-15T16:47:14.801+0000] {dag.py:3340} INFO - Setting next_dagrun for example_short_circuit_decorator to 2023-03-14T16:47:14.801412+00:00, run_after=2023-03-15T16:47:14.801412+00:00
[2023-03-15T16:47:14.815+0000] {processor.py:176} INFO - Processing /home/airflow/.local/lib/python3.7/site-packages/airflow/example_dags/example_short_circuit_decorator.py took 0.105 seconds
[2023-03-15T16:47:45.314+0000] {processor.py:154} INFO - Started process (PID=3104) to work on /home/airflow/.local/lib/python3.7/site-packages/airflow/example_dags/example_short_circuit_decorator.py
[2023-03-15T16:47:45.315+0000] {processor.py:756} INFO - Processing file /home/airflow/.local/lib/python3.7/site-packages/airflow/example_dags/example_short_circuit_decorator.py for tasks to queue
[2023-03-15T16:47:45.316+0000] {logging_mixin.py:120} INFO - [2023-03-15T16:47:45.316+0000] {dagbag.py:537} INFO - Filling up the DagBag from /home/airflow/.local/lib/python3.7/site-packages/airflow/example_dags/example_short_circuit_decorator.py
[2023-03-15T16:47:45.332+0000] {processor.py:766} INFO - DAG(s) dict_keys(['example_short_circuit_decorator']) retrieved from /home/airflow/.local/lib/python3.7/site-packages/airflow/example_dags/example_short_circuit_decorator.py
[2023-03-15T16:47:45.365+0000] {logging_mixin.py:120} INFO - [2023-03-15T16:47:45.365+0000] {dag.py:2585} INFO - Sync 1 DAGs
[2023-03-15T16:47:45.381+0000] {logging_mixin.py:120} INFO - [2023-03-15T16:47:45.381+0000] {dag.py:3340} INFO - Setting next_dagrun for example_short_circuit_decorator to 2023-03-14T16:47:45.381272+00:00, run_after=2023-03-15T16:47:45.381272+00:00
[2023-03-15T16:47:45.392+0000] {processor.py:176} INFO - Processing /home/airflow/.local/lib/python3.7/site-packages/airflow/example_dags/example_short_circuit_decorator.py took 0.081 seconds
[2023-03-15T16:59:22.099+0000] {processor.py:154} INFO - Started process (PID=3169) to work on /home/airflow/.local/lib/python3.7/site-packages/airflow/example_dags/example_short_circuit_decorator.py
[2023-03-15T16:59:22.100+0000] {processor.py:756} INFO - Processing file /home/airflow/.local/lib/python3.7/site-packages/airflow/example_dags/example_short_circuit_decorator.py for tasks to queue
[2023-03-15T16:59:22.101+0000] {logging_mixin.py:120} INFO - [2023-03-15T16:59:22.101+0000] {dagbag.py:537} INFO - Filling up the DagBag from /home/airflow/.local/lib/python3.7/site-packages/airflow/example_dags/example_short_circuit_decorator.py
[2023-03-15T16:59:22.124+0000] {processor.py:766} INFO - DAG(s) dict_keys(['example_short_circuit_decorator']) retrieved from /home/airflow/.local/lib/python3.7/site-packages/airflow/example_dags/example_short_circuit_decorator.py
[2023-03-15T16:59:22.171+0000] {logging_mixin.py:120} INFO - [2023-03-15T16:59:22.171+0000] {dag.py:2585} INFO - Sync 1 DAGs
[2023-03-15T16:59:22.193+0000] {logging_mixin.py:120} INFO - [2023-03-15T16:59:22.193+0000] {dag.py:3340} INFO - Setting next_dagrun for example_short_circuit_decorator to 2023-03-14T16:59:22.193120+00:00, run_after=2023-03-15T16:59:22.193120+00:00
[2023-03-15T16:59:22.211+0000] {processor.py:176} INFO - Processing /home/airflow/.local/lib/python3.7/site-packages/airflow/example_dags/example_short_circuit_decorator.py took 0.115 seconds
[2023-03-15T16:59:52.869+0000] {processor.py:154} INFO - Started process (PID=3234) to work on /home/airflow/.local/lib/python3.7/site-packages/airflow/example_dags/example_short_circuit_decorator.py
[2023-03-15T16:59:52.870+0000] {processor.py:756} INFO - Processing file /home/airflow/.local/lib/python3.7/site-packages/airflow/example_dags/example_short_circuit_decorator.py for tasks to queue
[2023-03-15T16:59:52.871+0000] {logging_mixin.py:120} INFO - [2023-03-15T16:59:52.871+0000] {dagbag.py:537} INFO - Filling up the DagBag from /home/airflow/.local/lib/python3.7/site-packages/airflow/example_dags/example_short_circuit_decorator.py
[2023-03-15T16:59:52.887+0000] {processor.py:766} INFO - DAG(s) dict_keys(['example_short_circuit_decorator']) retrieved from /home/airflow/.local/lib/python3.7/site-packages/airflow/example_dags/example_short_circuit_decorator.py
[2023-03-15T16:59:52.917+0000] {logging_mixin.py:120} INFO - [2023-03-15T16:59:52.917+0000] {dag.py:2585} INFO - Sync 1 DAGs
[2023-03-15T16:59:52.932+0000] {logging_mixin.py:120} INFO - [2023-03-15T16:59:52.932+0000] {dag.py:3340} INFO - Setting next_dagrun for example_short_circuit_decorator to 2023-03-14T16:59:52.932566+00:00, run_after=2023-03-15T16:59:52.932566+00:00
[2023-03-15T16:59:52.943+0000] {processor.py:176} INFO - Processing /home/airflow/.local/lib/python3.7/site-packages/airflow/example_dags/example_short_circuit_decorator.py took 0.077 seconds
[2023-03-15T17:00:23.567+0000] {processor.py:154} INFO - Started process (PID=3298) to work on /home/airflow/.local/lib/python3.7/site-packages/airflow/example_dags/example_short_circuit_decorator.py
[2023-03-15T17:00:23.569+0000] {processor.py:756} INFO - Processing file /home/airflow/.local/lib/python3.7/site-packages/airflow/example_dags/example_short_circuit_decorator.py for tasks to queue
[2023-03-15T17:00:23.570+0000] {logging_mixin.py:120} INFO - [2023-03-15T17:00:23.570+0000] {dagbag.py:537} INFO - Filling up the DagBag from /home/airflow/.local/lib/python3.7/site-packages/airflow/example_dags/example_short_circuit_decorator.py
[2023-03-15T17:00:23.586+0000] {processor.py:766} INFO - DAG(s) dict_keys(['example_short_circuit_decorator']) retrieved from /home/airflow/.local/lib/python3.7/site-packages/airflow/example_dags/example_short_circuit_decorator.py
[2023-03-15T17:00:23.618+0000] {logging_mixin.py:120} INFO - [2023-03-15T17:00:23.618+0000] {dag.py:2585} INFO - Sync 1 DAGs
[2023-03-15T17:00:23.634+0000] {logging_mixin.py:120} INFO - [2023-03-15T17:00:23.634+0000] {dag.py:3340} INFO - Setting next_dagrun for example_short_circuit_decorator to 2023-03-14T17:00:23.634322+00:00, run_after=2023-03-15T17:00:23.634322+00:00
[2023-03-15T17:00:23.648+0000] {processor.py:176} INFO - Processing /home/airflow/.local/lib/python3.7/site-packages/airflow/example_dags/example_short_circuit_decorator.py took 0.084 seconds
[2023-03-15T17:00:54.033+0000] {processor.py:154} INFO - Started process (PID=3363) to work on /home/airflow/.local/lib/python3.7/site-packages/airflow/example_dags/example_short_circuit_decorator.py
[2023-03-15T17:00:54.035+0000] {processor.py:756} INFO - Processing file /home/airflow/.local/lib/python3.7/site-packages/airflow/example_dags/example_short_circuit_decorator.py for tasks to queue
[2023-03-15T17:00:54.035+0000] {logging_mixin.py:120} INFO - [2023-03-15T17:00:54.035+0000] {dagbag.py:537} INFO - Filling up the DagBag from /home/airflow/.local/lib/python3.7/site-packages/airflow/example_dags/example_short_circuit_decorator.py
[2023-03-15T17:00:54.052+0000] {processor.py:766} INFO - DAG(s) dict_keys(['example_short_circuit_decorator']) retrieved from /home/airflow/.local/lib/python3.7/site-packages/airflow/example_dags/example_short_circuit_decorator.py
[2023-03-15T17:00:54.082+0000] {logging_mixin.py:120} INFO - [2023-03-15T17:00:54.081+0000] {dag.py:2585} INFO - Sync 1 DAGs
[2023-03-15T17:00:54.096+0000] {logging_mixin.py:120} INFO - [2023-03-15T17:00:54.096+0000] {dag.py:3340} INFO - Setting next_dagrun for example_short_circuit_decorator to 2023-03-14T17:00:54.096484+00:00, run_after=2023-03-15T17:00:54.096484+00:00
[2023-03-15T17:00:54.108+0000] {processor.py:176} INFO - Processing /home/airflow/.local/lib/python3.7/site-packages/airflow/example_dags/example_short_circuit_decorator.py took 0.077 seconds
[2023-03-15T17:01:24.475+0000] {processor.py:154} INFO - Started process (PID=3419) to work on /home/airflow/.local/lib/python3.7/site-packages/airflow/example_dags/example_short_circuit_decorator.py
[2023-03-15T17:01:24.477+0000] {processor.py:756} INFO - Processing file /home/airflow/.local/lib/python3.7/site-packages/airflow/example_dags/example_short_circuit_decorator.py for tasks to queue
[2023-03-15T17:01:24.478+0000] {logging_mixin.py:120} INFO - [2023-03-15T17:01:24.478+0000] {dagbag.py:537} INFO - Filling up the DagBag from /home/airflow/.local/lib/python3.7/site-packages/airflow/example_dags/example_short_circuit_decorator.py
[2023-03-15T17:01:24.494+0000] {processor.py:766} INFO - DAG(s) dict_keys(['example_short_circuit_decorator']) retrieved from /home/airflow/.local/lib/python3.7/site-packages/airflow/example_dags/example_short_circuit_decorator.py
[2023-03-15T17:01:24.526+0000] {logging_mixin.py:120} INFO - [2023-03-15T17:01:24.526+0000] {dag.py:2585} INFO - Sync 1 DAGs
[2023-03-15T17:01:24.540+0000] {logging_mixin.py:120} INFO - [2023-03-15T17:01:24.540+0000] {dag.py:3340} INFO - Setting next_dagrun for example_short_circuit_decorator to 2023-03-14T17:01:24.540591+00:00, run_after=2023-03-15T17:01:24.540591+00:00
[2023-03-15T17:01:24.552+0000] {processor.py:176} INFO - Processing /home/airflow/.local/lib/python3.7/site-packages/airflow/example_dags/example_short_circuit_decorator.py took 0.080 seconds
[2023-03-15T17:01:54.920+0000] {processor.py:154} INFO - Started process (PID=3484) to work on /home/airflow/.local/lib/python3.7/site-packages/airflow/example_dags/example_short_circuit_decorator.py
[2023-03-15T17:01:54.921+0000] {processor.py:756} INFO - Processing file /home/airflow/.local/lib/python3.7/site-packages/airflow/example_dags/example_short_circuit_decorator.py for tasks to queue
[2023-03-15T17:01:54.922+0000] {logging_mixin.py:120} INFO - [2023-03-15T17:01:54.922+0000] {dagbag.py:537} INFO - Filling up the DagBag from /home/airflow/.local/lib/python3.7/site-packages/airflow/example_dags/example_short_circuit_decorator.py
[2023-03-15T17:01:54.938+0000] {processor.py:766} INFO - DAG(s) dict_keys(['example_short_circuit_decorator']) retrieved from /home/airflow/.local/lib/python3.7/site-packages/airflow/example_dags/example_short_circuit_decorator.py
[2023-03-15T17:01:54.968+0000] {logging_mixin.py:120} INFO - [2023-03-15T17:01:54.968+0000] {dag.py:2585} INFO - Sync 1 DAGs
[2023-03-15T17:01:54.984+0000] {logging_mixin.py:120} INFO - [2023-03-15T17:01:54.984+0000] {dag.py:3340} INFO - Setting next_dagrun for example_short_circuit_decorator to 2023-03-14T17:01:54.984544+00:00, run_after=2023-03-15T17:01:54.984544+00:00
[2023-03-15T17:01:54.995+0000] {processor.py:176} INFO - Processing /home/airflow/.local/lib/python3.7/site-packages/airflow/example_dags/example_short_circuit_decorator.py took 0.078 seconds
[2023-03-15T17:02:25.319+0000] {processor.py:154} INFO - Started process (PID=3549) to work on /home/airflow/.local/lib/python3.7/site-packages/airflow/example_dags/example_short_circuit_decorator.py
[2023-03-15T17:02:25.320+0000] {processor.py:756} INFO - Processing file /home/airflow/.local/lib/python3.7/site-packages/airflow/example_dags/example_short_circuit_decorator.py for tasks to queue
[2023-03-15T17:02:25.321+0000] {logging_mixin.py:120} INFO - [2023-03-15T17:02:25.321+0000] {dagbag.py:537} INFO - Filling up the DagBag from /home/airflow/.local/lib/python3.7/site-packages/airflow/example_dags/example_short_circuit_decorator.py
[2023-03-15T17:02:25.336+0000] {processor.py:766} INFO - DAG(s) dict_keys(['example_short_circuit_decorator']) retrieved from /home/airflow/.local/lib/python3.7/site-packages/airflow/example_dags/example_short_circuit_decorator.py
[2023-03-15T17:02:25.367+0000] {logging_mixin.py:120} INFO - [2023-03-15T17:02:25.367+0000] {dag.py:2585} INFO - Sync 1 DAGs
[2023-03-15T17:02:25.383+0000] {logging_mixin.py:120} INFO - [2023-03-15T17:02:25.382+0000] {dag.py:3340} INFO - Setting next_dagrun for example_short_circuit_decorator to 2023-03-14T17:02:25.382760+00:00, run_after=2023-03-15T17:02:25.382760+00:00
[2023-03-15T17:02:25.394+0000] {processor.py:176} INFO - Processing /home/airflow/.local/lib/python3.7/site-packages/airflow/example_dags/example_short_circuit_decorator.py took 0.078 seconds
[2023-03-15T17:02:55.765+0000] {processor.py:154} INFO - Started process (PID=3614) to work on /home/airflow/.local/lib/python3.7/site-packages/airflow/example_dags/example_short_circuit_decorator.py
[2023-03-15T17:02:55.766+0000] {processor.py:756} INFO - Processing file /home/airflow/.local/lib/python3.7/site-packages/airflow/example_dags/example_short_circuit_decorator.py for tasks to queue
[2023-03-15T17:02:55.767+0000] {logging_mixin.py:120} INFO - [2023-03-15T17:02:55.766+0000] {dagbag.py:537} INFO - Filling up the DagBag from /home/airflow/.local/lib/python3.7/site-packages/airflow/example_dags/example_short_circuit_decorator.py
[2023-03-15T17:02:55.784+0000] {processor.py:766} INFO - DAG(s) dict_keys(['example_short_circuit_decorator']) retrieved from /home/airflow/.local/lib/python3.7/site-packages/airflow/example_dags/example_short_circuit_decorator.py
[2023-03-15T17:02:55.818+0000] {logging_mixin.py:120} INFO - [2023-03-15T17:02:55.818+0000] {dag.py:2585} INFO - Sync 1 DAGs
[2023-03-15T17:02:55.835+0000] {logging_mixin.py:120} INFO - [2023-03-15T17:02:55.835+0000] {dag.py:3340} INFO - Setting next_dagrun for example_short_circuit_decorator to 2023-03-14T17:02:55.835486+00:00, run_after=2023-03-15T17:02:55.835486+00:00
[2023-03-15T17:02:55.847+0000] {processor.py:176} INFO - Processing /home/airflow/.local/lib/python3.7/site-packages/airflow/example_dags/example_short_circuit_decorator.py took 0.085 seconds
[2023-03-15T17:03:26.295+0000] {processor.py:154} INFO - Started process (PID=3679) to work on /home/airflow/.local/lib/python3.7/site-packages/airflow/example_dags/example_short_circuit_decorator.py
[2023-03-15T17:03:26.296+0000] {processor.py:756} INFO - Processing file /home/airflow/.local/lib/python3.7/site-packages/airflow/example_dags/example_short_circuit_decorator.py for tasks to queue
[2023-03-15T17:03:26.297+0000] {logging_mixin.py:120} INFO - [2023-03-15T17:03:26.297+0000] {dagbag.py:537} INFO - Filling up the DagBag from /home/airflow/.local/lib/python3.7/site-packages/airflow/example_dags/example_short_circuit_decorator.py
[2023-03-15T17:03:26.314+0000] {processor.py:766} INFO - DAG(s) dict_keys(['example_short_circuit_decorator']) retrieved from /home/airflow/.local/lib/python3.7/site-packages/airflow/example_dags/example_short_circuit_decorator.py
[2023-03-15T17:03:26.346+0000] {logging_mixin.py:120} INFO - [2023-03-15T17:03:26.346+0000] {dag.py:2585} INFO - Sync 1 DAGs
[2023-03-15T17:03:26.361+0000] {logging_mixin.py:120} INFO - [2023-03-15T17:03:26.361+0000] {dag.py:3340} INFO - Setting next_dagrun for example_short_circuit_decorator to 2023-03-14T17:03:26.361430+00:00, run_after=2023-03-15T17:03:26.361430+00:00
[2023-03-15T17:03:26.373+0000] {processor.py:176} INFO - Processing /home/airflow/.local/lib/python3.7/site-packages/airflow/example_dags/example_short_circuit_decorator.py took 0.081 seconds
[2023-03-15T17:03:56.727+0000] {processor.py:154} INFO - Started process (PID=3743) to work on /home/airflow/.local/lib/python3.7/site-packages/airflow/example_dags/example_short_circuit_decorator.py
[2023-03-15T17:03:56.728+0000] {processor.py:756} INFO - Processing file /home/airflow/.local/lib/python3.7/site-packages/airflow/example_dags/example_short_circuit_decorator.py for tasks to queue
[2023-03-15T17:03:56.729+0000] {logging_mixin.py:120} INFO - [2023-03-15T17:03:56.729+0000] {dagbag.py:537} INFO - Filling up the DagBag from /home/airflow/.local/lib/python3.7/site-packages/airflow/example_dags/example_short_circuit_decorator.py
[2023-03-15T17:03:56.746+0000] {processor.py:766} INFO - DAG(s) dict_keys(['example_short_circuit_decorator']) retrieved from /home/airflow/.local/lib/python3.7/site-packages/airflow/example_dags/example_short_circuit_decorator.py
[2023-03-15T17:03:56.777+0000] {logging_mixin.py:120} INFO - [2023-03-15T17:03:56.777+0000] {dag.py:2585} INFO - Sync 1 DAGs
[2023-03-15T17:03:56.793+0000] {logging_mixin.py:120} INFO - [2023-03-15T17:03:56.793+0000] {dag.py:3340} INFO - Setting next_dagrun for example_short_circuit_decorator to 2023-03-14T17:03:56.793040+00:00, run_after=2023-03-15T17:03:56.793040+00:00
[2023-03-15T17:03:56.803+0000] {processor.py:176} INFO - Processing /home/airflow/.local/lib/python3.7/site-packages/airflow/example_dags/example_short_circuit_decorator.py took 0.079 seconds
