[2023-03-15T16:01:38.161+0000] {processor.py:154} INFO - Started process (PID=43) to work on /home/airflow/.local/lib/python3.7/site-packages/airflow/example_dags/example_sla_dag.py
[2023-03-15T16:01:38.164+0000] {processor.py:756} INFO - Processing file /home/airflow/.local/lib/python3.7/site-packages/airflow/example_dags/example_sla_dag.py for tasks to queue
[2023-03-15T16:01:38.168+0000] {logging_mixin.py:120} INFO - [2023-03-15T16:01:38.168+0000] {dagbag.py:537} INFO - Filling up the DagBag from /home/airflow/.local/lib/python3.7/site-packages/airflow/example_dags/example_sla_dag.py
[2023-03-15T16:01:38.216+0000] {processor.py:766} INFO - DAG(s) dict_keys(['example_sla_dag']) retrieved from /home/airflow/.local/lib/python3.7/site-packages/airflow/example_dags/example_sla_dag.py
[2023-03-15T16:01:38.461+0000] {logging_mixin.py:120} INFO - [2023-03-15T16:01:38.461+0000] {manager.py:507} INFO - Created Permission View: can read on DAG:example_sla_dag
[2023-03-15T16:01:38.471+0000] {logging_mixin.py:120} INFO - [2023-03-15T16:01:38.471+0000] {manager.py:507} INFO - Created Permission View: can delete on DAG:example_sla_dag
[2023-03-15T16:01:38.485+0000] {logging_mixin.py:120} INFO - [2023-03-15T16:01:38.484+0000] {manager.py:507} INFO - Created Permission View: can edit on DAG:example_sla_dag
[2023-03-15T16:01:38.487+0000] {logging_mixin.py:120} INFO - [2023-03-15T16:01:38.486+0000] {dag.py:2585} INFO - Sync 1 DAGs
[2023-03-15T16:01:38.512+0000] {logging_mixin.py:120} INFO - [2023-03-15T16:01:38.512+0000] {dag.py:2606} INFO - Creating ORM DAG for example_sla_dag
[2023-03-15T16:01:38.527+0000] {logging_mixin.py:120} INFO - [2023-03-15T16:01:38.527+0000] {dag.py:3340} INFO - Setting next_dagrun for example_sla_dag to 2023-03-15T15:58:00+00:00, run_after=2023-03-15T16:00:00+00:00
[2023-03-15T16:01:38.557+0000] {processor.py:176} INFO - Processing /home/airflow/.local/lib/python3.7/site-packages/airflow/example_dags/example_sla_dag.py took 0.404 seconds
[2023-03-15T16:02:09.454+0000] {processor.py:154} INFO - Started process (PID=105) to work on /home/airflow/.local/lib/python3.7/site-packages/airflow/example_dags/example_sla_dag.py
[2023-03-15T16:02:09.456+0000] {processor.py:756} INFO - Processing file /home/airflow/.local/lib/python3.7/site-packages/airflow/example_dags/example_sla_dag.py for tasks to queue
[2023-03-15T16:02:09.456+0000] {logging_mixin.py:120} INFO - [2023-03-15T16:02:09.456+0000] {dagbag.py:537} INFO - Filling up the DagBag from /home/airflow/.local/lib/python3.7/site-packages/airflow/example_dags/example_sla_dag.py
[2023-03-15T16:02:09.474+0000] {processor.py:766} INFO - DAG(s) dict_keys(['example_sla_dag']) retrieved from /home/airflow/.local/lib/python3.7/site-packages/airflow/example_dags/example_sla_dag.py
[2023-03-15T16:02:09.506+0000] {logging_mixin.py:120} INFO - [2023-03-15T16:02:09.506+0000] {dag.py:2585} INFO - Sync 1 DAGs
[2023-03-15T16:02:09.524+0000] {logging_mixin.py:120} INFO - [2023-03-15T16:02:09.524+0000] {dag.py:3340} INFO - Setting next_dagrun for example_sla_dag to 2023-03-15T16:00:00+00:00, run_after=2023-03-15T16:02:00+00:00
[2023-03-15T16:02:09.535+0000] {processor.py:176} INFO - Processing /home/airflow/.local/lib/python3.7/site-packages/airflow/example_dags/example_sla_dag.py took 0.083 seconds
[2023-03-15T16:02:39.841+0000] {processor.py:154} INFO - Started process (PID=167) to work on /home/airflow/.local/lib/python3.7/site-packages/airflow/example_dags/example_sla_dag.py
[2023-03-15T16:02:39.842+0000] {processor.py:756} INFO - Processing file /home/airflow/.local/lib/python3.7/site-packages/airflow/example_dags/example_sla_dag.py for tasks to queue
[2023-03-15T16:02:39.843+0000] {logging_mixin.py:120} INFO - [2023-03-15T16:02:39.843+0000] {dagbag.py:537} INFO - Filling up the DagBag from /home/airflow/.local/lib/python3.7/site-packages/airflow/example_dags/example_sla_dag.py
[2023-03-15T16:02:39.861+0000] {processor.py:766} INFO - DAG(s) dict_keys(['example_sla_dag']) retrieved from /home/airflow/.local/lib/python3.7/site-packages/airflow/example_dags/example_sla_dag.py
[2023-03-15T16:02:39.893+0000] {logging_mixin.py:120} INFO - [2023-03-15T16:02:39.893+0000] {dag.py:2585} INFO - Sync 1 DAGs
[2023-03-15T16:02:39.911+0000] {logging_mixin.py:120} INFO - [2023-03-15T16:02:39.911+0000] {dag.py:3340} INFO - Setting next_dagrun for example_sla_dag to 2023-03-15T16:00:00+00:00, run_after=2023-03-15T16:02:00+00:00
[2023-03-15T16:02:39.925+0000] {processor.py:176} INFO - Processing /home/airflow/.local/lib/python3.7/site-packages/airflow/example_dags/example_sla_dag.py took 0.088 seconds
[2023-03-15T16:03:10.420+0000] {processor.py:154} INFO - Started process (PID=231) to work on /home/airflow/.local/lib/python3.7/site-packages/airflow/example_dags/example_sla_dag.py
[2023-03-15T16:03:10.421+0000] {processor.py:756} INFO - Processing file /home/airflow/.local/lib/python3.7/site-packages/airflow/example_dags/example_sla_dag.py for tasks to queue
[2023-03-15T16:03:10.423+0000] {logging_mixin.py:120} INFO - [2023-03-15T16:03:10.423+0000] {dagbag.py:537} INFO - Filling up the DagBag from /home/airflow/.local/lib/python3.7/site-packages/airflow/example_dags/example_sla_dag.py
[2023-03-15T16:03:10.444+0000] {processor.py:766} INFO - DAG(s) dict_keys(['example_sla_dag']) retrieved from /home/airflow/.local/lib/python3.7/site-packages/airflow/example_dags/example_sla_dag.py
[2023-03-15T16:03:10.498+0000] {logging_mixin.py:120} INFO - [2023-03-15T16:03:10.498+0000] {dag.py:2585} INFO - Sync 1 DAGs
[2023-03-15T16:03:10.530+0000] {logging_mixin.py:120} INFO - [2023-03-15T16:03:10.530+0000] {dag.py:3340} INFO - Setting next_dagrun for example_sla_dag to 2023-03-15T16:00:00+00:00, run_after=2023-03-15T16:02:00+00:00
[2023-03-15T16:03:10.543+0000] {processor.py:176} INFO - Processing /home/airflow/.local/lib/python3.7/site-packages/airflow/example_dags/example_sla_dag.py took 0.126 seconds
[2023-03-15T16:03:40.747+0000] {processor.py:154} INFO - Started process (PID=286) to work on /home/airflow/.local/lib/python3.7/site-packages/airflow/example_dags/example_sla_dag.py
[2023-03-15T16:03:40.749+0000] {processor.py:756} INFO - Processing file /home/airflow/.local/lib/python3.7/site-packages/airflow/example_dags/example_sla_dag.py for tasks to queue
[2023-03-15T16:03:40.749+0000] {logging_mixin.py:120} INFO - [2023-03-15T16:03:40.749+0000] {dagbag.py:537} INFO - Filling up the DagBag from /home/airflow/.local/lib/python3.7/site-packages/airflow/example_dags/example_sla_dag.py
[2023-03-15T16:03:40.766+0000] {processor.py:766} INFO - DAG(s) dict_keys(['example_sla_dag']) retrieved from /home/airflow/.local/lib/python3.7/site-packages/airflow/example_dags/example_sla_dag.py
[2023-03-15T16:03:40.801+0000] {logging_mixin.py:120} INFO - [2023-03-15T16:03:40.801+0000] {dag.py:2585} INFO - Sync 1 DAGs
[2023-03-15T16:03:40.819+0000] {logging_mixin.py:120} INFO - [2023-03-15T16:03:40.819+0000] {dag.py:3340} INFO - Setting next_dagrun for example_sla_dag to 2023-03-15T16:00:00+00:00, run_after=2023-03-15T16:02:00+00:00
[2023-03-15T16:03:40.831+0000] {processor.py:176} INFO - Processing /home/airflow/.local/lib/python3.7/site-packages/airflow/example_dags/example_sla_dag.py took 0.086 seconds
[2023-03-15T16:04:10.972+0000] {processor.py:154} INFO - Started process (PID=349) to work on /home/airflow/.local/lib/python3.7/site-packages/airflow/example_dags/example_sla_dag.py
[2023-03-15T16:04:10.974+0000] {processor.py:756} INFO - Processing file /home/airflow/.local/lib/python3.7/site-packages/airflow/example_dags/example_sla_dag.py for tasks to queue
[2023-03-15T16:04:10.975+0000] {logging_mixin.py:120} INFO - [2023-03-15T16:04:10.975+0000] {dagbag.py:537} INFO - Filling up the DagBag from /home/airflow/.local/lib/python3.7/site-packages/airflow/example_dags/example_sla_dag.py
[2023-03-15T16:04:10.991+0000] {processor.py:766} INFO - DAG(s) dict_keys(['example_sla_dag']) retrieved from /home/airflow/.local/lib/python3.7/site-packages/airflow/example_dags/example_sla_dag.py
[2023-03-15T16:04:11.020+0000] {logging_mixin.py:120} INFO - [2023-03-15T16:04:11.020+0000] {dag.py:2585} INFO - Sync 1 DAGs
[2023-03-15T16:04:11.038+0000] {logging_mixin.py:120} INFO - [2023-03-15T16:04:11.038+0000] {dag.py:3340} INFO - Setting next_dagrun for example_sla_dag to 2023-03-15T16:02:00+00:00, run_after=2023-03-15T16:04:00+00:00
[2023-03-15T16:04:11.051+0000] {processor.py:176} INFO - Processing /home/airflow/.local/lib/python3.7/site-packages/airflow/example_dags/example_sla_dag.py took 0.082 seconds
[2023-03-15T16:04:41.249+0000] {processor.py:154} INFO - Started process (PID=414) to work on /home/airflow/.local/lib/python3.7/site-packages/airflow/example_dags/example_sla_dag.py
[2023-03-15T16:04:41.250+0000] {processor.py:756} INFO - Processing file /home/airflow/.local/lib/python3.7/site-packages/airflow/example_dags/example_sla_dag.py for tasks to queue
[2023-03-15T16:04:41.251+0000] {logging_mixin.py:120} INFO - [2023-03-15T16:04:41.251+0000] {dagbag.py:537} INFO - Filling up the DagBag from /home/airflow/.local/lib/python3.7/site-packages/airflow/example_dags/example_sla_dag.py
[2023-03-15T16:04:41.268+0000] {processor.py:766} INFO - DAG(s) dict_keys(['example_sla_dag']) retrieved from /home/airflow/.local/lib/python3.7/site-packages/airflow/example_dags/example_sla_dag.py
[2023-03-15T16:04:41.301+0000] {logging_mixin.py:120} INFO - [2023-03-15T16:04:41.301+0000] {dag.py:2585} INFO - Sync 1 DAGs
[2023-03-15T16:04:41.320+0000] {logging_mixin.py:120} INFO - [2023-03-15T16:04:41.320+0000] {dag.py:3340} INFO - Setting next_dagrun for example_sla_dag to 2023-03-15T16:02:00+00:00, run_after=2023-03-15T16:04:00+00:00
[2023-03-15T16:04:41.337+0000] {processor.py:176} INFO - Processing /home/airflow/.local/lib/python3.7/site-packages/airflow/example_dags/example_sla_dag.py took 0.092 seconds
[2023-03-15T16:05:11.527+0000] {processor.py:154} INFO - Started process (PID=478) to work on /home/airflow/.local/lib/python3.7/site-packages/airflow/example_dags/example_sla_dag.py
[2023-03-15T16:05:11.529+0000] {processor.py:756} INFO - Processing file /home/airflow/.local/lib/python3.7/site-packages/airflow/example_dags/example_sla_dag.py for tasks to queue
[2023-03-15T16:05:11.530+0000] {logging_mixin.py:120} INFO - [2023-03-15T16:05:11.529+0000] {dagbag.py:537} INFO - Filling up the DagBag from /home/airflow/.local/lib/python3.7/site-packages/airflow/example_dags/example_sla_dag.py
[2023-03-15T16:05:11.546+0000] {processor.py:766} INFO - DAG(s) dict_keys(['example_sla_dag']) retrieved from /home/airflow/.local/lib/python3.7/site-packages/airflow/example_dags/example_sla_dag.py
[2023-03-15T16:05:11.608+0000] {logging_mixin.py:120} INFO - [2023-03-15T16:05:11.607+0000] {dag.py:2585} INFO - Sync 1 DAGs
[2023-03-15T16:05:11.635+0000] {logging_mixin.py:120} INFO - [2023-03-15T16:05:11.635+0000] {dag.py:3340} INFO - Setting next_dagrun for example_sla_dag to 2023-03-15T16:02:00+00:00, run_after=2023-03-15T16:04:00+00:00
[2023-03-15T16:05:11.652+0000] {processor.py:176} INFO - Processing /home/airflow/.local/lib/python3.7/site-packages/airflow/example_dags/example_sla_dag.py took 0.128 seconds
[2023-03-15T16:05:42.192+0000] {processor.py:154} INFO - Started process (PID=540) to work on /home/airflow/.local/lib/python3.7/site-packages/airflow/example_dags/example_sla_dag.py
[2023-03-15T16:05:42.194+0000] {processor.py:756} INFO - Processing file /home/airflow/.local/lib/python3.7/site-packages/airflow/example_dags/example_sla_dag.py for tasks to queue
[2023-03-15T16:05:42.195+0000] {logging_mixin.py:120} INFO - [2023-03-15T16:05:42.195+0000] {dagbag.py:537} INFO - Filling up the DagBag from /home/airflow/.local/lib/python3.7/site-packages/airflow/example_dags/example_sla_dag.py
[2023-03-15T16:05:42.215+0000] {processor.py:766} INFO - DAG(s) dict_keys(['example_sla_dag']) retrieved from /home/airflow/.local/lib/python3.7/site-packages/airflow/example_dags/example_sla_dag.py
[2023-03-15T16:05:42.235+0000] {logging_mixin.py:120} INFO - [2023-03-15T16:05:42.235+0000] {dag.py:2585} INFO - Sync 1 DAGs
[2023-03-15T16:05:42.256+0000] {logging_mixin.py:120} INFO - [2023-03-15T16:05:42.256+0000] {dag.py:3340} INFO - Setting next_dagrun for example_sla_dag to 2023-03-15T16:02:00+00:00, run_after=2023-03-15T16:04:00+00:00
[2023-03-15T16:05:42.271+0000] {processor.py:176} INFO - Processing /home/airflow/.local/lib/python3.7/site-packages/airflow/example_dags/example_sla_dag.py took 0.082 seconds
[2023-03-15T16:06:12.579+0000] {processor.py:154} INFO - Started process (PID=594) to work on /home/airflow/.local/lib/python3.7/site-packages/airflow/example_dags/example_sla_dag.py
[2023-03-15T16:06:12.581+0000] {processor.py:756} INFO - Processing file /home/airflow/.local/lib/python3.7/site-packages/airflow/example_dags/example_sla_dag.py for tasks to queue
[2023-03-15T16:06:12.581+0000] {logging_mixin.py:120} INFO - [2023-03-15T16:06:12.581+0000] {dagbag.py:537} INFO - Filling up the DagBag from /home/airflow/.local/lib/python3.7/site-packages/airflow/example_dags/example_sla_dag.py
[2023-03-15T16:06:12.598+0000] {processor.py:766} INFO - DAG(s) dict_keys(['example_sla_dag']) retrieved from /home/airflow/.local/lib/python3.7/site-packages/airflow/example_dags/example_sla_dag.py
[2023-03-15T16:06:12.633+0000] {logging_mixin.py:120} INFO - [2023-03-15T16:06:12.633+0000] {dag.py:2585} INFO - Sync 1 DAGs
[2023-03-15T16:06:12.653+0000] {logging_mixin.py:120} INFO - [2023-03-15T16:06:12.653+0000] {dag.py:3340} INFO - Setting next_dagrun for example_sla_dag to 2023-03-15T16:04:00+00:00, run_after=2023-03-15T16:06:00+00:00
[2023-03-15T16:06:12.665+0000] {processor.py:176} INFO - Processing /home/airflow/.local/lib/python3.7/site-packages/airflow/example_dags/example_sla_dag.py took 0.089 seconds
[2023-03-15T16:06:42.751+0000] {processor.py:154} INFO - Started process (PID=659) to work on /home/airflow/.local/lib/python3.7/site-packages/airflow/example_dags/example_sla_dag.py
[2023-03-15T16:06:42.752+0000] {processor.py:756} INFO - Processing file /home/airflow/.local/lib/python3.7/site-packages/airflow/example_dags/example_sla_dag.py for tasks to queue
[2023-03-15T16:06:42.754+0000] {logging_mixin.py:120} INFO - [2023-03-15T16:06:42.753+0000] {dagbag.py:537} INFO - Filling up the DagBag from /home/airflow/.local/lib/python3.7/site-packages/airflow/example_dags/example_sla_dag.py
[2023-03-15T16:06:42.771+0000] {processor.py:766} INFO - DAG(s) dict_keys(['example_sla_dag']) retrieved from /home/airflow/.local/lib/python3.7/site-packages/airflow/example_dags/example_sla_dag.py
[2023-03-15T16:06:42.802+0000] {logging_mixin.py:120} INFO - [2023-03-15T16:06:42.802+0000] {dag.py:2585} INFO - Sync 1 DAGs
[2023-03-15T16:06:42.820+0000] {logging_mixin.py:120} INFO - [2023-03-15T16:06:42.820+0000] {dag.py:3340} INFO - Setting next_dagrun for example_sla_dag to 2023-03-15T16:04:00+00:00, run_after=2023-03-15T16:06:00+00:00
[2023-03-15T16:06:42.832+0000] {processor.py:176} INFO - Processing /home/airflow/.local/lib/python3.7/site-packages/airflow/example_dags/example_sla_dag.py took 0.084 seconds
[2023-03-15T16:07:13.225+0000] {processor.py:154} INFO - Started process (PID=725) to work on /home/airflow/.local/lib/python3.7/site-packages/airflow/example_dags/example_sla_dag.py
[2023-03-15T16:07:13.226+0000] {processor.py:756} INFO - Processing file /home/airflow/.local/lib/python3.7/site-packages/airflow/example_dags/example_sla_dag.py for tasks to queue
[2023-03-15T16:07:13.227+0000] {logging_mixin.py:120} INFO - [2023-03-15T16:07:13.227+0000] {dagbag.py:537} INFO - Filling up the DagBag from /home/airflow/.local/lib/python3.7/site-packages/airflow/example_dags/example_sla_dag.py
[2023-03-15T16:07:13.243+0000] {processor.py:766} INFO - DAG(s) dict_keys(['example_sla_dag']) retrieved from /home/airflow/.local/lib/python3.7/site-packages/airflow/example_dags/example_sla_dag.py
[2023-03-15T16:07:13.275+0000] {logging_mixin.py:120} INFO - [2023-03-15T16:07:13.275+0000] {dag.py:2585} INFO - Sync 1 DAGs
[2023-03-15T16:07:13.291+0000] {logging_mixin.py:120} INFO - [2023-03-15T16:07:13.291+0000] {dag.py:3340} INFO - Setting next_dagrun for example_sla_dag to 2023-03-15T16:04:00+00:00, run_after=2023-03-15T16:06:00+00:00
[2023-03-15T16:07:13.303+0000] {processor.py:176} INFO - Processing /home/airflow/.local/lib/python3.7/site-packages/airflow/example_dags/example_sla_dag.py took 0.081 seconds
[2023-03-15T16:07:43.614+0000] {processor.py:154} INFO - Started process (PID=790) to work on /home/airflow/.local/lib/python3.7/site-packages/airflow/example_dags/example_sla_dag.py
[2023-03-15T16:07:43.616+0000] {processor.py:756} INFO - Processing file /home/airflow/.local/lib/python3.7/site-packages/airflow/example_dags/example_sla_dag.py for tasks to queue
[2023-03-15T16:07:43.617+0000] {logging_mixin.py:120} INFO - [2023-03-15T16:07:43.617+0000] {dagbag.py:537} INFO - Filling up the DagBag from /home/airflow/.local/lib/python3.7/site-packages/airflow/example_dags/example_sla_dag.py
[2023-03-15T16:07:43.637+0000] {processor.py:766} INFO - DAG(s) dict_keys(['example_sla_dag']) retrieved from /home/airflow/.local/lib/python3.7/site-packages/airflow/example_dags/example_sla_dag.py
[2023-03-15T16:07:43.690+0000] {logging_mixin.py:120} INFO - [2023-03-15T16:07:43.690+0000] {dag.py:2585} INFO - Sync 1 DAGs
[2023-03-15T16:07:43.712+0000] {logging_mixin.py:120} INFO - [2023-03-15T16:07:43.712+0000] {dag.py:3340} INFO - Setting next_dagrun for example_sla_dag to 2023-03-15T16:04:00+00:00, run_after=2023-03-15T16:06:00+00:00
[2023-03-15T16:07:43.729+0000] {processor.py:176} INFO - Processing /home/airflow/.local/lib/python3.7/site-packages/airflow/example_dags/example_sla_dag.py took 0.119 seconds
[2023-03-15T16:08:14.287+0000] {processor.py:154} INFO - Started process (PID=854) to work on /home/airflow/.local/lib/python3.7/site-packages/airflow/example_dags/example_sla_dag.py
[2023-03-15T16:08:14.293+0000] {processor.py:756} INFO - Processing file /home/airflow/.local/lib/python3.7/site-packages/airflow/example_dags/example_sla_dag.py for tasks to queue
[2023-03-15T16:08:14.294+0000] {logging_mixin.py:120} INFO - [2023-03-15T16:08:14.294+0000] {dagbag.py:537} INFO - Filling up the DagBag from /home/airflow/.local/lib/python3.7/site-packages/airflow/example_dags/example_sla_dag.py
[2023-03-15T16:08:14.310+0000] {processor.py:766} INFO - DAG(s) dict_keys(['example_sla_dag']) retrieved from /home/airflow/.local/lib/python3.7/site-packages/airflow/example_dags/example_sla_dag.py
[2023-03-15T16:08:14.343+0000] {logging_mixin.py:120} INFO - [2023-03-15T16:08:14.343+0000] {dag.py:2585} INFO - Sync 1 DAGs
[2023-03-15T16:08:14.364+0000] {logging_mixin.py:120} INFO - [2023-03-15T16:08:14.364+0000] {dag.py:3340} INFO - Setting next_dagrun for example_sla_dag to 2023-03-15T16:06:00+00:00, run_after=2023-03-15T16:08:00+00:00
[2023-03-15T16:08:14.379+0000] {processor.py:176} INFO - Processing /home/airflow/.local/lib/python3.7/site-packages/airflow/example_dags/example_sla_dag.py took 0.095 seconds
[2023-03-15T16:08:45.023+0000] {processor.py:154} INFO - Started process (PID=978) to work on /home/airflow/.local/lib/python3.7/site-packages/airflow/example_dags/example_sla_dag.py
[2023-03-15T16:08:45.024+0000] {processor.py:756} INFO - Processing file /home/airflow/.local/lib/python3.7/site-packages/airflow/example_dags/example_sla_dag.py for tasks to queue
[2023-03-15T16:08:45.025+0000] {logging_mixin.py:120} INFO - [2023-03-15T16:08:45.025+0000] {dagbag.py:537} INFO - Filling up the DagBag from /home/airflow/.local/lib/python3.7/site-packages/airflow/example_dags/example_sla_dag.py
[2023-03-15T16:08:45.049+0000] {processor.py:766} INFO - DAG(s) dict_keys(['example_sla_dag']) retrieved from /home/airflow/.local/lib/python3.7/site-packages/airflow/example_dags/example_sla_dag.py
[2023-03-15T16:08:45.104+0000] {logging_mixin.py:120} INFO - [2023-03-15T16:08:45.104+0000] {dag.py:2585} INFO - Sync 1 DAGs
[2023-03-15T16:08:45.136+0000] {logging_mixin.py:120} INFO - [2023-03-15T16:08:45.136+0000] {dag.py:3340} INFO - Setting next_dagrun for example_sla_dag to 2023-03-15T16:06:00+00:00, run_after=2023-03-15T16:08:00+00:00
[2023-03-15T16:08:45.158+0000] {processor.py:176} INFO - Processing /home/airflow/.local/lib/python3.7/site-packages/airflow/example_dags/example_sla_dag.py took 0.139 seconds
[2023-03-15T16:09:15.969+0000] {processor.py:154} INFO - Started process (PID=1174) to work on /home/airflow/.local/lib/python3.7/site-packages/airflow/example_dags/example_sla_dag.py
[2023-03-15T16:09:15.979+0000] {processor.py:756} INFO - Processing file /home/airflow/.local/lib/python3.7/site-packages/airflow/example_dags/example_sla_dag.py for tasks to queue
[2023-03-15T16:09:15.980+0000] {logging_mixin.py:120} INFO - [2023-03-15T16:09:15.980+0000] {dagbag.py:537} INFO - Filling up the DagBag from /home/airflow/.local/lib/python3.7/site-packages/airflow/example_dags/example_sla_dag.py
[2023-03-15T16:09:16.005+0000] {processor.py:766} INFO - DAG(s) dict_keys(['example_sla_dag']) retrieved from /home/airflow/.local/lib/python3.7/site-packages/airflow/example_dags/example_sla_dag.py
[2023-03-15T16:09:16.115+0000] {logging_mixin.py:120} INFO - [2023-03-15T16:09:16.115+0000] {dag.py:2585} INFO - Sync 1 DAGs
[2023-03-15T16:09:16.158+0000] {logging_mixin.py:120} INFO - [2023-03-15T16:09:16.158+0000] {dag.py:3340} INFO - Setting next_dagrun for example_sla_dag to 2023-03-15T16:06:00+00:00, run_after=2023-03-15T16:08:00+00:00
[2023-03-15T16:09:16.190+0000] {processor.py:176} INFO - Processing /home/airflow/.local/lib/python3.7/site-packages/airflow/example_dags/example_sla_dag.py took 0.224 seconds
[2023-03-15T16:09:46.287+0000] {processor.py:154} INFO - Started process (PID=1386) to work on /home/airflow/.local/lib/python3.7/site-packages/airflow/example_dags/example_sla_dag.py
[2023-03-15T16:09:46.289+0000] {processor.py:756} INFO - Processing file /home/airflow/.local/lib/python3.7/site-packages/airflow/example_dags/example_sla_dag.py for tasks to queue
[2023-03-15T16:09:46.290+0000] {logging_mixin.py:120} INFO - [2023-03-15T16:09:46.290+0000] {dagbag.py:537} INFO - Filling up the DagBag from /home/airflow/.local/lib/python3.7/site-packages/airflow/example_dags/example_sla_dag.py
[2023-03-15T16:09:46.325+0000] {processor.py:766} INFO - DAG(s) dict_keys(['example_sla_dag']) retrieved from /home/airflow/.local/lib/python3.7/site-packages/airflow/example_dags/example_sla_dag.py
[2023-03-15T16:09:46.374+0000] {logging_mixin.py:120} INFO - [2023-03-15T16:09:46.374+0000] {dag.py:2585} INFO - Sync 1 DAGs
[2023-03-15T16:09:46.398+0000] {logging_mixin.py:120} INFO - [2023-03-15T16:09:46.398+0000] {dag.py:3340} INFO - Setting next_dagrun for example_sla_dag to 2023-03-15T16:06:00+00:00, run_after=2023-03-15T16:08:00+00:00
[2023-03-15T16:09:46.418+0000] {processor.py:176} INFO - Processing /home/airflow/.local/lib/python3.7/site-packages/airflow/example_dags/example_sla_dag.py took 0.135 seconds
[2023-03-15T16:10:16.734+0000] {processor.py:154} INFO - Started process (PID=1602) to work on /home/airflow/.local/lib/python3.7/site-packages/airflow/example_dags/example_sla_dag.py
[2023-03-15T16:10:16.735+0000] {processor.py:756} INFO - Processing file /home/airflow/.local/lib/python3.7/site-packages/airflow/example_dags/example_sla_dag.py for tasks to queue
[2023-03-15T16:10:16.743+0000] {logging_mixin.py:120} INFO - [2023-03-15T16:10:16.743+0000] {dagbag.py:537} INFO - Filling up the DagBag from /home/airflow/.local/lib/python3.7/site-packages/airflow/example_dags/example_sla_dag.py
[2023-03-15T16:10:16.762+0000] {processor.py:766} INFO - DAG(s) dict_keys(['example_sla_dag']) retrieved from /home/airflow/.local/lib/python3.7/site-packages/airflow/example_dags/example_sla_dag.py
[2023-03-15T16:10:16.816+0000] {logging_mixin.py:120} INFO - [2023-03-15T16:10:16.816+0000] {dag.py:2585} INFO - Sync 1 DAGs
[2023-03-15T16:10:16.853+0000] {logging_mixin.py:120} INFO - [2023-03-15T16:10:16.853+0000] {dag.py:3340} INFO - Setting next_dagrun for example_sla_dag to 2023-03-15T16:08:00+00:00, run_after=2023-03-15T16:10:00+00:00
[2023-03-15T16:10:16.889+0000] {processor.py:176} INFO - Processing /home/airflow/.local/lib/python3.7/site-packages/airflow/example_dags/example_sla_dag.py took 0.162 seconds
[2023-03-15T16:10:47.068+0000] {processor.py:154} INFO - Started process (PID=1829) to work on /home/airflow/.local/lib/python3.7/site-packages/airflow/example_dags/example_sla_dag.py
[2023-03-15T16:10:47.071+0000] {processor.py:756} INFO - Processing file /home/airflow/.local/lib/python3.7/site-packages/airflow/example_dags/example_sla_dag.py for tasks to queue
[2023-03-15T16:10:47.073+0000] {logging_mixin.py:120} INFO - [2023-03-15T16:10:47.073+0000] {dagbag.py:537} INFO - Filling up the DagBag from /home/airflow/.local/lib/python3.7/site-packages/airflow/example_dags/example_sla_dag.py
[2023-03-15T16:10:47.093+0000] {processor.py:766} INFO - DAG(s) dict_keys(['example_sla_dag']) retrieved from /home/airflow/.local/lib/python3.7/site-packages/airflow/example_dags/example_sla_dag.py
[2023-03-15T16:10:47.149+0000] {logging_mixin.py:120} INFO - [2023-03-15T16:10:47.149+0000] {dag.py:2585} INFO - Sync 1 DAGs
[2023-03-15T16:10:47.177+0000] {logging_mixin.py:120} INFO - [2023-03-15T16:10:47.177+0000] {dag.py:3340} INFO - Setting next_dagrun for example_sla_dag to 2023-03-15T16:08:00+00:00, run_after=2023-03-15T16:10:00+00:00
[2023-03-15T16:10:47.204+0000] {processor.py:176} INFO - Processing /home/airflow/.local/lib/python3.7/site-packages/airflow/example_dags/example_sla_dag.py took 0.138 seconds
[2023-03-15T16:11:17.278+0000] {processor.py:154} INFO - Started process (PID=2034) to work on /home/airflow/.local/lib/python3.7/site-packages/airflow/example_dags/example_sla_dag.py
[2023-03-15T16:11:17.279+0000] {processor.py:756} INFO - Processing file /home/airflow/.local/lib/python3.7/site-packages/airflow/example_dags/example_sla_dag.py for tasks to queue
[2023-03-15T16:11:17.280+0000] {logging_mixin.py:120} INFO - [2023-03-15T16:11:17.280+0000] {dagbag.py:537} INFO - Filling up the DagBag from /home/airflow/.local/lib/python3.7/site-packages/airflow/example_dags/example_sla_dag.py
[2023-03-15T16:11:17.302+0000] {processor.py:766} INFO - DAG(s) dict_keys(['example_sla_dag']) retrieved from /home/airflow/.local/lib/python3.7/site-packages/airflow/example_dags/example_sla_dag.py
[2023-03-15T16:11:17.345+0000] {logging_mixin.py:120} INFO - [2023-03-15T16:11:17.345+0000] {dag.py:2585} INFO - Sync 1 DAGs
[2023-03-15T16:11:17.366+0000] {logging_mixin.py:120} INFO - [2023-03-15T16:11:17.366+0000] {dag.py:3340} INFO - Setting next_dagrun for example_sla_dag to 2023-03-15T16:08:00+00:00, run_after=2023-03-15T16:10:00+00:00
[2023-03-15T16:11:17.378+0000] {processor.py:176} INFO - Processing /home/airflow/.local/lib/python3.7/site-packages/airflow/example_dags/example_sla_dag.py took 0.103 seconds
[2023-03-15T16:11:47.807+0000] {processor.py:154} INFO - Started process (PID=2246) to work on /home/airflow/.local/lib/python3.7/site-packages/airflow/example_dags/example_sla_dag.py
[2023-03-15T16:11:47.808+0000] {processor.py:756} INFO - Processing file /home/airflow/.local/lib/python3.7/site-packages/airflow/example_dags/example_sla_dag.py for tasks to queue
[2023-03-15T16:11:47.809+0000] {logging_mixin.py:120} INFO - [2023-03-15T16:11:47.809+0000] {dagbag.py:537} INFO - Filling up the DagBag from /home/airflow/.local/lib/python3.7/site-packages/airflow/example_dags/example_sla_dag.py
[2023-03-15T16:11:47.840+0000] {processor.py:766} INFO - DAG(s) dict_keys(['example_sla_dag']) retrieved from /home/airflow/.local/lib/python3.7/site-packages/airflow/example_dags/example_sla_dag.py
[2023-03-15T16:11:47.921+0000] {logging_mixin.py:120} INFO - [2023-03-15T16:11:47.920+0000] {dag.py:2585} INFO - Sync 1 DAGs
[2023-03-15T16:11:47.977+0000] {logging_mixin.py:120} INFO - [2023-03-15T16:11:47.977+0000] {dag.py:3340} INFO - Setting next_dagrun for example_sla_dag to 2023-03-15T16:08:00+00:00, run_after=2023-03-15T16:10:00+00:00
[2023-03-15T16:11:48.001+0000] {processor.py:176} INFO - Processing /home/airflow/.local/lib/python3.7/site-packages/airflow/example_dags/example_sla_dag.py took 0.200 seconds
[2023-03-15T16:12:18.907+0000] {processor.py:154} INFO - Started process (PID=2460) to work on /home/airflow/.local/lib/python3.7/site-packages/airflow/example_dags/example_sla_dag.py
[2023-03-15T16:12:18.909+0000] {processor.py:756} INFO - Processing file /home/airflow/.local/lib/python3.7/site-packages/airflow/example_dags/example_sla_dag.py for tasks to queue
[2023-03-15T16:12:18.910+0000] {logging_mixin.py:120} INFO - [2023-03-15T16:12:18.910+0000] {dagbag.py:537} INFO - Filling up the DagBag from /home/airflow/.local/lib/python3.7/site-packages/airflow/example_dags/example_sla_dag.py
[2023-03-15T16:12:18.930+0000] {processor.py:766} INFO - DAG(s) dict_keys(['example_sla_dag']) retrieved from /home/airflow/.local/lib/python3.7/site-packages/airflow/example_dags/example_sla_dag.py
[2023-03-15T16:12:18.977+0000] {logging_mixin.py:120} INFO - [2023-03-15T16:12:18.977+0000] {dag.py:2585} INFO - Sync 1 DAGs
[2023-03-15T16:12:18.997+0000] {logging_mixin.py:120} INFO - [2023-03-15T16:12:18.997+0000] {dag.py:3340} INFO - Setting next_dagrun for example_sla_dag to 2023-03-15T16:10:00+00:00, run_after=2023-03-15T16:12:00+00:00
[2023-03-15T16:12:19.011+0000] {processor.py:176} INFO - Processing /home/airflow/.local/lib/python3.7/site-packages/airflow/example_dags/example_sla_dag.py took 0.112 seconds
[2023-03-15T16:12:49.851+0000] {processor.py:154} INFO - Started process (PID=2668) to work on /home/airflow/.local/lib/python3.7/site-packages/airflow/example_dags/example_sla_dag.py
[2023-03-15T16:12:49.864+0000] {processor.py:756} INFO - Processing file /home/airflow/.local/lib/python3.7/site-packages/airflow/example_dags/example_sla_dag.py for tasks to queue
[2023-03-15T16:12:49.866+0000] {logging_mixin.py:120} INFO - [2023-03-15T16:12:49.866+0000] {dagbag.py:537} INFO - Filling up the DagBag from /home/airflow/.local/lib/python3.7/site-packages/airflow/example_dags/example_sla_dag.py
[2023-03-15T16:12:49.883+0000] {processor.py:766} INFO - DAG(s) dict_keys(['example_sla_dag']) retrieved from /home/airflow/.local/lib/python3.7/site-packages/airflow/example_dags/example_sla_dag.py
[2023-03-15T16:12:49.951+0000] {logging_mixin.py:120} INFO - [2023-03-15T16:12:49.950+0000] {dag.py:2585} INFO - Sync 1 DAGs
[2023-03-15T16:12:49.992+0000] {logging_mixin.py:120} INFO - [2023-03-15T16:12:49.992+0000] {dag.py:3340} INFO - Setting next_dagrun for example_sla_dag to 2023-03-15T16:10:00+00:00, run_after=2023-03-15T16:12:00+00:00
[2023-03-15T16:12:50.052+0000] {processor.py:176} INFO - Processing /home/airflow/.local/lib/python3.7/site-packages/airflow/example_dags/example_sla_dag.py took 0.204 seconds
[2023-03-15T16:13:20.377+0000] {processor.py:154} INFO - Started process (PID=2857) to work on /home/airflow/.local/lib/python3.7/site-packages/airflow/example_dags/example_sla_dag.py
[2023-03-15T16:13:20.379+0000] {processor.py:756} INFO - Processing file /home/airflow/.local/lib/python3.7/site-packages/airflow/example_dags/example_sla_dag.py for tasks to queue
[2023-03-15T16:13:20.379+0000] {logging_mixin.py:120} INFO - [2023-03-15T16:13:20.379+0000] {dagbag.py:537} INFO - Filling up the DagBag from /home/airflow/.local/lib/python3.7/site-packages/airflow/example_dags/example_sla_dag.py
[2023-03-15T16:13:20.394+0000] {processor.py:766} INFO - DAG(s) dict_keys(['example_sla_dag']) retrieved from /home/airflow/.local/lib/python3.7/site-packages/airflow/example_dags/example_sla_dag.py
[2023-03-15T16:13:20.425+0000] {logging_mixin.py:120} INFO - [2023-03-15T16:13:20.425+0000] {dag.py:2585} INFO - Sync 1 DAGs
[2023-03-15T16:13:20.442+0000] {logging_mixin.py:120} INFO - [2023-03-15T16:13:20.442+0000] {dag.py:3340} INFO - Setting next_dagrun for example_sla_dag to 2023-03-15T16:10:00+00:00, run_after=2023-03-15T16:12:00+00:00
[2023-03-15T16:13:20.452+0000] {processor.py:176} INFO - Processing /home/airflow/.local/lib/python3.7/site-packages/airflow/example_dags/example_sla_dag.py took 0.078 seconds
[2023-03-15T16:29:47.456+0000] {processor.py:154} INFO - Started process (PID=2899) to work on /home/airflow/.local/lib/python3.7/site-packages/airflow/example_dags/example_sla_dag.py
[2023-03-15T16:29:47.457+0000] {processor.py:756} INFO - Processing file /home/airflow/.local/lib/python3.7/site-packages/airflow/example_dags/example_sla_dag.py for tasks to queue
[2023-03-15T16:29:47.458+0000] {logging_mixin.py:120} INFO - [2023-03-15T16:29:47.458+0000] {dagbag.py:537} INFO - Filling up the DagBag from /home/airflow/.local/lib/python3.7/site-packages/airflow/example_dags/example_sla_dag.py
[2023-03-15T16:29:47.490+0000] {processor.py:766} INFO - DAG(s) dict_keys(['example_sla_dag']) retrieved from /home/airflow/.local/lib/python3.7/site-packages/airflow/example_dags/example_sla_dag.py
[2023-03-15T16:29:47.549+0000] {logging_mixin.py:120} INFO - [2023-03-15T16:29:47.549+0000] {dag.py:2585} INFO - Sync 1 DAGs
[2023-03-15T16:29:47.572+0000] {logging_mixin.py:120} INFO - [2023-03-15T16:29:47.572+0000] {dag.py:3340} INFO - Setting next_dagrun for example_sla_dag to 2023-03-15T16:26:00+00:00, run_after=2023-03-15T16:28:00+00:00
[2023-03-15T16:29:47.590+0000] {processor.py:176} INFO - Processing /home/airflow/.local/lib/python3.7/site-packages/airflow/example_dags/example_sla_dag.py took 0.139 seconds
[2023-03-15T16:30:18.506+0000] {processor.py:154} INFO - Started process (PID=2964) to work on /home/airflow/.local/lib/python3.7/site-packages/airflow/example_dags/example_sla_dag.py
[2023-03-15T16:30:18.507+0000] {processor.py:756} INFO - Processing file /home/airflow/.local/lib/python3.7/site-packages/airflow/example_dags/example_sla_dag.py for tasks to queue
[2023-03-15T16:30:18.508+0000] {logging_mixin.py:120} INFO - [2023-03-15T16:30:18.508+0000] {dagbag.py:537} INFO - Filling up the DagBag from /home/airflow/.local/lib/python3.7/site-packages/airflow/example_dags/example_sla_dag.py
[2023-03-15T16:30:18.523+0000] {processor.py:766} INFO - DAG(s) dict_keys(['example_sla_dag']) retrieved from /home/airflow/.local/lib/python3.7/site-packages/airflow/example_dags/example_sla_dag.py
[2023-03-15T16:30:18.551+0000] {logging_mixin.py:120} INFO - [2023-03-15T16:30:18.551+0000] {dag.py:2585} INFO - Sync 1 DAGs
[2023-03-15T16:30:18.568+0000] {logging_mixin.py:120} INFO - [2023-03-15T16:30:18.568+0000] {dag.py:3340} INFO - Setting next_dagrun for example_sla_dag to 2023-03-15T16:28:00+00:00, run_after=2023-03-15T16:30:00+00:00
[2023-03-15T16:30:18.582+0000] {processor.py:176} INFO - Processing /home/airflow/.local/lib/python3.7/site-packages/airflow/example_dags/example_sla_dag.py took 0.078 seconds
[2023-03-15T16:47:13.262+0000] {processor.py:154} INFO - Started process (PID=3020) to work on /home/airflow/.local/lib/python3.7/site-packages/airflow/example_dags/example_sla_dag.py
[2023-03-15T16:47:13.264+0000] {processor.py:756} INFO - Processing file /home/airflow/.local/lib/python3.7/site-packages/airflow/example_dags/example_sla_dag.py for tasks to queue
[2023-03-15T16:47:13.265+0000] {logging_mixin.py:120} INFO - [2023-03-15T16:47:13.264+0000] {dagbag.py:537} INFO - Filling up the DagBag from /home/airflow/.local/lib/python3.7/site-packages/airflow/example_dags/example_sla_dag.py
[2023-03-15T16:47:13.292+0000] {processor.py:766} INFO - DAG(s) dict_keys(['example_sla_dag']) retrieved from /home/airflow/.local/lib/python3.7/site-packages/airflow/example_dags/example_sla_dag.py
[2023-03-15T16:47:13.346+0000] {logging_mixin.py:120} INFO - [2023-03-15T16:47:13.346+0000] {dag.py:2585} INFO - Sync 1 DAGs
[2023-03-15T16:47:13.367+0000] {logging_mixin.py:120} INFO - [2023-03-15T16:47:13.367+0000] {dag.py:3340} INFO - Setting next_dagrun for example_sla_dag to 2023-03-15T16:44:00+00:00, run_after=2023-03-15T16:46:00+00:00
[2023-03-15T16:47:13.381+0000] {processor.py:176} INFO - Processing /home/airflow/.local/lib/python3.7/site-packages/airflow/example_dags/example_sla_dag.py took 0.122 seconds
[2023-03-15T16:47:44.325+0000] {processor.py:154} INFO - Started process (PID=3085) to work on /home/airflow/.local/lib/python3.7/site-packages/airflow/example_dags/example_sla_dag.py
[2023-03-15T16:47:44.326+0000] {processor.py:756} INFO - Processing file /home/airflow/.local/lib/python3.7/site-packages/airflow/example_dags/example_sla_dag.py for tasks to queue
[2023-03-15T16:47:44.327+0000] {logging_mixin.py:120} INFO - [2023-03-15T16:47:44.327+0000] {dagbag.py:537} INFO - Filling up the DagBag from /home/airflow/.local/lib/python3.7/site-packages/airflow/example_dags/example_sla_dag.py
[2023-03-15T16:47:44.343+0000] {processor.py:766} INFO - DAG(s) dict_keys(['example_sla_dag']) retrieved from /home/airflow/.local/lib/python3.7/site-packages/airflow/example_dags/example_sla_dag.py
[2023-03-15T16:47:44.371+0000] {logging_mixin.py:120} INFO - [2023-03-15T16:47:44.371+0000] {dag.py:2585} INFO - Sync 1 DAGs
[2023-03-15T16:47:44.387+0000] {logging_mixin.py:120} INFO - [2023-03-15T16:47:44.387+0000] {dag.py:3340} INFO - Setting next_dagrun for example_sla_dag to 2023-03-15T16:44:00+00:00, run_after=2023-03-15T16:46:00+00:00
[2023-03-15T16:47:44.398+0000] {processor.py:176} INFO - Processing /home/airflow/.local/lib/python3.7/site-packages/airflow/example_dags/example_sla_dag.py took 0.076 seconds
[2023-03-15T16:59:20.151+0000] {processor.py:154} INFO - Started process (PID=3150) to work on /home/airflow/.local/lib/python3.7/site-packages/airflow/example_dags/example_sla_dag.py
[2023-03-15T16:59:20.155+0000] {processor.py:756} INFO - Processing file /home/airflow/.local/lib/python3.7/site-packages/airflow/example_dags/example_sla_dag.py for tasks to queue
[2023-03-15T16:59:20.156+0000] {logging_mixin.py:120} INFO - [2023-03-15T16:59:20.156+0000] {dagbag.py:537} INFO - Filling up the DagBag from /home/airflow/.local/lib/python3.7/site-packages/airflow/example_dags/example_sla_dag.py
[2023-03-15T16:59:20.187+0000] {processor.py:766} INFO - DAG(s) dict_keys(['example_sla_dag']) retrieved from /home/airflow/.local/lib/python3.7/site-packages/airflow/example_dags/example_sla_dag.py
[2023-03-15T16:59:20.231+0000] {logging_mixin.py:120} INFO - [2023-03-15T16:59:20.230+0000] {dag.py:2585} INFO - Sync 1 DAGs
[2023-03-15T16:59:20.257+0000] {logging_mixin.py:120} INFO - [2023-03-15T16:59:20.257+0000] {dag.py:3340} INFO - Setting next_dagrun for example_sla_dag to 2023-03-15T16:56:00+00:00, run_after=2023-03-15T16:58:00+00:00
[2023-03-15T16:59:20.288+0000] {processor.py:176} INFO - Processing /home/airflow/.local/lib/python3.7/site-packages/airflow/example_dags/example_sla_dag.py took 0.140 seconds
[2023-03-15T16:59:50.666+0000] {processor.py:154} INFO - Started process (PID=3215) to work on /home/airflow/.local/lib/python3.7/site-packages/airflow/example_dags/example_sla_dag.py
[2023-03-15T16:59:50.667+0000] {processor.py:756} INFO - Processing file /home/airflow/.local/lib/python3.7/site-packages/airflow/example_dags/example_sla_dag.py for tasks to queue
[2023-03-15T16:59:50.668+0000] {logging_mixin.py:120} INFO - [2023-03-15T16:59:50.668+0000] {dagbag.py:537} INFO - Filling up the DagBag from /home/airflow/.local/lib/python3.7/site-packages/airflow/example_dags/example_sla_dag.py
[2023-03-15T16:59:50.684+0000] {processor.py:766} INFO - DAG(s) dict_keys(['example_sla_dag']) retrieved from /home/airflow/.local/lib/python3.7/site-packages/airflow/example_dags/example_sla_dag.py
[2023-03-15T16:59:50.714+0000] {logging_mixin.py:120} INFO - [2023-03-15T16:59:50.713+0000] {dag.py:2585} INFO - Sync 1 DAGs
[2023-03-15T16:59:50.730+0000] {logging_mixin.py:120} INFO - [2023-03-15T16:59:50.730+0000] {dag.py:3340} INFO - Setting next_dagrun for example_sla_dag to 2023-03-15T16:56:00+00:00, run_after=2023-03-15T16:58:00+00:00
[2023-03-15T16:59:50.741+0000] {processor.py:176} INFO - Processing /home/airflow/.local/lib/python3.7/site-packages/airflow/example_dags/example_sla_dag.py took 0.078 seconds
[2023-03-15T17:00:21.282+0000] {processor.py:154} INFO - Started process (PID=3279) to work on /home/airflow/.local/lib/python3.7/site-packages/airflow/example_dags/example_sla_dag.py
[2023-03-15T17:00:21.283+0000] {processor.py:756} INFO - Processing file /home/airflow/.local/lib/python3.7/site-packages/airflow/example_dags/example_sla_dag.py for tasks to queue
[2023-03-15T17:00:21.284+0000] {logging_mixin.py:120} INFO - [2023-03-15T17:00:21.284+0000] {dagbag.py:537} INFO - Filling up the DagBag from /home/airflow/.local/lib/python3.7/site-packages/airflow/example_dags/example_sla_dag.py
[2023-03-15T17:00:21.298+0000] {processor.py:766} INFO - DAG(s) dict_keys(['example_sla_dag']) retrieved from /home/airflow/.local/lib/python3.7/site-packages/airflow/example_dags/example_sla_dag.py
[2023-03-15T17:00:21.327+0000] {logging_mixin.py:120} INFO - [2023-03-15T17:00:21.327+0000] {dag.py:2585} INFO - Sync 1 DAGs
[2023-03-15T17:00:21.343+0000] {logging_mixin.py:120} INFO - [2023-03-15T17:00:21.343+0000] {dag.py:3340} INFO - Setting next_dagrun for example_sla_dag to 2023-03-15T16:58:00+00:00, run_after=2023-03-15T17:00:00+00:00
[2023-03-15T17:00:21.357+0000] {processor.py:176} INFO - Processing /home/airflow/.local/lib/python3.7/site-packages/airflow/example_dags/example_sla_dag.py took 0.077 seconds
[2023-03-15T17:00:52.006+0000] {processor.py:154} INFO - Started process (PID=3335) to work on /home/airflow/.local/lib/python3.7/site-packages/airflow/example_dags/example_sla_dag.py
[2023-03-15T17:00:52.007+0000] {processor.py:756} INFO - Processing file /home/airflow/.local/lib/python3.7/site-packages/airflow/example_dags/example_sla_dag.py for tasks to queue
[2023-03-15T17:00:52.007+0000] {logging_mixin.py:120} INFO - [2023-03-15T17:00:52.007+0000] {dagbag.py:537} INFO - Filling up the DagBag from /home/airflow/.local/lib/python3.7/site-packages/airflow/example_dags/example_sla_dag.py
[2023-03-15T17:00:52.022+0000] {processor.py:766} INFO - DAG(s) dict_keys(['example_sla_dag']) retrieved from /home/airflow/.local/lib/python3.7/site-packages/airflow/example_dags/example_sla_dag.py
[2023-03-15T17:00:52.052+0000] {logging_mixin.py:120} INFO - [2023-03-15T17:00:52.052+0000] {dag.py:2585} INFO - Sync 1 DAGs
[2023-03-15T17:00:52.067+0000] {logging_mixin.py:120} INFO - [2023-03-15T17:00:52.067+0000] {dag.py:3340} INFO - Setting next_dagrun for example_sla_dag to 2023-03-15T16:58:00+00:00, run_after=2023-03-15T17:00:00+00:00
[2023-03-15T17:00:52.079+0000] {processor.py:176} INFO - Processing /home/airflow/.local/lib/python3.7/site-packages/airflow/example_dags/example_sla_dag.py took 0.076 seconds
[2023-03-15T17:01:22.396+0000] {processor.py:154} INFO - Started process (PID=3400) to work on /home/airflow/.local/lib/python3.7/site-packages/airflow/example_dags/example_sla_dag.py
[2023-03-15T17:01:22.397+0000] {processor.py:756} INFO - Processing file /home/airflow/.local/lib/python3.7/site-packages/airflow/example_dags/example_sla_dag.py for tasks to queue
[2023-03-15T17:01:22.398+0000] {logging_mixin.py:120} INFO - [2023-03-15T17:01:22.398+0000] {dagbag.py:537} INFO - Filling up the DagBag from /home/airflow/.local/lib/python3.7/site-packages/airflow/example_dags/example_sla_dag.py
[2023-03-15T17:01:22.413+0000] {processor.py:766} INFO - DAG(s) dict_keys(['example_sla_dag']) retrieved from /home/airflow/.local/lib/python3.7/site-packages/airflow/example_dags/example_sla_dag.py
[2023-03-15T17:01:22.441+0000] {logging_mixin.py:120} INFO - [2023-03-15T17:01:22.441+0000] {dag.py:2585} INFO - Sync 1 DAGs
[2023-03-15T17:01:22.457+0000] {logging_mixin.py:120} INFO - [2023-03-15T17:01:22.457+0000] {dag.py:3340} INFO - Setting next_dagrun for example_sla_dag to 2023-03-15T16:58:00+00:00, run_after=2023-03-15T17:00:00+00:00
[2023-03-15T17:01:22.469+0000] {processor.py:176} INFO - Processing /home/airflow/.local/lib/python3.7/site-packages/airflow/example_dags/example_sla_dag.py took 0.076 seconds
[2023-03-15T17:01:52.792+0000] {processor.py:154} INFO - Started process (PID=3465) to work on /home/airflow/.local/lib/python3.7/site-packages/airflow/example_dags/example_sla_dag.py
[2023-03-15T17:01:52.793+0000] {processor.py:756} INFO - Processing file /home/airflow/.local/lib/python3.7/site-packages/airflow/example_dags/example_sla_dag.py for tasks to queue
[2023-03-15T17:01:52.794+0000] {logging_mixin.py:120} INFO - [2023-03-15T17:01:52.794+0000] {dagbag.py:537} INFO - Filling up the DagBag from /home/airflow/.local/lib/python3.7/site-packages/airflow/example_dags/example_sla_dag.py
[2023-03-15T17:01:52.809+0000] {processor.py:766} INFO - DAG(s) dict_keys(['example_sla_dag']) retrieved from /home/airflow/.local/lib/python3.7/site-packages/airflow/example_dags/example_sla_dag.py
[2023-03-15T17:01:52.836+0000] {logging_mixin.py:120} INFO - [2023-03-15T17:01:52.836+0000] {dag.py:2585} INFO - Sync 1 DAGs
[2023-03-15T17:01:52.853+0000] {logging_mixin.py:120} INFO - [2023-03-15T17:01:52.853+0000] {dag.py:3340} INFO - Setting next_dagrun for example_sla_dag to 2023-03-15T16:58:00+00:00, run_after=2023-03-15T17:00:00+00:00
[2023-03-15T17:01:52.863+0000] {processor.py:176} INFO - Processing /home/airflow/.local/lib/python3.7/site-packages/airflow/example_dags/example_sla_dag.py took 0.074 seconds
[2023-03-15T17:02:23.193+0000] {processor.py:154} INFO - Started process (PID=3530) to work on /home/airflow/.local/lib/python3.7/site-packages/airflow/example_dags/example_sla_dag.py
[2023-03-15T17:02:23.194+0000] {processor.py:756} INFO - Processing file /home/airflow/.local/lib/python3.7/site-packages/airflow/example_dags/example_sla_dag.py for tasks to queue
[2023-03-15T17:02:23.195+0000] {logging_mixin.py:120} INFO - [2023-03-15T17:02:23.195+0000] {dagbag.py:537} INFO - Filling up the DagBag from /home/airflow/.local/lib/python3.7/site-packages/airflow/example_dags/example_sla_dag.py
[2023-03-15T17:02:23.210+0000] {processor.py:766} INFO - DAG(s) dict_keys(['example_sla_dag']) retrieved from /home/airflow/.local/lib/python3.7/site-packages/airflow/example_dags/example_sla_dag.py
[2023-03-15T17:02:23.238+0000] {logging_mixin.py:120} INFO - [2023-03-15T17:02:23.237+0000] {dag.py:2585} INFO - Sync 1 DAGs
[2023-03-15T17:02:23.254+0000] {logging_mixin.py:120} INFO - [2023-03-15T17:02:23.254+0000] {dag.py:3340} INFO - Setting next_dagrun for example_sla_dag to 2023-03-15T17:00:00+00:00, run_after=2023-03-15T17:02:00+00:00
[2023-03-15T17:02:23.267+0000] {processor.py:176} INFO - Processing /home/airflow/.local/lib/python3.7/site-packages/airflow/example_dags/example_sla_dag.py took 0.077 seconds
[2023-03-15T17:02:53.597+0000] {processor.py:154} INFO - Started process (PID=3595) to work on /home/airflow/.local/lib/python3.7/site-packages/airflow/example_dags/example_sla_dag.py
[2023-03-15T17:02:53.598+0000] {processor.py:756} INFO - Processing file /home/airflow/.local/lib/python3.7/site-packages/airflow/example_dags/example_sla_dag.py for tasks to queue
[2023-03-15T17:02:53.599+0000] {logging_mixin.py:120} INFO - [2023-03-15T17:02:53.599+0000] {dagbag.py:537} INFO - Filling up the DagBag from /home/airflow/.local/lib/python3.7/site-packages/airflow/example_dags/example_sla_dag.py
[2023-03-15T17:02:53.613+0000] {processor.py:766} INFO - DAG(s) dict_keys(['example_sla_dag']) retrieved from /home/airflow/.local/lib/python3.7/site-packages/airflow/example_dags/example_sla_dag.py
[2023-03-15T17:02:53.641+0000] {logging_mixin.py:120} INFO - [2023-03-15T17:02:53.640+0000] {dag.py:2585} INFO - Sync 1 DAGs
[2023-03-15T17:02:53.656+0000] {logging_mixin.py:120} INFO - [2023-03-15T17:02:53.656+0000] {dag.py:3340} INFO - Setting next_dagrun for example_sla_dag to 2023-03-15T17:00:00+00:00, run_after=2023-03-15T17:02:00+00:00
[2023-03-15T17:02:53.666+0000] {processor.py:176} INFO - Processing /home/airflow/.local/lib/python3.7/site-packages/airflow/example_dags/example_sla_dag.py took 0.072 seconds
[2023-03-15T17:03:24.181+0000] {processor.py:154} INFO - Started process (PID=3660) to work on /home/airflow/.local/lib/python3.7/site-packages/airflow/example_dags/example_sla_dag.py
[2023-03-15T17:03:24.182+0000] {processor.py:756} INFO - Processing file /home/airflow/.local/lib/python3.7/site-packages/airflow/example_dags/example_sla_dag.py for tasks to queue
[2023-03-15T17:03:24.184+0000] {logging_mixin.py:120} INFO - [2023-03-15T17:03:24.183+0000] {dagbag.py:537} INFO - Filling up the DagBag from /home/airflow/.local/lib/python3.7/site-packages/airflow/example_dags/example_sla_dag.py
[2023-03-15T17:03:24.198+0000] {processor.py:766} INFO - DAG(s) dict_keys(['example_sla_dag']) retrieved from /home/airflow/.local/lib/python3.7/site-packages/airflow/example_dags/example_sla_dag.py
[2023-03-15T17:03:24.227+0000] {logging_mixin.py:120} INFO - [2023-03-15T17:03:24.227+0000] {dag.py:2585} INFO - Sync 1 DAGs
[2023-03-15T17:03:24.245+0000] {logging_mixin.py:120} INFO - [2023-03-15T17:03:24.245+0000] {dag.py:3340} INFO - Setting next_dagrun for example_sla_dag to 2023-03-15T17:00:00+00:00, run_after=2023-03-15T17:02:00+00:00
[2023-03-15T17:03:24.256+0000] {processor.py:176} INFO - Processing /home/airflow/.local/lib/python3.7/site-packages/airflow/example_dags/example_sla_dag.py took 0.078 seconds
[2023-03-15T17:03:54.690+0000] {processor.py:154} INFO - Started process (PID=3716) to work on /home/airflow/.local/lib/python3.7/site-packages/airflow/example_dags/example_sla_dag.py
[2023-03-15T17:03:54.691+0000] {processor.py:756} INFO - Processing file /home/airflow/.local/lib/python3.7/site-packages/airflow/example_dags/example_sla_dag.py for tasks to queue
[2023-03-15T17:03:54.693+0000] {logging_mixin.py:120} INFO - [2023-03-15T17:03:54.693+0000] {dagbag.py:537} INFO - Filling up the DagBag from /home/airflow/.local/lib/python3.7/site-packages/airflow/example_dags/example_sla_dag.py
[2023-03-15T17:03:54.707+0000] {processor.py:766} INFO - DAG(s) dict_keys(['example_sla_dag']) retrieved from /home/airflow/.local/lib/python3.7/site-packages/airflow/example_dags/example_sla_dag.py
[2023-03-15T17:03:54.735+0000] {logging_mixin.py:120} INFO - [2023-03-15T17:03:54.735+0000] {dag.py:2585} INFO - Sync 1 DAGs
[2023-03-15T17:03:54.755+0000] {logging_mixin.py:120} INFO - [2023-03-15T17:03:54.754+0000] {dag.py:3340} INFO - Setting next_dagrun for example_sla_dag to 2023-03-15T17:00:00+00:00, run_after=2023-03-15T17:02:00+00:00
[2023-03-15T17:03:54.766+0000] {processor.py:176} INFO - Processing /home/airflow/.local/lib/python3.7/site-packages/airflow/example_dags/example_sla_dag.py took 0.078 seconds
[2023-03-15T17:04:25.173+0000] {processor.py:154} INFO - Started process (PID=3780) to work on /home/airflow/.local/lib/python3.7/site-packages/airflow/example_dags/example_sla_dag.py
[2023-03-15T17:04:25.174+0000] {processor.py:756} INFO - Processing file /home/airflow/.local/lib/python3.7/site-packages/airflow/example_dags/example_sla_dag.py for tasks to queue
[2023-03-15T17:04:25.175+0000] {logging_mixin.py:120} INFO - [2023-03-15T17:04:25.175+0000] {dagbag.py:537} INFO - Filling up the DagBag from /home/airflow/.local/lib/python3.7/site-packages/airflow/example_dags/example_sla_dag.py
[2023-03-15T17:04:25.191+0000] {processor.py:766} INFO - DAG(s) dict_keys(['example_sla_dag']) retrieved from /home/airflow/.local/lib/python3.7/site-packages/airflow/example_dags/example_sla_dag.py
[2023-03-15T17:04:25.220+0000] {logging_mixin.py:120} INFO - [2023-03-15T17:04:25.220+0000] {dag.py:2585} INFO - Sync 1 DAGs
[2023-03-15T17:04:25.236+0000] {logging_mixin.py:120} INFO - [2023-03-15T17:04:25.236+0000] {dag.py:3340} INFO - Setting next_dagrun for example_sla_dag to 2023-03-15T17:02:00+00:00, run_after=2023-03-15T17:04:00+00:00
[2023-03-15T17:04:25.248+0000] {processor.py:176} INFO - Processing /home/airflow/.local/lib/python3.7/site-packages/airflow/example_dags/example_sla_dag.py took 0.078 seconds
