[2023-03-15T16:01:39.165+0000] {processor.py:154} INFO - Started process (PID=46) to work on /home/airflow/.local/lib/python3.7/site-packages/airflow/example_dags/example_skip_dag.py
[2023-03-15T16:01:39.167+0000] {processor.py:756} INFO - Processing file /home/airflow/.local/lib/python3.7/site-packages/airflow/example_dags/example_skip_dag.py for tasks to queue
[2023-03-15T16:01:39.168+0000] {logging_mixin.py:120} INFO - [2023-03-15T16:01:39.168+0000] {dagbag.py:537} INFO - Filling up the DagBag from /home/airflow/.local/lib/python3.7/site-packages/airflow/example_dags/example_skip_dag.py
[2023-03-15T16:01:39.196+0000] {processor.py:766} INFO - DAG(s) dict_keys(['example_skip_dag']) retrieved from /home/airflow/.local/lib/python3.7/site-packages/airflow/example_dags/example_skip_dag.py
[2023-03-15T16:01:39.484+0000] {logging_mixin.py:120} INFO - [2023-03-15T16:01:39.483+0000] {manager.py:507} INFO - Created Permission View: can read on DAG:example_skip_dag
[2023-03-15T16:01:39.506+0000] {logging_mixin.py:120} INFO - [2023-03-15T16:01:39.506+0000] {manager.py:507} INFO - Created Permission View: can delete on DAG:example_skip_dag
[2023-03-15T16:01:39.514+0000] {logging_mixin.py:120} INFO - [2023-03-15T16:01:39.514+0000] {manager.py:507} INFO - Created Permission View: can edit on DAG:example_skip_dag
[2023-03-15T16:01:39.515+0000] {logging_mixin.py:120} INFO - [2023-03-15T16:01:39.515+0000] {dag.py:2585} INFO - Sync 1 DAGs
[2023-03-15T16:01:39.549+0000] {logging_mixin.py:120} INFO - [2023-03-15T16:01:39.548+0000] {dag.py:2606} INFO - Creating ORM DAG for example_skip_dag
[2023-03-15T16:01:39.569+0000] {logging_mixin.py:120} INFO - [2023-03-15T16:01:39.569+0000] {dag.py:3340} INFO - Setting next_dagrun for example_skip_dag to 2023-03-14T16:01:39.569135+00:00, run_after=2023-03-15T16:01:39.569135+00:00
[2023-03-15T16:01:39.600+0000] {processor.py:176} INFO - Processing /home/airflow/.local/lib/python3.7/site-packages/airflow/example_dags/example_skip_dag.py took 0.439 seconds
[2023-03-15T16:02:09.786+0000] {processor.py:154} INFO - Started process (PID=108) to work on /home/airflow/.local/lib/python3.7/site-packages/airflow/example_dags/example_skip_dag.py
[2023-03-15T16:02:09.787+0000] {processor.py:756} INFO - Processing file /home/airflow/.local/lib/python3.7/site-packages/airflow/example_dags/example_skip_dag.py for tasks to queue
[2023-03-15T16:02:09.788+0000] {logging_mixin.py:120} INFO - [2023-03-15T16:02:09.788+0000] {dagbag.py:537} INFO - Filling up the DagBag from /home/airflow/.local/lib/python3.7/site-packages/airflow/example_dags/example_skip_dag.py
[2023-03-15T16:02:09.800+0000] {processor.py:766} INFO - DAG(s) dict_keys(['example_skip_dag']) retrieved from /home/airflow/.local/lib/python3.7/site-packages/airflow/example_dags/example_skip_dag.py
[2023-03-15T16:02:09.832+0000] {logging_mixin.py:120} INFO - [2023-03-15T16:02:09.831+0000] {dag.py:2585} INFO - Sync 1 DAGs
[2023-03-15T16:02:09.847+0000] {logging_mixin.py:120} INFO - [2023-03-15T16:02:09.847+0000] {dag.py:3340} INFO - Setting next_dagrun for example_skip_dag to 2023-03-14T16:02:09.847022+00:00, run_after=2023-03-15T16:02:09.847022+00:00
[2023-03-15T16:02:09.861+0000] {processor.py:176} INFO - Processing /home/airflow/.local/lib/python3.7/site-packages/airflow/example_dags/example_skip_dag.py took 0.078 seconds
[2023-03-15T16:02:40.066+0000] {processor.py:154} INFO - Started process (PID=170) to work on /home/airflow/.local/lib/python3.7/site-packages/airflow/example_dags/example_skip_dag.py
[2023-03-15T16:02:40.068+0000] {processor.py:756} INFO - Processing file /home/airflow/.local/lib/python3.7/site-packages/airflow/example_dags/example_skip_dag.py for tasks to queue
[2023-03-15T16:02:40.069+0000] {logging_mixin.py:120} INFO - [2023-03-15T16:02:40.069+0000] {dagbag.py:537} INFO - Filling up the DagBag from /home/airflow/.local/lib/python3.7/site-packages/airflow/example_dags/example_skip_dag.py
[2023-03-15T16:02:40.083+0000] {processor.py:766} INFO - DAG(s) dict_keys(['example_skip_dag']) retrieved from /home/airflow/.local/lib/python3.7/site-packages/airflow/example_dags/example_skip_dag.py
[2023-03-15T16:02:40.154+0000] {logging_mixin.py:120} INFO - [2023-03-15T16:02:40.154+0000] {dag.py:2585} INFO - Sync 1 DAGs
[2023-03-15T16:02:40.193+0000] {logging_mixin.py:120} INFO - [2023-03-15T16:02:40.193+0000] {dag.py:3340} INFO - Setting next_dagrun for example_skip_dag to 2023-03-14T16:02:40.192730+00:00, run_after=2023-03-15T16:02:40.192730+00:00
[2023-03-15T16:02:40.221+0000] {processor.py:176} INFO - Processing /home/airflow/.local/lib/python3.7/site-packages/airflow/example_dags/example_skip_dag.py took 0.158 seconds
[2023-03-15T16:03:10.650+0000] {processor.py:154} INFO - Started process (PID=234) to work on /home/airflow/.local/lib/python3.7/site-packages/airflow/example_dags/example_skip_dag.py
[2023-03-15T16:03:10.652+0000] {processor.py:756} INFO - Processing file /home/airflow/.local/lib/python3.7/site-packages/airflow/example_dags/example_skip_dag.py for tasks to queue
[2023-03-15T16:03:10.653+0000] {logging_mixin.py:120} INFO - [2023-03-15T16:03:10.653+0000] {dagbag.py:537} INFO - Filling up the DagBag from /home/airflow/.local/lib/python3.7/site-packages/airflow/example_dags/example_skip_dag.py
[2023-03-15T16:03:10.664+0000] {processor.py:766} INFO - DAG(s) dict_keys(['example_skip_dag']) retrieved from /home/airflow/.local/lib/python3.7/site-packages/airflow/example_dags/example_skip_dag.py
[2023-03-15T16:03:10.696+0000] {logging_mixin.py:120} INFO - [2023-03-15T16:03:10.696+0000] {dag.py:2585} INFO - Sync 1 DAGs
[2023-03-15T16:03:10.712+0000] {logging_mixin.py:120} INFO - [2023-03-15T16:03:10.712+0000] {dag.py:3340} INFO - Setting next_dagrun for example_skip_dag to 2023-03-14T16:03:10.711972+00:00, run_after=2023-03-15T16:03:10.711972+00:00
[2023-03-15T16:03:10.723+0000] {processor.py:176} INFO - Processing /home/airflow/.local/lib/python3.7/site-packages/airflow/example_dags/example_skip_dag.py took 0.076 seconds
[2023-03-15T16:03:40.971+0000] {processor.py:154} INFO - Started process (PID=289) to work on /home/airflow/.local/lib/python3.7/site-packages/airflow/example_dags/example_skip_dag.py
[2023-03-15T16:03:40.972+0000] {processor.py:756} INFO - Processing file /home/airflow/.local/lib/python3.7/site-packages/airflow/example_dags/example_skip_dag.py for tasks to queue
[2023-03-15T16:03:40.973+0000] {logging_mixin.py:120} INFO - [2023-03-15T16:03:40.973+0000] {dagbag.py:537} INFO - Filling up the DagBag from /home/airflow/.local/lib/python3.7/site-packages/airflow/example_dags/example_skip_dag.py
[2023-03-15T16:03:40.984+0000] {processor.py:766} INFO - DAG(s) dict_keys(['example_skip_dag']) retrieved from /home/airflow/.local/lib/python3.7/site-packages/airflow/example_dags/example_skip_dag.py
[2023-03-15T16:03:41.015+0000] {logging_mixin.py:120} INFO - [2023-03-15T16:03:41.015+0000] {dag.py:2585} INFO - Sync 1 DAGs
[2023-03-15T16:03:41.030+0000] {logging_mixin.py:120} INFO - [2023-03-15T16:03:41.029+0000] {dag.py:3340} INFO - Setting next_dagrun for example_skip_dag to 2023-03-14T16:03:41.029788+00:00, run_after=2023-03-15T16:03:41.029788+00:00
[2023-03-15T16:03:41.044+0000] {processor.py:176} INFO - Processing /home/airflow/.local/lib/python3.7/site-packages/airflow/example_dags/example_skip_dag.py took 0.076 seconds
[2023-03-15T16:04:11.177+0000] {processor.py:154} INFO - Started process (PID=352) to work on /home/airflow/.local/lib/python3.7/site-packages/airflow/example_dags/example_skip_dag.py
[2023-03-15T16:04:11.178+0000] {processor.py:756} INFO - Processing file /home/airflow/.local/lib/python3.7/site-packages/airflow/example_dags/example_skip_dag.py for tasks to queue
[2023-03-15T16:04:11.179+0000] {logging_mixin.py:120} INFO - [2023-03-15T16:04:11.179+0000] {dagbag.py:537} INFO - Filling up the DagBag from /home/airflow/.local/lib/python3.7/site-packages/airflow/example_dags/example_skip_dag.py
[2023-03-15T16:04:11.191+0000] {processor.py:766} INFO - DAG(s) dict_keys(['example_skip_dag']) retrieved from /home/airflow/.local/lib/python3.7/site-packages/airflow/example_dags/example_skip_dag.py
[2023-03-15T16:04:11.222+0000] {logging_mixin.py:120} INFO - [2023-03-15T16:04:11.222+0000] {dag.py:2585} INFO - Sync 1 DAGs
[2023-03-15T16:04:11.239+0000] {logging_mixin.py:120} INFO - [2023-03-15T16:04:11.239+0000] {dag.py:3340} INFO - Setting next_dagrun for example_skip_dag to 2023-03-14T16:04:11.239061+00:00, run_after=2023-03-15T16:04:11.239061+00:00
[2023-03-15T16:04:11.252+0000] {processor.py:176} INFO - Processing /home/airflow/.local/lib/python3.7/site-packages/airflow/example_dags/example_skip_dag.py took 0.078 seconds
[2023-03-15T16:04:41.582+0000] {processor.py:154} INFO - Started process (PID=417) to work on /home/airflow/.local/lib/python3.7/site-packages/airflow/example_dags/example_skip_dag.py
[2023-03-15T16:04:41.584+0000] {processor.py:756} INFO - Processing file /home/airflow/.local/lib/python3.7/site-packages/airflow/example_dags/example_skip_dag.py for tasks to queue
[2023-03-15T16:04:41.585+0000] {logging_mixin.py:120} INFO - [2023-03-15T16:04:41.584+0000] {dagbag.py:537} INFO - Filling up the DagBag from /home/airflow/.local/lib/python3.7/site-packages/airflow/example_dags/example_skip_dag.py
[2023-03-15T16:04:41.595+0000] {processor.py:766} INFO - DAG(s) dict_keys(['example_skip_dag']) retrieved from /home/airflow/.local/lib/python3.7/site-packages/airflow/example_dags/example_skip_dag.py
[2023-03-15T16:04:41.626+0000] {logging_mixin.py:120} INFO - [2023-03-15T16:04:41.626+0000] {dag.py:2585} INFO - Sync 1 DAGs
[2023-03-15T16:04:41.643+0000] {logging_mixin.py:120} INFO - [2023-03-15T16:04:41.643+0000] {dag.py:3340} INFO - Setting next_dagrun for example_skip_dag to 2023-03-14T16:04:41.643661+00:00, run_after=2023-03-15T16:04:41.643661+00:00
[2023-03-15T16:04:41.656+0000] {processor.py:176} INFO - Processing /home/airflow/.local/lib/python3.7/site-packages/airflow/example_dags/example_skip_dag.py took 0.076 seconds
[2023-03-15T16:05:11.816+0000] {processor.py:154} INFO - Started process (PID=481) to work on /home/airflow/.local/lib/python3.7/site-packages/airflow/example_dags/example_skip_dag.py
[2023-03-15T16:05:11.817+0000] {processor.py:756} INFO - Processing file /home/airflow/.local/lib/python3.7/site-packages/airflow/example_dags/example_skip_dag.py for tasks to queue
[2023-03-15T16:05:11.818+0000] {logging_mixin.py:120} INFO - [2023-03-15T16:05:11.818+0000] {dagbag.py:537} INFO - Filling up the DagBag from /home/airflow/.local/lib/python3.7/site-packages/airflow/example_dags/example_skip_dag.py
[2023-03-15T16:05:11.830+0000] {processor.py:766} INFO - DAG(s) dict_keys(['example_skip_dag']) retrieved from /home/airflow/.local/lib/python3.7/site-packages/airflow/example_dags/example_skip_dag.py
[2023-03-15T16:05:11.863+0000] {logging_mixin.py:120} INFO - [2023-03-15T16:05:11.863+0000] {dag.py:2585} INFO - Sync 1 DAGs
[2023-03-15T16:05:11.880+0000] {logging_mixin.py:120} INFO - [2023-03-15T16:05:11.880+0000] {dag.py:3340} INFO - Setting next_dagrun for example_skip_dag to 2023-03-14T16:05:11.880466+00:00, run_after=2023-03-15T16:05:11.880466+00:00
[2023-03-15T16:05:11.894+0000] {processor.py:176} INFO - Processing /home/airflow/.local/lib/python3.7/site-packages/airflow/example_dags/example_skip_dag.py took 0.081 seconds
[2023-03-15T16:05:42.333+0000] {processor.py:154} INFO - Started process (PID=543) to work on /home/airflow/.local/lib/python3.7/site-packages/airflow/example_dags/example_skip_dag.py
[2023-03-15T16:05:42.334+0000] {processor.py:756} INFO - Processing file /home/airflow/.local/lib/python3.7/site-packages/airflow/example_dags/example_skip_dag.py for tasks to queue
[2023-03-15T16:05:42.335+0000] {logging_mixin.py:120} INFO - [2023-03-15T16:05:42.335+0000] {dagbag.py:537} INFO - Filling up the DagBag from /home/airflow/.local/lib/python3.7/site-packages/airflow/example_dags/example_skip_dag.py
[2023-03-15T16:05:42.347+0000] {processor.py:766} INFO - DAG(s) dict_keys(['example_skip_dag']) retrieved from /home/airflow/.local/lib/python3.7/site-packages/airflow/example_dags/example_skip_dag.py
[2023-03-15T16:05:42.372+0000] {logging_mixin.py:120} INFO - [2023-03-15T16:05:42.371+0000] {dag.py:2585} INFO - Sync 1 DAGs
[2023-03-15T16:05:42.393+0000] {logging_mixin.py:120} INFO - [2023-03-15T16:05:42.393+0000] {dag.py:3340} INFO - Setting next_dagrun for example_skip_dag to 2023-03-14T16:05:42.392927+00:00, run_after=2023-03-15T16:05:42.392927+00:00
[2023-03-15T16:05:42.408+0000] {processor.py:176} INFO - Processing /home/airflow/.local/lib/python3.7/site-packages/airflow/example_dags/example_skip_dag.py took 0.078 seconds
[2023-03-15T16:06:12.765+0000] {processor.py:154} INFO - Started process (PID=597) to work on /home/airflow/.local/lib/python3.7/site-packages/airflow/example_dags/example_skip_dag.py
[2023-03-15T16:06:12.767+0000] {processor.py:756} INFO - Processing file /home/airflow/.local/lib/python3.7/site-packages/airflow/example_dags/example_skip_dag.py for tasks to queue
[2023-03-15T16:06:12.768+0000] {logging_mixin.py:120} INFO - [2023-03-15T16:06:12.768+0000] {dagbag.py:537} INFO - Filling up the DagBag from /home/airflow/.local/lib/python3.7/site-packages/airflow/example_dags/example_skip_dag.py
[2023-03-15T16:06:12.778+0000] {processor.py:766} INFO - DAG(s) dict_keys(['example_skip_dag']) retrieved from /home/airflow/.local/lib/python3.7/site-packages/airflow/example_dags/example_skip_dag.py
[2023-03-15T16:06:12.811+0000] {logging_mixin.py:120} INFO - [2023-03-15T16:06:12.811+0000] {dag.py:2585} INFO - Sync 1 DAGs
[2023-03-15T16:06:12.828+0000] {logging_mixin.py:120} INFO - [2023-03-15T16:06:12.828+0000] {dag.py:3340} INFO - Setting next_dagrun for example_skip_dag to 2023-03-14T16:06:12.827909+00:00, run_after=2023-03-15T16:06:12.827909+00:00
[2023-03-15T16:06:12.840+0000] {processor.py:176} INFO - Processing /home/airflow/.local/lib/python3.7/site-packages/airflow/example_dags/example_skip_dag.py took 0.077 seconds
[2023-03-15T16:06:42.892+0000] {processor.py:154} INFO - Started process (PID=662) to work on /home/airflow/.local/lib/python3.7/site-packages/airflow/example_dags/example_skip_dag.py
[2023-03-15T16:06:42.894+0000] {processor.py:756} INFO - Processing file /home/airflow/.local/lib/python3.7/site-packages/airflow/example_dags/example_skip_dag.py for tasks to queue
[2023-03-15T16:06:42.895+0000] {logging_mixin.py:120} INFO - [2023-03-15T16:06:42.894+0000] {dagbag.py:537} INFO - Filling up the DagBag from /home/airflow/.local/lib/python3.7/site-packages/airflow/example_dags/example_skip_dag.py
[2023-03-15T16:06:42.905+0000] {processor.py:766} INFO - DAG(s) dict_keys(['example_skip_dag']) retrieved from /home/airflow/.local/lib/python3.7/site-packages/airflow/example_dags/example_skip_dag.py
[2023-03-15T16:06:42.935+0000] {logging_mixin.py:120} INFO - [2023-03-15T16:06:42.935+0000] {dag.py:2585} INFO - Sync 1 DAGs
[2023-03-15T16:06:42.952+0000] {logging_mixin.py:120} INFO - [2023-03-15T16:06:42.952+0000] {dag.py:3340} INFO - Setting next_dagrun for example_skip_dag to 2023-03-14T16:06:42.952269+00:00, run_after=2023-03-15T16:06:42.952269+00:00
[2023-03-15T16:06:42.964+0000] {processor.py:176} INFO - Processing /home/airflow/.local/lib/python3.7/site-packages/airflow/example_dags/example_skip_dag.py took 0.075 seconds
[2023-03-15T16:07:13.372+0000] {processor.py:154} INFO - Started process (PID=728) to work on /home/airflow/.local/lib/python3.7/site-packages/airflow/example_dags/example_skip_dag.py
[2023-03-15T16:07:13.373+0000] {processor.py:756} INFO - Processing file /home/airflow/.local/lib/python3.7/site-packages/airflow/example_dags/example_skip_dag.py for tasks to queue
[2023-03-15T16:07:13.374+0000] {logging_mixin.py:120} INFO - [2023-03-15T16:07:13.374+0000] {dagbag.py:537} INFO - Filling up the DagBag from /home/airflow/.local/lib/python3.7/site-packages/airflow/example_dags/example_skip_dag.py
[2023-03-15T16:07:13.384+0000] {processor.py:766} INFO - DAG(s) dict_keys(['example_skip_dag']) retrieved from /home/airflow/.local/lib/python3.7/site-packages/airflow/example_dags/example_skip_dag.py
[2023-03-15T16:07:13.414+0000] {logging_mixin.py:120} INFO - [2023-03-15T16:07:13.414+0000] {dag.py:2585} INFO - Sync 1 DAGs
[2023-03-15T16:07:13.430+0000] {logging_mixin.py:120} INFO - [2023-03-15T16:07:13.430+0000] {dag.py:3340} INFO - Setting next_dagrun for example_skip_dag to 2023-03-14T16:07:13.430056+00:00, run_after=2023-03-15T16:07:13.430056+00:00
[2023-03-15T16:07:13.443+0000] {processor.py:176} INFO - Processing /home/airflow/.local/lib/python3.7/site-packages/airflow/example_dags/example_skip_dag.py took 0.074 seconds
[2023-03-15T16:07:43.907+0000] {processor.py:154} INFO - Started process (PID=793) to work on /home/airflow/.local/lib/python3.7/site-packages/airflow/example_dags/example_skip_dag.py
[2023-03-15T16:07:43.924+0000] {processor.py:756} INFO - Processing file /home/airflow/.local/lib/python3.7/site-packages/airflow/example_dags/example_skip_dag.py for tasks to queue
[2023-03-15T16:07:43.937+0000] {logging_mixin.py:120} INFO - [2023-03-15T16:07:43.937+0000] {dagbag.py:537} INFO - Filling up the DagBag from /home/airflow/.local/lib/python3.7/site-packages/airflow/example_dags/example_skip_dag.py
[2023-03-15T16:07:43.954+0000] {processor.py:766} INFO - DAG(s) dict_keys(['example_skip_dag']) retrieved from /home/airflow/.local/lib/python3.7/site-packages/airflow/example_dags/example_skip_dag.py
[2023-03-15T16:07:44.031+0000] {logging_mixin.py:120} INFO - [2023-03-15T16:07:44.031+0000] {dag.py:2585} INFO - Sync 1 DAGs
[2023-03-15T16:07:44.053+0000] {logging_mixin.py:120} INFO - [2023-03-15T16:07:44.053+0000] {dag.py:3340} INFO - Setting next_dagrun for example_skip_dag to 2023-03-14T16:07:44.053128+00:00, run_after=2023-03-15T16:07:44.053128+00:00
[2023-03-15T16:07:44.074+0000] {processor.py:176} INFO - Processing /home/airflow/.local/lib/python3.7/site-packages/airflow/example_dags/example_skip_dag.py took 0.181 seconds
[2023-03-15T16:08:14.589+0000] {processor.py:154} INFO - Started process (PID=857) to work on /home/airflow/.local/lib/python3.7/site-packages/airflow/example_dags/example_skip_dag.py
[2023-03-15T16:08:14.591+0000] {processor.py:756} INFO - Processing file /home/airflow/.local/lib/python3.7/site-packages/airflow/example_dags/example_skip_dag.py for tasks to queue
[2023-03-15T16:08:14.592+0000] {logging_mixin.py:120} INFO - [2023-03-15T16:08:14.592+0000] {dagbag.py:537} INFO - Filling up the DagBag from /home/airflow/.local/lib/python3.7/site-packages/airflow/example_dags/example_skip_dag.py
[2023-03-15T16:08:14.605+0000] {processor.py:766} INFO - DAG(s) dict_keys(['example_skip_dag']) retrieved from /home/airflow/.local/lib/python3.7/site-packages/airflow/example_dags/example_skip_dag.py
[2023-03-15T16:08:14.639+0000] {logging_mixin.py:120} INFO - [2023-03-15T16:08:14.639+0000] {dag.py:2585} INFO - Sync 1 DAGs
[2023-03-15T16:08:14.657+0000] {logging_mixin.py:120} INFO - [2023-03-15T16:08:14.656+0000] {dag.py:3340} INFO - Setting next_dagrun for example_skip_dag to 2023-03-14T16:08:14.656779+00:00, run_after=2023-03-15T16:08:14.656779+00:00
[2023-03-15T16:08:14.672+0000] {processor.py:176} INFO - Processing /home/airflow/.local/lib/python3.7/site-packages/airflow/example_dags/example_skip_dag.py took 0.086 seconds
[2023-03-15T16:08:45.427+0000] {processor.py:154} INFO - Started process (PID=981) to work on /home/airflow/.local/lib/python3.7/site-packages/airflow/example_dags/example_skip_dag.py
[2023-03-15T16:08:45.430+0000] {processor.py:756} INFO - Processing file /home/airflow/.local/lib/python3.7/site-packages/airflow/example_dags/example_skip_dag.py for tasks to queue
[2023-03-15T16:08:45.434+0000] {logging_mixin.py:120} INFO - [2023-03-15T16:08:45.434+0000] {dagbag.py:537} INFO - Filling up the DagBag from /home/airflow/.local/lib/python3.7/site-packages/airflow/example_dags/example_skip_dag.py
[2023-03-15T16:08:45.451+0000] {processor.py:766} INFO - DAG(s) dict_keys(['example_skip_dag']) retrieved from /home/airflow/.local/lib/python3.7/site-packages/airflow/example_dags/example_skip_dag.py
[2023-03-15T16:08:45.507+0000] {logging_mixin.py:120} INFO - [2023-03-15T16:08:45.507+0000] {dag.py:2585} INFO - Sync 1 DAGs
[2023-03-15T16:08:45.531+0000] {logging_mixin.py:120} INFO - [2023-03-15T16:08:45.531+0000] {dag.py:3340} INFO - Setting next_dagrun for example_skip_dag to 2023-03-14T16:08:45.531493+00:00, run_after=2023-03-15T16:08:45.531493+00:00
[2023-03-15T16:08:45.569+0000] {processor.py:176} INFO - Processing /home/airflow/.local/lib/python3.7/site-packages/airflow/example_dags/example_skip_dag.py took 0.144 seconds
[2023-03-15T16:09:16.432+0000] {processor.py:154} INFO - Started process (PID=1182) to work on /home/airflow/.local/lib/python3.7/site-packages/airflow/example_dags/example_skip_dag.py
[2023-03-15T16:09:16.434+0000] {processor.py:756} INFO - Processing file /home/airflow/.local/lib/python3.7/site-packages/airflow/example_dags/example_skip_dag.py for tasks to queue
[2023-03-15T16:09:16.436+0000] {logging_mixin.py:120} INFO - [2023-03-15T16:09:16.436+0000] {dagbag.py:537} INFO - Filling up the DagBag from /home/airflow/.local/lib/python3.7/site-packages/airflow/example_dags/example_skip_dag.py
[2023-03-15T16:09:16.463+0000] {processor.py:766} INFO - DAG(s) dict_keys(['example_skip_dag']) retrieved from /home/airflow/.local/lib/python3.7/site-packages/airflow/example_dags/example_skip_dag.py
[2023-03-15T16:09:16.552+0000] {logging_mixin.py:120} INFO - [2023-03-15T16:09:16.552+0000] {dag.py:2585} INFO - Sync 1 DAGs
[2023-03-15T16:09:16.595+0000] {logging_mixin.py:120} INFO - [2023-03-15T16:09:16.595+0000] {dag.py:3340} INFO - Setting next_dagrun for example_skip_dag to 2023-03-14T16:09:16.595051+00:00, run_after=2023-03-15T16:09:16.595051+00:00
[2023-03-15T16:09:16.642+0000] {processor.py:176} INFO - Processing /home/airflow/.local/lib/python3.7/site-packages/airflow/example_dags/example_skip_dag.py took 0.213 seconds
[2023-03-15T16:09:46.767+0000] {processor.py:154} INFO - Started process (PID=1389) to work on /home/airflow/.local/lib/python3.7/site-packages/airflow/example_dags/example_skip_dag.py
[2023-03-15T16:09:46.769+0000] {processor.py:756} INFO - Processing file /home/airflow/.local/lib/python3.7/site-packages/airflow/example_dags/example_skip_dag.py for tasks to queue
[2023-03-15T16:09:46.770+0000] {logging_mixin.py:120} INFO - [2023-03-15T16:09:46.770+0000] {dagbag.py:537} INFO - Filling up the DagBag from /home/airflow/.local/lib/python3.7/site-packages/airflow/example_dags/example_skip_dag.py
[2023-03-15T16:09:46.783+0000] {processor.py:766} INFO - DAG(s) dict_keys(['example_skip_dag']) retrieved from /home/airflow/.local/lib/python3.7/site-packages/airflow/example_dags/example_skip_dag.py
[2023-03-15T16:09:46.828+0000] {logging_mixin.py:120} INFO - [2023-03-15T16:09:46.827+0000] {dag.py:2585} INFO - Sync 1 DAGs
[2023-03-15T16:09:46.850+0000] {logging_mixin.py:120} INFO - [2023-03-15T16:09:46.848+0000] {dag.py:3340} INFO - Setting next_dagrun for example_skip_dag to 2023-03-14T16:09:46.848506+00:00, run_after=2023-03-15T16:09:46.848506+00:00
[2023-03-15T16:09:46.868+0000] {processor.py:176} INFO - Processing /home/airflow/.local/lib/python3.7/site-packages/airflow/example_dags/example_skip_dag.py took 0.104 seconds
[2023-03-15T16:10:17.016+0000] {processor.py:154} INFO - Started process (PID=1605) to work on /home/airflow/.local/lib/python3.7/site-packages/airflow/example_dags/example_skip_dag.py
[2023-03-15T16:10:17.024+0000] {processor.py:756} INFO - Processing file /home/airflow/.local/lib/python3.7/site-packages/airflow/example_dags/example_skip_dag.py for tasks to queue
[2023-03-15T16:10:17.025+0000] {logging_mixin.py:120} INFO - [2023-03-15T16:10:17.025+0000] {dagbag.py:537} INFO - Filling up the DagBag from /home/airflow/.local/lib/python3.7/site-packages/airflow/example_dags/example_skip_dag.py
[2023-03-15T16:10:17.053+0000] {processor.py:766} INFO - DAG(s) dict_keys(['example_skip_dag']) retrieved from /home/airflow/.local/lib/python3.7/site-packages/airflow/example_dags/example_skip_dag.py
[2023-03-15T16:10:17.125+0000] {logging_mixin.py:120} INFO - [2023-03-15T16:10:17.124+0000] {dag.py:2585} INFO - Sync 1 DAGs
[2023-03-15T16:10:17.145+0000] {logging_mixin.py:120} INFO - [2023-03-15T16:10:17.145+0000] {dag.py:3340} INFO - Setting next_dagrun for example_skip_dag to 2023-03-14T16:10:17.145349+00:00, run_after=2023-03-15T16:10:17.145349+00:00
[2023-03-15T16:10:17.178+0000] {processor.py:176} INFO - Processing /home/airflow/.local/lib/python3.7/site-packages/airflow/example_dags/example_skip_dag.py took 0.164 seconds
[2023-03-15T16:10:47.402+0000] {processor.py:154} INFO - Started process (PID=1832) to work on /home/airflow/.local/lib/python3.7/site-packages/airflow/example_dags/example_skip_dag.py
[2023-03-15T16:10:47.403+0000] {processor.py:756} INFO - Processing file /home/airflow/.local/lib/python3.7/site-packages/airflow/example_dags/example_skip_dag.py for tasks to queue
[2023-03-15T16:10:47.404+0000] {logging_mixin.py:120} INFO - [2023-03-15T16:10:47.404+0000] {dagbag.py:537} INFO - Filling up the DagBag from /home/airflow/.local/lib/python3.7/site-packages/airflow/example_dags/example_skip_dag.py
[2023-03-15T16:10:47.416+0000] {processor.py:766} INFO - DAG(s) dict_keys(['example_skip_dag']) retrieved from /home/airflow/.local/lib/python3.7/site-packages/airflow/example_dags/example_skip_dag.py
[2023-03-15T16:10:47.447+0000] {logging_mixin.py:120} INFO - [2023-03-15T16:10:47.447+0000] {dag.py:2585} INFO - Sync 1 DAGs
[2023-03-15T16:10:47.464+0000] {logging_mixin.py:120} INFO - [2023-03-15T16:10:47.463+0000] {dag.py:3340} INFO - Setting next_dagrun for example_skip_dag to 2023-03-14T16:10:47.463727+00:00, run_after=2023-03-15T16:10:47.463727+00:00
[2023-03-15T16:10:47.475+0000] {processor.py:176} INFO - Processing /home/airflow/.local/lib/python3.7/site-packages/airflow/example_dags/example_skip_dag.py took 0.076 seconds
[2023-03-15T16:11:17.512+0000] {processor.py:154} INFO - Started process (PID=2037) to work on /home/airflow/.local/lib/python3.7/site-packages/airflow/example_dags/example_skip_dag.py
[2023-03-15T16:11:17.513+0000] {processor.py:756} INFO - Processing file /home/airflow/.local/lib/python3.7/site-packages/airflow/example_dags/example_skip_dag.py for tasks to queue
[2023-03-15T16:11:17.514+0000] {logging_mixin.py:120} INFO - [2023-03-15T16:11:17.514+0000] {dagbag.py:537} INFO - Filling up the DagBag from /home/airflow/.local/lib/python3.7/site-packages/airflow/example_dags/example_skip_dag.py
[2023-03-15T16:11:17.525+0000] {processor.py:766} INFO - DAG(s) dict_keys(['example_skip_dag']) retrieved from /home/airflow/.local/lib/python3.7/site-packages/airflow/example_dags/example_skip_dag.py
[2023-03-15T16:11:17.556+0000] {logging_mixin.py:120} INFO - [2023-03-15T16:11:17.556+0000] {dag.py:2585} INFO - Sync 1 DAGs
[2023-03-15T16:11:17.573+0000] {logging_mixin.py:120} INFO - [2023-03-15T16:11:17.572+0000] {dag.py:3340} INFO - Setting next_dagrun for example_skip_dag to 2023-03-14T16:11:17.572746+00:00, run_after=2023-03-15T16:11:17.572746+00:00
[2023-03-15T16:11:17.585+0000] {processor.py:176} INFO - Processing /home/airflow/.local/lib/python3.7/site-packages/airflow/example_dags/example_skip_dag.py took 0.075 seconds
[2023-03-15T16:11:48.326+0000] {processor.py:154} INFO - Started process (PID=2259) to work on /home/airflow/.local/lib/python3.7/site-packages/airflow/example_dags/example_skip_dag.py
[2023-03-15T16:11:48.330+0000] {processor.py:756} INFO - Processing file /home/airflow/.local/lib/python3.7/site-packages/airflow/example_dags/example_skip_dag.py for tasks to queue
[2023-03-15T16:11:48.331+0000] {logging_mixin.py:120} INFO - [2023-03-15T16:11:48.331+0000] {dagbag.py:537} INFO - Filling up the DagBag from /home/airflow/.local/lib/python3.7/site-packages/airflow/example_dags/example_skip_dag.py
[2023-03-15T16:11:48.357+0000] {processor.py:766} INFO - DAG(s) dict_keys(['example_skip_dag']) retrieved from /home/airflow/.local/lib/python3.7/site-packages/airflow/example_dags/example_skip_dag.py
[2023-03-15T16:11:48.410+0000] {logging_mixin.py:120} INFO - [2023-03-15T16:11:48.410+0000] {dag.py:2585} INFO - Sync 1 DAGs
[2023-03-15T16:11:48.463+0000] {logging_mixin.py:120} INFO - [2023-03-15T16:11:48.463+0000] {dag.py:3340} INFO - Setting next_dagrun for example_skip_dag to 2023-03-14T16:11:48.463162+00:00, run_after=2023-03-15T16:11:48.463162+00:00
[2023-03-15T16:11:48.475+0000] {processor.py:176} INFO - Processing /home/airflow/.local/lib/python3.7/site-packages/airflow/example_dags/example_skip_dag.py took 0.151 seconds
[2023-03-15T16:12:19.127+0000] {processor.py:154} INFO - Started process (PID=2463) to work on /home/airflow/.local/lib/python3.7/site-packages/airflow/example_dags/example_skip_dag.py
[2023-03-15T16:12:19.128+0000] {processor.py:756} INFO - Processing file /home/airflow/.local/lib/python3.7/site-packages/airflow/example_dags/example_skip_dag.py for tasks to queue
[2023-03-15T16:12:19.135+0000] {logging_mixin.py:120} INFO - [2023-03-15T16:12:19.129+0000] {dagbag.py:537} INFO - Filling up the DagBag from /home/airflow/.local/lib/python3.7/site-packages/airflow/example_dags/example_skip_dag.py
[2023-03-15T16:12:19.148+0000] {processor.py:766} INFO - DAG(s) dict_keys(['example_skip_dag']) retrieved from /home/airflow/.local/lib/python3.7/site-packages/airflow/example_dags/example_skip_dag.py
[2023-03-15T16:12:19.183+0000] {logging_mixin.py:120} INFO - [2023-03-15T16:12:19.183+0000] {dag.py:2585} INFO - Sync 1 DAGs
[2023-03-15T16:12:19.199+0000] {logging_mixin.py:120} INFO - [2023-03-15T16:12:19.199+0000] {dag.py:3340} INFO - Setting next_dagrun for example_skip_dag to 2023-03-14T16:12:19.199394+00:00, run_after=2023-03-15T16:12:19.199394+00:00
[2023-03-15T16:12:19.215+0000] {processor.py:176} INFO - Processing /home/airflow/.local/lib/python3.7/site-packages/airflow/example_dags/example_skip_dag.py took 0.091 seconds
[2023-03-15T16:12:50.138+0000] {processor.py:154} INFO - Started process (PID=2675) to work on /home/airflow/.local/lib/python3.7/site-packages/airflow/example_dags/example_skip_dag.py
[2023-03-15T16:12:50.139+0000] {processor.py:756} INFO - Processing file /home/airflow/.local/lib/python3.7/site-packages/airflow/example_dags/example_skip_dag.py for tasks to queue
[2023-03-15T16:12:50.140+0000] {logging_mixin.py:120} INFO - [2023-03-15T16:12:50.140+0000] {dagbag.py:537} INFO - Filling up the DagBag from /home/airflow/.local/lib/python3.7/site-packages/airflow/example_dags/example_skip_dag.py
[2023-03-15T16:12:50.155+0000] {processor.py:766} INFO - DAG(s) dict_keys(['example_skip_dag']) retrieved from /home/airflow/.local/lib/python3.7/site-packages/airflow/example_dags/example_skip_dag.py
[2023-03-15T16:12:50.211+0000] {logging_mixin.py:120} INFO - [2023-03-15T16:12:50.211+0000] {dag.py:2585} INFO - Sync 1 DAGs
[2023-03-15T16:12:50.236+0000] {logging_mixin.py:120} INFO - [2023-03-15T16:12:50.235+0000] {dag.py:3340} INFO - Setting next_dagrun for example_skip_dag to 2023-03-14T16:12:50.235681+00:00, run_after=2023-03-15T16:12:50.235681+00:00
[2023-03-15T16:12:50.254+0000] {processor.py:176} INFO - Processing /home/airflow/.local/lib/python3.7/site-packages/airflow/example_dags/example_skip_dag.py took 0.124 seconds
[2023-03-15T16:13:20.534+0000] {processor.py:154} INFO - Started process (PID=2860) to work on /home/airflow/.local/lib/python3.7/site-packages/airflow/example_dags/example_skip_dag.py
[2023-03-15T16:13:20.536+0000] {processor.py:756} INFO - Processing file /home/airflow/.local/lib/python3.7/site-packages/airflow/example_dags/example_skip_dag.py for tasks to queue
[2023-03-15T16:13:20.536+0000] {logging_mixin.py:120} INFO - [2023-03-15T16:13:20.536+0000] {dagbag.py:537} INFO - Filling up the DagBag from /home/airflow/.local/lib/python3.7/site-packages/airflow/example_dags/example_skip_dag.py
[2023-03-15T16:13:20.546+0000] {processor.py:766} INFO - DAG(s) dict_keys(['example_skip_dag']) retrieved from /home/airflow/.local/lib/python3.7/site-packages/airflow/example_dags/example_skip_dag.py
[2023-03-15T16:13:20.576+0000] {logging_mixin.py:120} INFO - [2023-03-15T16:13:20.576+0000] {dag.py:2585} INFO - Sync 1 DAGs
[2023-03-15T16:13:20.591+0000] {logging_mixin.py:120} INFO - [2023-03-15T16:13:20.591+0000] {dag.py:3340} INFO - Setting next_dagrun for example_skip_dag to 2023-03-14T16:13:20.591241+00:00, run_after=2023-03-15T16:13:20.591241+00:00
[2023-03-15T16:13:20.602+0000] {processor.py:176} INFO - Processing /home/airflow/.local/lib/python3.7/site-packages/airflow/example_dags/example_skip_dag.py took 0.070 seconds
[2023-03-15T16:29:47.739+0000] {processor.py:154} INFO - Started process (PID=2902) to work on /home/airflow/.local/lib/python3.7/site-packages/airflow/example_dags/example_skip_dag.py
[2023-03-15T16:29:47.741+0000] {processor.py:756} INFO - Processing file /home/airflow/.local/lib/python3.7/site-packages/airflow/example_dags/example_skip_dag.py for tasks to queue
[2023-03-15T16:29:47.742+0000] {logging_mixin.py:120} INFO - [2023-03-15T16:29:47.742+0000] {dagbag.py:537} INFO - Filling up the DagBag from /home/airflow/.local/lib/python3.7/site-packages/airflow/example_dags/example_skip_dag.py
[2023-03-15T16:29:47.756+0000] {processor.py:766} INFO - DAG(s) dict_keys(['example_skip_dag']) retrieved from /home/airflow/.local/lib/python3.7/site-packages/airflow/example_dags/example_skip_dag.py
[2023-03-15T16:29:47.813+0000] {logging_mixin.py:120} INFO - [2023-03-15T16:29:47.813+0000] {dag.py:2585} INFO - Sync 1 DAGs
[2023-03-15T16:29:47.836+0000] {logging_mixin.py:120} INFO - [2023-03-15T16:29:47.836+0000] {dag.py:3340} INFO - Setting next_dagrun for example_skip_dag to 2023-03-14T16:29:47.836369+00:00, run_after=2023-03-15T16:29:47.836369+00:00
[2023-03-15T16:29:47.863+0000] {processor.py:176} INFO - Processing /home/airflow/.local/lib/python3.7/site-packages/airflow/example_dags/example_skip_dag.py took 0.127 seconds
[2023-03-15T16:30:18.697+0000] {processor.py:154} INFO - Started process (PID=2967) to work on /home/airflow/.local/lib/python3.7/site-packages/airflow/example_dags/example_skip_dag.py
[2023-03-15T16:30:18.698+0000] {processor.py:756} INFO - Processing file /home/airflow/.local/lib/python3.7/site-packages/airflow/example_dags/example_skip_dag.py for tasks to queue
[2023-03-15T16:30:18.699+0000] {logging_mixin.py:120} INFO - [2023-03-15T16:30:18.699+0000] {dagbag.py:537} INFO - Filling up the DagBag from /home/airflow/.local/lib/python3.7/site-packages/airflow/example_dags/example_skip_dag.py
[2023-03-15T16:30:18.709+0000] {processor.py:766} INFO - DAG(s) dict_keys(['example_skip_dag']) retrieved from /home/airflow/.local/lib/python3.7/site-packages/airflow/example_dags/example_skip_dag.py
[2023-03-15T16:30:18.738+0000] {logging_mixin.py:120} INFO - [2023-03-15T16:30:18.738+0000] {dag.py:2585} INFO - Sync 1 DAGs
[2023-03-15T16:30:18.752+0000] {logging_mixin.py:120} INFO - [2023-03-15T16:30:18.752+0000] {dag.py:3340} INFO - Setting next_dagrun for example_skip_dag to 2023-03-14T16:30:18.752740+00:00, run_after=2023-03-15T16:30:18.752740+00:00
[2023-03-15T16:30:18.764+0000] {processor.py:176} INFO - Processing /home/airflow/.local/lib/python3.7/site-packages/airflow/example_dags/example_skip_dag.py took 0.070 seconds
[2023-03-15T16:47:13.459+0000] {processor.py:154} INFO - Started process (PID=3023) to work on /home/airflow/.local/lib/python3.7/site-packages/airflow/example_dags/example_skip_dag.py
[2023-03-15T16:47:13.460+0000] {processor.py:756} INFO - Processing file /home/airflow/.local/lib/python3.7/site-packages/airflow/example_dags/example_skip_dag.py for tasks to queue
[2023-03-15T16:47:13.461+0000] {logging_mixin.py:120} INFO - [2023-03-15T16:47:13.461+0000] {dagbag.py:537} INFO - Filling up the DagBag from /home/airflow/.local/lib/python3.7/site-packages/airflow/example_dags/example_skip_dag.py
[2023-03-15T16:47:13.472+0000] {processor.py:766} INFO - DAG(s) dict_keys(['example_skip_dag']) retrieved from /home/airflow/.local/lib/python3.7/site-packages/airflow/example_dags/example_skip_dag.py
[2023-03-15T16:47:13.526+0000] {logging_mixin.py:120} INFO - [2023-03-15T16:47:13.526+0000] {dag.py:2585} INFO - Sync 1 DAGs
[2023-03-15T16:47:13.547+0000] {logging_mixin.py:120} INFO - [2023-03-15T16:47:13.547+0000] {dag.py:3340} INFO - Setting next_dagrun for example_skip_dag to 2023-03-14T16:47:13.547706+00:00, run_after=2023-03-15T16:47:13.547706+00:00
[2023-03-15T16:47:13.565+0000] {processor.py:176} INFO - Processing /home/airflow/.local/lib/python3.7/site-packages/airflow/example_dags/example_skip_dag.py took 0.109 seconds
[2023-03-15T16:47:44.438+0000] {processor.py:154} INFO - Started process (PID=3088) to work on /home/airflow/.local/lib/python3.7/site-packages/airflow/example_dags/example_skip_dag.py
[2023-03-15T16:47:44.439+0000] {processor.py:756} INFO - Processing file /home/airflow/.local/lib/python3.7/site-packages/airflow/example_dags/example_skip_dag.py for tasks to queue
[2023-03-15T16:47:44.440+0000] {logging_mixin.py:120} INFO - [2023-03-15T16:47:44.440+0000] {dagbag.py:537} INFO - Filling up the DagBag from /home/airflow/.local/lib/python3.7/site-packages/airflow/example_dags/example_skip_dag.py
[2023-03-15T16:47:44.450+0000] {processor.py:766} INFO - DAG(s) dict_keys(['example_skip_dag']) retrieved from /home/airflow/.local/lib/python3.7/site-packages/airflow/example_dags/example_skip_dag.py
[2023-03-15T16:47:44.477+0000] {logging_mixin.py:120} INFO - [2023-03-15T16:47:44.477+0000] {dag.py:2585} INFO - Sync 1 DAGs
[2023-03-15T16:47:44.491+0000] {logging_mixin.py:120} INFO - [2023-03-15T16:47:44.491+0000] {dag.py:3340} INFO - Setting next_dagrun for example_skip_dag to 2023-03-14T16:47:44.491653+00:00, run_after=2023-03-15T16:47:44.491653+00:00
[2023-03-15T16:47:44.502+0000] {processor.py:176} INFO - Processing /home/airflow/.local/lib/python3.7/site-packages/airflow/example_dags/example_skip_dag.py took 0.067 seconds
[2023-03-15T16:59:20.492+0000] {processor.py:154} INFO - Started process (PID=3153) to work on /home/airflow/.local/lib/python3.7/site-packages/airflow/example_dags/example_skip_dag.py
[2023-03-15T16:59:20.493+0000] {processor.py:756} INFO - Processing file /home/airflow/.local/lib/python3.7/site-packages/airflow/example_dags/example_skip_dag.py for tasks to queue
[2023-03-15T16:59:20.495+0000] {logging_mixin.py:120} INFO - [2023-03-15T16:59:20.495+0000] {dagbag.py:537} INFO - Filling up the DagBag from /home/airflow/.local/lib/python3.7/site-packages/airflow/example_dags/example_skip_dag.py
[2023-03-15T16:59:20.516+0000] {processor.py:766} INFO - DAG(s) dict_keys(['example_skip_dag']) retrieved from /home/airflow/.local/lib/python3.7/site-packages/airflow/example_dags/example_skip_dag.py
[2023-03-15T16:59:20.555+0000] {logging_mixin.py:120} INFO - [2023-03-15T16:59:20.555+0000] {dag.py:2585} INFO - Sync 1 DAGs
[2023-03-15T16:59:20.573+0000] {logging_mixin.py:120} INFO - [2023-03-15T16:59:20.573+0000] {dag.py:3340} INFO - Setting next_dagrun for example_skip_dag to 2023-03-14T16:59:20.573049+00:00, run_after=2023-03-15T16:59:20.573049+00:00
[2023-03-15T16:59:20.586+0000] {processor.py:176} INFO - Processing /home/airflow/.local/lib/python3.7/site-packages/airflow/example_dags/example_skip_dag.py took 0.097 seconds
[2023-03-15T16:59:50.801+0000] {processor.py:154} INFO - Started process (PID=3218) to work on /home/airflow/.local/lib/python3.7/site-packages/airflow/example_dags/example_skip_dag.py
[2023-03-15T16:59:50.802+0000] {processor.py:756} INFO - Processing file /home/airflow/.local/lib/python3.7/site-packages/airflow/example_dags/example_skip_dag.py for tasks to queue
[2023-03-15T16:59:50.803+0000] {logging_mixin.py:120} INFO - [2023-03-15T16:59:50.803+0000] {dagbag.py:537} INFO - Filling up the DagBag from /home/airflow/.local/lib/python3.7/site-packages/airflow/example_dags/example_skip_dag.py
[2023-03-15T16:59:50.813+0000] {processor.py:766} INFO - DAG(s) dict_keys(['example_skip_dag']) retrieved from /home/airflow/.local/lib/python3.7/site-packages/airflow/example_dags/example_skip_dag.py
[2023-03-15T16:59:50.844+0000] {logging_mixin.py:120} INFO - [2023-03-15T16:59:50.844+0000] {dag.py:2585} INFO - Sync 1 DAGs
[2023-03-15T16:59:50.859+0000] {logging_mixin.py:120} INFO - [2023-03-15T16:59:50.859+0000] {dag.py:3340} INFO - Setting next_dagrun for example_skip_dag to 2023-03-14T16:59:50.859498+00:00, run_after=2023-03-15T16:59:50.859498+00:00
[2023-03-15T16:59:50.872+0000] {processor.py:176} INFO - Processing /home/airflow/.local/lib/python3.7/site-packages/airflow/example_dags/example_skip_dag.py took 0.074 seconds
[2023-03-15T17:00:21.486+0000] {processor.py:154} INFO - Started process (PID=3282) to work on /home/airflow/.local/lib/python3.7/site-packages/airflow/example_dags/example_skip_dag.py
[2023-03-15T17:00:21.492+0000] {processor.py:756} INFO - Processing file /home/airflow/.local/lib/python3.7/site-packages/airflow/example_dags/example_skip_dag.py for tasks to queue
[2023-03-15T17:00:21.494+0000] {logging_mixin.py:120} INFO - [2023-03-15T17:00:21.494+0000] {dagbag.py:537} INFO - Filling up the DagBag from /home/airflow/.local/lib/python3.7/site-packages/airflow/example_dags/example_skip_dag.py
[2023-03-15T17:00:21.507+0000] {processor.py:766} INFO - DAG(s) dict_keys(['example_skip_dag']) retrieved from /home/airflow/.local/lib/python3.7/site-packages/airflow/example_dags/example_skip_dag.py
[2023-03-15T17:00:21.535+0000] {logging_mixin.py:120} INFO - [2023-03-15T17:00:21.534+0000] {dag.py:2585} INFO - Sync 1 DAGs
[2023-03-15T17:00:21.550+0000] {logging_mixin.py:120} INFO - [2023-03-15T17:00:21.550+0000] {dag.py:3340} INFO - Setting next_dagrun for example_skip_dag to 2023-03-14T17:00:21.550341+00:00, run_after=2023-03-15T17:00:21.550341+00:00
[2023-03-15T17:00:21.561+0000] {processor.py:176} INFO - Processing /home/airflow/.local/lib/python3.7/site-packages/airflow/example_dags/example_skip_dag.py took 0.078 seconds
[2023-03-15T17:00:52.118+0000] {processor.py:154} INFO - Started process (PID=3338) to work on /home/airflow/.local/lib/python3.7/site-packages/airflow/example_dags/example_skip_dag.py
[2023-03-15T17:00:52.120+0000] {processor.py:756} INFO - Processing file /home/airflow/.local/lib/python3.7/site-packages/airflow/example_dags/example_skip_dag.py for tasks to queue
[2023-03-15T17:00:52.120+0000] {logging_mixin.py:120} INFO - [2023-03-15T17:00:52.120+0000] {dagbag.py:537} INFO - Filling up the DagBag from /home/airflow/.local/lib/python3.7/site-packages/airflow/example_dags/example_skip_dag.py
[2023-03-15T17:00:52.130+0000] {processor.py:766} INFO - DAG(s) dict_keys(['example_skip_dag']) retrieved from /home/airflow/.local/lib/python3.7/site-packages/airflow/example_dags/example_skip_dag.py
[2023-03-15T17:00:52.158+0000] {logging_mixin.py:120} INFO - [2023-03-15T17:00:52.158+0000] {dag.py:2585} INFO - Sync 1 DAGs
[2023-03-15T17:00:52.171+0000] {logging_mixin.py:120} INFO - [2023-03-15T17:00:52.171+0000] {dag.py:3340} INFO - Setting next_dagrun for example_skip_dag to 2023-03-14T17:00:52.171715+00:00, run_after=2023-03-15T17:00:52.171715+00:00
[2023-03-15T17:00:52.184+0000] {processor.py:176} INFO - Processing /home/airflow/.local/lib/python3.7/site-packages/airflow/example_dags/example_skip_dag.py took 0.068 seconds
[2023-03-15T17:01:22.572+0000] {processor.py:154} INFO - Started process (PID=3403) to work on /home/airflow/.local/lib/python3.7/site-packages/airflow/example_dags/example_skip_dag.py
[2023-03-15T17:01:22.573+0000] {processor.py:756} INFO - Processing file /home/airflow/.local/lib/python3.7/site-packages/airflow/example_dags/example_skip_dag.py for tasks to queue
[2023-03-15T17:01:22.574+0000] {logging_mixin.py:120} INFO - [2023-03-15T17:01:22.574+0000] {dagbag.py:537} INFO - Filling up the DagBag from /home/airflow/.local/lib/python3.7/site-packages/airflow/example_dags/example_skip_dag.py
[2023-03-15T17:01:22.586+0000] {processor.py:766} INFO - DAG(s) dict_keys(['example_skip_dag']) retrieved from /home/airflow/.local/lib/python3.7/site-packages/airflow/example_dags/example_skip_dag.py
[2023-03-15T17:01:22.614+0000] {logging_mixin.py:120} INFO - [2023-03-15T17:01:22.614+0000] {dag.py:2585} INFO - Sync 1 DAGs
[2023-03-15T17:01:22.629+0000] {logging_mixin.py:120} INFO - [2023-03-15T17:01:22.629+0000] {dag.py:3340} INFO - Setting next_dagrun for example_skip_dag to 2023-03-14T17:01:22.629179+00:00, run_after=2023-03-15T17:01:22.629179+00:00
[2023-03-15T17:01:22.640+0000] {processor.py:176} INFO - Processing /home/airflow/.local/lib/python3.7/site-packages/airflow/example_dags/example_skip_dag.py took 0.070 seconds
[2023-03-15T17:01:52.990+0000] {processor.py:154} INFO - Started process (PID=3468) to work on /home/airflow/.local/lib/python3.7/site-packages/airflow/example_dags/example_skip_dag.py
[2023-03-15T17:01:52.992+0000] {processor.py:756} INFO - Processing file /home/airflow/.local/lib/python3.7/site-packages/airflow/example_dags/example_skip_dag.py for tasks to queue
[2023-03-15T17:01:52.993+0000] {logging_mixin.py:120} INFO - [2023-03-15T17:01:52.993+0000] {dagbag.py:537} INFO - Filling up the DagBag from /home/airflow/.local/lib/python3.7/site-packages/airflow/example_dags/example_skip_dag.py
[2023-03-15T17:01:53.004+0000] {processor.py:766} INFO - DAG(s) dict_keys(['example_skip_dag']) retrieved from /home/airflow/.local/lib/python3.7/site-packages/airflow/example_dags/example_skip_dag.py
[2023-03-15T17:01:53.032+0000] {logging_mixin.py:120} INFO - [2023-03-15T17:01:53.032+0000] {dag.py:2585} INFO - Sync 1 DAGs
[2023-03-15T17:01:53.047+0000] {logging_mixin.py:120} INFO - [2023-03-15T17:01:53.047+0000] {dag.py:3340} INFO - Setting next_dagrun for example_skip_dag to 2023-03-14T17:01:53.047684+00:00, run_after=2023-03-15T17:01:53.047684+00:00
[2023-03-15T17:01:53.059+0000] {processor.py:176} INFO - Processing /home/airflow/.local/lib/python3.7/site-packages/airflow/example_dags/example_skip_dag.py took 0.071 seconds
[2023-03-15T17:02:23.391+0000] {processor.py:154} INFO - Started process (PID=3533) to work on /home/airflow/.local/lib/python3.7/site-packages/airflow/example_dags/example_skip_dag.py
[2023-03-15T17:02:23.392+0000] {processor.py:756} INFO - Processing file /home/airflow/.local/lib/python3.7/site-packages/airflow/example_dags/example_skip_dag.py for tasks to queue
[2023-03-15T17:02:23.393+0000] {logging_mixin.py:120} INFO - [2023-03-15T17:02:23.392+0000] {dagbag.py:537} INFO - Filling up the DagBag from /home/airflow/.local/lib/python3.7/site-packages/airflow/example_dags/example_skip_dag.py
[2023-03-15T17:02:23.403+0000] {processor.py:766} INFO - DAG(s) dict_keys(['example_skip_dag']) retrieved from /home/airflow/.local/lib/python3.7/site-packages/airflow/example_dags/example_skip_dag.py
[2023-03-15T17:02:23.432+0000] {logging_mixin.py:120} INFO - [2023-03-15T17:02:23.432+0000] {dag.py:2585} INFO - Sync 1 DAGs
[2023-03-15T17:02:23.450+0000] {logging_mixin.py:120} INFO - [2023-03-15T17:02:23.450+0000] {dag.py:3340} INFO - Setting next_dagrun for example_skip_dag to 2023-03-14T17:02:23.450078+00:00, run_after=2023-03-15T17:02:23.450078+00:00
[2023-03-15T17:02:23.462+0000] {processor.py:176} INFO - Processing /home/airflow/.local/lib/python3.7/site-packages/airflow/example_dags/example_skip_dag.py took 0.075 seconds
[2023-03-15T17:02:53.787+0000] {processor.py:154} INFO - Started process (PID=3598) to work on /home/airflow/.local/lib/python3.7/site-packages/airflow/example_dags/example_skip_dag.py
[2023-03-15T17:02:53.788+0000] {processor.py:756} INFO - Processing file /home/airflow/.local/lib/python3.7/site-packages/airflow/example_dags/example_skip_dag.py for tasks to queue
[2023-03-15T17:02:53.789+0000] {logging_mixin.py:120} INFO - [2023-03-15T17:02:53.789+0000] {dagbag.py:537} INFO - Filling up the DagBag from /home/airflow/.local/lib/python3.7/site-packages/airflow/example_dags/example_skip_dag.py
[2023-03-15T17:02:53.798+0000] {processor.py:766} INFO - DAG(s) dict_keys(['example_skip_dag']) retrieved from /home/airflow/.local/lib/python3.7/site-packages/airflow/example_dags/example_skip_dag.py
[2023-03-15T17:02:53.829+0000] {logging_mixin.py:120} INFO - [2023-03-15T17:02:53.829+0000] {dag.py:2585} INFO - Sync 1 DAGs
[2023-03-15T17:02:53.844+0000] {logging_mixin.py:120} INFO - [2023-03-15T17:02:53.844+0000] {dag.py:3340} INFO - Setting next_dagrun for example_skip_dag to 2023-03-14T17:02:53.844153+00:00, run_after=2023-03-15T17:02:53.844153+00:00
[2023-03-15T17:02:53.857+0000] {processor.py:176} INFO - Processing /home/airflow/.local/lib/python3.7/site-packages/airflow/example_dags/example_skip_dag.py took 0.073 seconds
[2023-03-15T17:03:24.379+0000] {processor.py:154} INFO - Started process (PID=3663) to work on /home/airflow/.local/lib/python3.7/site-packages/airflow/example_dags/example_skip_dag.py
[2023-03-15T17:03:24.380+0000] {processor.py:756} INFO - Processing file /home/airflow/.local/lib/python3.7/site-packages/airflow/example_dags/example_skip_dag.py for tasks to queue
[2023-03-15T17:03:24.381+0000] {logging_mixin.py:120} INFO - [2023-03-15T17:03:24.381+0000] {dagbag.py:537} INFO - Filling up the DagBag from /home/airflow/.local/lib/python3.7/site-packages/airflow/example_dags/example_skip_dag.py
[2023-03-15T17:03:24.391+0000] {processor.py:766} INFO - DAG(s) dict_keys(['example_skip_dag']) retrieved from /home/airflow/.local/lib/python3.7/site-packages/airflow/example_dags/example_skip_dag.py
[2023-03-15T17:03:24.421+0000] {logging_mixin.py:120} INFO - [2023-03-15T17:03:24.421+0000] {dag.py:2585} INFO - Sync 1 DAGs
[2023-03-15T17:03:24.438+0000] {logging_mixin.py:120} INFO - [2023-03-15T17:03:24.438+0000] {dag.py:3340} INFO - Setting next_dagrun for example_skip_dag to 2023-03-14T17:03:24.437885+00:00, run_after=2023-03-15T17:03:24.437885+00:00
[2023-03-15T17:03:24.449+0000] {processor.py:176} INFO - Processing /home/airflow/.local/lib/python3.7/site-packages/airflow/example_dags/example_skip_dag.py took 0.073 seconds
[2023-03-15T17:03:54.879+0000] {processor.py:154} INFO - Started process (PID=3719) to work on /home/airflow/.local/lib/python3.7/site-packages/airflow/example_dags/example_skip_dag.py
[2023-03-15T17:03:54.880+0000] {processor.py:756} INFO - Processing file /home/airflow/.local/lib/python3.7/site-packages/airflow/example_dags/example_skip_dag.py for tasks to queue
[2023-03-15T17:03:54.880+0000] {logging_mixin.py:120} INFO - [2023-03-15T17:03:54.880+0000] {dagbag.py:537} INFO - Filling up the DagBag from /home/airflow/.local/lib/python3.7/site-packages/airflow/example_dags/example_skip_dag.py
[2023-03-15T17:03:54.891+0000] {processor.py:766} INFO - DAG(s) dict_keys(['example_skip_dag']) retrieved from /home/airflow/.local/lib/python3.7/site-packages/airflow/example_dags/example_skip_dag.py
[2023-03-15T17:03:54.919+0000] {logging_mixin.py:120} INFO - [2023-03-15T17:03:54.919+0000] {dag.py:2585} INFO - Sync 1 DAGs
[2023-03-15T17:03:54.935+0000] {logging_mixin.py:120} INFO - [2023-03-15T17:03:54.935+0000] {dag.py:3340} INFO - Setting next_dagrun for example_skip_dag to 2023-03-14T17:03:54.935450+00:00, run_after=2023-03-15T17:03:54.935450+00:00
[2023-03-15T17:03:54.947+0000] {processor.py:176} INFO - Processing /home/airflow/.local/lib/python3.7/site-packages/airflow/example_dags/example_skip_dag.py took 0.072 seconds
[2023-03-15T17:04:25.356+0000] {processor.py:154} INFO - Started process (PID=3783) to work on /home/airflow/.local/lib/python3.7/site-packages/airflow/example_dags/example_skip_dag.py
[2023-03-15T17:04:25.357+0000] {processor.py:756} INFO - Processing file /home/airflow/.local/lib/python3.7/site-packages/airflow/example_dags/example_skip_dag.py for tasks to queue
[2023-03-15T17:04:25.359+0000] {logging_mixin.py:120} INFO - [2023-03-15T17:04:25.359+0000] {dagbag.py:537} INFO - Filling up the DagBag from /home/airflow/.local/lib/python3.7/site-packages/airflow/example_dags/example_skip_dag.py
[2023-03-15T17:04:25.369+0000] {processor.py:766} INFO - DAG(s) dict_keys(['example_skip_dag']) retrieved from /home/airflow/.local/lib/python3.7/site-packages/airflow/example_dags/example_skip_dag.py
[2023-03-15T17:04:25.401+0000] {logging_mixin.py:120} INFO - [2023-03-15T17:04:25.401+0000] {dag.py:2585} INFO - Sync 1 DAGs
[2023-03-15T17:04:25.417+0000] {logging_mixin.py:120} INFO - [2023-03-15T17:04:25.417+0000] {dag.py:3340} INFO - Setting next_dagrun for example_skip_dag to 2023-03-14T17:04:25.417637+00:00, run_after=2023-03-15T17:04:25.417637+00:00
[2023-03-15T17:04:25.429+0000] {processor.py:176} INFO - Processing /home/airflow/.local/lib/python3.7/site-packages/airflow/example_dags/example_skip_dag.py took 0.076 seconds
