[2023-03-15T16:01:42.763+0000] {processor.py:154} INFO - Started process (PID=69) to work on /home/airflow/.local/lib/python3.7/site-packages/airflow/example_dags/example_branch_python_dop_operator_3.py
[2023-03-15T16:01:42.765+0000] {processor.py:756} INFO - Processing file /home/airflow/.local/lib/python3.7/site-packages/airflow/example_dags/example_branch_python_dop_operator_3.py for tasks to queue
[2023-03-15T16:01:42.766+0000] {logging_mixin.py:120} INFO - [2023-03-15T16:01:42.766+0000] {dagbag.py:537} INFO - Filling up the DagBag from /home/airflow/.local/lib/python3.7/site-packages/airflow/example_dags/example_branch_python_dop_operator_3.py
[2023-03-15T16:01:42.787+0000] {processor.py:766} INFO - DAG(s) dict_keys(['example_branch_dop_operator_v3']) retrieved from /home/airflow/.local/lib/python3.7/site-packages/airflow/example_dags/example_branch_python_dop_operator_3.py
[2023-03-15T16:01:42.914+0000] {logging_mixin.py:120} INFO - [2023-03-15T16:01:42.914+0000] {manager.py:507} INFO - Created Permission View: can read on DAG:example_branch_dop_operator_v3
[2023-03-15T16:01:42.920+0000] {logging_mixin.py:120} INFO - [2023-03-15T16:01:42.920+0000] {manager.py:507} INFO - Created Permission View: can delete on DAG:example_branch_dop_operator_v3
[2023-03-15T16:01:42.929+0000] {logging_mixin.py:120} INFO - [2023-03-15T16:01:42.929+0000] {manager.py:507} INFO - Created Permission View: can edit on DAG:example_branch_dop_operator_v3
[2023-03-15T16:01:42.930+0000] {logging_mixin.py:120} INFO - [2023-03-15T16:01:42.930+0000] {dag.py:2585} INFO - Sync 1 DAGs
[2023-03-15T16:01:42.940+0000] {logging_mixin.py:120} INFO - [2023-03-15T16:01:42.940+0000] {dag.py:2606} INFO - Creating ORM DAG for example_branch_dop_operator_v3
[2023-03-15T16:01:42.951+0000] {logging_mixin.py:120} INFO - [2023-03-15T16:01:42.951+0000] {dag.py:3340} INFO - Setting next_dagrun for example_branch_dop_operator_v3 to 2023-03-15T16:00:00+00:00, run_after=2023-03-15T16:01:00+00:00
[2023-03-15T16:01:42.965+0000] {processor.py:176} INFO - Processing /home/airflow/.local/lib/python3.7/site-packages/airflow/example_dags/example_branch_python_dop_operator_3.py took 0.206 seconds
[2023-03-15T16:02:14.004+0000] {processor.py:154} INFO - Started process (PID=123) to work on /home/airflow/.local/lib/python3.7/site-packages/airflow/example_dags/example_branch_python_dop_operator_3.py
[2023-03-15T16:02:14.033+0000] {processor.py:756} INFO - Processing file /home/airflow/.local/lib/python3.7/site-packages/airflow/example_dags/example_branch_python_dop_operator_3.py for tasks to queue
[2023-03-15T16:02:14.040+0000] {logging_mixin.py:120} INFO - [2023-03-15T16:02:14.037+0000] {dagbag.py:537} INFO - Filling up the DagBag from /home/airflow/.local/lib/python3.7/site-packages/airflow/example_dags/example_branch_python_dop_operator_3.py
[2023-03-15T16:02:14.256+0000] {processor.py:766} INFO - DAG(s) dict_keys(['example_branch_dop_operator_v3']) retrieved from /home/airflow/.local/lib/python3.7/site-packages/airflow/example_dags/example_branch_python_dop_operator_3.py
[2023-03-15T16:02:14.553+0000] {logging_mixin.py:120} INFO - [2023-03-15T16:02:14.553+0000] {dag.py:2585} INFO - Sync 1 DAGs
[2023-03-15T16:02:14.643+0000] {logging_mixin.py:120} INFO - [2023-03-15T16:02:14.643+0000] {dag.py:3340} INFO - Setting next_dagrun for example_branch_dop_operator_v3 to 2023-03-15T16:01:00+00:00, run_after=2023-03-15T16:02:00+00:00
[2023-03-15T16:02:14.851+0000] {processor.py:176} INFO - Processing /home/airflow/.local/lib/python3.7/site-packages/airflow/example_dags/example_branch_python_dop_operator_3.py took 0.881 seconds
[2023-03-15T16:02:45.115+0000] {processor.py:154} INFO - Started process (PID=185) to work on /home/airflow/.local/lib/python3.7/site-packages/airflow/example_dags/example_branch_python_dop_operator_3.py
[2023-03-15T16:02:45.116+0000] {processor.py:756} INFO - Processing file /home/airflow/.local/lib/python3.7/site-packages/airflow/example_dags/example_branch_python_dop_operator_3.py for tasks to queue
[2023-03-15T16:02:45.117+0000] {logging_mixin.py:120} INFO - [2023-03-15T16:02:45.117+0000] {dagbag.py:537} INFO - Filling up the DagBag from /home/airflow/.local/lib/python3.7/site-packages/airflow/example_dags/example_branch_python_dop_operator_3.py
[2023-03-15T16:02:45.134+0000] {processor.py:766} INFO - DAG(s) dict_keys(['example_branch_dop_operator_v3']) retrieved from /home/airflow/.local/lib/python3.7/site-packages/airflow/example_dags/example_branch_python_dop_operator_3.py
[2023-03-15T16:02:45.168+0000] {logging_mixin.py:120} INFO - [2023-03-15T16:02:45.168+0000] {dag.py:2585} INFO - Sync 1 DAGs
[2023-03-15T16:02:45.186+0000] {logging_mixin.py:120} INFO - [2023-03-15T16:02:45.186+0000] {dag.py:3340} INFO - Setting next_dagrun for example_branch_dop_operator_v3 to 2023-03-15T16:01:00+00:00, run_after=2023-03-15T16:02:00+00:00
[2023-03-15T16:02:45.199+0000] {processor.py:176} INFO - Processing /home/airflow/.local/lib/python3.7/site-packages/airflow/example_dags/example_branch_python_dop_operator_3.py took 0.088 seconds
[2023-03-15T16:03:15.514+0000] {processor.py:154} INFO - Started process (PID=249) to work on /home/airflow/.local/lib/python3.7/site-packages/airflow/example_dags/example_branch_python_dop_operator_3.py
[2023-03-15T16:03:15.516+0000] {processor.py:756} INFO - Processing file /home/airflow/.local/lib/python3.7/site-packages/airflow/example_dags/example_branch_python_dop_operator_3.py for tasks to queue
[2023-03-15T16:03:15.517+0000] {logging_mixin.py:120} INFO - [2023-03-15T16:03:15.517+0000] {dagbag.py:537} INFO - Filling up the DagBag from /home/airflow/.local/lib/python3.7/site-packages/airflow/example_dags/example_branch_python_dop_operator_3.py
[2023-03-15T16:03:15.535+0000] {processor.py:766} INFO - DAG(s) dict_keys(['example_branch_dop_operator_v3']) retrieved from /home/airflow/.local/lib/python3.7/site-packages/airflow/example_dags/example_branch_python_dop_operator_3.py
[2023-03-15T16:03:15.568+0000] {logging_mixin.py:120} INFO - [2023-03-15T16:03:15.568+0000] {dag.py:2585} INFO - Sync 1 DAGs
[2023-03-15T16:03:15.585+0000] {logging_mixin.py:120} INFO - [2023-03-15T16:03:15.585+0000] {dag.py:3340} INFO - Setting next_dagrun for example_branch_dop_operator_v3 to 2023-03-15T16:02:00+00:00, run_after=2023-03-15T16:03:00+00:00
[2023-03-15T16:03:15.598+0000] {processor.py:176} INFO - Processing /home/airflow/.local/lib/python3.7/site-packages/airflow/example_dags/example_branch_python_dop_operator_3.py took 0.088 seconds
[2023-03-15T16:03:45.788+0000] {processor.py:154} INFO - Started process (PID=312) to work on /home/airflow/.local/lib/python3.7/site-packages/airflow/example_dags/example_branch_python_dop_operator_3.py
[2023-03-15T16:03:45.790+0000] {processor.py:756} INFO - Processing file /home/airflow/.local/lib/python3.7/site-packages/airflow/example_dags/example_branch_python_dop_operator_3.py for tasks to queue
[2023-03-15T16:03:45.791+0000] {logging_mixin.py:120} INFO - [2023-03-15T16:03:45.791+0000] {dagbag.py:537} INFO - Filling up the DagBag from /home/airflow/.local/lib/python3.7/site-packages/airflow/example_dags/example_branch_python_dop_operator_3.py
[2023-03-15T16:03:45.806+0000] {processor.py:766} INFO - DAG(s) dict_keys(['example_branch_dop_operator_v3']) retrieved from /home/airflow/.local/lib/python3.7/site-packages/airflow/example_dags/example_branch_python_dop_operator_3.py
[2023-03-15T16:03:45.837+0000] {logging_mixin.py:120} INFO - [2023-03-15T16:03:45.837+0000] {dag.py:2585} INFO - Sync 1 DAGs
[2023-03-15T16:03:45.854+0000] {logging_mixin.py:120} INFO - [2023-03-15T16:03:45.854+0000] {dag.py:3340} INFO - Setting next_dagrun for example_branch_dop_operator_v3 to 2023-03-15T16:02:00+00:00, run_after=2023-03-15T16:03:00+00:00
[2023-03-15T16:03:45.867+0000] {processor.py:176} INFO - Processing /home/airflow/.local/lib/python3.7/site-packages/airflow/example_dags/example_branch_python_dop_operator_3.py took 0.081 seconds
[2023-03-15T16:04:16.048+0000] {processor.py:154} INFO - Started process (PID=376) to work on /home/airflow/.local/lib/python3.7/site-packages/airflow/example_dags/example_branch_python_dop_operator_3.py
[2023-03-15T16:04:16.049+0000] {processor.py:756} INFO - Processing file /home/airflow/.local/lib/python3.7/site-packages/airflow/example_dags/example_branch_python_dop_operator_3.py for tasks to queue
[2023-03-15T16:04:16.050+0000] {logging_mixin.py:120} INFO - [2023-03-15T16:04:16.050+0000] {dagbag.py:537} INFO - Filling up the DagBag from /home/airflow/.local/lib/python3.7/site-packages/airflow/example_dags/example_branch_python_dop_operator_3.py
[2023-03-15T16:04:16.071+0000] {processor.py:766} INFO - DAG(s) dict_keys(['example_branch_dop_operator_v3']) retrieved from /home/airflow/.local/lib/python3.7/site-packages/airflow/example_dags/example_branch_python_dop_operator_3.py
[2023-03-15T16:04:16.106+0000] {logging_mixin.py:120} INFO - [2023-03-15T16:04:16.106+0000] {dag.py:2585} INFO - Sync 1 DAGs
[2023-03-15T16:04:16.125+0000] {logging_mixin.py:120} INFO - [2023-03-15T16:04:16.124+0000] {dag.py:3340} INFO - Setting next_dagrun for example_branch_dop_operator_v3 to 2023-03-15T16:03:00+00:00, run_after=2023-03-15T16:04:00+00:00
[2023-03-15T16:04:16.141+0000] {processor.py:176} INFO - Processing /home/airflow/.local/lib/python3.7/site-packages/airflow/example_dags/example_branch_python_dop_operator_3.py took 0.097 seconds
[2023-03-15T16:04:46.707+0000] {processor.py:154} INFO - Started process (PID=439) to work on /home/airflow/.local/lib/python3.7/site-packages/airflow/example_dags/example_branch_python_dop_operator_3.py
[2023-03-15T16:04:46.716+0000] {processor.py:756} INFO - Processing file /home/airflow/.local/lib/python3.7/site-packages/airflow/example_dags/example_branch_python_dop_operator_3.py for tasks to queue
[2023-03-15T16:04:46.722+0000] {logging_mixin.py:120} INFO - [2023-03-15T16:04:46.722+0000] {dagbag.py:537} INFO - Filling up the DagBag from /home/airflow/.local/lib/python3.7/site-packages/airflow/example_dags/example_branch_python_dop_operator_3.py
[2023-03-15T16:04:46.827+0000] {processor.py:766} INFO - DAG(s) dict_keys(['example_branch_dop_operator_v3']) retrieved from /home/airflow/.local/lib/python3.7/site-packages/airflow/example_dags/example_branch_python_dop_operator_3.py
[2023-03-15T16:04:46.923+0000] {logging_mixin.py:120} INFO - [2023-03-15T16:04:46.923+0000] {dag.py:2585} INFO - Sync 1 DAGs
[2023-03-15T16:04:47.036+0000] {logging_mixin.py:120} INFO - [2023-03-15T16:04:47.036+0000] {dag.py:3340} INFO - Setting next_dagrun for example_branch_dop_operator_v3 to 2023-03-15T16:03:00+00:00, run_after=2023-03-15T16:04:00+00:00
[2023-03-15T16:04:47.093+0000] {processor.py:176} INFO - Processing /home/airflow/.local/lib/python3.7/site-packages/airflow/example_dags/example_branch_python_dop_operator_3.py took 0.407 seconds
[2023-03-15T16:05:17.880+0000] {processor.py:154} INFO - Started process (PID=496) to work on /home/airflow/.local/lib/python3.7/site-packages/airflow/example_dags/example_branch_python_dop_operator_3.py
[2023-03-15T16:05:17.881+0000] {processor.py:756} INFO - Processing file /home/airflow/.local/lib/python3.7/site-packages/airflow/example_dags/example_branch_python_dop_operator_3.py for tasks to queue
[2023-03-15T16:05:17.882+0000] {logging_mixin.py:120} INFO - [2023-03-15T16:05:17.882+0000] {dagbag.py:537} INFO - Filling up the DagBag from /home/airflow/.local/lib/python3.7/site-packages/airflow/example_dags/example_branch_python_dop_operator_3.py
[2023-03-15T16:05:17.899+0000] {processor.py:766} INFO - DAG(s) dict_keys(['example_branch_dop_operator_v3']) retrieved from /home/airflow/.local/lib/python3.7/site-packages/airflow/example_dags/example_branch_python_dop_operator_3.py
[2023-03-15T16:05:17.935+0000] {logging_mixin.py:120} INFO - [2023-03-15T16:05:17.935+0000] {dag.py:2585} INFO - Sync 1 DAGs
[2023-03-15T16:05:17.955+0000] {logging_mixin.py:120} INFO - [2023-03-15T16:05:17.955+0000] {dag.py:3340} INFO - Setting next_dagrun for example_branch_dop_operator_v3 to 2023-03-15T16:04:00+00:00, run_after=2023-03-15T16:05:00+00:00
[2023-03-15T16:05:17.973+0000] {processor.py:176} INFO - Processing /home/airflow/.local/lib/python3.7/site-packages/airflow/example_dags/example_branch_python_dop_operator_3.py took 0.097 seconds
[2023-03-15T16:05:48.125+0000] {processor.py:154} INFO - Started process (PID=558) to work on /home/airflow/.local/lib/python3.7/site-packages/airflow/example_dags/example_branch_python_dop_operator_3.py
[2023-03-15T16:05:48.128+0000] {processor.py:756} INFO - Processing file /home/airflow/.local/lib/python3.7/site-packages/airflow/example_dags/example_branch_python_dop_operator_3.py for tasks to queue
[2023-03-15T16:05:48.129+0000] {logging_mixin.py:120} INFO - [2023-03-15T16:05:48.129+0000] {dagbag.py:537} INFO - Filling up the DagBag from /home/airflow/.local/lib/python3.7/site-packages/airflow/example_dags/example_branch_python_dop_operator_3.py
[2023-03-15T16:05:48.147+0000] {processor.py:766} INFO - DAG(s) dict_keys(['example_branch_dop_operator_v3']) retrieved from /home/airflow/.local/lib/python3.7/site-packages/airflow/example_dags/example_branch_python_dop_operator_3.py
[2023-03-15T16:05:48.170+0000] {logging_mixin.py:120} INFO - [2023-03-15T16:05:48.169+0000] {dag.py:2585} INFO - Sync 1 DAGs
[2023-03-15T16:05:48.188+0000] {logging_mixin.py:120} INFO - [2023-03-15T16:05:48.188+0000] {dag.py:3340} INFO - Setting next_dagrun for example_branch_dop_operator_v3 to 2023-03-15T16:04:00+00:00, run_after=2023-03-15T16:05:00+00:00
[2023-03-15T16:05:48.200+0000] {processor.py:176} INFO - Processing /home/airflow/.local/lib/python3.7/site-packages/airflow/example_dags/example_branch_python_dop_operator_3.py took 0.079 seconds
[2023-03-15T16:06:18.589+0000] {processor.py:154} INFO - Started process (PID=621) to work on /home/airflow/.local/lib/python3.7/site-packages/airflow/example_dags/example_branch_python_dop_operator_3.py
[2023-03-15T16:06:18.590+0000] {processor.py:756} INFO - Processing file /home/airflow/.local/lib/python3.7/site-packages/airflow/example_dags/example_branch_python_dop_operator_3.py for tasks to queue
[2023-03-15T16:06:18.591+0000] {logging_mixin.py:120} INFO - [2023-03-15T16:06:18.591+0000] {dagbag.py:537} INFO - Filling up the DagBag from /home/airflow/.local/lib/python3.7/site-packages/airflow/example_dags/example_branch_python_dop_operator_3.py
[2023-03-15T16:06:18.611+0000] {processor.py:766} INFO - DAG(s) dict_keys(['example_branch_dop_operator_v3']) retrieved from /home/airflow/.local/lib/python3.7/site-packages/airflow/example_dags/example_branch_python_dop_operator_3.py
[2023-03-15T16:06:18.657+0000] {logging_mixin.py:120} INFO - [2023-03-15T16:06:18.657+0000] {dag.py:2585} INFO - Sync 1 DAGs
[2023-03-15T16:06:18.676+0000] {logging_mixin.py:120} INFO - [2023-03-15T16:06:18.676+0000] {dag.py:3340} INFO - Setting next_dagrun for example_branch_dop_operator_v3 to 2023-03-15T16:05:00+00:00, run_after=2023-03-15T16:06:00+00:00
[2023-03-15T16:06:18.689+0000] {processor.py:176} INFO - Processing /home/airflow/.local/lib/python3.7/site-packages/airflow/example_dags/example_branch_python_dop_operator_3.py took 0.104 seconds
[2023-03-15T16:06:48.843+0000] {processor.py:154} INFO - Started process (PID=687) to work on /home/airflow/.local/lib/python3.7/site-packages/airflow/example_dags/example_branch_python_dop_operator_3.py
[2023-03-15T16:06:48.845+0000] {processor.py:756} INFO - Processing file /home/airflow/.local/lib/python3.7/site-packages/airflow/example_dags/example_branch_python_dop_operator_3.py for tasks to queue
[2023-03-15T16:06:48.846+0000] {logging_mixin.py:120} INFO - [2023-03-15T16:06:48.846+0000] {dagbag.py:537} INFO - Filling up the DagBag from /home/airflow/.local/lib/python3.7/site-packages/airflow/example_dags/example_branch_python_dop_operator_3.py
[2023-03-15T16:06:48.866+0000] {processor.py:766} INFO - DAG(s) dict_keys(['example_branch_dop_operator_v3']) retrieved from /home/airflow/.local/lib/python3.7/site-packages/airflow/example_dags/example_branch_python_dop_operator_3.py
[2023-03-15T16:06:48.901+0000] {logging_mixin.py:120} INFO - [2023-03-15T16:06:48.901+0000] {dag.py:2585} INFO - Sync 1 DAGs
[2023-03-15T16:06:48.920+0000] {logging_mixin.py:120} INFO - [2023-03-15T16:06:48.920+0000] {dag.py:3340} INFO - Setting next_dagrun for example_branch_dop_operator_v3 to 2023-03-15T16:05:00+00:00, run_after=2023-03-15T16:06:00+00:00
[2023-03-15T16:06:48.934+0000] {processor.py:176} INFO - Processing /home/airflow/.local/lib/python3.7/site-packages/airflow/example_dags/example_branch_python_dop_operator_3.py took 0.094 seconds
[2023-03-15T16:07:19.321+0000] {processor.py:154} INFO - Started process (PID=752) to work on /home/airflow/.local/lib/python3.7/site-packages/airflow/example_dags/example_branch_python_dop_operator_3.py
[2023-03-15T16:07:19.323+0000] {processor.py:756} INFO - Processing file /home/airflow/.local/lib/python3.7/site-packages/airflow/example_dags/example_branch_python_dop_operator_3.py for tasks to queue
[2023-03-15T16:07:19.325+0000] {logging_mixin.py:120} INFO - [2023-03-15T16:07:19.325+0000] {dagbag.py:537} INFO - Filling up the DagBag from /home/airflow/.local/lib/python3.7/site-packages/airflow/example_dags/example_branch_python_dop_operator_3.py
[2023-03-15T16:07:19.341+0000] {processor.py:766} INFO - DAG(s) dict_keys(['example_branch_dop_operator_v3']) retrieved from /home/airflow/.local/lib/python3.7/site-packages/airflow/example_dags/example_branch_python_dop_operator_3.py
[2023-03-15T16:07:19.374+0000] {logging_mixin.py:120} INFO - [2023-03-15T16:07:19.374+0000] {dag.py:2585} INFO - Sync 1 DAGs
[2023-03-15T16:07:19.396+0000] {logging_mixin.py:120} INFO - [2023-03-15T16:07:19.396+0000] {dag.py:3340} INFO - Setting next_dagrun for example_branch_dop_operator_v3 to 2023-03-15T16:06:00+00:00, run_after=2023-03-15T16:07:00+00:00
[2023-03-15T16:07:19.408+0000] {processor.py:176} INFO - Processing /home/airflow/.local/lib/python3.7/site-packages/airflow/example_dags/example_branch_python_dop_operator_3.py took 0.090 seconds
[2023-03-15T16:07:50.073+0000] {processor.py:154} INFO - Started process (PID=808) to work on /home/airflow/.local/lib/python3.7/site-packages/airflow/example_dags/example_branch_python_dop_operator_3.py
[2023-03-15T16:07:50.075+0000] {processor.py:756} INFO - Processing file /home/airflow/.local/lib/python3.7/site-packages/airflow/example_dags/example_branch_python_dop_operator_3.py for tasks to queue
[2023-03-15T16:07:50.076+0000] {logging_mixin.py:120} INFO - [2023-03-15T16:07:50.076+0000] {dagbag.py:537} INFO - Filling up the DagBag from /home/airflow/.local/lib/python3.7/site-packages/airflow/example_dags/example_branch_python_dop_operator_3.py
[2023-03-15T16:07:50.093+0000] {processor.py:766} INFO - DAG(s) dict_keys(['example_branch_dop_operator_v3']) retrieved from /home/airflow/.local/lib/python3.7/site-packages/airflow/example_dags/example_branch_python_dop_operator_3.py
[2023-03-15T16:07:50.131+0000] {logging_mixin.py:120} INFO - [2023-03-15T16:07:50.131+0000] {dag.py:2585} INFO - Sync 1 DAGs
[2023-03-15T16:07:50.155+0000] {logging_mixin.py:120} INFO - [2023-03-15T16:07:50.155+0000] {dag.py:3340} INFO - Setting next_dagrun for example_branch_dop_operator_v3 to 2023-03-15T16:06:00+00:00, run_after=2023-03-15T16:07:00+00:00
[2023-03-15T16:07:50.175+0000] {processor.py:176} INFO - Processing /home/airflow/.local/lib/python3.7/site-packages/airflow/example_dags/example_branch_python_dop_operator_3.py took 0.105 seconds
[2023-03-15T16:08:20.522+0000] {processor.py:154} INFO - Started process (PID=901) to work on /home/airflow/.local/lib/python3.7/site-packages/airflow/example_dags/example_branch_python_dop_operator_3.py
[2023-03-15T16:08:20.527+0000] {processor.py:756} INFO - Processing file /home/airflow/.local/lib/python3.7/site-packages/airflow/example_dags/example_branch_python_dop_operator_3.py for tasks to queue
[2023-03-15T16:08:20.532+0000] {logging_mixin.py:120} INFO - [2023-03-15T16:08:20.531+0000] {dagbag.py:537} INFO - Filling up the DagBag from /home/airflow/.local/lib/python3.7/site-packages/airflow/example_dags/example_branch_python_dop_operator_3.py
[2023-03-15T16:08:20.671+0000] {processor.py:766} INFO - DAG(s) dict_keys(['example_branch_dop_operator_v3']) retrieved from /home/airflow/.local/lib/python3.7/site-packages/airflow/example_dags/example_branch_python_dop_operator_3.py
[2023-03-15T16:08:20.947+0000] {logging_mixin.py:120} INFO - [2023-03-15T16:08:20.947+0000] {dag.py:2585} INFO - Sync 1 DAGs
[2023-03-15T16:08:21.059+0000] {logging_mixin.py:120} INFO - [2023-03-15T16:08:21.059+0000] {dag.py:3340} INFO - Setting next_dagrun for example_branch_dop_operator_v3 to 2023-03-15T16:07:00+00:00, run_after=2023-03-15T16:08:00+00:00
[2023-03-15T16:08:21.114+0000] {processor.py:176} INFO - Processing /home/airflow/.local/lib/python3.7/site-packages/airflow/example_dags/example_branch_python_dop_operator_3.py took 0.605 seconds
[2023-03-15T16:08:51.719+0000] {processor.py:154} INFO - Started process (PID=1039) to work on /home/airflow/.local/lib/python3.7/site-packages/airflow/example_dags/example_branch_python_dop_operator_3.py
[2023-03-15T16:08:51.721+0000] {processor.py:756} INFO - Processing file /home/airflow/.local/lib/python3.7/site-packages/airflow/example_dags/example_branch_python_dop_operator_3.py for tasks to queue
[2023-03-15T16:08:51.722+0000] {logging_mixin.py:120} INFO - [2023-03-15T16:08:51.722+0000] {dagbag.py:537} INFO - Filling up the DagBag from /home/airflow/.local/lib/python3.7/site-packages/airflow/example_dags/example_branch_python_dop_operator_3.py
[2023-03-15T16:08:51.745+0000] {processor.py:766} INFO - DAG(s) dict_keys(['example_branch_dop_operator_v3']) retrieved from /home/airflow/.local/lib/python3.7/site-packages/airflow/example_dags/example_branch_python_dop_operator_3.py
[2023-03-15T16:08:51.806+0000] {logging_mixin.py:120} INFO - [2023-03-15T16:08:51.806+0000] {dag.py:2585} INFO - Sync 1 DAGs
[2023-03-15T16:08:51.839+0000] {logging_mixin.py:120} INFO - [2023-03-15T16:08:51.839+0000] {dag.py:3340} INFO - Setting next_dagrun for example_branch_dop_operator_v3 to 2023-03-15T16:07:00+00:00, run_after=2023-03-15T16:08:00+00:00
[2023-03-15T16:08:51.860+0000] {processor.py:176} INFO - Processing /home/airflow/.local/lib/python3.7/site-packages/airflow/example_dags/example_branch_python_dop_operator_3.py took 0.144 seconds
[2023-03-15T16:09:22.204+0000] {processor.py:154} INFO - Started process (PID=1228) to work on /home/airflow/.local/lib/python3.7/site-packages/airflow/example_dags/example_branch_python_dop_operator_3.py
[2023-03-15T16:09:22.205+0000] {processor.py:756} INFO - Processing file /home/airflow/.local/lib/python3.7/site-packages/airflow/example_dags/example_branch_python_dop_operator_3.py for tasks to queue
[2023-03-15T16:09:22.209+0000] {logging_mixin.py:120} INFO - [2023-03-15T16:09:22.209+0000] {dagbag.py:537} INFO - Filling up the DagBag from /home/airflow/.local/lib/python3.7/site-packages/airflow/example_dags/example_branch_python_dop_operator_3.py
[2023-03-15T16:09:22.228+0000] {processor.py:766} INFO - DAG(s) dict_keys(['example_branch_dop_operator_v3']) retrieved from /home/airflow/.local/lib/python3.7/site-packages/airflow/example_dags/example_branch_python_dop_operator_3.py
[2023-03-15T16:09:22.278+0000] {logging_mixin.py:120} INFO - [2023-03-15T16:09:22.278+0000] {dag.py:2585} INFO - Sync 1 DAGs
[2023-03-15T16:09:22.325+0000] {logging_mixin.py:120} INFO - [2023-03-15T16:09:22.324+0000] {dag.py:3340} INFO - Setting next_dagrun for example_branch_dop_operator_v3 to 2023-03-15T16:08:00+00:00, run_after=2023-03-15T16:09:00+00:00
[2023-03-15T16:09:22.365+0000] {processor.py:176} INFO - Processing /home/airflow/.local/lib/python3.7/site-packages/airflow/example_dags/example_branch_python_dop_operator_3.py took 0.164 seconds
[2023-03-15T16:09:52.837+0000] {processor.py:154} INFO - Started process (PID=1451) to work on /home/airflow/.local/lib/python3.7/site-packages/airflow/example_dags/example_branch_python_dop_operator_3.py
[2023-03-15T16:09:52.838+0000] {processor.py:756} INFO - Processing file /home/airflow/.local/lib/python3.7/site-packages/airflow/example_dags/example_branch_python_dop_operator_3.py for tasks to queue
[2023-03-15T16:09:52.839+0000] {logging_mixin.py:120} INFO - [2023-03-15T16:09:52.839+0000] {dagbag.py:537} INFO - Filling up the DagBag from /home/airflow/.local/lib/python3.7/site-packages/airflow/example_dags/example_branch_python_dop_operator_3.py
[2023-03-15T16:09:52.859+0000] {processor.py:766} INFO - DAG(s) dict_keys(['example_branch_dop_operator_v3']) retrieved from /home/airflow/.local/lib/python3.7/site-packages/airflow/example_dags/example_branch_python_dop_operator_3.py
[2023-03-15T16:09:52.915+0000] {logging_mixin.py:120} INFO - [2023-03-15T16:09:52.915+0000] {dag.py:2585} INFO - Sync 1 DAGs
[2023-03-15T16:09:52.941+0000] {logging_mixin.py:120} INFO - [2023-03-15T16:09:52.941+0000] {dag.py:3340} INFO - Setting next_dagrun for example_branch_dop_operator_v3 to 2023-03-15T16:08:00+00:00, run_after=2023-03-15T16:09:00+00:00
[2023-03-15T16:09:52.956+0000] {processor.py:176} INFO - Processing /home/airflow/.local/lib/python3.7/site-packages/airflow/example_dags/example_branch_python_dop_operator_3.py took 0.122 seconds
[2023-03-15T16:10:23.135+0000] {processor.py:154} INFO - Started process (PID=1668) to work on /home/airflow/.local/lib/python3.7/site-packages/airflow/example_dags/example_branch_python_dop_operator_3.py
[2023-03-15T16:10:23.136+0000] {processor.py:756} INFO - Processing file /home/airflow/.local/lib/python3.7/site-packages/airflow/example_dags/example_branch_python_dop_operator_3.py for tasks to queue
[2023-03-15T16:10:23.137+0000] {logging_mixin.py:120} INFO - [2023-03-15T16:10:23.137+0000] {dagbag.py:537} INFO - Filling up the DagBag from /home/airflow/.local/lib/python3.7/site-packages/airflow/example_dags/example_branch_python_dop_operator_3.py
[2023-03-15T16:10:23.170+0000] {processor.py:766} INFO - DAG(s) dict_keys(['example_branch_dop_operator_v3']) retrieved from /home/airflow/.local/lib/python3.7/site-packages/airflow/example_dags/example_branch_python_dop_operator_3.py
[2023-03-15T16:10:23.220+0000] {logging_mixin.py:120} INFO - [2023-03-15T16:10:23.220+0000] {dag.py:2585} INFO - Sync 1 DAGs
[2023-03-15T16:10:23.249+0000] {logging_mixin.py:120} INFO - [2023-03-15T16:10:23.248+0000] {dag.py:3340} INFO - Setting next_dagrun for example_branch_dop_operator_v3 to 2023-03-15T16:09:00+00:00, run_after=2023-03-15T16:10:00+00:00
[2023-03-15T16:10:23.268+0000] {processor.py:176} INFO - Processing /home/airflow/.local/lib/python3.7/site-packages/airflow/example_dags/example_branch_python_dop_operator_3.py took 0.137 seconds
[2023-03-15T16:10:53.385+0000] {processor.py:154} INFO - Started process (PID=1896) to work on /home/airflow/.local/lib/python3.7/site-packages/airflow/example_dags/example_branch_python_dop_operator_3.py
[2023-03-15T16:10:53.388+0000] {processor.py:756} INFO - Processing file /home/airflow/.local/lib/python3.7/site-packages/airflow/example_dags/example_branch_python_dop_operator_3.py for tasks to queue
[2023-03-15T16:10:53.389+0000] {logging_mixin.py:120} INFO - [2023-03-15T16:10:53.389+0000] {dagbag.py:537} INFO - Filling up the DagBag from /home/airflow/.local/lib/python3.7/site-packages/airflow/example_dags/example_branch_python_dop_operator_3.py
[2023-03-15T16:10:53.424+0000] {processor.py:766} INFO - DAG(s) dict_keys(['example_branch_dop_operator_v3']) retrieved from /home/airflow/.local/lib/python3.7/site-packages/airflow/example_dags/example_branch_python_dop_operator_3.py
[2023-03-15T16:10:53.511+0000] {logging_mixin.py:120} INFO - [2023-03-15T16:10:53.511+0000] {dag.py:2585} INFO - Sync 1 DAGs
[2023-03-15T16:10:53.556+0000] {logging_mixin.py:120} INFO - [2023-03-15T16:10:53.556+0000] {dag.py:3340} INFO - Setting next_dagrun for example_branch_dop_operator_v3 to 2023-03-15T16:09:00+00:00, run_after=2023-03-15T16:10:00+00:00
[2023-03-15T16:10:53.590+0000] {processor.py:176} INFO - Processing /home/airflow/.local/lib/python3.7/site-packages/airflow/example_dags/example_branch_python_dop_operator_3.py took 0.208 seconds
[2023-03-15T16:11:23.880+0000] {processor.py:154} INFO - Started process (PID=2092) to work on /home/airflow/.local/lib/python3.7/site-packages/airflow/example_dags/example_branch_python_dop_operator_3.py
[2023-03-15T16:11:23.885+0000] {processor.py:756} INFO - Processing file /home/airflow/.local/lib/python3.7/site-packages/airflow/example_dags/example_branch_python_dop_operator_3.py for tasks to queue
[2023-03-15T16:11:23.887+0000] {logging_mixin.py:120} INFO - [2023-03-15T16:11:23.887+0000] {dagbag.py:537} INFO - Filling up the DagBag from /home/airflow/.local/lib/python3.7/site-packages/airflow/example_dags/example_branch_python_dop_operator_3.py
[2023-03-15T16:11:23.917+0000] {processor.py:766} INFO - DAG(s) dict_keys(['example_branch_dop_operator_v3']) retrieved from /home/airflow/.local/lib/python3.7/site-packages/airflow/example_dags/example_branch_python_dop_operator_3.py
[2023-03-15T16:11:23.974+0000] {logging_mixin.py:120} INFO - [2023-03-15T16:11:23.974+0000] {dag.py:2585} INFO - Sync 1 DAGs
[2023-03-15T16:11:23.998+0000] {logging_mixin.py:120} INFO - [2023-03-15T16:11:23.998+0000] {dag.py:3340} INFO - Setting next_dagrun for example_branch_dop_operator_v3 to 2023-03-15T16:10:00+00:00, run_after=2023-03-15T16:11:00+00:00
[2023-03-15T16:11:24.024+0000] {processor.py:176} INFO - Processing /home/airflow/.local/lib/python3.7/site-packages/airflow/example_dags/example_branch_python_dop_operator_3.py took 0.148 seconds
[2023-03-15T16:11:54.705+0000] {processor.py:154} INFO - Started process (PID=2308) to work on /home/airflow/.local/lib/python3.7/site-packages/airflow/example_dags/example_branch_python_dop_operator_3.py
[2023-03-15T16:11:54.709+0000] {processor.py:756} INFO - Processing file /home/airflow/.local/lib/python3.7/site-packages/airflow/example_dags/example_branch_python_dop_operator_3.py for tasks to queue
[2023-03-15T16:11:54.709+0000] {logging_mixin.py:120} INFO - [2023-03-15T16:11:54.709+0000] {dagbag.py:537} INFO - Filling up the DagBag from /home/airflow/.local/lib/python3.7/site-packages/airflow/example_dags/example_branch_python_dop_operator_3.py
[2023-03-15T16:11:54.736+0000] {processor.py:766} INFO - DAG(s) dict_keys(['example_branch_dop_operator_v3']) retrieved from /home/airflow/.local/lib/python3.7/site-packages/airflow/example_dags/example_branch_python_dop_operator_3.py
[2023-03-15T16:11:54.820+0000] {logging_mixin.py:120} INFO - [2023-03-15T16:11:54.820+0000] {dag.py:2585} INFO - Sync 1 DAGs
[2023-03-15T16:11:54.886+0000] {logging_mixin.py:120} INFO - [2023-03-15T16:11:54.886+0000] {dag.py:3340} INFO - Setting next_dagrun for example_branch_dop_operator_v3 to 2023-03-15T16:10:00+00:00, run_after=2023-03-15T16:11:00+00:00
[2023-03-15T16:11:54.921+0000] {processor.py:176} INFO - Processing /home/airflow/.local/lib/python3.7/site-packages/airflow/example_dags/example_branch_python_dop_operator_3.py took 0.220 seconds
[2023-03-15T16:12:25.083+0000] {processor.py:154} INFO - Started process (PID=2527) to work on /home/airflow/.local/lib/python3.7/site-packages/airflow/example_dags/example_branch_python_dop_operator_3.py
[2023-03-15T16:12:25.086+0000] {processor.py:756} INFO - Processing file /home/airflow/.local/lib/python3.7/site-packages/airflow/example_dags/example_branch_python_dop_operator_3.py for tasks to queue
[2023-03-15T16:12:25.087+0000] {logging_mixin.py:120} INFO - [2023-03-15T16:12:25.087+0000] {dagbag.py:537} INFO - Filling up the DagBag from /home/airflow/.local/lib/python3.7/site-packages/airflow/example_dags/example_branch_python_dop_operator_3.py
[2023-03-15T16:12:25.110+0000] {processor.py:766} INFO - DAG(s) dict_keys(['example_branch_dop_operator_v3']) retrieved from /home/airflow/.local/lib/python3.7/site-packages/airflow/example_dags/example_branch_python_dop_operator_3.py
[2023-03-15T16:12:25.177+0000] {logging_mixin.py:120} INFO - [2023-03-15T16:12:25.177+0000] {dag.py:2585} INFO - Sync 1 DAGs
[2023-03-15T16:12:25.214+0000] {logging_mixin.py:120} INFO - [2023-03-15T16:12:25.214+0000] {dag.py:3340} INFO - Setting next_dagrun for example_branch_dop_operator_v3 to 2023-03-15T16:11:00+00:00, run_after=2023-03-15T16:12:00+00:00
[2023-03-15T16:12:25.236+0000] {processor.py:176} INFO - Processing /home/airflow/.local/lib/python3.7/site-packages/airflow/example_dags/example_branch_python_dop_operator_3.py took 0.156 seconds
[2023-03-15T16:12:55.741+0000] {processor.py:154} INFO - Started process (PID=2742) to work on /home/airflow/.local/lib/python3.7/site-packages/airflow/example_dags/example_branch_python_dop_operator_3.py
[2023-03-15T16:12:55.744+0000] {processor.py:756} INFO - Processing file /home/airflow/.local/lib/python3.7/site-packages/airflow/example_dags/example_branch_python_dop_operator_3.py for tasks to queue
[2023-03-15T16:12:55.745+0000] {logging_mixin.py:120} INFO - [2023-03-15T16:12:55.745+0000] {dagbag.py:537} INFO - Filling up the DagBag from /home/airflow/.local/lib/python3.7/site-packages/airflow/example_dags/example_branch_python_dop_operator_3.py
[2023-03-15T16:12:55.783+0000] {processor.py:766} INFO - DAG(s) dict_keys(['example_branch_dop_operator_v3']) retrieved from /home/airflow/.local/lib/python3.7/site-packages/airflow/example_dags/example_branch_python_dop_operator_3.py
[2023-03-15T16:12:55.873+0000] {logging_mixin.py:120} INFO - [2023-03-15T16:12:55.873+0000] {dag.py:2585} INFO - Sync 1 DAGs
[2023-03-15T16:12:55.911+0000] {logging_mixin.py:120} INFO - [2023-03-15T16:12:55.911+0000] {dag.py:3340} INFO - Setting next_dagrun for example_branch_dop_operator_v3 to 2023-03-15T16:11:00+00:00, run_after=2023-03-15T16:12:00+00:00
[2023-03-15T16:12:55.940+0000] {processor.py:176} INFO - Processing /home/airflow/.local/lib/python3.7/site-packages/airflow/example_dags/example_branch_python_dop_operator_3.py took 0.203 seconds
[2023-03-15T16:13:26.487+0000] {processor.py:154} INFO - Started process (PID=2875) to work on /home/airflow/.local/lib/python3.7/site-packages/airflow/example_dags/example_branch_python_dop_operator_3.py
[2023-03-15T16:13:26.488+0000] {processor.py:756} INFO - Processing file /home/airflow/.local/lib/python3.7/site-packages/airflow/example_dags/example_branch_python_dop_operator_3.py for tasks to queue
[2023-03-15T16:13:26.490+0000] {logging_mixin.py:120} INFO - [2023-03-15T16:13:26.490+0000] {dagbag.py:537} INFO - Filling up the DagBag from /home/airflow/.local/lib/python3.7/site-packages/airflow/example_dags/example_branch_python_dop_operator_3.py
[2023-03-15T16:13:26.508+0000] {processor.py:766} INFO - DAG(s) dict_keys(['example_branch_dop_operator_v3']) retrieved from /home/airflow/.local/lib/python3.7/site-packages/airflow/example_dags/example_branch_python_dop_operator_3.py
[2023-03-15T16:13:26.535+0000] {logging_mixin.py:120} INFO - [2023-03-15T16:13:26.535+0000] {dag.py:2585} INFO - Sync 1 DAGs
[2023-03-15T16:13:26.552+0000] {logging_mixin.py:120} INFO - [2023-03-15T16:13:26.552+0000] {dag.py:3340} INFO - Setting next_dagrun for example_branch_dop_operator_v3 to 2023-03-15T16:12:00+00:00, run_after=2023-03-15T16:13:00+00:00
[2023-03-15T16:13:26.562+0000] {processor.py:176} INFO - Processing /home/airflow/.local/lib/python3.7/site-packages/airflow/example_dags/example_branch_python_dop_operator_3.py took 0.078 seconds
[2023-03-15T16:29:49.023+0000] {processor.py:154} INFO - Started process (PID=2917) to work on /home/airflow/.local/lib/python3.7/site-packages/airflow/example_dags/example_branch_python_dop_operator_3.py
[2023-03-15T16:29:49.025+0000] {processor.py:756} INFO - Processing file /home/airflow/.local/lib/python3.7/site-packages/airflow/example_dags/example_branch_python_dop_operator_3.py for tasks to queue
[2023-03-15T16:29:49.026+0000] {logging_mixin.py:120} INFO - [2023-03-15T16:29:49.026+0000] {dagbag.py:537} INFO - Filling up the DagBag from /home/airflow/.local/lib/python3.7/site-packages/airflow/example_dags/example_branch_python_dop_operator_3.py
[2023-03-15T16:29:49.053+0000] {processor.py:766} INFO - DAG(s) dict_keys(['example_branch_dop_operator_v3']) retrieved from /home/airflow/.local/lib/python3.7/site-packages/airflow/example_dags/example_branch_python_dop_operator_3.py
[2023-03-15T16:29:49.092+0000] {logging_mixin.py:120} INFO - [2023-03-15T16:29:49.091+0000] {dag.py:2585} INFO - Sync 1 DAGs
[2023-03-15T16:29:49.117+0000] {logging_mixin.py:120} INFO - [2023-03-15T16:29:49.117+0000] {dag.py:3340} INFO - Setting next_dagrun for example_branch_dop_operator_v3 to 2023-03-15T16:28:00+00:00, run_after=2023-03-15T16:29:00+00:00
[2023-03-15T16:29:49.133+0000] {processor.py:176} INFO - Processing /home/airflow/.local/lib/python3.7/site-packages/airflow/example_dags/example_branch_python_dop_operator_3.py took 0.115 seconds
[2023-03-15T16:30:19.529+0000] {processor.py:154} INFO - Started process (PID=2982) to work on /home/airflow/.local/lib/python3.7/site-packages/airflow/example_dags/example_branch_python_dop_operator_3.py
[2023-03-15T16:30:19.530+0000] {processor.py:756} INFO - Processing file /home/airflow/.local/lib/python3.7/site-packages/airflow/example_dags/example_branch_python_dop_operator_3.py for tasks to queue
[2023-03-15T16:30:19.531+0000] {logging_mixin.py:120} INFO - [2023-03-15T16:30:19.531+0000] {dagbag.py:537} INFO - Filling up the DagBag from /home/airflow/.local/lib/python3.7/site-packages/airflow/example_dags/example_branch_python_dop_operator_3.py
[2023-03-15T16:30:19.546+0000] {processor.py:766} INFO - DAG(s) dict_keys(['example_branch_dop_operator_v3']) retrieved from /home/airflow/.local/lib/python3.7/site-packages/airflow/example_dags/example_branch_python_dop_operator_3.py
[2023-03-15T16:30:19.573+0000] {logging_mixin.py:120} INFO - [2023-03-15T16:30:19.572+0000] {dag.py:2585} INFO - Sync 1 DAGs
[2023-03-15T16:30:19.589+0000] {logging_mixin.py:120} INFO - [2023-03-15T16:30:19.588+0000] {dag.py:3340} INFO - Setting next_dagrun for example_branch_dop_operator_v3 to 2023-03-15T16:29:00+00:00, run_after=2023-03-15T16:30:00+00:00
[2023-03-15T16:30:19.600+0000] {processor.py:176} INFO - Processing /home/airflow/.local/lib/python3.7/site-packages/airflow/example_dags/example_branch_python_dop_operator_3.py took 0.074 seconds
[2023-03-15T16:47:14.651+0000] {processor.py:154} INFO - Started process (PID=3038) to work on /home/airflow/.local/lib/python3.7/site-packages/airflow/example_dags/example_branch_python_dop_operator_3.py
[2023-03-15T16:47:14.653+0000] {processor.py:756} INFO - Processing file /home/airflow/.local/lib/python3.7/site-packages/airflow/example_dags/example_branch_python_dop_operator_3.py for tasks to queue
[2023-03-15T16:47:14.653+0000] {logging_mixin.py:120} INFO - [2023-03-15T16:47:14.653+0000] {dagbag.py:537} INFO - Filling up the DagBag from /home/airflow/.local/lib/python3.7/site-packages/airflow/example_dags/example_branch_python_dop_operator_3.py
[2023-03-15T16:47:14.677+0000] {processor.py:766} INFO - DAG(s) dict_keys(['example_branch_dop_operator_v3']) retrieved from /home/airflow/.local/lib/python3.7/site-packages/airflow/example_dags/example_branch_python_dop_operator_3.py
[2023-03-15T16:47:14.715+0000] {logging_mixin.py:120} INFO - [2023-03-15T16:47:14.714+0000] {dag.py:2585} INFO - Sync 1 DAGs
[2023-03-15T16:47:14.739+0000] {logging_mixin.py:120} INFO - [2023-03-15T16:47:14.739+0000] {dag.py:3340} INFO - Setting next_dagrun for example_branch_dop_operator_v3 to 2023-03-15T16:46:00+00:00, run_after=2023-03-15T16:47:00+00:00
[2023-03-15T16:47:14.755+0000] {processor.py:176} INFO - Processing /home/airflow/.local/lib/python3.7/site-packages/airflow/example_dags/example_branch_python_dop_operator_3.py took 0.107 seconds
[2023-03-15T16:47:45.269+0000] {processor.py:154} INFO - Started process (PID=3103) to work on /home/airflow/.local/lib/python3.7/site-packages/airflow/example_dags/example_branch_python_dop_operator_3.py
[2023-03-15T16:47:45.271+0000] {processor.py:756} INFO - Processing file /home/airflow/.local/lib/python3.7/site-packages/airflow/example_dags/example_branch_python_dop_operator_3.py for tasks to queue
[2023-03-15T16:47:45.271+0000] {logging_mixin.py:120} INFO - [2023-03-15T16:47:45.271+0000] {dagbag.py:537} INFO - Filling up the DagBag from /home/airflow/.local/lib/python3.7/site-packages/airflow/example_dags/example_branch_python_dop_operator_3.py
[2023-03-15T16:47:45.286+0000] {processor.py:766} INFO - DAG(s) dict_keys(['example_branch_dop_operator_v3']) retrieved from /home/airflow/.local/lib/python3.7/site-packages/airflow/example_dags/example_branch_python_dop_operator_3.py
[2023-03-15T16:47:45.316+0000] {logging_mixin.py:120} INFO - [2023-03-15T16:47:45.316+0000] {dag.py:2585} INFO - Sync 1 DAGs
[2023-03-15T16:47:45.333+0000] {logging_mixin.py:120} INFO - [2023-03-15T16:47:45.332+0000] {dag.py:3340} INFO - Setting next_dagrun for example_branch_dop_operator_v3 to 2023-03-15T16:46:00+00:00, run_after=2023-03-15T16:47:00+00:00
[2023-03-15T16:47:45.346+0000] {processor.py:176} INFO - Processing /home/airflow/.local/lib/python3.7/site-packages/airflow/example_dags/example_branch_python_dop_operator_3.py took 0.080 seconds
[2023-03-15T16:59:22.042+0000] {processor.py:154} INFO - Started process (PID=3168) to work on /home/airflow/.local/lib/python3.7/site-packages/airflow/example_dags/example_branch_python_dop_operator_3.py
[2023-03-15T16:59:22.044+0000] {processor.py:756} INFO - Processing file /home/airflow/.local/lib/python3.7/site-packages/airflow/example_dags/example_branch_python_dop_operator_3.py for tasks to queue
[2023-03-15T16:59:22.045+0000] {logging_mixin.py:120} INFO - [2023-03-15T16:59:22.045+0000] {dagbag.py:537} INFO - Filling up the DagBag from /home/airflow/.local/lib/python3.7/site-packages/airflow/example_dags/example_branch_python_dop_operator_3.py
[2023-03-15T16:59:22.066+0000] {processor.py:766} INFO - DAG(s) dict_keys(['example_branch_dop_operator_v3']) retrieved from /home/airflow/.local/lib/python3.7/site-packages/airflow/example_dags/example_branch_python_dop_operator_3.py
[2023-03-15T16:59:22.110+0000] {logging_mixin.py:120} INFO - [2023-03-15T16:59:22.110+0000] {dag.py:2585} INFO - Sync 1 DAGs
[2023-03-15T16:59:22.139+0000] {logging_mixin.py:120} INFO - [2023-03-15T16:59:22.139+0000] {dag.py:3340} INFO - Setting next_dagrun for example_branch_dop_operator_v3 to 2023-03-15T16:58:00+00:00, run_after=2023-03-15T16:59:00+00:00
[2023-03-15T16:59:22.160+0000] {processor.py:176} INFO - Processing /home/airflow/.local/lib/python3.7/site-packages/airflow/example_dags/example_branch_python_dop_operator_3.py took 0.122 seconds
[2023-03-15T16:59:52.815+0000] {processor.py:154} INFO - Started process (PID=3233) to work on /home/airflow/.local/lib/python3.7/site-packages/airflow/example_dags/example_branch_python_dop_operator_3.py
[2023-03-15T16:59:52.816+0000] {processor.py:756} INFO - Processing file /home/airflow/.local/lib/python3.7/site-packages/airflow/example_dags/example_branch_python_dop_operator_3.py for tasks to queue
[2023-03-15T16:59:52.817+0000] {logging_mixin.py:120} INFO - [2023-03-15T16:59:52.817+0000] {dagbag.py:537} INFO - Filling up the DagBag from /home/airflow/.local/lib/python3.7/site-packages/airflow/example_dags/example_branch_python_dop_operator_3.py
[2023-03-15T16:59:52.831+0000] {processor.py:766} INFO - DAG(s) dict_keys(['example_branch_dop_operator_v3']) retrieved from /home/airflow/.local/lib/python3.7/site-packages/airflow/example_dags/example_branch_python_dop_operator_3.py
[2023-03-15T16:59:52.863+0000] {logging_mixin.py:120} INFO - [2023-03-15T16:59:52.863+0000] {dag.py:2585} INFO - Sync 1 DAGs
[2023-03-15T16:59:52.881+0000] {logging_mixin.py:120} INFO - [2023-03-15T16:59:52.881+0000] {dag.py:3340} INFO - Setting next_dagrun for example_branch_dop_operator_v3 to 2023-03-15T16:58:00+00:00, run_after=2023-03-15T16:59:00+00:00
[2023-03-15T16:59:52.892+0000] {processor.py:176} INFO - Processing /home/airflow/.local/lib/python3.7/site-packages/airflow/example_dags/example_branch_python_dop_operator_3.py took 0.080 seconds
[2023-03-15T17:00:23.514+0000] {processor.py:154} INFO - Started process (PID=3297) to work on /home/airflow/.local/lib/python3.7/site-packages/airflow/example_dags/example_branch_python_dop_operator_3.py
[2023-03-15T17:00:23.515+0000] {processor.py:756} INFO - Processing file /home/airflow/.local/lib/python3.7/site-packages/airflow/example_dags/example_branch_python_dop_operator_3.py for tasks to queue
[2023-03-15T17:00:23.516+0000] {logging_mixin.py:120} INFO - [2023-03-15T17:00:23.516+0000] {dagbag.py:537} INFO - Filling up the DagBag from /home/airflow/.local/lib/python3.7/site-packages/airflow/example_dags/example_branch_python_dop_operator_3.py
[2023-03-15T17:00:23.532+0000] {processor.py:766} INFO - DAG(s) dict_keys(['example_branch_dop_operator_v3']) retrieved from /home/airflow/.local/lib/python3.7/site-packages/airflow/example_dags/example_branch_python_dop_operator_3.py
[2023-03-15T17:00:23.565+0000] {logging_mixin.py:120} INFO - [2023-03-15T17:00:23.565+0000] {dag.py:2585} INFO - Sync 1 DAGs
[2023-03-15T17:00:23.584+0000] {logging_mixin.py:120} INFO - [2023-03-15T17:00:23.583+0000] {dag.py:3340} INFO - Setting next_dagrun for example_branch_dop_operator_v3 to 2023-03-15T16:59:00+00:00, run_after=2023-03-15T17:00:00+00:00
[2023-03-15T17:00:23.595+0000] {processor.py:176} INFO - Processing /home/airflow/.local/lib/python3.7/site-packages/airflow/example_dags/example_branch_python_dop_operator_3.py took 0.085 seconds
[2023-03-15T17:00:53.969+0000] {processor.py:154} INFO - Started process (PID=3362) to work on /home/airflow/.local/lib/python3.7/site-packages/airflow/example_dags/example_branch_python_dop_operator_3.py
[2023-03-15T17:00:53.970+0000] {processor.py:756} INFO - Processing file /home/airflow/.local/lib/python3.7/site-packages/airflow/example_dags/example_branch_python_dop_operator_3.py for tasks to queue
[2023-03-15T17:00:53.971+0000] {logging_mixin.py:120} INFO - [2023-03-15T17:00:53.971+0000] {dagbag.py:537} INFO - Filling up the DagBag from /home/airflow/.local/lib/python3.7/site-packages/airflow/example_dags/example_branch_python_dop_operator_3.py
[2023-03-15T17:00:53.987+0000] {processor.py:766} INFO - DAG(s) dict_keys(['example_branch_dop_operator_v3']) retrieved from /home/airflow/.local/lib/python3.7/site-packages/airflow/example_dags/example_branch_python_dop_operator_3.py
[2023-03-15T17:00:54.015+0000] {logging_mixin.py:120} INFO - [2023-03-15T17:00:54.015+0000] {dag.py:2585} INFO - Sync 1 DAGs
[2023-03-15T17:00:54.032+0000] {logging_mixin.py:120} INFO - [2023-03-15T17:00:54.032+0000] {dag.py:3340} INFO - Setting next_dagrun for example_branch_dop_operator_v3 to 2023-03-15T16:59:00+00:00, run_after=2023-03-15T17:00:00+00:00
[2023-03-15T17:00:54.043+0000] {processor.py:176} INFO - Processing /home/airflow/.local/lib/python3.7/site-packages/airflow/example_dags/example_branch_python_dop_operator_3.py took 0.077 seconds
[2023-03-15T17:01:24.416+0000] {processor.py:154} INFO - Started process (PID=3418) to work on /home/airflow/.local/lib/python3.7/site-packages/airflow/example_dags/example_branch_python_dop_operator_3.py
[2023-03-15T17:01:24.418+0000] {processor.py:756} INFO - Processing file /home/airflow/.local/lib/python3.7/site-packages/airflow/example_dags/example_branch_python_dop_operator_3.py for tasks to queue
[2023-03-15T17:01:24.419+0000] {logging_mixin.py:120} INFO - [2023-03-15T17:01:24.418+0000] {dagbag.py:537} INFO - Filling up the DagBag from /home/airflow/.local/lib/python3.7/site-packages/airflow/example_dags/example_branch_python_dop_operator_3.py
[2023-03-15T17:01:24.434+0000] {processor.py:766} INFO - DAG(s) dict_keys(['example_branch_dop_operator_v3']) retrieved from /home/airflow/.local/lib/python3.7/site-packages/airflow/example_dags/example_branch_python_dop_operator_3.py
[2023-03-15T17:01:24.463+0000] {logging_mixin.py:120} INFO - [2023-03-15T17:01:24.463+0000] {dag.py:2585} INFO - Sync 1 DAGs
[2023-03-15T17:01:24.483+0000] {logging_mixin.py:120} INFO - [2023-03-15T17:01:24.482+0000] {dag.py:3340} INFO - Setting next_dagrun for example_branch_dop_operator_v3 to 2023-03-15T17:00:00+00:00, run_after=2023-03-15T17:01:00+00:00
[2023-03-15T17:01:24.496+0000] {processor.py:176} INFO - Processing /home/airflow/.local/lib/python3.7/site-packages/airflow/example_dags/example_branch_python_dop_operator_3.py took 0.082 seconds
[2023-03-15T17:01:54.869+0000] {processor.py:154} INFO - Started process (PID=3483) to work on /home/airflow/.local/lib/python3.7/site-packages/airflow/example_dags/example_branch_python_dop_operator_3.py
[2023-03-15T17:01:54.870+0000] {processor.py:756} INFO - Processing file /home/airflow/.local/lib/python3.7/site-packages/airflow/example_dags/example_branch_python_dop_operator_3.py for tasks to queue
[2023-03-15T17:01:54.871+0000] {logging_mixin.py:120} INFO - [2023-03-15T17:01:54.871+0000] {dagbag.py:537} INFO - Filling up the DagBag from /home/airflow/.local/lib/python3.7/site-packages/airflow/example_dags/example_branch_python_dop_operator_3.py
[2023-03-15T17:01:54.887+0000] {processor.py:766} INFO - DAG(s) dict_keys(['example_branch_dop_operator_v3']) retrieved from /home/airflow/.local/lib/python3.7/site-packages/airflow/example_dags/example_branch_python_dop_operator_3.py
[2023-03-15T17:01:54.917+0000] {logging_mixin.py:120} INFO - [2023-03-15T17:01:54.917+0000] {dag.py:2585} INFO - Sync 1 DAGs
[2023-03-15T17:01:54.934+0000] {logging_mixin.py:120} INFO - [2023-03-15T17:01:54.934+0000] {dag.py:3340} INFO - Setting next_dagrun for example_branch_dop_operator_v3 to 2023-03-15T17:00:00+00:00, run_after=2023-03-15T17:01:00+00:00
[2023-03-15T17:01:54.945+0000] {processor.py:176} INFO - Processing /home/airflow/.local/lib/python3.7/site-packages/airflow/example_dags/example_branch_python_dop_operator_3.py took 0.079 seconds
[2023-03-15T17:02:25.265+0000] {processor.py:154} INFO - Started process (PID=3548) to work on /home/airflow/.local/lib/python3.7/site-packages/airflow/example_dags/example_branch_python_dop_operator_3.py
[2023-03-15T17:02:25.266+0000] {processor.py:756} INFO - Processing file /home/airflow/.local/lib/python3.7/site-packages/airflow/example_dags/example_branch_python_dop_operator_3.py for tasks to queue
[2023-03-15T17:02:25.267+0000] {logging_mixin.py:120} INFO - [2023-03-15T17:02:25.267+0000] {dagbag.py:537} INFO - Filling up the DagBag from /home/airflow/.local/lib/python3.7/site-packages/airflow/example_dags/example_branch_python_dop_operator_3.py
[2023-03-15T17:02:25.282+0000] {processor.py:766} INFO - DAG(s) dict_keys(['example_branch_dop_operator_v3']) retrieved from /home/airflow/.local/lib/python3.7/site-packages/airflow/example_dags/example_branch_python_dop_operator_3.py
[2023-03-15T17:02:25.312+0000] {logging_mixin.py:120} INFO - [2023-03-15T17:02:25.312+0000] {dag.py:2585} INFO - Sync 1 DAGs
[2023-03-15T17:02:25.329+0000] {logging_mixin.py:120} INFO - [2023-03-15T17:02:25.329+0000] {dag.py:3340} INFO - Setting next_dagrun for example_branch_dop_operator_v3 to 2023-03-15T17:01:00+00:00, run_after=2023-03-15T17:02:00+00:00
[2023-03-15T17:02:25.341+0000] {processor.py:176} INFO - Processing /home/airflow/.local/lib/python3.7/site-packages/airflow/example_dags/example_branch_python_dop_operator_3.py took 0.079 seconds
[2023-03-15T17:02:55.719+0000] {processor.py:154} INFO - Started process (PID=3613) to work on /home/airflow/.local/lib/python3.7/site-packages/airflow/example_dags/example_branch_python_dop_operator_3.py
[2023-03-15T17:02:55.720+0000] {processor.py:756} INFO - Processing file /home/airflow/.local/lib/python3.7/site-packages/airflow/example_dags/example_branch_python_dop_operator_3.py for tasks to queue
[2023-03-15T17:02:55.721+0000] {logging_mixin.py:120} INFO - [2023-03-15T17:02:55.721+0000] {dagbag.py:537} INFO - Filling up the DagBag from /home/airflow/.local/lib/python3.7/site-packages/airflow/example_dags/example_branch_python_dop_operator_3.py
[2023-03-15T17:02:55.737+0000] {processor.py:766} INFO - DAG(s) dict_keys(['example_branch_dop_operator_v3']) retrieved from /home/airflow/.local/lib/python3.7/site-packages/airflow/example_dags/example_branch_python_dop_operator_3.py
[2023-03-15T17:02:55.769+0000] {logging_mixin.py:120} INFO - [2023-03-15T17:02:55.769+0000] {dag.py:2585} INFO - Sync 1 DAGs
[2023-03-15T17:02:55.786+0000] {logging_mixin.py:120} INFO - [2023-03-15T17:02:55.786+0000] {dag.py:3340} INFO - Setting next_dagrun for example_branch_dop_operator_v3 to 2023-03-15T17:01:00+00:00, run_after=2023-03-15T17:02:00+00:00
[2023-03-15T17:02:55.798+0000] {processor.py:176} INFO - Processing /home/airflow/.local/lib/python3.7/site-packages/airflow/example_dags/example_branch_python_dop_operator_3.py took 0.082 seconds
[2023-03-15T17:03:26.228+0000] {processor.py:154} INFO - Started process (PID=3678) to work on /home/airflow/.local/lib/python3.7/site-packages/airflow/example_dags/example_branch_python_dop_operator_3.py
[2023-03-15T17:03:26.229+0000] {processor.py:756} INFO - Processing file /home/airflow/.local/lib/python3.7/site-packages/airflow/example_dags/example_branch_python_dop_operator_3.py for tasks to queue
[2023-03-15T17:03:26.230+0000] {logging_mixin.py:120} INFO - [2023-03-15T17:03:26.230+0000] {dagbag.py:537} INFO - Filling up the DagBag from /home/airflow/.local/lib/python3.7/site-packages/airflow/example_dags/example_branch_python_dop_operator_3.py
[2023-03-15T17:03:26.246+0000] {processor.py:766} INFO - DAG(s) dict_keys(['example_branch_dop_operator_v3']) retrieved from /home/airflow/.local/lib/python3.7/site-packages/airflow/example_dags/example_branch_python_dop_operator_3.py
[2023-03-15T17:03:26.274+0000] {logging_mixin.py:120} INFO - [2023-03-15T17:03:26.274+0000] {dag.py:2585} INFO - Sync 1 DAGs
[2023-03-15T17:03:26.292+0000] {logging_mixin.py:120} INFO - [2023-03-15T17:03:26.292+0000] {dag.py:3340} INFO - Setting next_dagrun for example_branch_dop_operator_v3 to 2023-03-15T17:02:00+00:00, run_after=2023-03-15T17:03:00+00:00
[2023-03-15T17:03:26.304+0000] {processor.py:176} INFO - Processing /home/airflow/.local/lib/python3.7/site-packages/airflow/example_dags/example_branch_python_dop_operator_3.py took 0.079 seconds
[2023-03-15T17:03:56.672+0000] {processor.py:154} INFO - Started process (PID=3742) to work on /home/airflow/.local/lib/python3.7/site-packages/airflow/example_dags/example_branch_python_dop_operator_3.py
[2023-03-15T17:03:56.673+0000] {processor.py:756} INFO - Processing file /home/airflow/.local/lib/python3.7/site-packages/airflow/example_dags/example_branch_python_dop_operator_3.py for tasks to queue
[2023-03-15T17:03:56.674+0000] {logging_mixin.py:120} INFO - [2023-03-15T17:03:56.674+0000] {dagbag.py:537} INFO - Filling up the DagBag from /home/airflow/.local/lib/python3.7/site-packages/airflow/example_dags/example_branch_python_dop_operator_3.py
[2023-03-15T17:03:56.688+0000] {processor.py:766} INFO - DAG(s) dict_keys(['example_branch_dop_operator_v3']) retrieved from /home/airflow/.local/lib/python3.7/site-packages/airflow/example_dags/example_branch_python_dop_operator_3.py
[2023-03-15T17:03:56.718+0000] {logging_mixin.py:120} INFO - [2023-03-15T17:03:56.718+0000] {dag.py:2585} INFO - Sync 1 DAGs
[2023-03-15T17:03:56.736+0000] {logging_mixin.py:120} INFO - [2023-03-15T17:03:56.736+0000] {dag.py:3340} INFO - Setting next_dagrun for example_branch_dop_operator_v3 to 2023-03-15T17:02:00+00:00, run_after=2023-03-15T17:03:00+00:00
[2023-03-15T17:03:56.748+0000] {processor.py:176} INFO - Processing /home/airflow/.local/lib/python3.7/site-packages/airflow/example_dags/example_branch_python_dop_operator_3.py took 0.079 seconds
