[2023-03-15T16:01:37.282+0000] {processor.py:154} INFO - Started process (PID=38) to work on /home/airflow/.local/lib/python3.7/site-packages/airflow/example_dags/example_branch_day_of_week_operator.py
[2023-03-15T16:01:37.283+0000] {processor.py:756} INFO - Processing file /home/airflow/.local/lib/python3.7/site-packages/airflow/example_dags/example_branch_day_of_week_operator.py for tasks to queue
[2023-03-15T16:01:37.284+0000] {logging_mixin.py:120} INFO - [2023-03-15T16:01:37.284+0000] {dagbag.py:537} INFO - Filling up the DagBag from /home/airflow/.local/lib/python3.7/site-packages/airflow/example_dags/example_branch_day_of_week_operator.py
[2023-03-15T16:01:37.299+0000] {processor.py:766} INFO - DAG(s) dict_keys(['example_weekday_branch_operator']) retrieved from /home/airflow/.local/lib/python3.7/site-packages/airflow/example_dags/example_branch_day_of_week_operator.py
[2023-03-15T16:01:37.392+0000] {logging_mixin.py:120} INFO - [2023-03-15T16:01:37.392+0000] {manager.py:507} INFO - Created Permission View: can read on DAG:example_weekday_branch_operator
[2023-03-15T16:01:37.400+0000] {logging_mixin.py:120} INFO - [2023-03-15T16:01:37.400+0000] {manager.py:507} INFO - Created Permission View: can delete on DAG:example_weekday_branch_operator
[2023-03-15T16:01:37.405+0000] {logging_mixin.py:120} INFO - [2023-03-15T16:01:37.405+0000] {manager.py:507} INFO - Created Permission View: can edit on DAG:example_weekday_branch_operator
[2023-03-15T16:01:37.406+0000] {logging_mixin.py:120} INFO - [2023-03-15T16:01:37.406+0000] {dag.py:2585} INFO - Sync 1 DAGs
[2023-03-15T16:01:37.415+0000] {logging_mixin.py:120} INFO - [2023-03-15T16:01:37.415+0000] {dag.py:2606} INFO - Creating ORM DAG for example_weekday_branch_operator
[2023-03-15T16:01:37.424+0000] {logging_mixin.py:120} INFO - [2023-03-15T16:01:37.423+0000] {dag.py:3340} INFO - Setting next_dagrun for example_weekday_branch_operator to 2023-03-14T00:00:00+00:00, run_after=2023-03-15T00:00:00+00:00
[2023-03-15T16:01:37.436+0000] {processor.py:176} INFO - Processing /home/airflow/.local/lib/python3.7/site-packages/airflow/example_dags/example_branch_day_of_week_operator.py took 0.158 seconds
[2023-03-15T16:02:08.159+0000] {processor.py:154} INFO - Started process (PID=100) to work on /home/airflow/.local/lib/python3.7/site-packages/airflow/example_dags/example_branch_day_of_week_operator.py
[2023-03-15T16:02:08.161+0000] {processor.py:756} INFO - Processing file /home/airflow/.local/lib/python3.7/site-packages/airflow/example_dags/example_branch_day_of_week_operator.py for tasks to queue
[2023-03-15T16:02:08.162+0000] {logging_mixin.py:120} INFO - [2023-03-15T16:02:08.162+0000] {dagbag.py:537} INFO - Filling up the DagBag from /home/airflow/.local/lib/python3.7/site-packages/airflow/example_dags/example_branch_day_of_week_operator.py
[2023-03-15T16:02:08.177+0000] {processor.py:766} INFO - DAG(s) dict_keys(['example_weekday_branch_operator']) retrieved from /home/airflow/.local/lib/python3.7/site-packages/airflow/example_dags/example_branch_day_of_week_operator.py
[2023-03-15T16:02:08.222+0000] {logging_mixin.py:120} INFO - [2023-03-15T16:02:08.221+0000] {dag.py:2585} INFO - Sync 1 DAGs
[2023-03-15T16:02:08.250+0000] {logging_mixin.py:120} INFO - [2023-03-15T16:02:08.250+0000] {dag.py:3340} INFO - Setting next_dagrun for example_weekday_branch_operator to 2023-03-14T00:00:00+00:00, run_after=2023-03-15T00:00:00+00:00
[2023-03-15T16:02:08.268+0000] {processor.py:176} INFO - Processing /home/airflow/.local/lib/python3.7/site-packages/airflow/example_dags/example_branch_day_of_week_operator.py took 0.111 seconds
[2023-03-15T16:02:39.344+0000] {processor.py:154} INFO - Started process (PID=162) to work on /home/airflow/.local/lib/python3.7/site-packages/airflow/example_dags/example_branch_day_of_week_operator.py
[2023-03-15T16:02:39.348+0000] {processor.py:756} INFO - Processing file /home/airflow/.local/lib/python3.7/site-packages/airflow/example_dags/example_branch_day_of_week_operator.py for tasks to queue
[2023-03-15T16:02:39.352+0000] {logging_mixin.py:120} INFO - [2023-03-15T16:02:39.351+0000] {dagbag.py:537} INFO - Filling up the DagBag from /home/airflow/.local/lib/python3.7/site-packages/airflow/example_dags/example_branch_day_of_week_operator.py
[2023-03-15T16:02:39.372+0000] {processor.py:766} INFO - DAG(s) dict_keys(['example_weekday_branch_operator']) retrieved from /home/airflow/.local/lib/python3.7/site-packages/airflow/example_dags/example_branch_day_of_week_operator.py
[2023-03-15T16:02:39.453+0000] {logging_mixin.py:120} INFO - [2023-03-15T16:02:39.452+0000] {dag.py:2585} INFO - Sync 1 DAGs
[2023-03-15T16:02:39.482+0000] {logging_mixin.py:120} INFO - [2023-03-15T16:02:39.482+0000] {dag.py:3340} INFO - Setting next_dagrun for example_weekday_branch_operator to 2023-03-14T00:00:00+00:00, run_after=2023-03-15T00:00:00+00:00
[2023-03-15T16:02:39.507+0000] {processor.py:176} INFO - Processing /home/airflow/.local/lib/python3.7/site-packages/airflow/example_dags/example_branch_day_of_week_operator.py took 0.171 seconds
[2023-03-15T16:03:09.952+0000] {processor.py:154} INFO - Started process (PID=226) to work on /home/airflow/.local/lib/python3.7/site-packages/airflow/example_dags/example_branch_day_of_week_operator.py
[2023-03-15T16:03:09.954+0000] {processor.py:756} INFO - Processing file /home/airflow/.local/lib/python3.7/site-packages/airflow/example_dags/example_branch_day_of_week_operator.py for tasks to queue
[2023-03-15T16:03:09.955+0000] {logging_mixin.py:120} INFO - [2023-03-15T16:03:09.955+0000] {dagbag.py:537} INFO - Filling up the DagBag from /home/airflow/.local/lib/python3.7/site-packages/airflow/example_dags/example_branch_day_of_week_operator.py
[2023-03-15T16:03:09.968+0000] {processor.py:766} INFO - DAG(s) dict_keys(['example_weekday_branch_operator']) retrieved from /home/airflow/.local/lib/python3.7/site-packages/airflow/example_dags/example_branch_day_of_week_operator.py
[2023-03-15T16:03:10.015+0000] {logging_mixin.py:120} INFO - [2023-03-15T16:03:10.015+0000] {dag.py:2585} INFO - Sync 1 DAGs
[2023-03-15T16:03:10.043+0000] {logging_mixin.py:120} INFO - [2023-03-15T16:03:10.043+0000] {dag.py:3340} INFO - Setting next_dagrun for example_weekday_branch_operator to 2023-03-14T00:00:00+00:00, run_after=2023-03-15T00:00:00+00:00
[2023-03-15T16:03:10.079+0000] {processor.py:176} INFO - Processing /home/airflow/.local/lib/python3.7/site-packages/airflow/example_dags/example_branch_day_of_week_operator.py took 0.130 seconds
[2023-03-15T16:03:40.392+0000] {processor.py:154} INFO - Started process (PID=281) to work on /home/airflow/.local/lib/python3.7/site-packages/airflow/example_dags/example_branch_day_of_week_operator.py
[2023-03-15T16:03:40.393+0000] {processor.py:756} INFO - Processing file /home/airflow/.local/lib/python3.7/site-packages/airflow/example_dags/example_branch_day_of_week_operator.py for tasks to queue
[2023-03-15T16:03:40.395+0000] {logging_mixin.py:120} INFO - [2023-03-15T16:03:40.394+0000] {dagbag.py:537} INFO - Filling up the DagBag from /home/airflow/.local/lib/python3.7/site-packages/airflow/example_dags/example_branch_day_of_week_operator.py
[2023-03-15T16:03:40.408+0000] {processor.py:766} INFO - DAG(s) dict_keys(['example_weekday_branch_operator']) retrieved from /home/airflow/.local/lib/python3.7/site-packages/airflow/example_dags/example_branch_day_of_week_operator.py
[2023-03-15T16:03:40.442+0000] {logging_mixin.py:120} INFO - [2023-03-15T16:03:40.442+0000] {dag.py:2585} INFO - Sync 1 DAGs
[2023-03-15T16:03:40.459+0000] {logging_mixin.py:120} INFO - [2023-03-15T16:03:40.459+0000] {dag.py:3340} INFO - Setting next_dagrun for example_weekday_branch_operator to 2023-03-14T00:00:00+00:00, run_after=2023-03-15T00:00:00+00:00
[2023-03-15T16:03:40.470+0000] {processor.py:176} INFO - Processing /home/airflow/.local/lib/python3.7/site-packages/airflow/example_dags/example_branch_day_of_week_operator.py took 0.081 seconds
[2023-03-15T16:04:10.727+0000] {processor.py:154} INFO - Started process (PID=344) to work on /home/airflow/.local/lib/python3.7/site-packages/airflow/example_dags/example_branch_day_of_week_operator.py
[2023-03-15T16:04:10.729+0000] {processor.py:756} INFO - Processing file /home/airflow/.local/lib/python3.7/site-packages/airflow/example_dags/example_branch_day_of_week_operator.py for tasks to queue
[2023-03-15T16:04:10.730+0000] {logging_mixin.py:120} INFO - [2023-03-15T16:04:10.730+0000] {dagbag.py:537} INFO - Filling up the DagBag from /home/airflow/.local/lib/python3.7/site-packages/airflow/example_dags/example_branch_day_of_week_operator.py
[2023-03-15T16:04:10.743+0000] {processor.py:766} INFO - DAG(s) dict_keys(['example_weekday_branch_operator']) retrieved from /home/airflow/.local/lib/python3.7/site-packages/airflow/example_dags/example_branch_day_of_week_operator.py
[2023-03-15T16:04:10.776+0000] {logging_mixin.py:120} INFO - [2023-03-15T16:04:10.776+0000] {dag.py:2585} INFO - Sync 1 DAGs
[2023-03-15T16:04:10.791+0000] {logging_mixin.py:120} INFO - [2023-03-15T16:04:10.791+0000] {dag.py:3340} INFO - Setting next_dagrun for example_weekday_branch_operator to 2023-03-14T00:00:00+00:00, run_after=2023-03-15T00:00:00+00:00
[2023-03-15T16:04:10.805+0000] {processor.py:176} INFO - Processing /home/airflow/.local/lib/python3.7/site-packages/airflow/example_dags/example_branch_day_of_week_operator.py took 0.081 seconds
[2023-03-15T16:04:40.973+0000] {processor.py:154} INFO - Started process (PID=409) to work on /home/airflow/.local/lib/python3.7/site-packages/airflow/example_dags/example_branch_day_of_week_operator.py
[2023-03-15T16:04:40.974+0000] {processor.py:756} INFO - Processing file /home/airflow/.local/lib/python3.7/site-packages/airflow/example_dags/example_branch_day_of_week_operator.py for tasks to queue
[2023-03-15T16:04:40.975+0000] {logging_mixin.py:120} INFO - [2023-03-15T16:04:40.975+0000] {dagbag.py:537} INFO - Filling up the DagBag from /home/airflow/.local/lib/python3.7/site-packages/airflow/example_dags/example_branch_day_of_week_operator.py
[2023-03-15T16:04:40.987+0000] {processor.py:766} INFO - DAG(s) dict_keys(['example_weekday_branch_operator']) retrieved from /home/airflow/.local/lib/python3.7/site-packages/airflow/example_dags/example_branch_day_of_week_operator.py
[2023-03-15T16:04:41.019+0000] {logging_mixin.py:120} INFO - [2023-03-15T16:04:41.019+0000] {dag.py:2585} INFO - Sync 1 DAGs
[2023-03-15T16:04:41.035+0000] {logging_mixin.py:120} INFO - [2023-03-15T16:04:41.035+0000] {dag.py:3340} INFO - Setting next_dagrun for example_weekday_branch_operator to 2023-03-14T00:00:00+00:00, run_after=2023-03-15T00:00:00+00:00
[2023-03-15T16:04:41.048+0000] {processor.py:176} INFO - Processing /home/airflow/.local/lib/python3.7/site-packages/airflow/example_dags/example_branch_day_of_week_operator.py took 0.078 seconds
[2023-03-15T16:05:11.161+0000] {processor.py:154} INFO - Started process (PID=473) to work on /home/airflow/.local/lib/python3.7/site-packages/airflow/example_dags/example_branch_day_of_week_operator.py
[2023-03-15T16:05:11.163+0000] {processor.py:756} INFO - Processing file /home/airflow/.local/lib/python3.7/site-packages/airflow/example_dags/example_branch_day_of_week_operator.py for tasks to queue
[2023-03-15T16:05:11.164+0000] {logging_mixin.py:120} INFO - [2023-03-15T16:05:11.164+0000] {dagbag.py:537} INFO - Filling up the DagBag from /home/airflow/.local/lib/python3.7/site-packages/airflow/example_dags/example_branch_day_of_week_operator.py
[2023-03-15T16:05:11.177+0000] {processor.py:766} INFO - DAG(s) dict_keys(['example_weekday_branch_operator']) retrieved from /home/airflow/.local/lib/python3.7/site-packages/airflow/example_dags/example_branch_day_of_week_operator.py
[2023-03-15T16:05:11.227+0000] {logging_mixin.py:120} INFO - [2023-03-15T16:05:11.227+0000] {dag.py:2585} INFO - Sync 1 DAGs
[2023-03-15T16:05:11.254+0000] {logging_mixin.py:120} INFO - [2023-03-15T16:05:11.254+0000] {dag.py:3340} INFO - Setting next_dagrun for example_weekday_branch_operator to 2023-03-14T00:00:00+00:00, run_after=2023-03-15T00:00:00+00:00
[2023-03-15T16:05:11.269+0000] {processor.py:176} INFO - Processing /home/airflow/.local/lib/python3.7/site-packages/airflow/example_dags/example_branch_day_of_week_operator.py took 0.111 seconds
[2023-03-15T16:05:41.905+0000] {processor.py:154} INFO - Started process (PID=533) to work on /home/airflow/.local/lib/python3.7/site-packages/airflow/example_dags/example_branch_day_of_week_operator.py
[2023-03-15T16:05:41.907+0000] {processor.py:756} INFO - Processing file /home/airflow/.local/lib/python3.7/site-packages/airflow/example_dags/example_branch_day_of_week_operator.py for tasks to queue
[2023-03-15T16:05:41.908+0000] {logging_mixin.py:120} INFO - [2023-03-15T16:05:41.908+0000] {dagbag.py:537} INFO - Filling up the DagBag from /home/airflow/.local/lib/python3.7/site-packages/airflow/example_dags/example_branch_day_of_week_operator.py
[2023-03-15T16:05:41.919+0000] {processor.py:766} INFO - DAG(s) dict_keys(['example_weekday_branch_operator']) retrieved from /home/airflow/.local/lib/python3.7/site-packages/airflow/example_dags/example_branch_day_of_week_operator.py
[2023-03-15T16:05:41.941+0000] {logging_mixin.py:120} INFO - [2023-03-15T16:05:41.941+0000] {dag.py:2585} INFO - Sync 1 DAGs
[2023-03-15T16:05:41.960+0000] {logging_mixin.py:120} INFO - [2023-03-15T16:05:41.959+0000] {dag.py:3340} INFO - Setting next_dagrun for example_weekday_branch_operator to 2023-03-14T00:00:00+00:00, run_after=2023-03-15T00:00:00+00:00
[2023-03-15T16:05:41.972+0000] {processor.py:176} INFO - Processing /home/airflow/.local/lib/python3.7/site-packages/airflow/example_dags/example_branch_day_of_week_operator.py took 0.069 seconds
[2023-03-15T16:06:12.265+0000] {processor.py:154} INFO - Started process (PID=589) to work on /home/airflow/.local/lib/python3.7/site-packages/airflow/example_dags/example_branch_day_of_week_operator.py
[2023-03-15T16:06:12.266+0000] {processor.py:756} INFO - Processing file /home/airflow/.local/lib/python3.7/site-packages/airflow/example_dags/example_branch_day_of_week_operator.py for tasks to queue
[2023-03-15T16:06:12.267+0000] {logging_mixin.py:120} INFO - [2023-03-15T16:06:12.267+0000] {dagbag.py:537} INFO - Filling up the DagBag from /home/airflow/.local/lib/python3.7/site-packages/airflow/example_dags/example_branch_day_of_week_operator.py
[2023-03-15T16:06:12.279+0000] {processor.py:766} INFO - DAG(s) dict_keys(['example_weekday_branch_operator']) retrieved from /home/airflow/.local/lib/python3.7/site-packages/airflow/example_dags/example_branch_day_of_week_operator.py
[2023-03-15T16:06:12.311+0000] {logging_mixin.py:120} INFO - [2023-03-15T16:06:12.310+0000] {dag.py:2585} INFO - Sync 1 DAGs
[2023-03-15T16:06:12.327+0000] {logging_mixin.py:120} INFO - [2023-03-15T16:06:12.327+0000] {dag.py:3340} INFO - Setting next_dagrun for example_weekday_branch_operator to 2023-03-14T00:00:00+00:00, run_after=2023-03-15T00:00:00+00:00
[2023-03-15T16:06:12.340+0000] {processor.py:176} INFO - Processing /home/airflow/.local/lib/python3.7/site-packages/airflow/example_dags/example_branch_day_of_week_operator.py took 0.078 seconds
[2023-03-15T16:06:42.449+0000] {processor.py:154} INFO - Started process (PID=654) to work on /home/airflow/.local/lib/python3.7/site-packages/airflow/example_dags/example_branch_day_of_week_operator.py
[2023-03-15T16:06:42.451+0000] {processor.py:756} INFO - Processing file /home/airflow/.local/lib/python3.7/site-packages/airflow/example_dags/example_branch_day_of_week_operator.py for tasks to queue
[2023-03-15T16:06:42.452+0000] {logging_mixin.py:120} INFO - [2023-03-15T16:06:42.451+0000] {dagbag.py:537} INFO - Filling up the DagBag from /home/airflow/.local/lib/python3.7/site-packages/airflow/example_dags/example_branch_day_of_week_operator.py
[2023-03-15T16:06:42.463+0000] {processor.py:766} INFO - DAG(s) dict_keys(['example_weekday_branch_operator']) retrieved from /home/airflow/.local/lib/python3.7/site-packages/airflow/example_dags/example_branch_day_of_week_operator.py
[2023-03-15T16:06:42.493+0000] {logging_mixin.py:120} INFO - [2023-03-15T16:06:42.492+0000] {dag.py:2585} INFO - Sync 1 DAGs
[2023-03-15T16:06:42.509+0000] {logging_mixin.py:120} INFO - [2023-03-15T16:06:42.509+0000] {dag.py:3340} INFO - Setting next_dagrun for example_weekday_branch_operator to 2023-03-14T00:00:00+00:00, run_after=2023-03-15T00:00:00+00:00
[2023-03-15T16:06:42.522+0000] {processor.py:176} INFO - Processing /home/airflow/.local/lib/python3.7/site-packages/airflow/example_dags/example_branch_day_of_week_operator.py took 0.075 seconds
[2023-03-15T16:07:12.932+0000] {processor.py:154} INFO - Started process (PID=720) to work on /home/airflow/.local/lib/python3.7/site-packages/airflow/example_dags/example_branch_day_of_week_operator.py
[2023-03-15T16:07:12.933+0000] {processor.py:756} INFO - Processing file /home/airflow/.local/lib/python3.7/site-packages/airflow/example_dags/example_branch_day_of_week_operator.py for tasks to queue
[2023-03-15T16:07:12.934+0000] {logging_mixin.py:120} INFO - [2023-03-15T16:07:12.934+0000] {dagbag.py:537} INFO - Filling up the DagBag from /home/airflow/.local/lib/python3.7/site-packages/airflow/example_dags/example_branch_day_of_week_operator.py
[2023-03-15T16:07:12.945+0000] {processor.py:766} INFO - DAG(s) dict_keys(['example_weekday_branch_operator']) retrieved from /home/airflow/.local/lib/python3.7/site-packages/airflow/example_dags/example_branch_day_of_week_operator.py
[2023-03-15T16:07:12.974+0000] {logging_mixin.py:120} INFO - [2023-03-15T16:07:12.974+0000] {dag.py:2585} INFO - Sync 1 DAGs
[2023-03-15T16:07:12.992+0000] {logging_mixin.py:120} INFO - [2023-03-15T16:07:12.991+0000] {dag.py:3340} INFO - Setting next_dagrun for example_weekday_branch_operator to 2023-03-14T00:00:00+00:00, run_after=2023-03-15T00:00:00+00:00
[2023-03-15T16:07:13.003+0000] {processor.py:176} INFO - Processing /home/airflow/.local/lib/python3.7/site-packages/airflow/example_dags/example_branch_day_of_week_operator.py took 0.074 seconds
[2023-03-15T16:07:43.234+0000] {processor.py:154} INFO - Started process (PID=785) to work on /home/airflow/.local/lib/python3.7/site-packages/airflow/example_dags/example_branch_day_of_week_operator.py
[2023-03-15T16:07:43.235+0000] {processor.py:756} INFO - Processing file /home/airflow/.local/lib/python3.7/site-packages/airflow/example_dags/example_branch_day_of_week_operator.py for tasks to queue
[2023-03-15T16:07:43.236+0000] {logging_mixin.py:120} INFO - [2023-03-15T16:07:43.236+0000] {dagbag.py:537} INFO - Filling up the DagBag from /home/airflow/.local/lib/python3.7/site-packages/airflow/example_dags/example_branch_day_of_week_operator.py
[2023-03-15T16:07:43.250+0000] {processor.py:766} INFO - DAG(s) dict_keys(['example_weekday_branch_operator']) retrieved from /home/airflow/.local/lib/python3.7/site-packages/airflow/example_dags/example_branch_day_of_week_operator.py
[2023-03-15T16:07:43.287+0000] {logging_mixin.py:120} INFO - [2023-03-15T16:07:43.286+0000] {dag.py:2585} INFO - Sync 1 DAGs
[2023-03-15T16:07:43.305+0000] {logging_mixin.py:120} INFO - [2023-03-15T16:07:43.305+0000] {dag.py:3340} INFO - Setting next_dagrun for example_weekday_branch_operator to 2023-03-14T00:00:00+00:00, run_after=2023-03-15T00:00:00+00:00
[2023-03-15T16:07:43.320+0000] {processor.py:176} INFO - Processing /home/airflow/.local/lib/python3.7/site-packages/airflow/example_dags/example_branch_day_of_week_operator.py took 0.090 seconds
[2023-03-15T16:08:13.850+0000] {processor.py:154} INFO - Started process (PID=849) to work on /home/airflow/.local/lib/python3.7/site-packages/airflow/example_dags/example_branch_day_of_week_operator.py
[2023-03-15T16:08:13.856+0000] {processor.py:756} INFO - Processing file /home/airflow/.local/lib/python3.7/site-packages/airflow/example_dags/example_branch_day_of_week_operator.py for tasks to queue
[2023-03-15T16:08:13.858+0000] {logging_mixin.py:120} INFO - [2023-03-15T16:08:13.857+0000] {dagbag.py:537} INFO - Filling up the DagBag from /home/airflow/.local/lib/python3.7/site-packages/airflow/example_dags/example_branch_day_of_week_operator.py
[2023-03-15T16:08:13.874+0000] {processor.py:766} INFO - DAG(s) dict_keys(['example_weekday_branch_operator']) retrieved from /home/airflow/.local/lib/python3.7/site-packages/airflow/example_dags/example_branch_day_of_week_operator.py
[2023-03-15T16:08:13.919+0000] {logging_mixin.py:120} INFO - [2023-03-15T16:08:13.919+0000] {dag.py:2585} INFO - Sync 1 DAGs
[2023-03-15T16:08:13.940+0000] {logging_mixin.py:120} INFO - [2023-03-15T16:08:13.940+0000] {dag.py:3340} INFO - Setting next_dagrun for example_weekday_branch_operator to 2023-03-14T00:00:00+00:00, run_after=2023-03-15T00:00:00+00:00
[2023-03-15T16:08:13.958+0000] {processor.py:176} INFO - Processing /home/airflow/.local/lib/python3.7/site-packages/airflow/example_dags/example_branch_day_of_week_operator.py took 0.112 seconds
[2023-03-15T16:08:44.489+0000] {processor.py:154} INFO - Started process (PID=973) to work on /home/airflow/.local/lib/python3.7/site-packages/airflow/example_dags/example_branch_day_of_week_operator.py
[2023-03-15T16:08:44.491+0000] {processor.py:756} INFO - Processing file /home/airflow/.local/lib/python3.7/site-packages/airflow/example_dags/example_branch_day_of_week_operator.py for tasks to queue
[2023-03-15T16:08:44.492+0000] {logging_mixin.py:120} INFO - [2023-03-15T16:08:44.491+0000] {dagbag.py:537} INFO - Filling up the DagBag from /home/airflow/.local/lib/python3.7/site-packages/airflow/example_dags/example_branch_day_of_week_operator.py
[2023-03-15T16:08:44.515+0000] {processor.py:766} INFO - DAG(s) dict_keys(['example_weekday_branch_operator']) retrieved from /home/airflow/.local/lib/python3.7/site-packages/airflow/example_dags/example_branch_day_of_week_operator.py
[2023-03-15T16:08:44.563+0000] {logging_mixin.py:120} INFO - [2023-03-15T16:08:44.562+0000] {dag.py:2585} INFO - Sync 1 DAGs
[2023-03-15T16:08:44.587+0000] {logging_mixin.py:120} INFO - [2023-03-15T16:08:44.587+0000] {dag.py:3340} INFO - Setting next_dagrun for example_weekday_branch_operator to 2023-03-14T00:00:00+00:00, run_after=2023-03-15T00:00:00+00:00
[2023-03-15T16:08:44.609+0000] {processor.py:176} INFO - Processing /home/airflow/.local/lib/python3.7/site-packages/airflow/example_dags/example_branch_day_of_week_operator.py took 0.126 seconds
[2023-03-15T16:09:15.391+0000] {processor.py:154} INFO - Started process (PID=1165) to work on /home/airflow/.local/lib/python3.7/site-packages/airflow/example_dags/example_branch_day_of_week_operator.py
[2023-03-15T16:09:15.392+0000] {processor.py:756} INFO - Processing file /home/airflow/.local/lib/python3.7/site-packages/airflow/example_dags/example_branch_day_of_week_operator.py for tasks to queue
[2023-03-15T16:09:15.396+0000] {logging_mixin.py:120} INFO - [2023-03-15T16:09:15.396+0000] {dagbag.py:537} INFO - Filling up the DagBag from /home/airflow/.local/lib/python3.7/site-packages/airflow/example_dags/example_branch_day_of_week_operator.py
[2023-03-15T16:09:15.425+0000] {processor.py:766} INFO - DAG(s) dict_keys(['example_weekday_branch_operator']) retrieved from /home/airflow/.local/lib/python3.7/site-packages/airflow/example_dags/example_branch_day_of_week_operator.py
[2023-03-15T16:09:15.503+0000] {logging_mixin.py:120} INFO - [2023-03-15T16:09:15.503+0000] {dag.py:2585} INFO - Sync 1 DAGs
[2023-03-15T16:09:15.545+0000] {logging_mixin.py:120} INFO - [2023-03-15T16:09:15.545+0000] {dag.py:3340} INFO - Setting next_dagrun for example_weekday_branch_operator to 2023-03-14T00:00:00+00:00, run_after=2023-03-15T00:00:00+00:00
[2023-03-15T16:09:15.613+0000] {processor.py:176} INFO - Processing /home/airflow/.local/lib/python3.7/site-packages/airflow/example_dags/example_branch_day_of_week_operator.py took 0.224 seconds
[2023-03-15T16:09:45.736+0000] {processor.py:154} INFO - Started process (PID=1373) to work on /home/airflow/.local/lib/python3.7/site-packages/airflow/example_dags/example_branch_day_of_week_operator.py
[2023-03-15T16:09:45.738+0000] {processor.py:756} INFO - Processing file /home/airflow/.local/lib/python3.7/site-packages/airflow/example_dags/example_branch_day_of_week_operator.py for tasks to queue
[2023-03-15T16:09:45.739+0000] {logging_mixin.py:120} INFO - [2023-03-15T16:09:45.739+0000] {dagbag.py:537} INFO - Filling up the DagBag from /home/airflow/.local/lib/python3.7/site-packages/airflow/example_dags/example_branch_day_of_week_operator.py
[2023-03-15T16:09:45.781+0000] {processor.py:766} INFO - DAG(s) dict_keys(['example_weekday_branch_operator']) retrieved from /home/airflow/.local/lib/python3.7/site-packages/airflow/example_dags/example_branch_day_of_week_operator.py
[2023-03-15T16:09:45.896+0000] {logging_mixin.py:120} INFO - [2023-03-15T16:09:45.896+0000] {dag.py:2585} INFO - Sync 1 DAGs
[2023-03-15T16:09:45.931+0000] {logging_mixin.py:120} INFO - [2023-03-15T16:09:45.930+0000] {dag.py:3340} INFO - Setting next_dagrun for example_weekday_branch_operator to 2023-03-14T00:00:00+00:00, run_after=2023-03-15T00:00:00+00:00
[2023-03-15T16:09:45.969+0000] {processor.py:176} INFO - Processing /home/airflow/.local/lib/python3.7/site-packages/airflow/example_dags/example_branch_day_of_week_operator.py took 0.238 seconds
[2023-03-15T16:10:16.205+0000] {processor.py:154} INFO - Started process (PID=1597) to work on /home/airflow/.local/lib/python3.7/site-packages/airflow/example_dags/example_branch_day_of_week_operator.py
[2023-03-15T16:10:16.207+0000] {processor.py:756} INFO - Processing file /home/airflow/.local/lib/python3.7/site-packages/airflow/example_dags/example_branch_day_of_week_operator.py for tasks to queue
[2023-03-15T16:10:16.208+0000] {logging_mixin.py:120} INFO - [2023-03-15T16:10:16.207+0000] {dagbag.py:537} INFO - Filling up the DagBag from /home/airflow/.local/lib/python3.7/site-packages/airflow/example_dags/example_branch_day_of_week_operator.py
[2023-03-15T16:10:16.226+0000] {processor.py:766} INFO - DAG(s) dict_keys(['example_weekday_branch_operator']) retrieved from /home/airflow/.local/lib/python3.7/site-packages/airflow/example_dags/example_branch_day_of_week_operator.py
[2023-03-15T16:10:16.290+0000] {logging_mixin.py:120} INFO - [2023-03-15T16:10:16.290+0000] {dag.py:2585} INFO - Sync 1 DAGs
[2023-03-15T16:10:16.331+0000] {logging_mixin.py:120} INFO - [2023-03-15T16:10:16.330+0000] {dag.py:3340} INFO - Setting next_dagrun for example_weekday_branch_operator to 2023-03-14T00:00:00+00:00, run_after=2023-03-15T00:00:00+00:00
[2023-03-15T16:10:16.352+0000] {processor.py:176} INFO - Processing /home/airflow/.local/lib/python3.7/site-packages/airflow/example_dags/example_branch_day_of_week_operator.py took 0.150 seconds
[2023-03-15T16:10:46.572+0000] {processor.py:154} INFO - Started process (PID=1824) to work on /home/airflow/.local/lib/python3.7/site-packages/airflow/example_dags/example_branch_day_of_week_operator.py
[2023-03-15T16:10:46.574+0000] {processor.py:756} INFO - Processing file /home/airflow/.local/lib/python3.7/site-packages/airflow/example_dags/example_branch_day_of_week_operator.py for tasks to queue
[2023-03-15T16:10:46.576+0000] {logging_mixin.py:120} INFO - [2023-03-15T16:10:46.576+0000] {dagbag.py:537} INFO - Filling up the DagBag from /home/airflow/.local/lib/python3.7/site-packages/airflow/example_dags/example_branch_day_of_week_operator.py
[2023-03-15T16:10:46.595+0000] {processor.py:766} INFO - DAG(s) dict_keys(['example_weekday_branch_operator']) retrieved from /home/airflow/.local/lib/python3.7/site-packages/airflow/example_dags/example_branch_day_of_week_operator.py
[2023-03-15T16:10:46.666+0000] {logging_mixin.py:120} INFO - [2023-03-15T16:10:46.666+0000] {dag.py:2585} INFO - Sync 1 DAGs
[2023-03-15T16:10:46.689+0000] {logging_mixin.py:120} INFO - [2023-03-15T16:10:46.688+0000] {dag.py:3340} INFO - Setting next_dagrun for example_weekday_branch_operator to 2023-03-14T00:00:00+00:00, run_after=2023-03-15T00:00:00+00:00
[2023-03-15T16:10:46.710+0000] {processor.py:176} INFO - Processing /home/airflow/.local/lib/python3.7/site-packages/airflow/example_dags/example_branch_day_of_week_operator.py took 0.143 seconds
[2023-03-15T16:11:16.966+0000] {processor.py:154} INFO - Started process (PID=2029) to work on /home/airflow/.local/lib/python3.7/site-packages/airflow/example_dags/example_branch_day_of_week_operator.py
[2023-03-15T16:11:16.967+0000] {processor.py:756} INFO - Processing file /home/airflow/.local/lib/python3.7/site-packages/airflow/example_dags/example_branch_day_of_week_operator.py for tasks to queue
[2023-03-15T16:11:16.969+0000] {logging_mixin.py:120} INFO - [2023-03-15T16:11:16.969+0000] {dagbag.py:537} INFO - Filling up the DagBag from /home/airflow/.local/lib/python3.7/site-packages/airflow/example_dags/example_branch_day_of_week_operator.py
[2023-03-15T16:11:16.983+0000] {processor.py:766} INFO - DAG(s) dict_keys(['example_weekday_branch_operator']) retrieved from /home/airflow/.local/lib/python3.7/site-packages/airflow/example_dags/example_branch_day_of_week_operator.py
[2023-03-15T16:11:17.025+0000] {logging_mixin.py:120} INFO - [2023-03-15T16:11:17.025+0000] {dag.py:2585} INFO - Sync 1 DAGs
[2023-03-15T16:11:17.043+0000] {logging_mixin.py:120} INFO - [2023-03-15T16:11:17.043+0000] {dag.py:3340} INFO - Setting next_dagrun for example_weekday_branch_operator to 2023-03-14T00:00:00+00:00, run_after=2023-03-15T00:00:00+00:00
[2023-03-15T16:11:17.059+0000] {processor.py:176} INFO - Processing /home/airflow/.local/lib/python3.7/site-packages/airflow/example_dags/example_branch_day_of_week_operator.py took 0.096 seconds
[2023-03-15T16:11:47.421+0000] {processor.py:154} INFO - Started process (PID=2237) to work on /home/airflow/.local/lib/python3.7/site-packages/airflow/example_dags/example_branch_day_of_week_operator.py
[2023-03-15T16:11:47.423+0000] {processor.py:756} INFO - Processing file /home/airflow/.local/lib/python3.7/site-packages/airflow/example_dags/example_branch_day_of_week_operator.py for tasks to queue
[2023-03-15T16:11:47.429+0000] {logging_mixin.py:120} INFO - [2023-03-15T16:11:47.429+0000] {dagbag.py:537} INFO - Filling up the DagBag from /home/airflow/.local/lib/python3.7/site-packages/airflow/example_dags/example_branch_day_of_week_operator.py
[2023-03-15T16:11:47.443+0000] {processor.py:766} INFO - DAG(s) dict_keys(['example_weekday_branch_operator']) retrieved from /home/airflow/.local/lib/python3.7/site-packages/airflow/example_dags/example_branch_day_of_week_operator.py
[2023-03-15T16:11:47.484+0000] {logging_mixin.py:120} INFO - [2023-03-15T16:11:47.483+0000] {dag.py:2585} INFO - Sync 1 DAGs
[2023-03-15T16:11:47.507+0000] {logging_mixin.py:120} INFO - [2023-03-15T16:11:47.507+0000] {dag.py:3340} INFO - Setting next_dagrun for example_weekday_branch_operator to 2023-03-14T00:00:00+00:00, run_after=2023-03-15T00:00:00+00:00
[2023-03-15T16:11:47.521+0000] {processor.py:176} INFO - Processing /home/airflow/.local/lib/python3.7/site-packages/airflow/example_dags/example_branch_day_of_week_operator.py took 0.105 seconds
[2023-03-15T16:12:18.361+0000] {processor.py:154} INFO - Started process (PID=2451) to work on /home/airflow/.local/lib/python3.7/site-packages/airflow/example_dags/example_branch_day_of_week_operator.py
[2023-03-15T16:12:18.362+0000] {processor.py:756} INFO - Processing file /home/airflow/.local/lib/python3.7/site-packages/airflow/example_dags/example_branch_day_of_week_operator.py for tasks to queue
[2023-03-15T16:12:18.363+0000] {logging_mixin.py:120} INFO - [2023-03-15T16:12:18.363+0000] {dagbag.py:537} INFO - Filling up the DagBag from /home/airflow/.local/lib/python3.7/site-packages/airflow/example_dags/example_branch_day_of_week_operator.py
[2023-03-15T16:12:18.381+0000] {processor.py:766} INFO - DAG(s) dict_keys(['example_weekday_branch_operator']) retrieved from /home/airflow/.local/lib/python3.7/site-packages/airflow/example_dags/example_branch_day_of_week_operator.py
[2023-03-15T16:12:18.452+0000] {logging_mixin.py:120} INFO - [2023-03-15T16:12:18.452+0000] {dag.py:2585} INFO - Sync 1 DAGs
[2023-03-15T16:12:18.489+0000] {logging_mixin.py:120} INFO - [2023-03-15T16:12:18.489+0000] {dag.py:3340} INFO - Setting next_dagrun for example_weekday_branch_operator to 2023-03-14T00:00:00+00:00, run_after=2023-03-15T00:00:00+00:00
[2023-03-15T16:12:18.503+0000] {processor.py:176} INFO - Processing /home/airflow/.local/lib/python3.7/site-packages/airflow/example_dags/example_branch_day_of_week_operator.py took 0.145 seconds
[2023-03-15T16:12:49.374+0000] {processor.py:154} INFO - Started process (PID=2655) to work on /home/airflow/.local/lib/python3.7/site-packages/airflow/example_dags/example_branch_day_of_week_operator.py
[2023-03-15T16:12:49.376+0000] {processor.py:756} INFO - Processing file /home/airflow/.local/lib/python3.7/site-packages/airflow/example_dags/example_branch_day_of_week_operator.py for tasks to queue
[2023-03-15T16:12:49.377+0000] {logging_mixin.py:120} INFO - [2023-03-15T16:12:49.377+0000] {dagbag.py:537} INFO - Filling up the DagBag from /home/airflow/.local/lib/python3.7/site-packages/airflow/example_dags/example_branch_day_of_week_operator.py
[2023-03-15T16:12:49.390+0000] {processor.py:766} INFO - DAG(s) dict_keys(['example_weekday_branch_operator']) retrieved from /home/airflow/.local/lib/python3.7/site-packages/airflow/example_dags/example_branch_day_of_week_operator.py
[2023-03-15T16:12:49.425+0000] {logging_mixin.py:120} INFO - [2023-03-15T16:12:49.425+0000] {dag.py:2585} INFO - Sync 1 DAGs
[2023-03-15T16:12:49.444+0000] {logging_mixin.py:120} INFO - [2023-03-15T16:12:49.443+0000] {dag.py:3340} INFO - Setting next_dagrun for example_weekday_branch_operator to 2023-03-14T00:00:00+00:00, run_after=2023-03-15T00:00:00+00:00
[2023-03-15T16:12:49.473+0000] {processor.py:176} INFO - Processing /home/airflow/.local/lib/python3.7/site-packages/airflow/example_dags/example_branch_day_of_week_operator.py took 0.102 seconds
[2023-03-15T16:13:20.100+0000] {processor.py:154} INFO - Started process (PID=2852) to work on /home/airflow/.local/lib/python3.7/site-packages/airflow/example_dags/example_branch_day_of_week_operator.py
[2023-03-15T16:13:20.101+0000] {processor.py:756} INFO - Processing file /home/airflow/.local/lib/python3.7/site-packages/airflow/example_dags/example_branch_day_of_week_operator.py for tasks to queue
[2023-03-15T16:13:20.102+0000] {logging_mixin.py:120} INFO - [2023-03-15T16:13:20.102+0000] {dagbag.py:537} INFO - Filling up the DagBag from /home/airflow/.local/lib/python3.7/site-packages/airflow/example_dags/example_branch_day_of_week_operator.py
[2023-03-15T16:13:20.114+0000] {processor.py:766} INFO - DAG(s) dict_keys(['example_weekday_branch_operator']) retrieved from /home/airflow/.local/lib/python3.7/site-packages/airflow/example_dags/example_branch_day_of_week_operator.py
[2023-03-15T16:13:20.145+0000] {logging_mixin.py:120} INFO - [2023-03-15T16:13:20.145+0000] {dag.py:2585} INFO - Sync 1 DAGs
[2023-03-15T16:13:20.162+0000] {logging_mixin.py:120} INFO - [2023-03-15T16:13:20.162+0000] {dag.py:3340} INFO - Setting next_dagrun for example_weekday_branch_operator to 2023-03-14T00:00:00+00:00, run_after=2023-03-15T00:00:00+00:00
[2023-03-15T16:13:20.174+0000] {processor.py:176} INFO - Processing /home/airflow/.local/lib/python3.7/site-packages/airflow/example_dags/example_branch_day_of_week_operator.py took 0.077 seconds
[2023-03-15T16:29:47.072+0000] {processor.py:154} INFO - Started process (PID=2894) to work on /home/airflow/.local/lib/python3.7/site-packages/airflow/example_dags/example_branch_day_of_week_operator.py
[2023-03-15T16:29:47.075+0000] {processor.py:756} INFO - Processing file /home/airflow/.local/lib/python3.7/site-packages/airflow/example_dags/example_branch_day_of_week_operator.py for tasks to queue
[2023-03-15T16:29:47.076+0000] {logging_mixin.py:120} INFO - [2023-03-15T16:29:47.075+0000] {dagbag.py:537} INFO - Filling up the DagBag from /home/airflow/.local/lib/python3.7/site-packages/airflow/example_dags/example_branch_day_of_week_operator.py
[2023-03-15T16:29:47.089+0000] {processor.py:766} INFO - DAG(s) dict_keys(['example_weekday_branch_operator']) retrieved from /home/airflow/.local/lib/python3.7/site-packages/airflow/example_dags/example_branch_day_of_week_operator.py
[2023-03-15T16:29:47.124+0000] {logging_mixin.py:120} INFO - [2023-03-15T16:29:47.124+0000] {dag.py:2585} INFO - Sync 1 DAGs
[2023-03-15T16:29:47.142+0000] {logging_mixin.py:120} INFO - [2023-03-15T16:29:47.142+0000] {dag.py:3340} INFO - Setting next_dagrun for example_weekday_branch_operator to 2023-03-14T00:00:00+00:00, run_after=2023-03-15T00:00:00+00:00
[2023-03-15T16:29:47.156+0000] {processor.py:176} INFO - Processing /home/airflow/.local/lib/python3.7/site-packages/airflow/example_dags/example_branch_day_of_week_operator.py took 0.087 seconds
[2023-03-15T16:30:18.286+0000] {processor.py:154} INFO - Started process (PID=2957) to work on /home/airflow/.local/lib/python3.7/site-packages/airflow/example_dags/example_branch_day_of_week_operator.py
[2023-03-15T16:30:18.287+0000] {processor.py:756} INFO - Processing file /home/airflow/.local/lib/python3.7/site-packages/airflow/example_dags/example_branch_day_of_week_operator.py for tasks to queue
[2023-03-15T16:30:18.288+0000] {logging_mixin.py:120} INFO - [2023-03-15T16:30:18.288+0000] {dagbag.py:537} INFO - Filling up the DagBag from /home/airflow/.local/lib/python3.7/site-packages/airflow/example_dags/example_branch_day_of_week_operator.py
[2023-03-15T16:30:18.299+0000] {processor.py:766} INFO - DAG(s) dict_keys(['example_weekday_branch_operator']) retrieved from /home/airflow/.local/lib/python3.7/site-packages/airflow/example_dags/example_branch_day_of_week_operator.py
[2023-03-15T16:30:18.330+0000] {logging_mixin.py:120} INFO - [2023-03-15T16:30:18.330+0000] {dag.py:2585} INFO - Sync 1 DAGs
[2023-03-15T16:30:18.346+0000] {logging_mixin.py:120} INFO - [2023-03-15T16:30:18.346+0000] {dag.py:3340} INFO - Setting next_dagrun for example_weekday_branch_operator to 2023-03-14T00:00:00+00:00, run_after=2023-03-15T00:00:00+00:00
[2023-03-15T16:30:18.357+0000] {processor.py:176} INFO - Processing /home/airflow/.local/lib/python3.7/site-packages/airflow/example_dags/example_branch_day_of_week_operator.py took 0.074 seconds
[2023-03-15T16:47:12.829+0000] {processor.py:154} INFO - Started process (PID=3015) to work on /home/airflow/.local/lib/python3.7/site-packages/airflow/example_dags/example_branch_day_of_week_operator.py
[2023-03-15T16:47:12.831+0000] {processor.py:756} INFO - Processing file /home/airflow/.local/lib/python3.7/site-packages/airflow/example_dags/example_branch_day_of_week_operator.py for tasks to queue
[2023-03-15T16:47:12.832+0000] {logging_mixin.py:120} INFO - [2023-03-15T16:47:12.832+0000] {dagbag.py:537} INFO - Filling up the DagBag from /home/airflow/.local/lib/python3.7/site-packages/airflow/example_dags/example_branch_day_of_week_operator.py
[2023-03-15T16:47:12.845+0000] {processor.py:766} INFO - DAG(s) dict_keys(['example_weekday_branch_operator']) retrieved from /home/airflow/.local/lib/python3.7/site-packages/airflow/example_dags/example_branch_day_of_week_operator.py
[2023-03-15T16:47:12.879+0000] {logging_mixin.py:120} INFO - [2023-03-15T16:47:12.879+0000] {dag.py:2585} INFO - Sync 1 DAGs
[2023-03-15T16:47:12.899+0000] {logging_mixin.py:120} INFO - [2023-03-15T16:47:12.899+0000] {dag.py:3340} INFO - Setting next_dagrun for example_weekday_branch_operator to 2023-03-14T00:00:00+00:00, run_after=2023-03-15T00:00:00+00:00
[2023-03-15T16:47:12.911+0000] {processor.py:176} INFO - Processing /home/airflow/.local/lib/python3.7/site-packages/airflow/example_dags/example_branch_day_of_week_operator.py took 0.085 seconds
[2023-03-15T16:47:44.026+0000] {processor.py:154} INFO - Started process (PID=3080) to work on /home/airflow/.local/lib/python3.7/site-packages/airflow/example_dags/example_branch_day_of_week_operator.py
[2023-03-15T16:47:44.027+0000] {processor.py:756} INFO - Processing file /home/airflow/.local/lib/python3.7/site-packages/airflow/example_dags/example_branch_day_of_week_operator.py for tasks to queue
[2023-03-15T16:47:44.028+0000] {logging_mixin.py:120} INFO - [2023-03-15T16:47:44.028+0000] {dagbag.py:537} INFO - Filling up the DagBag from /home/airflow/.local/lib/python3.7/site-packages/airflow/example_dags/example_branch_day_of_week_operator.py
[2023-03-15T16:47:44.040+0000] {processor.py:766} INFO - DAG(s) dict_keys(['example_weekday_branch_operator']) retrieved from /home/airflow/.local/lib/python3.7/site-packages/airflow/example_dags/example_branch_day_of_week_operator.py
[2023-03-15T16:47:44.069+0000] {logging_mixin.py:120} INFO - [2023-03-15T16:47:44.069+0000] {dag.py:2585} INFO - Sync 1 DAGs
[2023-03-15T16:47:44.084+0000] {logging_mixin.py:120} INFO - [2023-03-15T16:47:44.084+0000] {dag.py:3340} INFO - Setting next_dagrun for example_weekday_branch_operator to 2023-03-14T00:00:00+00:00, run_after=2023-03-15T00:00:00+00:00
[2023-03-15T16:47:44.095+0000] {processor.py:176} INFO - Processing /home/airflow/.local/lib/python3.7/site-packages/airflow/example_dags/example_branch_day_of_week_operator.py took 0.071 seconds
[2023-03-15T16:59:19.812+0000] {processor.py:154} INFO - Started process (PID=3145) to work on /home/airflow/.local/lib/python3.7/site-packages/airflow/example_dags/example_branch_day_of_week_operator.py
[2023-03-15T16:59:19.815+0000] {processor.py:756} INFO - Processing file /home/airflow/.local/lib/python3.7/site-packages/airflow/example_dags/example_branch_day_of_week_operator.py for tasks to queue
[2023-03-15T16:59:19.816+0000] {logging_mixin.py:120} INFO - [2023-03-15T16:59:19.816+0000] {dagbag.py:537} INFO - Filling up the DagBag from /home/airflow/.local/lib/python3.7/site-packages/airflow/example_dags/example_branch_day_of_week_operator.py
[2023-03-15T16:59:19.834+0000] {processor.py:766} INFO - DAG(s) dict_keys(['example_weekday_branch_operator']) retrieved from /home/airflow/.local/lib/python3.7/site-packages/airflow/example_dags/example_branch_day_of_week_operator.py
[2023-03-15T16:59:19.885+0000] {logging_mixin.py:120} INFO - [2023-03-15T16:59:19.885+0000] {dag.py:2585} INFO - Sync 1 DAGs
[2023-03-15T16:59:19.907+0000] {logging_mixin.py:120} INFO - [2023-03-15T16:59:19.907+0000] {dag.py:3340} INFO - Setting next_dagrun for example_weekday_branch_operator to 2023-03-14T00:00:00+00:00, run_after=2023-03-15T00:00:00+00:00
[2023-03-15T16:59:19.926+0000] {processor.py:176} INFO - Processing /home/airflow/.local/lib/python3.7/site-packages/airflow/example_dags/example_branch_day_of_week_operator.py took 0.118 seconds
[2023-03-15T16:59:50.384+0000] {processor.py:154} INFO - Started process (PID=3210) to work on /home/airflow/.local/lib/python3.7/site-packages/airflow/example_dags/example_branch_day_of_week_operator.py
[2023-03-15T16:59:50.385+0000] {processor.py:756} INFO - Processing file /home/airflow/.local/lib/python3.7/site-packages/airflow/example_dags/example_branch_day_of_week_operator.py for tasks to queue
[2023-03-15T16:59:50.386+0000] {logging_mixin.py:120} INFO - [2023-03-15T16:59:50.386+0000] {dagbag.py:537} INFO - Filling up the DagBag from /home/airflow/.local/lib/python3.7/site-packages/airflow/example_dags/example_branch_day_of_week_operator.py
[2023-03-15T16:59:50.397+0000] {processor.py:766} INFO - DAG(s) dict_keys(['example_weekday_branch_operator']) retrieved from /home/airflow/.local/lib/python3.7/site-packages/airflow/example_dags/example_branch_day_of_week_operator.py
[2023-03-15T16:59:50.427+0000] {logging_mixin.py:120} INFO - [2023-03-15T16:59:50.427+0000] {dag.py:2585} INFO - Sync 1 DAGs
[2023-03-15T16:59:50.442+0000] {logging_mixin.py:120} INFO - [2023-03-15T16:59:50.442+0000] {dag.py:3340} INFO - Setting next_dagrun for example_weekday_branch_operator to 2023-03-14T00:00:00+00:00, run_after=2023-03-15T00:00:00+00:00
[2023-03-15T16:59:50.454+0000] {processor.py:176} INFO - Processing /home/airflow/.local/lib/python3.7/site-packages/airflow/example_dags/example_branch_day_of_week_operator.py took 0.072 seconds
[2023-03-15T17:00:21.040+0000] {processor.py:154} INFO - Started process (PID=3266) to work on /home/airflow/.local/lib/python3.7/site-packages/airflow/example_dags/example_branch_day_of_week_operator.py
[2023-03-15T17:00:21.041+0000] {processor.py:756} INFO - Processing file /home/airflow/.local/lib/python3.7/site-packages/airflow/example_dags/example_branch_day_of_week_operator.py for tasks to queue
[2023-03-15T17:00:21.042+0000] {logging_mixin.py:120} INFO - [2023-03-15T17:00:21.042+0000] {dagbag.py:537} INFO - Filling up the DagBag from /home/airflow/.local/lib/python3.7/site-packages/airflow/example_dags/example_branch_day_of_week_operator.py
[2023-03-15T17:00:21.055+0000] {processor.py:766} INFO - DAG(s) dict_keys(['example_weekday_branch_operator']) retrieved from /home/airflow/.local/lib/python3.7/site-packages/airflow/example_dags/example_branch_day_of_week_operator.py
[2023-03-15T17:00:21.093+0000] {logging_mixin.py:120} INFO - [2023-03-15T17:00:21.093+0000] {dag.py:2585} INFO - Sync 1 DAGs
[2023-03-15T17:00:21.113+0000] {logging_mixin.py:120} INFO - [2023-03-15T17:00:21.113+0000] {dag.py:3340} INFO - Setting next_dagrun for example_weekday_branch_operator to 2023-03-14T00:00:00+00:00, run_after=2023-03-15T00:00:00+00:00
[2023-03-15T17:00:21.128+0000] {processor.py:176} INFO - Processing /home/airflow/.local/lib/python3.7/site-packages/airflow/example_dags/example_branch_day_of_week_operator.py took 0.091 seconds
[2023-03-15T17:00:51.693+0000] {processor.py:154} INFO - Started process (PID=3330) to work on /home/airflow/.local/lib/python3.7/site-packages/airflow/example_dags/example_branch_day_of_week_operator.py
[2023-03-15T17:00:51.696+0000] {processor.py:756} INFO - Processing file /home/airflow/.local/lib/python3.7/site-packages/airflow/example_dags/example_branch_day_of_week_operator.py for tasks to queue
[2023-03-15T17:00:51.700+0000] {logging_mixin.py:120} INFO - [2023-03-15T17:00:51.700+0000] {dagbag.py:537} INFO - Filling up the DagBag from /home/airflow/.local/lib/python3.7/site-packages/airflow/example_dags/example_branch_day_of_week_operator.py
[2023-03-15T17:00:51.711+0000] {processor.py:766} INFO - DAG(s) dict_keys(['example_weekday_branch_operator']) retrieved from /home/airflow/.local/lib/python3.7/site-packages/airflow/example_dags/example_branch_day_of_week_operator.py
[2023-03-15T17:00:51.740+0000] {logging_mixin.py:120} INFO - [2023-03-15T17:00:51.740+0000] {dag.py:2585} INFO - Sync 1 DAGs
[2023-03-15T17:00:51.756+0000] {logging_mixin.py:120} INFO - [2023-03-15T17:00:51.756+0000] {dag.py:3340} INFO - Setting next_dagrun for example_weekday_branch_operator to 2023-03-14T00:00:00+00:00, run_after=2023-03-15T00:00:00+00:00
[2023-03-15T17:00:51.767+0000] {processor.py:176} INFO - Processing /home/airflow/.local/lib/python3.7/site-packages/airflow/example_dags/example_branch_day_of_week_operator.py took 0.076 seconds
[2023-03-15T17:01:22.091+0000] {processor.py:154} INFO - Started process (PID=3395) to work on /home/airflow/.local/lib/python3.7/site-packages/airflow/example_dags/example_branch_day_of_week_operator.py
[2023-03-15T17:01:22.093+0000] {processor.py:756} INFO - Processing file /home/airflow/.local/lib/python3.7/site-packages/airflow/example_dags/example_branch_day_of_week_operator.py for tasks to queue
[2023-03-15T17:01:22.093+0000] {logging_mixin.py:120} INFO - [2023-03-15T17:01:22.093+0000] {dagbag.py:537} INFO - Filling up the DagBag from /home/airflow/.local/lib/python3.7/site-packages/airflow/example_dags/example_branch_day_of_week_operator.py
[2023-03-15T17:01:22.104+0000] {processor.py:766} INFO - DAG(s) dict_keys(['example_weekday_branch_operator']) retrieved from /home/airflow/.local/lib/python3.7/site-packages/airflow/example_dags/example_branch_day_of_week_operator.py
[2023-03-15T17:01:22.132+0000] {logging_mixin.py:120} INFO - [2023-03-15T17:01:22.132+0000] {dag.py:2585} INFO - Sync 1 DAGs
[2023-03-15T17:01:22.146+0000] {logging_mixin.py:120} INFO - [2023-03-15T17:01:22.146+0000] {dag.py:3340} INFO - Setting next_dagrun for example_weekday_branch_operator to 2023-03-14T00:00:00+00:00, run_after=2023-03-15T00:00:00+00:00
[2023-03-15T17:01:22.158+0000] {processor.py:176} INFO - Processing /home/airflow/.local/lib/python3.7/site-packages/airflow/example_dags/example_branch_day_of_week_operator.py took 0.069 seconds
[2023-03-15T17:01:52.572+0000] {processor.py:154} INFO - Started process (PID=3460) to work on /home/airflow/.local/lib/python3.7/site-packages/airflow/example_dags/example_branch_day_of_week_operator.py
[2023-03-15T17:01:52.573+0000] {processor.py:756} INFO - Processing file /home/airflow/.local/lib/python3.7/site-packages/airflow/example_dags/example_branch_day_of_week_operator.py for tasks to queue
[2023-03-15T17:01:52.574+0000] {logging_mixin.py:120} INFO - [2023-03-15T17:01:52.574+0000] {dagbag.py:537} INFO - Filling up the DagBag from /home/airflow/.local/lib/python3.7/site-packages/airflow/example_dags/example_branch_day_of_week_operator.py
[2023-03-15T17:01:52.586+0000] {processor.py:766} INFO - DAG(s) dict_keys(['example_weekday_branch_operator']) retrieved from /home/airflow/.local/lib/python3.7/site-packages/airflow/example_dags/example_branch_day_of_week_operator.py
[2023-03-15T17:01:52.616+0000] {logging_mixin.py:120} INFO - [2023-03-15T17:01:52.615+0000] {dag.py:2585} INFO - Sync 1 DAGs
[2023-03-15T17:01:52.631+0000] {logging_mixin.py:120} INFO - [2023-03-15T17:01:52.631+0000] {dag.py:3340} INFO - Setting next_dagrun for example_weekday_branch_operator to 2023-03-14T00:00:00+00:00, run_after=2023-03-15T00:00:00+00:00
[2023-03-15T17:01:52.644+0000] {processor.py:176} INFO - Processing /home/airflow/.local/lib/python3.7/site-packages/airflow/example_dags/example_branch_day_of_week_operator.py took 0.075 seconds
[2023-03-15T17:02:22.978+0000] {processor.py:154} INFO - Started process (PID=3525) to work on /home/airflow/.local/lib/python3.7/site-packages/airflow/example_dags/example_branch_day_of_week_operator.py
[2023-03-15T17:02:22.980+0000] {processor.py:756} INFO - Processing file /home/airflow/.local/lib/python3.7/site-packages/airflow/example_dags/example_branch_day_of_week_operator.py for tasks to queue
[2023-03-15T17:02:22.981+0000] {logging_mixin.py:120} INFO - [2023-03-15T17:02:22.981+0000] {dagbag.py:537} INFO - Filling up the DagBag from /home/airflow/.local/lib/python3.7/site-packages/airflow/example_dags/example_branch_day_of_week_operator.py
[2023-03-15T17:02:22.993+0000] {processor.py:766} INFO - DAG(s) dict_keys(['example_weekday_branch_operator']) retrieved from /home/airflow/.local/lib/python3.7/site-packages/airflow/example_dags/example_branch_day_of_week_operator.py
[2023-03-15T17:02:23.021+0000] {logging_mixin.py:120} INFO - [2023-03-15T17:02:23.021+0000] {dag.py:2585} INFO - Sync 1 DAGs
[2023-03-15T17:02:23.038+0000] {logging_mixin.py:120} INFO - [2023-03-15T17:02:23.038+0000] {dag.py:3340} INFO - Setting next_dagrun for example_weekday_branch_operator to 2023-03-14T00:00:00+00:00, run_after=2023-03-15T00:00:00+00:00
[2023-03-15T17:02:23.049+0000] {processor.py:176} INFO - Processing /home/airflow/.local/lib/python3.7/site-packages/airflow/example_dags/example_branch_day_of_week_operator.py took 0.074 seconds
[2023-03-15T17:02:53.386+0000] {processor.py:154} INFO - Started process (PID=3590) to work on /home/airflow/.local/lib/python3.7/site-packages/airflow/example_dags/example_branch_day_of_week_operator.py
[2023-03-15T17:02:53.387+0000] {processor.py:756} INFO - Processing file /home/airflow/.local/lib/python3.7/site-packages/airflow/example_dags/example_branch_day_of_week_operator.py for tasks to queue
[2023-03-15T17:02:53.388+0000] {logging_mixin.py:120} INFO - [2023-03-15T17:02:53.388+0000] {dagbag.py:537} INFO - Filling up the DagBag from /home/airflow/.local/lib/python3.7/site-packages/airflow/example_dags/example_branch_day_of_week_operator.py
[2023-03-15T17:02:53.399+0000] {processor.py:766} INFO - DAG(s) dict_keys(['example_weekday_branch_operator']) retrieved from /home/airflow/.local/lib/python3.7/site-packages/airflow/example_dags/example_branch_day_of_week_operator.py
[2023-03-15T17:02:53.428+0000] {logging_mixin.py:120} INFO - [2023-03-15T17:02:53.428+0000] {dag.py:2585} INFO - Sync 1 DAGs
[2023-03-15T17:02:53.443+0000] {logging_mixin.py:120} INFO - [2023-03-15T17:02:53.443+0000] {dag.py:3340} INFO - Setting next_dagrun for example_weekday_branch_operator to 2023-03-14T00:00:00+00:00, run_after=2023-03-15T00:00:00+00:00
[2023-03-15T17:02:53.454+0000] {processor.py:176} INFO - Processing /home/airflow/.local/lib/python3.7/site-packages/airflow/example_dags/example_branch_day_of_week_operator.py took 0.071 seconds
[2023-03-15T17:03:23.952+0000] {processor.py:154} INFO - Started process (PID=3655) to work on /home/airflow/.local/lib/python3.7/site-packages/airflow/example_dags/example_branch_day_of_week_operator.py
[2023-03-15T17:03:23.953+0000] {processor.py:756} INFO - Processing file /home/airflow/.local/lib/python3.7/site-packages/airflow/example_dags/example_branch_day_of_week_operator.py for tasks to queue
[2023-03-15T17:03:23.954+0000] {logging_mixin.py:120} INFO - [2023-03-15T17:03:23.954+0000] {dagbag.py:537} INFO - Filling up the DagBag from /home/airflow/.local/lib/python3.7/site-packages/airflow/example_dags/example_branch_day_of_week_operator.py
[2023-03-15T17:03:23.965+0000] {processor.py:766} INFO - DAG(s) dict_keys(['example_weekday_branch_operator']) retrieved from /home/airflow/.local/lib/python3.7/site-packages/airflow/example_dags/example_branch_day_of_week_operator.py
[2023-03-15T17:03:23.997+0000] {logging_mixin.py:120} INFO - [2023-03-15T17:03:23.997+0000] {dag.py:2585} INFO - Sync 1 DAGs
[2023-03-15T17:03:24.014+0000] {logging_mixin.py:120} INFO - [2023-03-15T17:03:24.014+0000] {dag.py:3340} INFO - Setting next_dagrun for example_weekday_branch_operator to 2023-03-14T00:00:00+00:00, run_after=2023-03-15T00:00:00+00:00
[2023-03-15T17:03:24.025+0000] {processor.py:176} INFO - Processing /home/airflow/.local/lib/python3.7/site-packages/airflow/example_dags/example_branch_day_of_week_operator.py took 0.076 seconds
[2023-03-15T17:03:54.389+0000] {processor.py:154} INFO - Started process (PID=3711) to work on /home/airflow/.local/lib/python3.7/site-packages/airflow/example_dags/example_branch_day_of_week_operator.py
[2023-03-15T17:03:54.390+0000] {processor.py:756} INFO - Processing file /home/airflow/.local/lib/python3.7/site-packages/airflow/example_dags/example_branch_day_of_week_operator.py for tasks to queue
[2023-03-15T17:03:54.391+0000] {logging_mixin.py:120} INFO - [2023-03-15T17:03:54.391+0000] {dagbag.py:537} INFO - Filling up the DagBag from /home/airflow/.local/lib/python3.7/site-packages/airflow/example_dags/example_branch_day_of_week_operator.py
[2023-03-15T17:03:54.402+0000] {processor.py:766} INFO - DAG(s) dict_keys(['example_weekday_branch_operator']) retrieved from /home/airflow/.local/lib/python3.7/site-packages/airflow/example_dags/example_branch_day_of_week_operator.py
[2023-03-15T17:03:54.430+0000] {logging_mixin.py:120} INFO - [2023-03-15T17:03:54.429+0000] {dag.py:2585} INFO - Sync 1 DAGs
[2023-03-15T17:03:54.445+0000] {logging_mixin.py:120} INFO - [2023-03-15T17:03:54.445+0000] {dag.py:3340} INFO - Setting next_dagrun for example_weekday_branch_operator to 2023-03-14T00:00:00+00:00, run_after=2023-03-15T00:00:00+00:00
[2023-03-15T17:03:54.456+0000] {processor.py:176} INFO - Processing /home/airflow/.local/lib/python3.7/site-packages/airflow/example_dags/example_branch_day_of_week_operator.py took 0.070 seconds
[2023-03-15T17:04:24.874+0000] {processor.py:154} INFO - Started process (PID=3775) to work on /home/airflow/.local/lib/python3.7/site-packages/airflow/example_dags/example_branch_day_of_week_operator.py
[2023-03-15T17:04:24.875+0000] {processor.py:756} INFO - Processing file /home/airflow/.local/lib/python3.7/site-packages/airflow/example_dags/example_branch_day_of_week_operator.py for tasks to queue
[2023-03-15T17:04:24.876+0000] {logging_mixin.py:120} INFO - [2023-03-15T17:04:24.876+0000] {dagbag.py:537} INFO - Filling up the DagBag from /home/airflow/.local/lib/python3.7/site-packages/airflow/example_dags/example_branch_day_of_week_operator.py
[2023-03-15T17:04:24.887+0000] {processor.py:766} INFO - DAG(s) dict_keys(['example_weekday_branch_operator']) retrieved from /home/airflow/.local/lib/python3.7/site-packages/airflow/example_dags/example_branch_day_of_week_operator.py
[2023-03-15T17:04:24.914+0000] {logging_mixin.py:120} INFO - [2023-03-15T17:04:24.914+0000] {dag.py:2585} INFO - Sync 1 DAGs
[2023-03-15T17:04:24.929+0000] {logging_mixin.py:120} INFO - [2023-03-15T17:04:24.929+0000] {dag.py:3340} INFO - Setting next_dagrun for example_weekday_branch_operator to 2023-03-14T00:00:00+00:00, run_after=2023-03-15T00:00:00+00:00
[2023-03-15T17:04:24.940+0000] {processor.py:176} INFO - Processing /home/airflow/.local/lib/python3.7/site-packages/airflow/example_dags/example_branch_day_of_week_operator.py took 0.068 seconds
