[2023-03-15T16:01:36.942+0000] {processor.py:154} INFO - Started process (PID=35) to work on /home/airflow/.local/lib/python3.7/site-packages/airflow/example_dags/example_external_task_marker_dag.py
[2023-03-15T16:01:36.955+0000] {processor.py:756} INFO - Processing file /home/airflow/.local/lib/python3.7/site-packages/airflow/example_dags/example_external_task_marker_dag.py for tasks to queue
[2023-03-15T16:01:36.956+0000] {logging_mixin.py:120} INFO - [2023-03-15T16:01:36.955+0000] {dagbag.py:537} INFO - Filling up the DagBag from /home/airflow/.local/lib/python3.7/site-packages/airflow/example_dags/example_external_task_marker_dag.py
[2023-03-15T16:01:36.987+0000] {processor.py:766} INFO - DAG(s) dict_keys(['example_external_task_marker_child', 'example_external_task_marker_parent']) retrieved from /home/airflow/.local/lib/python3.7/site-packages/airflow/example_dags/example_external_task_marker_dag.py
[2023-03-15T16:01:37.176+0000] {logging_mixin.py:120} INFO - [2023-03-15T16:01:37.176+0000] {manager.py:507} INFO - Created Permission View: can read on DAG:example_external_task_marker_child
[2023-03-15T16:01:37.188+0000] {logging_mixin.py:120} INFO - [2023-03-15T16:01:37.188+0000] {manager.py:507} INFO - Created Permission View: can delete on DAG:example_external_task_marker_child
[2023-03-15T16:01:37.196+0000] {logging_mixin.py:120} INFO - [2023-03-15T16:01:37.196+0000] {manager.py:507} INFO - Created Permission View: can edit on DAG:example_external_task_marker_child
[2023-03-15T16:01:37.206+0000] {logging_mixin.py:120} INFO - [2023-03-15T16:01:37.206+0000] {manager.py:507} INFO - Created Permission View: can read on DAG:example_external_task_marker_parent
[2023-03-15T16:01:37.211+0000] {logging_mixin.py:120} INFO - [2023-03-15T16:01:37.211+0000] {manager.py:507} INFO - Created Permission View: can delete on DAG:example_external_task_marker_parent
[2023-03-15T16:01:37.216+0000] {logging_mixin.py:120} INFO - [2023-03-15T16:01:37.216+0000] {manager.py:507} INFO - Created Permission View: can edit on DAG:example_external_task_marker_parent
[2023-03-15T16:01:37.217+0000] {logging_mixin.py:120} INFO - [2023-03-15T16:01:37.217+0000] {dag.py:2585} INFO - Sync 2 DAGs
[2023-03-15T16:01:37.225+0000] {logging_mixin.py:120} INFO - [2023-03-15T16:01:37.225+0000] {dag.py:2606} INFO - Creating ORM DAG for example_external_task_marker_parent
[2023-03-15T16:01:37.226+0000] {logging_mixin.py:120} INFO - [2023-03-15T16:01:37.226+0000] {dag.py:2606} INFO - Creating ORM DAG for example_external_task_marker_child
[2023-03-15T16:01:37.233+0000] {logging_mixin.py:120} INFO - [2023-03-15T16:01:37.233+0000] {dag.py:3340} INFO - Setting next_dagrun for example_external_task_marker_child to None, run_after=None
[2023-03-15T16:01:37.235+0000] {logging_mixin.py:120} INFO - [2023-03-15T16:01:37.234+0000] {dag.py:3340} INFO - Setting next_dagrun for example_external_task_marker_parent to None, run_after=None
[2023-03-15T16:01:37.250+0000] {processor.py:176} INFO - Processing /home/airflow/.local/lib/python3.7/site-packages/airflow/example_dags/example_external_task_marker_dag.py took 0.318 seconds
[2023-03-15T16:02:07.856+0000] {processor.py:154} INFO - Started process (PID=97) to work on /home/airflow/.local/lib/python3.7/site-packages/airflow/example_dags/example_external_task_marker_dag.py
[2023-03-15T16:02:07.858+0000] {processor.py:756} INFO - Processing file /home/airflow/.local/lib/python3.7/site-packages/airflow/example_dags/example_external_task_marker_dag.py for tasks to queue
[2023-03-15T16:02:07.858+0000] {logging_mixin.py:120} INFO - [2023-03-15T16:02:07.858+0000] {dagbag.py:537} INFO - Filling up the DagBag from /home/airflow/.local/lib/python3.7/site-packages/airflow/example_dags/example_external_task_marker_dag.py
[2023-03-15T16:02:07.869+0000] {processor.py:766} INFO - DAG(s) dict_keys(['example_external_task_marker_child', 'example_external_task_marker_parent']) retrieved from /home/airflow/.local/lib/python3.7/site-packages/airflow/example_dags/example_external_task_marker_dag.py
[2023-03-15T16:02:07.986+0000] {logging_mixin.py:120} INFO - [2023-03-15T16:02:07.985+0000] {dag.py:2585} INFO - Sync 2 DAGs
[2023-03-15T16:02:08.006+0000] {logging_mixin.py:120} INFO - [2023-03-15T16:02:08.006+0000] {dag.py:3340} INFO - Setting next_dagrun for example_external_task_marker_child to None, run_after=None
[2023-03-15T16:02:08.009+0000] {logging_mixin.py:120} INFO - [2023-03-15T16:02:08.009+0000] {dag.py:3340} INFO - Setting next_dagrun for example_external_task_marker_parent to None, run_after=None
[2023-03-15T16:02:08.021+0000] {processor.py:176} INFO - Processing /home/airflow/.local/lib/python3.7/site-packages/airflow/example_dags/example_external_task_marker_dag.py took 0.168 seconds
[2023-03-15T16:02:38.725+0000] {processor.py:154} INFO - Started process (PID=159) to work on /home/airflow/.local/lib/python3.7/site-packages/airflow/example_dags/example_external_task_marker_dag.py
[2023-03-15T16:02:38.727+0000] {processor.py:756} INFO - Processing file /home/airflow/.local/lib/python3.7/site-packages/airflow/example_dags/example_external_task_marker_dag.py for tasks to queue
[2023-03-15T16:02:38.729+0000] {logging_mixin.py:120} INFO - [2023-03-15T16:02:38.729+0000] {dagbag.py:537} INFO - Filling up the DagBag from /home/airflow/.local/lib/python3.7/site-packages/airflow/example_dags/example_external_task_marker_dag.py
[2023-03-15T16:02:38.758+0000] {processor.py:766} INFO - DAG(s) dict_keys(['example_external_task_marker_child', 'example_external_task_marker_parent']) retrieved from /home/airflow/.local/lib/python3.7/site-packages/airflow/example_dags/example_external_task_marker_dag.py
[2023-03-15T16:02:39.144+0000] {logging_mixin.py:120} INFO - [2023-03-15T16:02:39.143+0000] {dag.py:2585} INFO - Sync 2 DAGs
[2023-03-15T16:02:39.216+0000] {logging_mixin.py:120} INFO - [2023-03-15T16:02:39.216+0000] {dag.py:3340} INFO - Setting next_dagrun for example_external_task_marker_child to None, run_after=None
[2023-03-15T16:02:39.226+0000] {logging_mixin.py:120} INFO - [2023-03-15T16:02:39.226+0000] {dag.py:3340} INFO - Setting next_dagrun for example_external_task_marker_parent to None, run_after=None
[2023-03-15T16:02:39.265+0000] {processor.py:176} INFO - Processing /home/airflow/.local/lib/python3.7/site-packages/airflow/example_dags/example_external_task_marker_dag.py took 0.543 seconds
[2023-03-15T16:03:09.751+0000] {processor.py:154} INFO - Started process (PID=221) to work on /home/airflow/.local/lib/python3.7/site-packages/airflow/example_dags/example_external_task_marker_dag.py
[2023-03-15T16:03:09.753+0000] {processor.py:756} INFO - Processing file /home/airflow/.local/lib/python3.7/site-packages/airflow/example_dags/example_external_task_marker_dag.py for tasks to queue
[2023-03-15T16:03:09.754+0000] {logging_mixin.py:120} INFO - [2023-03-15T16:03:09.754+0000] {dagbag.py:537} INFO - Filling up the DagBag from /home/airflow/.local/lib/python3.7/site-packages/airflow/example_dags/example_external_task_marker_dag.py
[2023-03-15T16:03:09.765+0000] {processor.py:766} INFO - DAG(s) dict_keys(['example_external_task_marker_child', 'example_external_task_marker_parent']) retrieved from /home/airflow/.local/lib/python3.7/site-packages/airflow/example_dags/example_external_task_marker_dag.py
[2023-03-15T16:03:09.895+0000] {logging_mixin.py:120} INFO - [2023-03-15T16:03:09.895+0000] {dag.py:2585} INFO - Sync 2 DAGs
[2023-03-15T16:03:09.911+0000] {logging_mixin.py:120} INFO - [2023-03-15T16:03:09.911+0000] {dag.py:3340} INFO - Setting next_dagrun for example_external_task_marker_child to None, run_after=None
[2023-03-15T16:03:09.913+0000] {logging_mixin.py:120} INFO - [2023-03-15T16:03:09.913+0000] {dag.py:3340} INFO - Setting next_dagrun for example_external_task_marker_parent to None, run_after=None
[2023-03-15T16:03:09.924+0000] {processor.py:176} INFO - Processing /home/airflow/.local/lib/python3.7/site-packages/airflow/example_dags/example_external_task_marker_dag.py took 0.179 seconds
[2023-03-15T16:03:40.213+0000] {processor.py:154} INFO - Started process (PID=278) to work on /home/airflow/.local/lib/python3.7/site-packages/airflow/example_dags/example_external_task_marker_dag.py
[2023-03-15T16:03:40.216+0000] {processor.py:756} INFO - Processing file /home/airflow/.local/lib/python3.7/site-packages/airflow/example_dags/example_external_task_marker_dag.py for tasks to queue
[2023-03-15T16:03:40.217+0000] {logging_mixin.py:120} INFO - [2023-03-15T16:03:40.217+0000] {dagbag.py:537} INFO - Filling up the DagBag from /home/airflow/.local/lib/python3.7/site-packages/airflow/example_dags/example_external_task_marker_dag.py
[2023-03-15T16:03:40.228+0000] {processor.py:766} INFO - DAG(s) dict_keys(['example_external_task_marker_parent', 'example_external_task_marker_child']) retrieved from /home/airflow/.local/lib/python3.7/site-packages/airflow/example_dags/example_external_task_marker_dag.py
[2023-03-15T16:03:40.333+0000] {logging_mixin.py:120} INFO - [2023-03-15T16:03:40.333+0000] {dag.py:2585} INFO - Sync 2 DAGs
[2023-03-15T16:03:40.349+0000] {logging_mixin.py:120} INFO - [2023-03-15T16:03:40.349+0000] {dag.py:3340} INFO - Setting next_dagrun for example_external_task_marker_child to None, run_after=None
[2023-03-15T16:03:40.352+0000] {logging_mixin.py:120} INFO - [2023-03-15T16:03:40.352+0000] {dag.py:3340} INFO - Setting next_dagrun for example_external_task_marker_parent to None, run_after=None
[2023-03-15T16:03:40.362+0000] {processor.py:176} INFO - Processing /home/airflow/.local/lib/python3.7/site-packages/airflow/example_dags/example_external_task_marker_dag.py took 0.156 seconds
[2023-03-15T16:04:10.550+0000] {processor.py:154} INFO - Started process (PID=341) to work on /home/airflow/.local/lib/python3.7/site-packages/airflow/example_dags/example_external_task_marker_dag.py
[2023-03-15T16:04:10.552+0000] {processor.py:756} INFO - Processing file /home/airflow/.local/lib/python3.7/site-packages/airflow/example_dags/example_external_task_marker_dag.py for tasks to queue
[2023-03-15T16:04:10.553+0000] {logging_mixin.py:120} INFO - [2023-03-15T16:04:10.553+0000] {dagbag.py:537} INFO - Filling up the DagBag from /home/airflow/.local/lib/python3.7/site-packages/airflow/example_dags/example_external_task_marker_dag.py
[2023-03-15T16:04:10.564+0000] {processor.py:766} INFO - DAG(s) dict_keys(['example_external_task_marker_child', 'example_external_task_marker_parent']) retrieved from /home/airflow/.local/lib/python3.7/site-packages/airflow/example_dags/example_external_task_marker_dag.py
[2023-03-15T16:04:10.668+0000] {logging_mixin.py:120} INFO - [2023-03-15T16:04:10.668+0000] {dag.py:2585} INFO - Sync 2 DAGs
[2023-03-15T16:04:10.685+0000] {logging_mixin.py:120} INFO - [2023-03-15T16:04:10.685+0000] {dag.py:3340} INFO - Setting next_dagrun for example_external_task_marker_child to None, run_after=None
[2023-03-15T16:04:10.688+0000] {logging_mixin.py:120} INFO - [2023-03-15T16:04:10.688+0000] {dag.py:3340} INFO - Setting next_dagrun for example_external_task_marker_parent to None, run_after=None
[2023-03-15T16:04:10.699+0000] {processor.py:176} INFO - Processing /home/airflow/.local/lib/python3.7/site-packages/airflow/example_dags/example_external_task_marker_dag.py took 0.152 seconds
[2023-03-15T16:04:40.794+0000] {processor.py:154} INFO - Started process (PID=406) to work on /home/airflow/.local/lib/python3.7/site-packages/airflow/example_dags/example_external_task_marker_dag.py
[2023-03-15T16:04:40.796+0000] {processor.py:756} INFO - Processing file /home/airflow/.local/lib/python3.7/site-packages/airflow/example_dags/example_external_task_marker_dag.py for tasks to queue
[2023-03-15T16:04:40.797+0000] {logging_mixin.py:120} INFO - [2023-03-15T16:04:40.797+0000] {dagbag.py:537} INFO - Filling up the DagBag from /home/airflow/.local/lib/python3.7/site-packages/airflow/example_dags/example_external_task_marker_dag.py
[2023-03-15T16:04:40.812+0000] {processor.py:766} INFO - DAG(s) dict_keys(['example_external_task_marker_child', 'example_external_task_marker_parent']) retrieved from /home/airflow/.local/lib/python3.7/site-packages/airflow/example_dags/example_external_task_marker_dag.py
[2023-03-15T16:04:40.915+0000] {logging_mixin.py:120} INFO - [2023-03-15T16:04:40.915+0000] {dag.py:2585} INFO - Sync 2 DAGs
[2023-03-15T16:04:40.931+0000] {logging_mixin.py:120} INFO - [2023-03-15T16:04:40.931+0000] {dag.py:3340} INFO - Setting next_dagrun for example_external_task_marker_child to None, run_after=None
[2023-03-15T16:04:40.934+0000] {logging_mixin.py:120} INFO - [2023-03-15T16:04:40.934+0000] {dag.py:3340} INFO - Setting next_dagrun for example_external_task_marker_parent to None, run_after=None
[2023-03-15T16:04:40.946+0000] {processor.py:176} INFO - Processing /home/airflow/.local/lib/python3.7/site-packages/airflow/example_dags/example_external_task_marker_dag.py took 0.157 seconds
[2023-03-15T16:05:11.023+0000] {processor.py:154} INFO - Started process (PID=471) to work on /home/airflow/.local/lib/python3.7/site-packages/airflow/example_dags/example_external_task_marker_dag.py
[2023-03-15T16:05:11.025+0000] {processor.py:756} INFO - Processing file /home/airflow/.local/lib/python3.7/site-packages/airflow/example_dags/example_external_task_marker_dag.py for tasks to queue
[2023-03-15T16:05:11.026+0000] {logging_mixin.py:120} INFO - [2023-03-15T16:05:11.025+0000] {dagbag.py:537} INFO - Filling up the DagBag from /home/airflow/.local/lib/python3.7/site-packages/airflow/example_dags/example_external_task_marker_dag.py
[2023-03-15T16:05:11.037+0000] {processor.py:766} INFO - DAG(s) dict_keys(['example_external_task_marker_parent', 'example_external_task_marker_child']) retrieved from /home/airflow/.local/lib/python3.7/site-packages/airflow/example_dags/example_external_task_marker_dag.py
[2023-03-15T16:05:11.174+0000] {logging_mixin.py:120} INFO - [2023-03-15T16:05:11.174+0000] {dag.py:2585} INFO - Sync 2 DAGs
[2023-03-15T16:05:11.192+0000] {logging_mixin.py:120} INFO - [2023-03-15T16:05:11.192+0000] {dag.py:3340} INFO - Setting next_dagrun for example_external_task_marker_child to None, run_after=None
[2023-03-15T16:05:11.198+0000] {logging_mixin.py:120} INFO - [2023-03-15T16:05:11.197+0000] {dag.py:3340} INFO - Setting next_dagrun for example_external_task_marker_parent to None, run_after=None
[2023-03-15T16:05:11.214+0000] {processor.py:176} INFO - Processing /home/airflow/.local/lib/python3.7/site-packages/airflow/example_dags/example_external_task_marker_dag.py took 0.194 seconds
[2023-03-15T16:05:41.704+0000] {processor.py:154} INFO - Started process (PID=524) to work on /home/airflow/.local/lib/python3.7/site-packages/airflow/example_dags/example_external_task_marker_dag.py
[2023-03-15T16:05:41.705+0000] {processor.py:756} INFO - Processing file /home/airflow/.local/lib/python3.7/site-packages/airflow/example_dags/example_external_task_marker_dag.py for tasks to queue
[2023-03-15T16:05:41.706+0000] {logging_mixin.py:120} INFO - [2023-03-15T16:05:41.706+0000] {dagbag.py:537} INFO - Filling up the DagBag from /home/airflow/.local/lib/python3.7/site-packages/airflow/example_dags/example_external_task_marker_dag.py
[2023-03-15T16:05:41.716+0000] {processor.py:766} INFO - DAG(s) dict_keys(['example_external_task_marker_parent', 'example_external_task_marker_child']) retrieved from /home/airflow/.local/lib/python3.7/site-packages/airflow/example_dags/example_external_task_marker_dag.py
[2023-03-15T16:05:41.738+0000] {logging_mixin.py:120} INFO - [2023-03-15T16:05:41.738+0000] {dag.py:2585} INFO - Sync 2 DAGs
[2023-03-15T16:05:41.755+0000] {logging_mixin.py:120} INFO - [2023-03-15T16:05:41.755+0000] {dag.py:3340} INFO - Setting next_dagrun for example_external_task_marker_child to None, run_after=None
[2023-03-15T16:05:41.758+0000] {logging_mixin.py:120} INFO - [2023-03-15T16:05:41.758+0000] {dag.py:3340} INFO - Setting next_dagrun for example_external_task_marker_parent to None, run_after=None
[2023-03-15T16:05:41.775+0000] {processor.py:176} INFO - Processing /home/airflow/.local/lib/python3.7/site-packages/airflow/example_dags/example_external_task_marker_dag.py took 0.073 seconds
[2023-03-15T16:06:11.941+0000] {processor.py:154} INFO - Started process (PID=586) to work on /home/airflow/.local/lib/python3.7/site-packages/airflow/example_dags/example_external_task_marker_dag.py
[2023-03-15T16:06:11.943+0000] {processor.py:756} INFO - Processing file /home/airflow/.local/lib/python3.7/site-packages/airflow/example_dags/example_external_task_marker_dag.py for tasks to queue
[2023-03-15T16:06:11.944+0000] {logging_mixin.py:120} INFO - [2023-03-15T16:06:11.944+0000] {dagbag.py:537} INFO - Filling up the DagBag from /home/airflow/.local/lib/python3.7/site-packages/airflow/example_dags/example_external_task_marker_dag.py
[2023-03-15T16:06:11.955+0000] {processor.py:766} INFO - DAG(s) dict_keys(['example_external_task_marker_parent', 'example_external_task_marker_child']) retrieved from /home/airflow/.local/lib/python3.7/site-packages/airflow/example_dags/example_external_task_marker_dag.py
[2023-03-15T16:06:12.065+0000] {logging_mixin.py:120} INFO - [2023-03-15T16:06:12.065+0000] {dag.py:2585} INFO - Sync 2 DAGs
[2023-03-15T16:06:12.082+0000] {logging_mixin.py:120} INFO - [2023-03-15T16:06:12.082+0000] {dag.py:3340} INFO - Setting next_dagrun for example_external_task_marker_child to None, run_after=None
[2023-03-15T16:06:12.084+0000] {logging_mixin.py:120} INFO - [2023-03-15T16:06:12.084+0000] {dag.py:3340} INFO - Setting next_dagrun for example_external_task_marker_parent to None, run_after=None
[2023-03-15T16:06:12.096+0000] {processor.py:176} INFO - Processing /home/airflow/.local/lib/python3.7/site-packages/airflow/example_dags/example_external_task_marker_dag.py took 0.157 seconds
[2023-03-15T16:06:42.169+0000] {processor.py:154} INFO - Started process (PID=651) to work on /home/airflow/.local/lib/python3.7/site-packages/airflow/example_dags/example_external_task_marker_dag.py
[2023-03-15T16:06:42.170+0000] {processor.py:756} INFO - Processing file /home/airflow/.local/lib/python3.7/site-packages/airflow/example_dags/example_external_task_marker_dag.py for tasks to queue
[2023-03-15T16:06:42.171+0000] {logging_mixin.py:120} INFO - [2023-03-15T16:06:42.171+0000] {dagbag.py:537} INFO - Filling up the DagBag from /home/airflow/.local/lib/python3.7/site-packages/airflow/example_dags/example_external_task_marker_dag.py
[2023-03-15T16:06:42.182+0000] {processor.py:766} INFO - DAG(s) dict_keys(['example_external_task_marker_child', 'example_external_task_marker_parent']) retrieved from /home/airflow/.local/lib/python3.7/site-packages/airflow/example_dags/example_external_task_marker_dag.py
[2023-03-15T16:06:42.285+0000] {logging_mixin.py:120} INFO - [2023-03-15T16:06:42.285+0000] {dag.py:2585} INFO - Sync 2 DAGs
[2023-03-15T16:06:42.302+0000] {logging_mixin.py:120} INFO - [2023-03-15T16:06:42.302+0000] {dag.py:3340} INFO - Setting next_dagrun for example_external_task_marker_child to None, run_after=None
[2023-03-15T16:06:42.305+0000] {logging_mixin.py:120} INFO - [2023-03-15T16:06:42.305+0000] {dag.py:3340} INFO - Setting next_dagrun for example_external_task_marker_parent to None, run_after=None
[2023-03-15T16:06:42.317+0000] {processor.py:176} INFO - Processing /home/airflow/.local/lib/python3.7/site-packages/airflow/example_dags/example_external_task_marker_dag.py took 0.151 seconds
[2023-03-15T16:07:12.661+0000] {processor.py:154} INFO - Started process (PID=717) to work on /home/airflow/.local/lib/python3.7/site-packages/airflow/example_dags/example_external_task_marker_dag.py
[2023-03-15T16:07:12.662+0000] {processor.py:756} INFO - Processing file /home/airflow/.local/lib/python3.7/site-packages/airflow/example_dags/example_external_task_marker_dag.py for tasks to queue
[2023-03-15T16:07:12.663+0000] {logging_mixin.py:120} INFO - [2023-03-15T16:07:12.663+0000] {dagbag.py:537} INFO - Filling up the DagBag from /home/airflow/.local/lib/python3.7/site-packages/airflow/example_dags/example_external_task_marker_dag.py
[2023-03-15T16:07:12.673+0000] {processor.py:766} INFO - DAG(s) dict_keys(['example_external_task_marker_child', 'example_external_task_marker_parent']) retrieved from /home/airflow/.local/lib/python3.7/site-packages/airflow/example_dags/example_external_task_marker_dag.py
[2023-03-15T16:07:12.775+0000] {logging_mixin.py:120} INFO - [2023-03-15T16:07:12.775+0000] {dag.py:2585} INFO - Sync 2 DAGs
[2023-03-15T16:07:12.790+0000] {logging_mixin.py:120} INFO - [2023-03-15T16:07:12.790+0000] {dag.py:3340} INFO - Setting next_dagrun for example_external_task_marker_child to None, run_after=None
[2023-03-15T16:07:12.793+0000] {logging_mixin.py:120} INFO - [2023-03-15T16:07:12.793+0000] {dag.py:3340} INFO - Setting next_dagrun for example_external_task_marker_parent to None, run_after=None
[2023-03-15T16:07:12.804+0000] {processor.py:176} INFO - Processing /home/airflow/.local/lib/python3.7/site-packages/airflow/example_dags/example_external_task_marker_dag.py took 0.146 seconds
[2023-03-15T16:07:42.911+0000] {processor.py:154} INFO - Started process (PID=782) to work on /home/airflow/.local/lib/python3.7/site-packages/airflow/example_dags/example_external_task_marker_dag.py
[2023-03-15T16:07:42.913+0000] {processor.py:756} INFO - Processing file /home/airflow/.local/lib/python3.7/site-packages/airflow/example_dags/example_external_task_marker_dag.py for tasks to queue
[2023-03-15T16:07:42.914+0000] {logging_mixin.py:120} INFO - [2023-03-15T16:07:42.914+0000] {dagbag.py:537} INFO - Filling up the DagBag from /home/airflow/.local/lib/python3.7/site-packages/airflow/example_dags/example_external_task_marker_dag.py
[2023-03-15T16:07:42.927+0000] {processor.py:766} INFO - DAG(s) dict_keys(['example_external_task_marker_child', 'example_external_task_marker_parent']) retrieved from /home/airflow/.local/lib/python3.7/site-packages/airflow/example_dags/example_external_task_marker_dag.py
[2023-03-15T16:07:43.048+0000] {logging_mixin.py:120} INFO - [2023-03-15T16:07:43.047+0000] {dag.py:2585} INFO - Sync 2 DAGs
[2023-03-15T16:07:43.068+0000] {logging_mixin.py:120} INFO - [2023-03-15T16:07:43.068+0000] {dag.py:3340} INFO - Setting next_dagrun for example_external_task_marker_child to None, run_after=None
[2023-03-15T16:07:43.071+0000] {logging_mixin.py:120} INFO - [2023-03-15T16:07:43.071+0000] {dag.py:3340} INFO - Setting next_dagrun for example_external_task_marker_parent to None, run_after=None
[2023-03-15T16:07:43.086+0000] {processor.py:176} INFO - Processing /home/airflow/.local/lib/python3.7/site-packages/airflow/example_dags/example_external_task_marker_dag.py took 0.178 seconds
[2023-03-15T16:08:13.621+0000] {processor.py:154} INFO - Started process (PID=846) to work on /home/airflow/.local/lib/python3.7/site-packages/airflow/example_dags/example_external_task_marker_dag.py
[2023-03-15T16:08:13.623+0000] {processor.py:756} INFO - Processing file /home/airflow/.local/lib/python3.7/site-packages/airflow/example_dags/example_external_task_marker_dag.py for tasks to queue
[2023-03-15T16:08:13.624+0000] {logging_mixin.py:120} INFO - [2023-03-15T16:08:13.624+0000] {dagbag.py:537} INFO - Filling up the DagBag from /home/airflow/.local/lib/python3.7/site-packages/airflow/example_dags/example_external_task_marker_dag.py
[2023-03-15T16:08:13.637+0000] {processor.py:766} INFO - DAG(s) dict_keys(['example_external_task_marker_parent', 'example_external_task_marker_child']) retrieved from /home/airflow/.local/lib/python3.7/site-packages/airflow/example_dags/example_external_task_marker_dag.py
[2023-03-15T16:08:13.773+0000] {logging_mixin.py:120} INFO - [2023-03-15T16:08:13.772+0000] {dag.py:2585} INFO - Sync 2 DAGs
[2023-03-15T16:08:13.794+0000] {logging_mixin.py:120} INFO - [2023-03-15T16:08:13.794+0000] {dag.py:3340} INFO - Setting next_dagrun for example_external_task_marker_child to None, run_after=None
[2023-03-15T16:08:13.799+0000] {logging_mixin.py:120} INFO - [2023-03-15T16:08:13.799+0000] {dag.py:3340} INFO - Setting next_dagrun for example_external_task_marker_parent to None, run_after=None
[2023-03-15T16:08:13.814+0000] {processor.py:176} INFO - Processing /home/airflow/.local/lib/python3.7/site-packages/airflow/example_dags/example_external_task_marker_dag.py took 0.196 seconds
[2023-03-15T16:08:44.238+0000] {processor.py:154} INFO - Started process (PID=971) to work on /home/airflow/.local/lib/python3.7/site-packages/airflow/example_dags/example_external_task_marker_dag.py
[2023-03-15T16:08:44.242+0000] {processor.py:756} INFO - Processing file /home/airflow/.local/lib/python3.7/site-packages/airflow/example_dags/example_external_task_marker_dag.py for tasks to queue
[2023-03-15T16:08:44.245+0000] {logging_mixin.py:120} INFO - [2023-03-15T16:08:44.245+0000] {dagbag.py:537} INFO - Filling up the DagBag from /home/airflow/.local/lib/python3.7/site-packages/airflow/example_dags/example_external_task_marker_dag.py
[2023-03-15T16:08:44.276+0000] {processor.py:766} INFO - DAG(s) dict_keys(['example_external_task_marker_parent', 'example_external_task_marker_child']) retrieved from /home/airflow/.local/lib/python3.7/site-packages/airflow/example_dags/example_external_task_marker_dag.py
[2023-03-15T16:08:44.521+0000] {logging_mixin.py:120} INFO - [2023-03-15T16:08:44.521+0000] {dag.py:2585} INFO - Sync 2 DAGs
[2023-03-15T16:08:44.545+0000] {logging_mixin.py:120} INFO - [2023-03-15T16:08:44.545+0000] {dag.py:3340} INFO - Setting next_dagrun for example_external_task_marker_child to None, run_after=None
[2023-03-15T16:08:44.549+0000] {logging_mixin.py:120} INFO - [2023-03-15T16:08:44.549+0000] {dag.py:3340} INFO - Setting next_dagrun for example_external_task_marker_parent to None, run_after=None
[2023-03-15T16:08:44.563+0000] {processor.py:176} INFO - Processing /home/airflow/.local/lib/python3.7/site-packages/airflow/example_dags/example_external_task_marker_dag.py took 0.327 seconds
[2023-03-15T16:09:14.888+0000] {processor.py:154} INFO - Started process (PID=1162) to work on /home/airflow/.local/lib/python3.7/site-packages/airflow/example_dags/example_external_task_marker_dag.py
[2023-03-15T16:09:14.891+0000] {processor.py:756} INFO - Processing file /home/airflow/.local/lib/python3.7/site-packages/airflow/example_dags/example_external_task_marker_dag.py for tasks to queue
[2023-03-15T16:09:14.892+0000] {logging_mixin.py:120} INFO - [2023-03-15T16:09:14.892+0000] {dagbag.py:537} INFO - Filling up the DagBag from /home/airflow/.local/lib/python3.7/site-packages/airflow/example_dags/example_external_task_marker_dag.py
[2023-03-15T16:09:14.909+0000] {processor.py:766} INFO - DAG(s) dict_keys(['example_external_task_marker_child', 'example_external_task_marker_parent']) retrieved from /home/airflow/.local/lib/python3.7/site-packages/airflow/example_dags/example_external_task_marker_dag.py
[2023-03-15T16:09:15.072+0000] {logging_mixin.py:120} INFO - [2023-03-15T16:09:15.072+0000] {dag.py:2585} INFO - Sync 2 DAGs
[2023-03-15T16:09:15.093+0000] {logging_mixin.py:120} INFO - [2023-03-15T16:09:15.093+0000] {dag.py:3340} INFO - Setting next_dagrun for example_external_task_marker_child to None, run_after=None
[2023-03-15T16:09:15.098+0000] {logging_mixin.py:120} INFO - [2023-03-15T16:09:15.097+0000] {dag.py:3340} INFO - Setting next_dagrun for example_external_task_marker_parent to None, run_after=None
[2023-03-15T16:09:15.114+0000] {processor.py:176} INFO - Processing /home/airflow/.local/lib/python3.7/site-packages/airflow/example_dags/example_external_task_marker_dag.py took 0.229 seconds
[2023-03-15T16:09:45.243+0000] {processor.py:154} INFO - Started process (PID=1370) to work on /home/airflow/.local/lib/python3.7/site-packages/airflow/example_dags/example_external_task_marker_dag.py
[2023-03-15T16:09:45.246+0000] {processor.py:756} INFO - Processing file /home/airflow/.local/lib/python3.7/site-packages/airflow/example_dags/example_external_task_marker_dag.py for tasks to queue
[2023-03-15T16:09:45.247+0000] {logging_mixin.py:120} INFO - [2023-03-15T16:09:45.247+0000] {dagbag.py:537} INFO - Filling up the DagBag from /home/airflow/.local/lib/python3.7/site-packages/airflow/example_dags/example_external_task_marker_dag.py
[2023-03-15T16:09:45.278+0000] {processor.py:766} INFO - DAG(s) dict_keys(['example_external_task_marker_parent', 'example_external_task_marker_child']) retrieved from /home/airflow/.local/lib/python3.7/site-packages/airflow/example_dags/example_external_task_marker_dag.py
[2023-03-15T16:09:45.431+0000] {logging_mixin.py:120} INFO - [2023-03-15T16:09:45.431+0000] {dag.py:2585} INFO - Sync 2 DAGs
[2023-03-15T16:09:45.451+0000] {logging_mixin.py:120} INFO - [2023-03-15T16:09:45.451+0000] {dag.py:3340} INFO - Setting next_dagrun for example_external_task_marker_child to None, run_after=None
[2023-03-15T16:09:45.455+0000] {logging_mixin.py:120} INFO - [2023-03-15T16:09:45.455+0000] {dag.py:3340} INFO - Setting next_dagrun for example_external_task_marker_parent to None, run_after=None
[2023-03-15T16:09:45.467+0000] {processor.py:176} INFO - Processing /home/airflow/.local/lib/python3.7/site-packages/airflow/example_dags/example_external_task_marker_dag.py took 0.232 seconds
[2023-03-15T16:10:15.746+0000] {processor.py:154} INFO - Started process (PID=1590) to work on /home/airflow/.local/lib/python3.7/site-packages/airflow/example_dags/example_external_task_marker_dag.py
[2023-03-15T16:10:15.749+0000] {processor.py:756} INFO - Processing file /home/airflow/.local/lib/python3.7/site-packages/airflow/example_dags/example_external_task_marker_dag.py for tasks to queue
[2023-03-15T16:10:15.750+0000] {logging_mixin.py:120} INFO - [2023-03-15T16:10:15.750+0000] {dagbag.py:537} INFO - Filling up the DagBag from /home/airflow/.local/lib/python3.7/site-packages/airflow/example_dags/example_external_task_marker_dag.py
[2023-03-15T16:10:15.769+0000] {processor.py:766} INFO - DAG(s) dict_keys(['example_external_task_marker_child', 'example_external_task_marker_parent']) retrieved from /home/airflow/.local/lib/python3.7/site-packages/airflow/example_dags/example_external_task_marker_dag.py
[2023-03-15T16:10:16.111+0000] {logging_mixin.py:120} INFO - [2023-03-15T16:10:16.111+0000] {dag.py:2585} INFO - Sync 2 DAGs
[2023-03-15T16:10:16.137+0000] {logging_mixin.py:120} INFO - [2023-03-15T16:10:16.136+0000] {dag.py:3340} INFO - Setting next_dagrun for example_external_task_marker_child to None, run_after=None
[2023-03-15T16:10:16.139+0000] {logging_mixin.py:120} INFO - [2023-03-15T16:10:16.139+0000] {dag.py:3340} INFO - Setting next_dagrun for example_external_task_marker_parent to None, run_after=None
[2023-03-15T16:10:16.152+0000] {processor.py:176} INFO - Processing /home/airflow/.local/lib/python3.7/site-packages/airflow/example_dags/example_external_task_marker_dag.py took 0.413 seconds
[2023-03-15T16:10:46.230+0000] {processor.py:154} INFO - Started process (PID=1817) to work on /home/airflow/.local/lib/python3.7/site-packages/airflow/example_dags/example_external_task_marker_dag.py
[2023-03-15T16:10:46.232+0000] {processor.py:756} INFO - Processing file /home/airflow/.local/lib/python3.7/site-packages/airflow/example_dags/example_external_task_marker_dag.py for tasks to queue
[2023-03-15T16:10:46.233+0000] {logging_mixin.py:120} INFO - [2023-03-15T16:10:46.233+0000] {dagbag.py:537} INFO - Filling up the DagBag from /home/airflow/.local/lib/python3.7/site-packages/airflow/example_dags/example_external_task_marker_dag.py
[2023-03-15T16:10:46.251+0000] {processor.py:766} INFO - DAG(s) dict_keys(['example_external_task_marker_parent', 'example_external_task_marker_child']) retrieved from /home/airflow/.local/lib/python3.7/site-packages/airflow/example_dags/example_external_task_marker_dag.py
[2023-03-15T16:10:46.449+0000] {logging_mixin.py:120} INFO - [2023-03-15T16:10:46.449+0000] {dag.py:2585} INFO - Sync 2 DAGs
[2023-03-15T16:10:46.492+0000] {logging_mixin.py:120} INFO - [2023-03-15T16:10:46.492+0000] {dag.py:3340} INFO - Setting next_dagrun for example_external_task_marker_child to None, run_after=None
[2023-03-15T16:10:46.494+0000] {logging_mixin.py:120} INFO - [2023-03-15T16:10:46.494+0000] {dag.py:3340} INFO - Setting next_dagrun for example_external_task_marker_parent to None, run_after=None
[2023-03-15T16:10:46.522+0000] {processor.py:176} INFO - Processing /home/airflow/.local/lib/python3.7/site-packages/airflow/example_dags/example_external_task_marker_dag.py took 0.294 seconds
[2023-03-15T16:11:16.653+0000] {processor.py:154} INFO - Started process (PID=2026) to work on /home/airflow/.local/lib/python3.7/site-packages/airflow/example_dags/example_external_task_marker_dag.py
[2023-03-15T16:11:16.658+0000] {processor.py:756} INFO - Processing file /home/airflow/.local/lib/python3.7/site-packages/airflow/example_dags/example_external_task_marker_dag.py for tasks to queue
[2023-03-15T16:11:16.660+0000] {logging_mixin.py:120} INFO - [2023-03-15T16:11:16.660+0000] {dagbag.py:537} INFO - Filling up the DagBag from /home/airflow/.local/lib/python3.7/site-packages/airflow/example_dags/example_external_task_marker_dag.py
[2023-03-15T16:11:16.677+0000] {processor.py:766} INFO - DAG(s) dict_keys(['example_external_task_marker_child', 'example_external_task_marker_parent']) retrieved from /home/airflow/.local/lib/python3.7/site-packages/airflow/example_dags/example_external_task_marker_dag.py
[2023-03-15T16:11:16.814+0000] {logging_mixin.py:120} INFO - [2023-03-15T16:11:16.814+0000] {dag.py:2585} INFO - Sync 2 DAGs
[2023-03-15T16:11:16.831+0000] {logging_mixin.py:120} INFO - [2023-03-15T16:11:16.831+0000] {dag.py:3340} INFO - Setting next_dagrun for example_external_task_marker_child to None, run_after=None
[2023-03-15T16:11:16.835+0000] {logging_mixin.py:120} INFO - [2023-03-15T16:11:16.835+0000] {dag.py:3340} INFO - Setting next_dagrun for example_external_task_marker_parent to None, run_after=None
[2023-03-15T16:11:16.847+0000] {processor.py:176} INFO - Processing /home/airflow/.local/lib/python3.7/site-packages/airflow/example_dags/example_external_task_marker_dag.py took 0.201 seconds
[2023-03-15T16:11:47.222+0000] {processor.py:154} INFO - Started process (PID=2230) to work on /home/airflow/.local/lib/python3.7/site-packages/airflow/example_dags/example_external_task_marker_dag.py
[2023-03-15T16:11:47.223+0000] {processor.py:756} INFO - Processing file /home/airflow/.local/lib/python3.7/site-packages/airflow/example_dags/example_external_task_marker_dag.py for tasks to queue
[2023-03-15T16:11:47.224+0000] {logging_mixin.py:120} INFO - [2023-03-15T16:11:47.224+0000] {dagbag.py:537} INFO - Filling up the DagBag from /home/airflow/.local/lib/python3.7/site-packages/airflow/example_dags/example_external_task_marker_dag.py
[2023-03-15T16:11:47.234+0000] {processor.py:766} INFO - DAG(s) dict_keys(['example_external_task_marker_child', 'example_external_task_marker_parent']) retrieved from /home/airflow/.local/lib/python3.7/site-packages/airflow/example_dags/example_external_task_marker_dag.py
[2023-03-15T16:11:47.337+0000] {logging_mixin.py:120} INFO - [2023-03-15T16:11:47.337+0000] {dag.py:2585} INFO - Sync 2 DAGs
[2023-03-15T16:11:47.353+0000] {logging_mixin.py:120} INFO - [2023-03-15T16:11:47.353+0000] {dag.py:3340} INFO - Setting next_dagrun for example_external_task_marker_child to None, run_after=None
[2023-03-15T16:11:47.355+0000] {logging_mixin.py:120} INFO - [2023-03-15T16:11:47.355+0000] {dag.py:3340} INFO - Setting next_dagrun for example_external_task_marker_parent to None, run_after=None
[2023-03-15T16:11:47.366+0000] {processor.py:176} INFO - Processing /home/airflow/.local/lib/python3.7/site-packages/airflow/example_dags/example_external_task_marker_dag.py took 0.147 seconds
[2023-03-15T16:12:17.946+0000] {processor.py:154} INFO - Started process (PID=2448) to work on /home/airflow/.local/lib/python3.7/site-packages/airflow/example_dags/example_external_task_marker_dag.py
[2023-03-15T16:12:17.948+0000] {processor.py:756} INFO - Processing file /home/airflow/.local/lib/python3.7/site-packages/airflow/example_dags/example_external_task_marker_dag.py for tasks to queue
[2023-03-15T16:12:17.949+0000] {logging_mixin.py:120} INFO - [2023-03-15T16:12:17.949+0000] {dagbag.py:537} INFO - Filling up the DagBag from /home/airflow/.local/lib/python3.7/site-packages/airflow/example_dags/example_external_task_marker_dag.py
[2023-03-15T16:12:17.965+0000] {processor.py:766} INFO - DAG(s) dict_keys(['example_external_task_marker_parent', 'example_external_task_marker_child']) retrieved from /home/airflow/.local/lib/python3.7/site-packages/airflow/example_dags/example_external_task_marker_dag.py
[2023-03-15T16:12:18.138+0000] {logging_mixin.py:120} INFO - [2023-03-15T16:12:18.138+0000] {dag.py:2585} INFO - Sync 2 DAGs
[2023-03-15T16:12:18.161+0000] {logging_mixin.py:120} INFO - [2023-03-15T16:12:18.161+0000] {dag.py:3340} INFO - Setting next_dagrun for example_external_task_marker_child to None, run_after=None
[2023-03-15T16:12:18.164+0000] {logging_mixin.py:120} INFO - [2023-03-15T16:12:18.164+0000] {dag.py:3340} INFO - Setting next_dagrun for example_external_task_marker_parent to None, run_after=None
[2023-03-15T16:12:18.177+0000] {processor.py:176} INFO - Processing /home/airflow/.local/lib/python3.7/site-packages/airflow/example_dags/example_external_task_marker_dag.py took 0.236 seconds
[2023-03-15T16:12:48.969+0000] {processor.py:154} INFO - Started process (PID=2652) to work on /home/airflow/.local/lib/python3.7/site-packages/airflow/example_dags/example_external_task_marker_dag.py
[2023-03-15T16:12:48.971+0000] {processor.py:756} INFO - Processing file /home/airflow/.local/lib/python3.7/site-packages/airflow/example_dags/example_external_task_marker_dag.py for tasks to queue
[2023-03-15T16:12:48.972+0000] {logging_mixin.py:120} INFO - [2023-03-15T16:12:48.971+0000] {dagbag.py:537} INFO - Filling up the DagBag from /home/airflow/.local/lib/python3.7/site-packages/airflow/example_dags/example_external_task_marker_dag.py
[2023-03-15T16:12:48.982+0000] {processor.py:766} INFO - DAG(s) dict_keys(['example_external_task_marker_parent', 'example_external_task_marker_child']) retrieved from /home/airflow/.local/lib/python3.7/site-packages/airflow/example_dags/example_external_task_marker_dag.py
[2023-03-15T16:12:49.091+0000] {logging_mixin.py:120} INFO - [2023-03-15T16:12:49.091+0000] {dag.py:2585} INFO - Sync 2 DAGs
[2023-03-15T16:12:49.109+0000] {logging_mixin.py:120} INFO - [2023-03-15T16:12:49.109+0000] {dag.py:3340} INFO - Setting next_dagrun for example_external_task_marker_child to None, run_after=None
[2023-03-15T16:12:49.112+0000] {logging_mixin.py:120} INFO - [2023-03-15T16:12:49.112+0000] {dag.py:3340} INFO - Setting next_dagrun for example_external_task_marker_parent to None, run_after=None
[2023-03-15T16:12:49.125+0000] {processor.py:176} INFO - Processing /home/airflow/.local/lib/python3.7/site-packages/airflow/example_dags/example_external_task_marker_dag.py took 0.159 seconds
[2023-03-15T16:13:19.775+0000] {processor.py:154} INFO - Started process (PID=2849) to work on /home/airflow/.local/lib/python3.7/site-packages/airflow/example_dags/example_external_task_marker_dag.py
[2023-03-15T16:13:19.777+0000] {processor.py:756} INFO - Processing file /home/airflow/.local/lib/python3.7/site-packages/airflow/example_dags/example_external_task_marker_dag.py for tasks to queue
[2023-03-15T16:13:19.778+0000] {logging_mixin.py:120} INFO - [2023-03-15T16:13:19.777+0000] {dagbag.py:537} INFO - Filling up the DagBag from /home/airflow/.local/lib/python3.7/site-packages/airflow/example_dags/example_external_task_marker_dag.py
[2023-03-15T16:13:19.787+0000] {processor.py:766} INFO - DAG(s) dict_keys(['example_external_task_marker_child', 'example_external_task_marker_parent']) retrieved from /home/airflow/.local/lib/python3.7/site-packages/airflow/example_dags/example_external_task_marker_dag.py
[2023-03-15T16:13:19.914+0000] {logging_mixin.py:120} INFO - [2023-03-15T16:13:19.913+0000] {dag.py:2585} INFO - Sync 2 DAGs
[2023-03-15T16:13:19.936+0000] {logging_mixin.py:120} INFO - [2023-03-15T16:13:19.936+0000] {dag.py:3340} INFO - Setting next_dagrun for example_external_task_marker_child to None, run_after=None
[2023-03-15T16:13:19.939+0000] {logging_mixin.py:120} INFO - [2023-03-15T16:13:19.939+0000] {dag.py:3340} INFO - Setting next_dagrun for example_external_task_marker_parent to None, run_after=None
[2023-03-15T16:13:19.951+0000] {processor.py:176} INFO - Processing /home/airflow/.local/lib/python3.7/site-packages/airflow/example_dags/example_external_task_marker_dag.py took 0.179 seconds
[2023-03-15T16:29:46.563+0000] {processor.py:154} INFO - Started process (PID=2891) to work on /home/airflow/.local/lib/python3.7/site-packages/airflow/example_dags/example_external_task_marker_dag.py
[2023-03-15T16:29:46.567+0000] {processor.py:756} INFO - Processing file /home/airflow/.local/lib/python3.7/site-packages/airflow/example_dags/example_external_task_marker_dag.py for tasks to queue
[2023-03-15T16:29:46.568+0000] {logging_mixin.py:120} INFO - [2023-03-15T16:29:46.568+0000] {dagbag.py:537} INFO - Filling up the DagBag from /home/airflow/.local/lib/python3.7/site-packages/airflow/example_dags/example_external_task_marker_dag.py
[2023-03-15T16:29:46.599+0000] {processor.py:766} INFO - DAG(s) dict_keys(['example_external_task_marker_parent', 'example_external_task_marker_child']) retrieved from /home/airflow/.local/lib/python3.7/site-packages/airflow/example_dags/example_external_task_marker_dag.py
[2023-03-15T16:29:46.840+0000] {logging_mixin.py:120} INFO - [2023-03-15T16:29:46.840+0000] {dag.py:2585} INFO - Sync 2 DAGs
[2023-03-15T16:29:46.882+0000] {logging_mixin.py:120} INFO - [2023-03-15T16:29:46.881+0000] {dag.py:3340} INFO - Setting next_dagrun for example_external_task_marker_child to None, run_after=None
[2023-03-15T16:29:46.886+0000] {logging_mixin.py:120} INFO - [2023-03-15T16:29:46.886+0000] {dag.py:3340} INFO - Setting next_dagrun for example_external_task_marker_parent to None, run_after=None
[2023-03-15T16:29:46.912+0000] {processor.py:176} INFO - Processing /home/airflow/.local/lib/python3.7/site-packages/airflow/example_dags/example_external_task_marker_dag.py took 0.357 seconds
[2023-03-15T16:30:17.934+0000] {processor.py:154} INFO - Started process (PID=2946) to work on /home/airflow/.local/lib/python3.7/site-packages/airflow/example_dags/example_external_task_marker_dag.py
[2023-03-15T16:30:17.935+0000] {processor.py:756} INFO - Processing file /home/airflow/.local/lib/python3.7/site-packages/airflow/example_dags/example_external_task_marker_dag.py for tasks to queue
[2023-03-15T16:30:17.936+0000] {logging_mixin.py:120} INFO - [2023-03-15T16:30:17.936+0000] {dagbag.py:537} INFO - Filling up the DagBag from /home/airflow/.local/lib/python3.7/site-packages/airflow/example_dags/example_external_task_marker_dag.py
[2023-03-15T16:30:17.946+0000] {processor.py:766} INFO - DAG(s) dict_keys(['example_external_task_marker_child', 'example_external_task_marker_parent']) retrieved from /home/airflow/.local/lib/python3.7/site-packages/airflow/example_dags/example_external_task_marker_dag.py
[2023-03-15T16:30:18.044+0000] {logging_mixin.py:120} INFO - [2023-03-15T16:30:18.044+0000] {dag.py:2585} INFO - Sync 2 DAGs
[2023-03-15T16:30:18.059+0000] {logging_mixin.py:120} INFO - [2023-03-15T16:30:18.059+0000] {dag.py:3340} INFO - Setting next_dagrun for example_external_task_marker_child to None, run_after=None
[2023-03-15T16:30:18.061+0000] {logging_mixin.py:120} INFO - [2023-03-15T16:30:18.061+0000] {dag.py:3340} INFO - Setting next_dagrun for example_external_task_marker_parent to None, run_after=None
[2023-03-15T16:30:18.071+0000] {processor.py:176} INFO - Processing /home/airflow/.local/lib/python3.7/site-packages/airflow/example_dags/example_external_task_marker_dag.py took 0.141 seconds
[2023-03-15T16:47:12.451+0000] {processor.py:154} INFO - Started process (PID=3012) to work on /home/airflow/.local/lib/python3.7/site-packages/airflow/example_dags/example_external_task_marker_dag.py
[2023-03-15T16:47:12.455+0000] {processor.py:756} INFO - Processing file /home/airflow/.local/lib/python3.7/site-packages/airflow/example_dags/example_external_task_marker_dag.py for tasks to queue
[2023-03-15T16:47:12.457+0000] {logging_mixin.py:120} INFO - [2023-03-15T16:47:12.456+0000] {dagbag.py:537} INFO - Filling up the DagBag from /home/airflow/.local/lib/python3.7/site-packages/airflow/example_dags/example_external_task_marker_dag.py
[2023-03-15T16:47:12.470+0000] {processor.py:766} INFO - DAG(s) dict_keys(['example_external_task_marker_child', 'example_external_task_marker_parent']) retrieved from /home/airflow/.local/lib/python3.7/site-packages/airflow/example_dags/example_external_task_marker_dag.py
[2023-03-15T16:47:12.648+0000] {logging_mixin.py:120} INFO - [2023-03-15T16:47:12.648+0000] {dag.py:2585} INFO - Sync 2 DAGs
[2023-03-15T16:47:12.672+0000] {logging_mixin.py:120} INFO - [2023-03-15T16:47:12.672+0000] {dag.py:3340} INFO - Setting next_dagrun for example_external_task_marker_child to None, run_after=None
[2023-03-15T16:47:12.677+0000] {logging_mixin.py:120} INFO - [2023-03-15T16:47:12.677+0000] {dag.py:3340} INFO - Setting next_dagrun for example_external_task_marker_parent to None, run_after=None
[2023-03-15T16:47:12.697+0000] {processor.py:176} INFO - Processing /home/airflow/.local/lib/python3.7/site-packages/airflow/example_dags/example_external_task_marker_dag.py took 0.249 seconds
[2023-03-15T16:47:43.672+0000] {processor.py:154} INFO - Started process (PID=3076) to work on /home/airflow/.local/lib/python3.7/site-packages/airflow/example_dags/example_external_task_marker_dag.py
[2023-03-15T16:47:43.673+0000] {processor.py:756} INFO - Processing file /home/airflow/.local/lib/python3.7/site-packages/airflow/example_dags/example_external_task_marker_dag.py for tasks to queue
[2023-03-15T16:47:43.674+0000] {logging_mixin.py:120} INFO - [2023-03-15T16:47:43.674+0000] {dagbag.py:537} INFO - Filling up the DagBag from /home/airflow/.local/lib/python3.7/site-packages/airflow/example_dags/example_external_task_marker_dag.py
[2023-03-15T16:47:43.688+0000] {processor.py:766} INFO - DAG(s) dict_keys(['example_external_task_marker_child', 'example_external_task_marker_parent']) retrieved from /home/airflow/.local/lib/python3.7/site-packages/airflow/example_dags/example_external_task_marker_dag.py
[2023-03-15T16:47:43.787+0000] {logging_mixin.py:120} INFO - [2023-03-15T16:47:43.787+0000] {dag.py:2585} INFO - Sync 2 DAGs
[2023-03-15T16:47:43.802+0000] {logging_mixin.py:120} INFO - [2023-03-15T16:47:43.802+0000] {dag.py:3340} INFO - Setting next_dagrun for example_external_task_marker_child to None, run_after=None
[2023-03-15T16:47:43.804+0000] {logging_mixin.py:120} INFO - [2023-03-15T16:47:43.804+0000] {dag.py:3340} INFO - Setting next_dagrun for example_external_task_marker_parent to None, run_after=None
[2023-03-15T16:47:43.814+0000] {processor.py:176} INFO - Processing /home/airflow/.local/lib/python3.7/site-packages/airflow/example_dags/example_external_task_marker_dag.py took 0.144 seconds
[2023-03-15T16:59:19.352+0000] {processor.py:154} INFO - Started process (PID=3142) to work on /home/airflow/.local/lib/python3.7/site-packages/airflow/example_dags/example_external_task_marker_dag.py
[2023-03-15T16:59:19.356+0000] {processor.py:756} INFO - Processing file /home/airflow/.local/lib/python3.7/site-packages/airflow/example_dags/example_external_task_marker_dag.py for tasks to queue
[2023-03-15T16:59:19.357+0000] {logging_mixin.py:120} INFO - [2023-03-15T16:59:19.357+0000] {dagbag.py:537} INFO - Filling up the DagBag from /home/airflow/.local/lib/python3.7/site-packages/airflow/example_dags/example_external_task_marker_dag.py
[2023-03-15T16:59:19.377+0000] {processor.py:766} INFO - DAG(s) dict_keys(['example_external_task_marker_child', 'example_external_task_marker_parent']) retrieved from /home/airflow/.local/lib/python3.7/site-packages/airflow/example_dags/example_external_task_marker_dag.py
[2023-03-15T16:59:19.576+0000] {logging_mixin.py:120} INFO - [2023-03-15T16:59:19.575+0000] {dag.py:2585} INFO - Sync 2 DAGs
[2023-03-15T16:59:19.603+0000] {logging_mixin.py:120} INFO - [2023-03-15T16:59:19.603+0000] {dag.py:3340} INFO - Setting next_dagrun for example_external_task_marker_child to None, run_after=None
[2023-03-15T16:59:19.607+0000] {logging_mixin.py:120} INFO - [2023-03-15T16:59:19.607+0000] {dag.py:3340} INFO - Setting next_dagrun for example_external_task_marker_parent to None, run_after=None
[2023-03-15T16:59:19.631+0000] {processor.py:176} INFO - Processing /home/airflow/.local/lib/python3.7/site-packages/airflow/example_dags/example_external_task_marker_dag.py took 0.284 seconds
[2023-03-15T16:59:50.117+0000] {processor.py:154} INFO - Started process (PID=3207) to work on /home/airflow/.local/lib/python3.7/site-packages/airflow/example_dags/example_external_task_marker_dag.py
[2023-03-15T16:59:50.119+0000] {processor.py:756} INFO - Processing file /home/airflow/.local/lib/python3.7/site-packages/airflow/example_dags/example_external_task_marker_dag.py for tasks to queue
[2023-03-15T16:59:50.120+0000] {logging_mixin.py:120} INFO - [2023-03-15T16:59:50.120+0000] {dagbag.py:537} INFO - Filling up the DagBag from /home/airflow/.local/lib/python3.7/site-packages/airflow/example_dags/example_external_task_marker_dag.py
[2023-03-15T16:59:50.132+0000] {processor.py:766} INFO - DAG(s) dict_keys(['example_external_task_marker_parent', 'example_external_task_marker_child']) retrieved from /home/airflow/.local/lib/python3.7/site-packages/airflow/example_dags/example_external_task_marker_dag.py
[2023-03-15T16:59:50.234+0000] {logging_mixin.py:120} INFO - [2023-03-15T16:59:50.234+0000] {dag.py:2585} INFO - Sync 2 DAGs
[2023-03-15T16:59:50.249+0000] {logging_mixin.py:120} INFO - [2023-03-15T16:59:50.249+0000] {dag.py:3340} INFO - Setting next_dagrun for example_external_task_marker_child to None, run_after=None
[2023-03-15T16:59:50.252+0000] {logging_mixin.py:120} INFO - [2023-03-15T16:59:50.252+0000] {dag.py:3340} INFO - Setting next_dagrun for example_external_task_marker_parent to None, run_after=None
[2023-03-15T16:59:50.262+0000] {processor.py:176} INFO - Processing /home/airflow/.local/lib/python3.7/site-packages/airflow/example_dags/example_external_task_marker_dag.py took 0.147 seconds
[2023-03-15T17:00:20.735+0000] {processor.py:154} INFO - Started process (PID=3263) to work on /home/airflow/.local/lib/python3.7/site-packages/airflow/example_dags/example_external_task_marker_dag.py
[2023-03-15T17:00:20.740+0000] {processor.py:756} INFO - Processing file /home/airflow/.local/lib/python3.7/site-packages/airflow/example_dags/example_external_task_marker_dag.py for tasks to queue
[2023-03-15T17:00:20.743+0000] {logging_mixin.py:120} INFO - [2023-03-15T17:00:20.742+0000] {dagbag.py:537} INFO - Filling up the DagBag from /home/airflow/.local/lib/python3.7/site-packages/airflow/example_dags/example_external_task_marker_dag.py
[2023-03-15T17:00:20.755+0000] {processor.py:766} INFO - DAG(s) dict_keys(['example_external_task_marker_child', 'example_external_task_marker_parent']) retrieved from /home/airflow/.local/lib/python3.7/site-packages/airflow/example_dags/example_external_task_marker_dag.py
[2023-03-15T17:00:20.882+0000] {logging_mixin.py:120} INFO - [2023-03-15T17:00:20.882+0000] {dag.py:2585} INFO - Sync 2 DAGs
[2023-03-15T17:00:20.900+0000] {logging_mixin.py:120} INFO - [2023-03-15T17:00:20.900+0000] {dag.py:3340} INFO - Setting next_dagrun for example_external_task_marker_child to None, run_after=None
[2023-03-15T17:00:20.902+0000] {logging_mixin.py:120} INFO - [2023-03-15T17:00:20.902+0000] {dag.py:3340} INFO - Setting next_dagrun for example_external_task_marker_parent to None, run_after=None
[2023-03-15T17:00:20.917+0000] {processor.py:176} INFO - Processing /home/airflow/.local/lib/python3.7/site-packages/airflow/example_dags/example_external_task_marker_dag.py took 0.186 seconds
[2023-03-15T17:00:51.336+0000] {processor.py:154} INFO - Started process (PID=3327) to work on /home/airflow/.local/lib/python3.7/site-packages/airflow/example_dags/example_external_task_marker_dag.py
[2023-03-15T17:00:51.337+0000] {processor.py:756} INFO - Processing file /home/airflow/.local/lib/python3.7/site-packages/airflow/example_dags/example_external_task_marker_dag.py for tasks to queue
[2023-03-15T17:00:51.338+0000] {logging_mixin.py:120} INFO - [2023-03-15T17:00:51.338+0000] {dagbag.py:537} INFO - Filling up the DagBag from /home/airflow/.local/lib/python3.7/site-packages/airflow/example_dags/example_external_task_marker_dag.py
[2023-03-15T17:00:51.348+0000] {processor.py:766} INFO - DAG(s) dict_keys(['example_external_task_marker_child', 'example_external_task_marker_parent']) retrieved from /home/airflow/.local/lib/python3.7/site-packages/airflow/example_dags/example_external_task_marker_dag.py
[2023-03-15T17:00:51.446+0000] {logging_mixin.py:120} INFO - [2023-03-15T17:00:51.446+0000] {dag.py:2585} INFO - Sync 2 DAGs
[2023-03-15T17:00:51.461+0000] {logging_mixin.py:120} INFO - [2023-03-15T17:00:51.461+0000] {dag.py:3340} INFO - Setting next_dagrun for example_external_task_marker_child to None, run_after=None
[2023-03-15T17:00:51.467+0000] {logging_mixin.py:120} INFO - [2023-03-15T17:00:51.467+0000] {dag.py:3340} INFO - Setting next_dagrun for example_external_task_marker_parent to None, run_after=None
[2023-03-15T17:00:51.477+0000] {processor.py:176} INFO - Processing /home/airflow/.local/lib/python3.7/site-packages/airflow/example_dags/example_external_task_marker_dag.py took 0.144 seconds
[2023-03-15T17:01:21.827+0000] {processor.py:154} INFO - Started process (PID=3392) to work on /home/airflow/.local/lib/python3.7/site-packages/airflow/example_dags/example_external_task_marker_dag.py
[2023-03-15T17:01:21.829+0000] {processor.py:756} INFO - Processing file /home/airflow/.local/lib/python3.7/site-packages/airflow/example_dags/example_external_task_marker_dag.py for tasks to queue
[2023-03-15T17:01:21.830+0000] {logging_mixin.py:120} INFO - [2023-03-15T17:01:21.829+0000] {dagbag.py:537} INFO - Filling up the DagBag from /home/airflow/.local/lib/python3.7/site-packages/airflow/example_dags/example_external_task_marker_dag.py
[2023-03-15T17:01:21.840+0000] {processor.py:766} INFO - DAG(s) dict_keys(['example_external_task_marker_child', 'example_external_task_marker_parent']) retrieved from /home/airflow/.local/lib/python3.7/site-packages/airflow/example_dags/example_external_task_marker_dag.py
[2023-03-15T17:01:21.940+0000] {logging_mixin.py:120} INFO - [2023-03-15T17:01:21.940+0000] {dag.py:2585} INFO - Sync 2 DAGs
[2023-03-15T17:01:21.954+0000] {logging_mixin.py:120} INFO - [2023-03-15T17:01:21.954+0000] {dag.py:3340} INFO - Setting next_dagrun for example_external_task_marker_child to None, run_after=None
[2023-03-15T17:01:21.957+0000] {logging_mixin.py:120} INFO - [2023-03-15T17:01:21.957+0000] {dag.py:3340} INFO - Setting next_dagrun for example_external_task_marker_parent to None, run_after=None
[2023-03-15T17:01:21.968+0000] {processor.py:176} INFO - Processing /home/airflow/.local/lib/python3.7/site-packages/airflow/example_dags/example_external_task_marker_dag.py took 0.143 seconds
[2023-03-15T17:01:52.323+0000] {processor.py:154} INFO - Started process (PID=3457) to work on /home/airflow/.local/lib/python3.7/site-packages/airflow/example_dags/example_external_task_marker_dag.py
[2023-03-15T17:01:52.326+0000] {processor.py:756} INFO - Processing file /home/airflow/.local/lib/python3.7/site-packages/airflow/example_dags/example_external_task_marker_dag.py for tasks to queue
[2023-03-15T17:01:52.327+0000] {logging_mixin.py:120} INFO - [2023-03-15T17:01:52.327+0000] {dagbag.py:537} INFO - Filling up the DagBag from /home/airflow/.local/lib/python3.7/site-packages/airflow/example_dags/example_external_task_marker_dag.py
[2023-03-15T17:01:52.338+0000] {processor.py:766} INFO - DAG(s) dict_keys(['example_external_task_marker_child', 'example_external_task_marker_parent']) retrieved from /home/airflow/.local/lib/python3.7/site-packages/airflow/example_dags/example_external_task_marker_dag.py
[2023-03-15T17:01:52.440+0000] {logging_mixin.py:120} INFO - [2023-03-15T17:01:52.440+0000] {dag.py:2585} INFO - Sync 2 DAGs
[2023-03-15T17:01:52.457+0000] {logging_mixin.py:120} INFO - [2023-03-15T17:01:52.457+0000] {dag.py:3340} INFO - Setting next_dagrun for example_external_task_marker_child to None, run_after=None
[2023-03-15T17:01:52.460+0000] {logging_mixin.py:120} INFO - [2023-03-15T17:01:52.460+0000] {dag.py:3340} INFO - Setting next_dagrun for example_external_task_marker_parent to None, run_after=None
[2023-03-15T17:01:52.470+0000] {processor.py:176} INFO - Processing /home/airflow/.local/lib/python3.7/site-packages/airflow/example_dags/example_external_task_marker_dag.py took 0.150 seconds
[2023-03-15T17:02:22.724+0000] {processor.py:154} INFO - Started process (PID=3522) to work on /home/airflow/.local/lib/python3.7/site-packages/airflow/example_dags/example_external_task_marker_dag.py
[2023-03-15T17:02:22.726+0000] {processor.py:756} INFO - Processing file /home/airflow/.local/lib/python3.7/site-packages/airflow/example_dags/example_external_task_marker_dag.py for tasks to queue
[2023-03-15T17:02:22.727+0000] {logging_mixin.py:120} INFO - [2023-03-15T17:02:22.727+0000] {dagbag.py:537} INFO - Filling up the DagBag from /home/airflow/.local/lib/python3.7/site-packages/airflow/example_dags/example_external_task_marker_dag.py
[2023-03-15T17:02:22.740+0000] {processor.py:766} INFO - DAG(s) dict_keys(['example_external_task_marker_child', 'example_external_task_marker_parent']) retrieved from /home/airflow/.local/lib/python3.7/site-packages/airflow/example_dags/example_external_task_marker_dag.py
[2023-03-15T17:02:22.843+0000] {logging_mixin.py:120} INFO - [2023-03-15T17:02:22.843+0000] {dag.py:2585} INFO - Sync 2 DAGs
[2023-03-15T17:02:22.859+0000] {logging_mixin.py:120} INFO - [2023-03-15T17:02:22.859+0000] {dag.py:3340} INFO - Setting next_dagrun for example_external_task_marker_child to None, run_after=None
[2023-03-15T17:02:22.862+0000] {logging_mixin.py:120} INFO - [2023-03-15T17:02:22.862+0000] {dag.py:3340} INFO - Setting next_dagrun for example_external_task_marker_parent to None, run_after=None
[2023-03-15T17:02:22.872+0000] {processor.py:176} INFO - Processing /home/airflow/.local/lib/python3.7/site-packages/airflow/example_dags/example_external_task_marker_dag.py took 0.151 seconds
[2023-03-15T17:02:53.133+0000] {processor.py:154} INFO - Started process (PID=3587) to work on /home/airflow/.local/lib/python3.7/site-packages/airflow/example_dags/example_external_task_marker_dag.py
[2023-03-15T17:02:53.135+0000] {processor.py:756} INFO - Processing file /home/airflow/.local/lib/python3.7/site-packages/airflow/example_dags/example_external_task_marker_dag.py for tasks to queue
[2023-03-15T17:02:53.136+0000] {logging_mixin.py:120} INFO - [2023-03-15T17:02:53.135+0000] {dagbag.py:537} INFO - Filling up the DagBag from /home/airflow/.local/lib/python3.7/site-packages/airflow/example_dags/example_external_task_marker_dag.py
[2023-03-15T17:02:53.146+0000] {processor.py:766} INFO - DAG(s) dict_keys(['example_external_task_marker_parent', 'example_external_task_marker_child']) retrieved from /home/airflow/.local/lib/python3.7/site-packages/airflow/example_dags/example_external_task_marker_dag.py
[2023-03-15T17:02:53.251+0000] {logging_mixin.py:120} INFO - [2023-03-15T17:02:53.251+0000] {dag.py:2585} INFO - Sync 2 DAGs
[2023-03-15T17:02:53.266+0000] {logging_mixin.py:120} INFO - [2023-03-15T17:02:53.266+0000] {dag.py:3340} INFO - Setting next_dagrun for example_external_task_marker_child to None, run_after=None
[2023-03-15T17:02:53.269+0000] {logging_mixin.py:120} INFO - [2023-03-15T17:02:53.269+0000] {dag.py:3340} INFO - Setting next_dagrun for example_external_task_marker_parent to None, run_after=None
[2023-03-15T17:02:53.279+0000] {processor.py:176} INFO - Processing /home/airflow/.local/lib/python3.7/site-packages/airflow/example_dags/example_external_task_marker_dag.py took 0.148 seconds
[2023-03-15T17:03:23.699+0000] {processor.py:154} INFO - Started process (PID=3652) to work on /home/airflow/.local/lib/python3.7/site-packages/airflow/example_dags/example_external_task_marker_dag.py
[2023-03-15T17:03:23.701+0000] {processor.py:756} INFO - Processing file /home/airflow/.local/lib/python3.7/site-packages/airflow/example_dags/example_external_task_marker_dag.py for tasks to queue
[2023-03-15T17:03:23.702+0000] {logging_mixin.py:120} INFO - [2023-03-15T17:03:23.702+0000] {dagbag.py:537} INFO - Filling up the DagBag from /home/airflow/.local/lib/python3.7/site-packages/airflow/example_dags/example_external_task_marker_dag.py
[2023-03-15T17:03:23.714+0000] {processor.py:766} INFO - DAG(s) dict_keys(['example_external_task_marker_child', 'example_external_task_marker_parent']) retrieved from /home/airflow/.local/lib/python3.7/site-packages/airflow/example_dags/example_external_task_marker_dag.py
[2023-03-15T17:03:23.821+0000] {logging_mixin.py:120} INFO - [2023-03-15T17:03:23.821+0000] {dag.py:2585} INFO - Sync 2 DAGs
[2023-03-15T17:03:23.838+0000] {logging_mixin.py:120} INFO - [2023-03-15T17:03:23.838+0000] {dag.py:3340} INFO - Setting next_dagrun for example_external_task_marker_child to None, run_after=None
[2023-03-15T17:03:23.841+0000] {logging_mixin.py:120} INFO - [2023-03-15T17:03:23.841+0000] {dag.py:3340} INFO - Setting next_dagrun for example_external_task_marker_parent to None, run_after=None
[2023-03-15T17:03:23.853+0000] {processor.py:176} INFO - Processing /home/airflow/.local/lib/python3.7/site-packages/airflow/example_dags/example_external_task_marker_dag.py took 0.158 seconds
[2023-03-15T17:03:54.123+0000] {processor.py:154} INFO - Started process (PID=3708) to work on /home/airflow/.local/lib/python3.7/site-packages/airflow/example_dags/example_external_task_marker_dag.py
[2023-03-15T17:03:54.125+0000] {processor.py:756} INFO - Processing file /home/airflow/.local/lib/python3.7/site-packages/airflow/example_dags/example_external_task_marker_dag.py for tasks to queue
[2023-03-15T17:03:54.126+0000] {logging_mixin.py:120} INFO - [2023-03-15T17:03:54.126+0000] {dagbag.py:537} INFO - Filling up the DagBag from /home/airflow/.local/lib/python3.7/site-packages/airflow/example_dags/example_external_task_marker_dag.py
[2023-03-15T17:03:54.138+0000] {processor.py:766} INFO - DAG(s) dict_keys(['example_external_task_marker_child', 'example_external_task_marker_parent']) retrieved from /home/airflow/.local/lib/python3.7/site-packages/airflow/example_dags/example_external_task_marker_dag.py
[2023-03-15T17:03:54.241+0000] {logging_mixin.py:120} INFO - [2023-03-15T17:03:54.241+0000] {dag.py:2585} INFO - Sync 2 DAGs
[2023-03-15T17:03:54.255+0000] {logging_mixin.py:120} INFO - [2023-03-15T17:03:54.255+0000] {dag.py:3340} INFO - Setting next_dagrun for example_external_task_marker_child to None, run_after=None
[2023-03-15T17:03:54.258+0000] {logging_mixin.py:120} INFO - [2023-03-15T17:03:54.258+0000] {dag.py:3340} INFO - Setting next_dagrun for example_external_task_marker_parent to None, run_after=None
[2023-03-15T17:03:54.268+0000] {processor.py:176} INFO - Processing /home/airflow/.local/lib/python3.7/site-packages/airflow/example_dags/example_external_task_marker_dag.py took 0.147 seconds
[2023-03-15T17:04:24.608+0000] {processor.py:154} INFO - Started process (PID=3772) to work on /home/airflow/.local/lib/python3.7/site-packages/airflow/example_dags/example_external_task_marker_dag.py
[2023-03-15T17:04:24.609+0000] {processor.py:756} INFO - Processing file /home/airflow/.local/lib/python3.7/site-packages/airflow/example_dags/example_external_task_marker_dag.py for tasks to queue
[2023-03-15T17:04:24.610+0000] {logging_mixin.py:120} INFO - [2023-03-15T17:04:24.610+0000] {dagbag.py:537} INFO - Filling up the DagBag from /home/airflow/.local/lib/python3.7/site-packages/airflow/example_dags/example_external_task_marker_dag.py
[2023-03-15T17:04:24.621+0000] {processor.py:766} INFO - DAG(s) dict_keys(['example_external_task_marker_parent', 'example_external_task_marker_child']) retrieved from /home/airflow/.local/lib/python3.7/site-packages/airflow/example_dags/example_external_task_marker_dag.py
[2023-03-15T17:04:24.724+0000] {logging_mixin.py:120} INFO - [2023-03-15T17:04:24.724+0000] {dag.py:2585} INFO - Sync 2 DAGs
[2023-03-15T17:04:24.738+0000] {logging_mixin.py:120} INFO - [2023-03-15T17:04:24.738+0000] {dag.py:3340} INFO - Setting next_dagrun for example_external_task_marker_child to None, run_after=None
[2023-03-15T17:04:24.740+0000] {logging_mixin.py:120} INFO - [2023-03-15T17:04:24.740+0000] {dag.py:3340} INFO - Setting next_dagrun for example_external_task_marker_parent to None, run_after=None
[2023-03-15T17:04:24.750+0000] {processor.py:176} INFO - Processing /home/airflow/.local/lib/python3.7/site-packages/airflow/example_dags/example_external_task_marker_dag.py took 0.145 seconds
