[2023-03-15T16:01:37.386+0000] {processor.py:154} INFO - Started process (PID=39) to work on /home/airflow/.local/lib/python3.7/site-packages/airflow/example_dags/tutorial_dag.py
[2023-03-15T16:01:37.387+0000] {processor.py:756} INFO - Processing file /home/airflow/.local/lib/python3.7/site-packages/airflow/example_dags/tutorial_dag.py for tasks to queue
[2023-03-15T16:01:37.388+0000] {logging_mixin.py:120} INFO - [2023-03-15T16:01:37.388+0000] {dagbag.py:537} INFO - Filling up the DagBag from /home/airflow/.local/lib/python3.7/site-packages/airflow/example_dags/tutorial_dag.py
[2023-03-15T16:01:37.402+0000] {processor.py:766} INFO - DAG(s) dict_keys(['tutorial_dag']) retrieved from /home/airflow/.local/lib/python3.7/site-packages/airflow/example_dags/tutorial_dag.py
[2023-03-15T16:01:37.535+0000] {logging_mixin.py:120} INFO - [2023-03-15T16:01:37.534+0000] {manager.py:507} INFO - Created Permission View: can read on DAG:tutorial_dag
[2023-03-15T16:01:37.557+0000] {logging_mixin.py:120} INFO - [2023-03-15T16:01:37.557+0000] {manager.py:507} INFO - Created Permission View: can delete on DAG:tutorial_dag
[2023-03-15T16:01:37.578+0000] {logging_mixin.py:120} INFO - [2023-03-15T16:01:37.578+0000] {manager.py:507} INFO - Created Permission View: can edit on DAG:tutorial_dag
[2023-03-15T16:01:37.581+0000] {logging_mixin.py:120} INFO - [2023-03-15T16:01:37.580+0000] {dag.py:2585} INFO - Sync 1 DAGs
[2023-03-15T16:01:37.599+0000] {logging_mixin.py:120} INFO - [2023-03-15T16:01:37.598+0000] {dag.py:2606} INFO - Creating ORM DAG for tutorial_dag
[2023-03-15T16:01:37.620+0000] {logging_mixin.py:120} INFO - [2023-03-15T16:01:37.620+0000] {dag.py:3340} INFO - Setting next_dagrun for tutorial_dag to None, run_after=None
[2023-03-15T16:01:37.682+0000] {processor.py:176} INFO - Processing /home/airflow/.local/lib/python3.7/site-packages/airflow/example_dags/tutorial_dag.py took 0.299 seconds
[2023-03-15T16:02:08.297+0000] {processor.py:154} INFO - Started process (PID=101) to work on /home/airflow/.local/lib/python3.7/site-packages/airflow/example_dags/tutorial_dag.py
[2023-03-15T16:02:08.298+0000] {processor.py:756} INFO - Processing file /home/airflow/.local/lib/python3.7/site-packages/airflow/example_dags/tutorial_dag.py for tasks to queue
[2023-03-15T16:02:08.299+0000] {logging_mixin.py:120} INFO - [2023-03-15T16:02:08.299+0000] {dagbag.py:537} INFO - Filling up the DagBag from /home/airflow/.local/lib/python3.7/site-packages/airflow/example_dags/tutorial_dag.py
[2023-03-15T16:02:08.311+0000] {processor.py:766} INFO - DAG(s) dict_keys(['tutorial_dag']) retrieved from /home/airflow/.local/lib/python3.7/site-packages/airflow/example_dags/tutorial_dag.py
[2023-03-15T16:02:08.348+0000] {logging_mixin.py:120} INFO - [2023-03-15T16:02:08.348+0000] {dag.py:2585} INFO - Sync 1 DAGs
[2023-03-15T16:02:08.364+0000] {logging_mixin.py:120} INFO - [2023-03-15T16:02:08.364+0000] {dag.py:3340} INFO - Setting next_dagrun for tutorial_dag to None, run_after=None
[2023-03-15T16:02:08.376+0000] {processor.py:176} INFO - Processing /home/airflow/.local/lib/python3.7/site-packages/airflow/example_dags/tutorial_dag.py took 0.082 seconds
[2023-03-15T16:02:39.553+0000] {processor.py:154} INFO - Started process (PID=163) to work on /home/airflow/.local/lib/python3.7/site-packages/airflow/example_dags/tutorial_dag.py
[2023-03-15T16:02:39.555+0000] {processor.py:756} INFO - Processing file /home/airflow/.local/lib/python3.7/site-packages/airflow/example_dags/tutorial_dag.py for tasks to queue
[2023-03-15T16:02:39.556+0000] {logging_mixin.py:120} INFO - [2023-03-15T16:02:39.556+0000] {dagbag.py:537} INFO - Filling up the DagBag from /home/airflow/.local/lib/python3.7/site-packages/airflow/example_dags/tutorial_dag.py
[2023-03-15T16:02:39.573+0000] {processor.py:766} INFO - DAG(s) dict_keys(['tutorial_dag']) retrieved from /home/airflow/.local/lib/python3.7/site-packages/airflow/example_dags/tutorial_dag.py
[2023-03-15T16:02:39.626+0000] {logging_mixin.py:120} INFO - [2023-03-15T16:02:39.626+0000] {dag.py:2585} INFO - Sync 1 DAGs
[2023-03-15T16:02:39.648+0000] {logging_mixin.py:120} INFO - [2023-03-15T16:02:39.648+0000] {dag.py:3340} INFO - Setting next_dagrun for tutorial_dag to None, run_after=None
[2023-03-15T16:02:39.663+0000] {processor.py:176} INFO - Processing /home/airflow/.local/lib/python3.7/site-packages/airflow/example_dags/tutorial_dag.py took 0.114 seconds
[2023-03-15T16:03:10.051+0000] {processor.py:154} INFO - Started process (PID=227) to work on /home/airflow/.local/lib/python3.7/site-packages/airflow/example_dags/tutorial_dag.py
[2023-03-15T16:03:10.054+0000] {processor.py:756} INFO - Processing file /home/airflow/.local/lib/python3.7/site-packages/airflow/example_dags/tutorial_dag.py for tasks to queue
[2023-03-15T16:03:10.058+0000] {logging_mixin.py:120} INFO - [2023-03-15T16:03:10.058+0000] {dagbag.py:537} INFO - Filling up the DagBag from /home/airflow/.local/lib/python3.7/site-packages/airflow/example_dags/tutorial_dag.py
[2023-03-15T16:03:10.080+0000] {processor.py:766} INFO - DAG(s) dict_keys(['tutorial_dag']) retrieved from /home/airflow/.local/lib/python3.7/site-packages/airflow/example_dags/tutorial_dag.py
[2023-03-15T16:03:10.123+0000] {logging_mixin.py:120} INFO - [2023-03-15T16:03:10.123+0000] {dag.py:2585} INFO - Sync 1 DAGs
[2023-03-15T16:03:10.143+0000] {logging_mixin.py:120} INFO - [2023-03-15T16:03:10.143+0000] {dag.py:3340} INFO - Setting next_dagrun for tutorial_dag to None, run_after=None
[2023-03-15T16:03:10.158+0000] {processor.py:176} INFO - Processing /home/airflow/.local/lib/python3.7/site-packages/airflow/example_dags/tutorial_dag.py took 0.111 seconds
[2023-03-15T16:03:40.429+0000] {processor.py:154} INFO - Started process (PID=282) to work on /home/airflow/.local/lib/python3.7/site-packages/airflow/example_dags/tutorial_dag.py
[2023-03-15T16:03:40.430+0000] {processor.py:756} INFO - Processing file /home/airflow/.local/lib/python3.7/site-packages/airflow/example_dags/tutorial_dag.py for tasks to queue
[2023-03-15T16:03:40.431+0000] {logging_mixin.py:120} INFO - [2023-03-15T16:03:40.431+0000] {dagbag.py:537} INFO - Filling up the DagBag from /home/airflow/.local/lib/python3.7/site-packages/airflow/example_dags/tutorial_dag.py
[2023-03-15T16:03:40.443+0000] {processor.py:766} INFO - DAG(s) dict_keys(['tutorial_dag']) retrieved from /home/airflow/.local/lib/python3.7/site-packages/airflow/example_dags/tutorial_dag.py
[2023-03-15T16:03:40.474+0000] {logging_mixin.py:120} INFO - [2023-03-15T16:03:40.474+0000] {dag.py:2585} INFO - Sync 1 DAGs
[2023-03-15T16:03:40.493+0000] {logging_mixin.py:120} INFO - [2023-03-15T16:03:40.492+0000] {dag.py:3340} INFO - Setting next_dagrun for tutorial_dag to None, run_after=None
[2023-03-15T16:03:40.505+0000] {processor.py:176} INFO - Processing /home/airflow/.local/lib/python3.7/site-packages/airflow/example_dags/tutorial_dag.py took 0.079 seconds
[2023-03-15T16:04:10.765+0000] {processor.py:154} INFO - Started process (PID=345) to work on /home/airflow/.local/lib/python3.7/site-packages/airflow/example_dags/tutorial_dag.py
[2023-03-15T16:04:10.767+0000] {processor.py:756} INFO - Processing file /home/airflow/.local/lib/python3.7/site-packages/airflow/example_dags/tutorial_dag.py for tasks to queue
[2023-03-15T16:04:10.768+0000] {logging_mixin.py:120} INFO - [2023-03-15T16:04:10.768+0000] {dagbag.py:537} INFO - Filling up the DagBag from /home/airflow/.local/lib/python3.7/site-packages/airflow/example_dags/tutorial_dag.py
[2023-03-15T16:04:10.778+0000] {processor.py:766} INFO - DAG(s) dict_keys(['tutorial_dag']) retrieved from /home/airflow/.local/lib/python3.7/site-packages/airflow/example_dags/tutorial_dag.py
[2023-03-15T16:04:10.809+0000] {logging_mixin.py:120} INFO - [2023-03-15T16:04:10.809+0000] {dag.py:2585} INFO - Sync 1 DAGs
[2023-03-15T16:04:10.825+0000] {logging_mixin.py:120} INFO - [2023-03-15T16:04:10.824+0000] {dag.py:3340} INFO - Setting next_dagrun for tutorial_dag to None, run_after=None
[2023-03-15T16:04:10.839+0000] {processor.py:176} INFO - Processing /home/airflow/.local/lib/python3.7/site-packages/airflow/example_dags/tutorial_dag.py took 0.077 seconds
[2023-03-15T16:04:40.999+0000] {processor.py:154} INFO - Started process (PID=410) to work on /home/airflow/.local/lib/python3.7/site-packages/airflow/example_dags/tutorial_dag.py
[2023-03-15T16:04:41.001+0000] {processor.py:756} INFO - Processing file /home/airflow/.local/lib/python3.7/site-packages/airflow/example_dags/tutorial_dag.py for tasks to queue
[2023-03-15T16:04:41.002+0000] {logging_mixin.py:120} INFO - [2023-03-15T16:04:41.002+0000] {dagbag.py:537} INFO - Filling up the DagBag from /home/airflow/.local/lib/python3.7/site-packages/airflow/example_dags/tutorial_dag.py
[2023-03-15T16:04:41.014+0000] {processor.py:766} INFO - DAG(s) dict_keys(['tutorial_dag']) retrieved from /home/airflow/.local/lib/python3.7/site-packages/airflow/example_dags/tutorial_dag.py
[2023-03-15T16:04:41.044+0000] {logging_mixin.py:120} INFO - [2023-03-15T16:04:41.044+0000] {dag.py:2585} INFO - Sync 1 DAGs
[2023-03-15T16:04:41.062+0000] {logging_mixin.py:120} INFO - [2023-03-15T16:04:41.062+0000] {dag.py:3340} INFO - Setting next_dagrun for tutorial_dag to None, run_after=None
[2023-03-15T16:04:41.074+0000] {processor.py:176} INFO - Processing /home/airflow/.local/lib/python3.7/site-packages/airflow/example_dags/tutorial_dag.py took 0.078 seconds
[2023-03-15T16:05:11.254+0000] {processor.py:154} INFO - Started process (PID=474) to work on /home/airflow/.local/lib/python3.7/site-packages/airflow/example_dags/tutorial_dag.py
[2023-03-15T16:05:11.256+0000] {processor.py:756} INFO - Processing file /home/airflow/.local/lib/python3.7/site-packages/airflow/example_dags/tutorial_dag.py for tasks to queue
[2023-03-15T16:05:11.257+0000] {logging_mixin.py:120} INFO - [2023-03-15T16:05:11.257+0000] {dagbag.py:537} INFO - Filling up the DagBag from /home/airflow/.local/lib/python3.7/site-packages/airflow/example_dags/tutorial_dag.py
[2023-03-15T16:05:11.269+0000] {processor.py:766} INFO - DAG(s) dict_keys(['tutorial_dag']) retrieved from /home/airflow/.local/lib/python3.7/site-packages/airflow/example_dags/tutorial_dag.py
[2023-03-15T16:05:11.315+0000] {logging_mixin.py:120} INFO - [2023-03-15T16:05:11.315+0000] {dag.py:2585} INFO - Sync 1 DAGs
[2023-03-15T16:05:11.344+0000] {logging_mixin.py:120} INFO - [2023-03-15T16:05:11.344+0000] {dag.py:3340} INFO - Setting next_dagrun for tutorial_dag to None, run_after=None
[2023-03-15T16:05:11.363+0000] {processor.py:176} INFO - Processing /home/airflow/.local/lib/python3.7/site-packages/airflow/example_dags/tutorial_dag.py took 0.112 seconds
[2023-03-15T16:05:41.998+0000] {processor.py:154} INFO - Started process (PID=536) to work on /home/airflow/.local/lib/python3.7/site-packages/airflow/example_dags/tutorial_dag.py
[2023-03-15T16:05:41.999+0000] {processor.py:756} INFO - Processing file /home/airflow/.local/lib/python3.7/site-packages/airflow/example_dags/tutorial_dag.py for tasks to queue
[2023-03-15T16:05:42.000+0000] {logging_mixin.py:120} INFO - [2023-03-15T16:05:42.000+0000] {dagbag.py:537} INFO - Filling up the DagBag from /home/airflow/.local/lib/python3.7/site-packages/airflow/example_dags/tutorial_dag.py
[2023-03-15T16:05:42.011+0000] {processor.py:766} INFO - DAG(s) dict_keys(['tutorial_dag']) retrieved from /home/airflow/.local/lib/python3.7/site-packages/airflow/example_dags/tutorial_dag.py
[2023-03-15T16:05:42.034+0000] {logging_mixin.py:120} INFO - [2023-03-15T16:05:42.034+0000] {dag.py:2585} INFO - Sync 1 DAGs
[2023-03-15T16:05:42.053+0000] {logging_mixin.py:120} INFO - [2023-03-15T16:05:42.053+0000] {dag.py:3340} INFO - Setting next_dagrun for tutorial_dag to None, run_after=None
[2023-03-15T16:05:42.067+0000] {processor.py:176} INFO - Processing /home/airflow/.local/lib/python3.7/site-packages/airflow/example_dags/tutorial_dag.py took 0.072 seconds
[2023-03-15T16:06:12.367+0000] {processor.py:154} INFO - Started process (PID=590) to work on /home/airflow/.local/lib/python3.7/site-packages/airflow/example_dags/tutorial_dag.py
[2023-03-15T16:06:12.369+0000] {processor.py:756} INFO - Processing file /home/airflow/.local/lib/python3.7/site-packages/airflow/example_dags/tutorial_dag.py for tasks to queue
[2023-03-15T16:06:12.369+0000] {logging_mixin.py:120} INFO - [2023-03-15T16:06:12.369+0000] {dagbag.py:537} INFO - Filling up the DagBag from /home/airflow/.local/lib/python3.7/site-packages/airflow/example_dags/tutorial_dag.py
[2023-03-15T16:06:12.380+0000] {processor.py:766} INFO - DAG(s) dict_keys(['tutorial_dag']) retrieved from /home/airflow/.local/lib/python3.7/site-packages/airflow/example_dags/tutorial_dag.py
[2023-03-15T16:06:12.413+0000] {logging_mixin.py:120} INFO - [2023-03-15T16:06:12.413+0000] {dag.py:2585} INFO - Sync 1 DAGs
[2023-03-15T16:06:12.429+0000] {logging_mixin.py:120} INFO - [2023-03-15T16:06:12.429+0000] {dag.py:3340} INFO - Setting next_dagrun for tutorial_dag to None, run_after=None
[2023-03-15T16:06:12.442+0000] {processor.py:176} INFO - Processing /home/airflow/.local/lib/python3.7/site-packages/airflow/example_dags/tutorial_dag.py took 0.078 seconds
[2023-03-15T16:06:42.548+0000] {processor.py:154} INFO - Started process (PID=655) to work on /home/airflow/.local/lib/python3.7/site-packages/airflow/example_dags/tutorial_dag.py
[2023-03-15T16:06:42.550+0000] {processor.py:756} INFO - Processing file /home/airflow/.local/lib/python3.7/site-packages/airflow/example_dags/tutorial_dag.py for tasks to queue
[2023-03-15T16:06:42.551+0000] {logging_mixin.py:120} INFO - [2023-03-15T16:06:42.550+0000] {dagbag.py:537} INFO - Filling up the DagBag from /home/airflow/.local/lib/python3.7/site-packages/airflow/example_dags/tutorial_dag.py
[2023-03-15T16:06:42.561+0000] {processor.py:766} INFO - DAG(s) dict_keys(['tutorial_dag']) retrieved from /home/airflow/.local/lib/python3.7/site-packages/airflow/example_dags/tutorial_dag.py
[2023-03-15T16:06:42.592+0000] {logging_mixin.py:120} INFO - [2023-03-15T16:06:42.592+0000] {dag.py:2585} INFO - Sync 1 DAGs
[2023-03-15T16:06:42.608+0000] {logging_mixin.py:120} INFO - [2023-03-15T16:06:42.608+0000] {dag.py:3340} INFO - Setting next_dagrun for tutorial_dag to None, run_after=None
[2023-03-15T16:06:42.620+0000] {processor.py:176} INFO - Processing /home/airflow/.local/lib/python3.7/site-packages/airflow/example_dags/tutorial_dag.py took 0.075 seconds
[2023-03-15T16:07:13.029+0000] {processor.py:154} INFO - Started process (PID=721) to work on /home/airflow/.local/lib/python3.7/site-packages/airflow/example_dags/tutorial_dag.py
[2023-03-15T16:07:13.030+0000] {processor.py:756} INFO - Processing file /home/airflow/.local/lib/python3.7/site-packages/airflow/example_dags/tutorial_dag.py for tasks to queue
[2023-03-15T16:07:13.031+0000] {logging_mixin.py:120} INFO - [2023-03-15T16:07:13.031+0000] {dagbag.py:537} INFO - Filling up the DagBag from /home/airflow/.local/lib/python3.7/site-packages/airflow/example_dags/tutorial_dag.py
[2023-03-15T16:07:13.041+0000] {processor.py:766} INFO - DAG(s) dict_keys(['tutorial_dag']) retrieved from /home/airflow/.local/lib/python3.7/site-packages/airflow/example_dags/tutorial_dag.py
[2023-03-15T16:07:13.070+0000] {logging_mixin.py:120} INFO - [2023-03-15T16:07:13.070+0000] {dag.py:2585} INFO - Sync 1 DAGs
[2023-03-15T16:07:13.086+0000] {logging_mixin.py:120} INFO - [2023-03-15T16:07:13.085+0000] {dag.py:3340} INFO - Setting next_dagrun for tutorial_dag to None, run_after=None
[2023-03-15T16:07:13.097+0000] {processor.py:176} INFO - Processing /home/airflow/.local/lib/python3.7/site-packages/airflow/example_dags/tutorial_dag.py took 0.071 seconds
[2023-03-15T16:07:43.353+0000] {processor.py:154} INFO - Started process (PID=786) to work on /home/airflow/.local/lib/python3.7/site-packages/airflow/example_dags/tutorial_dag.py
[2023-03-15T16:07:43.357+0000] {processor.py:756} INFO - Processing file /home/airflow/.local/lib/python3.7/site-packages/airflow/example_dags/tutorial_dag.py for tasks to queue
[2023-03-15T16:07:43.359+0000] {logging_mixin.py:120} INFO - [2023-03-15T16:07:43.359+0000] {dagbag.py:537} INFO - Filling up the DagBag from /home/airflow/.local/lib/python3.7/site-packages/airflow/example_dags/tutorial_dag.py
[2023-03-15T16:07:43.372+0000] {processor.py:766} INFO - DAG(s) dict_keys(['tutorial_dag']) retrieved from /home/airflow/.local/lib/python3.7/site-packages/airflow/example_dags/tutorial_dag.py
[2023-03-15T16:07:43.410+0000] {logging_mixin.py:120} INFO - [2023-03-15T16:07:43.410+0000] {dag.py:2585} INFO - Sync 1 DAGs
[2023-03-15T16:07:43.431+0000] {logging_mixin.py:120} INFO - [2023-03-15T16:07:43.431+0000] {dag.py:3340} INFO - Setting next_dagrun for tutorial_dag to None, run_after=None
[2023-03-15T16:07:43.449+0000] {processor.py:176} INFO - Processing /home/airflow/.local/lib/python3.7/site-packages/airflow/example_dags/tutorial_dag.py took 0.099 seconds
[2023-03-15T16:08:13.909+0000] {processor.py:154} INFO - Started process (PID=850) to work on /home/airflow/.local/lib/python3.7/site-packages/airflow/example_dags/tutorial_dag.py
[2023-03-15T16:08:13.911+0000] {processor.py:756} INFO - Processing file /home/airflow/.local/lib/python3.7/site-packages/airflow/example_dags/tutorial_dag.py for tasks to queue
[2023-03-15T16:08:13.912+0000] {logging_mixin.py:120} INFO - [2023-03-15T16:08:13.912+0000] {dagbag.py:537} INFO - Filling up the DagBag from /home/airflow/.local/lib/python3.7/site-packages/airflow/example_dags/tutorial_dag.py
[2023-03-15T16:08:13.924+0000] {processor.py:766} INFO - DAG(s) dict_keys(['tutorial_dag']) retrieved from /home/airflow/.local/lib/python3.7/site-packages/airflow/example_dags/tutorial_dag.py
[2023-03-15T16:08:13.963+0000] {logging_mixin.py:120} INFO - [2023-03-15T16:08:13.963+0000] {dag.py:2585} INFO - Sync 1 DAGs
[2023-03-15T16:08:13.990+0000] {logging_mixin.py:120} INFO - [2023-03-15T16:08:13.990+0000] {dag.py:3340} INFO - Setting next_dagrun for tutorial_dag to None, run_after=None
[2023-03-15T16:08:14.008+0000] {processor.py:176} INFO - Processing /home/airflow/.local/lib/python3.7/site-packages/airflow/example_dags/tutorial_dag.py took 0.102 seconds
[2023-03-15T16:08:44.610+0000] {processor.py:154} INFO - Started process (PID=974) to work on /home/airflow/.local/lib/python3.7/site-packages/airflow/example_dags/tutorial_dag.py
[2023-03-15T16:08:44.612+0000] {processor.py:756} INFO - Processing file /home/airflow/.local/lib/python3.7/site-packages/airflow/example_dags/tutorial_dag.py for tasks to queue
[2023-03-15T16:08:44.616+0000] {logging_mixin.py:120} INFO - [2023-03-15T16:08:44.616+0000] {dagbag.py:537} INFO - Filling up the DagBag from /home/airflow/.local/lib/python3.7/site-packages/airflow/example_dags/tutorial_dag.py
[2023-03-15T16:08:44.644+0000] {processor.py:766} INFO - DAG(s) dict_keys(['tutorial_dag']) retrieved from /home/airflow/.local/lib/python3.7/site-packages/airflow/example_dags/tutorial_dag.py
[2023-03-15T16:08:44.710+0000] {logging_mixin.py:120} INFO - [2023-03-15T16:08:44.710+0000] {dag.py:2585} INFO - Sync 1 DAGs
[2023-03-15T16:08:44.750+0000] {logging_mixin.py:120} INFO - [2023-03-15T16:08:44.750+0000] {dag.py:3340} INFO - Setting next_dagrun for tutorial_dag to None, run_after=None
[2023-03-15T16:08:44.779+0000] {processor.py:176} INFO - Processing /home/airflow/.local/lib/python3.7/site-packages/airflow/example_dags/tutorial_dag.py took 0.172 seconds
[2023-03-15T16:09:15.410+0000] {processor.py:154} INFO - Started process (PID=1166) to work on /home/airflow/.local/lib/python3.7/site-packages/airflow/example_dags/tutorial_dag.py
[2023-03-15T16:09:15.413+0000] {processor.py:756} INFO - Processing file /home/airflow/.local/lib/python3.7/site-packages/airflow/example_dags/tutorial_dag.py for tasks to queue
[2023-03-15T16:09:15.417+0000] {logging_mixin.py:120} INFO - [2023-03-15T16:09:15.417+0000] {dagbag.py:537} INFO - Filling up the DagBag from /home/airflow/.local/lib/python3.7/site-packages/airflow/example_dags/tutorial_dag.py
[2023-03-15T16:09:15.448+0000] {processor.py:766} INFO - DAG(s) dict_keys(['tutorial_dag']) retrieved from /home/airflow/.local/lib/python3.7/site-packages/airflow/example_dags/tutorial_dag.py
[2023-03-15T16:09:15.511+0000] {logging_mixin.py:120} INFO - [2023-03-15T16:09:15.511+0000] {dag.py:2585} INFO - Sync 1 DAGs
[2023-03-15T16:09:15.555+0000] {logging_mixin.py:120} INFO - [2023-03-15T16:09:15.555+0000] {dag.py:3340} INFO - Setting next_dagrun for tutorial_dag to None, run_after=None
[2023-03-15T16:09:15.596+0000] {processor.py:176} INFO - Processing /home/airflow/.local/lib/python3.7/site-packages/airflow/example_dags/tutorial_dag.py took 0.189 seconds
[2023-03-15T16:09:45.769+0000] {processor.py:154} INFO - Started process (PID=1379) to work on /home/airflow/.local/lib/python3.7/site-packages/airflow/example_dags/tutorial_dag.py
[2023-03-15T16:09:45.773+0000] {processor.py:756} INFO - Processing file /home/airflow/.local/lib/python3.7/site-packages/airflow/example_dags/tutorial_dag.py for tasks to queue
[2023-03-15T16:09:45.780+0000] {logging_mixin.py:120} INFO - [2023-03-15T16:09:45.780+0000] {dagbag.py:537} INFO - Filling up the DagBag from /home/airflow/.local/lib/python3.7/site-packages/airflow/example_dags/tutorial_dag.py
[2023-03-15T16:09:45.815+0000] {processor.py:766} INFO - DAG(s) dict_keys(['tutorial_dag']) retrieved from /home/airflow/.local/lib/python3.7/site-packages/airflow/example_dags/tutorial_dag.py
[2023-03-15T16:09:45.873+0000] {logging_mixin.py:120} INFO - [2023-03-15T16:09:45.873+0000] {dag.py:2585} INFO - Sync 1 DAGs
[2023-03-15T16:09:45.919+0000] {logging_mixin.py:120} INFO - [2023-03-15T16:09:45.919+0000] {dag.py:3340} INFO - Setting next_dagrun for tutorial_dag to None, run_after=None
[2023-03-15T16:09:45.945+0000] {processor.py:176} INFO - Processing /home/airflow/.local/lib/python3.7/site-packages/airflow/example_dags/tutorial_dag.py took 0.179 seconds
[2023-03-15T16:10:16.339+0000] {processor.py:154} INFO - Started process (PID=1598) to work on /home/airflow/.local/lib/python3.7/site-packages/airflow/example_dags/tutorial_dag.py
[2023-03-15T16:10:16.342+0000] {processor.py:756} INFO - Processing file /home/airflow/.local/lib/python3.7/site-packages/airflow/example_dags/tutorial_dag.py for tasks to queue
[2023-03-15T16:10:16.343+0000] {logging_mixin.py:120} INFO - [2023-03-15T16:10:16.343+0000] {dagbag.py:537} INFO - Filling up the DagBag from /home/airflow/.local/lib/python3.7/site-packages/airflow/example_dags/tutorial_dag.py
[2023-03-15T16:10:16.363+0000] {processor.py:766} INFO - DAG(s) dict_keys(['tutorial_dag']) retrieved from /home/airflow/.local/lib/python3.7/site-packages/airflow/example_dags/tutorial_dag.py
[2023-03-15T16:10:16.465+0000] {logging_mixin.py:120} INFO - [2023-03-15T16:10:16.465+0000] {dag.py:2585} INFO - Sync 1 DAGs
[2023-03-15T16:10:16.499+0000] {logging_mixin.py:120} INFO - [2023-03-15T16:10:16.499+0000] {dag.py:3340} INFO - Setting next_dagrun for tutorial_dag to None, run_after=None
[2023-03-15T16:10:16.519+0000] {processor.py:176} INFO - Processing /home/airflow/.local/lib/python3.7/site-packages/airflow/example_dags/tutorial_dag.py took 0.184 seconds
[2023-03-15T16:10:46.742+0000] {processor.py:154} INFO - Started process (PID=1825) to work on /home/airflow/.local/lib/python3.7/site-packages/airflow/example_dags/tutorial_dag.py
[2023-03-15T16:10:46.744+0000] {processor.py:756} INFO - Processing file /home/airflow/.local/lib/python3.7/site-packages/airflow/example_dags/tutorial_dag.py for tasks to queue
[2023-03-15T16:10:46.744+0000] {logging_mixin.py:120} INFO - [2023-03-15T16:10:46.744+0000] {dagbag.py:537} INFO - Filling up the DagBag from /home/airflow/.local/lib/python3.7/site-packages/airflow/example_dags/tutorial_dag.py
[2023-03-15T16:10:46.756+0000] {processor.py:766} INFO - DAG(s) dict_keys(['tutorial_dag']) retrieved from /home/airflow/.local/lib/python3.7/site-packages/airflow/example_dags/tutorial_dag.py
[2023-03-15T16:10:46.807+0000] {logging_mixin.py:120} INFO - [2023-03-15T16:10:46.807+0000] {dag.py:2585} INFO - Sync 1 DAGs
[2023-03-15T16:10:46.834+0000] {logging_mixin.py:120} INFO - [2023-03-15T16:10:46.833+0000] {dag.py:3340} INFO - Setting next_dagrun for tutorial_dag to None, run_after=None
[2023-03-15T16:10:46.850+0000] {processor.py:176} INFO - Processing /home/airflow/.local/lib/python3.7/site-packages/airflow/example_dags/tutorial_dag.py took 0.111 seconds
[2023-03-15T16:11:17.013+0000] {processor.py:154} INFO - Started process (PID=2030) to work on /home/airflow/.local/lib/python3.7/site-packages/airflow/example_dags/tutorial_dag.py
[2023-03-15T16:11:17.017+0000] {processor.py:756} INFO - Processing file /home/airflow/.local/lib/python3.7/site-packages/airflow/example_dags/tutorial_dag.py for tasks to queue
[2023-03-15T16:11:17.019+0000] {logging_mixin.py:120} INFO - [2023-03-15T16:11:17.018+0000] {dagbag.py:537} INFO - Filling up the DagBag from /home/airflow/.local/lib/python3.7/site-packages/airflow/example_dags/tutorial_dag.py
[2023-03-15T16:11:17.030+0000] {processor.py:766} INFO - DAG(s) dict_keys(['tutorial_dag']) retrieved from /home/airflow/.local/lib/python3.7/site-packages/airflow/example_dags/tutorial_dag.py
[2023-03-15T16:11:17.069+0000] {logging_mixin.py:120} INFO - [2023-03-15T16:11:17.069+0000] {dag.py:2585} INFO - Sync 1 DAGs
[2023-03-15T16:11:17.088+0000] {logging_mixin.py:120} INFO - [2023-03-15T16:11:17.088+0000] {dag.py:3340} INFO - Setting next_dagrun for tutorial_dag to None, run_after=None
[2023-03-15T16:11:17.106+0000] {processor.py:176} INFO - Processing /home/airflow/.local/lib/python3.7/site-packages/airflow/example_dags/tutorial_dag.py took 0.096 seconds
[2023-03-15T16:11:47.438+0000] {processor.py:154} INFO - Started process (PID=2238) to work on /home/airflow/.local/lib/python3.7/site-packages/airflow/example_dags/tutorial_dag.py
[2023-03-15T16:11:47.440+0000] {processor.py:756} INFO - Processing file /home/airflow/.local/lib/python3.7/site-packages/airflow/example_dags/tutorial_dag.py for tasks to queue
[2023-03-15T16:11:47.444+0000] {logging_mixin.py:120} INFO - [2023-03-15T16:11:47.443+0000] {dagbag.py:537} INFO - Filling up the DagBag from /home/airflow/.local/lib/python3.7/site-packages/airflow/example_dags/tutorial_dag.py
[2023-03-15T16:11:47.453+0000] {processor.py:766} INFO - DAG(s) dict_keys(['tutorial_dag']) retrieved from /home/airflow/.local/lib/python3.7/site-packages/airflow/example_dags/tutorial_dag.py
[2023-03-15T16:11:47.504+0000] {logging_mixin.py:120} INFO - [2023-03-15T16:11:47.504+0000] {dag.py:2585} INFO - Sync 1 DAGs
[2023-03-15T16:11:47.528+0000] {logging_mixin.py:120} INFO - [2023-03-15T16:11:47.527+0000] {dag.py:3340} INFO - Setting next_dagrun for tutorial_dag to None, run_after=None
[2023-03-15T16:11:47.559+0000] {processor.py:176} INFO - Processing /home/airflow/.local/lib/python3.7/site-packages/airflow/example_dags/tutorial_dag.py took 0.125 seconds
[2023-03-15T16:12:18.531+0000] {processor.py:154} INFO - Started process (PID=2452) to work on /home/airflow/.local/lib/python3.7/site-packages/airflow/example_dags/tutorial_dag.py
[2023-03-15T16:12:18.533+0000] {processor.py:756} INFO - Processing file /home/airflow/.local/lib/python3.7/site-packages/airflow/example_dags/tutorial_dag.py for tasks to queue
[2023-03-15T16:12:18.534+0000] {logging_mixin.py:120} INFO - [2023-03-15T16:12:18.534+0000] {dagbag.py:537} INFO - Filling up the DagBag from /home/airflow/.local/lib/python3.7/site-packages/airflow/example_dags/tutorial_dag.py
[2023-03-15T16:12:18.555+0000] {processor.py:766} INFO - DAG(s) dict_keys(['tutorial_dag']) retrieved from /home/airflow/.local/lib/python3.7/site-packages/airflow/example_dags/tutorial_dag.py
[2023-03-15T16:12:18.634+0000] {logging_mixin.py:120} INFO - [2023-03-15T16:12:18.634+0000] {dag.py:2585} INFO - Sync 1 DAGs
[2023-03-15T16:12:18.677+0000] {logging_mixin.py:120} INFO - [2023-03-15T16:12:18.677+0000] {dag.py:3340} INFO - Setting next_dagrun for tutorial_dag to None, run_after=None
[2023-03-15T16:12:18.694+0000] {processor.py:176} INFO - Processing /home/airflow/.local/lib/python3.7/site-packages/airflow/example_dags/tutorial_dag.py took 0.175 seconds
[2023-03-15T16:12:49.380+0000] {processor.py:154} INFO - Started process (PID=2656) to work on /home/airflow/.local/lib/python3.7/site-packages/airflow/example_dags/tutorial_dag.py
[2023-03-15T16:12:49.381+0000] {processor.py:756} INFO - Processing file /home/airflow/.local/lib/python3.7/site-packages/airflow/example_dags/tutorial_dag.py for tasks to queue
[2023-03-15T16:12:49.382+0000] {logging_mixin.py:120} INFO - [2023-03-15T16:12:49.382+0000] {dagbag.py:537} INFO - Filling up the DagBag from /home/airflow/.local/lib/python3.7/site-packages/airflow/example_dags/tutorial_dag.py
[2023-03-15T16:12:49.394+0000] {processor.py:766} INFO - DAG(s) dict_keys(['tutorial_dag']) retrieved from /home/airflow/.local/lib/python3.7/site-packages/airflow/example_dags/tutorial_dag.py
[2023-03-15T16:12:49.427+0000] {logging_mixin.py:120} INFO - [2023-03-15T16:12:49.427+0000] {dag.py:2585} INFO - Sync 1 DAGs
[2023-03-15T16:12:49.453+0000] {logging_mixin.py:120} INFO - [2023-03-15T16:12:49.453+0000] {dag.py:3340} INFO - Setting next_dagrun for tutorial_dag to None, run_after=None
[2023-03-15T16:12:49.475+0000] {processor.py:176} INFO - Processing /home/airflow/.local/lib/python3.7/site-packages/airflow/example_dags/tutorial_dag.py took 0.098 seconds
[2023-03-15T16:13:20.186+0000] {processor.py:154} INFO - Started process (PID=2853) to work on /home/airflow/.local/lib/python3.7/site-packages/airflow/example_dags/tutorial_dag.py
[2023-03-15T16:13:20.187+0000] {processor.py:756} INFO - Processing file /home/airflow/.local/lib/python3.7/site-packages/airflow/example_dags/tutorial_dag.py for tasks to queue
[2023-03-15T16:13:20.188+0000] {logging_mixin.py:120} INFO - [2023-03-15T16:13:20.188+0000] {dagbag.py:537} INFO - Filling up the DagBag from /home/airflow/.local/lib/python3.7/site-packages/airflow/example_dags/tutorial_dag.py
[2023-03-15T16:13:20.198+0000] {processor.py:766} INFO - DAG(s) dict_keys(['tutorial_dag']) retrieved from /home/airflow/.local/lib/python3.7/site-packages/airflow/example_dags/tutorial_dag.py
[2023-03-15T16:13:20.228+0000] {logging_mixin.py:120} INFO - [2023-03-15T16:13:20.228+0000] {dag.py:2585} INFO - Sync 1 DAGs
[2023-03-15T16:13:20.242+0000] {logging_mixin.py:120} INFO - [2023-03-15T16:13:20.242+0000] {dag.py:3340} INFO - Setting next_dagrun for tutorial_dag to None, run_after=None
[2023-03-15T16:13:20.255+0000] {processor.py:176} INFO - Processing /home/airflow/.local/lib/python3.7/site-packages/airflow/example_dags/tutorial_dag.py took 0.072 seconds
[2023-03-15T16:29:47.101+0000] {processor.py:154} INFO - Started process (PID=2895) to work on /home/airflow/.local/lib/python3.7/site-packages/airflow/example_dags/tutorial_dag.py
[2023-03-15T16:29:47.102+0000] {processor.py:756} INFO - Processing file /home/airflow/.local/lib/python3.7/site-packages/airflow/example_dags/tutorial_dag.py for tasks to queue
[2023-03-15T16:29:47.103+0000] {logging_mixin.py:120} INFO - [2023-03-15T16:29:47.103+0000] {dagbag.py:537} INFO - Filling up the DagBag from /home/airflow/.local/lib/python3.7/site-packages/airflow/example_dags/tutorial_dag.py
[2023-03-15T16:29:47.125+0000] {processor.py:766} INFO - DAG(s) dict_keys(['tutorial_dag']) retrieved from /home/airflow/.local/lib/python3.7/site-packages/airflow/example_dags/tutorial_dag.py
[2023-03-15T16:29:47.175+0000] {logging_mixin.py:120} INFO - [2023-03-15T16:29:47.175+0000] {dag.py:2585} INFO - Sync 1 DAGs
[2023-03-15T16:29:47.200+0000] {logging_mixin.py:120} INFO - [2023-03-15T16:29:47.200+0000] {dag.py:3340} INFO - Setting next_dagrun for tutorial_dag to None, run_after=None
[2023-03-15T16:29:47.225+0000] {processor.py:176} INFO - Processing /home/airflow/.local/lib/python3.7/site-packages/airflow/example_dags/tutorial_dag.py took 0.127 seconds
[2023-03-15T16:30:18.300+0000] {processor.py:154} INFO - Started process (PID=2958) to work on /home/airflow/.local/lib/python3.7/site-packages/airflow/example_dags/tutorial_dag.py
[2023-03-15T16:30:18.301+0000] {processor.py:756} INFO - Processing file /home/airflow/.local/lib/python3.7/site-packages/airflow/example_dags/tutorial_dag.py for tasks to queue
[2023-03-15T16:30:18.301+0000] {logging_mixin.py:120} INFO - [2023-03-15T16:30:18.301+0000] {dagbag.py:537} INFO - Filling up the DagBag from /home/airflow/.local/lib/python3.7/site-packages/airflow/example_dags/tutorial_dag.py
[2023-03-15T16:30:18.311+0000] {processor.py:766} INFO - DAG(s) dict_keys(['tutorial_dag']) retrieved from /home/airflow/.local/lib/python3.7/site-packages/airflow/example_dags/tutorial_dag.py
[2023-03-15T16:30:18.341+0000] {logging_mixin.py:120} INFO - [2023-03-15T16:30:18.341+0000] {dag.py:2585} INFO - Sync 1 DAGs
[2023-03-15T16:30:18.356+0000] {logging_mixin.py:120} INFO - [2023-03-15T16:30:18.356+0000] {dag.py:3340} INFO - Setting next_dagrun for tutorial_dag to None, run_after=None
[2023-03-15T16:30:18.367+0000] {processor.py:176} INFO - Processing /home/airflow/.local/lib/python3.7/site-packages/airflow/example_dags/tutorial_dag.py took 0.070 seconds
[2023-03-15T16:47:12.921+0000] {processor.py:154} INFO - Started process (PID=3016) to work on /home/airflow/.local/lib/python3.7/site-packages/airflow/example_dags/tutorial_dag.py
[2023-03-15T16:47:12.922+0000] {processor.py:756} INFO - Processing file /home/airflow/.local/lib/python3.7/site-packages/airflow/example_dags/tutorial_dag.py for tasks to queue
[2023-03-15T16:47:12.923+0000] {logging_mixin.py:120} INFO - [2023-03-15T16:47:12.923+0000] {dagbag.py:537} INFO - Filling up the DagBag from /home/airflow/.local/lib/python3.7/site-packages/airflow/example_dags/tutorial_dag.py
[2023-03-15T16:47:12.936+0000] {processor.py:766} INFO - DAG(s) dict_keys(['tutorial_dag']) retrieved from /home/airflow/.local/lib/python3.7/site-packages/airflow/example_dags/tutorial_dag.py
[2023-03-15T16:47:13.003+0000] {logging_mixin.py:120} INFO - [2023-03-15T16:47:13.003+0000] {dag.py:2585} INFO - Sync 1 DAGs
[2023-03-15T16:47:13.030+0000] {logging_mixin.py:120} INFO - [2023-03-15T16:47:13.030+0000] {dag.py:3340} INFO - Setting next_dagrun for tutorial_dag to None, run_after=None
[2023-03-15T16:47:13.047+0000] {processor.py:176} INFO - Processing /home/airflow/.local/lib/python3.7/site-packages/airflow/example_dags/tutorial_dag.py took 0.131 seconds
[2023-03-15T16:47:44.035+0000] {processor.py:154} INFO - Started process (PID=3081) to work on /home/airflow/.local/lib/python3.7/site-packages/airflow/example_dags/tutorial_dag.py
[2023-03-15T16:47:44.036+0000] {processor.py:756} INFO - Processing file /home/airflow/.local/lib/python3.7/site-packages/airflow/example_dags/tutorial_dag.py for tasks to queue
[2023-03-15T16:47:44.037+0000] {logging_mixin.py:120} INFO - [2023-03-15T16:47:44.036+0000] {dagbag.py:537} INFO - Filling up the DagBag from /home/airflow/.local/lib/python3.7/site-packages/airflow/example_dags/tutorial_dag.py
[2023-03-15T16:47:44.045+0000] {processor.py:766} INFO - DAG(s) dict_keys(['tutorial_dag']) retrieved from /home/airflow/.local/lib/python3.7/site-packages/airflow/example_dags/tutorial_dag.py
[2023-03-15T16:47:44.073+0000] {logging_mixin.py:120} INFO - [2023-03-15T16:47:44.073+0000] {dag.py:2585} INFO - Sync 1 DAGs
[2023-03-15T16:47:44.087+0000] {logging_mixin.py:120} INFO - [2023-03-15T16:47:44.087+0000] {dag.py:3340} INFO - Setting next_dagrun for tutorial_dag to None, run_after=None
[2023-03-15T16:47:44.097+0000] {processor.py:176} INFO - Processing /home/airflow/.local/lib/python3.7/site-packages/airflow/example_dags/tutorial_dag.py took 0.065 seconds
[2023-03-15T16:59:19.836+0000] {processor.py:154} INFO - Started process (PID=3146) to work on /home/airflow/.local/lib/python3.7/site-packages/airflow/example_dags/tutorial_dag.py
[2023-03-15T16:59:19.838+0000] {processor.py:756} INFO - Processing file /home/airflow/.local/lib/python3.7/site-packages/airflow/example_dags/tutorial_dag.py for tasks to queue
[2023-03-15T16:59:19.839+0000] {logging_mixin.py:120} INFO - [2023-03-15T16:59:19.839+0000] {dagbag.py:537} INFO - Filling up the DagBag from /home/airflow/.local/lib/python3.7/site-packages/airflow/example_dags/tutorial_dag.py
[2023-03-15T16:59:19.858+0000] {processor.py:766} INFO - DAG(s) dict_keys(['tutorial_dag']) retrieved from /home/airflow/.local/lib/python3.7/site-packages/airflow/example_dags/tutorial_dag.py
[2023-03-15T16:59:19.901+0000] {logging_mixin.py:120} INFO - [2023-03-15T16:59:19.901+0000] {dag.py:2585} INFO - Sync 1 DAGs
[2023-03-15T16:59:19.922+0000] {logging_mixin.py:120} INFO - [2023-03-15T16:59:19.922+0000] {dag.py:3340} INFO - Setting next_dagrun for tutorial_dag to None, run_after=None
[2023-03-15T16:59:19.943+0000] {processor.py:176} INFO - Processing /home/airflow/.local/lib/python3.7/site-packages/airflow/example_dags/tutorial_dag.py took 0.110 seconds
[2023-03-15T16:59:50.479+0000] {processor.py:154} INFO - Started process (PID=3211) to work on /home/airflow/.local/lib/python3.7/site-packages/airflow/example_dags/tutorial_dag.py
[2023-03-15T16:59:50.480+0000] {processor.py:756} INFO - Processing file /home/airflow/.local/lib/python3.7/site-packages/airflow/example_dags/tutorial_dag.py for tasks to queue
[2023-03-15T16:59:50.481+0000] {logging_mixin.py:120} INFO - [2023-03-15T16:59:50.481+0000] {dagbag.py:537} INFO - Filling up the DagBag from /home/airflow/.local/lib/python3.7/site-packages/airflow/example_dags/tutorial_dag.py
[2023-03-15T16:59:50.491+0000] {processor.py:766} INFO - DAG(s) dict_keys(['tutorial_dag']) retrieved from /home/airflow/.local/lib/python3.7/site-packages/airflow/example_dags/tutorial_dag.py
[2023-03-15T16:59:50.520+0000] {logging_mixin.py:120} INFO - [2023-03-15T16:59:50.520+0000] {dag.py:2585} INFO - Sync 1 DAGs
[2023-03-15T16:59:50.534+0000] {logging_mixin.py:120} INFO - [2023-03-15T16:59:50.534+0000] {dag.py:3340} INFO - Setting next_dagrun for tutorial_dag to None, run_after=None
[2023-03-15T16:59:50.546+0000] {processor.py:176} INFO - Processing /home/airflow/.local/lib/python3.7/site-packages/airflow/example_dags/tutorial_dag.py took 0.069 seconds
[2023-03-15T17:00:21.070+0000] {processor.py:154} INFO - Started process (PID=3272) to work on /home/airflow/.local/lib/python3.7/site-packages/airflow/example_dags/tutorial_dag.py
[2023-03-15T17:00:21.071+0000] {processor.py:756} INFO - Processing file /home/airflow/.local/lib/python3.7/site-packages/airflow/example_dags/tutorial_dag.py for tasks to queue
[2023-03-15T17:00:21.072+0000] {logging_mixin.py:120} INFO - [2023-03-15T17:00:21.072+0000] {dagbag.py:537} INFO - Filling up the DagBag from /home/airflow/.local/lib/python3.7/site-packages/airflow/example_dags/tutorial_dag.py
[2023-03-15T17:00:21.083+0000] {processor.py:766} INFO - DAG(s) dict_keys(['tutorial_dag']) retrieved from /home/airflow/.local/lib/python3.7/site-packages/airflow/example_dags/tutorial_dag.py
[2023-03-15T17:00:21.117+0000] {logging_mixin.py:120} INFO - [2023-03-15T17:00:21.117+0000] {dag.py:2585} INFO - Sync 1 DAGs
[2023-03-15T17:00:21.136+0000] {logging_mixin.py:120} INFO - [2023-03-15T17:00:21.136+0000] {dag.py:3340} INFO - Setting next_dagrun for tutorial_dag to None, run_after=None
[2023-03-15T17:00:21.148+0000] {processor.py:176} INFO - Processing /home/airflow/.local/lib/python3.7/site-packages/airflow/example_dags/tutorial_dag.py took 0.081 seconds
[2023-03-15T17:00:51.697+0000] {processor.py:154} INFO - Started process (PID=3331) to work on /home/airflow/.local/lib/python3.7/site-packages/airflow/example_dags/tutorial_dag.py
[2023-03-15T17:00:51.700+0000] {processor.py:756} INFO - Processing file /home/airflow/.local/lib/python3.7/site-packages/airflow/example_dags/tutorial_dag.py for tasks to queue
[2023-03-15T17:00:51.701+0000] {logging_mixin.py:120} INFO - [2023-03-15T17:00:51.700+0000] {dagbag.py:537} INFO - Filling up the DagBag from /home/airflow/.local/lib/python3.7/site-packages/airflow/example_dags/tutorial_dag.py
[2023-03-15T17:00:51.710+0000] {processor.py:766} INFO - DAG(s) dict_keys(['tutorial_dag']) retrieved from /home/airflow/.local/lib/python3.7/site-packages/airflow/example_dags/tutorial_dag.py
[2023-03-15T17:00:51.741+0000] {logging_mixin.py:120} INFO - [2023-03-15T17:00:51.740+0000] {dag.py:2585} INFO - Sync 1 DAGs
[2023-03-15T17:00:51.756+0000] {logging_mixin.py:120} INFO - [2023-03-15T17:00:51.755+0000] {dag.py:3340} INFO - Setting next_dagrun for tutorial_dag to None, run_after=None
[2023-03-15T17:00:51.767+0000] {processor.py:176} INFO - Processing /home/airflow/.local/lib/python3.7/site-packages/airflow/example_dags/tutorial_dag.py took 0.072 seconds
[2023-03-15T17:01:22.184+0000] {processor.py:154} INFO - Started process (PID=3396) to work on /home/airflow/.local/lib/python3.7/site-packages/airflow/example_dags/tutorial_dag.py
[2023-03-15T17:01:22.186+0000] {processor.py:756} INFO - Processing file /home/airflow/.local/lib/python3.7/site-packages/airflow/example_dags/tutorial_dag.py for tasks to queue
[2023-03-15T17:01:22.187+0000] {logging_mixin.py:120} INFO - [2023-03-15T17:01:22.187+0000] {dagbag.py:537} INFO - Filling up the DagBag from /home/airflow/.local/lib/python3.7/site-packages/airflow/example_dags/tutorial_dag.py
[2023-03-15T17:01:22.196+0000] {processor.py:766} INFO - DAG(s) dict_keys(['tutorial_dag']) retrieved from /home/airflow/.local/lib/python3.7/site-packages/airflow/example_dags/tutorial_dag.py
[2023-03-15T17:01:22.226+0000] {logging_mixin.py:120} INFO - [2023-03-15T17:01:22.226+0000] {dag.py:2585} INFO - Sync 1 DAGs
[2023-03-15T17:01:22.241+0000] {logging_mixin.py:120} INFO - [2023-03-15T17:01:22.241+0000] {dag.py:3340} INFO - Setting next_dagrun for tutorial_dag to None, run_after=None
[2023-03-15T17:01:22.251+0000] {processor.py:176} INFO - Processing /home/airflow/.local/lib/python3.7/site-packages/airflow/example_dags/tutorial_dag.py took 0.069 seconds
[2023-03-15T17:01:52.592+0000] {processor.py:154} INFO - Started process (PID=3461) to work on /home/airflow/.local/lib/python3.7/site-packages/airflow/example_dags/tutorial_dag.py
[2023-03-15T17:01:52.594+0000] {processor.py:756} INFO - Processing file /home/airflow/.local/lib/python3.7/site-packages/airflow/example_dags/tutorial_dag.py for tasks to queue
[2023-03-15T17:01:52.595+0000] {logging_mixin.py:120} INFO - [2023-03-15T17:01:52.595+0000] {dagbag.py:537} INFO - Filling up the DagBag from /home/airflow/.local/lib/python3.7/site-packages/airflow/example_dags/tutorial_dag.py
[2023-03-15T17:01:52.605+0000] {processor.py:766} INFO - DAG(s) dict_keys(['tutorial_dag']) retrieved from /home/airflow/.local/lib/python3.7/site-packages/airflow/example_dags/tutorial_dag.py
[2023-03-15T17:01:52.635+0000] {logging_mixin.py:120} INFO - [2023-03-15T17:01:52.635+0000] {dag.py:2585} INFO - Sync 1 DAGs
[2023-03-15T17:01:52.650+0000] {logging_mixin.py:120} INFO - [2023-03-15T17:01:52.650+0000] {dag.py:3340} INFO - Setting next_dagrun for tutorial_dag to None, run_after=None
[2023-03-15T17:01:52.662+0000] {processor.py:176} INFO - Processing /home/airflow/.local/lib/python3.7/site-packages/airflow/example_dags/tutorial_dag.py took 0.072 seconds
[2023-03-15T17:02:22.996+0000] {processor.py:154} INFO - Started process (PID=3526) to work on /home/airflow/.local/lib/python3.7/site-packages/airflow/example_dags/tutorial_dag.py
[2023-03-15T17:02:22.998+0000] {processor.py:756} INFO - Processing file /home/airflow/.local/lib/python3.7/site-packages/airflow/example_dags/tutorial_dag.py for tasks to queue
[2023-03-15T17:02:22.998+0000] {logging_mixin.py:120} INFO - [2023-03-15T17:02:22.998+0000] {dagbag.py:537} INFO - Filling up the DagBag from /home/airflow/.local/lib/python3.7/site-packages/airflow/example_dags/tutorial_dag.py
[2023-03-15T17:02:23.008+0000] {processor.py:766} INFO - DAG(s) dict_keys(['tutorial_dag']) retrieved from /home/airflow/.local/lib/python3.7/site-packages/airflow/example_dags/tutorial_dag.py
[2023-03-15T17:02:23.038+0000] {logging_mixin.py:120} INFO - [2023-03-15T17:02:23.037+0000] {dag.py:2585} INFO - Sync 1 DAGs
[2023-03-15T17:02:23.053+0000] {logging_mixin.py:120} INFO - [2023-03-15T17:02:23.053+0000] {dag.py:3340} INFO - Setting next_dagrun for tutorial_dag to None, run_after=None
[2023-03-15T17:02:23.065+0000] {processor.py:176} INFO - Processing /home/airflow/.local/lib/python3.7/site-packages/airflow/example_dags/tutorial_dag.py took 0.071 seconds
[2023-03-15T17:02:53.402+0000] {processor.py:154} INFO - Started process (PID=3591) to work on /home/airflow/.local/lib/python3.7/site-packages/airflow/example_dags/tutorial_dag.py
[2023-03-15T17:02:53.403+0000] {processor.py:756} INFO - Processing file /home/airflow/.local/lib/python3.7/site-packages/airflow/example_dags/tutorial_dag.py for tasks to queue
[2023-03-15T17:02:53.404+0000] {logging_mixin.py:120} INFO - [2023-03-15T17:02:53.404+0000] {dagbag.py:537} INFO - Filling up the DagBag from /home/airflow/.local/lib/python3.7/site-packages/airflow/example_dags/tutorial_dag.py
[2023-03-15T17:02:53.413+0000] {processor.py:766} INFO - DAG(s) dict_keys(['tutorial_dag']) retrieved from /home/airflow/.local/lib/python3.7/site-packages/airflow/example_dags/tutorial_dag.py
[2023-03-15T17:02:53.443+0000] {logging_mixin.py:120} INFO - [2023-03-15T17:02:53.443+0000] {dag.py:2585} INFO - Sync 1 DAGs
[2023-03-15T17:02:53.458+0000] {logging_mixin.py:120} INFO - [2023-03-15T17:02:53.458+0000] {dag.py:3340} INFO - Setting next_dagrun for tutorial_dag to None, run_after=None
[2023-03-15T17:02:53.470+0000] {processor.py:176} INFO - Processing /home/airflow/.local/lib/python3.7/site-packages/airflow/example_dags/tutorial_dag.py took 0.071 seconds
[2023-03-15T17:03:23.984+0000] {processor.py:154} INFO - Started process (PID=3656) to work on /home/airflow/.local/lib/python3.7/site-packages/airflow/example_dags/tutorial_dag.py
[2023-03-15T17:03:23.985+0000] {processor.py:756} INFO - Processing file /home/airflow/.local/lib/python3.7/site-packages/airflow/example_dags/tutorial_dag.py for tasks to queue
[2023-03-15T17:03:23.986+0000] {logging_mixin.py:120} INFO - [2023-03-15T17:03:23.986+0000] {dagbag.py:537} INFO - Filling up the DagBag from /home/airflow/.local/lib/python3.7/site-packages/airflow/example_dags/tutorial_dag.py
[2023-03-15T17:03:23.996+0000] {processor.py:766} INFO - DAG(s) dict_keys(['tutorial_dag']) retrieved from /home/airflow/.local/lib/python3.7/site-packages/airflow/example_dags/tutorial_dag.py
[2023-03-15T17:03:24.028+0000] {logging_mixin.py:120} INFO - [2023-03-15T17:03:24.028+0000] {dag.py:2585} INFO - Sync 1 DAGs
[2023-03-15T17:03:24.043+0000] {logging_mixin.py:120} INFO - [2023-03-15T17:03:24.043+0000] {dag.py:3340} INFO - Setting next_dagrun for tutorial_dag to None, run_after=None
[2023-03-15T17:03:24.055+0000] {processor.py:176} INFO - Processing /home/airflow/.local/lib/python3.7/site-packages/airflow/example_dags/tutorial_dag.py took 0.075 seconds
[2023-03-15T17:03:54.483+0000] {processor.py:154} INFO - Started process (PID=3712) to work on /home/airflow/.local/lib/python3.7/site-packages/airflow/example_dags/tutorial_dag.py
[2023-03-15T17:03:54.484+0000] {processor.py:756} INFO - Processing file /home/airflow/.local/lib/python3.7/site-packages/airflow/example_dags/tutorial_dag.py for tasks to queue
[2023-03-15T17:03:54.485+0000] {logging_mixin.py:120} INFO - [2023-03-15T17:03:54.485+0000] {dagbag.py:537} INFO - Filling up the DagBag from /home/airflow/.local/lib/python3.7/site-packages/airflow/example_dags/tutorial_dag.py
[2023-03-15T17:03:54.495+0000] {processor.py:766} INFO - DAG(s) dict_keys(['tutorial_dag']) retrieved from /home/airflow/.local/lib/python3.7/site-packages/airflow/example_dags/tutorial_dag.py
[2023-03-15T17:03:54.524+0000] {logging_mixin.py:120} INFO - [2023-03-15T17:03:54.524+0000] {dag.py:2585} INFO - Sync 1 DAGs
[2023-03-15T17:03:54.539+0000] {logging_mixin.py:120} INFO - [2023-03-15T17:03:54.539+0000] {dag.py:3340} INFO - Setting next_dagrun for tutorial_dag to None, run_after=None
[2023-03-15T17:03:54.550+0000] {processor.py:176} INFO - Processing /home/airflow/.local/lib/python3.7/site-packages/airflow/example_dags/tutorial_dag.py took 0.070 seconds
[2023-03-15T17:04:24.966+0000] {processor.py:154} INFO - Started process (PID=3776) to work on /home/airflow/.local/lib/python3.7/site-packages/airflow/example_dags/tutorial_dag.py
[2023-03-15T17:04:24.967+0000] {processor.py:756} INFO - Processing file /home/airflow/.local/lib/python3.7/site-packages/airflow/example_dags/tutorial_dag.py for tasks to queue
[2023-03-15T17:04:24.967+0000] {logging_mixin.py:120} INFO - [2023-03-15T17:04:24.967+0000] {dagbag.py:537} INFO - Filling up the DagBag from /home/airflow/.local/lib/python3.7/site-packages/airflow/example_dags/tutorial_dag.py
[2023-03-15T17:04:24.977+0000] {processor.py:766} INFO - DAG(s) dict_keys(['tutorial_dag']) retrieved from /home/airflow/.local/lib/python3.7/site-packages/airflow/example_dags/tutorial_dag.py
[2023-03-15T17:04:25.006+0000] {logging_mixin.py:120} INFO - [2023-03-15T17:04:25.006+0000] {dag.py:2585} INFO - Sync 1 DAGs
[2023-03-15T17:04:25.021+0000] {logging_mixin.py:120} INFO - [2023-03-15T17:04:25.021+0000] {dag.py:3340} INFO - Setting next_dagrun for tutorial_dag to None, run_after=None
[2023-03-15T17:04:25.032+0000] {processor.py:176} INFO - Processing /home/airflow/.local/lib/python3.7/site-packages/airflow/example_dags/tutorial_dag.py took 0.069 seconds
