[2023-03-15T16:01:36.434+0000] {processor.py:154} INFO - Started process (PID=34) to work on /home/airflow/.local/lib/python3.7/site-packages/airflow/example_dags/tutorial_taskflow_api.py
[2023-03-15T16:01:36.443+0000] {processor.py:756} INFO - Processing file /home/airflow/.local/lib/python3.7/site-packages/airflow/example_dags/tutorial_taskflow_api.py for tasks to queue
[2023-03-15T16:01:36.447+0000] {logging_mixin.py:120} INFO - [2023-03-15T16:01:36.447+0000] {dagbag.py:537} INFO - Filling up the DagBag from /home/airflow/.local/lib/python3.7/site-packages/airflow/example_dags/tutorial_taskflow_api.py
[2023-03-15T16:01:36.523+0000] {processor.py:766} INFO - DAG(s) dict_keys(['tutorial_taskflow_api']) retrieved from /home/airflow/.local/lib/python3.7/site-packages/airflow/example_dags/tutorial_taskflow_api.py
[2023-03-15T16:01:36.833+0000] {logging_mixin.py:120} INFO - [2023-03-15T16:01:36.833+0000] {manager.py:507} INFO - Created Permission View: can read on DAG:tutorial_taskflow_api
[2023-03-15T16:01:36.840+0000] {logging_mixin.py:120} INFO - [2023-03-15T16:01:36.840+0000] {manager.py:507} INFO - Created Permission View: can delete on DAG:tutorial_taskflow_api
[2023-03-15T16:01:36.845+0000] {logging_mixin.py:120} INFO - [2023-03-15T16:01:36.845+0000] {manager.py:507} INFO - Created Permission View: can edit on DAG:tutorial_taskflow_api
[2023-03-15T16:01:36.846+0000] {logging_mixin.py:120} INFO - [2023-03-15T16:01:36.846+0000] {dag.py:2585} INFO - Sync 1 DAGs
[2023-03-15T16:01:36.860+0000] {logging_mixin.py:120} INFO - [2023-03-15T16:01:36.860+0000] {dag.py:2606} INFO - Creating ORM DAG for tutorial_taskflow_api
[2023-03-15T16:01:36.874+0000] {logging_mixin.py:120} INFO - [2023-03-15T16:01:36.874+0000] {dag.py:3340} INFO - Setting next_dagrun for tutorial_taskflow_api to None, run_after=None
[2023-03-15T16:01:36.925+0000] {processor.py:176} INFO - Processing /home/airflow/.local/lib/python3.7/site-packages/airflow/example_dags/tutorial_taskflow_api.py took 0.509 seconds
[2023-03-15T16:02:07.727+0000] {processor.py:154} INFO - Started process (PID=96) to work on /home/airflow/.local/lib/python3.7/site-packages/airflow/example_dags/tutorial_taskflow_api.py
[2023-03-15T16:02:07.728+0000] {processor.py:756} INFO - Processing file /home/airflow/.local/lib/python3.7/site-packages/airflow/example_dags/tutorial_taskflow_api.py for tasks to queue
[2023-03-15T16:02:07.729+0000] {logging_mixin.py:120} INFO - [2023-03-15T16:02:07.729+0000] {dagbag.py:537} INFO - Filling up the DagBag from /home/airflow/.local/lib/python3.7/site-packages/airflow/example_dags/tutorial_taskflow_api.py
[2023-03-15T16:02:07.752+0000] {processor.py:766} INFO - DAG(s) dict_keys(['tutorial_taskflow_api']) retrieved from /home/airflow/.local/lib/python3.7/site-packages/airflow/example_dags/tutorial_taskflow_api.py
[2023-03-15T16:02:07.791+0000] {logging_mixin.py:120} INFO - [2023-03-15T16:02:07.791+0000] {dag.py:2585} INFO - Sync 1 DAGs
[2023-03-15T16:02:07.811+0000] {logging_mixin.py:120} INFO - [2023-03-15T16:02:07.811+0000] {dag.py:3340} INFO - Setting next_dagrun for tutorial_taskflow_api to None, run_after=None
[2023-03-15T16:02:07.824+0000] {processor.py:176} INFO - Processing /home/airflow/.local/lib/python3.7/site-packages/airflow/example_dags/tutorial_taskflow_api.py took 0.102 seconds
[2023-03-15T16:02:38.252+0000] {processor.py:154} INFO - Started process (PID=158) to work on /home/airflow/.local/lib/python3.7/site-packages/airflow/example_dags/tutorial_taskflow_api.py
[2023-03-15T16:02:38.259+0000] {processor.py:756} INFO - Processing file /home/airflow/.local/lib/python3.7/site-packages/airflow/example_dags/tutorial_taskflow_api.py for tasks to queue
[2023-03-15T16:02:38.266+0000] {logging_mixin.py:120} INFO - [2023-03-15T16:02:38.260+0000] {dagbag.py:537} INFO - Filling up the DagBag from /home/airflow/.local/lib/python3.7/site-packages/airflow/example_dags/tutorial_taskflow_api.py
[2023-03-15T16:02:38.348+0000] {processor.py:766} INFO - DAG(s) dict_keys(['tutorial_taskflow_api']) retrieved from /home/airflow/.local/lib/python3.7/site-packages/airflow/example_dags/tutorial_taskflow_api.py
[2023-03-15T16:02:38.510+0000] {logging_mixin.py:120} INFO - [2023-03-15T16:02:38.510+0000] {dag.py:2585} INFO - Sync 1 DAGs
[2023-03-15T16:02:38.576+0000] {logging_mixin.py:120} INFO - [2023-03-15T16:02:38.575+0000] {dag.py:3340} INFO - Setting next_dagrun for tutorial_taskflow_api to None, run_after=None
[2023-03-15T16:02:38.609+0000] {processor.py:176} INFO - Processing /home/airflow/.local/lib/python3.7/site-packages/airflow/example_dags/tutorial_taskflow_api.py took 0.361 seconds
[2023-03-15T16:03:08.735+0000] {processor.py:154} INFO - Started process (PID=213) to work on /home/airflow/.local/lib/python3.7/site-packages/airflow/example_dags/tutorial_taskflow_api.py
[2023-03-15T16:03:08.736+0000] {processor.py:756} INFO - Processing file /home/airflow/.local/lib/python3.7/site-packages/airflow/example_dags/tutorial_taskflow_api.py for tasks to queue
[2023-03-15T16:03:08.737+0000] {logging_mixin.py:120} INFO - [2023-03-15T16:03:08.737+0000] {dagbag.py:537} INFO - Filling up the DagBag from /home/airflow/.local/lib/python3.7/site-packages/airflow/example_dags/tutorial_taskflow_api.py
[2023-03-15T16:03:08.756+0000] {processor.py:766} INFO - DAG(s) dict_keys(['tutorial_taskflow_api']) retrieved from /home/airflow/.local/lib/python3.7/site-packages/airflow/example_dags/tutorial_taskflow_api.py
[2023-03-15T16:03:08.790+0000] {logging_mixin.py:120} INFO - [2023-03-15T16:03:08.790+0000] {dag.py:2585} INFO - Sync 1 DAGs
[2023-03-15T16:03:08.808+0000] {logging_mixin.py:120} INFO - [2023-03-15T16:03:08.808+0000] {dag.py:3340} INFO - Setting next_dagrun for tutorial_taskflow_api to None, run_after=None
[2023-03-15T16:03:08.823+0000] {processor.py:176} INFO - Processing /home/airflow/.local/lib/python3.7/site-packages/airflow/example_dags/tutorial_taskflow_api.py took 0.091 seconds
[2023-03-15T16:03:39.175+0000] {processor.py:154} INFO - Started process (PID=277) to work on /home/airflow/.local/lib/python3.7/site-packages/airflow/example_dags/tutorial_taskflow_api.py
[2023-03-15T16:03:39.176+0000] {processor.py:756} INFO - Processing file /home/airflow/.local/lib/python3.7/site-packages/airflow/example_dags/tutorial_taskflow_api.py for tasks to queue
[2023-03-15T16:03:39.177+0000] {logging_mixin.py:120} INFO - [2023-03-15T16:03:39.176+0000] {dagbag.py:537} INFO - Filling up the DagBag from /home/airflow/.local/lib/python3.7/site-packages/airflow/example_dags/tutorial_taskflow_api.py
[2023-03-15T16:03:39.191+0000] {processor.py:766} INFO - DAG(s) dict_keys(['tutorial_taskflow_api']) retrieved from /home/airflow/.local/lib/python3.7/site-packages/airflow/example_dags/tutorial_taskflow_api.py
[2023-03-15T16:03:39.226+0000] {logging_mixin.py:120} INFO - [2023-03-15T16:03:39.225+0000] {dag.py:2585} INFO - Sync 1 DAGs
[2023-03-15T16:03:39.245+0000] {logging_mixin.py:120} INFO - [2023-03-15T16:03:39.245+0000] {dag.py:3340} INFO - Setting next_dagrun for tutorial_taskflow_api to None, run_after=None
[2023-03-15T16:03:39.257+0000] {processor.py:176} INFO - Processing /home/airflow/.local/lib/python3.7/site-packages/airflow/example_dags/tutorial_taskflow_api.py took 0.085 seconds
[2023-03-15T16:04:09.421+0000] {processor.py:154} INFO - Started process (PID=340) to work on /home/airflow/.local/lib/python3.7/site-packages/airflow/example_dags/tutorial_taskflow_api.py
[2023-03-15T16:04:09.422+0000] {processor.py:756} INFO - Processing file /home/airflow/.local/lib/python3.7/site-packages/airflow/example_dags/tutorial_taskflow_api.py for tasks to queue
[2023-03-15T16:04:09.422+0000] {logging_mixin.py:120} INFO - [2023-03-15T16:04:09.422+0000] {dagbag.py:537} INFO - Filling up the DagBag from /home/airflow/.local/lib/python3.7/site-packages/airflow/example_dags/tutorial_taskflow_api.py
[2023-03-15T16:04:09.436+0000] {processor.py:766} INFO - DAG(s) dict_keys(['tutorial_taskflow_api']) retrieved from /home/airflow/.local/lib/python3.7/site-packages/airflow/example_dags/tutorial_taskflow_api.py
[2023-03-15T16:04:09.470+0000] {logging_mixin.py:120} INFO - [2023-03-15T16:04:09.470+0000] {dag.py:2585} INFO - Sync 1 DAGs
[2023-03-15T16:04:09.487+0000] {logging_mixin.py:120} INFO - [2023-03-15T16:04:09.487+0000] {dag.py:3340} INFO - Setting next_dagrun for tutorial_taskflow_api to None, run_after=None
[2023-03-15T16:04:09.499+0000] {processor.py:176} INFO - Processing /home/airflow/.local/lib/python3.7/site-packages/airflow/example_dags/tutorial_taskflow_api.py took 0.081 seconds
[2023-03-15T16:04:39.677+0000] {processor.py:154} INFO - Started process (PID=405) to work on /home/airflow/.local/lib/python3.7/site-packages/airflow/example_dags/tutorial_taskflow_api.py
[2023-03-15T16:04:39.679+0000] {processor.py:756} INFO - Processing file /home/airflow/.local/lib/python3.7/site-packages/airflow/example_dags/tutorial_taskflow_api.py for tasks to queue
[2023-03-15T16:04:39.680+0000] {logging_mixin.py:120} INFO - [2023-03-15T16:04:39.680+0000] {dagbag.py:537} INFO - Filling up the DagBag from /home/airflow/.local/lib/python3.7/site-packages/airflow/example_dags/tutorial_taskflow_api.py
[2023-03-15T16:04:39.696+0000] {processor.py:766} INFO - DAG(s) dict_keys(['tutorial_taskflow_api']) retrieved from /home/airflow/.local/lib/python3.7/site-packages/airflow/example_dags/tutorial_taskflow_api.py
[2023-03-15T16:04:39.725+0000] {logging_mixin.py:120} INFO - [2023-03-15T16:04:39.725+0000] {dag.py:2585} INFO - Sync 1 DAGs
[2023-03-15T16:04:39.740+0000] {logging_mixin.py:120} INFO - [2023-03-15T16:04:39.740+0000] {dag.py:3340} INFO - Setting next_dagrun for tutorial_taskflow_api to None, run_after=None
[2023-03-15T16:04:39.753+0000] {processor.py:176} INFO - Processing /home/airflow/.local/lib/python3.7/site-packages/airflow/example_dags/tutorial_taskflow_api.py took 0.078 seconds
[2023-03-15T16:05:10.752+0000] {processor.py:154} INFO - Started process (PID=469) to work on /home/airflow/.local/lib/python3.7/site-packages/airflow/example_dags/tutorial_taskflow_api.py
[2023-03-15T16:05:10.757+0000] {processor.py:756} INFO - Processing file /home/airflow/.local/lib/python3.7/site-packages/airflow/example_dags/tutorial_taskflow_api.py for tasks to queue
[2023-03-15T16:05:10.759+0000] {logging_mixin.py:120} INFO - [2023-03-15T16:05:10.759+0000] {dagbag.py:537} INFO - Filling up the DagBag from /home/airflow/.local/lib/python3.7/site-packages/airflow/example_dags/tutorial_taskflow_api.py
[2023-03-15T16:05:10.785+0000] {processor.py:766} INFO - DAG(s) dict_keys(['tutorial_taskflow_api']) retrieved from /home/airflow/.local/lib/python3.7/site-packages/airflow/example_dags/tutorial_taskflow_api.py
[2023-03-15T16:05:10.838+0000] {logging_mixin.py:120} INFO - [2023-03-15T16:05:10.837+0000] {dag.py:2585} INFO - Sync 1 DAGs
[2023-03-15T16:05:10.861+0000] {logging_mixin.py:120} INFO - [2023-03-15T16:05:10.861+0000] {dag.py:3340} INFO - Setting next_dagrun for tutorial_taskflow_api to None, run_after=None
[2023-03-15T16:05:10.876+0000] {processor.py:176} INFO - Processing /home/airflow/.local/lib/python3.7/site-packages/airflow/example_dags/tutorial_taskflow_api.py took 0.127 seconds
[2023-03-15T16:05:41.573+0000] {processor.py:154} INFO - Started process (PID=523) to work on /home/airflow/.local/lib/python3.7/site-packages/airflow/example_dags/tutorial_taskflow_api.py
[2023-03-15T16:05:41.575+0000] {processor.py:756} INFO - Processing file /home/airflow/.local/lib/python3.7/site-packages/airflow/example_dags/tutorial_taskflow_api.py for tasks to queue
[2023-03-15T16:05:41.576+0000] {logging_mixin.py:120} INFO - [2023-03-15T16:05:41.576+0000] {dagbag.py:537} INFO - Filling up the DagBag from /home/airflow/.local/lib/python3.7/site-packages/airflow/example_dags/tutorial_taskflow_api.py
[2023-03-15T16:05:41.597+0000] {processor.py:766} INFO - DAG(s) dict_keys(['tutorial_taskflow_api']) retrieved from /home/airflow/.local/lib/python3.7/site-packages/airflow/example_dags/tutorial_taskflow_api.py
[2023-03-15T16:05:41.635+0000] {logging_mixin.py:120} INFO - [2023-03-15T16:05:41.635+0000] {dag.py:2585} INFO - Sync 1 DAGs
[2023-03-15T16:05:41.662+0000] {logging_mixin.py:120} INFO - [2023-03-15T16:05:41.662+0000] {dag.py:3340} INFO - Setting next_dagrun for tutorial_taskflow_api to None, run_after=None
[2023-03-15T16:05:41.677+0000] {processor.py:176} INFO - Processing /home/airflow/.local/lib/python3.7/site-packages/airflow/example_dags/tutorial_taskflow_api.py took 0.106 seconds
[2023-03-15T16:06:11.831+0000] {processor.py:154} INFO - Started process (PID=585) to work on /home/airflow/.local/lib/python3.7/site-packages/airflow/example_dags/tutorial_taskflow_api.py
[2023-03-15T16:06:11.833+0000] {processor.py:756} INFO - Processing file /home/airflow/.local/lib/python3.7/site-packages/airflow/example_dags/tutorial_taskflow_api.py for tasks to queue
[2023-03-15T16:06:11.834+0000] {logging_mixin.py:120} INFO - [2023-03-15T16:06:11.834+0000] {dagbag.py:537} INFO - Filling up the DagBag from /home/airflow/.local/lib/python3.7/site-packages/airflow/example_dags/tutorial_taskflow_api.py
[2023-03-15T16:06:11.853+0000] {processor.py:766} INFO - DAG(s) dict_keys(['tutorial_taskflow_api']) retrieved from /home/airflow/.local/lib/python3.7/site-packages/airflow/example_dags/tutorial_taskflow_api.py
[2023-03-15T16:06:11.886+0000] {logging_mixin.py:120} INFO - [2023-03-15T16:06:11.886+0000] {dag.py:2585} INFO - Sync 1 DAGs
[2023-03-15T16:06:11.901+0000] {logging_mixin.py:120} INFO - [2023-03-15T16:06:11.901+0000] {dag.py:3340} INFO - Setting next_dagrun for tutorial_taskflow_api to None, run_after=None
[2023-03-15T16:06:11.914+0000] {processor.py:176} INFO - Processing /home/airflow/.local/lib/python3.7/site-packages/airflow/example_dags/tutorial_taskflow_api.py took 0.086 seconds
[2023-03-15T16:06:42.064+0000] {processor.py:154} INFO - Started process (PID=650) to work on /home/airflow/.local/lib/python3.7/site-packages/airflow/example_dags/tutorial_taskflow_api.py
[2023-03-15T16:06:42.066+0000] {processor.py:756} INFO - Processing file /home/airflow/.local/lib/python3.7/site-packages/airflow/example_dags/tutorial_taskflow_api.py for tasks to queue
[2023-03-15T16:06:42.067+0000] {logging_mixin.py:120} INFO - [2023-03-15T16:06:42.067+0000] {dagbag.py:537} INFO - Filling up the DagBag from /home/airflow/.local/lib/python3.7/site-packages/airflow/example_dags/tutorial_taskflow_api.py
[2023-03-15T16:06:42.082+0000] {processor.py:766} INFO - DAG(s) dict_keys(['tutorial_taskflow_api']) retrieved from /home/airflow/.local/lib/python3.7/site-packages/airflow/example_dags/tutorial_taskflow_api.py
[2023-03-15T16:06:42.114+0000] {logging_mixin.py:120} INFO - [2023-03-15T16:06:42.114+0000] {dag.py:2585} INFO - Sync 1 DAGs
[2023-03-15T16:06:42.129+0000] {logging_mixin.py:120} INFO - [2023-03-15T16:06:42.129+0000] {dag.py:3340} INFO - Setting next_dagrun for tutorial_taskflow_api to None, run_after=None
[2023-03-15T16:06:42.142+0000] {processor.py:176} INFO - Processing /home/airflow/.local/lib/python3.7/site-packages/airflow/example_dags/tutorial_taskflow_api.py took 0.080 seconds
[2023-03-15T16:07:12.560+0000] {processor.py:154} INFO - Started process (PID=716) to work on /home/airflow/.local/lib/python3.7/site-packages/airflow/example_dags/tutorial_taskflow_api.py
[2023-03-15T16:07:12.561+0000] {processor.py:756} INFO - Processing file /home/airflow/.local/lib/python3.7/site-packages/airflow/example_dags/tutorial_taskflow_api.py for tasks to queue
[2023-03-15T16:07:12.562+0000] {logging_mixin.py:120} INFO - [2023-03-15T16:07:12.562+0000] {dagbag.py:537} INFO - Filling up the DagBag from /home/airflow/.local/lib/python3.7/site-packages/airflow/example_dags/tutorial_taskflow_api.py
[2023-03-15T16:07:12.578+0000] {processor.py:766} INFO - DAG(s) dict_keys(['tutorial_taskflow_api']) retrieved from /home/airflow/.local/lib/python3.7/site-packages/airflow/example_dags/tutorial_taskflow_api.py
[2023-03-15T16:07:12.609+0000] {logging_mixin.py:120} INFO - [2023-03-15T16:07:12.609+0000] {dag.py:2585} INFO - Sync 1 DAGs
[2023-03-15T16:07:12.625+0000] {logging_mixin.py:120} INFO - [2023-03-15T16:07:12.625+0000] {dag.py:3340} INFO - Setting next_dagrun for tutorial_taskflow_api to None, run_after=None
[2023-03-15T16:07:12.636+0000] {processor.py:176} INFO - Processing /home/airflow/.local/lib/python3.7/site-packages/airflow/example_dags/tutorial_taskflow_api.py took 0.079 seconds
[2023-03-15T16:07:42.803+0000] {processor.py:154} INFO - Started process (PID=781) to work on /home/airflow/.local/lib/python3.7/site-packages/airflow/example_dags/tutorial_taskflow_api.py
[2023-03-15T16:07:42.804+0000] {processor.py:756} INFO - Processing file /home/airflow/.local/lib/python3.7/site-packages/airflow/example_dags/tutorial_taskflow_api.py for tasks to queue
[2023-03-15T16:07:42.805+0000] {logging_mixin.py:120} INFO - [2023-03-15T16:07:42.805+0000] {dagbag.py:537} INFO - Filling up the DagBag from /home/airflow/.local/lib/python3.7/site-packages/airflow/example_dags/tutorial_taskflow_api.py
[2023-03-15T16:07:42.822+0000] {processor.py:766} INFO - DAG(s) dict_keys(['tutorial_taskflow_api']) retrieved from /home/airflow/.local/lib/python3.7/site-packages/airflow/example_dags/tutorial_taskflow_api.py
[2023-03-15T16:07:42.856+0000] {logging_mixin.py:120} INFO - [2023-03-15T16:07:42.856+0000] {dag.py:2585} INFO - Sync 1 DAGs
[2023-03-15T16:07:42.873+0000] {logging_mixin.py:120} INFO - [2023-03-15T16:07:42.872+0000] {dag.py:3340} INFO - Setting next_dagrun for tutorial_taskflow_api to None, run_after=None
[2023-03-15T16:07:42.887+0000] {processor.py:176} INFO - Processing /home/airflow/.local/lib/python3.7/site-packages/airflow/example_dags/tutorial_taskflow_api.py took 0.088 seconds
[2023-03-15T16:08:13.499+0000] {processor.py:154} INFO - Started process (PID=845) to work on /home/airflow/.local/lib/python3.7/site-packages/airflow/example_dags/tutorial_taskflow_api.py
[2023-03-15T16:08:13.501+0000] {processor.py:756} INFO - Processing file /home/airflow/.local/lib/python3.7/site-packages/airflow/example_dags/tutorial_taskflow_api.py for tasks to queue
[2023-03-15T16:08:13.502+0000] {logging_mixin.py:120} INFO - [2023-03-15T16:08:13.502+0000] {dagbag.py:537} INFO - Filling up the DagBag from /home/airflow/.local/lib/python3.7/site-packages/airflow/example_dags/tutorial_taskflow_api.py
[2023-03-15T16:08:13.519+0000] {processor.py:766} INFO - DAG(s) dict_keys(['tutorial_taskflow_api']) retrieved from /home/airflow/.local/lib/python3.7/site-packages/airflow/example_dags/tutorial_taskflow_api.py
[2023-03-15T16:08:13.558+0000] {logging_mixin.py:120} INFO - [2023-03-15T16:08:13.558+0000] {dag.py:2585} INFO - Sync 1 DAGs
[2023-03-15T16:08:13.578+0000] {logging_mixin.py:120} INFO - [2023-03-15T16:08:13.578+0000] {dag.py:3340} INFO - Setting next_dagrun for tutorial_taskflow_api to None, run_after=None
[2023-03-15T16:08:13.593+0000] {processor.py:176} INFO - Processing /home/airflow/.local/lib/python3.7/site-packages/airflow/example_dags/tutorial_taskflow_api.py took 0.098 seconds
[2023-03-15T16:08:43.854+0000] {processor.py:154} INFO - Started process (PID=969) to work on /home/airflow/.local/lib/python3.7/site-packages/airflow/example_dags/tutorial_taskflow_api.py
[2023-03-15T16:08:43.856+0000] {processor.py:756} INFO - Processing file /home/airflow/.local/lib/python3.7/site-packages/airflow/example_dags/tutorial_taskflow_api.py for tasks to queue
[2023-03-15T16:08:43.860+0000] {logging_mixin.py:120} INFO - [2023-03-15T16:08:43.860+0000] {dagbag.py:537} INFO - Filling up the DagBag from /home/airflow/.local/lib/python3.7/site-packages/airflow/example_dags/tutorial_taskflow_api.py
[2023-03-15T16:08:43.892+0000] {processor.py:766} INFO - DAG(s) dict_keys(['tutorial_taskflow_api']) retrieved from /home/airflow/.local/lib/python3.7/site-packages/airflow/example_dags/tutorial_taskflow_api.py
[2023-03-15T16:08:43.960+0000] {logging_mixin.py:120} INFO - [2023-03-15T16:08:43.960+0000] {dag.py:2585} INFO - Sync 1 DAGs
[2023-03-15T16:08:43.990+0000] {logging_mixin.py:120} INFO - [2023-03-15T16:08:43.990+0000] {dag.py:3340} INFO - Setting next_dagrun for tutorial_taskflow_api to None, run_after=None
[2023-03-15T16:08:44.010+0000] {processor.py:176} INFO - Processing /home/airflow/.local/lib/python3.7/site-packages/airflow/example_dags/tutorial_taskflow_api.py took 0.159 seconds
[2023-03-15T16:09:14.705+0000] {processor.py:154} INFO - Started process (PID=1161) to work on /home/airflow/.local/lib/python3.7/site-packages/airflow/example_dags/tutorial_taskflow_api.py
[2023-03-15T16:09:14.709+0000] {processor.py:756} INFO - Processing file /home/airflow/.local/lib/python3.7/site-packages/airflow/example_dags/tutorial_taskflow_api.py for tasks to queue
[2023-03-15T16:09:14.710+0000] {logging_mixin.py:120} INFO - [2023-03-15T16:09:14.710+0000] {dagbag.py:537} INFO - Filling up the DagBag from /home/airflow/.local/lib/python3.7/site-packages/airflow/example_dags/tutorial_taskflow_api.py
[2023-03-15T16:09:14.737+0000] {processor.py:766} INFO - DAG(s) dict_keys(['tutorial_taskflow_api']) retrieved from /home/airflow/.local/lib/python3.7/site-packages/airflow/example_dags/tutorial_taskflow_api.py
[2023-03-15T16:09:14.800+0000] {logging_mixin.py:120} INFO - [2023-03-15T16:09:14.800+0000] {dag.py:2585} INFO - Sync 1 DAGs
[2023-03-15T16:09:14.824+0000] {logging_mixin.py:120} INFO - [2023-03-15T16:09:14.824+0000] {dag.py:3340} INFO - Setting next_dagrun for tutorial_taskflow_api to None, run_after=None
[2023-03-15T16:09:14.844+0000] {processor.py:176} INFO - Processing /home/airflow/.local/lib/python3.7/site-packages/airflow/example_dags/tutorial_taskflow_api.py took 0.141 seconds
[2023-03-15T16:09:45.016+0000] {processor.py:154} INFO - Started process (PID=1364) to work on /home/airflow/.local/lib/python3.7/site-packages/airflow/example_dags/tutorial_taskflow_api.py
[2023-03-15T16:09:45.020+0000] {processor.py:756} INFO - Processing file /home/airflow/.local/lib/python3.7/site-packages/airflow/example_dags/tutorial_taskflow_api.py for tasks to queue
[2023-03-15T16:09:45.021+0000] {logging_mixin.py:120} INFO - [2023-03-15T16:09:45.021+0000] {dagbag.py:537} INFO - Filling up the DagBag from /home/airflow/.local/lib/python3.7/site-packages/airflow/example_dags/tutorial_taskflow_api.py
[2023-03-15T16:09:45.043+0000] {processor.py:766} INFO - DAG(s) dict_keys(['tutorial_taskflow_api']) retrieved from /home/airflow/.local/lib/python3.7/site-packages/airflow/example_dags/tutorial_taskflow_api.py
[2023-03-15T16:09:45.120+0000] {logging_mixin.py:120} INFO - [2023-03-15T16:09:45.120+0000] {dag.py:2585} INFO - Sync 1 DAGs
[2023-03-15T16:09:45.157+0000] {logging_mixin.py:120} INFO - [2023-03-15T16:09:45.157+0000] {dag.py:3340} INFO - Setting next_dagrun for tutorial_taskflow_api to None, run_after=None
[2023-03-15T16:09:45.176+0000] {processor.py:176} INFO - Processing /home/airflow/.local/lib/python3.7/site-packages/airflow/example_dags/tutorial_taskflow_api.py took 0.163 seconds
[2023-03-15T16:10:15.587+0000] {processor.py:154} INFO - Started process (PID=1589) to work on /home/airflow/.local/lib/python3.7/site-packages/airflow/example_dags/tutorial_taskflow_api.py
[2023-03-15T16:10:15.588+0000] {processor.py:756} INFO - Processing file /home/airflow/.local/lib/python3.7/site-packages/airflow/example_dags/tutorial_taskflow_api.py for tasks to queue
[2023-03-15T16:10:15.589+0000] {logging_mixin.py:120} INFO - [2023-03-15T16:10:15.589+0000] {dagbag.py:537} INFO - Filling up the DagBag from /home/airflow/.local/lib/python3.7/site-packages/airflow/example_dags/tutorial_taskflow_api.py
[2023-03-15T16:10:15.618+0000] {processor.py:766} INFO - DAG(s) dict_keys(['tutorial_taskflow_api']) retrieved from /home/airflow/.local/lib/python3.7/site-packages/airflow/example_dags/tutorial_taskflow_api.py
[2023-03-15T16:10:15.678+0000] {logging_mixin.py:120} INFO - [2023-03-15T16:10:15.678+0000] {dag.py:2585} INFO - Sync 1 DAGs
[2023-03-15T16:10:15.709+0000] {logging_mixin.py:120} INFO - [2023-03-15T16:10:15.709+0000] {dag.py:3340} INFO - Setting next_dagrun for tutorial_taskflow_api to None, run_after=None
[2023-03-15T16:10:15.735+0000] {processor.py:176} INFO - Processing /home/airflow/.local/lib/python3.7/site-packages/airflow/example_dags/tutorial_taskflow_api.py took 0.152 seconds
[2023-03-15T16:10:46.086+0000] {processor.py:154} INFO - Started process (PID=1816) to work on /home/airflow/.local/lib/python3.7/site-packages/airflow/example_dags/tutorial_taskflow_api.py
[2023-03-15T16:10:46.090+0000] {processor.py:756} INFO - Processing file /home/airflow/.local/lib/python3.7/site-packages/airflow/example_dags/tutorial_taskflow_api.py for tasks to queue
[2023-03-15T16:10:46.091+0000] {logging_mixin.py:120} INFO - [2023-03-15T16:10:46.091+0000] {dagbag.py:537} INFO - Filling up the DagBag from /home/airflow/.local/lib/python3.7/site-packages/airflow/example_dags/tutorial_taskflow_api.py
[2023-03-15T16:10:46.111+0000] {processor.py:766} INFO - DAG(s) dict_keys(['tutorial_taskflow_api']) retrieved from /home/airflow/.local/lib/python3.7/site-packages/airflow/example_dags/tutorial_taskflow_api.py
[2023-03-15T16:10:46.157+0000] {logging_mixin.py:120} INFO - [2023-03-15T16:10:46.157+0000] {dag.py:2585} INFO - Sync 1 DAGs
[2023-03-15T16:10:46.184+0000] {logging_mixin.py:120} INFO - [2023-03-15T16:10:46.183+0000] {dag.py:3340} INFO - Setting next_dagrun for tutorial_taskflow_api to None, run_after=None
[2023-03-15T16:10:46.205+0000] {processor.py:176} INFO - Processing /home/airflow/.local/lib/python3.7/site-packages/airflow/example_dags/tutorial_taskflow_api.py took 0.121 seconds
[2023-03-15T16:11:16.441+0000] {processor.py:154} INFO - Started process (PID=2021) to work on /home/airflow/.local/lib/python3.7/site-packages/airflow/example_dags/tutorial_taskflow_api.py
[2023-03-15T16:11:16.443+0000] {processor.py:756} INFO - Processing file /home/airflow/.local/lib/python3.7/site-packages/airflow/example_dags/tutorial_taskflow_api.py for tasks to queue
[2023-03-15T16:11:16.444+0000] {logging_mixin.py:120} INFO - [2023-03-15T16:11:16.444+0000] {dagbag.py:537} INFO - Filling up the DagBag from /home/airflow/.local/lib/python3.7/site-packages/airflow/example_dags/tutorial_taskflow_api.py
[2023-03-15T16:11:16.460+0000] {processor.py:766} INFO - DAG(s) dict_keys(['tutorial_taskflow_api']) retrieved from /home/airflow/.local/lib/python3.7/site-packages/airflow/example_dags/tutorial_taskflow_api.py
[2023-03-15T16:11:16.496+0000] {logging_mixin.py:120} INFO - [2023-03-15T16:11:16.496+0000] {dag.py:2585} INFO - Sync 1 DAGs
[2023-03-15T16:11:16.522+0000] {logging_mixin.py:120} INFO - [2023-03-15T16:11:16.522+0000] {dag.py:3340} INFO - Setting next_dagrun for tutorial_taskflow_api to None, run_after=None
[2023-03-15T16:11:16.561+0000] {processor.py:176} INFO - Processing /home/airflow/.local/lib/python3.7/site-packages/airflow/example_dags/tutorial_taskflow_api.py took 0.123 seconds
[2023-03-15T16:11:46.714+0000] {processor.py:154} INFO - Started process (PID=2227) to work on /home/airflow/.local/lib/python3.7/site-packages/airflow/example_dags/tutorial_taskflow_api.py
[2023-03-15T16:11:46.715+0000] {processor.py:756} INFO - Processing file /home/airflow/.local/lib/python3.7/site-packages/airflow/example_dags/tutorial_taskflow_api.py for tasks to queue
[2023-03-15T16:11:46.716+0000] {logging_mixin.py:120} INFO - [2023-03-15T16:11:46.716+0000] {dagbag.py:537} INFO - Filling up the DagBag from /home/airflow/.local/lib/python3.7/site-packages/airflow/example_dags/tutorial_taskflow_api.py
[2023-03-15T16:11:46.735+0000] {processor.py:766} INFO - DAG(s) dict_keys(['tutorial_taskflow_api']) retrieved from /home/airflow/.local/lib/python3.7/site-packages/airflow/example_dags/tutorial_taskflow_api.py
[2023-03-15T16:11:46.767+0000] {logging_mixin.py:120} INFO - [2023-03-15T16:11:46.767+0000] {dag.py:2585} INFO - Sync 1 DAGs
[2023-03-15T16:11:46.791+0000] {logging_mixin.py:120} INFO - [2023-03-15T16:11:46.791+0000] {dag.py:3340} INFO - Setting next_dagrun for tutorial_taskflow_api to None, run_after=None
[2023-03-15T16:11:46.807+0000] {processor.py:176} INFO - Processing /home/airflow/.local/lib/python3.7/site-packages/airflow/example_dags/tutorial_taskflow_api.py took 0.095 seconds
[2023-03-15T16:12:17.774+0000] {processor.py:154} INFO - Started process (PID=2447) to work on /home/airflow/.local/lib/python3.7/site-packages/airflow/example_dags/tutorial_taskflow_api.py
[2023-03-15T16:12:17.775+0000] {processor.py:756} INFO - Processing file /home/airflow/.local/lib/python3.7/site-packages/airflow/example_dags/tutorial_taskflow_api.py for tasks to queue
[2023-03-15T16:12:17.776+0000] {logging_mixin.py:120} INFO - [2023-03-15T16:12:17.776+0000] {dagbag.py:537} INFO - Filling up the DagBag from /home/airflow/.local/lib/python3.7/site-packages/airflow/example_dags/tutorial_taskflow_api.py
[2023-03-15T16:12:17.805+0000] {processor.py:766} INFO - DAG(s) dict_keys(['tutorial_taskflow_api']) retrieved from /home/airflow/.local/lib/python3.7/site-packages/airflow/example_dags/tutorial_taskflow_api.py
[2023-03-15T16:12:17.861+0000] {logging_mixin.py:120} INFO - [2023-03-15T16:12:17.860+0000] {dag.py:2585} INFO - Sync 1 DAGs
[2023-03-15T16:12:17.883+0000] {logging_mixin.py:120} INFO - [2023-03-15T16:12:17.883+0000] {dag.py:3340} INFO - Setting next_dagrun for tutorial_taskflow_api to None, run_after=None
[2023-03-15T16:12:17.901+0000] {processor.py:176} INFO - Processing /home/airflow/.local/lib/python3.7/site-packages/airflow/example_dags/tutorial_taskflow_api.py took 0.132 seconds
[2023-03-15T16:12:48.854+0000] {processor.py:154} INFO - Started process (PID=2650) to work on /home/airflow/.local/lib/python3.7/site-packages/airflow/example_dags/tutorial_taskflow_api.py
[2023-03-15T16:12:48.856+0000] {processor.py:756} INFO - Processing file /home/airflow/.local/lib/python3.7/site-packages/airflow/example_dags/tutorial_taskflow_api.py for tasks to queue
[2023-03-15T16:12:48.857+0000] {logging_mixin.py:120} INFO - [2023-03-15T16:12:48.857+0000] {dagbag.py:537} INFO - Filling up the DagBag from /home/airflow/.local/lib/python3.7/site-packages/airflow/example_dags/tutorial_taskflow_api.py
[2023-03-15T16:12:48.874+0000] {processor.py:766} INFO - DAG(s) dict_keys(['tutorial_taskflow_api']) retrieved from /home/airflow/.local/lib/python3.7/site-packages/airflow/example_dags/tutorial_taskflow_api.py
[2023-03-15T16:12:48.908+0000] {logging_mixin.py:120} INFO - [2023-03-15T16:12:48.908+0000] {dag.py:2585} INFO - Sync 1 DAGs
[2023-03-15T16:12:48.926+0000] {logging_mixin.py:120} INFO - [2023-03-15T16:12:48.926+0000] {dag.py:3340} INFO - Setting next_dagrun for tutorial_taskflow_api to None, run_after=None
[2023-03-15T16:12:48.940+0000] {processor.py:176} INFO - Processing /home/airflow/.local/lib/python3.7/site-packages/airflow/example_dags/tutorial_taskflow_api.py took 0.088 seconds
[2023-03-15T16:13:19.664+0000] {processor.py:154} INFO - Started process (PID=2847) to work on /home/airflow/.local/lib/python3.7/site-packages/airflow/example_dags/tutorial_taskflow_api.py
[2023-03-15T16:13:19.666+0000] {processor.py:756} INFO - Processing file /home/airflow/.local/lib/python3.7/site-packages/airflow/example_dags/tutorial_taskflow_api.py for tasks to queue
[2023-03-15T16:13:19.667+0000] {logging_mixin.py:120} INFO - [2023-03-15T16:13:19.667+0000] {dagbag.py:537} INFO - Filling up the DagBag from /home/airflow/.local/lib/python3.7/site-packages/airflow/example_dags/tutorial_taskflow_api.py
[2023-03-15T16:13:19.683+0000] {processor.py:766} INFO - DAG(s) dict_keys(['tutorial_taskflow_api']) retrieved from /home/airflow/.local/lib/python3.7/site-packages/airflow/example_dags/tutorial_taskflow_api.py
[2023-03-15T16:13:19.719+0000] {logging_mixin.py:120} INFO - [2023-03-15T16:13:19.719+0000] {dag.py:2585} INFO - Sync 1 DAGs
[2023-03-15T16:13:19.735+0000] {logging_mixin.py:120} INFO - [2023-03-15T16:13:19.735+0000] {dag.py:3340} INFO - Setting next_dagrun for tutorial_taskflow_api to None, run_after=None
[2023-03-15T16:13:19.748+0000] {processor.py:176} INFO - Processing /home/airflow/.local/lib/python3.7/site-packages/airflow/example_dags/tutorial_taskflow_api.py took 0.089 seconds
[2023-03-15T16:29:46.345+0000] {processor.py:154} INFO - Started process (PID=2890) to work on /home/airflow/.local/lib/python3.7/site-packages/airflow/example_dags/tutorial_taskflow_api.py
[2023-03-15T16:29:46.347+0000] {processor.py:756} INFO - Processing file /home/airflow/.local/lib/python3.7/site-packages/airflow/example_dags/tutorial_taskflow_api.py for tasks to queue
[2023-03-15T16:29:46.348+0000] {logging_mixin.py:120} INFO - [2023-03-15T16:29:46.348+0000] {dagbag.py:537} INFO - Filling up the DagBag from /home/airflow/.local/lib/python3.7/site-packages/airflow/example_dags/tutorial_taskflow_api.py
[2023-03-15T16:29:46.387+0000] {processor.py:766} INFO - DAG(s) dict_keys(['tutorial_taskflow_api']) retrieved from /home/airflow/.local/lib/python3.7/site-packages/airflow/example_dags/tutorial_taskflow_api.py
[2023-03-15T16:29:46.445+0000] {logging_mixin.py:120} INFO - [2023-03-15T16:29:46.444+0000] {dag.py:2585} INFO - Sync 1 DAGs
[2023-03-15T16:29:46.479+0000] {logging_mixin.py:120} INFO - [2023-03-15T16:29:46.479+0000] {dag.py:3340} INFO - Setting next_dagrun for tutorial_taskflow_api to None, run_after=None
[2023-03-15T16:29:46.505+0000] {processor.py:176} INFO - Processing /home/airflow/.local/lib/python3.7/site-packages/airflow/example_dags/tutorial_taskflow_api.py took 0.169 seconds
[2023-03-15T16:30:16.804+0000] {processor.py:154} INFO - Started process (PID=2944) to work on /home/airflow/.local/lib/python3.7/site-packages/airflow/example_dags/tutorial_taskflow_api.py
[2023-03-15T16:30:16.805+0000] {processor.py:756} INFO - Processing file /home/airflow/.local/lib/python3.7/site-packages/airflow/example_dags/tutorial_taskflow_api.py for tasks to queue
[2023-03-15T16:30:16.806+0000] {logging_mixin.py:120} INFO - [2023-03-15T16:30:16.806+0000] {dagbag.py:537} INFO - Filling up the DagBag from /home/airflow/.local/lib/python3.7/site-packages/airflow/example_dags/tutorial_taskflow_api.py
[2023-03-15T16:30:16.824+0000] {processor.py:766} INFO - DAG(s) dict_keys(['tutorial_taskflow_api']) retrieved from /home/airflow/.local/lib/python3.7/site-packages/airflow/example_dags/tutorial_taskflow_api.py
[2023-03-15T16:30:16.851+0000] {logging_mixin.py:120} INFO - [2023-03-15T16:30:16.851+0000] {dag.py:2585} INFO - Sync 1 DAGs
[2023-03-15T16:30:16.865+0000] {logging_mixin.py:120} INFO - [2023-03-15T16:30:16.865+0000] {dag.py:3340} INFO - Setting next_dagrun for tutorial_taskflow_api to None, run_after=None
[2023-03-15T16:30:16.877+0000] {processor.py:176} INFO - Processing /home/airflow/.local/lib/python3.7/site-packages/airflow/example_dags/tutorial_taskflow_api.py took 0.075 seconds
[2023-03-15T16:47:12.235+0000] {processor.py:154} INFO - Started process (PID=3011) to work on /home/airflow/.local/lib/python3.7/site-packages/airflow/example_dags/tutorial_taskflow_api.py
[2023-03-15T16:47:12.241+0000] {processor.py:756} INFO - Processing file /home/airflow/.local/lib/python3.7/site-packages/airflow/example_dags/tutorial_taskflow_api.py for tasks to queue
[2023-03-15T16:47:12.244+0000] {logging_mixin.py:120} INFO - [2023-03-15T16:47:12.243+0000] {dagbag.py:537} INFO - Filling up the DagBag from /home/airflow/.local/lib/python3.7/site-packages/airflow/example_dags/tutorial_taskflow_api.py
[2023-03-15T16:47:12.268+0000] {processor.py:766} INFO - DAG(s) dict_keys(['tutorial_taskflow_api']) retrieved from /home/airflow/.local/lib/python3.7/site-packages/airflow/example_dags/tutorial_taskflow_api.py
[2023-03-15T16:47:12.341+0000] {logging_mixin.py:120} INFO - [2023-03-15T16:47:12.341+0000] {dag.py:2585} INFO - Sync 1 DAGs
[2023-03-15T16:47:12.379+0000] {logging_mixin.py:120} INFO - [2023-03-15T16:47:12.379+0000] {dag.py:3340} INFO - Setting next_dagrun for tutorial_taskflow_api to None, run_after=None
[2023-03-15T16:47:12.410+0000] {processor.py:176} INFO - Processing /home/airflow/.local/lib/python3.7/site-packages/airflow/example_dags/tutorial_taskflow_api.py took 0.178 seconds
[2023-03-15T16:47:42.537+0000] {processor.py:154} INFO - Started process (PID=3074) to work on /home/airflow/.local/lib/python3.7/site-packages/airflow/example_dags/tutorial_taskflow_api.py
[2023-03-15T16:47:42.538+0000] {processor.py:756} INFO - Processing file /home/airflow/.local/lib/python3.7/site-packages/airflow/example_dags/tutorial_taskflow_api.py for tasks to queue
[2023-03-15T16:47:42.538+0000] {logging_mixin.py:120} INFO - [2023-03-15T16:47:42.538+0000] {dagbag.py:537} INFO - Filling up the DagBag from /home/airflow/.local/lib/python3.7/site-packages/airflow/example_dags/tutorial_taskflow_api.py
[2023-03-15T16:47:42.551+0000] {processor.py:766} INFO - DAG(s) dict_keys(['tutorial_taskflow_api']) retrieved from /home/airflow/.local/lib/python3.7/site-packages/airflow/example_dags/tutorial_taskflow_api.py
[2023-03-15T16:47:42.580+0000] {logging_mixin.py:120} INFO - [2023-03-15T16:47:42.580+0000] {dag.py:2585} INFO - Sync 1 DAGs
[2023-03-15T16:47:42.594+0000] {logging_mixin.py:120} INFO - [2023-03-15T16:47:42.594+0000] {dag.py:3340} INFO - Setting next_dagrun for tutorial_taskflow_api to None, run_after=None
[2023-03-15T16:47:42.608+0000] {processor.py:176} INFO - Processing /home/airflow/.local/lib/python3.7/site-packages/airflow/example_dags/tutorial_taskflow_api.py took 0.073 seconds
[2023-03-15T16:59:19.170+0000] {processor.py:154} INFO - Started process (PID=3141) to work on /home/airflow/.local/lib/python3.7/site-packages/airflow/example_dags/tutorial_taskflow_api.py
[2023-03-15T16:59:19.175+0000] {processor.py:756} INFO - Processing file /home/airflow/.local/lib/python3.7/site-packages/airflow/example_dags/tutorial_taskflow_api.py for tasks to queue
[2023-03-15T16:59:19.177+0000] {logging_mixin.py:120} INFO - [2023-03-15T16:59:19.177+0000] {dagbag.py:537} INFO - Filling up the DagBag from /home/airflow/.local/lib/python3.7/site-packages/airflow/example_dags/tutorial_taskflow_api.py
[2023-03-15T16:59:19.200+0000] {processor.py:766} INFO - DAG(s) dict_keys(['tutorial_taskflow_api']) retrieved from /home/airflow/.local/lib/python3.7/site-packages/airflow/example_dags/tutorial_taskflow_api.py
[2023-03-15T16:59:19.261+0000] {logging_mixin.py:120} INFO - [2023-03-15T16:59:19.261+0000] {dag.py:2585} INFO - Sync 1 DAGs
[2023-03-15T16:59:19.285+0000] {logging_mixin.py:120} INFO - [2023-03-15T16:59:19.285+0000] {dag.py:3340} INFO - Setting next_dagrun for tutorial_taskflow_api to None, run_after=None
[2023-03-15T16:59:19.308+0000] {processor.py:176} INFO - Processing /home/airflow/.local/lib/python3.7/site-packages/airflow/example_dags/tutorial_taskflow_api.py took 0.145 seconds
[2023-03-15T16:59:50.021+0000] {processor.py:154} INFO - Started process (PID=3206) to work on /home/airflow/.local/lib/python3.7/site-packages/airflow/example_dags/tutorial_taskflow_api.py
[2023-03-15T16:59:50.022+0000] {processor.py:756} INFO - Processing file /home/airflow/.local/lib/python3.7/site-packages/airflow/example_dags/tutorial_taskflow_api.py for tasks to queue
[2023-03-15T16:59:50.022+0000] {logging_mixin.py:120} INFO - [2023-03-15T16:59:50.022+0000] {dagbag.py:537} INFO - Filling up the DagBag from /home/airflow/.local/lib/python3.7/site-packages/airflow/example_dags/tutorial_taskflow_api.py
[2023-03-15T16:59:50.035+0000] {processor.py:766} INFO - DAG(s) dict_keys(['tutorial_taskflow_api']) retrieved from /home/airflow/.local/lib/python3.7/site-packages/airflow/example_dags/tutorial_taskflow_api.py
[2023-03-15T16:59:50.064+0000] {logging_mixin.py:120} INFO - [2023-03-15T16:59:50.064+0000] {dag.py:2585} INFO - Sync 1 DAGs
[2023-03-15T16:59:50.079+0000] {logging_mixin.py:120} INFO - [2023-03-15T16:59:50.079+0000] {dag.py:3340} INFO - Setting next_dagrun for tutorial_taskflow_api to None, run_after=None
[2023-03-15T16:59:50.091+0000] {processor.py:176} INFO - Processing /home/airflow/.local/lib/python3.7/site-packages/airflow/example_dags/tutorial_taskflow_api.py took 0.073 seconds
[2023-03-15T17:00:20.616+0000] {processor.py:154} INFO - Started process (PID=3262) to work on /home/airflow/.local/lib/python3.7/site-packages/airflow/example_dags/tutorial_taskflow_api.py
[2023-03-15T17:00:20.618+0000] {processor.py:756} INFO - Processing file /home/airflow/.local/lib/python3.7/site-packages/airflow/example_dags/tutorial_taskflow_api.py for tasks to queue
[2023-03-15T17:00:20.618+0000] {logging_mixin.py:120} INFO - [2023-03-15T17:00:20.618+0000] {dagbag.py:537} INFO - Filling up the DagBag from /home/airflow/.local/lib/python3.7/site-packages/airflow/example_dags/tutorial_taskflow_api.py
[2023-03-15T17:00:20.634+0000] {processor.py:766} INFO - DAG(s) dict_keys(['tutorial_taskflow_api']) retrieved from /home/airflow/.local/lib/python3.7/site-packages/airflow/example_dags/tutorial_taskflow_api.py
[2023-03-15T17:00:20.666+0000] {logging_mixin.py:120} INFO - [2023-03-15T17:00:20.666+0000] {dag.py:2585} INFO - Sync 1 DAGs
[2023-03-15T17:00:20.684+0000] {logging_mixin.py:120} INFO - [2023-03-15T17:00:20.684+0000] {dag.py:3340} INFO - Setting next_dagrun for tutorial_taskflow_api to None, run_after=None
[2023-03-15T17:00:20.699+0000] {processor.py:176} INFO - Processing /home/airflow/.local/lib/python3.7/site-packages/airflow/example_dags/tutorial_taskflow_api.py took 0.086 seconds
[2023-03-15T17:00:51.236+0000] {processor.py:154} INFO - Started process (PID=3326) to work on /home/airflow/.local/lib/python3.7/site-packages/airflow/example_dags/tutorial_taskflow_api.py
[2023-03-15T17:00:51.238+0000] {processor.py:756} INFO - Processing file /home/airflow/.local/lib/python3.7/site-packages/airflow/example_dags/tutorial_taskflow_api.py for tasks to queue
[2023-03-15T17:00:51.238+0000] {logging_mixin.py:120} INFO - [2023-03-15T17:00:51.238+0000] {dagbag.py:537} INFO - Filling up the DagBag from /home/airflow/.local/lib/python3.7/site-packages/airflow/example_dags/tutorial_taskflow_api.py
[2023-03-15T17:00:51.252+0000] {processor.py:766} INFO - DAG(s) dict_keys(['tutorial_taskflow_api']) retrieved from /home/airflow/.local/lib/python3.7/site-packages/airflow/example_dags/tutorial_taskflow_api.py
[2023-03-15T17:00:51.281+0000] {logging_mixin.py:120} INFO - [2023-03-15T17:00:51.281+0000] {dag.py:2585} INFO - Sync 1 DAGs
[2023-03-15T17:00:51.295+0000] {logging_mixin.py:120} INFO - [2023-03-15T17:00:51.295+0000] {dag.py:3340} INFO - Setting next_dagrun for tutorial_taskflow_api to None, run_after=None
[2023-03-15T17:00:51.308+0000] {processor.py:176} INFO - Processing /home/airflow/.local/lib/python3.7/site-packages/airflow/example_dags/tutorial_taskflow_api.py took 0.074 seconds
[2023-03-15T17:01:21.731+0000] {processor.py:154} INFO - Started process (PID=3391) to work on /home/airflow/.local/lib/python3.7/site-packages/airflow/example_dags/tutorial_taskflow_api.py
[2023-03-15T17:01:21.733+0000] {processor.py:756} INFO - Processing file /home/airflow/.local/lib/python3.7/site-packages/airflow/example_dags/tutorial_taskflow_api.py for tasks to queue
[2023-03-15T17:01:21.733+0000] {logging_mixin.py:120} INFO - [2023-03-15T17:01:21.733+0000] {dagbag.py:537} INFO - Filling up the DagBag from /home/airflow/.local/lib/python3.7/site-packages/airflow/example_dags/tutorial_taskflow_api.py
[2023-03-15T17:01:21.747+0000] {processor.py:766} INFO - DAG(s) dict_keys(['tutorial_taskflow_api']) retrieved from /home/airflow/.local/lib/python3.7/site-packages/airflow/example_dags/tutorial_taskflow_api.py
[2023-03-15T17:01:21.774+0000] {logging_mixin.py:120} INFO - [2023-03-15T17:01:21.774+0000] {dag.py:2585} INFO - Sync 1 DAGs
[2023-03-15T17:01:21.789+0000] {logging_mixin.py:120} INFO - [2023-03-15T17:01:21.789+0000] {dag.py:3340} INFO - Setting next_dagrun for tutorial_taskflow_api to None, run_after=None
[2023-03-15T17:01:21.801+0000] {processor.py:176} INFO - Processing /home/airflow/.local/lib/python3.7/site-packages/airflow/example_dags/tutorial_taskflow_api.py took 0.073 seconds
[2023-03-15T17:01:52.207+0000] {processor.py:154} INFO - Started process (PID=3456) to work on /home/airflow/.local/lib/python3.7/site-packages/airflow/example_dags/tutorial_taskflow_api.py
[2023-03-15T17:01:52.208+0000] {processor.py:756} INFO - Processing file /home/airflow/.local/lib/python3.7/site-packages/airflow/example_dags/tutorial_taskflow_api.py for tasks to queue
[2023-03-15T17:01:52.209+0000] {logging_mixin.py:120} INFO - [2023-03-15T17:01:52.209+0000] {dagbag.py:537} INFO - Filling up the DagBag from /home/airflow/.local/lib/python3.7/site-packages/airflow/example_dags/tutorial_taskflow_api.py
[2023-03-15T17:01:52.222+0000] {processor.py:766} INFO - DAG(s) dict_keys(['tutorial_taskflow_api']) retrieved from /home/airflow/.local/lib/python3.7/site-packages/airflow/example_dags/tutorial_taskflow_api.py
[2023-03-15T17:01:52.258+0000] {logging_mixin.py:120} INFO - [2023-03-15T17:01:52.258+0000] {dag.py:2585} INFO - Sync 1 DAGs
[2023-03-15T17:01:52.275+0000] {logging_mixin.py:120} INFO - [2023-03-15T17:01:52.275+0000] {dag.py:3340} INFO - Setting next_dagrun for tutorial_taskflow_api to None, run_after=None
[2023-03-15T17:01:52.287+0000] {processor.py:176} INFO - Processing /home/airflow/.local/lib/python3.7/site-packages/airflow/example_dags/tutorial_taskflow_api.py took 0.083 seconds
[2023-03-15T17:02:22.624+0000] {processor.py:154} INFO - Started process (PID=3521) to work on /home/airflow/.local/lib/python3.7/site-packages/airflow/example_dags/tutorial_taskflow_api.py
[2023-03-15T17:02:22.625+0000] {processor.py:756} INFO - Processing file /home/airflow/.local/lib/python3.7/site-packages/airflow/example_dags/tutorial_taskflow_api.py for tasks to queue
[2023-03-15T17:02:22.626+0000] {logging_mixin.py:120} INFO - [2023-03-15T17:02:22.626+0000] {dagbag.py:537} INFO - Filling up the DagBag from /home/airflow/.local/lib/python3.7/site-packages/airflow/example_dags/tutorial_taskflow_api.py
[2023-03-15T17:02:22.640+0000] {processor.py:766} INFO - DAG(s) dict_keys(['tutorial_taskflow_api']) retrieved from /home/airflow/.local/lib/python3.7/site-packages/airflow/example_dags/tutorial_taskflow_api.py
[2023-03-15T17:02:22.669+0000] {logging_mixin.py:120} INFO - [2023-03-15T17:02:22.669+0000] {dag.py:2585} INFO - Sync 1 DAGs
[2023-03-15T17:02:22.684+0000] {logging_mixin.py:120} INFO - [2023-03-15T17:02:22.684+0000] {dag.py:3340} INFO - Setting next_dagrun for tutorial_taskflow_api to None, run_after=None
[2023-03-15T17:02:22.697+0000] {processor.py:176} INFO - Processing /home/airflow/.local/lib/python3.7/site-packages/airflow/example_dags/tutorial_taskflow_api.py took 0.076 seconds
[2023-03-15T17:02:53.030+0000] {processor.py:154} INFO - Started process (PID=3586) to work on /home/airflow/.local/lib/python3.7/site-packages/airflow/example_dags/tutorial_taskflow_api.py
[2023-03-15T17:02:53.032+0000] {processor.py:756} INFO - Processing file /home/airflow/.local/lib/python3.7/site-packages/airflow/example_dags/tutorial_taskflow_api.py for tasks to queue
[2023-03-15T17:02:53.033+0000] {logging_mixin.py:120} INFO - [2023-03-15T17:02:53.033+0000] {dagbag.py:537} INFO - Filling up the DagBag from /home/airflow/.local/lib/python3.7/site-packages/airflow/example_dags/tutorial_taskflow_api.py
[2023-03-15T17:02:53.047+0000] {processor.py:766} INFO - DAG(s) dict_keys(['tutorial_taskflow_api']) retrieved from /home/airflow/.local/lib/python3.7/site-packages/airflow/example_dags/tutorial_taskflow_api.py
[2023-03-15T17:02:53.078+0000] {logging_mixin.py:120} INFO - [2023-03-15T17:02:53.078+0000] {dag.py:2585} INFO - Sync 1 DAGs
[2023-03-15T17:02:53.093+0000] {logging_mixin.py:120} INFO - [2023-03-15T17:02:53.093+0000] {dag.py:3340} INFO - Setting next_dagrun for tutorial_taskflow_api to None, run_after=None
[2023-03-15T17:02:53.105+0000] {processor.py:176} INFO - Processing /home/airflow/.local/lib/python3.7/site-packages/airflow/example_dags/tutorial_taskflow_api.py took 0.078 seconds
[2023-03-15T17:03:23.590+0000] {processor.py:154} INFO - Started process (PID=3651) to work on /home/airflow/.local/lib/python3.7/site-packages/airflow/example_dags/tutorial_taskflow_api.py
[2023-03-15T17:03:23.592+0000] {processor.py:756} INFO - Processing file /home/airflow/.local/lib/python3.7/site-packages/airflow/example_dags/tutorial_taskflow_api.py for tasks to queue
[2023-03-15T17:03:23.593+0000] {logging_mixin.py:120} INFO - [2023-03-15T17:03:23.593+0000] {dagbag.py:537} INFO - Filling up the DagBag from /home/airflow/.local/lib/python3.7/site-packages/airflow/example_dags/tutorial_taskflow_api.py
[2023-03-15T17:03:23.606+0000] {processor.py:766} INFO - DAG(s) dict_keys(['tutorial_taskflow_api']) retrieved from /home/airflow/.local/lib/python3.7/site-packages/airflow/example_dags/tutorial_taskflow_api.py
[2023-03-15T17:03:23.637+0000] {logging_mixin.py:120} INFO - [2023-03-15T17:03:23.637+0000] {dag.py:2585} INFO - Sync 1 DAGs
[2023-03-15T17:03:23.654+0000] {logging_mixin.py:120} INFO - [2023-03-15T17:03:23.654+0000] {dag.py:3340} INFO - Setting next_dagrun for tutorial_taskflow_api to None, run_after=None
[2023-03-15T17:03:23.669+0000] {processor.py:176} INFO - Processing /home/airflow/.local/lib/python3.7/site-packages/airflow/example_dags/tutorial_taskflow_api.py took 0.081 seconds
[2023-03-15T17:03:54.026+0000] {processor.py:154} INFO - Started process (PID=3707) to work on /home/airflow/.local/lib/python3.7/site-packages/airflow/example_dags/tutorial_taskflow_api.py
[2023-03-15T17:03:54.028+0000] {processor.py:756} INFO - Processing file /home/airflow/.local/lib/python3.7/site-packages/airflow/example_dags/tutorial_taskflow_api.py for tasks to queue
[2023-03-15T17:03:54.028+0000] {logging_mixin.py:120} INFO - [2023-03-15T17:03:54.028+0000] {dagbag.py:537} INFO - Filling up the DagBag from /home/airflow/.local/lib/python3.7/site-packages/airflow/example_dags/tutorial_taskflow_api.py
[2023-03-15T17:03:54.042+0000] {processor.py:766} INFO - DAG(s) dict_keys(['tutorial_taskflow_api']) retrieved from /home/airflow/.local/lib/python3.7/site-packages/airflow/example_dags/tutorial_taskflow_api.py
[2023-03-15T17:03:54.069+0000] {logging_mixin.py:120} INFO - [2023-03-15T17:03:54.069+0000] {dag.py:2585} INFO - Sync 1 DAGs
[2023-03-15T17:03:54.084+0000] {logging_mixin.py:120} INFO - [2023-03-15T17:03:54.084+0000] {dag.py:3340} INFO - Setting next_dagrun for tutorial_taskflow_api to None, run_after=None
[2023-03-15T17:03:54.096+0000] {processor.py:176} INFO - Processing /home/airflow/.local/lib/python3.7/site-packages/airflow/example_dags/tutorial_taskflow_api.py took 0.073 seconds
[2023-03-15T17:04:24.510+0000] {processor.py:154} INFO - Started process (PID=3771) to work on /home/airflow/.local/lib/python3.7/site-packages/airflow/example_dags/tutorial_taskflow_api.py
[2023-03-15T17:04:24.511+0000] {processor.py:756} INFO - Processing file /home/airflow/.local/lib/python3.7/site-packages/airflow/example_dags/tutorial_taskflow_api.py for tasks to queue
[2023-03-15T17:04:24.512+0000] {logging_mixin.py:120} INFO - [2023-03-15T17:04:24.512+0000] {dagbag.py:537} INFO - Filling up the DagBag from /home/airflow/.local/lib/python3.7/site-packages/airflow/example_dags/tutorial_taskflow_api.py
[2023-03-15T17:04:24.526+0000] {processor.py:766} INFO - DAG(s) dict_keys(['tutorial_taskflow_api']) retrieved from /home/airflow/.local/lib/python3.7/site-packages/airflow/example_dags/tutorial_taskflow_api.py
[2023-03-15T17:04:24.554+0000] {logging_mixin.py:120} INFO - [2023-03-15T17:04:24.554+0000] {dag.py:2585} INFO - Sync 1 DAGs
[2023-03-15T17:04:24.570+0000] {logging_mixin.py:120} INFO - [2023-03-15T17:04:24.570+0000] {dag.py:3340} INFO - Setting next_dagrun for tutorial_taskflow_api to None, run_after=None
[2023-03-15T17:04:24.581+0000] {processor.py:176} INFO - Processing /home/airflow/.local/lib/python3.7/site-packages/airflow/example_dags/tutorial_taskflow_api.py took 0.074 seconds
