[2023-03-15T16:01:42.447+0000] {processor.py:154} INFO - Started process (PID=66) to work on /home/airflow/.local/lib/python3.7/site-packages/airflow/example_dags/tutorial.py
[2023-03-15T16:01:42.451+0000] {processor.py:756} INFO - Processing file /home/airflow/.local/lib/python3.7/site-packages/airflow/example_dags/tutorial.py for tasks to queue
[2023-03-15T16:01:42.453+0000] {logging_mixin.py:120} INFO - [2023-03-15T16:01:42.453+0000] {dagbag.py:537} INFO - Filling up the DagBag from /home/airflow/.local/lib/python3.7/site-packages/airflow/example_dags/tutorial.py
[2023-03-15T16:01:42.472+0000] {processor.py:766} INFO - DAG(s) dict_keys(['tutorial']) retrieved from /home/airflow/.local/lib/python3.7/site-packages/airflow/example_dags/tutorial.py
[2023-03-15T16:01:42.623+0000] {logging_mixin.py:120} INFO - [2023-03-15T16:01:42.623+0000] {manager.py:507} INFO - Created Permission View: can read on DAG:tutorial
[2023-03-15T16:01:42.630+0000] {logging_mixin.py:120} INFO - [2023-03-15T16:01:42.629+0000] {manager.py:507} INFO - Created Permission View: can delete on DAG:tutorial
[2023-03-15T16:01:42.634+0000] {logging_mixin.py:120} INFO - [2023-03-15T16:01:42.634+0000] {manager.py:507} INFO - Created Permission View: can edit on DAG:tutorial
[2023-03-15T16:01:42.635+0000] {logging_mixin.py:120} INFO - [2023-03-15T16:01:42.634+0000] {dag.py:2585} INFO - Sync 1 DAGs
[2023-03-15T16:01:42.644+0000] {logging_mixin.py:120} INFO - [2023-03-15T16:01:42.644+0000] {dag.py:2606} INFO - Creating ORM DAG for tutorial
[2023-03-15T16:01:42.651+0000] {logging_mixin.py:120} INFO - [2023-03-15T16:01:42.651+0000] {dag.py:3340} INFO - Setting next_dagrun for tutorial to 2023-03-14T16:01:42.651384+00:00, run_after=2023-03-15T16:01:42.651384+00:00
[2023-03-15T16:01:42.667+0000] {processor.py:176} INFO - Processing /home/airflow/.local/lib/python3.7/site-packages/airflow/example_dags/tutorial.py took 0.224 seconds
[2023-03-15T16:02:12.696+0000] {processor.py:154} INFO - Started process (PID=120) to work on /home/airflow/.local/lib/python3.7/site-packages/airflow/example_dags/tutorial.py
[2023-03-15T16:02:12.697+0000] {processor.py:756} INFO - Processing file /home/airflow/.local/lib/python3.7/site-packages/airflow/example_dags/tutorial.py for tasks to queue
[2023-03-15T16:02:12.698+0000] {logging_mixin.py:120} INFO - [2023-03-15T16:02:12.698+0000] {dagbag.py:537} INFO - Filling up the DagBag from /home/airflow/.local/lib/python3.7/site-packages/airflow/example_dags/tutorial.py
[2023-03-15T16:02:12.710+0000] {processor.py:766} INFO - DAG(s) dict_keys(['tutorial']) retrieved from /home/airflow/.local/lib/python3.7/site-packages/airflow/example_dags/tutorial.py
[2023-03-15T16:02:12.741+0000] {logging_mixin.py:120} INFO - [2023-03-15T16:02:12.741+0000] {dag.py:2585} INFO - Sync 1 DAGs
[2023-03-15T16:02:12.759+0000] {logging_mixin.py:120} INFO - [2023-03-15T16:02:12.759+0000] {dag.py:3340} INFO - Setting next_dagrun for tutorial to 2023-03-14T16:02:12.759403+00:00, run_after=2023-03-15T16:02:12.759403+00:00
[2023-03-15T16:02:12.772+0000] {processor.py:176} INFO - Processing /home/airflow/.local/lib/python3.7/site-packages/airflow/example_dags/tutorial.py took 0.079 seconds
[2023-03-15T16:02:42.999+0000] {processor.py:154} INFO - Started process (PID=182) to work on /home/airflow/.local/lib/python3.7/site-packages/airflow/example_dags/tutorial.py
[2023-03-15T16:02:43.000+0000] {processor.py:756} INFO - Processing file /home/airflow/.local/lib/python3.7/site-packages/airflow/example_dags/tutorial.py for tasks to queue
[2023-03-15T16:02:43.000+0000] {logging_mixin.py:120} INFO - [2023-03-15T16:02:43.000+0000] {dagbag.py:537} INFO - Filling up the DagBag from /home/airflow/.local/lib/python3.7/site-packages/airflow/example_dags/tutorial.py
[2023-03-15T16:02:43.013+0000] {processor.py:766} INFO - DAG(s) dict_keys(['tutorial']) retrieved from /home/airflow/.local/lib/python3.7/site-packages/airflow/example_dags/tutorial.py
[2023-03-15T16:02:43.044+0000] {logging_mixin.py:120} INFO - [2023-03-15T16:02:43.044+0000] {dag.py:2585} INFO - Sync 1 DAGs
[2023-03-15T16:02:43.060+0000] {logging_mixin.py:120} INFO - [2023-03-15T16:02:43.060+0000] {dag.py:3340} INFO - Setting next_dagrun for tutorial to 2023-03-14T16:02:43.060240+00:00, run_after=2023-03-15T16:02:43.060240+00:00
[2023-03-15T16:02:43.073+0000] {processor.py:176} INFO - Processing /home/airflow/.local/lib/python3.7/site-packages/airflow/example_dags/tutorial.py took 0.078 seconds
[2023-03-15T16:03:13.382+0000] {processor.py:154} INFO - Started process (PID=246) to work on /home/airflow/.local/lib/python3.7/site-packages/airflow/example_dags/tutorial.py
[2023-03-15T16:03:13.384+0000] {processor.py:756} INFO - Processing file /home/airflow/.local/lib/python3.7/site-packages/airflow/example_dags/tutorial.py for tasks to queue
[2023-03-15T16:03:13.385+0000] {logging_mixin.py:120} INFO - [2023-03-15T16:03:13.385+0000] {dagbag.py:537} INFO - Filling up the DagBag from /home/airflow/.local/lib/python3.7/site-packages/airflow/example_dags/tutorial.py
[2023-03-15T16:03:13.396+0000] {processor.py:766} INFO - DAG(s) dict_keys(['tutorial']) retrieved from /home/airflow/.local/lib/python3.7/site-packages/airflow/example_dags/tutorial.py
[2023-03-15T16:03:13.428+0000] {logging_mixin.py:120} INFO - [2023-03-15T16:03:13.428+0000] {dag.py:2585} INFO - Sync 1 DAGs
[2023-03-15T16:03:13.445+0000] {logging_mixin.py:120} INFO - [2023-03-15T16:03:13.445+0000] {dag.py:3340} INFO - Setting next_dagrun for tutorial to 2023-03-14T16:03:13.445429+00:00, run_after=2023-03-15T16:03:13.445429+00:00
[2023-03-15T16:03:13.458+0000] {processor.py:176} INFO - Processing /home/airflow/.local/lib/python3.7/site-packages/airflow/example_dags/tutorial.py took 0.078 seconds
[2023-03-15T16:03:43.658+0000] {processor.py:154} INFO - Started process (PID=309) to work on /home/airflow/.local/lib/python3.7/site-packages/airflow/example_dags/tutorial.py
[2023-03-15T16:03:43.659+0000] {processor.py:756} INFO - Processing file /home/airflow/.local/lib/python3.7/site-packages/airflow/example_dags/tutorial.py for tasks to queue
[2023-03-15T16:03:43.660+0000] {logging_mixin.py:120} INFO - [2023-03-15T16:03:43.660+0000] {dagbag.py:537} INFO - Filling up the DagBag from /home/airflow/.local/lib/python3.7/site-packages/airflow/example_dags/tutorial.py
[2023-03-15T16:03:43.671+0000] {processor.py:766} INFO - DAG(s) dict_keys(['tutorial']) retrieved from /home/airflow/.local/lib/python3.7/site-packages/airflow/example_dags/tutorial.py
[2023-03-15T16:03:43.704+0000] {logging_mixin.py:120} INFO - [2023-03-15T16:03:43.703+0000] {dag.py:2585} INFO - Sync 1 DAGs
[2023-03-15T16:03:43.722+0000] {logging_mixin.py:120} INFO - [2023-03-15T16:03:43.722+0000] {dag.py:3340} INFO - Setting next_dagrun for tutorial to 2023-03-14T16:03:43.722490+00:00, run_after=2023-03-15T16:03:43.722490+00:00
[2023-03-15T16:03:43.734+0000] {processor.py:176} INFO - Processing /home/airflow/.local/lib/python3.7/site-packages/airflow/example_dags/tutorial.py took 0.079 seconds
[2023-03-15T16:04:13.914+0000] {processor.py:154} INFO - Started process (PID=364) to work on /home/airflow/.local/lib/python3.7/site-packages/airflow/example_dags/tutorial.py
[2023-03-15T16:04:13.915+0000] {processor.py:756} INFO - Processing file /home/airflow/.local/lib/python3.7/site-packages/airflow/example_dags/tutorial.py for tasks to queue
[2023-03-15T16:04:13.916+0000] {logging_mixin.py:120} INFO - [2023-03-15T16:04:13.916+0000] {dagbag.py:537} INFO - Filling up the DagBag from /home/airflow/.local/lib/python3.7/site-packages/airflow/example_dags/tutorial.py
[2023-03-15T16:04:13.928+0000] {processor.py:766} INFO - DAG(s) dict_keys(['tutorial']) retrieved from /home/airflow/.local/lib/python3.7/site-packages/airflow/example_dags/tutorial.py
[2023-03-15T16:04:13.961+0000] {logging_mixin.py:120} INFO - [2023-03-15T16:04:13.961+0000] {dag.py:2585} INFO - Sync 1 DAGs
[2023-03-15T16:04:13.977+0000] {logging_mixin.py:120} INFO - [2023-03-15T16:04:13.977+0000] {dag.py:3340} INFO - Setting next_dagrun for tutorial to 2023-03-14T16:04:13.977399+00:00, run_after=2023-03-15T16:04:13.977399+00:00
[2023-03-15T16:04:13.991+0000] {processor.py:176} INFO - Processing /home/airflow/.local/lib/python3.7/site-packages/airflow/example_dags/tutorial.py took 0.080 seconds
[2023-03-15T16:04:44.514+0000] {processor.py:154} INFO - Started process (PID=429) to work on /home/airflow/.local/lib/python3.7/site-packages/airflow/example_dags/tutorial.py
[2023-03-15T16:04:44.517+0000] {processor.py:756} INFO - Processing file /home/airflow/.local/lib/python3.7/site-packages/airflow/example_dags/tutorial.py for tasks to queue
[2023-03-15T16:04:44.518+0000] {logging_mixin.py:120} INFO - [2023-03-15T16:04:44.518+0000] {dagbag.py:537} INFO - Filling up the DagBag from /home/airflow/.local/lib/python3.7/site-packages/airflow/example_dags/tutorial.py
[2023-03-15T16:04:44.531+0000] {processor.py:766} INFO - DAG(s) dict_keys(['tutorial']) retrieved from /home/airflow/.local/lib/python3.7/site-packages/airflow/example_dags/tutorial.py
[2023-03-15T16:04:44.575+0000] {logging_mixin.py:120} INFO - [2023-03-15T16:04:44.574+0000] {dag.py:2585} INFO - Sync 1 DAGs
[2023-03-15T16:04:44.595+0000] {logging_mixin.py:120} INFO - [2023-03-15T16:04:44.595+0000] {dag.py:3340} INFO - Setting next_dagrun for tutorial to 2023-03-14T16:04:44.595523+00:00, run_after=2023-03-15T16:04:44.595523+00:00
[2023-03-15T16:04:44.609+0000] {processor.py:176} INFO - Processing /home/airflow/.local/lib/python3.7/site-packages/airflow/example_dags/tutorial.py took 0.098 seconds
[2023-03-15T16:05:14.751+0000] {processor.py:154} INFO - Started process (PID=493) to work on /home/airflow/.local/lib/python3.7/site-packages/airflow/example_dags/tutorial.py
[2023-03-15T16:05:14.753+0000] {processor.py:756} INFO - Processing file /home/airflow/.local/lib/python3.7/site-packages/airflow/example_dags/tutorial.py for tasks to queue
[2023-03-15T16:05:14.754+0000] {logging_mixin.py:120} INFO - [2023-03-15T16:05:14.754+0000] {dagbag.py:537} INFO - Filling up the DagBag from /home/airflow/.local/lib/python3.7/site-packages/airflow/example_dags/tutorial.py
[2023-03-15T16:05:14.766+0000] {processor.py:766} INFO - DAG(s) dict_keys(['tutorial']) retrieved from /home/airflow/.local/lib/python3.7/site-packages/airflow/example_dags/tutorial.py
[2023-03-15T16:05:14.798+0000] {logging_mixin.py:120} INFO - [2023-03-15T16:05:14.798+0000] {dag.py:2585} INFO - Sync 1 DAGs
[2023-03-15T16:05:14.815+0000] {logging_mixin.py:120} INFO - [2023-03-15T16:05:14.815+0000] {dag.py:3340} INFO - Setting next_dagrun for tutorial to 2023-03-14T16:05:14.815256+00:00, run_after=2023-03-15T16:05:14.815256+00:00
[2023-03-15T16:05:14.828+0000] {processor.py:176} INFO - Processing /home/airflow/.local/lib/python3.7/site-packages/airflow/example_dags/tutorial.py took 0.080 seconds
[2023-03-15T16:05:44.875+0000] {processor.py:154} INFO - Started process (PID=554) to work on /home/airflow/.local/lib/python3.7/site-packages/airflow/example_dags/tutorial.py
[2023-03-15T16:05:44.876+0000] {processor.py:756} INFO - Processing file /home/airflow/.local/lib/python3.7/site-packages/airflow/example_dags/tutorial.py for tasks to queue
[2023-03-15T16:05:44.877+0000] {logging_mixin.py:120} INFO - [2023-03-15T16:05:44.877+0000] {dagbag.py:537} INFO - Filling up the DagBag from /home/airflow/.local/lib/python3.7/site-packages/airflow/example_dags/tutorial.py
[2023-03-15T16:05:44.889+0000] {processor.py:766} INFO - DAG(s) dict_keys(['tutorial']) retrieved from /home/airflow/.local/lib/python3.7/site-packages/airflow/example_dags/tutorial.py
[2023-03-15T16:05:44.909+0000] {logging_mixin.py:120} INFO - [2023-03-15T16:05:44.909+0000] {dag.py:2585} INFO - Sync 1 DAGs
[2023-03-15T16:05:44.925+0000] {logging_mixin.py:120} INFO - [2023-03-15T16:05:44.925+0000] {dag.py:3340} INFO - Setting next_dagrun for tutorial to 2023-03-14T16:05:44.925258+00:00, run_after=2023-03-15T16:05:44.925258+00:00
[2023-03-15T16:05:44.938+0000] {processor.py:176} INFO - Processing /home/airflow/.local/lib/python3.7/site-packages/airflow/example_dags/tutorial.py took 0.065 seconds
[2023-03-15T16:06:15.448+0000] {processor.py:154} INFO - Started process (PID=618) to work on /home/airflow/.local/lib/python3.7/site-packages/airflow/example_dags/tutorial.py
[2023-03-15T16:06:15.449+0000] {processor.py:756} INFO - Processing file /home/airflow/.local/lib/python3.7/site-packages/airflow/example_dags/tutorial.py for tasks to queue
[2023-03-15T16:06:15.450+0000] {logging_mixin.py:120} INFO - [2023-03-15T16:06:15.450+0000] {dagbag.py:537} INFO - Filling up the DagBag from /home/airflow/.local/lib/python3.7/site-packages/airflow/example_dags/tutorial.py
[2023-03-15T16:06:15.461+0000] {processor.py:766} INFO - DAG(s) dict_keys(['tutorial']) retrieved from /home/airflow/.local/lib/python3.7/site-packages/airflow/example_dags/tutorial.py
[2023-03-15T16:06:15.490+0000] {logging_mixin.py:120} INFO - [2023-03-15T16:06:15.490+0000] {dag.py:2585} INFO - Sync 1 DAGs
[2023-03-15T16:06:15.505+0000] {logging_mixin.py:120} INFO - [2023-03-15T16:06:15.505+0000] {dag.py:3340} INFO - Setting next_dagrun for tutorial to 2023-03-14T16:06:15.505305+00:00, run_after=2023-03-15T16:06:15.505305+00:00
[2023-03-15T16:06:15.518+0000] {processor.py:176} INFO - Processing /home/airflow/.local/lib/python3.7/site-packages/airflow/example_dags/tutorial.py took 0.073 seconds
[2023-03-15T16:06:45.723+0000] {processor.py:154} INFO - Started process (PID=674) to work on /home/airflow/.local/lib/python3.7/site-packages/airflow/example_dags/tutorial.py
[2023-03-15T16:06:45.724+0000] {processor.py:756} INFO - Processing file /home/airflow/.local/lib/python3.7/site-packages/airflow/example_dags/tutorial.py for tasks to queue
[2023-03-15T16:06:45.725+0000] {logging_mixin.py:120} INFO - [2023-03-15T16:06:45.725+0000] {dagbag.py:537} INFO - Filling up the DagBag from /home/airflow/.local/lib/python3.7/site-packages/airflow/example_dags/tutorial.py
[2023-03-15T16:06:45.736+0000] {processor.py:766} INFO - DAG(s) dict_keys(['tutorial']) retrieved from /home/airflow/.local/lib/python3.7/site-packages/airflow/example_dags/tutorial.py
[2023-03-15T16:06:45.767+0000] {logging_mixin.py:120} INFO - [2023-03-15T16:06:45.767+0000] {dag.py:2585} INFO - Sync 1 DAGs
[2023-03-15T16:06:45.784+0000] {logging_mixin.py:120} INFO - [2023-03-15T16:06:45.784+0000] {dag.py:3340} INFO - Setting next_dagrun for tutorial to 2023-03-14T16:06:45.783974+00:00, run_after=2023-03-15T16:06:45.783974+00:00
[2023-03-15T16:06:45.796+0000] {processor.py:176} INFO - Processing /home/airflow/.local/lib/python3.7/site-packages/airflow/example_dags/tutorial.py took 0.076 seconds
[2023-03-15T16:07:16.195+0000] {processor.py:154} INFO - Started process (PID=740) to work on /home/airflow/.local/lib/python3.7/site-packages/airflow/example_dags/tutorial.py
[2023-03-15T16:07:16.196+0000] {processor.py:756} INFO - Processing file /home/airflow/.local/lib/python3.7/site-packages/airflow/example_dags/tutorial.py for tasks to queue
[2023-03-15T16:07:16.198+0000] {logging_mixin.py:120} INFO - [2023-03-15T16:07:16.197+0000] {dagbag.py:537} INFO - Filling up the DagBag from /home/airflow/.local/lib/python3.7/site-packages/airflow/example_dags/tutorial.py
[2023-03-15T16:07:16.208+0000] {processor.py:766} INFO - DAG(s) dict_keys(['tutorial']) retrieved from /home/airflow/.local/lib/python3.7/site-packages/airflow/example_dags/tutorial.py
[2023-03-15T16:07:16.238+0000] {logging_mixin.py:120} INFO - [2023-03-15T16:07:16.238+0000] {dag.py:2585} INFO - Sync 1 DAGs
[2023-03-15T16:07:16.254+0000] {logging_mixin.py:120} INFO - [2023-03-15T16:07:16.254+0000] {dag.py:3340} INFO - Setting next_dagrun for tutorial to 2023-03-14T16:07:16.254075+00:00, run_after=2023-03-15T16:07:16.254075+00:00
[2023-03-15T16:07:16.267+0000] {processor.py:176} INFO - Processing /home/airflow/.local/lib/python3.7/site-packages/airflow/example_dags/tutorial.py took 0.076 seconds
[2023-03-15T16:07:46.874+0000] {processor.py:154} INFO - Started process (PID=805) to work on /home/airflow/.local/lib/python3.7/site-packages/airflow/example_dags/tutorial.py
[2023-03-15T16:07:46.877+0000] {processor.py:756} INFO - Processing file /home/airflow/.local/lib/python3.7/site-packages/airflow/example_dags/tutorial.py for tasks to queue
[2023-03-15T16:07:46.880+0000] {logging_mixin.py:120} INFO - [2023-03-15T16:07:46.880+0000] {dagbag.py:537} INFO - Filling up the DagBag from /home/airflow/.local/lib/python3.7/site-packages/airflow/example_dags/tutorial.py
[2023-03-15T16:07:46.921+0000] {processor.py:766} INFO - DAG(s) dict_keys(['tutorial']) retrieved from /home/airflow/.local/lib/python3.7/site-packages/airflow/example_dags/tutorial.py
[2023-03-15T16:07:46.957+0000] {logging_mixin.py:120} INFO - [2023-03-15T16:07:46.957+0000] {dag.py:2585} INFO - Sync 1 DAGs
[2023-03-15T16:07:46.976+0000] {logging_mixin.py:120} INFO - [2023-03-15T16:07:46.976+0000] {dag.py:3340} INFO - Setting next_dagrun for tutorial to 2023-03-14T16:07:46.976376+00:00, run_after=2023-03-15T16:07:46.976376+00:00
[2023-03-15T16:07:46.997+0000] {processor.py:176} INFO - Processing /home/airflow/.local/lib/python3.7/site-packages/airflow/example_dags/tutorial.py took 0.127 seconds
[2023-03-15T16:08:18.023+0000] {processor.py:154} INFO - Started process (PID=878) to work on /home/airflow/.local/lib/python3.7/site-packages/airflow/example_dags/tutorial.py
[2023-03-15T16:08:18.027+0000] {processor.py:756} INFO - Processing file /home/airflow/.local/lib/python3.7/site-packages/airflow/example_dags/tutorial.py for tasks to queue
[2023-03-15T16:08:18.030+0000] {logging_mixin.py:120} INFO - [2023-03-15T16:08:18.029+0000] {dagbag.py:537} INFO - Filling up the DagBag from /home/airflow/.local/lib/python3.7/site-packages/airflow/example_dags/tutorial.py
[2023-03-15T16:08:18.082+0000] {processor.py:766} INFO - DAG(s) dict_keys(['tutorial']) retrieved from /home/airflow/.local/lib/python3.7/site-packages/airflow/example_dags/tutorial.py
[2023-03-15T16:08:18.301+0000] {logging_mixin.py:120} INFO - [2023-03-15T16:08:18.301+0000] {dag.py:2585} INFO - Sync 1 DAGs
[2023-03-15T16:08:18.351+0000] {logging_mixin.py:120} INFO - [2023-03-15T16:08:18.351+0000] {dag.py:3340} INFO - Setting next_dagrun for tutorial to 2023-03-14T16:08:18.350766+00:00, run_after=2023-03-15T16:08:18.350766+00:00
[2023-03-15T16:08:18.425+0000] {processor.py:176} INFO - Processing /home/airflow/.local/lib/python3.7/site-packages/airflow/example_dags/tutorial.py took 0.407 seconds
[2023-03-15T16:08:49.382+0000] {processor.py:154} INFO - Started process (PID=1016) to work on /home/airflow/.local/lib/python3.7/site-packages/airflow/example_dags/tutorial.py
[2023-03-15T16:08:49.391+0000] {processor.py:756} INFO - Processing file /home/airflow/.local/lib/python3.7/site-packages/airflow/example_dags/tutorial.py for tasks to queue
[2023-03-15T16:08:49.394+0000] {logging_mixin.py:120} INFO - [2023-03-15T16:08:49.393+0000] {dagbag.py:537} INFO - Filling up the DagBag from /home/airflow/.local/lib/python3.7/site-packages/airflow/example_dags/tutorial.py
[2023-03-15T16:08:49.441+0000] {processor.py:766} INFO - DAG(s) dict_keys(['tutorial']) retrieved from /home/airflow/.local/lib/python3.7/site-packages/airflow/example_dags/tutorial.py
[2023-03-15T16:08:49.550+0000] {logging_mixin.py:120} INFO - [2023-03-15T16:08:49.550+0000] {dag.py:2585} INFO - Sync 1 DAGs
[2023-03-15T16:08:49.605+0000] {logging_mixin.py:120} INFO - [2023-03-15T16:08:49.605+0000] {dag.py:3340} INFO - Setting next_dagrun for tutorial to 2023-03-14T16:08:49.605677+00:00, run_after=2023-03-15T16:08:49.605677+00:00
[2023-03-15T16:08:49.645+0000] {processor.py:176} INFO - Processing /home/airflow/.local/lib/python3.7/site-packages/airflow/example_dags/tutorial.py took 0.265 seconds
[2023-03-15T16:09:19.950+0000] {processor.py:154} INFO - Started process (PID=1212) to work on /home/airflow/.local/lib/python3.7/site-packages/airflow/example_dags/tutorial.py
[2023-03-15T16:09:19.953+0000] {processor.py:756} INFO - Processing file /home/airflow/.local/lib/python3.7/site-packages/airflow/example_dags/tutorial.py for tasks to queue
[2023-03-15T16:09:19.956+0000] {logging_mixin.py:120} INFO - [2023-03-15T16:09:19.956+0000] {dagbag.py:537} INFO - Filling up the DagBag from /home/airflow/.local/lib/python3.7/site-packages/airflow/example_dags/tutorial.py
[2023-03-15T16:09:19.983+0000] {processor.py:766} INFO - DAG(s) dict_keys(['tutorial']) retrieved from /home/airflow/.local/lib/python3.7/site-packages/airflow/example_dags/tutorial.py
[2023-03-15T16:09:20.067+0000] {logging_mixin.py:120} INFO - [2023-03-15T16:09:20.067+0000] {dag.py:2585} INFO - Sync 1 DAGs
[2023-03-15T16:09:20.099+0000] {logging_mixin.py:120} INFO - [2023-03-15T16:09:20.099+0000] {dag.py:3340} INFO - Setting next_dagrun for tutorial to 2023-03-14T16:09:20.099528+00:00, run_after=2023-03-15T16:09:20.099528+00:00
[2023-03-15T16:09:20.124+0000] {processor.py:176} INFO - Processing /home/airflow/.local/lib/python3.7/site-packages/airflow/example_dags/tutorial.py took 0.177 seconds
[2023-03-15T16:09:50.603+0000] {processor.py:154} INFO - Started process (PID=1419) to work on /home/airflow/.local/lib/python3.7/site-packages/airflow/example_dags/tutorial.py
[2023-03-15T16:09:50.606+0000] {processor.py:756} INFO - Processing file /home/airflow/.local/lib/python3.7/site-packages/airflow/example_dags/tutorial.py for tasks to queue
[2023-03-15T16:09:50.607+0000] {logging_mixin.py:120} INFO - [2023-03-15T16:09:50.607+0000] {dagbag.py:537} INFO - Filling up the DagBag from /home/airflow/.local/lib/python3.7/site-packages/airflow/example_dags/tutorial.py
[2023-03-15T16:09:50.628+0000] {processor.py:766} INFO - DAG(s) dict_keys(['tutorial']) retrieved from /home/airflow/.local/lib/python3.7/site-packages/airflow/example_dags/tutorial.py
[2023-03-15T16:09:50.697+0000] {logging_mixin.py:120} INFO - [2023-03-15T16:09:50.697+0000] {dag.py:2585} INFO - Sync 1 DAGs
[2023-03-15T16:09:50.730+0000] {logging_mixin.py:120} INFO - [2023-03-15T16:09:50.730+0000] {dag.py:3340} INFO - Setting next_dagrun for tutorial to 2023-03-14T16:09:50.729990+00:00, run_after=2023-03-15T16:09:50.729990+00:00
[2023-03-15T16:09:50.778+0000] {processor.py:176} INFO - Processing /home/airflow/.local/lib/python3.7/site-packages/airflow/example_dags/tutorial.py took 0.178 seconds
[2023-03-15T16:10:21.007+0000] {processor.py:154} INFO - Started process (PID=1635) to work on /home/airflow/.local/lib/python3.7/site-packages/airflow/example_dags/tutorial.py
[2023-03-15T16:10:21.008+0000] {processor.py:756} INFO - Processing file /home/airflow/.local/lib/python3.7/site-packages/airflow/example_dags/tutorial.py for tasks to queue
[2023-03-15T16:10:21.009+0000] {logging_mixin.py:120} INFO - [2023-03-15T16:10:21.009+0000] {dagbag.py:537} INFO - Filling up the DagBag from /home/airflow/.local/lib/python3.7/site-packages/airflow/example_dags/tutorial.py
[2023-03-15T16:10:21.020+0000] {processor.py:766} INFO - DAG(s) dict_keys(['tutorial']) retrieved from /home/airflow/.local/lib/python3.7/site-packages/airflow/example_dags/tutorial.py
[2023-03-15T16:10:21.050+0000] {logging_mixin.py:120} INFO - [2023-03-15T16:10:21.050+0000] {dag.py:2585} INFO - Sync 1 DAGs
[2023-03-15T16:10:21.066+0000] {logging_mixin.py:120} INFO - [2023-03-15T16:10:21.066+0000] {dag.py:3340} INFO - Setting next_dagrun for tutorial to 2023-03-14T16:10:21.066270+00:00, run_after=2023-03-15T16:10:21.066270+00:00
[2023-03-15T16:10:21.080+0000] {processor.py:176} INFO - Processing /home/airflow/.local/lib/python3.7/site-packages/airflow/example_dags/tutorial.py took 0.075 seconds
[2023-03-15T16:10:51.178+0000] {processor.py:154} INFO - Started process (PID=1870) to work on /home/airflow/.local/lib/python3.7/site-packages/airflow/example_dags/tutorial.py
[2023-03-15T16:10:51.182+0000] {processor.py:756} INFO - Processing file /home/airflow/.local/lib/python3.7/site-packages/airflow/example_dags/tutorial.py for tasks to queue
[2023-03-15T16:10:51.183+0000] {logging_mixin.py:120} INFO - [2023-03-15T16:10:51.183+0000] {dagbag.py:537} INFO - Filling up the DagBag from /home/airflow/.local/lib/python3.7/site-packages/airflow/example_dags/tutorial.py
[2023-03-15T16:10:51.204+0000] {processor.py:766} INFO - DAG(s) dict_keys(['tutorial']) retrieved from /home/airflow/.local/lib/python3.7/site-packages/airflow/example_dags/tutorial.py
[2023-03-15T16:10:51.268+0000] {logging_mixin.py:120} INFO - [2023-03-15T16:10:51.268+0000] {dag.py:2585} INFO - Sync 1 DAGs
[2023-03-15T16:10:51.294+0000] {logging_mixin.py:120} INFO - [2023-03-15T16:10:51.294+0000] {dag.py:3340} INFO - Setting next_dagrun for tutorial to 2023-03-14T16:10:51.293938+00:00, run_after=2023-03-15T16:10:51.293938+00:00
[2023-03-15T16:10:51.306+0000] {processor.py:176} INFO - Processing /home/airflow/.local/lib/python3.7/site-packages/airflow/example_dags/tutorial.py took 0.131 seconds
[2023-03-15T16:11:21.585+0000] {processor.py:154} INFO - Started process (PID=2084) to work on /home/airflow/.local/lib/python3.7/site-packages/airflow/example_dags/tutorial.py
[2023-03-15T16:11:21.596+0000] {processor.py:756} INFO - Processing file /home/airflow/.local/lib/python3.7/site-packages/airflow/example_dags/tutorial.py for tasks to queue
[2023-03-15T16:11:21.597+0000] {logging_mixin.py:120} INFO - [2023-03-15T16:11:21.596+0000] {dagbag.py:537} INFO - Filling up the DagBag from /home/airflow/.local/lib/python3.7/site-packages/airflow/example_dags/tutorial.py
[2023-03-15T16:11:21.621+0000] {processor.py:766} INFO - DAG(s) dict_keys(['tutorial']) retrieved from /home/airflow/.local/lib/python3.7/site-packages/airflow/example_dags/tutorial.py
[2023-03-15T16:11:21.714+0000] {logging_mixin.py:120} INFO - [2023-03-15T16:11:21.714+0000] {dag.py:2585} INFO - Sync 1 DAGs
[2023-03-15T16:11:21.754+0000] {logging_mixin.py:120} INFO - [2023-03-15T16:11:21.753+0000] {dag.py:3340} INFO - Setting next_dagrun for tutorial to 2023-03-14T16:11:21.753746+00:00, run_after=2023-03-15T16:11:21.753746+00:00
[2023-03-15T16:11:21.787+0000] {processor.py:176} INFO - Processing /home/airflow/.local/lib/python3.7/site-packages/airflow/example_dags/tutorial.py took 0.204 seconds
[2023-03-15T16:11:52.493+0000] {processor.py:154} INFO - Started process (PID=2296) to work on /home/airflow/.local/lib/python3.7/site-packages/airflow/example_dags/tutorial.py
[2023-03-15T16:11:52.494+0000] {processor.py:756} INFO - Processing file /home/airflow/.local/lib/python3.7/site-packages/airflow/example_dags/tutorial.py for tasks to queue
[2023-03-15T16:11:52.496+0000] {logging_mixin.py:120} INFO - [2023-03-15T16:11:52.496+0000] {dagbag.py:537} INFO - Filling up the DagBag from /home/airflow/.local/lib/python3.7/site-packages/airflow/example_dags/tutorial.py
[2023-03-15T16:11:52.512+0000] {processor.py:766} INFO - DAG(s) dict_keys(['tutorial']) retrieved from /home/airflow/.local/lib/python3.7/site-packages/airflow/example_dags/tutorial.py
[2023-03-15T16:11:52.560+0000] {logging_mixin.py:120} INFO - [2023-03-15T16:11:52.560+0000] {dag.py:2585} INFO - Sync 1 DAGs
[2023-03-15T16:11:52.584+0000] {logging_mixin.py:120} INFO - [2023-03-15T16:11:52.584+0000] {dag.py:3340} INFO - Setting next_dagrun for tutorial to 2023-03-14T16:11:52.584221+00:00, run_after=2023-03-15T16:11:52.584221+00:00
[2023-03-15T16:11:52.601+0000] {processor.py:176} INFO - Processing /home/airflow/.local/lib/python3.7/site-packages/airflow/example_dags/tutorial.py took 0.112 seconds
[2023-03-15T16:12:22.867+0000] {processor.py:154} INFO - Started process (PID=2502) to work on /home/airflow/.local/lib/python3.7/site-packages/airflow/example_dags/tutorial.py
[2023-03-15T16:12:22.868+0000] {processor.py:756} INFO - Processing file /home/airflow/.local/lib/python3.7/site-packages/airflow/example_dags/tutorial.py for tasks to queue
[2023-03-15T16:12:22.869+0000] {logging_mixin.py:120} INFO - [2023-03-15T16:12:22.869+0000] {dagbag.py:537} INFO - Filling up the DagBag from /home/airflow/.local/lib/python3.7/site-packages/airflow/example_dags/tutorial.py
[2023-03-15T16:12:22.891+0000] {processor.py:766} INFO - DAG(s) dict_keys(['tutorial']) retrieved from /home/airflow/.local/lib/python3.7/site-packages/airflow/example_dags/tutorial.py
[2023-03-15T16:12:22.954+0000] {logging_mixin.py:120} INFO - [2023-03-15T16:12:22.953+0000] {dag.py:2585} INFO - Sync 1 DAGs
[2023-03-15T16:12:22.973+0000] {logging_mixin.py:120} INFO - [2023-03-15T16:12:22.973+0000] {dag.py:3340} INFO - Setting next_dagrun for tutorial to 2023-03-14T16:12:22.972851+00:00, run_after=2023-03-15T16:12:22.972851+00:00
[2023-03-15T16:12:22.989+0000] {processor.py:176} INFO - Processing /home/airflow/.local/lib/python3.7/site-packages/airflow/example_dags/tutorial.py took 0.125 seconds
[2023-03-15T16:12:53.453+0000] {processor.py:154} INFO - Started process (PID=2711) to work on /home/airflow/.local/lib/python3.7/site-packages/airflow/example_dags/tutorial.py
[2023-03-15T16:12:53.456+0000] {processor.py:756} INFO - Processing file /home/airflow/.local/lib/python3.7/site-packages/airflow/example_dags/tutorial.py for tasks to queue
[2023-03-15T16:12:53.459+0000] {logging_mixin.py:120} INFO - [2023-03-15T16:12:53.459+0000] {dagbag.py:537} INFO - Filling up the DagBag from /home/airflow/.local/lib/python3.7/site-packages/airflow/example_dags/tutorial.py
[2023-03-15T16:12:53.482+0000] {processor.py:766} INFO - DAG(s) dict_keys(['tutorial']) retrieved from /home/airflow/.local/lib/python3.7/site-packages/airflow/example_dags/tutorial.py
[2023-03-15T16:12:53.541+0000] {logging_mixin.py:120} INFO - [2023-03-15T16:12:53.541+0000] {dag.py:2585} INFO - Sync 1 DAGs
[2023-03-15T16:12:53.590+0000] {logging_mixin.py:120} INFO - [2023-03-15T16:12:53.590+0000] {dag.py:3340} INFO - Setting next_dagrun for tutorial to 2023-03-14T16:12:53.590480+00:00, run_after=2023-03-15T16:12:53.590480+00:00
[2023-03-15T16:12:53.636+0000] {processor.py:176} INFO - Processing /home/airflow/.local/lib/python3.7/site-packages/airflow/example_dags/tutorial.py took 0.186 seconds
[2023-03-15T16:13:24.340+0000] {processor.py:154} INFO - Started process (PID=2872) to work on /home/airflow/.local/lib/python3.7/site-packages/airflow/example_dags/tutorial.py
[2023-03-15T16:13:24.341+0000] {processor.py:756} INFO - Processing file /home/airflow/.local/lib/python3.7/site-packages/airflow/example_dags/tutorial.py for tasks to queue
[2023-03-15T16:13:24.342+0000] {logging_mixin.py:120} INFO - [2023-03-15T16:13:24.342+0000] {dagbag.py:537} INFO - Filling up the DagBag from /home/airflow/.local/lib/python3.7/site-packages/airflow/example_dags/tutorial.py
[2023-03-15T16:13:24.353+0000] {processor.py:766} INFO - DAG(s) dict_keys(['tutorial']) retrieved from /home/airflow/.local/lib/python3.7/site-packages/airflow/example_dags/tutorial.py
[2023-03-15T16:13:24.383+0000] {logging_mixin.py:120} INFO - [2023-03-15T16:13:24.383+0000] {dag.py:2585} INFO - Sync 1 DAGs
[2023-03-15T16:13:24.399+0000] {logging_mixin.py:120} INFO - [2023-03-15T16:13:24.398+0000] {dag.py:3340} INFO - Setting next_dagrun for tutorial to 2023-03-14T16:13:24.398763+00:00, run_after=2023-03-15T16:13:24.398763+00:00
[2023-03-15T16:13:24.410+0000] {processor.py:176} INFO - Processing /home/airflow/.local/lib/python3.7/site-packages/airflow/example_dags/tutorial.py took 0.072 seconds
[2023-03-15T16:29:48.768+0000] {processor.py:154} INFO - Started process (PID=2914) to work on /home/airflow/.local/lib/python3.7/site-packages/airflow/example_dags/tutorial.py
[2023-03-15T16:29:48.770+0000] {processor.py:756} INFO - Processing file /home/airflow/.local/lib/python3.7/site-packages/airflow/example_dags/tutorial.py for tasks to queue
[2023-03-15T16:29:48.771+0000] {logging_mixin.py:120} INFO - [2023-03-15T16:29:48.771+0000] {dagbag.py:537} INFO - Filling up the DagBag from /home/airflow/.local/lib/python3.7/site-packages/airflow/example_dags/tutorial.py
[2023-03-15T16:29:48.785+0000] {processor.py:766} INFO - DAG(s) dict_keys(['tutorial']) retrieved from /home/airflow/.local/lib/python3.7/site-packages/airflow/example_dags/tutorial.py
[2023-03-15T16:29:48.821+0000] {logging_mixin.py:120} INFO - [2023-03-15T16:29:48.821+0000] {dag.py:2585} INFO - Sync 1 DAGs
[2023-03-15T16:29:48.837+0000] {logging_mixin.py:120} INFO - [2023-03-15T16:29:48.837+0000] {dag.py:3340} INFO - Setting next_dagrun for tutorial to 2023-03-14T16:29:48.837091+00:00, run_after=2023-03-15T16:29:48.837091+00:00
[2023-03-15T16:29:48.848+0000] {processor.py:176} INFO - Processing /home/airflow/.local/lib/python3.7/site-packages/airflow/example_dags/tutorial.py took 0.082 seconds
[2023-03-15T16:30:19.329+0000] {processor.py:154} INFO - Started process (PID=2979) to work on /home/airflow/.local/lib/python3.7/site-packages/airflow/example_dags/tutorial.py
[2023-03-15T16:30:19.331+0000] {processor.py:756} INFO - Processing file /home/airflow/.local/lib/python3.7/site-packages/airflow/example_dags/tutorial.py for tasks to queue
[2023-03-15T16:30:19.332+0000] {logging_mixin.py:120} INFO - [2023-03-15T16:30:19.332+0000] {dagbag.py:537} INFO - Filling up the DagBag from /home/airflow/.local/lib/python3.7/site-packages/airflow/example_dags/tutorial.py
[2023-03-15T16:30:19.342+0000] {processor.py:766} INFO - DAG(s) dict_keys(['tutorial']) retrieved from /home/airflow/.local/lib/python3.7/site-packages/airflow/example_dags/tutorial.py
[2023-03-15T16:30:19.370+0000] {logging_mixin.py:120} INFO - [2023-03-15T16:30:19.370+0000] {dag.py:2585} INFO - Sync 1 DAGs
[2023-03-15T16:30:19.384+0000] {logging_mixin.py:120} INFO - [2023-03-15T16:30:19.384+0000] {dag.py:3340} INFO - Setting next_dagrun for tutorial to 2023-03-14T16:30:19.384108+00:00, run_after=2023-03-15T16:30:19.384108+00:00
[2023-03-15T16:30:19.396+0000] {processor.py:176} INFO - Processing /home/airflow/.local/lib/python3.7/site-packages/airflow/example_dags/tutorial.py took 0.069 seconds
[2023-03-15T16:47:14.439+0000] {processor.py:154} INFO - Started process (PID=3035) to work on /home/airflow/.local/lib/python3.7/site-packages/airflow/example_dags/tutorial.py
[2023-03-15T16:47:14.441+0000] {processor.py:756} INFO - Processing file /home/airflow/.local/lib/python3.7/site-packages/airflow/example_dags/tutorial.py for tasks to queue
[2023-03-15T16:47:14.442+0000] {logging_mixin.py:120} INFO - [2023-03-15T16:47:14.442+0000] {dagbag.py:537} INFO - Filling up the DagBag from /home/airflow/.local/lib/python3.7/site-packages/airflow/example_dags/tutorial.py
[2023-03-15T16:47:14.457+0000] {processor.py:766} INFO - DAG(s) dict_keys(['tutorial']) retrieved from /home/airflow/.local/lib/python3.7/site-packages/airflow/example_dags/tutorial.py
[2023-03-15T16:47:14.503+0000] {logging_mixin.py:120} INFO - [2023-03-15T16:47:14.503+0000] {dag.py:2585} INFO - Sync 1 DAGs
[2023-03-15T16:47:14.526+0000] {logging_mixin.py:120} INFO - [2023-03-15T16:47:14.526+0000] {dag.py:3340} INFO - Setting next_dagrun for tutorial to 2023-03-14T16:47:14.526475+00:00, run_after=2023-03-15T16:47:14.526475+00:00
[2023-03-15T16:47:14.542+0000] {processor.py:176} INFO - Processing /home/airflow/.local/lib/python3.7/site-packages/airflow/example_dags/tutorial.py took 0.106 seconds
[2023-03-15T16:47:45.115+0000] {processor.py:154} INFO - Started process (PID=3100) to work on /home/airflow/.local/lib/python3.7/site-packages/airflow/example_dags/tutorial.py
[2023-03-15T16:47:45.116+0000] {processor.py:756} INFO - Processing file /home/airflow/.local/lib/python3.7/site-packages/airflow/example_dags/tutorial.py for tasks to queue
[2023-03-15T16:47:45.117+0000] {logging_mixin.py:120} INFO - [2023-03-15T16:47:45.117+0000] {dagbag.py:537} INFO - Filling up the DagBag from /home/airflow/.local/lib/python3.7/site-packages/airflow/example_dags/tutorial.py
[2023-03-15T16:47:45.127+0000] {processor.py:766} INFO - DAG(s) dict_keys(['tutorial']) retrieved from /home/airflow/.local/lib/python3.7/site-packages/airflow/example_dags/tutorial.py
[2023-03-15T16:47:45.159+0000] {logging_mixin.py:120} INFO - [2023-03-15T16:47:45.159+0000] {dag.py:2585} INFO - Sync 1 DAGs
[2023-03-15T16:47:45.175+0000] {logging_mixin.py:120} INFO - [2023-03-15T16:47:45.175+0000] {dag.py:3340} INFO - Setting next_dagrun for tutorial to 2023-03-14T16:47:45.175119+00:00, run_after=2023-03-15T16:47:45.175119+00:00
[2023-03-15T16:47:45.186+0000] {processor.py:176} INFO - Processing /home/airflow/.local/lib/python3.7/site-packages/airflow/example_dags/tutorial.py took 0.074 seconds
[2023-03-15T16:59:21.769+0000] {processor.py:154} INFO - Started process (PID=3165) to work on /home/airflow/.local/lib/python3.7/site-packages/airflow/example_dags/tutorial.py
[2023-03-15T16:59:21.771+0000] {processor.py:756} INFO - Processing file /home/airflow/.local/lib/python3.7/site-packages/airflow/example_dags/tutorial.py for tasks to queue
[2023-03-15T16:59:21.771+0000] {logging_mixin.py:120} INFO - [2023-03-15T16:59:21.771+0000] {dagbag.py:537} INFO - Filling up the DagBag from /home/airflow/.local/lib/python3.7/site-packages/airflow/example_dags/tutorial.py
[2023-03-15T16:59:21.791+0000] {processor.py:766} INFO - DAG(s) dict_keys(['tutorial']) retrieved from /home/airflow/.local/lib/python3.7/site-packages/airflow/example_dags/tutorial.py
[2023-03-15T16:59:21.848+0000] {logging_mixin.py:120} INFO - [2023-03-15T16:59:21.848+0000] {dag.py:2585} INFO - Sync 1 DAGs
[2023-03-15T16:59:21.865+0000] {logging_mixin.py:120} INFO - [2023-03-15T16:59:21.865+0000] {dag.py:3340} INFO - Setting next_dagrun for tutorial to 2023-03-14T16:59:21.864761+00:00, run_after=2023-03-15T16:59:21.864761+00:00
[2023-03-15T16:59:21.883+0000] {processor.py:176} INFO - Processing /home/airflow/.local/lib/python3.7/site-packages/airflow/example_dags/tutorial.py took 0.119 seconds
[2023-03-15T16:59:52.681+0000] {processor.py:154} INFO - Started process (PID=3230) to work on /home/airflow/.local/lib/python3.7/site-packages/airflow/example_dags/tutorial.py
[2023-03-15T16:59:52.682+0000] {processor.py:756} INFO - Processing file /home/airflow/.local/lib/python3.7/site-packages/airflow/example_dags/tutorial.py for tasks to queue
[2023-03-15T16:59:52.684+0000] {logging_mixin.py:120} INFO - [2023-03-15T16:59:52.683+0000] {dagbag.py:537} INFO - Filling up the DagBag from /home/airflow/.local/lib/python3.7/site-packages/airflow/example_dags/tutorial.py
[2023-03-15T16:59:52.695+0000] {processor.py:766} INFO - DAG(s) dict_keys(['tutorial']) retrieved from /home/airflow/.local/lib/python3.7/site-packages/airflow/example_dags/tutorial.py
[2023-03-15T16:59:52.724+0000] {logging_mixin.py:120} INFO - [2023-03-15T16:59:52.724+0000] {dag.py:2585} INFO - Sync 1 DAGs
[2023-03-15T16:59:52.739+0000] {logging_mixin.py:120} INFO - [2023-03-15T16:59:52.739+0000] {dag.py:3340} INFO - Setting next_dagrun for tutorial to 2023-03-14T16:59:52.738909+00:00, run_after=2023-03-15T16:59:52.738909+00:00
[2023-03-15T16:59:52.750+0000] {processor.py:176} INFO - Processing /home/airflow/.local/lib/python3.7/site-packages/airflow/example_dags/tutorial.py took 0.072 seconds
[2023-03-15T17:00:23.359+0000] {processor.py:154} INFO - Started process (PID=3294) to work on /home/airflow/.local/lib/python3.7/site-packages/airflow/example_dags/tutorial.py
[2023-03-15T17:00:23.360+0000] {processor.py:756} INFO - Processing file /home/airflow/.local/lib/python3.7/site-packages/airflow/example_dags/tutorial.py for tasks to queue
[2023-03-15T17:00:23.361+0000] {logging_mixin.py:120} INFO - [2023-03-15T17:00:23.361+0000] {dagbag.py:537} INFO - Filling up the DagBag from /home/airflow/.local/lib/python3.7/site-packages/airflow/example_dags/tutorial.py
[2023-03-15T17:00:23.373+0000] {processor.py:766} INFO - DAG(s) dict_keys(['tutorial']) retrieved from /home/airflow/.local/lib/python3.7/site-packages/airflow/example_dags/tutorial.py
[2023-03-15T17:00:23.407+0000] {logging_mixin.py:120} INFO - [2023-03-15T17:00:23.407+0000] {dag.py:2585} INFO - Sync 1 DAGs
[2023-03-15T17:00:23.424+0000] {logging_mixin.py:120} INFO - [2023-03-15T17:00:23.424+0000] {dag.py:3340} INFO - Setting next_dagrun for tutorial to 2023-03-14T17:00:23.424600+00:00, run_after=2023-03-15T17:00:23.424600+00:00
[2023-03-15T17:00:23.438+0000] {processor.py:176} INFO - Processing /home/airflow/.local/lib/python3.7/site-packages/airflow/example_dags/tutorial.py took 0.083 seconds
[2023-03-15T17:00:53.835+0000] {processor.py:154} INFO - Started process (PID=3359) to work on /home/airflow/.local/lib/python3.7/site-packages/airflow/example_dags/tutorial.py
[2023-03-15T17:00:53.839+0000] {processor.py:756} INFO - Processing file /home/airflow/.local/lib/python3.7/site-packages/airflow/example_dags/tutorial.py for tasks to queue
[2023-03-15T17:00:53.842+0000] {logging_mixin.py:120} INFO - [2023-03-15T17:00:53.842+0000] {dagbag.py:537} INFO - Filling up the DagBag from /home/airflow/.local/lib/python3.7/site-packages/airflow/example_dags/tutorial.py
[2023-03-15T17:00:53.854+0000] {processor.py:766} INFO - DAG(s) dict_keys(['tutorial']) retrieved from /home/airflow/.local/lib/python3.7/site-packages/airflow/example_dags/tutorial.py
[2023-03-15T17:00:53.887+0000] {logging_mixin.py:120} INFO - [2023-03-15T17:00:53.887+0000] {dag.py:2585} INFO - Sync 1 DAGs
[2023-03-15T17:00:53.902+0000] {logging_mixin.py:120} INFO - [2023-03-15T17:00:53.902+0000] {dag.py:3340} INFO - Setting next_dagrun for tutorial to 2023-03-14T17:00:53.902703+00:00, run_after=2023-03-15T17:00:53.902703+00:00
[2023-03-15T17:00:53.914+0000] {processor.py:176} INFO - Processing /home/airflow/.local/lib/python3.7/site-packages/airflow/example_dags/tutorial.py took 0.082 seconds
[2023-03-15T17:01:24.273+0000] {processor.py:154} INFO - Started process (PID=3415) to work on /home/airflow/.local/lib/python3.7/site-packages/airflow/example_dags/tutorial.py
[2023-03-15T17:01:24.275+0000] {processor.py:756} INFO - Processing file /home/airflow/.local/lib/python3.7/site-packages/airflow/example_dags/tutorial.py for tasks to queue
[2023-03-15T17:01:24.276+0000] {logging_mixin.py:120} INFO - [2023-03-15T17:01:24.275+0000] {dagbag.py:537} INFO - Filling up the DagBag from /home/airflow/.local/lib/python3.7/site-packages/airflow/example_dags/tutorial.py
[2023-03-15T17:01:24.287+0000] {processor.py:766} INFO - DAG(s) dict_keys(['tutorial']) retrieved from /home/airflow/.local/lib/python3.7/site-packages/airflow/example_dags/tutorial.py
[2023-03-15T17:01:24.319+0000] {logging_mixin.py:120} INFO - [2023-03-15T17:01:24.319+0000] {dag.py:2585} INFO - Sync 1 DAGs
[2023-03-15T17:01:24.335+0000] {logging_mixin.py:120} INFO - [2023-03-15T17:01:24.335+0000] {dag.py:3340} INFO - Setting next_dagrun for tutorial to 2023-03-14T17:01:24.334962+00:00, run_after=2023-03-15T17:01:24.334962+00:00
[2023-03-15T17:01:24.347+0000] {processor.py:176} INFO - Processing /home/airflow/.local/lib/python3.7/site-packages/airflow/example_dags/tutorial.py took 0.077 seconds
[2023-03-15T17:01:54.725+0000] {processor.py:154} INFO - Started process (PID=3480) to work on /home/airflow/.local/lib/python3.7/site-packages/airflow/example_dags/tutorial.py
[2023-03-15T17:01:54.727+0000] {processor.py:756} INFO - Processing file /home/airflow/.local/lib/python3.7/site-packages/airflow/example_dags/tutorial.py for tasks to queue
[2023-03-15T17:01:54.728+0000] {logging_mixin.py:120} INFO - [2023-03-15T17:01:54.727+0000] {dagbag.py:537} INFO - Filling up the DagBag from /home/airflow/.local/lib/python3.7/site-packages/airflow/example_dags/tutorial.py
[2023-03-15T17:01:54.739+0000] {processor.py:766} INFO - DAG(s) dict_keys(['tutorial']) retrieved from /home/airflow/.local/lib/python3.7/site-packages/airflow/example_dags/tutorial.py
[2023-03-15T17:01:54.769+0000] {logging_mixin.py:120} INFO - [2023-03-15T17:01:54.769+0000] {dag.py:2585} INFO - Sync 1 DAGs
[2023-03-15T17:01:54.785+0000] {logging_mixin.py:120} INFO - [2023-03-15T17:01:54.785+0000] {dag.py:3340} INFO - Setting next_dagrun for tutorial to 2023-03-14T17:01:54.785048+00:00, run_after=2023-03-15T17:01:54.785048+00:00
[2023-03-15T17:01:54.796+0000] {processor.py:176} INFO - Processing /home/airflow/.local/lib/python3.7/site-packages/airflow/example_dags/tutorial.py took 0.073 seconds
[2023-03-15T17:02:25.123+0000] {processor.py:154} INFO - Started process (PID=3545) to work on /home/airflow/.local/lib/python3.7/site-packages/airflow/example_dags/tutorial.py
[2023-03-15T17:02:25.124+0000] {processor.py:756} INFO - Processing file /home/airflow/.local/lib/python3.7/site-packages/airflow/example_dags/tutorial.py for tasks to queue
[2023-03-15T17:02:25.125+0000] {logging_mixin.py:120} INFO - [2023-03-15T17:02:25.125+0000] {dagbag.py:537} INFO - Filling up the DagBag from /home/airflow/.local/lib/python3.7/site-packages/airflow/example_dags/tutorial.py
[2023-03-15T17:02:25.136+0000] {processor.py:766} INFO - DAG(s) dict_keys(['tutorial']) retrieved from /home/airflow/.local/lib/python3.7/site-packages/airflow/example_dags/tutorial.py
[2023-03-15T17:02:25.167+0000] {logging_mixin.py:120} INFO - [2023-03-15T17:02:25.167+0000] {dag.py:2585} INFO - Sync 1 DAGs
[2023-03-15T17:02:25.186+0000] {logging_mixin.py:120} INFO - [2023-03-15T17:02:25.186+0000] {dag.py:3340} INFO - Setting next_dagrun for tutorial to 2023-03-14T17:02:25.186143+00:00, run_after=2023-03-15T17:02:25.186143+00:00
[2023-03-15T17:02:25.199+0000] {processor.py:176} INFO - Processing /home/airflow/.local/lib/python3.7/site-packages/airflow/example_dags/tutorial.py took 0.079 seconds
[2023-03-15T17:02:55.565+0000] {processor.py:154} INFO - Started process (PID=3610) to work on /home/airflow/.local/lib/python3.7/site-packages/airflow/example_dags/tutorial.py
[2023-03-15T17:02:55.566+0000] {processor.py:756} INFO - Processing file /home/airflow/.local/lib/python3.7/site-packages/airflow/example_dags/tutorial.py for tasks to queue
[2023-03-15T17:02:55.567+0000] {logging_mixin.py:120} INFO - [2023-03-15T17:02:55.566+0000] {dagbag.py:537} INFO - Filling up the DagBag from /home/airflow/.local/lib/python3.7/site-packages/airflow/example_dags/tutorial.py
[2023-03-15T17:02:55.577+0000] {processor.py:766} INFO - DAG(s) dict_keys(['tutorial']) retrieved from /home/airflow/.local/lib/python3.7/site-packages/airflow/example_dags/tutorial.py
[2023-03-15T17:02:55.610+0000] {logging_mixin.py:120} INFO - [2023-03-15T17:02:55.610+0000] {dag.py:2585} INFO - Sync 1 DAGs
[2023-03-15T17:02:55.625+0000] {logging_mixin.py:120} INFO - [2023-03-15T17:02:55.625+0000] {dag.py:3340} INFO - Setting next_dagrun for tutorial to 2023-03-14T17:02:55.625305+00:00, run_after=2023-03-15T17:02:55.625305+00:00
[2023-03-15T17:02:55.637+0000] {processor.py:176} INFO - Processing /home/airflow/.local/lib/python3.7/site-packages/airflow/example_dags/tutorial.py took 0.075 seconds
[2023-03-15T17:03:26.103+0000] {processor.py:154} INFO - Started process (PID=3675) to work on /home/airflow/.local/lib/python3.7/site-packages/airflow/example_dags/tutorial.py
[2023-03-15T17:03:26.105+0000] {processor.py:756} INFO - Processing file /home/airflow/.local/lib/python3.7/site-packages/airflow/example_dags/tutorial.py for tasks to queue
[2023-03-15T17:03:26.106+0000] {logging_mixin.py:120} INFO - [2023-03-15T17:03:26.105+0000] {dagbag.py:537} INFO - Filling up the DagBag from /home/airflow/.local/lib/python3.7/site-packages/airflow/example_dags/tutorial.py
[2023-03-15T17:03:26.118+0000] {processor.py:766} INFO - DAG(s) dict_keys(['tutorial']) retrieved from /home/airflow/.local/lib/python3.7/site-packages/airflow/example_dags/tutorial.py
[2023-03-15T17:03:26.148+0000] {logging_mixin.py:120} INFO - [2023-03-15T17:03:26.148+0000] {dag.py:2585} INFO - Sync 1 DAGs
[2023-03-15T17:03:26.163+0000] {logging_mixin.py:120} INFO - [2023-03-15T17:03:26.163+0000] {dag.py:3340} INFO - Setting next_dagrun for tutorial to 2023-03-14T17:03:26.163230+00:00, run_after=2023-03-15T17:03:26.163230+00:00
[2023-03-15T17:03:26.176+0000] {processor.py:176} INFO - Processing /home/airflow/.local/lib/python3.7/site-packages/airflow/example_dags/tutorial.py took 0.076 seconds
[2023-03-15T17:03:56.535+0000] {processor.py:154} INFO - Started process (PID=3739) to work on /home/airflow/.local/lib/python3.7/site-packages/airflow/example_dags/tutorial.py
[2023-03-15T17:03:56.537+0000] {processor.py:756} INFO - Processing file /home/airflow/.local/lib/python3.7/site-packages/airflow/example_dags/tutorial.py for tasks to queue
[2023-03-15T17:03:56.538+0000] {logging_mixin.py:120} INFO - [2023-03-15T17:03:56.538+0000] {dagbag.py:537} INFO - Filling up the DagBag from /home/airflow/.local/lib/python3.7/site-packages/airflow/example_dags/tutorial.py
[2023-03-15T17:03:56.549+0000] {processor.py:766} INFO - DAG(s) dict_keys(['tutorial']) retrieved from /home/airflow/.local/lib/python3.7/site-packages/airflow/example_dags/tutorial.py
[2023-03-15T17:03:56.580+0000] {logging_mixin.py:120} INFO - [2023-03-15T17:03:56.580+0000] {dag.py:2585} INFO - Sync 1 DAGs
[2023-03-15T17:03:56.595+0000] {logging_mixin.py:120} INFO - [2023-03-15T17:03:56.595+0000] {dag.py:3340} INFO - Setting next_dagrun for tutorial to 2023-03-14T17:03:56.595334+00:00, run_after=2023-03-15T17:03:56.595334+00:00
[2023-03-15T17:03:56.607+0000] {processor.py:176} INFO - Processing /home/airflow/.local/lib/python3.7/site-packages/airflow/example_dags/tutorial.py took 0.074 seconds
